Timestamp = Sun Apr  5 21:27:41 2015

Importing metadata from CSV files...
Imported 68 BDN cases
Imported 48 BFit cases
Performing BFit with BDN case 137i07 and BFit case 137i07_12

BFit started. Timer = 0.07 sec.

~~~~~~~~~~~~~~~~~~~~~~~~~~~~~~~~~~~~~~~~~~~~~~~~~~~~~~~~~~~~~~~~~~~~~
BETA SINGLES MODEL
~~~~~~~~~~~~~~~~~~~~~~~~~~~~~~~~~~~~~~~~~~~~~~~~~~~~~~~~~~~~~~~~~~~~~
Case: 137i07
File: /music/bpt1/bpt/bdn/shane/137i/rootfiles/137i07.root
Histogram: h_betas_vs_cycle_time
Total cycle time	=    246.000 s
Background time		=    101.000 s
Capture cycle time	=      6.000 s
Last capture time	=      1.000 s
137-Te halflife		=      2.490 s  (lifetime      3.592 s)
137-I halflife		=     24.500 s  (lifetime     35.346 s)
137-Xe halflife		=    229.080 s  (lifetime    330.493 s)
~~~~~~~~~~~~~~~~~~~~~~~~~~~~~~~~~~~~~~~~~~~~~~~~~~~~~~~~~~~~~~~~~~~~~
HISTOGRAM REBINNED
   Number of hist bins = 984
   Number of fn points = 246000
   Number of pts/bin   = 250
~~~~~~~~~~~~~~~~~~~~~~~~~~~~~~~~~~~~~~~~~~~~~~~~~~~~~~~~~~~~~~~~~~~~~
Doing fit with option string: QROMES
~~~~~~~~~~~~~~~~~~~~~~~~~~~~~~~~~~~~~~~~~~~~~~~~~~~~~~~~~~~~~~~~~~~~~
PARAMETER SEED VALUES
~~~~~~~~~~~~~~~~~~~~~~~~~~~~~~~~~~~~~~~~~~~~~~~~~~~~~~~~~~~~~~~~~~~~~
      Par name  Varying?	Par init val and step
~~~~~~~~~~~~~~~~~~~~~~~~~~~~~~~~~~~~~~~~~~~~~~~~~~~~~~~~~~~~~~~~~~~~~
       # Cyc's         0	525 +/- 0.01
     Bin width         0	250 +/- 0.01
       DC rate         1	7.359 +/- 0.1
        Rate 1         1	103.9 +/- 0.5
        Rate 2         1	789.6 +/- 0.5
        Rate 3         0	0 +/- 0.0005
      Capt eff         1	0.496 +/- 0.01
      Capt ret         1	1 +/- 0.01
         T eff         0	0.13 +/- 0.01
         U eff         0	0.035 +/- 0.001
         V eff         1	1.45 +/- 0.02
         W eff         0	0 +/- 0.001
         X eff         0	1 +/- 0.02
         Y eff         0	0 +/- 0.001
         Z eff         1	0.84 +/- 0.03
       T1 loss         0	0 +/- 0.005
       T2 loss         0	0.03 +/- 0.001
       T3 loss         0	0 +/- 0.005
       U1 loss         0	2e-10 +/- 0.005
       U2 loss         0	2e-10 +/- 0.005
       U3 loss         0	10000 +/- 0.01
~~~~~~~~~~~~~~~~~~~~~~~~~~~~~~~~~~~~~~~~~~~~~~~~~~~~~~~~~~~~~~~~~~~~~

Ini pars (   0): DC=7.3590e+00 r1=1.0390e+02 r2=7.8960e+02 p=4.9600e-01 rho=1.0000e+00 epsV=1.4500e+00 epsZ=8.4000e-01 
New pars (   1): DC=7.3605e+00 r1=1.0390e+02 r2=7.8960e+02 p=4.9600e-01 rho=1.0000e+00 epsV=1.4500e+00 epsZ=8.4000e-01 
New pars (   2): DC=7.3575e+00 r1=1.0390e+02 r2=7.8960e+02 p=4.9600e-01 rho=1.0000e+00 epsV=1.4500e+00 epsZ=8.4000e-01 
New pars (   3): DC=7.3592e+00 r1=1.0390e+02 r2=7.8960e+02 p=4.9600e-01 rho=1.0000e+00 epsV=1.4500e+00 epsZ=8.4000e-01 
New pars (   4): DC=7.3588e+00 r1=1.0390e+02 r2=7.8960e+02 p=4.9600e-01 rho=1.0000e+00 epsV=1.4500e+00 epsZ=8.4000e-01 
New pars (   5): DC=7.3590e+00 r1=1.0391e+02 r2=7.8960e+02 p=4.9600e-01 rho=1.0000e+00 epsV=1.4500e+00 epsZ=8.4000e-01 
New pars (   6): DC=7.3590e+00 r1=1.0389e+02 r2=7.8960e+02 p=4.9600e-01 rho=1.0000e+00 epsV=1.4500e+00 epsZ=8.4000e-01 
New pars (   7): DC=7.3590e+00 r1=1.0390e+02 r2=7.8960e+02 p=4.9600e-01 rho=1.0000e+00 epsV=1.4500e+00 epsZ=8.4000e-01 
New pars (   8): DC=7.3590e+00 r1=1.0390e+02 r2=7.8960e+02 p=4.9600e-01 rho=1.0000e+00 epsV=1.4500e+00 epsZ=8.4000e-01 
New pars (   9): DC=7.3590e+00 r1=1.0390e+02 r2=7.8961e+02 p=4.9600e-01 rho=1.0000e+00 epsV=1.4500e+00 epsZ=8.4000e-01 
New pars (  10): DC=7.3590e+00 r1=1.0390e+02 r2=7.8959e+02 p=4.9600e-01 rho=1.0000e+00 epsV=1.4500e+00 epsZ=8.4000e-01 
New pars (  11): DC=7.3590e+00 r1=1.0390e+02 r2=7.8961e+02 p=4.9600e-01 rho=1.0000e+00 epsV=1.4500e+00 epsZ=8.4000e-01 
New pars (  12): DC=7.3590e+00 r1=1.0390e+02 r2=7.8959e+02 p=4.9600e-01 rho=1.0000e+00 epsV=1.4500e+00 epsZ=8.4000e-01 
New pars (  13): DC=7.3590e+00 r1=1.0390e+02 r2=7.8960e+02 p=4.9615e-01 rho=1.0000e+00 epsV=1.4500e+00 epsZ=8.4000e-01 
New pars (  14): DC=7.3590e+00 r1=1.0390e+02 r2=7.8960e+02 p=4.9585e-01 rho=1.0000e+00 epsV=1.4500e+00 epsZ=8.4000e-01 
New pars (  15): DC=7.3590e+00 r1=1.0390e+02 r2=7.8960e+02 p=4.9602e-01 rho=1.0000e+00 epsV=1.4500e+00 epsZ=8.4000e-01 
New pars (  16): DC=7.3590e+00 r1=1.0390e+02 r2=7.8960e+02 p=4.9598e-01 rho=1.0000e+00 epsV=1.4500e+00 epsZ=8.4000e-01 
New pars (  17): DC=7.3590e+00 r1=1.0390e+02 r2=7.8960e+02 p=4.9600e-01 rho=1.0002e+00 epsV=1.4500e+00 epsZ=8.4000e-01 
New pars (  18): DC=7.3590e+00 r1=1.0390e+02 r2=7.8960e+02 p=4.9600e-01 rho=9.9985e-01 epsV=1.4500e+00 epsZ=8.4000e-01 
New pars (  19): DC=7.3590e+00 r1=1.0390e+02 r2=7.8960e+02 p=4.9600e-01 rho=1.0000e+00 epsV=1.4500e+00 epsZ=8.4000e-01 
New pars (  20): DC=7.3590e+00 r1=1.0390e+02 r2=7.8960e+02 p=4.9600e-01 rho=9.9998e-01 epsV=1.4500e+00 epsZ=8.4000e-01 
New pars (  21): DC=7.3590e+00 r1=1.0390e+02 r2=7.8960e+02 p=4.9600e-01 rho=1.0000e+00 epsV=1.4503e+00 epsZ=8.4000e-01 
New pars (  22): DC=7.3684e+00 r1=1.0408e+02 r2=7.8985e+02 p=4.9640e-01 rho=1.0005e+00 epsV=1.4509e+00 epsZ=8.4202e-01 
New pars (  23): DC=7.3622e+00 r1=1.0396e+02 r2=7.8968e+02 p=4.9614e-01 rho=1.0002e+00 epsV=1.4503e+00 epsZ=8.4069e-01 
New pars (  24): DC=7.3624e+00 r1=1.0396e+02 r2=7.8968e+02 p=4.9614e-01 rho=1.0002e+00 epsV=1.4503e+00 epsZ=8.4069e-01 
New pars (  25): DC=7.3620e+00 r1=1.0396e+02 r2=7.8968e+02 p=4.9614e-01 rho=1.0002e+00 epsV=1.4503e+00 epsZ=8.4069e-01 
New pars (  26): DC=7.3622e+00 r1=1.0397e+02 r2=7.8968e+02 p=4.9614e-01 rho=1.0002e+00 epsV=1.4503e+00 epsZ=8.4069e-01 
New pars (  27): DC=7.3622e+00 r1=1.0396e+02 r2=7.8968e+02 p=4.9614e-01 rho=1.0002e+00 epsV=1.4503e+00 epsZ=8.4069e-01 
New pars (  28): DC=7.3622e+00 r1=1.0396e+02 r2=7.8969e+02 p=4.9614e-01 rho=1.0002e+00 epsV=1.4503e+00 epsZ=8.4069e-01 
New pars (  29): DC=7.3622e+00 r1=1.0396e+02 r2=7.8968e+02 p=4.9614e-01 rho=1.0002e+00 epsV=1.4503e+00 epsZ=8.4069e-01 
New pars (  30): DC=7.3622e+00 r1=1.0396e+02 r2=7.8969e+02 p=4.9614e-01 rho=1.0002e+00 epsV=1.4503e+00 epsZ=8.4069e-01 
New pars (  31): DC=7.3622e+00 r1=1.0396e+02 r2=7.8968e+02 p=4.9614e-01 rho=1.0002e+00 epsV=1.4503e+00 epsZ=8.4069e-01 
New pars (  32): DC=7.3622e+00 r1=1.0396e+02 r2=7.8968e+02 p=4.9615e-01 rho=1.0002e+00 epsV=1.4503e+00 epsZ=8.4069e-01 
New pars (  33): DC=7.3622e+00 r1=1.0396e+02 r2=7.8968e+02 p=4.9613e-01 rho=1.0002e+00 epsV=1.4503e+00 epsZ=8.4069e-01 
New pars (  34): DC=7.3622e+00 r1=1.0396e+02 r2=7.8968e+02 p=4.9614e-01 rho=1.0002e+00 epsV=1.4503e+00 epsZ=8.4069e-01 
New pars (  35): DC=7.3622e+00 r1=1.0396e+02 r2=7.8968e+02 p=4.9614e-01 rho=1.0002e+00 epsV=1.4503e+00 epsZ=8.4069e-01 
New pars (  36): DC=7.3622e+00 r1=1.0396e+02 r2=7.8968e+02 p=4.9614e-01 rho=1.0002e+00 epsV=1.4503e+00 epsZ=8.4069e-01 
New pars (  37): DC=7.3615e+00 r1=1.0396e+02 r2=7.8968e+02 p=4.9612e-01 rho=1.0002e+00 epsV=1.4503e+00 epsZ=8.4072e-01 
New pars (  38): DC=7.3584e+00 r1=1.0393e+02 r2=7.8968e+02 p=4.9606e-01 rho=1.0003e+00 epsV=1.4503e+00 epsZ=8.4084e-01 
New pars (  39): DC=7.3577e+00 r1=1.0393e+02 r2=7.8968e+02 p=4.9604e-01 rho=1.0004e+00 epsV=1.4503e+00 epsZ=8.4087e-01 
New pars (  40): DC=7.3579e+00 r1=1.0393e+02 r2=7.8968e+02 p=4.9604e-01 rho=1.0004e+00 epsV=1.4503e+00 epsZ=8.4087e-01 
New pars (  41): DC=7.3575e+00 r1=1.0393e+02 r2=7.8968e+02 p=4.9604e-01 rho=1.0004e+00 epsV=1.4503e+00 epsZ=8.4087e-01 
New pars (  42): DC=7.3577e+00 r1=1.0393e+02 r2=7.8968e+02 p=4.9604e-01 rho=1.0004e+00 epsV=1.4503e+00 epsZ=8.4087e-01 
New pars (  43): DC=7.3577e+00 r1=1.0392e+02 r2=7.8968e+02 p=4.9604e-01 rho=1.0004e+00 epsV=1.4503e+00 epsZ=8.4087e-01 
New pars (  44): DC=7.3577e+00 r1=1.0393e+02 r2=7.8969e+02 p=4.9604e-01 rho=1.0004e+00 epsV=1.4503e+00 epsZ=8.4087e-01 
New pars (  45): DC=7.3577e+00 r1=1.0393e+02 r2=7.8967e+02 p=4.9604e-01 rho=1.0004e+00 epsV=1.4503e+00 epsZ=8.4087e-01 
New pars (  46): DC=7.3577e+00 r1=1.0393e+02 r2=7.8968e+02 p=4.9605e-01 rho=1.0004e+00 epsV=1.4503e+00 epsZ=8.4087e-01 
New pars (  47): DC=7.3577e+00 r1=1.0393e+02 r2=7.8968e+02 p=4.9603e-01 rho=1.0004e+00 epsV=1.4503e+00 epsZ=8.4087e-01 
New pars (  48): DC=7.3577e+00 r1=1.0393e+02 r2=7.8968e+02 p=4.9604e-01 rho=1.0004e+00 epsV=1.4503e+00 epsZ=8.4087e-01 
New pars (  49): DC=7.3577e+00 r1=1.0393e+02 r2=7.8968e+02 p=4.9604e-01 rho=1.0004e+00 epsV=1.4503e+00 epsZ=8.4087e-01 
New pars (  50): DC=7.3577e+00 r1=1.0393e+02 r2=7.8968e+02 p=4.9604e-01 rho=1.0004e+00 epsV=1.4503e+00 epsZ=8.4087e-01 
New pars (  51): DC=7.3579e+00 r1=1.0391e+02 r2=7.8967e+02 p=4.9598e-01 rho=1.0004e+00 epsV=1.4503e+00 epsZ=8.4090e-01 
New pars (  52): DC=7.3583e+00 r1=1.0389e+02 r2=7.8966e+02 p=4.9587e-01 rho=1.0005e+00 epsV=1.4503e+00 epsZ=8.4095e-01 
New pars (  53): DC=7.3586e+00 r1=1.0389e+02 r2=7.8966e+02 p=4.9587e-01 rho=1.0005e+00 epsV=1.4503e+00 epsZ=8.4095e-01 
New pars (  54): DC=7.3581e+00 r1=1.0389e+02 r2=7.8966e+02 p=4.9587e-01 rho=1.0005e+00 epsV=1.4503e+00 epsZ=8.4095e-01 
New pars (  55): DC=7.3583e+00 r1=1.0390e+02 r2=7.8966e+02 p=4.9587e-01 rho=1.0005e+00 epsV=1.4503e+00 epsZ=8.4095e-01 
New pars (  56): DC=7.3583e+00 r1=1.0389e+02 r2=7.8966e+02 p=4.9587e-01 rho=1.0005e+00 epsV=1.4503e+00 epsZ=8.4095e-01 
New pars (  57): DC=7.3583e+00 r1=1.0389e+02 r2=7.8967e+02 p=4.9587e-01 rho=1.0005e+00 epsV=1.4503e+00 epsZ=8.4095e-01 
New pars (  58): DC=7.3583e+00 r1=1.0389e+02 r2=7.8965e+02 p=4.9587e-01 rho=1.0005e+00 epsV=1.4503e+00 epsZ=8.4095e-01 
New pars (  59): DC=7.3583e+00 r1=1.0389e+02 r2=7.8966e+02 p=4.9588e-01 rho=1.0005e+00 epsV=1.4503e+00 epsZ=8.4095e-01 
New pars (  60): DC=7.3583e+00 r1=1.0389e+02 r2=7.8966e+02 p=4.9586e-01 rho=1.0005e+00 epsV=1.4503e+00 epsZ=8.4095e-01 
New pars (  61): DC=7.3583e+00 r1=1.0389e+02 r2=7.8966e+02 p=4.9587e-01 rho=1.0005e+00 epsV=1.4503e+00 epsZ=8.4095e-01 
New pars (  62): DC=7.3583e+00 r1=1.0389e+02 r2=7.8966e+02 p=4.9587e-01 rho=1.0005e+00 epsV=1.4503e+00 epsZ=8.4095e-01 
New pars (  63): DC=7.3583e+00 r1=1.0389e+02 r2=7.8966e+02 p=4.9587e-01 rho=1.0005e+00 epsV=1.4504e+00 epsZ=8.4095e-01 
New pars (  64): DC=7.3586e+00 r1=1.0389e+02 r2=7.8965e+02 p=4.9586e-01 rho=1.0005e+00 epsV=1.4503e+00 epsZ=8.4085e-01 
New pars (  65): DC=7.3595e+00 r1=1.0389e+02 r2=7.8962e+02 p=4.9580e-01 rho=1.0007e+00 epsV=1.4502e+00 epsZ=8.4042e-01 
New pars (  66): DC=7.3618e+00 r1=1.0389e+02 r2=7.8953e+02 p=4.9567e-01 rho=1.0010e+00 epsV=1.4500e+00 epsZ=8.3934e-01 
New pars (  67): DC=7.3641e+00 r1=1.0389e+02 r2=7.8945e+02 p=4.9554e-01 rho=1.0013e+00 epsV=1.4497e+00 epsZ=8.3826e-01 
New pars (  68): DC=7.3643e+00 r1=1.0389e+02 r2=7.8945e+02 p=4.9554e-01 rho=1.0013e+00 epsV=1.4497e+00 epsZ=8.3826e-01 
New pars (  69): DC=7.3639e+00 r1=1.0389e+02 r2=7.8945e+02 p=4.9554e-01 rho=1.0013e+00 epsV=1.4497e+00 epsZ=8.3826e-01 
New pars (  70): DC=7.3641e+00 r1=1.0390e+02 r2=7.8945e+02 p=4.9554e-01 rho=1.0013e+00 epsV=1.4497e+00 epsZ=8.3826e-01 
New pars (  71): DC=7.3641e+00 r1=1.0389e+02 r2=7.8945e+02 p=4.9554e-01 rho=1.0013e+00 epsV=1.4497e+00 epsZ=8.3826e-01 
New pars (  72): DC=7.3641e+00 r1=1.0389e+02 r2=7.8946e+02 p=4.9554e-01 rho=1.0013e+00 epsV=1.4497e+00 epsZ=8.3826e-01 
New pars (  73): DC=7.3641e+00 r1=1.0389e+02 r2=7.8944e+02 p=4.9554e-01 rho=1.0013e+00 epsV=1.4497e+00 epsZ=8.3826e-01 
New pars (  74): DC=7.3641e+00 r1=1.0389e+02 r2=7.8945e+02 p=4.9556e-01 rho=1.0013e+00 epsV=1.4497e+00 epsZ=8.3826e-01 
New pars (  75): DC=7.3641e+00 r1=1.0389e+02 r2=7.8945e+02 p=4.9553e-01 rho=1.0013e+00 epsV=1.4497e+00 epsZ=8.3826e-01 
New pars (  76): DC=7.3641e+00 r1=1.0389e+02 r2=7.8945e+02 p=4.9554e-01 rho=1.0013e+00 epsV=1.4497e+00 epsZ=8.3826e-01 
New pars (  77): DC=7.3641e+00 r1=1.0389e+02 r2=7.8945e+02 p=4.9554e-01 rho=1.0013e+00 epsV=1.4497e+00 epsZ=8.3826e-01 
New pars (  78): DC=7.3641e+00 r1=1.0389e+02 r2=7.8945e+02 p=4.9554e-01 rho=1.0013e+00 epsV=1.4497e+00 epsZ=8.3826e-01 
New pars (  79): DC=7.3651e+00 r1=1.0391e+02 r2=7.8939e+02 p=4.9549e-01 rho=1.0014e+00 epsV=1.4495e+00 epsZ=8.3742e-01 
New pars (  80): DC=7.3657e+00 r1=1.0392e+02 r2=7.8936e+02 p=4.9546e-01 rho=1.0014e+00 epsV=1.4494e+00 epsZ=8.3697e-01 
New pars (  81): DC=7.3659e+00 r1=1.0392e+02 r2=7.8936e+02 p=4.9546e-01 rho=1.0014e+00 epsV=1.4494e+00 epsZ=8.3697e-01 
New pars (  82): DC=7.3654e+00 r1=1.0392e+02 r2=7.8936e+02 p=4.9546e-01 rho=1.0014e+00 epsV=1.4494e+00 epsZ=8.3697e-01 
New pars (  83): DC=7.3657e+00 r1=1.0392e+02 r2=7.8936e+02 p=4.9546e-01 rho=1.0014e+00 epsV=1.4494e+00 epsZ=8.3697e-01 
New pars (  84): DC=7.3657e+00 r1=1.0391e+02 r2=7.8936e+02 p=4.9546e-01 rho=1.0014e+00 epsV=1.4494e+00 epsZ=8.3697e-01 
New pars (  85): DC=7.3657e+00 r1=1.0392e+02 r2=7.8937e+02 p=4.9546e-01 rho=1.0014e+00 epsV=1.4494e+00 epsZ=8.3697e-01 
New pars (  86): DC=7.3657e+00 r1=1.0392e+02 r2=7.8935e+02 p=4.9546e-01 rho=1.0014e+00 epsV=1.4494e+00 epsZ=8.3697e-01 
New pars (  87): DC=7.3657e+00 r1=1.0392e+02 r2=7.8936e+02 p=4.9547e-01 rho=1.0014e+00 epsV=1.4494e+00 epsZ=8.3697e-01 
New pars (  88): DC=7.3657e+00 r1=1.0392e+02 r2=7.8936e+02 p=4.9545e-01 rho=1.0014e+00 epsV=1.4494e+00 epsZ=8.3697e-01 
New pars (  89): DC=7.3657e+00 r1=1.0392e+02 r2=7.8936e+02 p=4.9546e-01 rho=1.0014e+00 epsV=1.4494e+00 epsZ=8.3697e-01 
New pars (  90): DC=7.3657e+00 r1=1.0392e+02 r2=7.8936e+02 p=4.9546e-01 rho=1.0014e+00 epsV=1.4494e+00 epsZ=8.3697e-01 
New pars (  91): DC=7.3657e+00 r1=1.0392e+02 r2=7.8936e+02 p=4.9546e-01 rho=1.0014e+00 epsV=1.4495e+00 epsZ=8.3697e-01 
New pars (  92): DC=7.3657e+00 r1=1.0393e+02 r2=7.8935e+02 p=4.9542e-01 rho=1.0015e+00 epsV=1.4494e+00 epsZ=8.3679e-01 
New pars (  93): DC=7.3656e+00 r1=1.0397e+02 r2=7.8930e+02 p=4.9526e-01 rho=1.0016e+00 epsV=1.4494e+00 epsZ=8.3608e-01 
New pars (  94): DC=7.3655e+00 r1=1.0409e+02 r2=7.8919e+02 p=4.9485e-01 rho=1.0019e+00 epsV=1.4494e+00 epsZ=8.3432e-01 
New pars (  95): DC=7.3653e+00 r1=1.0428e+02 r2=7.8900e+02 p=4.9414e-01 rho=1.0024e+00 epsV=1.4494e+00 epsZ=8.3127e-01 
New pars (  96): DC=7.3655e+00 r1=1.0428e+02 r2=7.8900e+02 p=4.9414e-01 rho=1.0024e+00 epsV=1.4494e+00 epsZ=8.3127e-01 
New pars (  97): DC=7.3651e+00 r1=1.0428e+02 r2=7.8900e+02 p=4.9414e-01 rho=1.0024e+00 epsV=1.4494e+00 epsZ=8.3127e-01 
New pars (  98): DC=7.3653e+00 r1=1.0429e+02 r2=7.8900e+02 p=4.9414e-01 rho=1.0024e+00 epsV=1.4494e+00 epsZ=8.3127e-01 
New pars (  99): DC=7.3653e+00 r1=1.0428e+02 r2=7.8900e+02 p=4.9414e-01 rho=1.0024e+00 epsV=1.4494e+00 epsZ=8.3127e-01 
New pars ( 100): DC=7.3653e+00 r1=1.0428e+02 r2=7.8901e+02 p=4.9414e-01 rho=1.0024e+00 epsV=1.4494e+00 epsZ=8.3127e-01 
New pars ( 101): DC=7.3653e+00 r1=1.0428e+02 r2=7.8899e+02 p=4.9414e-01 rho=1.0024e+00 epsV=1.4494e+00 epsZ=8.3127e-01 
New pars ( 102): DC=7.3653e+00 r1=1.0428e+02 r2=7.8900e+02 p=4.9415e-01 rho=1.0024e+00 epsV=1.4494e+00 epsZ=8.3127e-01 
New pars ( 103): DC=7.3653e+00 r1=1.0428e+02 r2=7.8900e+02 p=4.9413e-01 rho=1.0024e+00 epsV=1.4494e+00 epsZ=8.3127e-01 
New pars ( 104): DC=7.3653e+00 r1=1.0428e+02 r2=7.8900e+02 p=4.9414e-01 rho=1.0024e+00 epsV=1.4494e+00 epsZ=8.3127e-01 
New pars ( 105): DC=7.3653e+00 r1=1.0428e+02 r2=7.8900e+02 p=4.9414e-01 rho=1.0024e+00 epsV=1.4494e+00 epsZ=8.3127e-01 
New pars ( 106): DC=7.3653e+00 r1=1.0428e+02 r2=7.8900e+02 p=4.9414e-01 rho=1.0024e+00 epsV=1.4494e+00 epsZ=8.3127e-01 
New pars ( 107): DC=7.3653e+00 r1=1.0429e+02 r2=7.8901e+02 p=4.9415e-01 rho=1.0024e+00 epsV=1.4494e+00 epsZ=8.3130e-01 
New pars ( 108): DC=7.3652e+00 r1=1.0429e+02 r2=7.8903e+02 p=4.9417e-01 rho=1.0023e+00 epsV=1.4495e+00 epsZ=8.3136e-01 
New pars ( 109): DC=7.3652e+00 r1=1.0429e+02 r2=7.8903e+02 p=4.9417e-01 rho=1.0023e+00 epsV=1.4495e+00 epsZ=8.3137e-01 
New pars ( 110): DC=7.3654e+00 r1=1.0429e+02 r2=7.8903e+02 p=4.9417e-01 rho=1.0023e+00 epsV=1.4495e+00 epsZ=8.3137e-01 
New pars ( 111): DC=7.3650e+00 r1=1.0429e+02 r2=7.8903e+02 p=4.9417e-01 rho=1.0023e+00 epsV=1.4495e+00 epsZ=8.3137e-01 
New pars ( 112): DC=7.3652e+00 r1=1.0429e+02 r2=7.8903e+02 p=4.9417e-01 rho=1.0023e+00 epsV=1.4495e+00 epsZ=8.3137e-01 
New pars ( 113): DC=7.3652e+00 r1=1.0429e+02 r2=7.8903e+02 p=4.9417e-01 rho=1.0023e+00 epsV=1.4495e+00 epsZ=8.3137e-01 
New pars ( 114): DC=7.3652e+00 r1=1.0429e+02 r2=7.8904e+02 p=4.9417e-01 rho=1.0023e+00 epsV=1.4495e+00 epsZ=8.3137e-01 
New pars ( 115): DC=7.3652e+00 r1=1.0429e+02 r2=7.8903e+02 p=4.9417e-01 rho=1.0023e+00 epsV=1.4495e+00 epsZ=8.3137e-01 
New pars ( 116): DC=7.3652e+00 r1=1.0429e+02 r2=7.8903e+02 p=4.9418e-01 rho=1.0023e+00 epsV=1.4495e+00 epsZ=8.3137e-01 
New pars ( 117): DC=7.3652e+00 r1=1.0429e+02 r2=7.8903e+02 p=4.9416e-01 rho=1.0023e+00 epsV=1.4495e+00 epsZ=8.3137e-01 
New pars ( 118): DC=7.3652e+00 r1=1.0429e+02 r2=7.8903e+02 p=4.9417e-01 rho=1.0023e+00 epsV=1.4495e+00 epsZ=8.3137e-01 
New pars ( 119): DC=7.3652e+00 r1=1.0429e+02 r2=7.8903e+02 p=4.9417e-01 rho=1.0023e+00 epsV=1.4495e+00 epsZ=8.3137e-01 
New pars ( 120): DC=7.3652e+00 r1=1.0429e+02 r2=7.8903e+02 p=4.9417e-01 rho=1.0023e+00 epsV=1.4495e+00 epsZ=8.3137e-01 
New pars ( 121): DC=7.3652e+00 r1=1.0429e+02 r2=7.8904e+02 p=4.9417e-01 rho=1.0023e+00 epsV=1.4495e+00 epsZ=8.3131e-01 
New pars ( 122): DC=7.3652e+00 r1=1.0429e+02 r2=7.8904e+02 p=4.9415e-01 rho=1.0023e+00 epsV=1.4495e+00 epsZ=8.3105e-01 
New pars ( 123): DC=7.3653e+00 r1=1.0428e+02 r2=7.8906e+02 p=4.9410e-01 rho=1.0024e+00 epsV=1.4496e+00 epsZ=8.3042e-01 
New pars ( 124): DC=7.3654e+00 r1=1.0426e+02 r2=7.8912e+02 p=4.9397e-01 rho=1.0025e+00 epsV=1.4499e+00 epsZ=8.2853e-01 
New pars ( 125): DC=7.3659e+00 r1=1.0421e+02 r2=7.8930e+02 p=4.9356e-01 rho=1.0030e+00 epsV=1.4508e+00 epsZ=8.2284e-01 
New pars ( 126): DC=7.3672e+00 r1=1.0405e+02 r2=7.8982e+02 p=4.9233e-01 rho=1.0043e+00 epsV=1.4536e+00 epsZ=8.0579e-01 
New pars ( 127): DC=7.3674e+00 r1=1.0405e+02 r2=7.8982e+02 p=4.9233e-01 rho=1.0043e+00 epsV=1.4536e+00 epsZ=8.0579e-01 
New pars ( 128): DC=7.3669e+00 r1=1.0405e+02 r2=7.8982e+02 p=4.9233e-01 rho=1.0043e+00 epsV=1.4536e+00 epsZ=8.0579e-01 
New pars ( 129): DC=7.3672e+00 r1=1.0406e+02 r2=7.8982e+02 p=4.9233e-01 rho=1.0043e+00 epsV=1.4536e+00 epsZ=8.0579e-01 
New pars ( 130): DC=7.3672e+00 r1=1.0405e+02 r2=7.8982e+02 p=4.9233e-01 rho=1.0043e+00 epsV=1.4536e+00 epsZ=8.0579e-01 
New pars ( 131): DC=7.3672e+00 r1=1.0405e+02 r2=7.8982e+02 p=4.9233e-01 rho=1.0043e+00 epsV=1.4536e+00 epsZ=8.0579e-01 
New pars ( 132): DC=7.3672e+00 r1=1.0405e+02 r2=7.8981e+02 p=4.9233e-01 rho=1.0043e+00 epsV=1.4536e+00 epsZ=8.0579e-01 
New pars ( 133): DC=7.3672e+00 r1=1.0405e+02 r2=7.8982e+02 p=4.9234e-01 rho=1.0043e+00 epsV=1.4536e+00 epsZ=8.0579e-01 
New pars ( 134): DC=7.3672e+00 r1=1.0405e+02 r2=7.8982e+02 p=4.9232e-01 rho=1.0043e+00 epsV=1.4536e+00 epsZ=8.0579e-01 
New pars ( 135): DC=7.3672e+00 r1=1.0405e+02 r2=7.8982e+02 p=4.9233e-01 rho=1.0043e+00 epsV=1.4536e+00 epsZ=8.0579e-01 
New pars ( 136): DC=7.3672e+00 r1=1.0405e+02 r2=7.8982e+02 p=4.9233e-01 rho=1.0043e+00 epsV=1.4536e+00 epsZ=8.0579e-01 
New pars ( 137): DC=7.3672e+00 r1=1.0405e+02 r2=7.8982e+02 p=4.9233e-01 rho=1.0043e+00 epsV=1.4536e+00 epsZ=8.0579e-01 
New pars ( 138): DC=7.3676e+00 r1=1.0390e+02 r2=7.9074e+02 p=4.9113e-01 rho=1.0051e+00 epsV=1.4579e+00 epsZ=7.8607e-01 
New pars ( 139): DC=7.3689e+00 r1=1.0340e+02 r2=7.9389e+02 p=4.8706e-01 rho=1.0077e+00 epsV=1.4726e+00 epsZ=7.1929e-01 
New pars ( 140): DC=7.3688e+00 r1=1.0344e+02 r2=7.9362e+02 p=4.8740e-01 rho=1.0075e+00 epsV=1.4713e+00 epsZ=7.2500e-01 
New pars ( 141): DC=7.3690e+00 r1=1.0344e+02 r2=7.9362e+02 p=4.8740e-01 rho=1.0075e+00 epsV=1.4713e+00 epsZ=7.2500e-01 
New pars ( 142): DC=7.3686e+00 r1=1.0344e+02 r2=7.9362e+02 p=4.8740e-01 rho=1.0075e+00 epsV=1.4713e+00 epsZ=7.2500e-01 
New pars ( 143): DC=7.3688e+00 r1=1.0345e+02 r2=7.9362e+02 p=4.8740e-01 rho=1.0075e+00 epsV=1.4713e+00 epsZ=7.2500e-01 
New pars ( 144): DC=7.3688e+00 r1=1.0344e+02 r2=7.9362e+02 p=4.8740e-01 rho=1.0075e+00 epsV=1.4713e+00 epsZ=7.2500e-01 
New pars ( 145): DC=7.3688e+00 r1=1.0344e+02 r2=7.9363e+02 p=4.8740e-01 rho=1.0075e+00 epsV=1.4713e+00 epsZ=7.2500e-01 
New pars ( 146): DC=7.3688e+00 r1=1.0344e+02 r2=7.9361e+02 p=4.8740e-01 rho=1.0075e+00 epsV=1.4713e+00 epsZ=7.2500e-01 
New pars ( 147): DC=7.3688e+00 r1=1.0344e+02 r2=7.9362e+02 p=4.8742e-01 rho=1.0075e+00 epsV=1.4713e+00 epsZ=7.2500e-01 
New pars ( 148): DC=7.3688e+00 r1=1.0344e+02 r2=7.9362e+02 p=4.8739e-01 rho=1.0075e+00 epsV=1.4713e+00 epsZ=7.2500e-01 
New pars ( 149): DC=7.3688e+00 r1=1.0344e+02 r2=7.9362e+02 p=4.8740e-01 rho=1.0075e+00 epsV=1.4713e+00 epsZ=7.2500e-01 
New pars ( 150): DC=7.3688e+00 r1=1.0344e+02 r2=7.9362e+02 p=4.8740e-01 rho=1.0075e+00 epsV=1.4713e+00 epsZ=7.2500e-01 
New pars ( 151): DC=7.3688e+00 r1=1.0344e+02 r2=7.9362e+02 p=4.8740e-01 rho=1.0075e+00 epsV=1.4713e+00 epsZ=7.2500e-01 
New pars ( 152): DC=7.3687e+00 r1=1.0344e+02 r2=7.9359e+02 p=4.8758e-01 rho=1.0073e+00 epsV=1.4711e+00 epsZ=7.2634e-01 
New pars ( 153): DC=7.3689e+00 r1=1.0344e+02 r2=7.9359e+02 p=4.8758e-01 rho=1.0073e+00 epsV=1.4711e+00 epsZ=7.2634e-01 
New pars ( 154): DC=7.3685e+00 r1=1.0344e+02 r2=7.9359e+02 p=4.8758e-01 rho=1.0073e+00 epsV=1.4711e+00 epsZ=7.2634e-01 
New pars ( 155): DC=7.3687e+00 r1=1.0344e+02 r2=7.9359e+02 p=4.8758e-01 rho=1.0073e+00 epsV=1.4711e+00 epsZ=7.2634e-01 
New pars ( 156): DC=7.3687e+00 r1=1.0344e+02 r2=7.9359e+02 p=4.8758e-01 rho=1.0073e+00 epsV=1.4711e+00 epsZ=7.2634e-01 
New pars ( 157): DC=7.3687e+00 r1=1.0344e+02 r2=7.9359e+02 p=4.8758e-01 rho=1.0073e+00 epsV=1.4711e+00 epsZ=7.2634e-01 
New pars ( 158): DC=7.3687e+00 r1=1.0344e+02 r2=7.9358e+02 p=4.8758e-01 rho=1.0073e+00 epsV=1.4711e+00 epsZ=7.2634e-01 
New pars ( 159): DC=7.3687e+00 r1=1.0344e+02 r2=7.9359e+02 p=4.8760e-01 rho=1.0073e+00 epsV=1.4711e+00 epsZ=7.2634e-01 
New pars ( 160): DC=7.3687e+00 r1=1.0344e+02 r2=7.9359e+02 p=4.8757e-01 rho=1.0073e+00 epsV=1.4711e+00 epsZ=7.2634e-01 
New pars ( 161): DC=7.3687e+00 r1=1.0344e+02 r2=7.9359e+02 p=4.8758e-01 rho=1.0073e+00 epsV=1.4711e+00 epsZ=7.2634e-01 
New pars ( 162): DC=7.3687e+00 r1=1.0344e+02 r2=7.9359e+02 p=4.8758e-01 rho=1.0073e+00 epsV=1.4711e+00 epsZ=7.2634e-01 
New pars ( 163): DC=7.3687e+00 r1=1.0344e+02 r2=7.9359e+02 p=4.8758e-01 rho=1.0073e+00 epsV=1.4711e+00 epsZ=7.2634e-01 
New pars ( 164): DC=7.3687e+00 r1=1.0343e+02 r2=7.9367e+02 p=4.8742e-01 rho=1.0074e+00 epsV=1.4715e+00 epsZ=7.2418e-01 
New pars ( 165): DC=7.3689e+00 r1=1.0343e+02 r2=7.9367e+02 p=4.8742e-01 rho=1.0074e+00 epsV=1.4715e+00 epsZ=7.2418e-01 
New pars ( 166): DC=7.3685e+00 r1=1.0343e+02 r2=7.9367e+02 p=4.8742e-01 rho=1.0074e+00 epsV=1.4715e+00 epsZ=7.2418e-01 
New pars ( 167): DC=7.3687e+00 r1=1.0344e+02 r2=7.9367e+02 p=4.8742e-01 rho=1.0074e+00 epsV=1.4715e+00 epsZ=7.2418e-01 
New pars ( 168): DC=7.3687e+00 r1=1.0343e+02 r2=7.9367e+02 p=4.8742e-01 rho=1.0074e+00 epsV=1.4715e+00 epsZ=7.2418e-01 
New pars ( 169): DC=7.3687e+00 r1=1.0343e+02 r2=7.9367e+02 p=4.8742e-01 rho=1.0074e+00 epsV=1.4715e+00 epsZ=7.2418e-01 
New pars ( 170): DC=7.3687e+00 r1=1.0343e+02 r2=7.9366e+02 p=4.8742e-01 rho=1.0074e+00 epsV=1.4715e+00 epsZ=7.2418e-01 
New pars ( 171): DC=7.3687e+00 r1=1.0343e+02 r2=7.9367e+02 p=4.8743e-01 rho=1.0074e+00 epsV=1.4715e+00 epsZ=7.2418e-01 
New pars ( 172): DC=7.3687e+00 r1=1.0343e+02 r2=7.9367e+02 p=4.8741e-01 rho=1.0074e+00 epsV=1.4715e+00 epsZ=7.2418e-01 
New pars ( 173): DC=7.3687e+00 r1=1.0343e+02 r2=7.9367e+02 p=4.8742e-01 rho=1.0074e+00 epsV=1.4715e+00 epsZ=7.2418e-01 
New pars ( 174): DC=7.3687e+00 r1=1.0343e+02 r2=7.9367e+02 p=4.8742e-01 rho=1.0074e+00 epsV=1.4715e+00 epsZ=7.2418e-01 
New pars ( 175): DC=7.3687e+00 r1=1.0343e+02 r2=7.9367e+02 p=4.8742e-01 rho=1.0074e+00 epsV=1.4715e+00 epsZ=7.2418e-01 
New pars ( 176): DC=7.3687e+00 r1=1.0343e+02 r2=7.9367e+02 p=4.8741e-01 rho=1.0074e+00 epsV=1.4715e+00 epsZ=7.2399e-01 
New pars ( 177): DC=7.3687e+00 r1=1.0343e+02 r2=7.9367e+02 p=4.8742e-01 rho=1.0074e+00 epsV=1.4715e+00 epsZ=7.2416e-01 
New pars ( 178): DC=7.3687e+00 r1=1.0343e+02 r2=7.9367e+02 p=4.8742e-01 rho=1.0074e+00 epsV=1.4715e+00 epsZ=7.2418e-01 
New pars ( 179): DC=7.3687e+00 r1=1.0343e+02 r2=7.9367e+02 p=4.8742e-01 rho=1.0074e+00 epsV=1.4715e+00 epsZ=7.2418e-01 
New pars ( 180): DC=7.3687e+00 r1=1.0343e+02 r2=7.9367e+02 p=4.8742e-01 rho=1.0074e+00 epsV=1.4715e+00 epsZ=7.2418e-01 
New pars ( 181): DC=7.3689e+00 r1=1.0343e+02 r2=7.9367e+02 p=4.8742e-01 rho=1.0074e+00 epsV=1.4715e+00 epsZ=7.2418e-01 
New pars ( 182): DC=7.3685e+00 r1=1.0343e+02 r2=7.9367e+02 p=4.8742e-01 rho=1.0074e+00 epsV=1.4715e+00 epsZ=7.2418e-01 
New pars ( 183): DC=7.3687e+00 r1=1.0344e+02 r2=7.9367e+02 p=4.8742e-01 rho=1.0074e+00 epsV=1.4715e+00 epsZ=7.2418e-01 
New pars ( 184): DC=7.3687e+00 r1=1.0343e+02 r2=7.9367e+02 p=4.8742e-01 rho=1.0074e+00 epsV=1.4715e+00 epsZ=7.2418e-01 
New pars ( 185): DC=7.3687e+00 r1=1.0343e+02 r2=7.9367e+02 p=4.8742e-01 rho=1.0074e+00 epsV=1.4715e+00 epsZ=7.2418e-01 
New pars ( 186): DC=7.3687e+00 r1=1.0343e+02 r2=7.9366e+02 p=4.8742e-01 rho=1.0074e+00 epsV=1.4715e+00 epsZ=7.2418e-01 
New pars ( 187): DC=7.3687e+00 r1=1.0343e+02 r2=7.9367e+02 p=4.8743e-01 rho=1.0074e+00 epsV=1.4715e+00 epsZ=7.2418e-01 
New pars ( 188): DC=7.3687e+00 r1=1.0343e+02 r2=7.9367e+02 p=4.8741e-01 rho=1.0074e+00 epsV=1.4715e+00 epsZ=7.2418e-01 
New pars ( 189): DC=7.3687e+00 r1=1.0343e+02 r2=7.9367e+02 p=4.8742e-01 rho=1.0074e+00 epsV=1.4715e+00 epsZ=7.2418e-01 
New pars ( 190): DC=7.3687e+00 r1=1.0343e+02 r2=7.9367e+02 p=4.8742e-01 rho=1.0074e+00 epsV=1.4715e+00 epsZ=7.2418e-01 
New pars ( 191): DC=7.3687e+00 r1=1.0343e+02 r2=7.9367e+02 p=4.8742e-01 rho=1.0074e+00 epsV=1.4715e+00 epsZ=7.2418e-01 
New pars ( 192): DC=7.3688e+00 r1=1.0343e+02 r2=7.9367e+02 p=4.8742e-01 rho=1.0074e+00 epsV=1.4715e+00 epsZ=7.2418e-01 
New pars ( 193): DC=7.3687e+00 r1=1.0343e+02 r2=7.9367e+02 p=4.8742e-01 rho=1.0074e+00 epsV=1.4715e+00 epsZ=7.2418e-01 
New pars ( 194): DC=7.3687e+00 r1=1.0343e+02 r2=7.9367e+02 p=4.8742e-01 rho=1.0074e+00 epsV=1.4715e+00 epsZ=7.2418e-01 
New pars ( 195): DC=7.3687e+00 r1=1.0343e+02 r2=7.9367e+02 p=4.8742e-01 rho=1.0074e+00 epsV=1.4715e+00 epsZ=7.2418e-01 
New pars ( 196): DC=7.3687e+00 r1=1.0343e+02 r2=7.9367e+02 p=4.8742e-01 rho=1.0074e+00 epsV=1.4715e+00 epsZ=7.2418e-01 
New pars ( 197): DC=7.3687e+00 r1=1.0343e+02 r2=7.9367e+02 p=4.8742e-01 rho=1.0074e+00 epsV=1.4715e+00 epsZ=7.2418e-01 
New pars ( 198): DC=7.3687e+00 r1=1.0343e+02 r2=7.9367e+02 p=4.8742e-01 rho=1.0074e+00 epsV=1.4715e+00 epsZ=7.2418e-01 
New pars ( 199): DC=7.3687e+00 r1=1.0343e+02 r2=7.9367e+02 p=4.8742e-01 rho=1.0074e+00 epsV=1.4715e+00 epsZ=7.2418e-01 
New pars ( 200): DC=7.3687e+00 r1=1.0343e+02 r2=7.9367e+02 p=4.8742e-01 rho=1.0074e+00 epsV=1.4715e+00 epsZ=7.2418e-01 
New pars ( 201): DC=7.3687e+00 r1=1.0343e+02 r2=7.9366e+02 p=4.8742e-01 rho=1.0074e+00 epsV=1.4715e+00 epsZ=7.2418e-01 
New pars ( 202): DC=7.3687e+00 r1=1.0343e+02 r2=7.9367e+02 p=4.8742e-01 rho=1.0074e+00 epsV=1.4715e+00 epsZ=7.2418e-01 
New pars ( 203): DC=7.3687e+00 r1=1.0343e+02 r2=7.9367e+02 p=4.8742e-01 rho=1.0074e+00 epsV=1.4715e+00 epsZ=7.2418e-01 
New pars ( 204): DC=7.3687e+00 r1=1.0343e+02 r2=7.9367e+02 p=4.8743e-01 rho=1.0074e+00 epsV=1.4715e+00 epsZ=7.2418e-01 
New pars ( 205): DC=7.3687e+00 r1=1.0343e+02 r2=7.9367e+02 p=4.8742e-01 rho=1.0074e+00 epsV=1.4715e+00 epsZ=7.2418e-01 
New pars ( 206): DC=7.3687e+00 r1=1.0343e+02 r2=7.9367e+02 p=4.8742e-01 rho=1.0074e+00 epsV=1.4715e+00 epsZ=7.2418e-01 
New pars ( 207): DC=7.3687e+00 r1=1.0343e+02 r2=7.9367e+02 p=4.8742e-01 rho=1.0074e+00 epsV=1.4715e+00 epsZ=7.2418e-01 
New pars ( 208): DC=7.3687e+00 r1=1.0343e+02 r2=7.9367e+02 p=4.8742e-01 rho=1.0074e+00 epsV=1.4715e+00 epsZ=7.2418e-01 
New pars ( 209): DC=7.3687e+00 r1=1.0343e+02 r2=7.9367e+02 p=4.8742e-01 rho=1.0074e+00 epsV=1.4715e+00 epsZ=7.2418e-01 
New pars ( 210): DC=7.3687e+00 r1=1.0343e+02 r2=7.9367e+02 p=4.8742e-01 rho=1.0074e+00 epsV=1.4715e+00 epsZ=7.2418e-01 
New pars ( 211): DC=7.3687e+00 r1=1.0343e+02 r2=7.9367e+02 p=4.8742e-01 rho=1.0074e+00 epsV=1.4715e+00 epsZ=7.2418e-01 
New pars ( 212): DC=7.3687e+00 r1=1.0343e+02 r2=7.9367e+02 p=4.8742e-01 rho=1.0074e+00 epsV=1.4715e+00 epsZ=7.2418e-01 
New pars ( 213): DC=7.3689e+00 r1=1.0344e+02 r2=7.9367e+02 p=4.8742e-01 rho=1.0074e+00 epsV=1.4715e+00 epsZ=7.2418e-01 
New pars ( 214): DC=7.3689e+00 r1=1.0343e+02 r2=7.9367e+02 p=4.8742e-01 rho=1.0074e+00 epsV=1.4715e+00 epsZ=7.2418e-01 
New pars ( 215): DC=7.3687e+00 r1=1.0344e+02 r2=7.9367e+02 p=4.8742e-01 rho=1.0074e+00 epsV=1.4715e+00 epsZ=7.2418e-01 
New pars ( 216): DC=7.3689e+00 r1=1.0343e+02 r2=7.9367e+02 p=4.8743e-01 rho=1.0074e+00 epsV=1.4715e+00 epsZ=7.2418e-01 
New pars ( 217): DC=7.3687e+00 r1=1.0344e+02 r2=7.9367e+02 p=4.8743e-01 rho=1.0074e+00 epsV=1.4715e+00 epsZ=7.2418e-01 
New pars ( 218): DC=7.3687e+00 r1=1.0343e+02 r2=7.9367e+02 p=4.8743e-01 rho=1.0074e+00 epsV=1.4715e+00 epsZ=7.2418e-01 
New pars ( 219): DC=7.3689e+00 r1=1.0343e+02 r2=7.9367e+02 p=4.8742e-01 rho=1.0074e+00 epsV=1.4715e+00 epsZ=7.2418e-01 
New pars ( 220): DC=7.3687e+00 r1=1.0344e+02 r2=7.9367e+02 p=4.8742e-01 rho=1.0074e+00 epsV=1.4715e+00 epsZ=7.2418e-01 
New pars ( 221): DC=7.3687e+00 r1=1.0343e+02 r2=7.9367e+02 p=4.8742e-01 rho=1.0074e+00 epsV=1.4715e+00 epsZ=7.2418e-01 
New pars ( 222): DC=7.3687e+00 r1=1.0343e+02 r2=7.9367e+02 p=4.8743e-01 rho=1.0074e+00 epsV=1.4715e+00 epsZ=7.2418e-01 
New pars ( 223): DC=7.3689e+00 r1=1.0343e+02 r2=7.9367e+02 p=4.8742e-01 rho=1.0074e+00 epsV=1.4715e+00 epsZ=7.2418e-01 
New pars ( 224): DC=7.3687e+00 r1=1.0344e+02 r2=7.9367e+02 p=4.8742e-01 rho=1.0074e+00 epsV=1.4715e+00 epsZ=7.2418e-01 
New pars ( 225): DC=7.3687e+00 r1=1.0343e+02 r2=7.9367e+02 p=4.8742e-01 rho=1.0074e+00 epsV=1.4715e+00 epsZ=7.2418e-01 
New pars ( 226): DC=7.3687e+00 r1=1.0343e+02 r2=7.9367e+02 p=4.8743e-01 rho=1.0074e+00 epsV=1.4715e+00 epsZ=7.2418e-01 
New pars ( 227): DC=7.3687e+00 r1=1.0343e+02 r2=7.9367e+02 p=4.8742e-01 rho=1.0074e+00 epsV=1.4715e+00 epsZ=7.2418e-01 
New pars ( 228): DC=7.3689e+00 r1=1.0343e+02 r2=7.9367e+02 p=4.8742e-01 rho=1.0074e+00 epsV=1.4715e+00 epsZ=7.2425e-01 
New pars ( 229): DC=7.3687e+00 r1=1.0344e+02 r2=7.9367e+02 p=4.8742e-01 rho=1.0074e+00 epsV=1.4715e+00 epsZ=7.2425e-01 
New pars ( 230): DC=7.3687e+00 r1=1.0343e+02 r2=7.9367e+02 p=4.8742e-01 rho=1.0074e+00 epsV=1.4715e+00 epsZ=7.2425e-01 
New pars ( 231): DC=7.3687e+00 r1=1.0343e+02 r2=7.9367e+02 p=4.8743e-01 rho=1.0074e+00 epsV=1.4715e+00 epsZ=7.2425e-01 
New pars ( 232): DC=7.3687e+00 r1=1.0343e+02 r2=7.9367e+02 p=4.8742e-01 rho=1.0074e+00 epsV=1.4715e+00 epsZ=7.2425e-01 
New pars ( 233): DC=7.3687e+00 r1=1.0343e+02 r2=7.9367e+02 p=4.8742e-01 rho=1.0074e+00 epsV=1.4715e+00 epsZ=7.2425e-01 
New pars ( 234): DC=7.3687e+00 r1=1.0343e+02 r2=7.9366e+02 p=4.8742e-01 rho=1.0074e+00 epsV=1.4715e+00 epsZ=7.2418e-01 
New pars ( 235): DC=7.3687e+00 r1=1.0343e+02 r2=7.9366e+02 p=4.8742e-01 rho=1.0074e+00 epsV=1.4715e+00 epsZ=7.2418e-01 
New pars ( 236): DC=7.3687e+00 r1=1.0343e+02 r2=7.9367e+02 p=4.8742e-01 rho=1.0074e+00 epsV=1.4715e+00 epsZ=7.2418e-01 
New pars ( 237): DC=7.3688e+00 r1=1.0343e+02 r2=7.9367e+02 p=4.8742e-01 rho=1.0074e+00 epsV=1.4715e+00 epsZ=7.2418e-01 
New pars ( 238): DC=7.3687e+00 r1=1.0343e+02 r2=7.9367e+02 p=4.8742e-01 rho=1.0074e+00 epsV=1.4715e+00 epsZ=7.2418e-01 
New pars ( 239): DC=7.3732e+00 r1=1.0343e+02 r2=7.9367e+02 p=4.8742e-01 rho=1.0074e+00 epsV=1.4715e+00 epsZ=7.2418e-01 
New pars ( 240): DC=7.3643e+00 r1=1.0343e+02 r2=7.9367e+02 p=4.8742e-01 rho=1.0074e+00 epsV=1.4715e+00 epsZ=7.2418e-01 
New pars ( 241): DC=7.3758e+00 r1=1.0343e+02 r2=7.9367e+02 p=4.8742e-01 rho=1.0074e+00 epsV=1.4715e+00 epsZ=7.2418e-01 
New pars ( 242): DC=7.3616e+00 r1=1.0343e+02 r2=7.9367e+02 p=4.8742e-01 rho=1.0074e+00 epsV=1.4715e+00 epsZ=7.2418e-01 
New pars ( 243): DC=7.3687e+00 r1=1.0343e+02 r2=7.9367e+02 p=4.8742e-01 rho=1.0074e+00 epsV=1.4715e+00 epsZ=7.2418e-01 
New pars ( 244): DC=7.3687e+00 r1=1.0343e+02 r2=7.9367e+02 p=4.8742e-01 rho=1.0074e+00 epsV=1.4715e+00 epsZ=7.2418e-01 
New pars ( 245): DC=7.3687e+00 r1=1.0349e+02 r2=7.9367e+02 p=4.8742e-01 rho=1.0074e+00 epsV=1.4715e+00 epsZ=7.2418e-01 
New pars ( 246): DC=7.3687e+00 r1=1.0337e+02 r2=7.9367e+02 p=4.8742e-01 rho=1.0074e+00 epsV=1.4715e+00 epsZ=7.2418e-01 
New pars ( 247): DC=7.3687e+00 r1=1.0356e+02 r2=7.9367e+02 p=4.8742e-01 rho=1.0074e+00 epsV=1.4715e+00 epsZ=7.2418e-01 
New pars ( 248): DC=7.3687e+00 r1=1.0330e+02 r2=7.9367e+02 p=4.8742e-01 rho=1.0074e+00 epsV=1.4715e+00 epsZ=7.2418e-01 
New pars ( 249): DC=7.3687e+00 r1=1.0343e+02 r2=7.9367e+02 p=4.8742e-01 rho=1.0074e+00 epsV=1.4715e+00 epsZ=7.2418e-01 
New pars ( 250): DC=7.3687e+00 r1=1.0343e+02 r2=7.9366e+02 p=4.8742e-01 rho=1.0074e+00 epsV=1.4715e+00 epsZ=7.2418e-01 
New pars ( 251): DC=7.3687e+00 r1=1.0343e+02 r2=7.9376e+02 p=4.8742e-01 rho=1.0074e+00 epsV=1.4715e+00 epsZ=7.2418e-01 
New pars ( 252): DC=7.3687e+00 r1=1.0343e+02 r2=7.9357e+02 p=4.8742e-01 rho=1.0074e+00 epsV=1.4715e+00 epsZ=7.2418e-01 
New pars ( 253): DC=7.3687e+00 r1=1.0343e+02 r2=7.9392e+02 p=4.8742e-01 rho=1.0074e+00 epsV=1.4715e+00 epsZ=7.2418e-01 
New pars ( 254): DC=7.3687e+00 r1=1.0343e+02 r2=7.9341e+02 p=4.8742e-01 rho=1.0074e+00 epsV=1.4715e+00 epsZ=7.2418e-01 
New pars ( 255): DC=7.3687e+00 r1=1.0343e+02 r2=7.9367e+02 p=4.8743e-01 rho=1.0074e+00 epsV=1.4715e+00 epsZ=7.2418e-01 
New pars ( 256): DC=7.3687e+00 r1=1.0343e+02 r2=7.9367e+02 p=4.8742e-01 rho=1.0074e+00 epsV=1.4715e+00 epsZ=7.2418e-01 
New pars ( 257): DC=7.3687e+00 r1=1.0343e+02 r2=7.9367e+02 p=4.8754e-01 rho=1.0074e+00 epsV=1.4715e+00 epsZ=7.2418e-01 
New pars ( 258): DC=7.3687e+00 r1=1.0343e+02 r2=7.9367e+02 p=4.8730e-01 rho=1.0074e+00 epsV=1.4715e+00 epsZ=7.2418e-01 
New pars ( 259): DC=7.3687e+00 r1=1.0343e+02 r2=7.9367e+02 p=4.8782e-01 rho=1.0074e+00 epsV=1.4715e+00 epsZ=7.2418e-01 
New pars ( 260): DC=7.3687e+00 r1=1.0343e+02 r2=7.9367e+02 p=4.8702e-01 rho=1.0074e+00 epsV=1.4715e+00 epsZ=7.2418e-01 
New pars ( 261): DC=7.3687e+00 r1=1.0343e+02 r2=7.9367e+02 p=4.8742e-01 rho=1.0074e+00 epsV=1.4715e+00 epsZ=7.2418e-01 
New pars ( 262): DC=7.3687e+00 r1=1.0343e+02 r2=7.9367e+02 p=4.8742e-01 rho=1.0074e+00 epsV=1.4715e+00 epsZ=7.2418e-01 
New pars ( 263): DC=7.3687e+00 r1=1.0343e+02 r2=7.9367e+02 p=4.8742e-01 rho=1.0074e+00 epsV=1.4715e+00 epsZ=7.2418e-01 
New pars ( 264): DC=7.3687e+00 r1=1.0343e+02 r2=7.9367e+02 p=4.8742e-01 rho=1.0074e+00 epsV=1.4715e+00 epsZ=7.2418e-01 
New pars ( 265): DC=7.3687e+00 r1=1.0343e+02 r2=7.9367e+02 p=4.8742e-01 rho=1.0076e+00 epsV=1.4715e+00 epsZ=7.2418e-01 
New pars ( 266): DC=7.3687e+00 r1=1.0343e+02 r2=7.9367e+02 p=4.8742e-01 rho=1.0072e+00 epsV=1.4715e+00 epsZ=7.2418e-01 
New pars ( 267): DC=7.3687e+00 r1=1.0343e+02 r2=7.9367e+02 p=4.8742e-01 rho=1.0074e+00 epsV=1.4715e+00 epsZ=7.2418e-01 
New pars ( 268): DC=7.3689e+00 r1=1.0343e+02 r2=7.9367e+02 p=4.8742e-01 rho=1.0074e+00 epsV=1.4715e+00 epsZ=7.2418e-01 
New pars ( 269): DC=7.3686e+00 r1=1.0343e+02 r2=7.9367e+02 p=4.8742e-01 rho=1.0074e+00 epsV=1.4715e+00 epsZ=7.2418e-01 
New pars ( 270): DC=7.3687e+00 r1=1.0343e+02 r2=7.9367e+02 p=4.8742e-01 rho=1.0074e+00 epsV=1.4715e+00 epsZ=7.2418e-01 
New pars ( 271): DC=7.3687e+00 r1=1.0343e+02 r2=7.9367e+02 p=4.8742e-01 rho=1.0074e+00 epsV=1.4715e+00 epsZ=7.2418e-01 
New pars ( 272): DC=7.3687e+00 r1=1.0343e+02 r2=7.9367e+02 p=4.8742e-01 rho=1.0074e+00 epsV=1.4715e+00 epsZ=7.2418e-01 
New pars ( 273): DC=7.3687e+00 r1=1.0343e+02 r2=7.9367e+02 p=4.8742e-01 rho=1.0074e+00 epsV=1.4715e+00 epsZ=7.2418e-01 
New pars ( 274): DC=7.3687e+00 r1=1.0343e+02 r2=7.9367e+02 p=4.8742e-01 rho=1.0074e+00 epsV=1.4715e+00 epsZ=7.2418e-01 
New pars ( 275): DC=7.3687e+00 r1=1.0343e+02 r2=7.9367e+02 p=4.8742e-01 rho=1.0074e+00 epsV=1.4715e+00 epsZ=7.2418e-01 
New pars ( 276): DC=7.3687e+00 r1=1.0343e+02 r2=7.9367e+02 p=4.8742e-01 rho=1.0074e+00 epsV=1.4715e+00 epsZ=7.2418e-01 
New pars ( 277): DC=7.3687e+00 r1=1.0343e+02 r2=7.9366e+02 p=4.8742e-01 rho=1.0074e+00 epsV=1.4715e+00 epsZ=7.2418e-01 
New pars ( 278): DC=7.3687e+00 r1=1.0343e+02 r2=7.9367e+02 p=4.8742e-01 rho=1.0074e+00 epsV=1.4715e+00 epsZ=7.2418e-01 
New pars ( 279): DC=7.3687e+00 r1=1.0343e+02 r2=7.9366e+02 p=4.8742e-01 rho=1.0074e+00 epsV=1.4715e+00 epsZ=7.2418e-01 
New pars ( 280): DC=7.3687e+00 r1=1.0343e+02 r2=7.9367e+02 p=4.8743e-01 rho=1.0074e+00 epsV=1.4715e+00 epsZ=7.2418e-01 
New pars ( 281): DC=7.3687e+00 r1=1.0343e+02 r2=7.9367e+02 p=4.8741e-01 rho=1.0074e+00 epsV=1.4715e+00 epsZ=7.2418e-01 
New pars ( 282): DC=7.3687e+00 r1=1.0343e+02 r2=7.9367e+02 p=4.8742e-01 rho=1.0074e+00 epsV=1.4715e+00 epsZ=7.2418e-01 
New pars ( 283): DC=7.3687e+00 r1=1.0343e+02 r2=7.9367e+02 p=4.8742e-01 rho=1.0074e+00 epsV=1.4715e+00 epsZ=7.2418e-01 
New pars ( 284): DC=7.3687e+00 r1=1.0343e+02 r2=7.9367e+02 p=4.8742e-01 rho=1.0074e+00 epsV=1.4715e+00 epsZ=7.2418e-01 
New pars ( 285): DC=7.3687e+00 r1=1.0343e+02 r2=7.9367e+02 p=4.8742e-01 rho=1.0074e+00 epsV=1.4715e+00 epsZ=7.2418e-01 
New pars ( 286): DC=7.3687e+00 r1=1.0343e+02 r2=7.9367e+02 p=4.8742e-01 rho=1.0074e+00 epsV=1.4715e+00 epsZ=7.2418e-01 
New pars ( 287): DC=7.3687e+00 r1=1.0343e+02 r2=7.9367e+02 p=4.8742e-01 rho=1.0074e+00 epsV=1.4715e+00 epsZ=7.2418e-01 
New pars ( 288): DC=7.3687e+00 r1=1.0343e+02 r2=7.9367e+02 p=4.8742e-01 rho=1.0074e+00 epsV=1.4715e+00 epsZ=7.2418e-01 
New pars ( 289): DC=7.3758e+00 r1=1.0356e+02 r2=7.9367e+02 p=4.8742e-01 rho=1.0074e+00 epsV=1.4715e+00 epsZ=7.2418e-01 
New pars ( 290): DC=7.3758e+00 r1=1.0343e+02 r2=7.9392e+02 p=4.8742e-01 rho=1.0074e+00 epsV=1.4715e+00 epsZ=7.2418e-01 
New pars ( 291): DC=7.3687e+00 r1=1.0356e+02 r2=7.9392e+02 p=4.8742e-01 rho=1.0074e+00 epsV=1.4715e+00 epsZ=7.2418e-01 
New pars ( 292): DC=7.3758e+00 r1=1.0343e+02 r2=7.9367e+02 p=4.8782e-01 rho=1.0074e+00 epsV=1.4715e+00 epsZ=7.2418e-01 
New pars ( 293): DC=7.3687e+00 r1=1.0356e+02 r2=7.9367e+02 p=4.8782e-01 rho=1.0074e+00 epsV=1.4715e+00 epsZ=7.2418e-01 
New pars ( 294): DC=7.3687e+00 r1=1.0343e+02 r2=7.9392e+02 p=4.8782e-01 rho=1.0074e+00 epsV=1.4715e+00 epsZ=7.2418e-01 
New pars ( 295): DC=7.3758e+00 r1=1.0343e+02 r2=7.9367e+02 p=4.8742e-01 rho=1.0076e+00 epsV=1.4715e+00 epsZ=7.2418e-01 
New pars ( 296): DC=7.3687e+00 r1=1.0356e+02 r2=7.9367e+02 p=4.8742e-01 rho=1.0076e+00 epsV=1.4715e+00 epsZ=7.2418e-01 
New pars ( 297): DC=7.3687e+00 r1=1.0343e+02 r2=7.9392e+02 p=4.8742e-01 rho=1.0076e+00 epsV=1.4715e+00 epsZ=7.2418e-01 
New pars ( 298): DC=7.3687e+00 r1=1.0343e+02 r2=7.9367e+02 p=4.8782e-01 rho=1.0076e+00 epsV=1.4715e+00 epsZ=7.2418e-01 
New pars ( 299): DC=7.3758e+00 r1=1.0343e+02 r2=7.9367e+02 p=4.8742e-01 rho=1.0074e+00 epsV=1.4723e+00 epsZ=7.2418e-01 
New pars ( 300): DC=7.3687e+00 r1=1.0356e+02 r2=7.9367e+02 p=4.8742e-01 rho=1.0074e+00 epsV=1.4723e+00 epsZ=7.2418e-01 
New pars ( 301): DC=7.3687e+00 r1=1.0343e+02 r2=7.9392e+02 p=4.8742e-01 rho=1.0074e+00 epsV=1.4723e+00 epsZ=7.2418e-01 
New pars ( 302): DC=7.3687e+00 r1=1.0343e+02 r2=7.9367e+02 p=4.8782e-01 rho=1.0074e+00 epsV=1.4723e+00 epsZ=7.2418e-01 
New pars ( 303): DC=7.3687e+00 r1=1.0343e+02 r2=7.9367e+02 p=4.8742e-01 rho=1.0076e+00 epsV=1.4723e+00 epsZ=7.2418e-01 
New pars ( 304): DC=7.3758e+00 r1=1.0343e+02 r2=7.9367e+02 p=4.8742e-01 rho=1.0074e+00 epsV=1.4715e+00 epsZ=7.2624e-01 
New pars ( 305): DC=7.3687e+00 r1=1.0356e+02 r2=7.9367e+02 p=4.8742e-01 rho=1.0074e+00 epsV=1.4715e+00 epsZ=7.2624e-01 
New pars ( 306): DC=7.3687e+00 r1=1.0343e+02 r2=7.9392e+02 p=4.8742e-01 rho=1.0074e+00 epsV=1.4715e+00 epsZ=7.2624e-01 
New pars ( 307): DC=7.3687e+00 r1=1.0343e+02 r2=7.9367e+02 p=4.8782e-01 rho=1.0074e+00 epsV=1.4715e+00 epsZ=7.2624e-01 
New pars ( 308): DC=7.3687e+00 r1=1.0343e+02 r2=7.9367e+02 p=4.8742e-01 rho=1.0076e+00 epsV=1.4715e+00 epsZ=7.2624e-01 
New pars ( 309): DC=7.3687e+00 r1=1.0343e+02 r2=7.9367e+02 p=4.8742e-01 rho=1.0074e+00 epsV=1.4723e+00 epsZ=7.2624e-01 

Fitting done in 720000 clicks (0.720000 seconds).
Fit status = 4
Cov status = 1

****************************************
         Invalid FitResult  (status = 4 )
****************************************
Minimizer is Minuit / MigradImproved
Chi2                      =      982.767
NDf                       =          977
Edm                       =  9.76363e-05
NCalls                    =          378
# Cyc's                   =          525                      	 (fixed)
Bin width                 =          250                      	 (fixed)
DC rate                   =      7.36872   +/-   0.0258247   
Rate 1                    =      103.432   +/-   3.646       
Rate 2                    =      793.665   +/-   28.1058     
Rate 3                    =            0                      	 (fixed)
Capt eff                  =     0.487423   +/-   0.0210055   
Capt ret                  =      1.00741   +/-   0.00572026  
T eff                     =         0.13                      	 (fixed)
U eff                     =        0.035                      	 (fixed)
V eff                     =      1.47146   +/-   0.0894139   
W eff                     =            0                      	 (fixed)
X eff                     =            1                      	 (fixed)
Y eff                     =            0                      	 (fixed)
Z eff                     =     0.724184   +/-   0.0858719   
T1 loss                   =            0                      	 (fixed)
T2 loss                   =         0.03                      	 (fixed)
T3 loss                   =            0                      	 (fixed)
U1 loss                   =      6.2e-08                      	 (fixed)
U2 loss                   =      6.2e-08                      	 (fixed)
U3 loss                   =        10000                      	 (fixed)

Integrals computed in 380000 clicks (0.380000 seconds).
Errors computed in 820000 clicks (0.820000 seconds).

~~~~~~~~~~~~~~~~~~~~~~~~~~~~~~~~~~~~~~~~~~~~~~~~~~~~~~~~~~~~~~~~~~~~~
NUMBER OF BETAS DETECTED, by population:
~~~~~~~~~~~~~~~~~~~~~~~~~~~~~~~~~~~~~~~~~~~~~~~~~~~~~~~~~~~~~~~~~~~~~
T1 integral = 499011.7 +/- 0.0
U1 integral = 215563.1 +/- 0.0
T2 integral = 1702917.4 +/- 0.0
U2 integral = 2136195.6 +/- 0.0
T3 integral = 0.0 +/- 0.0
U3 integral = 0.1 +/- 0.0
DC integral = 951669.6 +/- 0.0
~~~~~~~~~~~~~~~~~~~~~~~~~~~~~~~~~~~~~~~~~~~~~~~~~~~~~~~~~~~~~~~~~~~~~
Sum of above = 5505357.6 +/- 0.0 <-- no cov in unc
All integral = 5505368.1 +/- 0.0
~~~~~~~~~~~~~~~~~~~~~~~~~~~~~~~~~~~~~~~~~~~~~~~~~~~~~~~~~~~~~~~~~~~~~


BFit2 done. Timer = 3.38 sec.
Elapsed time = 3.31 sec.

