Timestamp = Mon Apr  6 09:18:02 2015

Importing metadata from CSV files...
Imported 68 BDN cases
Imported 48 BFit cases
Performing BFit with BDN case 137i07 and BFit case 137i07_17

BFit started. Timer = 0.06 sec.

~~~~~~~~~~~~~~~~~~~~~~~~~~~~~~~~~~~~~~~~~~~~~~~~~~~~~~~~~~~~~~~~~~~~~
BETA SINGLES MODEL
~~~~~~~~~~~~~~~~~~~~~~~~~~~~~~~~~~~~~~~~~~~~~~~~~~~~~~~~~~~~~~~~~~~~~
Case: 137i07
File: /music/bpt1/bpt/bdn/shane/137i/rootfiles/137i07.root
Histogram: h_betas_vs_cycle_time
Total cycle time	=    246.000 s
Background time		=    101.000 s
Capture cycle time	=      6.000 s
Last capture time	=      1.000 s
137-Te halflife		=      2.490 s  (lifetime      3.592 s)
137-I halflife		=     24.500 s  (lifetime     35.346 s)
137-Xe halflife		=    229.080 s  (lifetime    330.493 s)
~~~~~~~~~~~~~~~~~~~~~~~~~~~~~~~~~~~~~~~~~~~~~~~~~~~~~~~~~~~~~~~~~~~~~
HISTOGRAM REBINNED
   Number of hist bins = 984
   Number of fn points = 246000
   Number of pts/bin   = 250
~~~~~~~~~~~~~~~~~~~~~~~~~~~~~~~~~~~~~~~~~~~~~~~~~~~~~~~~~~~~~~~~~~~~~
Doing fit with option string: QROMES
~~~~~~~~~~~~~~~~~~~~~~~~~~~~~~~~~~~~~~~~~~~~~~~~~~~~~~~~~~~~~~~~~~~~~
PARAMETER SEED VALUES
~~~~~~~~~~~~~~~~~~~~~~~~~~~~~~~~~~~~~~~~~~~~~~~~~~~~~~~~~~~~~~~~~~~~~
      Par name  Varying?	Par init val and step
~~~~~~~~~~~~~~~~~~~~~~~~~~~~~~~~~~~~~~~~~~~~~~~~~~~~~~~~~~~~~~~~~~~~~
       # Cyc's         0	525 +/- 0.01
     Bin width         0	250 +/- 0.01
       DC rate         1	6.8 +/- 0.001
        Rate 1         1	120 +/- 0.0005
        Rate 2         1	850 +/- 0.0005
        Rate 3         0	0 +/- 0.0005
      Capt eff         1	0.65 +/- 0.02
      Capt ret         0	1 +/- 0.01
         T eff         0	0.13 +/- 0.01
         U eff         0	0.035 +/- 0.001
         V eff         1	1.5 +/- 0.001
         W eff         0	0 +/- 0.001
         X eff         0	1 +/- 0.001
         Y eff         0	0 +/- 0.001
         Z eff         1	0.8 +/- 0.001
       T1 loss         0	0 +/- 0.005
       T2 loss         0	0.027 +/- 0.001
       T3 loss         0	0 +/- 0.005
       U1 loss         0	2e-10 +/- 0.005
       U2 loss         0	2e-10 +/- 0.005
       U3 loss         0	10000 +/- 0.01
~~~~~~~~~~~~~~~~~~~~~~~~~~~~~~~~~~~~~~~~~~~~~~~~~~~~~~~~~~~~~~~~~~~~~

Ini pars (   0): DC=6.8000e+00 r1=1.2000e+02 r2=8.5000e+02 p=6.5000e-01 epsV=1.5000e+00 epsZ=8.0000e-01 
New pars (   1): DC=6.8002e+00 r1=1.2000e+02 r2=8.5000e+02 p=6.5000e-01 epsV=1.5000e+00 epsZ=8.0000e-01 
New pars (   2): DC=6.7998e+00 r1=1.2000e+02 r2=8.5000e+02 p=6.5000e-01 epsV=1.5000e+00 epsZ=8.0000e-01 
New pars (   3): DC=6.8007e+00 r1=1.2000e+02 r2=8.5000e+02 p=6.5000e-01 epsV=1.5000e+00 epsZ=8.0000e-01 
New pars (   4): DC=6.7993e+00 r1=1.2000e+02 r2=8.5000e+02 p=6.5000e-01 epsV=1.5000e+00 epsZ=8.0000e-01 
New pars (   5): DC=6.8000e+00 r1=1.2000e+02 r2=8.5000e+02 p=6.5000e-01 epsV=1.5000e+00 epsZ=8.0000e-01 
New pars (   6): DC=6.8000e+00 r1=1.2000e+02 r2=8.5000e+02 p=6.5000e-01 epsV=1.5000e+00 epsZ=8.0000e-01 
New pars (   7): DC=6.8000e+00 r1=1.2000e+02 r2=8.5000e+02 p=6.5000e-01 epsV=1.5000e+00 epsZ=8.0000e-01 
New pars (   8): DC=6.8000e+00 r1=1.2000e+02 r2=8.5000e+02 p=6.5000e-01 epsV=1.5000e+00 epsZ=8.0000e-01 
New pars (   9): DC=6.8000e+00 r1=1.2000e+02 r2=8.5000e+02 p=6.5000e-01 epsV=1.5000e+00 epsZ=8.0000e-01 
New pars (  10): DC=6.8000e+00 r1=1.2000e+02 r2=8.5000e+02 p=6.5000e-01 epsV=1.5000e+00 epsZ=8.0000e-01 
New pars (  11): DC=6.8000e+00 r1=1.2000e+02 r2=8.5000e+02 p=6.5381e-01 epsV=1.5000e+00 epsZ=8.0000e-01 
New pars (  12): DC=6.8000e+00 r1=1.2000e+02 r2=8.5000e+02 p=6.4619e-01 epsV=1.5000e+00 epsZ=8.0000e-01 
New pars (  13): DC=6.8000e+00 r1=1.2000e+02 r2=8.5000e+02 p=6.5038e-01 epsV=1.5000e+00 epsZ=8.0000e-01 
New pars (  14): DC=6.8000e+00 r1=1.2000e+02 r2=8.5000e+02 p=6.4962e-01 epsV=1.5000e+00 epsZ=8.0000e-01 
New pars (  15): DC=6.8000e+00 r1=1.2000e+02 r2=8.5000e+02 p=6.5000e-01 epsV=1.5002e+00 epsZ=8.0000e-01 
New pars (  16): DC=6.7993e+00 r1=1.2000e+02 r2=8.5000e+02 p=6.5000e-01 epsV=1.5000e+00 epsZ=8.0000e-01 
New pars (  17): DC=6.7965e+00 r1=1.2000e+02 r2=8.5000e+02 p=6.5000e-01 epsV=1.5000e+00 epsZ=8.0000e-01 
New pars (  18): DC=6.7896e+00 r1=1.2000e+02 r2=8.5000e+02 p=6.5000e-01 epsV=1.5000e+00 epsZ=8.0000e-01 
New pars (  19): DC=6.7689e+00 r1=1.2000e+02 r2=8.5000e+02 p=6.5000e-01 epsV=1.5000e+00 epsZ=8.0000e-01 
New pars (  20): DC=6.7067e+00 r1=1.2000e+02 r2=8.5000e+02 p=6.5000e-01 epsV=1.5000e+00 epsZ=8.0000e-01 
New pars (  21): DC=6.5201e+00 r1=1.2000e+02 r2=8.5000e+02 p=6.5000e-01 epsV=1.5000e+00 epsZ=8.0000e-01 
New pars (  22): DC=6.1089e+00 r1=1.2000e+02 r2=8.5000e+02 p=6.5000e-01 epsV=1.5000e+00 epsZ=8.0000e-01 
New pars (  23): DC=6.1108e+00 r1=1.2000e+02 r2=8.5000e+02 p=6.5000e-01 epsV=1.5000e+00 epsZ=8.0000e-01 
New pars (  24): DC=6.1070e+00 r1=1.2000e+02 r2=8.5000e+02 p=6.5000e-01 epsV=1.5000e+00 epsZ=8.0000e-01 
New pars (  25): DC=6.1117e+00 r1=1.2000e+02 r2=8.5000e+02 p=6.5000e-01 epsV=1.5000e+00 epsZ=8.0000e-01 
New pars (  26): DC=6.1060e+00 r1=1.2000e+02 r2=8.5000e+02 p=6.5000e-01 epsV=1.5000e+00 epsZ=8.0000e-01 
New pars (  27): DC=6.1089e+00 r1=1.2000e+02 r2=8.5000e+02 p=6.5000e-01 epsV=1.5000e+00 epsZ=8.0000e-01 
New pars (  28): DC=6.1089e+00 r1=1.2000e+02 r2=8.5000e+02 p=6.5000e-01 epsV=1.5000e+00 epsZ=8.0000e-01 
New pars (  29): DC=6.1089e+00 r1=1.2000e+02 r2=8.5000e+02 p=6.5000e-01 epsV=1.5000e+00 epsZ=8.0000e-01 
New pars (  30): DC=6.1089e+00 r1=1.2000e+02 r2=8.5000e+02 p=6.5000e-01 epsV=1.5000e+00 epsZ=8.0000e-01 
New pars (  31): DC=6.1089e+00 r1=1.2000e+02 r2=8.5000e+02 p=6.5000e-01 epsV=1.5000e+00 epsZ=8.0000e-01 
New pars (  32): DC=6.1089e+00 r1=1.2000e+02 r2=8.5000e+02 p=6.5000e-01 epsV=1.5000e+00 epsZ=8.0000e-01 
New pars (  33): DC=6.1089e+00 r1=1.2000e+02 r2=8.5000e+02 p=6.5000e-01 epsV=1.5000e+00 epsZ=8.0000e-01 
New pars (  34): DC=6.1089e+00 r1=1.2000e+02 r2=8.5000e+02 p=6.5000e-01 epsV=1.5000e+00 epsZ=8.0000e-01 
New pars (  35): DC=6.1089e+00 r1=1.2000e+02 r2=8.5000e+02 p=6.5014e-01 epsV=1.5000e+00 epsZ=8.0000e-01 
New pars (  36): DC=6.1089e+00 r1=1.2000e+02 r2=8.5000e+02 p=6.4986e-01 epsV=1.5000e+00 epsZ=8.0000e-01 
New pars (  37): DC=6.1089e+00 r1=1.2000e+02 r2=8.5000e+02 p=6.5000e-01 epsV=1.5002e+00 epsZ=8.0000e-01 
New pars (  38): DC=6.1089e+00 r1=1.2000e+02 r2=8.5000e+02 p=6.5000e-01 epsV=1.5000e+00 epsZ=8.0000e-01 
New pars (  39): DC=6.1089e+00 r1=1.2000e+02 r2=8.5000e+02 p=6.5000e-01 epsV=1.5000e+00 epsZ=8.0000e-01 
New pars (  40): DC=6.1089e+00 r1=1.1999e+02 r2=8.5000e+02 p=6.5000e-01 epsV=1.5000e+00 epsZ=8.0000e-01 
New pars (  41): DC=6.1089e+00 r1=1.1997e+02 r2=8.5000e+02 p=6.5000e-01 epsV=1.5000e+00 epsZ=8.0000e-01 
New pars (  42): DC=6.1089e+00 r1=1.1992e+02 r2=8.5000e+02 p=6.5000e-01 epsV=1.5000e+00 epsZ=8.0000e-01 
New pars (  43): DC=6.1089e+00 r1=1.1977e+02 r2=8.5000e+02 p=6.5000e-01 epsV=1.5000e+00 epsZ=8.0000e-01 
New pars (  44): DC=6.1089e+00 r1=1.1943e+02 r2=8.5000e+02 p=6.5000e-01 epsV=1.5000e+00 epsZ=8.0000e-01 
New pars (  45): DC=6.1117e+00 r1=1.1943e+02 r2=8.5000e+02 p=6.5000e-01 epsV=1.5000e+00 epsZ=8.0000e-01 
New pars (  46): DC=6.1061e+00 r1=1.1943e+02 r2=8.5000e+02 p=6.5000e-01 epsV=1.5000e+00 epsZ=8.0000e-01 
New pars (  47): DC=6.1089e+00 r1=1.1943e+02 r2=8.5000e+02 p=6.5000e-01 epsV=1.5000e+00 epsZ=8.0000e-01 
New pars (  48): DC=6.1089e+00 r1=1.1943e+02 r2=8.5000e+02 p=6.5000e-01 epsV=1.5000e+00 epsZ=8.0000e-01 
New pars (  49): DC=6.1089e+00 r1=1.1943e+02 r2=8.5000e+02 p=6.5000e-01 epsV=1.5000e+00 epsZ=8.0000e-01 
New pars (  50): DC=6.1089e+00 r1=1.1943e+02 r2=8.5000e+02 p=6.5000e-01 epsV=1.5000e+00 epsZ=8.0000e-01 
New pars (  51): DC=6.1089e+00 r1=1.1943e+02 r2=8.5000e+02 p=6.5019e-01 epsV=1.5000e+00 epsZ=8.0000e-01 
New pars (  52): DC=6.1089e+00 r1=1.1943e+02 r2=8.5000e+02 p=6.4981e-01 epsV=1.5000e+00 epsZ=8.0000e-01 
New pars (  53): DC=6.1089e+00 r1=1.1943e+02 r2=8.5000e+02 p=6.5000e-01 epsV=1.5014e+00 epsZ=8.0000e-01 
New pars (  54): DC=6.1089e+00 r1=1.1943e+02 r2=8.5000e+02 p=6.5000e-01 epsV=1.5000e+00 epsZ=8.0000e-01 
New pars (  55): DC=6.1089e+00 r1=1.1943e+02 r2=8.5000e+02 p=6.5000e-01 epsV=1.5000e+00 epsZ=8.0000e-01 
New pars (  56): DC=6.1089e+00 r1=1.1942e+02 r2=8.5000e+02 p=6.5000e-01 epsV=1.5000e+00 epsZ=8.0000e-01 
New pars (  57): DC=6.1089e+00 r1=1.1938e+02 r2=8.5000e+02 p=6.5000e-01 epsV=1.5000e+00 epsZ=8.0000e-01 
New pars (  58): DC=6.1089e+00 r1=1.1929e+02 r2=8.5000e+02 p=6.5000e-01 epsV=1.5000e+00 epsZ=8.0000e-01 
New pars (  59): DC=6.1089e+00 r1=1.1901e+02 r2=8.5000e+02 p=6.5000e-01 epsV=1.5000e+00 epsZ=8.0000e-01 
New pars (  60): DC=6.1089e+00 r1=1.1839e+02 r2=8.5000e+02 p=6.5000e-01 epsV=1.5000e+00 epsZ=8.0000e-01 
New pars (  61): DC=6.1116e+00 r1=1.1839e+02 r2=8.5000e+02 p=6.5000e-01 epsV=1.5000e+00 epsZ=8.0000e-01 
New pars (  62): DC=6.1062e+00 r1=1.1839e+02 r2=8.5000e+02 p=6.5000e-01 epsV=1.5000e+00 epsZ=8.0000e-01 
New pars (  63): DC=6.1089e+00 r1=1.1840e+02 r2=8.5000e+02 p=6.5000e-01 epsV=1.5000e+00 epsZ=8.0000e-01 
New pars (  64): DC=6.1089e+00 r1=1.1839e+02 r2=8.5000e+02 p=6.5000e-01 epsV=1.5000e+00 epsZ=8.0000e-01 
New pars (  65): DC=6.1089e+00 r1=1.1839e+02 r2=8.5000e+02 p=6.5000e-01 epsV=1.5000e+00 epsZ=8.0000e-01 
New pars (  66): DC=6.1089e+00 r1=1.1839e+02 r2=8.5000e+02 p=6.5000e-01 epsV=1.5000e+00 epsZ=8.0000e-01 
New pars (  67): DC=6.1089e+00 r1=1.1839e+02 r2=8.5000e+02 p=6.5014e-01 epsV=1.5000e+00 epsZ=8.0000e-01 
New pars (  68): DC=6.1089e+00 r1=1.1839e+02 r2=8.5000e+02 p=6.4986e-01 epsV=1.5000e+00 epsZ=8.0000e-01 
New pars (  69): DC=6.1089e+00 r1=1.1839e+02 r2=8.5000e+02 p=6.5000e-01 epsV=1.5005e+00 epsZ=8.0000e-01 
New pars (  70): DC=6.1089e+00 r1=1.1839e+02 r2=8.5000e+02 p=6.5000e-01 epsV=1.5000e+00 epsZ=8.0000e-01 
New pars (  71): DC=6.1089e+00 r1=1.1838e+02 r2=8.5000e+02 p=6.5000e-01 epsV=1.5000e+00 epsZ=8.0000e-01 
New pars (  72): DC=6.1089e+00 r1=1.1835e+02 r2=8.5000e+02 p=6.5000e-01 epsV=1.5000e+00 epsZ=8.0000e-01 
New pars (  73): DC=6.1089e+00 r1=1.1827e+02 r2=8.5000e+02 p=6.5000e-01 epsV=1.5000e+00 epsZ=8.0000e-01 
New pars (  74): DC=6.1089e+00 r1=1.1802e+02 r2=8.5000e+02 p=6.5000e-01 epsV=1.5000e+00 epsZ=8.0000e-01 
New pars (  75): DC=6.1089e+00 r1=1.1727e+02 r2=8.5000e+02 p=6.5000e-01 epsV=1.5000e+00 epsZ=8.0000e-01 
New pars (  76): DC=6.1089e+00 r1=1.1563e+02 r2=8.5000e+02 p=6.5000e-01 epsV=1.5000e+00 epsZ=8.0000e-01 
New pars (  77): DC=6.1115e+00 r1=1.1563e+02 r2=8.5000e+02 p=6.5000e-01 epsV=1.5000e+00 epsZ=8.0000e-01 
New pars (  78): DC=6.1063e+00 r1=1.1563e+02 r2=8.5000e+02 p=6.5000e-01 epsV=1.5000e+00 epsZ=8.0000e-01 
New pars (  79): DC=6.1089e+00 r1=1.1563e+02 r2=8.5000e+02 p=6.5000e-01 epsV=1.5000e+00 epsZ=8.0000e-01 
New pars (  80): DC=6.1089e+00 r1=1.1562e+02 r2=8.5000e+02 p=6.5000e-01 epsV=1.5000e+00 epsZ=8.0000e-01 
New pars (  81): DC=6.1089e+00 r1=1.1563e+02 r2=8.5001e+02 p=6.5000e-01 epsV=1.5000e+00 epsZ=8.0000e-01 
New pars (  82): DC=6.1089e+00 r1=1.1563e+02 r2=8.4999e+02 p=6.5000e-01 epsV=1.5000e+00 epsZ=8.0000e-01 
New pars (  83): DC=6.1089e+00 r1=1.1563e+02 r2=8.5000e+02 p=6.5015e-01 epsV=1.5000e+00 epsZ=8.0000e-01 
New pars (  84): DC=6.1089e+00 r1=1.1563e+02 r2=8.5000e+02 p=6.4985e-01 epsV=1.5000e+00 epsZ=8.0000e-01 
New pars (  85): DC=6.1089e+00 r1=1.1563e+02 r2=8.5000e+02 p=6.5000e-01 epsV=1.5005e+00 epsZ=8.0000e-01 
New pars (  86): DC=6.1089e+00 r1=1.1562e+02 r2=8.5000e+02 p=6.5000e-01 epsV=1.5000e+00 epsZ=8.0000e-01 
New pars (  87): DC=6.1089e+00 r1=1.1559e+02 r2=8.5000e+02 p=6.5000e-01 epsV=1.5000e+00 epsZ=8.0000e-01 
New pars (  88): DC=6.1089e+00 r1=1.1551e+02 r2=8.5000e+02 p=6.5000e-01 epsV=1.5000e+00 epsZ=8.0000e-01 
New pars (  89): DC=6.1089e+00 r1=1.1529e+02 r2=8.5000e+02 p=6.5000e-01 epsV=1.5000e+00 epsZ=8.0000e-01 
New pars (  90): DC=6.1089e+00 r1=1.1463e+02 r2=8.5000e+02 p=6.5000e-01 epsV=1.5000e+00 epsZ=8.0000e-01 
New pars (  91): DC=6.1089e+00 r1=1.1264e+02 r2=8.5000e+02 p=6.5000e-01 epsV=1.5000e+00 epsZ=8.0000e-01 
New pars (  92): DC=6.1089e+00 r1=1.0825e+02 r2=8.5000e+02 p=6.5000e-01 epsV=1.5000e+00 epsZ=8.0000e-01 
New pars (  93): DC=6.1113e+00 r1=1.0825e+02 r2=8.5000e+02 p=6.5000e-01 epsV=1.5000e+00 epsZ=8.0000e-01 
New pars (  94): DC=6.1065e+00 r1=1.0825e+02 r2=8.5000e+02 p=6.5000e-01 epsV=1.5000e+00 epsZ=8.0000e-01 
New pars (  95): DC=6.1089e+00 r1=1.0828e+02 r2=8.5000e+02 p=6.5000e-01 epsV=1.5000e+00 epsZ=8.0000e-01 
New pars (  96): DC=6.1089e+00 r1=1.0823e+02 r2=8.5000e+02 p=6.5000e-01 epsV=1.5000e+00 epsZ=8.0000e-01 
New pars (  97): DC=6.1089e+00 r1=1.0830e+02 r2=8.5000e+02 p=6.5000e-01 epsV=1.5000e+00 epsZ=8.0000e-01 
New pars (  98): DC=6.1089e+00 r1=1.0821e+02 r2=8.5000e+02 p=6.5000e-01 epsV=1.5000e+00 epsZ=8.0000e-01 
New pars (  99): DC=6.1089e+00 r1=1.0825e+02 r2=8.5001e+02 p=6.5000e-01 epsV=1.5000e+00 epsZ=8.0000e-01 
New pars ( 100): DC=6.1089e+00 r1=1.0825e+02 r2=8.4999e+02 p=6.5000e-01 epsV=1.5000e+00 epsZ=8.0000e-01 
New pars ( 101): DC=6.1089e+00 r1=1.0825e+02 r2=8.5002e+02 p=6.5000e-01 epsV=1.5000e+00 epsZ=8.0000e-01 
New pars ( 102): DC=6.1089e+00 r1=1.0825e+02 r2=8.4998e+02 p=6.5000e-01 epsV=1.5000e+00 epsZ=8.0000e-01 
New pars ( 103): DC=6.1089e+00 r1=1.0825e+02 r2=8.5000e+02 p=6.5014e-01 epsV=1.5000e+00 epsZ=8.0000e-01 
New pars ( 104): DC=6.1089e+00 r1=1.0825e+02 r2=8.5000e+02 p=6.4986e-01 epsV=1.5000e+00 epsZ=8.0000e-01 
New pars ( 105): DC=6.1089e+00 r1=1.0825e+02 r2=8.5000e+02 p=6.5000e-01 epsV=1.5005e+00 epsZ=8.0000e-01 
New pars ( 106): DC=6.1089e+00 r1=1.0825e+02 r2=8.4998e+02 p=6.5000e-01 epsV=1.5000e+00 epsZ=8.0000e-01 
New pars ( 107): DC=6.1089e+00 r1=1.0825e+02 r2=8.4988e+02 p=6.5000e-01 epsV=1.5000e+00 epsZ=8.0000e-01 
New pars ( 108): DC=6.1089e+00 r1=1.0825e+02 r2=8.4964e+02 p=6.5000e-01 epsV=1.5000e+00 epsZ=8.0000e-01 
New pars ( 109): DC=6.1089e+00 r1=1.0825e+02 r2=8.4891e+02 p=6.5000e-01 epsV=1.5000e+00 epsZ=8.0000e-01 
New pars ( 110): DC=6.1089e+00 r1=1.0825e+02 r2=8.4674e+02 p=6.5000e-01 epsV=1.5000e+00 epsZ=8.0000e-01 
New pars ( 111): DC=6.1089e+00 r1=1.0825e+02 r2=8.4021e+02 p=6.5000e-01 epsV=1.5000e+00 epsZ=8.0000e-01 
New pars ( 112): DC=6.1089e+00 r1=1.0825e+02 r2=8.2583e+02 p=6.5000e-01 epsV=1.5000e+00 epsZ=8.0000e-01 
New pars ( 113): DC=6.1110e+00 r1=1.0825e+02 r2=8.2583e+02 p=6.5000e-01 epsV=1.5000e+00 epsZ=8.0000e-01 
New pars ( 114): DC=6.1068e+00 r1=1.0825e+02 r2=8.2583e+02 p=6.5000e-01 epsV=1.5000e+00 epsZ=8.0000e-01 
New pars ( 115): DC=6.1089e+00 r1=1.0829e+02 r2=8.2583e+02 p=6.5000e-01 epsV=1.5000e+00 epsZ=8.0000e-01 
New pars ( 116): DC=6.1089e+00 r1=1.0822e+02 r2=8.2583e+02 p=6.5000e-01 epsV=1.5000e+00 epsZ=8.0000e-01 
New pars ( 117): DC=6.1089e+00 r1=1.0825e+02 r2=8.2588e+02 p=6.5000e-01 epsV=1.5000e+00 epsZ=8.0000e-01 
New pars ( 118): DC=6.1089e+00 r1=1.0825e+02 r2=8.2579e+02 p=6.5000e-01 epsV=1.5000e+00 epsZ=8.0000e-01 
New pars ( 119): DC=6.1089e+00 r1=1.0825e+02 r2=8.2591e+02 p=6.5000e-01 epsV=1.5000e+00 epsZ=8.0000e-01 
New pars ( 120): DC=6.1089e+00 r1=1.0825e+02 r2=8.2575e+02 p=6.5000e-01 epsV=1.5000e+00 epsZ=8.0000e-01 
New pars ( 121): DC=6.1089e+00 r1=1.0825e+02 r2=8.2583e+02 p=6.5013e-01 epsV=1.5000e+00 epsZ=8.0000e-01 
New pars ( 122): DC=6.1089e+00 r1=1.0825e+02 r2=8.2583e+02 p=6.4987e-01 epsV=1.5000e+00 epsZ=8.0000e-01 
New pars ( 123): DC=6.1089e+00 r1=1.0825e+02 r2=8.2583e+02 p=6.5000e-01 epsV=1.5005e+00 epsZ=8.0000e-01 
New pars ( 124): DC=5.7831e+00 r1=4.9769e+01 r2=7.0746e+02 p=3.9587e-01 epsV=1.0191e+00 epsZ=2.6356e-01 
New pars ( 125): DC=6.0270e+00 r1=9.3558e+01 r2=7.9609e+02 p=5.8614e-01 epsV=1.3792e+00 epsZ=6.6521e-01 
New pars ( 126): DC=6.0282e+00 r1=9.3558e+01 r2=7.9609e+02 p=5.8614e-01 epsV=1.3792e+00 epsZ=6.6521e-01 
New pars ( 127): DC=6.0258e+00 r1=9.3558e+01 r2=7.9609e+02 p=5.8614e-01 epsV=1.3792e+00 epsZ=6.6521e-01 
New pars ( 128): DC=6.0270e+00 r1=9.3578e+01 r2=7.9609e+02 p=5.8614e-01 epsV=1.3792e+00 epsZ=6.6521e-01 
New pars ( 129): DC=6.0270e+00 r1=9.3539e+01 r2=7.9609e+02 p=5.8614e-01 epsV=1.3792e+00 epsZ=6.6521e-01 
New pars ( 130): DC=6.0270e+00 r1=9.3573e+01 r2=7.9609e+02 p=5.8614e-01 epsV=1.3792e+00 epsZ=6.6521e-01 
New pars ( 131): DC=6.0270e+00 r1=9.3544e+01 r2=7.9609e+02 p=5.8614e-01 epsV=1.3792e+00 epsZ=6.6521e-01 
New pars ( 132): DC=6.0270e+00 r1=9.3558e+01 r2=7.9613e+02 p=5.8614e-01 epsV=1.3792e+00 epsZ=6.6521e-01 
New pars ( 133): DC=6.0270e+00 r1=9.3558e+01 r2=7.9605e+02 p=5.8614e-01 epsV=1.3792e+00 epsZ=6.6521e-01 
New pars ( 134): DC=6.0270e+00 r1=9.3558e+01 r2=7.9611e+02 p=5.8614e-01 epsV=1.3792e+00 epsZ=6.6521e-01 
New pars ( 135): DC=6.0270e+00 r1=9.3558e+01 r2=7.9606e+02 p=5.8614e-01 epsV=1.3792e+00 epsZ=6.6521e-01 
New pars ( 136): DC=6.0270e+00 r1=9.3558e+01 r2=7.9609e+02 p=5.8621e-01 epsV=1.3792e+00 epsZ=6.6521e-01 
New pars ( 137): DC=6.0270e+00 r1=9.3558e+01 r2=7.9609e+02 p=5.8608e-01 epsV=1.3792e+00 epsZ=6.6521e-01 
New pars ( 138): DC=6.0270e+00 r1=9.3558e+01 r2=7.9609e+02 p=5.8618e-01 epsV=1.3792e+00 epsZ=6.6521e-01 
New pars ( 139): DC=6.0270e+00 r1=9.3558e+01 r2=7.9609e+02 p=5.8611e-01 epsV=1.3792e+00 epsZ=6.6521e-01 
New pars ( 140): DC=6.0270e+00 r1=9.3558e+01 r2=7.9609e+02 p=5.8614e-01 epsV=1.3794e+00 epsZ=6.6521e-01 
New pars ( 141): DC=7.5476e+00 r1=8.6795e+01 r2=7.9196e+02 p=4.9490e-01 epsV=1.5335e+00 epsZ=8.5598e-01 
New pars ( 142): DC=7.3358e+00 r1=8.7737e+01 r2=7.9254e+02 p=5.0761e-01 epsV=1.5120e+00 epsZ=8.2940e-01 
New pars ( 143): DC=7.3360e+00 r1=8.7737e+01 r2=7.9254e+02 p=5.0761e-01 epsV=1.5120e+00 epsZ=8.2940e-01 
New pars ( 144): DC=7.3355e+00 r1=8.7737e+01 r2=7.9254e+02 p=5.0761e-01 epsV=1.5120e+00 epsZ=8.2940e-01 
New pars ( 145): DC=7.3362e+00 r1=8.7737e+01 r2=7.9254e+02 p=5.0761e-01 epsV=1.5120e+00 epsZ=8.2940e-01 
New pars ( 146): DC=7.3354e+00 r1=8.7737e+01 r2=7.9254e+02 p=5.0761e-01 epsV=1.5120e+00 epsZ=8.2940e-01 
New pars ( 147): DC=7.3358e+00 r1=8.7739e+01 r2=7.9254e+02 p=5.0761e-01 epsV=1.5120e+00 epsZ=8.2940e-01 
New pars ( 148): DC=7.3358e+00 r1=8.7734e+01 r2=7.9254e+02 p=5.0761e-01 epsV=1.5120e+00 epsZ=8.2940e-01 
New pars ( 149): DC=7.3358e+00 r1=8.7737e+01 r2=7.9254e+02 p=5.0761e-01 epsV=1.5120e+00 epsZ=8.2940e-01 
New pars ( 150): DC=7.3358e+00 r1=8.7737e+01 r2=7.9253e+02 p=5.0761e-01 epsV=1.5120e+00 epsZ=8.2940e-01 
New pars ( 151): DC=7.3358e+00 r1=8.7737e+01 r2=7.9254e+02 p=5.0761e-01 epsV=1.5120e+00 epsZ=8.2940e-01 
New pars ( 152): DC=7.3358e+00 r1=8.7737e+01 r2=7.9254e+02 p=5.0761e-01 epsV=1.5120e+00 epsZ=8.2940e-01 
New pars ( 153): DC=7.3358e+00 r1=8.7737e+01 r2=7.9254e+02 p=5.0762e-01 epsV=1.5120e+00 epsZ=8.2940e-01 
New pars ( 154): DC=7.3358e+00 r1=8.7737e+01 r2=7.9254e+02 p=5.0761e-01 epsV=1.5120e+00 epsZ=8.2940e-01 
New pars ( 155): DC=7.3358e+00 r1=8.7737e+01 r2=7.9254e+02 p=5.0762e-01 epsV=1.5120e+00 epsZ=8.2940e-01 
New pars ( 156): DC=7.3358e+00 r1=8.7737e+01 r2=7.9254e+02 p=5.0761e-01 epsV=1.5120e+00 epsZ=8.2940e-01 
New pars ( 157): DC=7.3358e+00 r1=8.7737e+01 r2=7.9254e+02 p=5.0761e-01 epsV=1.5120e+00 epsZ=8.2940e-01 
New pars ( 158): DC=7.3772e+00 r1=8.8768e+01 r2=7.9034e+02 p=5.0402e-01 epsV=1.4988e+00 epsZ=8.1950e-01 
New pars ( 159): DC=7.3960e+00 r1=8.9236e+01 r2=7.8934e+02 p=5.0240e-01 epsV=1.4928e+00 epsZ=8.1501e-01 
New pars ( 160): DC=7.3963e+00 r1=8.9236e+01 r2=7.8934e+02 p=5.0240e-01 epsV=1.4928e+00 epsZ=8.1501e-01 
New pars ( 161): DC=7.3956e+00 r1=8.9236e+01 r2=7.8934e+02 p=5.0240e-01 epsV=1.4928e+00 epsZ=8.1501e-01 
New pars ( 162): DC=7.3962e+00 r1=8.9236e+01 r2=7.8934e+02 p=5.0240e-01 epsV=1.4928e+00 epsZ=8.1501e-01 
New pars ( 163): DC=7.3957e+00 r1=8.9236e+01 r2=7.8934e+02 p=5.0240e-01 epsV=1.4928e+00 epsZ=8.1501e-01 
New pars ( 164): DC=7.3960e+00 r1=8.9238e+01 r2=7.8934e+02 p=5.0240e-01 epsV=1.4928e+00 epsZ=8.1501e-01 
New pars ( 165): DC=7.3960e+00 r1=8.9234e+01 r2=7.8934e+02 p=5.0240e-01 epsV=1.4928e+00 epsZ=8.1501e-01 
New pars ( 166): DC=7.3960e+00 r1=8.9236e+01 r2=7.8934e+02 p=5.0240e-01 epsV=1.4928e+00 epsZ=8.1501e-01 
New pars ( 167): DC=7.3960e+00 r1=8.9236e+01 r2=7.8934e+02 p=5.0240e-01 epsV=1.4928e+00 epsZ=8.1501e-01 
New pars ( 168): DC=7.3960e+00 r1=8.9236e+01 r2=7.8934e+02 p=5.0240e-01 epsV=1.4928e+00 epsZ=8.1501e-01 
New pars ( 169): DC=7.3960e+00 r1=8.9236e+01 r2=7.8934e+02 p=5.0239e-01 epsV=1.4928e+00 epsZ=8.1501e-01 
New pars ( 170): DC=7.3960e+00 r1=8.9236e+01 r2=7.8934e+02 p=5.0240e-01 epsV=1.4928e+00 epsZ=8.1501e-01 
New pars ( 171): DC=7.4341e+00 r1=9.1002e+01 r2=7.8789e+02 p=4.9996e-01 epsV=1.4940e+00 epsZ=8.0103e-01 
New pars ( 172): DC=7.5866e+00 r1=9.8064e+01 r2=7.8208e+02 p=4.9019e-01 epsV=1.4986e+00 epsZ=7.4513e-01 
New pars ( 173): DC=7.6115e+00 r1=9.9217e+01 r2=7.8113e+02 p=4.8860e-01 epsV=1.4994e+00 epsZ=7.3601e-01 
New pars ( 174): DC=7.6117e+00 r1=9.9217e+01 r2=7.8113e+02 p=4.8860e-01 epsV=1.4994e+00 epsZ=7.3601e-01 
New pars ( 175): DC=7.6113e+00 r1=9.9217e+01 r2=7.8113e+02 p=4.8860e-01 epsV=1.4994e+00 epsZ=7.3601e-01 
New pars ( 176): DC=7.6120e+00 r1=9.9217e+01 r2=7.8113e+02 p=4.8860e-01 epsV=1.4994e+00 epsZ=7.3601e-01 
New pars ( 177): DC=7.6111e+00 r1=9.9217e+01 r2=7.8113e+02 p=4.8860e-01 epsV=1.4994e+00 epsZ=7.3601e-01 
New pars ( 178): DC=7.6115e+00 r1=9.9219e+01 r2=7.8113e+02 p=4.8860e-01 epsV=1.4994e+00 epsZ=7.3601e-01 
New pars ( 179): DC=7.6115e+00 r1=9.9215e+01 r2=7.8113e+02 p=4.8860e-01 epsV=1.4994e+00 epsZ=7.3601e-01 
New pars ( 180): DC=7.6115e+00 r1=9.9217e+01 r2=7.8113e+02 p=4.8860e-01 epsV=1.4994e+00 epsZ=7.3601e-01 
New pars ( 181): DC=7.6115e+00 r1=9.9217e+01 r2=7.8113e+02 p=4.8860e-01 epsV=1.4994e+00 epsZ=7.3601e-01 
New pars ( 182): DC=7.6115e+00 r1=9.9217e+01 r2=7.8113e+02 p=4.8860e-01 epsV=1.4994e+00 epsZ=7.3601e-01 
New pars ( 183): DC=7.6115e+00 r1=9.9217e+01 r2=7.8113e+02 p=4.8860e-01 epsV=1.4994e+00 epsZ=7.3601e-01 
New pars ( 184): DC=7.6115e+00 r1=9.9217e+01 r2=7.8113e+02 p=4.8860e-01 epsV=1.4994e+00 epsZ=7.3601e-01 
New pars ( 185): DC=7.6115e+00 r1=9.9217e+01 r2=7.8113e+02 p=4.8860e-01 epsV=1.4994e+00 epsZ=7.3601e-01 
New pars ( 186): DC=7.6115e+00 r1=9.9217e+01 r2=7.8113e+02 p=4.8860e-01 epsV=1.4994e+00 epsZ=7.3601e-01 
New pars ( 187): DC=7.6115e+00 r1=9.9217e+01 r2=7.8113e+02 p=4.8860e-01 epsV=1.4994e+00 epsZ=7.3601e-01 
New pars ( 188): DC=7.6115e+00 r1=9.9217e+01 r2=7.8113e+02 p=4.8860e-01 epsV=1.4994e+00 epsZ=7.3601e-01 
New pars ( 189): DC=7.5594e+00 r1=1.0191e+02 r2=7.7949e+02 p=4.8820e-01 epsV=1.4978e+00 epsZ=7.1710e-01 
New pars ( 190): DC=7.5298e+00 r1=1.0344e+02 r2=7.7855e+02 p=4.8797e-01 epsV=1.4968e+00 epsZ=7.0637e-01 
New pars ( 191): DC=7.5301e+00 r1=1.0344e+02 r2=7.7855e+02 p=4.8797e-01 epsV=1.4968e+00 epsZ=7.0637e-01 
New pars ( 192): DC=7.5295e+00 r1=1.0344e+02 r2=7.7855e+02 p=4.8797e-01 epsV=1.4968e+00 epsZ=7.0637e-01 
New pars ( 193): DC=7.5298e+00 r1=1.0344e+02 r2=7.7855e+02 p=4.8797e-01 epsV=1.4968e+00 epsZ=7.0637e-01 
New pars ( 194): DC=7.5298e+00 r1=1.0344e+02 r2=7.7855e+02 p=4.8797e-01 epsV=1.4968e+00 epsZ=7.0637e-01 
New pars ( 195): DC=7.5298e+00 r1=1.0344e+02 r2=7.7855e+02 p=4.8797e-01 epsV=1.4968e+00 epsZ=7.0637e-01 
New pars ( 196): DC=7.5298e+00 r1=1.0344e+02 r2=7.7855e+02 p=4.8797e-01 epsV=1.4968e+00 epsZ=7.0637e-01 
New pars ( 197): DC=7.5298e+00 r1=1.0344e+02 r2=7.7855e+02 p=4.8797e-01 epsV=1.4968e+00 epsZ=7.0637e-01 
New pars ( 198): DC=7.5298e+00 r1=1.0344e+02 r2=7.7855e+02 p=4.8797e-01 epsV=1.4968e+00 epsZ=7.0637e-01 
New pars ( 199): DC=7.5298e+00 r1=1.0344e+02 r2=7.7855e+02 p=4.8797e-01 epsV=1.4968e+00 epsZ=7.0637e-01 
New pars ( 200): DC=7.5298e+00 r1=1.0344e+02 r2=7.7855e+02 p=4.8797e-01 epsV=1.4968e+00 epsZ=7.0637e-01 
New pars ( 201): DC=7.5298e+00 r1=1.0344e+02 r2=7.7855e+02 p=4.8797e-01 epsV=1.4968e+00 epsZ=7.0637e-01 
New pars ( 202): DC=7.5298e+00 r1=1.0344e+02 r2=7.7855e+02 p=4.8797e-01 epsV=1.4968e+00 epsZ=7.0637e-01 
New pars ( 203): DC=7.5298e+00 r1=1.0344e+02 r2=7.7855e+02 p=4.8797e-01 epsV=1.4968e+00 epsZ=7.0637e-01 
New pars ( 204): DC=7.4938e+00 r1=1.0416e+02 r2=7.7814e+02 p=4.8539e-01 epsV=1.5012e+00 epsZ=7.0564e-01 
New pars ( 205): DC=7.3891e+00 r1=1.0626e+02 r2=7.7695e+02 p=4.7787e-01 epsV=1.5140e+00 epsZ=7.0352e-01 
New pars ( 206): DC=7.3893e+00 r1=1.0626e+02 r2=7.7695e+02 p=4.7787e-01 epsV=1.5140e+00 epsZ=7.0352e-01 
New pars ( 207): DC=7.3889e+00 r1=1.0626e+02 r2=7.7695e+02 p=4.7787e-01 epsV=1.5140e+00 epsZ=7.0352e-01 
New pars ( 208): DC=7.3891e+00 r1=1.0626e+02 r2=7.7695e+02 p=4.7787e-01 epsV=1.5140e+00 epsZ=7.0352e-01 
New pars ( 209): DC=7.3891e+00 r1=1.0626e+02 r2=7.7695e+02 p=4.7787e-01 epsV=1.5140e+00 epsZ=7.0352e-01 
New pars ( 210): DC=7.3891e+00 r1=1.0626e+02 r2=7.7695e+02 p=4.7787e-01 epsV=1.5140e+00 epsZ=7.0352e-01 
New pars ( 211): DC=7.3891e+00 r1=1.0626e+02 r2=7.7695e+02 p=4.7787e-01 epsV=1.5140e+00 epsZ=7.0352e-01 
New pars ( 212): DC=7.3891e+00 r1=1.0626e+02 r2=7.7695e+02 p=4.7787e-01 epsV=1.5140e+00 epsZ=7.0352e-01 
New pars ( 213): DC=7.3891e+00 r1=1.0626e+02 r2=7.7695e+02 p=4.7787e-01 epsV=1.5140e+00 epsZ=7.0352e-01 
New pars ( 214): DC=7.3891e+00 r1=1.0626e+02 r2=7.7695e+02 p=4.7787e-01 epsV=1.5140e+00 epsZ=7.0352e-01 
New pars ( 215): DC=7.3891e+00 r1=1.0626e+02 r2=7.7695e+02 p=4.7787e-01 epsV=1.5140e+00 epsZ=7.0352e-01 
New pars ( 216): DC=7.3891e+00 r1=1.0626e+02 r2=7.7695e+02 p=4.7787e-01 epsV=1.5140e+00 epsZ=7.0352e-01 
New pars ( 217): DC=7.3849e+00 r1=1.0592e+02 r2=7.7723e+02 p=4.7845e-01 epsV=1.5135e+00 epsZ=7.0579e-01 
New pars ( 218): DC=7.3851e+00 r1=1.0592e+02 r2=7.7723e+02 p=4.7845e-01 epsV=1.5135e+00 epsZ=7.0579e-01 
New pars ( 219): DC=7.3847e+00 r1=1.0592e+02 r2=7.7723e+02 p=4.7845e-01 epsV=1.5135e+00 epsZ=7.0579e-01 
New pars ( 220): DC=7.3849e+00 r1=1.0593e+02 r2=7.7723e+02 p=4.7845e-01 epsV=1.5135e+00 epsZ=7.0579e-01 
New pars ( 221): DC=7.3849e+00 r1=1.0592e+02 r2=7.7723e+02 p=4.7845e-01 epsV=1.5135e+00 epsZ=7.0579e-01 
New pars ( 222): DC=7.3849e+00 r1=1.0592e+02 r2=7.7724e+02 p=4.7845e-01 epsV=1.5135e+00 epsZ=7.0579e-01 
New pars ( 223): DC=7.3849e+00 r1=1.0592e+02 r2=7.7722e+02 p=4.7845e-01 epsV=1.5135e+00 epsZ=7.0579e-01 
New pars ( 224): DC=7.3849e+00 r1=1.0592e+02 r2=7.7723e+02 p=4.7847e-01 epsV=1.5135e+00 epsZ=7.0579e-01 
New pars ( 225): DC=7.3849e+00 r1=1.0592e+02 r2=7.7723e+02 p=4.7844e-01 epsV=1.5135e+00 epsZ=7.0579e-01 
New pars ( 226): DC=7.3849e+00 r1=1.0592e+02 r2=7.7723e+02 p=4.7845e-01 epsV=1.5135e+00 epsZ=7.0579e-01 
New pars ( 227): DC=7.3845e+00 r1=1.0591e+02 r2=7.7725e+02 p=4.7847e-01 epsV=1.5136e+00 epsZ=7.0579e-01 
New pars ( 228): DC=7.3842e+00 r1=1.0589e+02 r2=7.7727e+02 p=4.7848e-01 epsV=1.5137e+00 epsZ=7.0579e-01 
New pars ( 229): DC=7.3844e+00 r1=1.0589e+02 r2=7.7727e+02 p=4.7848e-01 epsV=1.5137e+00 epsZ=7.0579e-01 
New pars ( 230): DC=7.3840e+00 r1=1.0589e+02 r2=7.7727e+02 p=4.7848e-01 epsV=1.5137e+00 epsZ=7.0579e-01 
New pars ( 231): DC=7.3842e+00 r1=1.0590e+02 r2=7.7727e+02 p=4.7848e-01 epsV=1.5137e+00 epsZ=7.0579e-01 
New pars ( 232): DC=7.3842e+00 r1=1.0589e+02 r2=7.7727e+02 p=4.7848e-01 epsV=1.5137e+00 epsZ=7.0579e-01 
New pars ( 233): DC=7.3842e+00 r1=1.0589e+02 r2=7.7728e+02 p=4.7848e-01 epsV=1.5137e+00 epsZ=7.0579e-01 
New pars ( 234): DC=7.3842e+00 r1=1.0589e+02 r2=7.7726e+02 p=4.7848e-01 epsV=1.5137e+00 epsZ=7.0579e-01 
New pars ( 235): DC=7.3842e+00 r1=1.0589e+02 r2=7.7727e+02 p=4.7849e-01 epsV=1.5137e+00 epsZ=7.0579e-01 
New pars ( 236): DC=7.3842e+00 r1=1.0589e+02 r2=7.7727e+02 p=4.7847e-01 epsV=1.5137e+00 epsZ=7.0579e-01 
New pars ( 237): DC=7.3842e+00 r1=1.0589e+02 r2=7.7727e+02 p=4.7848e-01 epsV=1.5137e+00 epsZ=7.0579e-01 
New pars ( 238): DC=7.3841e+00 r1=1.0589e+02 r2=7.7728e+02 p=4.7848e-01 epsV=1.5137e+00 epsZ=7.0568e-01 
New pars ( 239): DC=7.3840e+00 r1=1.0587e+02 r2=7.7731e+02 p=4.7847e-01 epsV=1.5139e+00 epsZ=7.0524e-01 
New pars ( 240): DC=7.3836e+00 r1=1.0584e+02 r2=7.7739e+02 p=4.7845e-01 epsV=1.5143e+00 epsZ=7.0414e-01 
New pars ( 241): DC=7.3823e+00 r1=1.0573e+02 r2=7.7763e+02 p=4.7841e-01 epsV=1.5155e+00 epsZ=7.0084e-01 
New pars ( 242): DC=7.3803e+00 r1=1.0555e+02 r2=7.7802e+02 p=4.7834e-01 epsV=1.5175e+00 epsZ=6.9530e-01 
New pars ( 243): DC=7.3805e+00 r1=1.0555e+02 r2=7.7802e+02 p=4.7834e-01 epsV=1.5175e+00 epsZ=6.9530e-01 
New pars ( 244): DC=7.3801e+00 r1=1.0555e+02 r2=7.7802e+02 p=4.7834e-01 epsV=1.5175e+00 epsZ=6.9530e-01 
New pars ( 245): DC=7.3803e+00 r1=1.0555e+02 r2=7.7802e+02 p=4.7834e-01 epsV=1.5175e+00 epsZ=6.9530e-01 
New pars ( 246): DC=7.3803e+00 r1=1.0554e+02 r2=7.7802e+02 p=4.7834e-01 epsV=1.5175e+00 epsZ=6.9530e-01 
New pars ( 247): DC=7.3803e+00 r1=1.0555e+02 r2=7.7803e+02 p=4.7834e-01 epsV=1.5175e+00 epsZ=6.9530e-01 
New pars ( 248): DC=7.3803e+00 r1=1.0555e+02 r2=7.7802e+02 p=4.7834e-01 epsV=1.5175e+00 epsZ=6.9530e-01 
New pars ( 249): DC=7.3803e+00 r1=1.0555e+02 r2=7.7802e+02 p=4.7835e-01 epsV=1.5175e+00 epsZ=6.9530e-01 
New pars ( 250): DC=7.3803e+00 r1=1.0555e+02 r2=7.7802e+02 p=4.7832e-01 epsV=1.5175e+00 epsZ=6.9530e-01 
New pars ( 251): DC=7.3803e+00 r1=1.0555e+02 r2=7.7802e+02 p=4.7834e-01 epsV=1.5175e+00 epsZ=6.9530e-01 
New pars ( 252): DC=7.3806e+00 r1=1.0546e+02 r2=7.7835e+02 p=4.7819e-01 epsV=1.5193e+00 epsZ=6.8814e-01 
New pars ( 253): DC=7.3812e+00 r1=1.0531e+02 r2=7.7898e+02 p=4.7792e-01 epsV=1.5228e+00 epsZ=6.7443e-01 
New pars ( 254): DC=7.3814e+00 r1=1.0531e+02 r2=7.7898e+02 p=4.7792e-01 epsV=1.5228e+00 epsZ=6.7443e-01 
New pars ( 255): DC=7.3810e+00 r1=1.0531e+02 r2=7.7898e+02 p=4.7792e-01 epsV=1.5228e+00 epsZ=6.7443e-01 
New pars ( 256): DC=7.3812e+00 r1=1.0531e+02 r2=7.7898e+02 p=4.7792e-01 epsV=1.5228e+00 epsZ=6.7443e-01 
New pars ( 257): DC=7.3812e+00 r1=1.0530e+02 r2=7.7898e+02 p=4.7792e-01 epsV=1.5228e+00 epsZ=6.7443e-01 
New pars ( 258): DC=7.3812e+00 r1=1.0531e+02 r2=7.7898e+02 p=4.7792e-01 epsV=1.5228e+00 epsZ=6.7443e-01 
New pars ( 259): DC=7.3812e+00 r1=1.0531e+02 r2=7.7897e+02 p=4.7792e-01 epsV=1.5228e+00 epsZ=6.7443e-01 
New pars ( 260): DC=7.3812e+00 r1=1.0531e+02 r2=7.7898e+02 p=4.7793e-01 epsV=1.5228e+00 epsZ=6.7443e-01 
New pars ( 261): DC=7.3812e+00 r1=1.0531e+02 r2=7.7898e+02 p=4.7791e-01 epsV=1.5228e+00 epsZ=6.7443e-01 
New pars ( 262): DC=7.3812e+00 r1=1.0531e+02 r2=7.7898e+02 p=4.7792e-01 epsV=1.5228e+00 epsZ=6.7443e-01 
New pars ( 263): DC=7.3811e+00 r1=1.0531e+02 r2=7.7898e+02 p=4.7790e-01 epsV=1.5229e+00 epsZ=6.7428e-01 
New pars ( 264): DC=7.3811e+00 r1=1.0531e+02 r2=7.7898e+02 p=4.7791e-01 epsV=1.5229e+00 epsZ=6.7432e-01 
New pars ( 265): DC=7.3808e+00 r1=1.0531e+02 r2=7.7899e+02 p=4.7788e-01 epsV=1.5229e+00 epsZ=6.7406e-01 
New pars ( 266): DC=7.3810e+00 r1=1.0531e+02 r2=7.7898e+02 p=4.7789e-01 epsV=1.5229e+00 epsZ=6.7417e-01 
New pars ( 267): DC=7.3810e+00 r1=1.0531e+02 r2=7.7898e+02 p=4.7790e-01 epsV=1.5229e+00 epsZ=6.7423e-01 
New pars ( 268): DC=7.3813e+00 r1=1.0531e+02 r2=7.7898e+02 p=4.7790e-01 epsV=1.5229e+00 epsZ=6.7428e-01 
New pars ( 269): DC=7.3809e+00 r1=1.0531e+02 r2=7.7898e+02 p=4.7790e-01 epsV=1.5229e+00 epsZ=6.7428e-01 
New pars ( 270): DC=7.3811e+00 r1=1.0531e+02 r2=7.7898e+02 p=4.7790e-01 epsV=1.5229e+00 epsZ=6.7428e-01 
New pars ( 271): DC=7.3811e+00 r1=1.0530e+02 r2=7.7898e+02 p=4.7790e-01 epsV=1.5229e+00 epsZ=6.7428e-01 
New pars ( 272): DC=7.3811e+00 r1=1.0531e+02 r2=7.7899e+02 p=4.7790e-01 epsV=1.5229e+00 epsZ=6.7428e-01 
New pars ( 273): DC=7.3811e+00 r1=1.0531e+02 r2=7.7897e+02 p=4.7790e-01 epsV=1.5229e+00 epsZ=6.7428e-01 
New pars ( 274): DC=7.3811e+00 r1=1.0531e+02 r2=7.7898e+02 p=4.7792e-01 epsV=1.5229e+00 epsZ=6.7428e-01 
New pars ( 275): DC=7.3811e+00 r1=1.0531e+02 r2=7.7898e+02 p=4.7789e-01 epsV=1.5229e+00 epsZ=6.7428e-01 
New pars ( 276): DC=7.3811e+00 r1=1.0531e+02 r2=7.7898e+02 p=4.7790e-01 epsV=1.5229e+00 epsZ=6.7428e-01 
New pars ( 277): DC=7.3813e+00 r1=1.0531e+02 r2=7.7898e+02 p=4.7790e-01 epsV=1.5229e+00 epsZ=6.7428e-01 
New pars ( 278): DC=7.3809e+00 r1=1.0531e+02 r2=7.7898e+02 p=4.7790e-01 epsV=1.5229e+00 epsZ=6.7428e-01 
New pars ( 279): DC=7.3880e+00 r1=1.0531e+02 r2=7.7898e+02 p=4.7790e-01 epsV=1.5229e+00 epsZ=6.7428e-01 
New pars ( 280): DC=7.3741e+00 r1=1.0531e+02 r2=7.7898e+02 p=4.7790e-01 epsV=1.5229e+00 epsZ=6.7428e-01 
New pars ( 281): DC=7.3811e+00 r1=1.0531e+02 r2=7.7898e+02 p=4.7790e-01 epsV=1.5229e+00 epsZ=6.7428e-01 
New pars ( 282): DC=7.3811e+00 r1=1.0530e+02 r2=7.7898e+02 p=4.7790e-01 epsV=1.5229e+00 epsZ=6.7428e-01 
New pars ( 283): DC=7.3811e+00 r1=1.0531e+02 r2=7.7899e+02 p=4.7790e-01 epsV=1.5229e+00 epsZ=6.7428e-01 
New pars ( 284): DC=7.3811e+00 r1=1.0531e+02 r2=7.7897e+02 p=4.7790e-01 epsV=1.5229e+00 epsZ=6.7428e-01 
New pars ( 285): DC=7.3811e+00 r1=1.0531e+02 r2=7.7898e+02 p=4.7792e-01 epsV=1.5229e+00 epsZ=6.7428e-01 
New pars ( 286): DC=7.3811e+00 r1=1.0531e+02 r2=7.7898e+02 p=4.7789e-01 epsV=1.5229e+00 epsZ=6.7428e-01 
New pars ( 287): DC=7.3811e+00 r1=1.0531e+02 r2=7.7898e+02 p=4.7790e-01 epsV=1.5229e+00 epsZ=6.7428e-01 
New pars ( 288): DC=7.3812e+00 r1=1.0531e+02 r2=7.7898e+02 p=4.7790e-01 epsV=1.5229e+00 epsZ=6.7428e-01 
New pars ( 289): DC=7.3809e+00 r1=1.0531e+02 r2=7.7898e+02 p=4.7790e-01 epsV=1.5229e+00 epsZ=6.7428e-01 
New pars ( 290): DC=7.3811e+00 r1=1.0531e+02 r2=7.7898e+02 p=4.7790e-01 epsV=1.5229e+00 epsZ=6.7428e-01 
New pars ( 291): DC=7.3810e+00 r1=1.0531e+02 r2=7.7898e+02 p=4.7790e-01 epsV=1.5229e+00 epsZ=6.7428e-01 
New pars ( 292): DC=7.3811e+00 r1=1.0531e+02 r2=7.7898e+02 p=4.7790e-01 epsV=1.5229e+00 epsZ=6.7428e-01 
New pars ( 293): DC=7.3811e+00 r1=1.0531e+02 r2=7.7898e+02 p=4.7790e-01 epsV=1.5229e+00 epsZ=6.7428e-01 
New pars ( 294): DC=7.3811e+00 r1=1.0531e+02 r2=7.7898e+02 p=4.7790e-01 epsV=1.5229e+00 epsZ=6.7428e-01 
New pars ( 295): DC=7.3811e+00 r1=1.0531e+02 r2=7.7898e+02 p=4.7790e-01 epsV=1.5229e+00 epsZ=6.7428e-01 
New pars ( 296): DC=7.3811e+00 r1=1.0531e+02 r2=7.7898e+02 p=4.7790e-01 epsV=1.5229e+00 epsZ=6.7428e-01 
New pars ( 297): DC=7.3811e+00 r1=1.0531e+02 r2=7.7898e+02 p=4.7790e-01 epsV=1.5229e+00 epsZ=6.7428e-01 
New pars ( 298): DC=7.3811e+00 r1=1.0531e+02 r2=7.7898e+02 p=4.7790e-01 epsV=1.5229e+00 epsZ=6.7428e-01 
New pars ( 299): DC=7.3811e+00 r1=1.0531e+02 r2=7.7898e+02 p=4.7790e-01 epsV=1.5229e+00 epsZ=6.7428e-01 
New pars ( 300): DC=7.3811e+00 r1=1.0531e+02 r2=7.7898e+02 p=4.7791e-01 epsV=1.5229e+00 epsZ=6.7428e-01 
New pars ( 301): DC=7.3811e+00 r1=1.0531e+02 r2=7.7898e+02 p=4.7790e-01 epsV=1.5229e+00 epsZ=6.7428e-01 
New pars ( 302): DC=7.3811e+00 r1=1.0531e+02 r2=7.7898e+02 p=4.7791e-01 epsV=1.5229e+00 epsZ=6.7428e-01 
New pars ( 303): DC=7.3811e+00 r1=1.0531e+02 r2=7.7898e+02 p=4.7790e-01 epsV=1.5229e+00 epsZ=6.7428e-01 
New pars ( 304): DC=7.3811e+00 r1=1.0531e+02 r2=7.7898e+02 p=4.7790e-01 epsV=1.5229e+00 epsZ=6.7428e-01 
New pars ( 305): DC=7.3880e+00 r1=1.0531e+02 r2=7.7898e+02 p=4.7790e-01 epsV=1.5229e+00 epsZ=6.7428e-01 
New pars ( 306): DC=7.3880e+00 r1=1.0531e+02 r2=7.7899e+02 p=4.7790e-01 epsV=1.5229e+00 epsZ=6.7428e-01 
New pars ( 307): DC=7.3811e+00 r1=1.0531e+02 r2=7.7899e+02 p=4.7790e-01 epsV=1.5229e+00 epsZ=6.7428e-01 
New pars ( 308): DC=7.3880e+00 r1=1.0531e+02 r2=7.7898e+02 p=4.7792e-01 epsV=1.5229e+00 epsZ=6.7428e-01 
New pars ( 309): DC=7.3811e+00 r1=1.0531e+02 r2=7.7898e+02 p=4.7792e-01 epsV=1.5229e+00 epsZ=6.7428e-01 
New pars ( 310): DC=7.3811e+00 r1=1.0531e+02 r2=7.7899e+02 p=4.7792e-01 epsV=1.5229e+00 epsZ=6.7428e-01 
New pars ( 311): DC=7.3880e+00 r1=1.0531e+02 r2=7.7898e+02 p=4.7790e-01 epsV=1.5229e+00 epsZ=6.7428e-01 
New pars ( 312): DC=7.3811e+00 r1=1.0531e+02 r2=7.7898e+02 p=4.7790e-01 epsV=1.5229e+00 epsZ=6.7428e-01 
New pars ( 313): DC=7.3811e+00 r1=1.0531e+02 r2=7.7899e+02 p=4.7790e-01 epsV=1.5229e+00 epsZ=6.7428e-01 
New pars ( 314): DC=7.3811e+00 r1=1.0531e+02 r2=7.7898e+02 p=4.7792e-01 epsV=1.5229e+00 epsZ=6.7428e-01 
New pars ( 315): DC=7.3880e+00 r1=1.0531e+02 r2=7.7898e+02 p=4.7790e-01 epsV=1.5229e+00 epsZ=6.7435e-01 
New pars ( 316): DC=7.3811e+00 r1=1.0531e+02 r2=7.7898e+02 p=4.7790e-01 epsV=1.5229e+00 epsZ=6.7435e-01 
New pars ( 317): DC=7.3811e+00 r1=1.0531e+02 r2=7.7899e+02 p=4.7790e-01 epsV=1.5229e+00 epsZ=6.7435e-01 
New pars ( 318): DC=7.3811e+00 r1=1.0531e+02 r2=7.7898e+02 p=4.7792e-01 epsV=1.5229e+00 epsZ=6.7435e-01 
New pars ( 319): DC=7.3811e+00 r1=1.0531e+02 r2=7.7898e+02 p=4.7790e-01 epsV=1.5229e+00 epsZ=6.7435e-01 
New pars ( 320): DC=7.3809e+00 r1=1.0531e+02 r2=7.7907e+02 p=4.7786e-01 epsV=1.5228e+00 epsZ=6.7376e-01 
New pars ( 321): DC=7.3810e+00 r1=1.0531e+02 r2=7.7900e+02 p=4.7789e-01 epsV=1.5228e+00 epsZ=6.7415e-01 
New pars ( 322): DC=7.3811e+00 r1=1.0531e+02 r2=7.7898e+02 p=4.7790e-01 epsV=1.5229e+00 epsZ=6.7426e-01 
New pars ( 323): DC=7.3811e+00 r1=1.0531e+02 r2=7.7898e+02 p=4.7790e-01 epsV=1.5229e+00 epsZ=6.7428e-01 
New pars ( 324): DC=7.3811e+00 r1=1.0531e+02 r2=7.7898e+02 p=4.7790e-01 epsV=1.5229e+00 epsZ=6.7428e-01 
New pars ( 325): DC=7.3811e+00 r1=1.0531e+02 r2=7.7898e+02 p=4.7790e-01 epsV=1.5229e+00 epsZ=6.7428e-01 

Fitting done in 760000 clicks (0.760000 seconds).
Fit status = 4
Cov status = 2

****************************************
         Invalid FitResult  (status = 4 )
****************************************
Minimizer is Minuit / MigradImproved
Chi2                      =      984.319
NDf                       =          978
Edm                       =  0.000323847
NCalls                    =          412
# Cyc's                   =          525                      	 (fixed)
Bin width                 =          250                      	 (fixed)
DC rate                   =      7.38108   +/-   0.0245204   
Rate 1                    =      105.308   +/-   1.66308     
Rate 2                    =       778.98   +/-   5.6821      
Rate 3                    =            0                      	 (fixed)
Capt eff                  =     0.477905   +/-   0.00318842  
Capt ret                  =            1                      	 (fixed)
T eff                     =         0.13                      	 (fixed)
U eff                     =        0.035                      	 (fixed)
V eff                     =      1.52286   +/-   0.00654264  
W eff                     =            0                      	 (fixed)
X eff                     =            1                      	 (fixed)
Y eff                     =            0                      	 (fixed)
Z eff                     =     0.674283   +/-   0.0323557   
T1 loss                   =            0                      	 (fixed)
T2 loss                   =        0.027                      	 (fixed)
T3 loss                   =            0                      	 (fixed)
U1 loss                   =      6.5e-08                      	 (fixed)
U2 loss                   =      6.5e-08                      	 (fixed)
U3 loss                   =        10000                      	 (fixed)

Integrals computed in 370000 clicks (0.370000 seconds).
Errors computed in 860000 clicks (0.860000 seconds).

~~~~~~~~~~~~~~~~~~~~~~~~~~~~~~~~~~~~~~~~~~~~~~~~~~~~~~~~~~~~~~~~~~~~~
NUMBER OF BETAS DETECTED, by population:
~~~~~~~~~~~~~~~~~~~~~~~~~~~~~~~~~~~~~~~~~~~~~~~~~~~~~~~~~~~~~~~~~~~~~
T1 integral = 497327.4 +/- 0.0
U1 integral = 231356.5 +/- 0.0
T2 integral = 1689753.0 +/- 0.0
U2 integral = 2133643.6 +/- 0.0
T3 integral = 0.0 +/- 0.0
U3 integral = 0.1 +/- 0.0
DC integral = 953266.2 +/- 0.0
~~~~~~~~~~~~~~~~~~~~~~~~~~~~~~~~~~~~~~~~~~~~~~~~~~~~~~~~~~~~~~~~~~~~~
Sum of above = 5505346.7 +/- 0.0 <-- no cov in unc
All integral = 5505357.9 +/- 0.0
~~~~~~~~~~~~~~~~~~~~~~~~~~~~~~~~~~~~~~~~~~~~~~~~~~~~~~~~~~~~~~~~~~~~~


BFit2 done. Timer = 3.42 sec.
Elapsed time = 3.36 sec.

