Timestamp = Wed Apr 15 22:06:25 2015

Importing metadata from CSV files...
Imported 68 BDN cases
Imported 105 BFit cases
Performing BFit with BDN case 134sb02 and BFit case 134sb02_09

BFit started. Timer = 0.05 sec.

~~~~~~~~~~~~~~~~~~~~~~~~~~~~~~~~~~~~~~~~~~~~~~~~~~~~~~~~~~~~~~~~~~~~~
BETA SINGLES MODEL
~~~~~~~~~~~~~~~~~~~~~~~~~~~~~~~~~~~~~~~~~~~~~~~~~~~~~~~~~~~~~~~~~~~~~
Case: 134sb02
File: /music/bpt1/bpt/bdn/shane/134sb/rootfiles/134sb02.root
Histogram: h_betas_vs_cycle_time
Total cycle time	=     90.000 s
Background time		=     30.100 s
Capture cycle time	=      6.000 s
Last capture time	=      0.000 s
134-Sn halflife		=      1.050 s  (lifetime      1.515 s)
134-Sb halflife		=      0.780 s  (lifetime      1.125 s)
134-Sb-m halflife		=     10.070 s  (lifetime     14.528 s)
~~~~~~~~~~~~~~~~~~~~~~~~~~~~~~~~~~~~~~~~~~~~~~~~~~~~~~~~~~~~~~~~~~~~~
HISTOGRAM REBINNED
   Number of hist bins = 900
   Number of fn points = 90000
   Number of pts/bin   = 100
~~~~~~~~~~~~~~~~~~~~~~~~~~~~~~~~~~~~~~~~~~~~~~~~~~~~~~~~~~~~~~~~~~~~~
Doing fit with option string: QROMESLL
~~~~~~~~~~~~~~~~~~~~~~~~~~~~~~~~~~~~~~~~~~~~~~~~~~~~~~~~~~~~~~~~~~~~~
PARAMETER SEED VALUES
~~~~~~~~~~~~~~~~~~~~~~~~~~~~~~~~~~~~~~~~~~~~~~~~~~~~~~~~~~~~~~~~~~~~~
      Par name  Varying?	Par init val and step
~~~~~~~~~~~~~~~~~~~~~~~~~~~~~~~~~~~~~~~~~~~~~~~~~~~~~~~~~~~~~~~~~~~~~
       # Cyc's         0	244 +/- 0.01
     Bin width         0	100 +/- 0.01
       DC rate         1	16 +/- 0.1
        Rate 1         0	0 +/- 0.0001
        Rate 2         1	0.006 +/- 0.0001
        Rate 3         1	0.1 +/- 0.0001
      Capt eff         0	0.6 +/- 0.01
      Capt ret         0	1 +/- 0.01
         T eff         0	0.87 +/- 0.001
         U eff         0	1 +/- 0.01
         V eff         1	0.9 +/- 0.0001
         W eff         0	0 +/- 0.0001
         X eff         0	1 +/- 0.0001
         Y eff         0	1 +/- 0.0001
         Z eff         1	0.9 +/- 0.0001
       T1 loss         0	0 +/- 0.01
       T2 loss         0	0.0263 +/- 0.01
       T3 loss         0	0.0263 +/- 0.01
       U1 loss         0	2e-10 +/- 0.01
       U2 loss         0	2e-10 +/- 0.01
       U3 loss         0	2e-10 +/- 0.01
~~~~~~~~~~~~~~~~~~~~~~~~~~~~~~~~~~~~~~~~~~~~~~~~~~~~~~~~~~~~~~~~~~~~~
134-Sb data detected. Forcing gammaT3 = gammaT2. YOU SHOULD GUARANTEE THAT X3 = Y3 = 0. You can set epsX = epsY = 0.

Ini pars (   0): DC=1.6000e+01 r2=6.0000e-03 r3=1.0000e-01 epsV=9.0000e-01 epsZ=9.0000e-01 
New pars (   1): DC=1.6003e+01 r2=6.0000e-03 r3=1.0000e-01 epsV=9.0000e-01 epsZ=9.0000e-01 
New pars (   2): DC=1.5997e+01 r2=6.0000e-03 r3=1.0000e-01 epsV=9.0000e-01 epsZ=9.0000e-01 
New pars (   3): DC=1.6001e+01 r2=6.0000e-03 r3=1.0000e-01 epsV=9.0000e-01 epsZ=9.0000e-01 
New pars (   4): DC=1.5999e+01 r2=6.0000e-03 r3=1.0000e-01 epsV=9.0000e-01 epsZ=9.0000e-01 
New pars (   5): DC=1.6000e+01 r2=6.0027e-03 r3=1.0000e-01 epsV=9.0000e-01 epsZ=9.0000e-01 
New pars (   6): DC=1.6000e+01 r2=5.9973e-03 r3=1.0000e-01 epsV=9.0000e-01 epsZ=9.0000e-01 
New pars (   7): DC=1.6000e+01 r2=6.0081e-03 r3=1.0000e-01 epsV=9.0000e-01 epsZ=9.0000e-01 
New pars (   8): DC=1.6000e+01 r2=5.9919e-03 r3=1.0000e-01 epsV=9.0000e-01 epsZ=9.0000e-01 
New pars (   9): DC=1.6000e+01 r2=6.0000e-03 r3=1.0000e-01 epsV=9.0000e-01 epsZ=9.0000e-01 
New pars (  10): DC=1.6000e+01 r2=6.0000e-03 r3=9.9997e-02 epsV=9.0000e-01 epsZ=9.0000e-01 
New pars (  11): DC=1.6000e+01 r2=6.0000e-03 r3=1.0002e-01 epsV=9.0000e-01 epsZ=9.0000e-01 
New pars (  12): DC=1.6000e+01 r2=6.0000e-03 r3=9.9984e-02 epsV=9.0000e-01 epsZ=9.0000e-01 
New pars (  13): DC=1.6000e+01 r2=6.0000e-03 r3=1.0000e-01 epsV=9.0000e-01 epsZ=9.0000e-01 
New pars (  14): DC=1.7349e+01 r2=1.8835e-02 r3=1.2553e-01 epsV=8.3637e-01 epsZ=7.4718e-01 
New pars (  15): DC=1.6350e+01 r2=9.3332e-03 r3=1.0663e-01 epsV=8.8347e-01 epsZ=8.6031e-01 
New pars (  16): DC=1.6351e+01 r2=9.3332e-03 r3=1.0663e-01 epsV=8.8347e-01 epsZ=8.6031e-01 
New pars (  17): DC=1.6350e+01 r2=9.3332e-03 r3=1.0663e-01 epsV=8.8347e-01 epsZ=8.6031e-01 
New pars (  18): DC=1.6350e+01 r2=9.3378e-03 r3=1.0663e-01 epsV=8.8347e-01 epsZ=8.6031e-01 
New pars (  19): DC=1.6350e+01 r2=9.3287e-03 r3=1.0663e-01 epsV=8.8347e-01 epsZ=8.6031e-01 
New pars (  20): DC=1.6350e+01 r2=9.3332e-03 r3=1.0664e-01 epsV=8.8347e-01 epsZ=8.6031e-01 
New pars (  21): DC=1.6350e+01 r2=9.3332e-03 r3=1.0662e-01 epsV=8.8347e-01 epsZ=8.6031e-01 
New pars (  22): DC=1.6350e+01 r2=9.3332e-03 r3=1.0663e-01 epsV=8.8350e-01 epsZ=8.6031e-01 
New pars (  23): DC=1.6022e+01 r2=1.3031e-02 r3=1.0756e-01 epsV=8.8165e-01 epsZ=8.7967e-01 
New pars (  24): DC=1.5751e+01 r2=1.6079e-02 r3=1.0832e-01 epsV=8.8015e-01 epsZ=8.9563e-01 
New pars (  25): DC=1.5751e+01 r2=1.6079e-02 r3=1.0832e-01 epsV=8.8015e-01 epsZ=8.9563e-01 
New pars (  26): DC=1.5750e+01 r2=1.6079e-02 r3=1.0832e-01 epsV=8.8015e-01 epsZ=8.9563e-01 
New pars (  27): DC=1.5751e+01 r2=1.6083e-02 r3=1.0832e-01 epsV=8.8015e-01 epsZ=8.9563e-01 
New pars (  28): DC=1.5751e+01 r2=1.6076e-02 r3=1.0832e-01 epsV=8.8015e-01 epsZ=8.9563e-01 
New pars (  29): DC=1.5751e+01 r2=1.6079e-02 r3=1.0833e-01 epsV=8.8015e-01 epsZ=8.9563e-01 
New pars (  30): DC=1.5751e+01 r2=1.6079e-02 r3=1.0831e-01 epsV=8.8015e-01 epsZ=8.9563e-01 
New pars (  31): DC=1.5751e+01 r2=1.6079e-02 r3=1.0832e-01 epsV=8.8016e-01 epsZ=8.9563e-01 
New pars (  32): DC=1.5660e+01 r2=1.5849e-02 r3=1.0926e-01 epsV=8.7966e-01 epsZ=8.9575e-01 
New pars (  33): DC=1.5295e+01 r2=1.4928e-02 r3=1.1305e-01 epsV=8.7771e-01 epsZ=8.9623e-01 
New pars (  34): DC=1.5165e+01 r2=1.4598e-02 r3=1.1441e-01 epsV=8.7701e-01 epsZ=8.9640e-01 
New pars (  35): DC=1.5165e+01 r2=1.4598e-02 r3=1.1441e-01 epsV=8.7701e-01 epsZ=8.9640e-01 
New pars (  36): DC=1.5164e+01 r2=1.4598e-02 r3=1.1441e-01 epsV=8.7701e-01 epsZ=8.9640e-01 
New pars (  37): DC=1.5165e+01 r2=1.4601e-02 r3=1.1441e-01 epsV=8.7701e-01 epsZ=8.9640e-01 
New pars (  38): DC=1.5165e+01 r2=1.4594e-02 r3=1.1441e-01 epsV=8.7701e-01 epsZ=8.9640e-01 
New pars (  39): DC=1.5165e+01 r2=1.4598e-02 r3=1.1441e-01 epsV=8.7701e-01 epsZ=8.9640e-01 
New pars (  40): DC=1.5165e+01 r2=1.4598e-02 r3=1.1440e-01 epsV=8.7701e-01 epsZ=8.9640e-01 
New pars (  41): DC=1.5165e+01 r2=1.4598e-02 r3=1.1441e-01 epsV=8.7703e-01 epsZ=8.9640e-01 
New pars (  42): DC=1.5155e+01 r2=1.4167e-02 r3=1.1539e-01 epsV=8.7584e-01 epsZ=8.9518e-01 
New pars (  43): DC=1.5154e+01 r2=1.4113e-02 r3=1.1551e-01 epsV=8.7569e-01 epsZ=8.9502e-01 
New pars (  44): DC=1.5154e+01 r2=1.4113e-02 r3=1.1551e-01 epsV=8.7569e-01 epsZ=8.9502e-01 
New pars (  45): DC=1.5153e+01 r2=1.4113e-02 r3=1.1551e-01 epsV=8.7569e-01 epsZ=8.9502e-01 
New pars (  46): DC=1.5154e+01 r2=1.4117e-02 r3=1.1551e-01 epsV=8.7569e-01 epsZ=8.9502e-01 
New pars (  47): DC=1.5154e+01 r2=1.4109e-02 r3=1.1551e-01 epsV=8.7569e-01 epsZ=8.9502e-01 
New pars (  48): DC=1.5154e+01 r2=1.4113e-02 r3=1.1552e-01 epsV=8.7569e-01 epsZ=8.9502e-01 
New pars (  49): DC=1.5154e+01 r2=1.4113e-02 r3=1.1551e-01 epsV=8.7569e-01 epsZ=8.9502e-01 
New pars (  50): DC=1.5154e+01 r2=1.4113e-02 r3=1.1551e-01 epsV=8.7570e-01 epsZ=8.9502e-01 
New pars (  51): DC=1.5163e+01 r2=1.4059e-02 r3=1.1577e-01 epsV=8.7555e-01 epsZ=8.9765e-01 
New pars (  52): DC=1.5202e+01 r2=1.3842e-02 r3=1.1682e-01 epsV=8.7500e-01 epsZ=9.0819e-01 
New pars (  53): DC=1.5299e+01 r2=1.3299e-02 r3=1.1944e-01 epsV=8.7362e-01 epsZ=9.3452e-01 
New pars (  54): DC=1.5404e+01 r2=1.2708e-02 r3=1.2229e-01 epsV=8.7211e-01 epsZ=9.6320e-01 
New pars (  55): DC=1.5379e+01 r2=1.2847e-02 r3=1.2162e-01 epsV=8.7246e-01 epsZ=9.5648e-01 
New pars (  56): DC=1.5380e+01 r2=1.2847e-02 r3=1.2162e-01 epsV=8.7246e-01 epsZ=9.5648e-01 
New pars (  57): DC=1.5379e+01 r2=1.2847e-02 r3=1.2162e-01 epsV=8.7246e-01 epsZ=9.5648e-01 
New pars (  58): DC=1.5379e+01 r2=1.2850e-02 r3=1.2162e-01 epsV=8.7246e-01 epsZ=9.5648e-01 
New pars (  59): DC=1.5379e+01 r2=1.2843e-02 r3=1.2162e-01 epsV=8.7246e-01 epsZ=9.5648e-01 
New pars (  60): DC=1.5379e+01 r2=1.2847e-02 r3=1.2163e-01 epsV=8.7246e-01 epsZ=9.5648e-01 
New pars (  61): DC=1.5379e+01 r2=1.2847e-02 r3=1.2161e-01 epsV=8.7246e-01 epsZ=9.5648e-01 
New pars (  62): DC=1.5379e+01 r2=1.2847e-02 r3=1.2162e-01 epsV=8.7248e-01 epsZ=9.5648e-01 
New pars (  63): DC=1.5351e+01 r2=1.2746e-02 r3=1.2270e-01 epsV=8.7126e-01 epsZ=9.6093e-01 
New pars (  64): DC=1.5344e+01 r2=1.2724e-02 r3=1.2294e-01 epsV=8.7100e-01 epsZ=9.6190e-01 
New pars (  65): DC=1.5345e+01 r2=1.2724e-02 r3=1.2294e-01 epsV=8.7100e-01 epsZ=9.6190e-01 
New pars (  66): DC=1.5344e+01 r2=1.2724e-02 r3=1.2294e-01 epsV=8.7100e-01 epsZ=9.6190e-01 
New pars (  67): DC=1.5344e+01 r2=1.2728e-02 r3=1.2294e-01 epsV=8.7100e-01 epsZ=9.6190e-01 
New pars (  68): DC=1.5344e+01 r2=1.2721e-02 r3=1.2294e-01 epsV=8.7100e-01 epsZ=9.6190e-01 
New pars (  69): DC=1.5344e+01 r2=1.2724e-02 r3=1.2295e-01 epsV=8.7100e-01 epsZ=9.6190e-01 
New pars (  70): DC=1.5344e+01 r2=1.2724e-02 r3=1.2293e-01 epsV=8.7100e-01 epsZ=9.6190e-01 
New pars (  71): DC=1.5344e+01 r2=1.2724e-02 r3=1.2294e-01 epsV=8.7101e-01 epsZ=9.6190e-01 
New pars (  72): DC=1.5350e+01 r2=1.2657e-02 r3=1.2311e-01 epsV=8.7082e-01 epsZ=9.6343e-01 
New pars (  73): DC=1.5351e+01 r2=1.2645e-02 r3=1.2314e-01 epsV=8.7079e-01 epsZ=9.6371e-01 
New pars (  74): DC=1.5352e+01 r2=1.2645e-02 r3=1.2314e-01 epsV=8.7079e-01 epsZ=9.6371e-01 
New pars (  75): DC=1.5351e+01 r2=1.2645e-02 r3=1.2314e-01 epsV=8.7079e-01 epsZ=9.6371e-01 
New pars (  76): DC=1.5351e+01 r2=1.2649e-02 r3=1.2314e-01 epsV=8.7079e-01 epsZ=9.6371e-01 
New pars (  77): DC=1.5351e+01 r2=1.2642e-02 r3=1.2314e-01 epsV=8.7079e-01 epsZ=9.6371e-01 
New pars (  78): DC=1.5351e+01 r2=1.2645e-02 r3=1.2315e-01 epsV=8.7079e-01 epsZ=9.6371e-01 
New pars (  79): DC=1.5351e+01 r2=1.2645e-02 r3=1.2313e-01 epsV=8.7079e-01 epsZ=9.6371e-01 
New pars (  80): DC=1.5351e+01 r2=1.2645e-02 r3=1.2314e-01 epsV=8.7080e-01 epsZ=9.6371e-01 
New pars (  81): DC=1.5351e+01 r2=1.2641e-02 r3=1.2311e-01 epsV=8.7072e-01 epsZ=9.6366e-01 
New pars (  82): DC=1.5352e+01 r2=1.2627e-02 r3=1.2298e-01 epsV=8.7045e-01 epsZ=9.6346e-01 
New pars (  83): DC=1.5354e+01 r2=1.2613e-02 r3=1.2286e-01 epsV=8.7018e-01 epsZ=9.6326e-01 
New pars (  84): DC=1.5354e+01 r2=1.2613e-02 r3=1.2286e-01 epsV=8.7018e-01 epsZ=9.6326e-01 
New pars (  85): DC=1.5353e+01 r2=1.2613e-02 r3=1.2286e-01 epsV=8.7018e-01 epsZ=9.6326e-01 
New pars (  86): DC=1.5354e+01 r2=1.2616e-02 r3=1.2286e-01 epsV=8.7018e-01 epsZ=9.6326e-01 
New pars (  87): DC=1.5354e+01 r2=1.2609e-02 r3=1.2286e-01 epsV=8.7018e-01 epsZ=9.6326e-01 
New pars (  88): DC=1.5354e+01 r2=1.2613e-02 r3=1.2286e-01 epsV=8.7018e-01 epsZ=9.6326e-01 
New pars (  89): DC=1.5354e+01 r2=1.2613e-02 r3=1.2285e-01 epsV=8.7018e-01 epsZ=9.6326e-01 
New pars (  90): DC=1.5354e+01 r2=1.2613e-02 r3=1.2286e-01 epsV=8.7019e-01 epsZ=9.6326e-01 
New pars (  91): DC=1.5353e+01 r2=1.2609e-02 r3=1.2284e-01 epsV=8.7010e-01 epsZ=9.6333e-01 
New pars (  92): DC=1.5352e+01 r2=1.2594e-02 r3=1.2277e-01 epsV=8.6979e-01 epsZ=9.6364e-01 
New pars (  93): DC=1.5350e+01 r2=1.2556e-02 r3=1.2258e-01 epsV=8.6901e-01 epsZ=9.6442e-01 
New pars (  94): DC=1.5344e+01 r2=1.2442e-02 r3=1.2203e-01 epsV=8.6667e-01 epsZ=9.6673e-01 
New pars (  95): DC=1.5325e+01 r2=1.2100e-02 r3=1.2038e-01 epsV=8.5964e-01 epsZ=9.7369e-01 
New pars (  96): DC=1.5283e+01 r2=1.1327e-02 r3=1.1665e-01 epsV=8.4378e-01 epsZ=9.8938e-01 
New pars (  97): DC=1.5295e+01 r2=1.1544e-02 r3=1.1770e-01 epsV=8.4824e-01 epsZ=9.8497e-01 
New pars (  98): DC=1.5296e+01 r2=1.1544e-02 r3=1.1770e-01 epsV=8.4824e-01 epsZ=9.8497e-01 
New pars (  99): DC=1.5295e+01 r2=1.1544e-02 r3=1.1770e-01 epsV=8.4824e-01 epsZ=9.8497e-01 
New pars ( 100): DC=1.5295e+01 r2=1.1548e-02 r3=1.1770e-01 epsV=8.4824e-01 epsZ=9.8497e-01 
New pars ( 101): DC=1.5295e+01 r2=1.1541e-02 r3=1.1770e-01 epsV=8.4824e-01 epsZ=9.8497e-01 
New pars ( 102): DC=1.5295e+01 r2=1.1544e-02 r3=1.1771e-01 epsV=8.4824e-01 epsZ=9.8497e-01 
New pars ( 103): DC=1.5295e+01 r2=1.1544e-02 r3=1.1769e-01 epsV=8.4824e-01 epsZ=9.8497e-01 
New pars ( 104): DC=1.5295e+01 r2=1.1544e-02 r3=1.1770e-01 epsV=8.4826e-01 epsZ=9.8497e-01 
New pars ( 105): DC=1.5268e+01 r2=1.1466e-02 r3=1.1752e-01 epsV=8.4561e-01 epsZ=9.8875e-01 
New pars ( 106): DC=1.5261e+01 r2=1.1447e-02 r3=1.1748e-01 epsV=8.4496e-01 epsZ=9.8969e-01 
New pars ( 107): DC=1.5261e+01 r2=1.1447e-02 r3=1.1748e-01 epsV=8.4496e-01 epsZ=9.8969e-01 
New pars ( 108): DC=1.5260e+01 r2=1.1447e-02 r3=1.1748e-01 epsV=8.4496e-01 epsZ=9.8969e-01 
New pars ( 109): DC=1.5261e+01 r2=1.1450e-02 r3=1.1748e-01 epsV=8.4496e-01 epsZ=9.8969e-01 
New pars ( 110): DC=1.5261e+01 r2=1.1444e-02 r3=1.1748e-01 epsV=8.4496e-01 epsZ=9.8969e-01 
New pars ( 111): DC=1.5261e+01 r2=1.1447e-02 r3=1.1748e-01 epsV=8.4496e-01 epsZ=9.8969e-01 
New pars ( 112): DC=1.5261e+01 r2=1.1447e-02 r3=1.1747e-01 epsV=8.4496e-01 epsZ=9.8969e-01 
New pars ( 113): DC=1.5261e+01 r2=1.1447e-02 r3=1.1748e-01 epsV=8.4498e-01 epsZ=9.8969e-01 
New pars ( 114): DC=1.5253e+01 r2=1.1322e-02 r3=1.1698e-01 epsV=8.4248e-01 epsZ=9.9241e-01 
New pars ( 115): DC=1.5255e+01 r2=1.1349e-02 r3=1.1709e-01 epsV=8.4302e-01 epsZ=9.9182e-01 
New pars ( 116): DC=1.5255e+01 r2=1.1349e-02 r3=1.1709e-01 epsV=8.4302e-01 epsZ=9.9182e-01 
New pars ( 117): DC=1.5254e+01 r2=1.1349e-02 r3=1.1709e-01 epsV=8.4302e-01 epsZ=9.9182e-01 
New pars ( 118): DC=1.5255e+01 r2=1.1352e-02 r3=1.1709e-01 epsV=8.4302e-01 epsZ=9.9182e-01 
New pars ( 119): DC=1.5255e+01 r2=1.1346e-02 r3=1.1709e-01 epsV=8.4302e-01 epsZ=9.9182e-01 
New pars ( 120): DC=1.5255e+01 r2=1.1349e-02 r3=1.1709e-01 epsV=8.4302e-01 epsZ=9.9182e-01 
New pars ( 121): DC=1.5255e+01 r2=1.1349e-02 r3=1.1708e-01 epsV=8.4302e-01 epsZ=9.9182e-01 
New pars ( 122): DC=1.5255e+01 r2=1.1349e-02 r3=1.1709e-01 epsV=8.4304e-01 epsZ=9.9182e-01 
New pars ( 123): DC=1.5255e+01 r2=1.1331e-02 r3=1.1702e-01 epsV=8.4261e-01 epsZ=9.9238e-01 
New pars ( 124): DC=1.5255e+01 r2=1.1319e-02 r3=1.1698e-01 epsV=8.4233e-01 epsZ=9.9275e-01 
New pars ( 125): DC=1.5256e+01 r2=1.1319e-02 r3=1.1698e-01 epsV=8.4233e-01 epsZ=9.9275e-01 
New pars ( 126): DC=1.5255e+01 r2=1.1319e-02 r3=1.1698e-01 epsV=8.4233e-01 epsZ=9.9275e-01 
New pars ( 127): DC=1.5255e+01 r2=1.1322e-02 r3=1.1698e-01 epsV=8.4233e-01 epsZ=9.9275e-01 
New pars ( 128): DC=1.5255e+01 r2=1.1315e-02 r3=1.1698e-01 epsV=8.4233e-01 epsZ=9.9275e-01 
New pars ( 129): DC=1.5255e+01 r2=1.1319e-02 r3=1.1699e-01 epsV=8.4233e-01 epsZ=9.9275e-01 
New pars ( 130): DC=1.5255e+01 r2=1.1319e-02 r3=1.1697e-01 epsV=8.4233e-01 epsZ=9.9275e-01 
New pars ( 131): DC=1.5255e+01 r2=1.1319e-02 r3=1.1698e-01 epsV=8.4234e-01 epsZ=9.9275e-01 
New pars ( 132): DC=1.5254e+01 r2=1.1317e-02 r3=1.1689e-01 epsV=8.4210e-01 epsZ=9.9269e-01 
New pars ( 133): DC=1.5254e+01 r2=1.1317e-02 r3=1.1688e-01 epsV=8.4207e-01 epsZ=9.9268e-01 
New pars ( 134): DC=1.5254e+01 r2=1.1317e-02 r3=1.1688e-01 epsV=8.4207e-01 epsZ=9.9268e-01 
New pars ( 135): DC=1.5253e+01 r2=1.1317e-02 r3=1.1688e-01 epsV=8.4207e-01 epsZ=9.9268e-01 
New pars ( 136): DC=1.5254e+01 r2=1.1320e-02 r3=1.1688e-01 epsV=8.4207e-01 epsZ=9.9268e-01 
New pars ( 137): DC=1.5254e+01 r2=1.1314e-02 r3=1.1688e-01 epsV=8.4207e-01 epsZ=9.9268e-01 
New pars ( 138): DC=1.5254e+01 r2=1.1317e-02 r3=1.1689e-01 epsV=8.4207e-01 epsZ=9.9268e-01 
New pars ( 139): DC=1.5254e+01 r2=1.1317e-02 r3=1.1687e-01 epsV=8.4207e-01 epsZ=9.9268e-01 
New pars ( 140): DC=1.5254e+01 r2=1.1317e-02 r3=1.1688e-01 epsV=8.4209e-01 epsZ=9.9268e-01 
New pars ( 141): DC=1.5253e+01 r2=1.1315e-02 r3=1.1688e-01 epsV=8.4207e-01 epsZ=9.9265e-01 
New pars ( 142): DC=1.5253e+01 r2=1.1316e-02 r3=1.1688e-01 epsV=8.4207e-01 epsZ=9.9265e-01 
New pars ( 143): DC=1.5254e+01 r2=1.1316e-02 r3=1.1688e-01 epsV=8.4207e-01 epsZ=9.9265e-01 
New pars ( 144): DC=1.5253e+01 r2=1.1316e-02 r3=1.1688e-01 epsV=8.4207e-01 epsZ=9.9265e-01 
New pars ( 145): DC=1.5253e+01 r2=1.1319e-02 r3=1.1688e-01 epsV=8.4207e-01 epsZ=9.9265e-01 
New pars ( 146): DC=1.5253e+01 r2=1.1312e-02 r3=1.1688e-01 epsV=8.4207e-01 epsZ=9.9265e-01 
New pars ( 147): DC=1.5253e+01 r2=1.1316e-02 r3=1.1689e-01 epsV=8.4207e-01 epsZ=9.9265e-01 
New pars ( 148): DC=1.5253e+01 r2=1.1316e-02 r3=1.1687e-01 epsV=8.4207e-01 epsZ=9.9265e-01 
New pars ( 149): DC=1.5253e+01 r2=1.1316e-02 r3=1.1688e-01 epsV=8.4208e-01 epsZ=9.9265e-01 
New pars ( 150): DC=1.5254e+01 r2=1.1316e-02 r3=1.1688e-01 epsV=8.4207e-01 epsZ=9.9265e-01 
New pars ( 151): DC=1.5253e+01 r2=1.1316e-02 r3=1.1688e-01 epsV=8.4207e-01 epsZ=9.9265e-01 
New pars ( 152): DC=1.5253e+01 r2=1.1319e-02 r3=1.1688e-01 epsV=8.4207e-01 epsZ=9.9265e-01 
New pars ( 153): DC=1.5253e+01 r2=1.1312e-02 r3=1.1688e-01 epsV=8.4207e-01 epsZ=9.9265e-01 
New pars ( 154): DC=1.5253e+01 r2=1.1316e-02 r3=1.1689e-01 epsV=8.4207e-01 epsZ=9.9265e-01 
New pars ( 155): DC=1.5253e+01 r2=1.1316e-02 r3=1.1687e-01 epsV=8.4207e-01 epsZ=9.9265e-01 
New pars ( 156): DC=1.5253e+01 r2=1.1316e-02 r3=1.1688e-01 epsV=8.4208e-01 epsZ=9.9265e-01 
New pars ( 157): DC=1.5253e+01 r2=1.1316e-02 r3=1.1688e-01 epsV=8.4207e-01 epsZ=9.9265e-01 
New pars ( 158): DC=1.5253e+01 r2=1.1316e-02 r3=1.1688e-01 epsV=8.4207e-01 epsZ=9.9265e-01 
New pars ( 159): DC=1.5253e+01 r2=1.1316e-02 r3=1.1688e-01 epsV=8.4207e-01 epsZ=9.9265e-01 
New pars ( 160): DC=1.5253e+01 r2=1.1315e-02 r3=1.1688e-01 epsV=8.4207e-01 epsZ=9.9265e-01 
New pars ( 161): DC=1.5253e+01 r2=1.1316e-02 r3=1.1688e-01 epsV=8.4207e-01 epsZ=9.9265e-01 
New pars ( 162): DC=1.5253e+01 r2=1.1316e-02 r3=1.1688e-01 epsV=8.4207e-01 epsZ=9.9265e-01 
New pars ( 163): DC=1.5253e+01 r2=1.1316e-02 r3=1.1688e-01 epsV=8.4207e-01 epsZ=9.9265e-01 
New pars ( 164): DC=1.5254e+01 r2=1.1319e-02 r3=1.1688e-01 epsV=8.4207e-01 epsZ=9.9265e-01 
New pars ( 165): DC=1.5254e+01 r2=1.1316e-02 r3=1.1689e-01 epsV=8.4207e-01 epsZ=9.9265e-01 
New pars ( 166): DC=1.5253e+01 r2=1.1319e-02 r3=1.1689e-01 epsV=8.4207e-01 epsZ=9.9265e-01 
New pars ( 167): DC=1.5254e+01 r2=1.1316e-02 r3=1.1688e-01 epsV=8.4208e-01 epsZ=9.9265e-01 
New pars ( 168): DC=1.5253e+01 r2=1.1319e-02 r3=1.1688e-01 epsV=8.4208e-01 epsZ=9.9265e-01 
New pars ( 169): DC=1.5253e+01 r2=1.1316e-02 r3=1.1689e-01 epsV=8.4208e-01 epsZ=9.9265e-01 
New pars ( 170): DC=1.5254e+01 r2=1.1316e-02 r3=1.1688e-01 epsV=8.4207e-01 epsZ=9.9269e-01 
New pars ( 171): DC=1.5253e+01 r2=1.1319e-02 r3=1.1688e-01 epsV=8.4207e-01 epsZ=9.9269e-01 
New pars ( 172): DC=1.5253e+01 r2=1.1316e-02 r3=1.1689e-01 epsV=8.4207e-01 epsZ=9.9269e-01 
New pars ( 173): DC=1.5253e+01 r2=1.1316e-02 r3=1.1688e-01 epsV=8.4208e-01 epsZ=9.9269e-01 
New pars ( 174): DC=1.5155e+01 r2=1.0234e-02 r3=1.2218e-01 epsV=8.5752e-01 epsZ=9.8422e-01 
New pars ( 175): DC=1.5152e+01 r2=1.0234e-02 r3=1.2218e-01 epsV=8.5752e-01 epsZ=9.8422e-01 
New pars ( 176): DC=1.5155e+01 r2=1.0117e-02 r3=1.2218e-01 epsV=8.5752e-01 epsZ=9.8422e-01 
New pars ( 177): DC=1.5155e+01 r2=1.0234e-02 r3=1.1893e-01 epsV=8.5752e-01 epsZ=9.8422e-01 
New pars ( 178): DC=1.5155e+01 r2=1.0234e-02 r3=1.2218e-01 epsV=8.7325e-01 epsZ=9.8422e-01 
New pars ( 179): DC=1.5154e+01 r2=1.0187e-02 r3=1.2088e-01 epsV=8.4180e-01 epsZ=9.8447e-01 
New pars ( 180): DC=1.5153e+01 r2=1.0164e-02 r3=1.2023e-01 epsV=8.2607e-01 epsZ=9.8459e-01 
New pars ( 181): DC=1.5153e+01 r2=1.0159e-02 r3=1.2010e-01 epsV=8.4494e-01 epsZ=9.8376e-01 
New pars ( 182): DC=1.5153e+01 r2=1.0121e-02 r3=1.1906e-01 epsV=8.3865e-01 epsZ=9.8322e-01 
New pars ( 183): DC=1.5153e+01 r2=1.0159e-02 r3=1.2010e-01 epsV=8.4494e-01 epsZ=9.8376e-01 
New pars ( 184): DC=1.5253e+01 r2=1.1316e-02 r3=1.1688e-01 epsV=8.4207e-01 epsZ=9.9265e-01 
New pars ( 185): DC=1.5253e+01 r2=1.1316e-02 r3=1.1688e-01 epsV=8.4207e-01 epsZ=9.9265e-01 
New pars ( 186): DC=1.5253e+01 r2=1.1316e-02 r3=1.1688e-01 epsV=8.4207e-01 epsZ=9.9265e-01 
New pars ( 187): DC=1.5253e+01 r2=1.1316e-02 r3=1.1688e-01 epsV=8.4207e-01 epsZ=9.9265e-01 
New pars ( 188): DC=1.5253e+01 r2=1.1315e-02 r3=1.1688e-01 epsV=8.4207e-01 epsZ=9.9265e-01 
New pars ( 189): DC=1.5253e+01 r2=1.1316e-02 r3=1.1688e-01 epsV=8.4207e-01 epsZ=9.9265e-01 
New pars ( 190): DC=1.5253e+01 r2=1.1316e-02 r3=1.1688e-01 epsV=8.4207e-01 epsZ=9.9265e-01 
New pars ( 191): DC=1.5253e+01 r2=1.1316e-02 r3=1.1688e-01 epsV=8.4207e-01 epsZ=9.9265e-01 
New pars ( 192): DC=1.5253e+01 r2=1.1316e-02 r3=1.1688e-01 epsV=8.4207e-01 epsZ=9.9265e-01 
New pars ( 193): DC=1.5253e+01 r2=1.1316e-02 r3=1.1688e-01 epsV=8.4207e-01 epsZ=9.9265e-01 
New pars ( 194): DC=1.5253e+01 r2=1.1316e-02 r3=1.1688e-01 epsV=8.4207e-01 epsZ=9.9265e-01 
New pars ( 195): DC=1.5253e+01 r2=1.1315e-02 r3=1.1688e-01 epsV=8.4207e-01 epsZ=9.9265e-01 
New pars ( 196): DC=1.5253e+01 r2=1.1316e-02 r3=1.1688e-01 epsV=8.4207e-01 epsZ=9.9265e-01 
New pars ( 197): DC=1.5253e+01 r2=1.1316e-02 r3=1.1688e-01 epsV=8.4207e-01 epsZ=9.9265e-01 
New pars ( 198): DC=1.5253e+01 r2=1.1316e-02 r3=1.1688e-01 epsV=8.4207e-01 epsZ=9.9265e-01 
New pars ( 199): DC=1.5253e+01 r2=1.1316e-02 r3=1.1688e-01 epsV=8.4207e-01 epsZ=9.9265e-01 
New pars ( 200): DC=1.5253e+01 r2=1.1316e-02 r3=1.1688e-01 epsV=8.4207e-01 epsZ=9.9265e-01 
New pars ( 201): DC=1.5253e+01 r2=1.1316e-02 r3=1.1688e-01 epsV=8.4207e-01 epsZ=9.9265e-01 
New pars ( 202): DC=1.5253e+01 r2=1.1316e-02 r3=1.1688e-01 epsV=8.4207e-01 epsZ=9.9265e-01 
New pars ( 203): DC=1.5253e+01 r2=1.1316e-02 r3=1.1688e-01 epsV=8.4207e-01 epsZ=9.9265e-01 
New pars ( 204): DC=1.5253e+01 r2=1.1316e-02 r3=1.1688e-01 epsV=8.4207e-01 epsZ=9.9265e-01 
New pars ( 205): DC=1.5253e+01 r2=1.1316e-02 r3=1.1688e-01 epsV=8.4207e-01 epsZ=9.9266e-01 
New pars ( 206): DC=1.5253e+01 r2=1.1316e-02 r3=1.1688e-01 epsV=8.4207e-01 epsZ=9.9266e-01 
New pars ( 207): DC=1.5253e+01 r2=1.1316e-02 r3=1.1688e-01 epsV=8.4207e-01 epsZ=9.9266e-01 
New pars ( 208): DC=1.5253e+01 r2=1.1316e-02 r3=1.1688e-01 epsV=8.4207e-01 epsZ=9.9266e-01 
 PARAMETER NUMBER   1 NOT A VARIABLE. IGNORED.
 THERE ARE NO MINOS ERRORS TO CALCULATE.
 PARAMETER NUMBER   2 NOT A VARIABLE. IGNORED.
 THERE ARE NO MINOS ERRORS TO CALCULATE.
New pars ( 209): DC=1.5344e+01 r2=1.1788e-02 r3=1.1930e-01 epsV=8.5371e-01 epsZ=9.8494e-01 
New pars ( 210): DC=1.5344e+01 r2=1.1789e-02 r3=1.1930e-01 epsV=8.5371e-01 epsZ=9.8494e-01 
New pars ( 211): DC=1.5344e+01 r2=1.1787e-02 r3=1.1930e-01 epsV=8.5371e-01 epsZ=9.8494e-01 
New pars ( 212): DC=1.5344e+01 r2=1.1791e-02 r3=1.1930e-01 epsV=8.5371e-01 epsZ=9.8494e-01 
New pars ( 213): DC=1.5344e+01 r2=1.1785e-02 r3=1.1930e-01 epsV=8.5371e-01 epsZ=9.8494e-01 
New pars ( 214): DC=1.5344e+01 r2=1.1788e-02 r3=1.1931e-01 epsV=8.5371e-01 epsZ=9.8494e-01 
New pars ( 215): DC=1.5344e+01 r2=1.1788e-02 r3=1.1930e-01 epsV=8.5371e-01 epsZ=9.8494e-01 
New pars ( 216): DC=1.5344e+01 r2=1.1788e-02 r3=1.1931e-01 epsV=8.5371e-01 epsZ=9.8494e-01 
New pars ( 217): DC=1.5344e+01 r2=1.1788e-02 r3=1.1930e-01 epsV=8.5371e-01 epsZ=9.8494e-01 
New pars ( 218): DC=1.5344e+01 r2=1.1788e-02 r3=1.1930e-01 epsV=8.5371e-01 epsZ=9.8494e-01 
New pars ( 219): DC=1.5344e+01 r2=1.1730e-02 r3=1.1894e-01 epsV=8.5187e-01 epsZ=9.8686e-01 
New pars ( 220): DC=1.5344e+01 r2=1.1749e-02 r3=1.1906e-01 epsV=8.5248e-01 epsZ=9.8622e-01 
New pars ( 221): DC=1.5344e+01 r2=1.1753e-02 r3=1.1906e-01 epsV=8.5248e-01 epsZ=9.8622e-01 
New pars ( 222): DC=1.5344e+01 r2=1.1746e-02 r3=1.1906e-01 epsV=8.5248e-01 epsZ=9.8622e-01 
New pars ( 223): DC=1.5344e+01 r2=1.1749e-02 r3=1.1906e-01 epsV=8.5248e-01 epsZ=9.8622e-01 
New pars ( 224): DC=1.5344e+01 r2=1.1749e-02 r3=1.1905e-01 epsV=8.5248e-01 epsZ=9.8622e-01 
New pars ( 225): DC=1.5344e+01 r2=1.1749e-02 r3=1.1906e-01 epsV=8.5249e-01 epsZ=9.8622e-01 
New pars ( 226): DC=1.5344e+01 r2=1.1779e-02 r3=1.1921e-01 epsV=8.5311e-01 epsZ=9.8549e-01 
New pars ( 227): DC=1.5344e+01 r2=1.1794e-02 r3=1.1929e-01 epsV=8.5342e-01 epsZ=9.8513e-01 
New pars ( 228): DC=1.5344e+01 r2=1.1797e-02 r3=1.1929e-01 epsV=8.5342e-01 epsZ=9.8513e-01 
New pars ( 229): DC=1.5344e+01 r2=1.1790e-02 r3=1.1929e-01 epsV=8.5342e-01 epsZ=9.8513e-01 
New pars ( 230): DC=1.5344e+01 r2=1.1794e-02 r3=1.1930e-01 epsV=8.5342e-01 epsZ=9.8513e-01 
New pars ( 231): DC=1.5344e+01 r2=1.1794e-02 r3=1.1928e-01 epsV=8.5342e-01 epsZ=9.8513e-01 
New pars ( 232): DC=1.5344e+01 r2=1.1794e-02 r3=1.1929e-01 epsV=8.5344e-01 epsZ=9.8513e-01 
New pars ( 233): DC=1.5344e+01 r2=1.1795e-02 r3=1.1930e-01 epsV=8.5344e-01 epsZ=9.8512e-01 
New pars ( 234): DC=1.5344e+01 r2=1.1798e-02 r3=1.1930e-01 epsV=8.5344e-01 epsZ=9.8512e-01 
New pars ( 235): DC=1.5344e+01 r2=1.1792e-02 r3=1.1930e-01 epsV=8.5344e-01 epsZ=9.8512e-01 
New pars ( 236): DC=1.5344e+01 r2=1.1795e-02 r3=1.1930e-01 epsV=8.5344e-01 epsZ=9.8512e-01 
New pars ( 237): DC=1.5344e+01 r2=1.1795e-02 r3=1.1929e-01 epsV=8.5344e-01 epsZ=9.8512e-01 
New pars ( 238): DC=1.5344e+01 r2=1.1795e-02 r3=1.1930e-01 epsV=8.5346e-01 epsZ=9.8512e-01 
New pars ( 239): DC=1.5162e+01 r2=1.0843e-02 r3=1.1446e-01 epsV=8.3043e-01 epsZ=1.0004e+00 
New pars ( 240): DC=1.5162e+01 r2=1.0846e-02 r3=1.1446e-01 epsV=8.3043e-01 epsZ=1.0004e+00 
New pars ( 241): DC=1.5162e+01 r2=1.0840e-02 r3=1.1446e-01 epsV=8.3043e-01 epsZ=1.0004e+00 
New pars ( 242): DC=1.5162e+01 r2=1.0843e-02 r3=1.1446e-01 epsV=8.3043e-01 epsZ=1.0004e+00 
New pars ( 243): DC=1.5162e+01 r2=1.0843e-02 r3=1.1445e-01 epsV=8.3043e-01 epsZ=1.0004e+00 
New pars ( 244): DC=1.5162e+01 r2=1.0843e-02 r3=1.1446e-01 epsV=8.3044e-01 epsZ=1.0004e+00 
New pars ( 245): DC=1.5162e+01 r2=1.0979e-02 r3=1.1514e-01 epsV=8.3307e-01 epsZ=9.9727e-01 
New pars ( 246): DC=1.5162e+01 r2=1.0901e-02 r3=1.1475e-01 epsV=8.3156e-01 epsZ=9.9904e-01 
New pars ( 247): DC=1.5162e+01 r2=1.0904e-02 r3=1.1475e-01 epsV=8.3156e-01 epsZ=9.9904e-01 
New pars ( 248): DC=1.5162e+01 r2=1.0898e-02 r3=1.1475e-01 epsV=8.3156e-01 epsZ=9.9904e-01 
New pars ( 249): DC=1.5162e+01 r2=1.0901e-02 r3=1.1475e-01 epsV=8.3156e-01 epsZ=9.9904e-01 
New pars ( 250): DC=1.5162e+01 r2=1.0901e-02 r3=1.1474e-01 epsV=8.3156e-01 epsZ=9.9904e-01 
New pars ( 251): DC=1.5162e+01 r2=1.0901e-02 r3=1.1475e-01 epsV=8.3158e-01 epsZ=9.9904e-01 
New pars ( 252): DC=1.5162e+01 r2=1.0880e-02 r3=1.1464e-01 epsV=8.3103e-01 epsZ=9.9963e-01 
New pars ( 253): DC=1.5162e+01 r2=1.0848e-02 r3=1.1447e-01 epsV=8.3022e-01 epsZ=1.0005e+00 
New pars ( 254): DC=1.5162e+01 r2=1.0851e-02 r3=1.1447e-01 epsV=8.3022e-01 epsZ=1.0005e+00 
New pars ( 255): DC=1.5162e+01 r2=1.0845e-02 r3=1.1447e-01 epsV=8.3022e-01 epsZ=1.0005e+00 
New pars ( 256): DC=1.5162e+01 r2=1.0848e-02 r3=1.1448e-01 epsV=8.3022e-01 epsZ=1.0005e+00 
New pars ( 257): DC=1.5162e+01 r2=1.0848e-02 r3=1.1447e-01 epsV=8.3022e-01 epsZ=1.0005e+00 
New pars ( 258): DC=1.5162e+01 r2=1.0848e-02 r3=1.1447e-01 epsV=8.3023e-01 epsZ=1.0005e+00 
New pars ( 259): DC=1.5162e+01 r2=1.0852e-02 r3=1.1445e-01 epsV=8.3019e-01 epsZ=1.0005e+00 
New pars ( 260): DC=1.5162e+01 r2=1.0852e-02 r3=1.1445e-01 epsV=8.3019e-01 epsZ=1.0005e+00 
New pars ( 261): DC=1.5162e+01 r2=1.0855e-02 r3=1.1445e-01 epsV=8.3019e-01 epsZ=1.0005e+00 
New pars ( 262): DC=1.5162e+01 r2=1.0848e-02 r3=1.1445e-01 epsV=8.3019e-01 epsZ=1.0005e+00 
New pars ( 263): DC=1.5162e+01 r2=1.0852e-02 r3=1.1446e-01 epsV=8.3019e-01 epsZ=1.0005e+00 
New pars ( 264): DC=1.5162e+01 r2=1.0852e-02 r3=1.1445e-01 epsV=8.3019e-01 epsZ=1.0005e+00 
New pars ( 265): DC=1.5162e+01 r2=1.0852e-02 r3=1.1445e-01 epsV=8.3021e-01 epsZ=1.0005e+00 
 PARAMETER NUMBER   4 NOT A VARIABLE. IGNORED.
 THERE ARE NO MINOS ERRORS TO CALCULATE.
New pars ( 266): DC=1.5304e+01 r2=1.2160e-02 r3=1.1986e-01 epsV=8.5887e-01 epsZ=9.7321e-01 
New pars ( 267): DC=1.5305e+01 r2=1.2160e-02 r3=1.1986e-01 epsV=8.5887e-01 epsZ=9.7321e-01 
New pars ( 268): DC=1.5304e+01 r2=1.2160e-02 r3=1.1986e-01 epsV=8.5887e-01 epsZ=9.7321e-01 
New pars ( 269): DC=1.5305e+01 r2=1.2160e-02 r3=1.1986e-01 epsV=8.5887e-01 epsZ=9.7321e-01 
New pars ( 270): DC=1.5304e+01 r2=1.2160e-02 r3=1.1986e-01 epsV=8.5887e-01 epsZ=9.7321e-01 
New pars ( 271): DC=1.5304e+01 r2=1.2160e-02 r3=1.1986e-01 epsV=8.5887e-01 epsZ=9.7321e-01 
New pars ( 272): DC=1.5304e+01 r2=1.2160e-02 r3=1.1985e-01 epsV=8.5887e-01 epsZ=9.7321e-01 
New pars ( 273): DC=1.5304e+01 r2=1.2160e-02 r3=1.1986e-01 epsV=8.5889e-01 epsZ=9.7321e-01 
New pars ( 274): DC=1.5297e+01 r2=1.2160e-02 r3=1.1933e-01 epsV=8.5685e-01 epsZ=9.7415e-01 
New pars ( 275): DC=1.5299e+01 r2=1.2160e-02 r3=1.1949e-01 epsV=8.5747e-01 epsZ=9.7386e-01 
New pars ( 276): DC=1.5300e+01 r2=1.2160e-02 r3=1.1949e-01 epsV=8.5747e-01 epsZ=9.7386e-01 
New pars ( 277): DC=1.5299e+01 r2=1.2160e-02 r3=1.1949e-01 epsV=8.5747e-01 epsZ=9.7386e-01 
New pars ( 278): DC=1.5299e+01 r2=1.2160e-02 r3=1.1950e-01 epsV=8.5747e-01 epsZ=9.7386e-01 
New pars ( 279): DC=1.5299e+01 r2=1.2160e-02 r3=1.1948e-01 epsV=8.5747e-01 epsZ=9.7386e-01 
New pars ( 280): DC=1.5299e+01 r2=1.2160e-02 r3=1.1949e-01 epsV=8.5748e-01 epsZ=9.7386e-01 
New pars ( 281): DC=1.5302e+01 r2=1.2160e-02 r3=1.1968e-01 epsV=8.5781e-01 epsZ=9.7419e-01 
New pars ( 282): DC=1.5303e+01 r2=1.2160e-02 r3=1.1975e-01 epsV=8.5791e-01 epsZ=9.7429e-01 
New pars ( 283): DC=1.5303e+01 r2=1.2160e-02 r3=1.1975e-01 epsV=8.5791e-01 epsZ=9.7429e-01 
New pars ( 284): DC=1.5302e+01 r2=1.2160e-02 r3=1.1975e-01 epsV=8.5791e-01 epsZ=9.7429e-01 
New pars ( 285): DC=1.5303e+01 r2=1.2160e-02 r3=1.1975e-01 epsV=8.5791e-01 epsZ=9.7429e-01 
New pars ( 286): DC=1.5303e+01 r2=1.2160e-02 r3=1.1974e-01 epsV=8.5791e-01 epsZ=9.7429e-01 
New pars ( 287): DC=1.5303e+01 r2=1.2160e-02 r3=1.1975e-01 epsV=8.5793e-01 epsZ=9.7429e-01 
New pars ( 288): DC=1.5303e+01 r2=1.2160e-02 r3=1.1976e-01 epsV=8.5797e-01 epsZ=9.7420e-01 
New pars ( 289): DC=1.5303e+01 r2=1.2160e-02 r3=1.1976e-01 epsV=8.5797e-01 epsZ=9.7420e-01 
New pars ( 290): DC=1.5302e+01 r2=1.2160e-02 r3=1.1976e-01 epsV=8.5797e-01 epsZ=9.7420e-01 
New pars ( 291): DC=1.5303e+01 r2=1.2160e-02 r3=1.1976e-01 epsV=8.5797e-01 epsZ=9.7420e-01 
New pars ( 292): DC=1.5303e+01 r2=1.2160e-02 r3=1.1975e-01 epsV=8.5797e-01 epsZ=9.7420e-01 
New pars ( 293): DC=1.5303e+01 r2=1.2160e-02 r3=1.1976e-01 epsV=8.5798e-01 epsZ=9.7420e-01 
New pars ( 294): DC=1.5303e+01 r2=1.2186e-02 r3=1.1976e-01 epsV=8.5797e-01 epsZ=9.7420e-01 
New pars ( 295): DC=1.5303e+01 r2=1.2186e-02 r3=1.1976e-01 epsV=8.5797e-01 epsZ=9.7420e-01 
New pars ( 296): DC=1.5302e+01 r2=1.2186e-02 r3=1.1976e-01 epsV=8.5797e-01 epsZ=9.7420e-01 
New pars ( 297): DC=1.5303e+01 r2=1.2186e-02 r3=1.1976e-01 epsV=8.5797e-01 epsZ=9.7420e-01 
New pars ( 298): DC=1.5303e+01 r2=1.2186e-02 r3=1.1975e-01 epsV=8.5797e-01 epsZ=9.7420e-01 
New pars ( 299): DC=1.5303e+01 r2=1.2186e-02 r3=1.1976e-01 epsV=8.5798e-01 epsZ=9.7420e-01 
New pars ( 300): DC=1.5304e+01 r2=1.2186e-02 r3=1.1984e-01 epsV=8.5843e-01 epsZ=9.7367e-01 
New pars ( 301): DC=1.5305e+01 r2=1.2186e-02 r3=1.1984e-01 epsV=8.5843e-01 epsZ=9.7367e-01 
New pars ( 302): DC=1.5304e+01 r2=1.2186e-02 r3=1.1984e-01 epsV=8.5843e-01 epsZ=9.7367e-01 
New pars ( 303): DC=1.5304e+01 r2=1.2186e-02 r3=1.1985e-01 epsV=8.5843e-01 epsZ=9.7367e-01 
New pars ( 304): DC=1.5304e+01 r2=1.2186e-02 r3=1.1984e-01 epsV=8.5843e-01 epsZ=9.7367e-01 
New pars ( 305): DC=1.5304e+01 r2=1.2186e-02 r3=1.1984e-01 epsV=8.5844e-01 epsZ=9.7367e-01 
New pars ( 306): DC=1.5202e+01 r2=1.0471e-02 r3=1.1390e-01 epsV=8.2526e-01 epsZ=1.0121e+00 
New pars ( 307): DC=1.5203e+01 r2=1.0471e-02 r3=1.1390e-01 epsV=8.2526e-01 epsZ=1.0121e+00 
New pars ( 308): DC=1.5202e+01 r2=1.0471e-02 r3=1.1390e-01 epsV=8.2526e-01 epsZ=1.0121e+00 
New pars ( 309): DC=1.5202e+01 r2=1.0471e-02 r3=1.1391e-01 epsV=8.2526e-01 epsZ=1.0121e+00 
New pars ( 310): DC=1.5202e+01 r2=1.0471e-02 r3=1.1389e-01 epsV=8.2526e-01 epsZ=1.0121e+00 
New pars ( 311): DC=1.5202e+01 r2=1.0471e-02 r3=1.1390e-01 epsV=8.2527e-01 epsZ=1.0121e+00 
New pars ( 312): DC=1.5211e+01 r2=1.0471e-02 r3=1.1460e-01 epsV=8.2620e-01 epsZ=1.0134e+00 
New pars ( 313): DC=1.5207e+01 r2=1.0471e-02 r3=1.1428e-01 epsV=8.2577e-01 epsZ=1.0128e+00 
New pars ( 314): DC=1.5208e+01 r2=1.0471e-02 r3=1.1428e-01 epsV=8.2577e-01 epsZ=1.0128e+00 
New pars ( 315): DC=1.5207e+01 r2=1.0471e-02 r3=1.1428e-01 epsV=8.2577e-01 epsZ=1.0128e+00 
New pars ( 316): DC=1.5207e+01 r2=1.0471e-02 r3=1.1429e-01 epsV=8.2577e-01 epsZ=1.0128e+00 
New pars ( 317): DC=1.5207e+01 r2=1.0471e-02 r3=1.1428e-01 epsV=8.2577e-01 epsZ=1.0128e+00 
New pars ( 318): DC=1.5207e+01 r2=1.0471e-02 r3=1.1428e-01 epsV=8.2579e-01 epsZ=1.0128e+00 
New pars ( 319): DC=1.5204e+01 r2=1.0471e-02 r3=1.1407e-01 epsV=8.2507e-01 epsZ=1.0132e+00 
New pars ( 320): DC=1.5201e+01 r2=1.0471e-02 r3=1.1385e-01 epsV=8.2428e-01 epsZ=1.0136e+00 
New pars ( 321): DC=1.5202e+01 r2=1.0471e-02 r3=1.1385e-01 epsV=8.2428e-01 epsZ=1.0136e+00 
New pars ( 322): DC=1.5201e+01 r2=1.0471e-02 r3=1.1385e-01 epsV=8.2428e-01 epsZ=1.0136e+00 
New pars ( 323): DC=1.5201e+01 r2=1.0471e-02 r3=1.1385e-01 epsV=8.2428e-01 epsZ=1.0136e+00 
New pars ( 324): DC=1.5201e+01 r2=1.0471e-02 r3=1.1384e-01 epsV=8.2428e-01 epsZ=1.0136e+00 
New pars ( 325): DC=1.5201e+01 r2=1.0471e-02 r3=1.1385e-01 epsV=8.2430e-01 epsZ=1.0136e+00 
New pars ( 326): DC=1.5201e+01 r2=1.0471e-02 r3=1.1380e-01 epsV=8.2425e-01 epsZ=1.0133e+00 
New pars ( 327): DC=1.5201e+01 r2=1.0471e-02 r3=1.1379e-01 epsV=8.2424e-01 epsZ=1.0132e+00 
New pars ( 328): DC=1.5201e+01 r2=1.0471e-02 r3=1.1379e-01 epsV=8.2424e-01 epsZ=1.0132e+00 
New pars ( 329): DC=1.5201e+01 r2=1.0471e-02 r3=1.1379e-01 epsV=8.2424e-01 epsZ=1.0132e+00 
New pars ( 330): DC=1.5201e+01 r2=1.0471e-02 r3=1.1380e-01 epsV=8.2424e-01 epsZ=1.0132e+00 
New pars ( 331): DC=1.5201e+01 r2=1.0471e-02 r3=1.1379e-01 epsV=8.2424e-01 epsZ=1.0132e+00 
New pars ( 332): DC=1.5201e+01 r2=1.0471e-02 r3=1.1379e-01 epsV=8.2426e-01 epsZ=1.0132e+00 
New pars ( 333): DC=1.5201e+01 r2=1.0499e-02 r3=1.1379e-01 epsV=8.2424e-01 epsZ=1.0132e+00 
New pars ( 334): DC=1.5201e+01 r2=1.0499e-02 r3=1.1379e-01 epsV=8.2424e-01 epsZ=1.0132e+00 
New pars ( 335): DC=1.5201e+01 r2=1.0499e-02 r3=1.1379e-01 epsV=8.2424e-01 epsZ=1.0132e+00 
New pars ( 336): DC=1.5201e+01 r2=1.0499e-02 r3=1.1380e-01 epsV=8.2424e-01 epsZ=1.0132e+00 
New pars ( 337): DC=1.5201e+01 r2=1.0499e-02 r3=1.1379e-01 epsV=8.2424e-01 epsZ=1.0132e+00 
New pars ( 338): DC=1.5201e+01 r2=1.0499e-02 r3=1.1379e-01 epsV=8.2426e-01 epsZ=1.0132e+00 
New pars ( 339): DC=1.5203e+01 r2=1.0499e-02 r3=1.1389e-01 epsV=8.2485e-01 epsZ=1.0125e+00 
New pars ( 340): DC=1.5203e+01 r2=1.0499e-02 r3=1.1389e-01 epsV=8.2485e-01 epsZ=1.0125e+00 
New pars ( 341): DC=1.5202e+01 r2=1.0499e-02 r3=1.1389e-01 epsV=8.2485e-01 epsZ=1.0125e+00 
New pars ( 342): DC=1.5203e+01 r2=1.0499e-02 r3=1.1390e-01 epsV=8.2485e-01 epsZ=1.0125e+00 
New pars ( 343): DC=1.5203e+01 r2=1.0499e-02 r3=1.1389e-01 epsV=8.2485e-01 epsZ=1.0125e+00 
New pars ( 344): DC=1.5203e+01 r2=1.0499e-02 r3=1.1389e-01 epsV=8.2486e-01 epsZ=1.0125e+00 
New pars ( 345): DC=1.5203e+01 r2=1.0499e-02 r3=1.1390e-01 epsV=8.2487e-01 epsZ=1.0125e+00 
New pars ( 346): DC=1.5203e+01 r2=1.0499e-02 r3=1.1390e-01 epsV=8.2487e-01 epsZ=1.0125e+00 
New pars ( 347): DC=1.5202e+01 r2=1.0499e-02 r3=1.1390e-01 epsV=8.2487e-01 epsZ=1.0125e+00 
New pars ( 348): DC=1.5203e+01 r2=1.0499e-02 r3=1.1391e-01 epsV=8.2487e-01 epsZ=1.0125e+00 
New pars ( 349): DC=1.5203e+01 r2=1.0499e-02 r3=1.1389e-01 epsV=8.2487e-01 epsZ=1.0125e+00 
New pars ( 350): DC=1.5203e+01 r2=1.0499e-02 r3=1.1390e-01 epsV=8.2488e-01 epsZ=1.0125e+00 
New pars ( 351): DC=1.5309e+01 r2=1.1944e-02 r3=1.2088e-01 epsV=8.5882e-01 epsZ=9.7871e-01 
New pars ( 352): DC=1.5309e+01 r2=1.1944e-02 r3=1.2088e-01 epsV=8.5882e-01 epsZ=9.7871e-01 
New pars ( 353): DC=1.5308e+01 r2=1.1944e-02 r3=1.2088e-01 epsV=8.5882e-01 epsZ=9.7871e-01 
New pars ( 354): DC=1.5309e+01 r2=1.1948e-02 r3=1.2088e-01 epsV=8.5882e-01 epsZ=9.7871e-01 
New pars ( 355): DC=1.5309e+01 r2=1.1941e-02 r3=1.2088e-01 epsV=8.5882e-01 epsZ=9.7871e-01 
New pars ( 356): DC=1.5309e+01 r2=1.1944e-02 r3=1.2088e-01 epsV=8.5883e-01 epsZ=9.7871e-01 
New pars ( 357): DC=1.5305e+01 r2=1.1901e-02 r3=1.2088e-01 epsV=8.5757e-01 epsZ=9.8043e-01 
New pars ( 358): DC=1.5305e+01 r2=1.1907e-02 r3=1.2088e-01 epsV=8.5773e-01 epsZ=9.8022e-01 
New pars ( 359): DC=1.5306e+01 r2=1.1907e-02 r3=1.2088e-01 epsV=8.5773e-01 epsZ=9.8022e-01 
New pars ( 360): DC=1.5305e+01 r2=1.1907e-02 r3=1.2088e-01 epsV=8.5773e-01 epsZ=9.8022e-01 
New pars ( 361): DC=1.5305e+01 r2=1.1910e-02 r3=1.2088e-01 epsV=8.5773e-01 epsZ=9.8022e-01 
New pars ( 362): DC=1.5305e+01 r2=1.1904e-02 r3=1.2088e-01 epsV=8.5773e-01 epsZ=9.8022e-01 
New pars ( 363): DC=1.5305e+01 r2=1.1907e-02 r3=1.2088e-01 epsV=8.5774e-01 epsZ=9.8022e-01 
New pars ( 364): DC=1.5308e+01 r2=1.1948e-02 r3=1.2088e-01 epsV=8.5820e-01 epsZ=9.7927e-01 
New pars ( 365): DC=1.5309e+01 r2=1.1954e-02 r3=1.2088e-01 epsV=8.5827e-01 epsZ=9.7914e-01 
New pars ( 366): DC=1.5309e+01 r2=1.1954e-02 r3=1.2088e-01 epsV=8.5827e-01 epsZ=9.7914e-01 
New pars ( 367): DC=1.5308e+01 r2=1.1954e-02 r3=1.2088e-01 epsV=8.5827e-01 epsZ=9.7914e-01 
New pars ( 368): DC=1.5309e+01 r2=1.1957e-02 r3=1.2088e-01 epsV=8.5827e-01 epsZ=9.7914e-01 
New pars ( 369): DC=1.5309e+01 r2=1.1951e-02 r3=1.2088e-01 epsV=8.5827e-01 epsZ=9.7914e-01 
New pars ( 370): DC=1.5309e+01 r2=1.1954e-02 r3=1.2088e-01 epsV=8.5828e-01 epsZ=9.7914e-01 
New pars ( 371): DC=1.5309e+01 r2=1.1956e-02 r3=1.2088e-01 epsV=8.5826e-01 epsZ=9.7918e-01 
New pars ( 372): DC=1.5309e+01 r2=1.1956e-02 r3=1.2088e-01 epsV=8.5826e-01 epsZ=9.7918e-01 
New pars ( 373): DC=1.5308e+01 r2=1.1956e-02 r3=1.2088e-01 epsV=8.5826e-01 epsZ=9.7918e-01 
New pars ( 374): DC=1.5309e+01 r2=1.1959e-02 r3=1.2088e-01 epsV=8.5826e-01 epsZ=9.7918e-01 
New pars ( 375): DC=1.5309e+01 r2=1.1952e-02 r3=1.2088e-01 epsV=8.5826e-01 epsZ=9.7918e-01 
New pars ( 376): DC=1.5309e+01 r2=1.1956e-02 r3=1.2088e-01 epsV=8.5828e-01 epsZ=9.7918e-01 
New pars ( 377): DC=1.5198e+01 r2=1.0687e-02 r3=1.1288e-01 epsV=8.2532e-01 epsZ=1.0066e+00 
New pars ( 378): DC=1.5199e+01 r2=1.0687e-02 r3=1.1288e-01 epsV=8.2532e-01 epsZ=1.0066e+00 
New pars ( 379): DC=1.5198e+01 r2=1.0687e-02 r3=1.1288e-01 epsV=8.2532e-01 epsZ=1.0066e+00 
New pars ( 380): DC=1.5198e+01 r2=1.0690e-02 r3=1.1288e-01 epsV=8.2532e-01 epsZ=1.0066e+00 
New pars ( 381): DC=1.5198e+01 r2=1.0683e-02 r3=1.1288e-01 epsV=8.2532e-01 epsZ=1.0066e+00 
New pars ( 382): DC=1.5198e+01 r2=1.0687e-02 r3=1.1288e-01 epsV=8.2533e-01 epsZ=1.0066e+00 
New pars ( 383): DC=1.5205e+01 r2=1.0814e-02 r3=1.1288e-01 epsV=8.2608e-01 epsZ=1.0046e+00 
New pars ( 384): DC=1.5204e+01 r2=1.0787e-02 r3=1.1288e-01 epsV=8.2592e-01 epsZ=1.0050e+00 
New pars ( 385): DC=1.5204e+01 r2=1.0787e-02 r3=1.1288e-01 epsV=8.2592e-01 epsZ=1.0050e+00 
New pars ( 386): DC=1.5203e+01 r2=1.0787e-02 r3=1.1288e-01 epsV=8.2592e-01 epsZ=1.0050e+00 
New pars ( 387): DC=1.5204e+01 r2=1.0790e-02 r3=1.1288e-01 epsV=8.2592e-01 epsZ=1.0050e+00 
New pars ( 388): DC=1.5204e+01 r2=1.0784e-02 r3=1.1288e-01 epsV=8.2592e-01 epsZ=1.0050e+00 
New pars ( 389): DC=1.5204e+01 r2=1.0787e-02 r3=1.1288e-01 epsV=8.2594e-01 epsZ=1.0050e+00 
New pars ( 390): DC=1.5201e+01 r2=1.0719e-02 r3=1.1288e-01 epsV=8.2509e-01 epsZ=1.0064e+00 
New pars ( 391): DC=1.5200e+01 r2=1.0703e-02 r3=1.1288e-01 epsV=8.2489e-01 epsZ=1.0067e+00 
New pars ( 392): DC=1.5200e+01 r2=1.0703e-02 r3=1.1288e-01 epsV=8.2489e-01 epsZ=1.0067e+00 
New pars ( 393): DC=1.5199e+01 r2=1.0703e-02 r3=1.1288e-01 epsV=8.2489e-01 epsZ=1.0067e+00 
New pars ( 394): DC=1.5200e+01 r2=1.0706e-02 r3=1.1288e-01 epsV=8.2489e-01 epsZ=1.0067e+00 
New pars ( 395): DC=1.5200e+01 r2=1.0700e-02 r3=1.1288e-01 epsV=8.2489e-01 epsZ=1.0067e+00 
New pars ( 396): DC=1.5200e+01 r2=1.0703e-02 r3=1.1288e-01 epsV=8.2490e-01 epsZ=1.0067e+00 
New pars ( 397): DC=1.5198e+01 r2=1.0700e-02 r3=1.1288e-01 epsV=8.2477e-01 epsZ=1.0070e+00 
New pars ( 398): DC=1.5198e+01 r2=1.0700e-02 r3=1.1288e-01 epsV=8.2476e-01 epsZ=1.0070e+00 
New pars ( 399): DC=1.5199e+01 r2=1.0700e-02 r3=1.1288e-01 epsV=8.2476e-01 epsZ=1.0070e+00 
New pars ( 400): DC=1.5198e+01 r2=1.0700e-02 r3=1.1288e-01 epsV=8.2476e-01 epsZ=1.0070e+00 
New pars ( 401): DC=1.5198e+01 r2=1.0703e-02 r3=1.1288e-01 epsV=8.2476e-01 epsZ=1.0070e+00 
New pars ( 402): DC=1.5198e+01 r2=1.0697e-02 r3=1.1288e-01 epsV=8.2476e-01 epsZ=1.0070e+00 
New pars ( 403): DC=1.5198e+01 r2=1.0700e-02 r3=1.1288e-01 epsV=8.2478e-01 epsZ=1.0070e+00 
New pars ( 404): DC=1.5198e+01 r2=1.0699e-02 r3=1.1288e-01 epsV=8.2475e-01 epsZ=1.0070e+00 
New pars ( 405): DC=1.5198e+01 r2=1.0699e-02 r3=1.1288e-01 epsV=8.2474e-01 epsZ=1.0070e+00 
New pars ( 406): DC=1.5199e+01 r2=1.0699e-02 r3=1.1288e-01 epsV=8.2474e-01 epsZ=1.0070e+00 
New pars ( 407): DC=1.5198e+01 r2=1.0699e-02 r3=1.1288e-01 epsV=8.2474e-01 epsZ=1.0070e+00 
New pars ( 408): DC=1.5198e+01 r2=1.0702e-02 r3=1.1288e-01 epsV=8.2474e-01 epsZ=1.0070e+00 
New pars ( 409): DC=1.5198e+01 r2=1.0696e-02 r3=1.1288e-01 epsV=8.2474e-01 epsZ=1.0070e+00 
New pars ( 410): DC=1.5198e+01 r2=1.0699e-02 r3=1.1288e-01 epsV=8.2476e-01 epsZ=1.0070e+00 
 PARAMETER NUMBER   7 NOT A VARIABLE. IGNORED.
 THERE ARE NO MINOS ERRORS TO CALCULATE.
 PARAMETER NUMBER   8 NOT A VARIABLE. IGNORED.
 THERE ARE NO MINOS ERRORS TO CALCULATE.
 PARAMETER NUMBER   9 NOT A VARIABLE. IGNORED.
 THERE ARE NO MINOS ERRORS TO CALCULATE.
 PARAMETER NUMBER  10 NOT A VARIABLE. IGNORED.
 THERE ARE NO MINOS ERRORS TO CALCULATE.
New pars ( 411): DC=1.5312e+01 r2=1.2094e-02 r3=1.2056e-01 epsV=8.6029e-01 epsZ=9.7375e-01 
New pars ( 412): DC=1.5312e+01 r2=1.2094e-02 r3=1.2056e-01 epsV=8.6029e-01 epsZ=9.7375e-01 
New pars ( 413): DC=1.5311e+01 r2=1.2094e-02 r3=1.2056e-01 epsV=8.6029e-01 epsZ=9.7375e-01 
New pars ( 414): DC=1.5312e+01 r2=1.2097e-02 r3=1.2056e-01 epsV=8.6029e-01 epsZ=9.7375e-01 
New pars ( 415): DC=1.5312e+01 r2=1.2091e-02 r3=1.2056e-01 epsV=8.6029e-01 epsZ=9.7375e-01 
New pars ( 416): DC=1.5312e+01 r2=1.2094e-02 r3=1.2056e-01 epsV=8.6029e-01 epsZ=9.7375e-01 
New pars ( 417): DC=1.5312e+01 r2=1.2094e-02 r3=1.2055e-01 epsV=8.6029e-01 epsZ=9.7375e-01 
New pars ( 418): DC=1.5312e+01 r2=1.2094e-02 r3=1.2056e-01 epsV=8.6029e-01 epsZ=9.7379e-01 
New pars ( 419): DC=1.5311e+01 r2=1.2157e-02 r3=1.2051e-01 epsV=8.6029e-01 epsZ=9.7266e-01 
New pars ( 420): DC=1.5312e+01 r2=1.2157e-02 r3=1.2051e-01 epsV=8.6029e-01 epsZ=9.7266e-01 
New pars ( 421): DC=1.5311e+01 r2=1.2157e-02 r3=1.2051e-01 epsV=8.6029e-01 epsZ=9.7266e-01 
New pars ( 422): DC=1.5311e+01 r2=1.2160e-02 r3=1.2051e-01 epsV=8.6029e-01 epsZ=9.7266e-01 
New pars ( 423): DC=1.5311e+01 r2=1.2153e-02 r3=1.2051e-01 epsV=8.6029e-01 epsZ=9.7266e-01 
New pars ( 424): DC=1.5311e+01 r2=1.2157e-02 r3=1.2052e-01 epsV=8.6029e-01 epsZ=9.7266e-01 
New pars ( 425): DC=1.5311e+01 r2=1.2157e-02 r3=1.2050e-01 epsV=8.6029e-01 epsZ=9.7266e-01 
New pars ( 426): DC=1.5311e+01 r2=1.2157e-02 r3=1.2051e-01 epsV=8.6029e-01 epsZ=9.7270e-01 
New pars ( 427): DC=1.5313e+01 r2=1.2150e-02 r3=1.2064e-01 epsV=8.6029e-01 epsZ=9.7357e-01 
New pars ( 428): DC=1.5314e+01 r2=1.2150e-02 r3=1.2064e-01 epsV=8.6029e-01 epsZ=9.7357e-01 
New pars ( 429): DC=1.5313e+01 r2=1.2150e-02 r3=1.2064e-01 epsV=8.6029e-01 epsZ=9.7357e-01 
New pars ( 430): DC=1.5313e+01 r2=1.2153e-02 r3=1.2064e-01 epsV=8.6029e-01 epsZ=9.7357e-01 
New pars ( 431): DC=1.5313e+01 r2=1.2146e-02 r3=1.2064e-01 epsV=8.6029e-01 epsZ=9.7357e-01 
New pars ( 432): DC=1.5313e+01 r2=1.2150e-02 r3=1.2065e-01 epsV=8.6029e-01 epsZ=9.7357e-01 
New pars ( 433): DC=1.5313e+01 r2=1.2150e-02 r3=1.2063e-01 epsV=8.6029e-01 epsZ=9.7357e-01 
New pars ( 434): DC=1.5313e+01 r2=1.2150e-02 r3=1.2064e-01 epsV=8.6029e-01 epsZ=9.7361e-01 
New pars ( 435): DC=1.5313e+01 r2=1.2147e-02 r3=1.2065e-01 epsV=8.6029e-01 epsZ=9.7361e-01 
New pars ( 436): DC=1.5313e+01 r2=1.2147e-02 r3=1.2065e-01 epsV=8.6029e-01 epsZ=9.7362e-01 
New pars ( 437): DC=1.5314e+01 r2=1.2147e-02 r3=1.2065e-01 epsV=8.6029e-01 epsZ=9.7362e-01 
New pars ( 438): DC=1.5313e+01 r2=1.2147e-02 r3=1.2065e-01 epsV=8.6029e-01 epsZ=9.7362e-01 
New pars ( 439): DC=1.5313e+01 r2=1.2150e-02 r3=1.2065e-01 epsV=8.6029e-01 epsZ=9.7362e-01 
New pars ( 440): DC=1.5313e+01 r2=1.2144e-02 r3=1.2065e-01 epsV=8.6029e-01 epsZ=9.7362e-01 
New pars ( 441): DC=1.5313e+01 r2=1.2147e-02 r3=1.2066e-01 epsV=8.6029e-01 epsZ=9.7362e-01 
New pars ( 442): DC=1.5313e+01 r2=1.2147e-02 r3=1.2064e-01 epsV=8.6029e-01 epsZ=9.7362e-01 
New pars ( 443): DC=1.5313e+01 r2=1.2147e-02 r3=1.2065e-01 epsV=8.6029e-01 epsZ=9.7366e-01 
New pars ( 444): DC=1.5314e+01 r2=1.2147e-02 r3=1.2065e-01 epsV=8.5970e-01 epsZ=9.7362e-01 
New pars ( 445): DC=1.5313e+01 r2=1.2147e-02 r3=1.2065e-01 epsV=8.5970e-01 epsZ=9.7362e-01 
New pars ( 446): DC=1.5313e+01 r2=1.2150e-02 r3=1.2065e-01 epsV=8.5970e-01 epsZ=9.7362e-01 
New pars ( 447): DC=1.5313e+01 r2=1.2144e-02 r3=1.2065e-01 epsV=8.5970e-01 epsZ=9.7362e-01 
New pars ( 448): DC=1.5313e+01 r2=1.2147e-02 r3=1.2066e-01 epsV=8.5970e-01 epsZ=9.7362e-01 
New pars ( 449): DC=1.5313e+01 r2=1.2147e-02 r3=1.2064e-01 epsV=8.5970e-01 epsZ=9.7362e-01 
New pars ( 450): DC=1.5313e+01 r2=1.2147e-02 r3=1.2065e-01 epsV=8.5970e-01 epsZ=9.7366e-01 
New pars ( 451): DC=1.5311e+01 r2=1.2119e-02 r3=1.2052e-01 epsV=8.5970e-01 epsZ=9.7420e-01 
New pars ( 452): DC=1.5312e+01 r2=1.2119e-02 r3=1.2052e-01 epsV=8.5970e-01 epsZ=9.7420e-01 
New pars ( 453): DC=1.5311e+01 r2=1.2119e-02 r3=1.2052e-01 epsV=8.5970e-01 epsZ=9.7420e-01 
New pars ( 454): DC=1.5311e+01 r2=1.2122e-02 r3=1.2052e-01 epsV=8.5970e-01 epsZ=9.7420e-01 
New pars ( 455): DC=1.5311e+01 r2=1.2116e-02 r3=1.2052e-01 epsV=8.5970e-01 epsZ=9.7420e-01 
New pars ( 456): DC=1.5311e+01 r2=1.2119e-02 r3=1.2053e-01 epsV=8.5970e-01 epsZ=9.7420e-01 
New pars ( 457): DC=1.5311e+01 r2=1.2119e-02 r3=1.2051e-01 epsV=8.5970e-01 epsZ=9.7420e-01 
New pars ( 458): DC=1.5311e+01 r2=1.2119e-02 r3=1.2052e-01 epsV=8.5970e-01 epsZ=9.7424e-01 
New pars ( 459): DC=1.5311e+01 r2=1.2118e-02 r3=1.2052e-01 epsV=8.5970e-01 epsZ=9.7423e-01 
New pars ( 460): DC=1.5312e+01 r2=1.2118e-02 r3=1.2052e-01 epsV=8.5970e-01 epsZ=9.7423e-01 
New pars ( 461): DC=1.5311e+01 r2=1.2118e-02 r3=1.2052e-01 epsV=8.5970e-01 epsZ=9.7423e-01 
New pars ( 462): DC=1.5311e+01 r2=1.2122e-02 r3=1.2052e-01 epsV=8.5970e-01 epsZ=9.7423e-01 
New pars ( 463): DC=1.5311e+01 r2=1.2115e-02 r3=1.2052e-01 epsV=8.5970e-01 epsZ=9.7423e-01 
New pars ( 464): DC=1.5311e+01 r2=1.2118e-02 r3=1.2053e-01 epsV=8.5970e-01 epsZ=9.7423e-01 
New pars ( 465): DC=1.5311e+01 r2=1.2118e-02 r3=1.2052e-01 epsV=8.5970e-01 epsZ=9.7423e-01 
New pars ( 466): DC=1.5311e+01 r2=1.2118e-02 r3=1.2052e-01 epsV=8.5970e-01 epsZ=9.7427e-01 
New pars ( 467): DC=1.5195e+01 r2=1.0537e-02 r3=1.1320e-01 epsV=8.2385e-01 epsZ=1.0116e+00 
New pars ( 468): DC=1.5196e+01 r2=1.0537e-02 r3=1.1320e-01 epsV=8.2385e-01 epsZ=1.0116e+00 
New pars ( 469): DC=1.5195e+01 r2=1.0537e-02 r3=1.1320e-01 epsV=8.2385e-01 epsZ=1.0116e+00 
New pars ( 470): DC=1.5195e+01 r2=1.0540e-02 r3=1.1320e-01 epsV=8.2385e-01 epsZ=1.0116e+00 
New pars ( 471): DC=1.5195e+01 r2=1.0533e-02 r3=1.1320e-01 epsV=8.2385e-01 epsZ=1.0116e+00 
New pars ( 472): DC=1.5195e+01 r2=1.0537e-02 r3=1.1321e-01 epsV=8.2385e-01 epsZ=1.0116e+00 
New pars ( 473): DC=1.5195e+01 r2=1.0537e-02 r3=1.1320e-01 epsV=8.2385e-01 epsZ=1.0116e+00 
New pars ( 474): DC=1.5195e+01 r2=1.0537e-02 r3=1.1320e-01 epsV=8.2385e-01 epsZ=1.0116e+00 
New pars ( 475): DC=1.5201e+01 r2=1.0564e-02 r3=1.1358e-01 epsV=8.2385e-01 epsZ=1.0132e+00 
New pars ( 476): DC=1.5199e+01 r2=1.0556e-02 r3=1.1347e-01 epsV=8.2385e-01 epsZ=1.0128e+00 
New pars ( 477): DC=1.5200e+01 r2=1.0556e-02 r3=1.1347e-01 epsV=8.2385e-01 epsZ=1.0128e+00 
New pars ( 478): DC=1.5199e+01 r2=1.0556e-02 r3=1.1347e-01 epsV=8.2385e-01 epsZ=1.0128e+00 
New pars ( 479): DC=1.5199e+01 r2=1.0559e-02 r3=1.1347e-01 epsV=8.2385e-01 epsZ=1.0128e+00 
New pars ( 480): DC=1.5199e+01 r2=1.0553e-02 r3=1.1347e-01 epsV=8.2385e-01 epsZ=1.0128e+00 
New pars ( 481): DC=1.5199e+01 r2=1.0556e-02 r3=1.1347e-01 epsV=8.2385e-01 epsZ=1.0128e+00 
New pars ( 482): DC=1.5199e+01 r2=1.0556e-02 r3=1.1346e-01 epsV=8.2385e-01 epsZ=1.0128e+00 
New pars ( 483): DC=1.5199e+01 r2=1.0556e-02 r3=1.1347e-01 epsV=8.2385e-01 epsZ=1.0128e+00 
New pars ( 484): DC=1.5198e+01 r2=1.0584e-02 r3=1.1333e-01 epsV=8.2385e-01 epsZ=1.0118e+00 
New pars ( 485): DC=1.5197e+01 r2=1.0590e-02 r3=1.1330e-01 epsV=8.2385e-01 epsZ=1.0116e+00 
New pars ( 486): DC=1.5198e+01 r2=1.0590e-02 r3=1.1330e-01 epsV=8.2385e-01 epsZ=1.0116e+00 
New pars ( 487): DC=1.5197e+01 r2=1.0590e-02 r3=1.1330e-01 epsV=8.2385e-01 epsZ=1.0116e+00 
New pars ( 488): DC=1.5197e+01 r2=1.0593e-02 r3=1.1330e-01 epsV=8.2385e-01 epsZ=1.0116e+00 
New pars ( 489): DC=1.5197e+01 r2=1.0587e-02 r3=1.1330e-01 epsV=8.2385e-01 epsZ=1.0116e+00 
New pars ( 490): DC=1.5197e+01 r2=1.0590e-02 r3=1.1330e-01 epsV=8.2385e-01 epsZ=1.0116e+00 
New pars ( 491): DC=1.5197e+01 r2=1.0590e-02 r3=1.1329e-01 epsV=8.2385e-01 epsZ=1.0116e+00 
New pars ( 492): DC=1.5197e+01 r2=1.0590e-02 r3=1.1330e-01 epsV=8.2385e-01 epsZ=1.0116e+00 
New pars ( 493): DC=1.5197e+01 r2=1.0583e-02 r3=1.1329e-01 epsV=8.2385e-01 epsZ=1.0114e+00 
New pars ( 494): DC=1.5198e+01 r2=1.0583e-02 r3=1.1329e-01 epsV=8.2385e-01 epsZ=1.0114e+00 
New pars ( 495): DC=1.5197e+01 r2=1.0583e-02 r3=1.1329e-01 epsV=8.2385e-01 epsZ=1.0114e+00 
New pars ( 496): DC=1.5197e+01 r2=1.0586e-02 r3=1.1329e-01 epsV=8.2385e-01 epsZ=1.0114e+00 
New pars ( 497): DC=1.5197e+01 r2=1.0580e-02 r3=1.1329e-01 epsV=8.2385e-01 epsZ=1.0114e+00 
New pars ( 498): DC=1.5197e+01 r2=1.0583e-02 r3=1.1330e-01 epsV=8.2385e-01 epsZ=1.0114e+00 
New pars ( 499): DC=1.5197e+01 r2=1.0583e-02 r3=1.1328e-01 epsV=8.2385e-01 epsZ=1.0114e+00 
New pars ( 500): DC=1.5197e+01 r2=1.0583e-02 r3=1.1329e-01 epsV=8.2385e-01 epsZ=1.0115e+00 
New pars ( 501): DC=1.5198e+01 r2=1.0583e-02 r3=1.1329e-01 epsV=8.2330e-01 epsZ=1.0114e+00 
New pars ( 502): DC=1.5197e+01 r2=1.0583e-02 r3=1.1329e-01 epsV=8.2330e-01 epsZ=1.0114e+00 
New pars ( 503): DC=1.5197e+01 r2=1.0586e-02 r3=1.1329e-01 epsV=8.2330e-01 epsZ=1.0114e+00 
New pars ( 504): DC=1.5197e+01 r2=1.0580e-02 r3=1.1329e-01 epsV=8.2330e-01 epsZ=1.0114e+00 
New pars ( 505): DC=1.5197e+01 r2=1.0583e-02 r3=1.1330e-01 epsV=8.2330e-01 epsZ=1.0114e+00 
New pars ( 506): DC=1.5197e+01 r2=1.0583e-02 r3=1.1328e-01 epsV=8.2330e-01 epsZ=1.0114e+00 
New pars ( 507): DC=1.5197e+01 r2=1.0583e-02 r3=1.1329e-01 epsV=8.2330e-01 epsZ=1.0115e+00 
New pars ( 508): DC=1.5195e+01 r2=1.0564e-02 r3=1.1318e-01 epsV=8.2330e-01 epsZ=1.0119e+00 
New pars ( 509): DC=1.5196e+01 r2=1.0564e-02 r3=1.1318e-01 epsV=8.2330e-01 epsZ=1.0119e+00 
New pars ( 510): DC=1.5195e+01 r2=1.0564e-02 r3=1.1318e-01 epsV=8.2330e-01 epsZ=1.0119e+00 
New pars ( 511): DC=1.5195e+01 r2=1.0567e-02 r3=1.1318e-01 epsV=8.2330e-01 epsZ=1.0119e+00 
New pars ( 512): DC=1.5195e+01 r2=1.0561e-02 r3=1.1318e-01 epsV=8.2330e-01 epsZ=1.0119e+00 
New pars ( 513): DC=1.5195e+01 r2=1.0564e-02 r3=1.1318e-01 epsV=8.2330e-01 epsZ=1.0119e+00 
New pars ( 514): DC=1.5195e+01 r2=1.0564e-02 r3=1.1317e-01 epsV=8.2330e-01 epsZ=1.0119e+00 
New pars ( 515): DC=1.5195e+01 r2=1.0564e-02 r3=1.1318e-01 epsV=8.2330e-01 epsZ=1.0120e+00 
New pars ( 516): DC=1.5195e+01 r2=1.0563e-02 r3=1.1319e-01 epsV=8.2330e-01 epsZ=1.0120e+00 
New pars ( 517): DC=1.5196e+01 r2=1.0563e-02 r3=1.1319e-01 epsV=8.2330e-01 epsZ=1.0120e+00 
New pars ( 518): DC=1.5195e+01 r2=1.0563e-02 r3=1.1319e-01 epsV=8.2330e-01 epsZ=1.0120e+00 
New pars ( 519): DC=1.5195e+01 r2=1.0566e-02 r3=1.1319e-01 epsV=8.2330e-01 epsZ=1.0120e+00 
New pars ( 520): DC=1.5195e+01 r2=1.0560e-02 r3=1.1319e-01 epsV=8.2330e-01 epsZ=1.0120e+00 
New pars ( 521): DC=1.5195e+01 r2=1.0563e-02 r3=1.1319e-01 epsV=8.2330e-01 epsZ=1.0120e+00 
New pars ( 522): DC=1.5195e+01 r2=1.0563e-02 r3=1.1318e-01 epsV=8.2330e-01 epsZ=1.0120e+00 
New pars ( 523): DC=1.5195e+01 r2=1.0563e-02 r3=1.1319e-01 epsV=8.2330e-01 epsZ=1.0120e+00 
 PARAMETER NUMBER  12 NOT A VARIABLE. IGNORED.
 THERE ARE NO MINOS ERRORS TO CALCULATE.
 PARAMETER NUMBER  13 NOT A VARIABLE. IGNORED.
 THERE ARE NO MINOS ERRORS TO CALCULATE.
 PARAMETER NUMBER  14 NOT A VARIABLE. IGNORED.
 THERE ARE NO MINOS ERRORS TO CALCULATE.
New pars ( 524): DC=1.5221e+01 r2=1.0558e-02 r3=1.1431e-01 epsV=8.2618e-01 epsZ=1.0143e+00 
New pars ( 525): DC=1.5222e+01 r2=1.0558e-02 r3=1.1431e-01 epsV=8.2618e-01 epsZ=1.0143e+00 
New pars ( 526): DC=1.5221e+01 r2=1.0558e-02 r3=1.1431e-01 epsV=8.2618e-01 epsZ=1.0143e+00 
New pars ( 527): DC=1.5221e+01 r2=1.0561e-02 r3=1.1431e-01 epsV=8.2618e-01 epsZ=1.0143e+00 
New pars ( 528): DC=1.5221e+01 r2=1.0555e-02 r3=1.1431e-01 epsV=8.2618e-01 epsZ=1.0143e+00 
New pars ( 529): DC=1.5221e+01 r2=1.0558e-02 r3=1.1431e-01 epsV=8.2618e-01 epsZ=1.0143e+00 
New pars ( 530): DC=1.5221e+01 r2=1.0558e-02 r3=1.1430e-01 epsV=8.2618e-01 epsZ=1.0143e+00 
New pars ( 531): DC=1.5221e+01 r2=1.0558e-02 r3=1.1431e-01 epsV=8.2619e-01 epsZ=1.0143e+00 
New pars ( 532): DC=1.5229e+01 r2=1.0630e-02 r3=1.1471e-01 epsV=8.2724e-01 epsZ=1.0143e+00 
New pars ( 533): DC=1.5227e+01 r2=1.0609e-02 r3=1.1459e-01 epsV=8.2693e-01 epsZ=1.0143e+00 
New pars ( 534): DC=1.5227e+01 r2=1.0609e-02 r3=1.1459e-01 epsV=8.2693e-01 epsZ=1.0143e+00 
New pars ( 535): DC=1.5226e+01 r2=1.0609e-02 r3=1.1459e-01 epsV=8.2693e-01 epsZ=1.0143e+00 
New pars ( 536): DC=1.5227e+01 r2=1.0612e-02 r3=1.1459e-01 epsV=8.2693e-01 epsZ=1.0143e+00 
New pars ( 537): DC=1.5227e+01 r2=1.0606e-02 r3=1.1459e-01 epsV=8.2693e-01 epsZ=1.0143e+00 
New pars ( 538): DC=1.5227e+01 r2=1.0609e-02 r3=1.1460e-01 epsV=8.2693e-01 epsZ=1.0143e+00 
New pars ( 539): DC=1.5227e+01 r2=1.0609e-02 r3=1.1459e-01 epsV=8.2693e-01 epsZ=1.0143e+00 
New pars ( 540): DC=1.5227e+01 r2=1.0609e-02 r3=1.1459e-01 epsV=8.2695e-01 epsZ=1.0143e+00 
New pars ( 541): DC=1.5223e+01 r2=1.0600e-02 r3=1.1438e-01 epsV=8.2627e-01 epsZ=1.0143e+00 
New pars ( 542): DC=1.5221e+01 r2=1.0596e-02 r3=1.1429e-01 epsV=8.2600e-01 epsZ=1.0143e+00 
New pars ( 543): DC=1.5221e+01 r2=1.0596e-02 r3=1.1429e-01 epsV=8.2600e-01 epsZ=1.0143e+00 
New pars ( 544): DC=1.5220e+01 r2=1.0596e-02 r3=1.1429e-01 epsV=8.2600e-01 epsZ=1.0143e+00 
New pars ( 545): DC=1.5221e+01 r2=1.0599e-02 r3=1.1429e-01 epsV=8.2600e-01 epsZ=1.0143e+00 
New pars ( 546): DC=1.5221e+01 r2=1.0593e-02 r3=1.1429e-01 epsV=8.2600e-01 epsZ=1.0143e+00 
New pars ( 547): DC=1.5221e+01 r2=1.0596e-02 r3=1.1430e-01 epsV=8.2600e-01 epsZ=1.0143e+00 
New pars ( 548): DC=1.5221e+01 r2=1.0596e-02 r3=1.1429e-01 epsV=8.2600e-01 epsZ=1.0143e+00 
New pars ( 549): DC=1.5221e+01 r2=1.0596e-02 r3=1.1429e-01 epsV=8.2602e-01 epsZ=1.0143e+00 
New pars ( 550): DC=1.5221e+01 r2=1.0592e-02 r3=1.1429e-01 epsV=8.2596e-01 epsZ=1.0143e+00 
New pars ( 551): DC=1.5221e+01 r2=1.0592e-02 r3=1.1429e-01 epsV=8.2596e-01 epsZ=1.0143e+00 
New pars ( 552): DC=1.5220e+01 r2=1.0592e-02 r3=1.1429e-01 epsV=8.2596e-01 epsZ=1.0143e+00 
New pars ( 553): DC=1.5221e+01 r2=1.0595e-02 r3=1.1429e-01 epsV=8.2596e-01 epsZ=1.0143e+00 
New pars ( 554): DC=1.5221e+01 r2=1.0589e-02 r3=1.1429e-01 epsV=8.2596e-01 epsZ=1.0143e+00 
New pars ( 555): DC=1.5221e+01 r2=1.0592e-02 r3=1.1429e-01 epsV=8.2596e-01 epsZ=1.0143e+00 
New pars ( 556): DC=1.5221e+01 r2=1.0592e-02 r3=1.1428e-01 epsV=8.2596e-01 epsZ=1.0143e+00 
New pars ( 557): DC=1.5221e+01 r2=1.0592e-02 r3=1.1429e-01 epsV=8.2598e-01 epsZ=1.0143e+00 
New pars ( 558): DC=1.5221e+01 r2=1.0592e-02 r3=1.1429e-01 epsV=8.2596e-01 epsZ=1.0148e+00 
New pars ( 559): DC=1.5220e+01 r2=1.0592e-02 r3=1.1429e-01 epsV=8.2596e-01 epsZ=1.0148e+00 
New pars ( 560): DC=1.5221e+01 r2=1.0595e-02 r3=1.1429e-01 epsV=8.2596e-01 epsZ=1.0148e+00 
New pars ( 561): DC=1.5221e+01 r2=1.0589e-02 r3=1.1429e-01 epsV=8.2596e-01 epsZ=1.0148e+00 
New pars ( 562): DC=1.5221e+01 r2=1.0592e-02 r3=1.1429e-01 epsV=8.2596e-01 epsZ=1.0148e+00 
New pars ( 563): DC=1.5221e+01 r2=1.0592e-02 r3=1.1428e-01 epsV=8.2596e-01 epsZ=1.0148e+00 
New pars ( 564): DC=1.5221e+01 r2=1.0592e-02 r3=1.1429e-01 epsV=8.2598e-01 epsZ=1.0148e+00 
New pars ( 565): DC=1.5220e+01 r2=1.0578e-02 r3=1.1424e-01 epsV=8.2565e-01 epsZ=1.0148e+00 
New pars ( 566): DC=1.5221e+01 r2=1.0578e-02 r3=1.1424e-01 epsV=8.2565e-01 epsZ=1.0148e+00 
New pars ( 567): DC=1.5220e+01 r2=1.0578e-02 r3=1.1424e-01 epsV=8.2565e-01 epsZ=1.0148e+00 
New pars ( 568): DC=1.5220e+01 r2=1.0581e-02 r3=1.1424e-01 epsV=8.2565e-01 epsZ=1.0148e+00 
New pars ( 569): DC=1.5220e+01 r2=1.0575e-02 r3=1.1424e-01 epsV=8.2565e-01 epsZ=1.0148e+00 
New pars ( 570): DC=1.5220e+01 r2=1.0578e-02 r3=1.1425e-01 epsV=8.2565e-01 epsZ=1.0148e+00 
New pars ( 571): DC=1.5220e+01 r2=1.0578e-02 r3=1.1423e-01 epsV=8.2565e-01 epsZ=1.0148e+00 
New pars ( 572): DC=1.5220e+01 r2=1.0578e-02 r3=1.1424e-01 epsV=8.2566e-01 epsZ=1.0148e+00 
New pars ( 573): DC=1.5220e+01 r2=1.0578e-02 r3=1.1423e-01 epsV=8.2563e-01 epsZ=1.0148e+00 
New pars ( 574): DC=1.5221e+01 r2=1.0578e-02 r3=1.1423e-01 epsV=8.2563e-01 epsZ=1.0148e+00 
New pars ( 575): DC=1.5220e+01 r2=1.0578e-02 r3=1.1423e-01 epsV=8.2563e-01 epsZ=1.0148e+00 
New pars ( 576): DC=1.5220e+01 r2=1.0581e-02 r3=1.1423e-01 epsV=8.2563e-01 epsZ=1.0148e+00 
New pars ( 577): DC=1.5220e+01 r2=1.0575e-02 r3=1.1423e-01 epsV=8.2563e-01 epsZ=1.0148e+00 
New pars ( 578): DC=1.5220e+01 r2=1.0578e-02 r3=1.1424e-01 epsV=8.2563e-01 epsZ=1.0148e+00 
New pars ( 579): DC=1.5220e+01 r2=1.0578e-02 r3=1.1423e-01 epsV=8.2563e-01 epsZ=1.0148e+00 
New pars ( 580): DC=1.5220e+01 r2=1.0578e-02 r3=1.1423e-01 epsV=8.2564e-01 epsZ=1.0148e+00 
New pars ( 581): DC=1.5286e+01 r2=1.2073e-02 r3=1.1945e-01 epsV=8.5796e-01 epsZ=9.7098e-01 
New pars ( 582): DC=1.5286e+01 r2=1.2073e-02 r3=1.1945e-01 epsV=8.5796e-01 epsZ=9.7098e-01 
New pars ( 583): DC=1.5285e+01 r2=1.2073e-02 r3=1.1945e-01 epsV=8.5796e-01 epsZ=9.7098e-01 
New pars ( 584): DC=1.5286e+01 r2=1.2076e-02 r3=1.1945e-01 epsV=8.5796e-01 epsZ=9.7098e-01 
New pars ( 585): DC=1.5286e+01 r2=1.2070e-02 r3=1.1945e-01 epsV=8.5796e-01 epsZ=9.7098e-01 
New pars ( 586): DC=1.5286e+01 r2=1.2073e-02 r3=1.1946e-01 epsV=8.5796e-01 epsZ=9.7098e-01 
New pars ( 587): DC=1.5286e+01 r2=1.2073e-02 r3=1.1945e-01 epsV=8.5796e-01 epsZ=9.7098e-01 
New pars ( 588): DC=1.5286e+01 r2=1.2073e-02 r3=1.1945e-01 epsV=8.5797e-01 epsZ=9.7098e-01 
New pars ( 589): DC=1.5269e+01 r2=1.2042e-02 r3=1.1859e-01 epsV=8.5509e-01 epsZ=9.7098e-01 
New pars ( 590): DC=1.5279e+01 r2=1.2060e-02 r3=1.1908e-01 epsV=8.5673e-01 epsZ=9.7098e-01 
New pars ( 591): DC=1.5279e+01 r2=1.2060e-02 r3=1.1908e-01 epsV=8.5673e-01 epsZ=9.7098e-01 
New pars ( 592): DC=1.5278e+01 r2=1.2060e-02 r3=1.1908e-01 epsV=8.5673e-01 epsZ=9.7098e-01 
New pars ( 593): DC=1.5279e+01 r2=1.2063e-02 r3=1.1908e-01 epsV=8.5673e-01 epsZ=9.7098e-01 
New pars ( 594): DC=1.5279e+01 r2=1.2056e-02 r3=1.1908e-01 epsV=8.5673e-01 epsZ=9.7098e-01 
New pars ( 595): DC=1.5279e+01 r2=1.2060e-02 r3=1.1909e-01 epsV=8.5673e-01 epsZ=9.7098e-01 
New pars ( 596): DC=1.5279e+01 r2=1.2060e-02 r3=1.1908e-01 epsV=8.5673e-01 epsZ=9.7098e-01 
New pars ( 597): DC=1.5279e+01 r2=1.2060e-02 r3=1.1908e-01 epsV=8.5675e-01 epsZ=9.7098e-01 
New pars ( 598): DC=1.5281e+01 r2=1.2085e-02 r3=1.1921e-01 epsV=8.5713e-01 epsZ=9.7098e-01 
New pars ( 599): DC=1.5284e+01 r2=1.2109e-02 r3=1.1933e-01 epsV=8.5751e-01 epsZ=9.7098e-01 
New pars ( 600): DC=1.5284e+01 r2=1.2109e-02 r3=1.1933e-01 epsV=8.5751e-01 epsZ=9.7098e-01 
New pars ( 601): DC=1.5283e+01 r2=1.2109e-02 r3=1.1933e-01 epsV=8.5751e-01 epsZ=9.7098e-01 
New pars ( 602): DC=1.5284e+01 r2=1.2113e-02 r3=1.1933e-01 epsV=8.5751e-01 epsZ=9.7098e-01 
New pars ( 603): DC=1.5284e+01 r2=1.2106e-02 r3=1.1933e-01 epsV=8.5751e-01 epsZ=9.7098e-01 
New pars ( 604): DC=1.5284e+01 r2=1.2109e-02 r3=1.1934e-01 epsV=8.5751e-01 epsZ=9.7098e-01 
New pars ( 605): DC=1.5284e+01 r2=1.2109e-02 r3=1.1932e-01 epsV=8.5751e-01 epsZ=9.7098e-01 
New pars ( 606): DC=1.5284e+01 r2=1.2109e-02 r3=1.1933e-01 epsV=8.5753e-01 epsZ=9.7098e-01 
New pars ( 607): DC=1.5285e+01 r2=1.2109e-02 r3=1.1939e-01 epsV=8.5765e-01 epsZ=9.7098e-01 
New pars ( 608): DC=1.5285e+01 r2=1.2109e-02 r3=1.1942e-01 epsV=8.5772e-01 epsZ=9.7098e-01 
New pars ( 609): DC=1.5286e+01 r2=1.2109e-02 r3=1.1942e-01 epsV=8.5772e-01 epsZ=9.7098e-01 
New pars ( 610): DC=1.5285e+01 r2=1.2109e-02 r3=1.1942e-01 epsV=8.5772e-01 epsZ=9.7098e-01 
New pars ( 611): DC=1.5285e+01 r2=1.2112e-02 r3=1.1942e-01 epsV=8.5772e-01 epsZ=9.7098e-01 
New pars ( 612): DC=1.5285e+01 r2=1.2105e-02 r3=1.1942e-01 epsV=8.5772e-01 epsZ=9.7098e-01 
New pars ( 613): DC=1.5285e+01 r2=1.2109e-02 r3=1.1942e-01 epsV=8.5772e-01 epsZ=9.7098e-01 
New pars ( 614): DC=1.5285e+01 r2=1.2109e-02 r3=1.1941e-01 epsV=8.5772e-01 epsZ=9.7098e-01 
New pars ( 615): DC=1.5285e+01 r2=1.2109e-02 r3=1.1942e-01 epsV=8.5773e-01 epsZ=9.7098e-01 
New pars ( 616): DC=1.5285e+01 r2=1.2108e-02 r3=1.1942e-01 epsV=8.5772e-01 epsZ=9.7098e-01 
New pars ( 617): DC=1.5286e+01 r2=1.2108e-02 r3=1.1942e-01 epsV=8.5772e-01 epsZ=9.7098e-01 
New pars ( 618): DC=1.5285e+01 r2=1.2108e-02 r3=1.1942e-01 epsV=8.5772e-01 epsZ=9.7098e-01 
New pars ( 619): DC=1.5285e+01 r2=1.2112e-02 r3=1.1942e-01 epsV=8.5772e-01 epsZ=9.7098e-01 
New pars ( 620): DC=1.5285e+01 r2=1.2105e-02 r3=1.1942e-01 epsV=8.5772e-01 epsZ=9.7098e-01 
New pars ( 621): DC=1.5285e+01 r2=1.2108e-02 r3=1.1943e-01 epsV=8.5772e-01 epsZ=9.7098e-01 
New pars ( 622): DC=1.5285e+01 r2=1.2108e-02 r3=1.1941e-01 epsV=8.5772e-01 epsZ=9.7098e-01 
New pars ( 623): DC=1.5285e+01 r2=1.2108e-02 r3=1.1942e-01 epsV=8.5773e-01 epsZ=9.7098e-01 
New pars ( 624): DC=1.5286e+01 r2=1.2108e-02 r3=1.1942e-01 epsV=8.5772e-01 epsZ=9.7145e-01 
New pars ( 625): DC=1.5285e+01 r2=1.2108e-02 r3=1.1942e-01 epsV=8.5772e-01 epsZ=9.7145e-01 
New pars ( 626): DC=1.5285e+01 r2=1.2112e-02 r3=1.1942e-01 epsV=8.5772e-01 epsZ=9.7145e-01 
New pars ( 627): DC=1.5285e+01 r2=1.2105e-02 r3=1.1942e-01 epsV=8.5772e-01 epsZ=9.7145e-01 
New pars ( 628): DC=1.5285e+01 r2=1.2108e-02 r3=1.1943e-01 epsV=8.5772e-01 epsZ=9.7145e-01 
New pars ( 629): DC=1.5285e+01 r2=1.2108e-02 r3=1.1941e-01 epsV=8.5772e-01 epsZ=9.7145e-01 
New pars ( 630): DC=1.5285e+01 r2=1.2108e-02 r3=1.1942e-01 epsV=8.5773e-01 epsZ=9.7145e-01 
New pars ( 631): DC=1.5284e+01 r2=1.2089e-02 r3=1.1936e-01 epsV=8.5735e-01 epsZ=9.7145e-01 
New pars ( 632): DC=1.5285e+01 r2=1.2089e-02 r3=1.1936e-01 epsV=8.5735e-01 epsZ=9.7145e-01 
New pars ( 633): DC=1.5284e+01 r2=1.2089e-02 r3=1.1936e-01 epsV=8.5735e-01 epsZ=9.7145e-01 
New pars ( 634): DC=1.5284e+01 r2=1.2093e-02 r3=1.1936e-01 epsV=8.5735e-01 epsZ=9.7145e-01 
New pars ( 635): DC=1.5284e+01 r2=1.2086e-02 r3=1.1936e-01 epsV=8.5735e-01 epsZ=9.7145e-01 
New pars ( 636): DC=1.5284e+01 r2=1.2089e-02 r3=1.1936e-01 epsV=8.5735e-01 epsZ=9.7145e-01 
New pars ( 637): DC=1.5284e+01 r2=1.2089e-02 r3=1.1935e-01 epsV=8.5735e-01 epsZ=9.7145e-01 
New pars ( 638): DC=1.5284e+01 r2=1.2089e-02 r3=1.1936e-01 epsV=8.5737e-01 epsZ=9.7145e-01 
New pars ( 639): DC=1.5285e+01 r2=1.2090e-02 r3=1.1936e-01 epsV=8.5738e-01 epsZ=9.7145e-01 
New pars ( 640): DC=1.5285e+01 r2=1.2090e-02 r3=1.1936e-01 epsV=8.5738e-01 epsZ=9.7145e-01 
New pars ( 641): DC=1.5284e+01 r2=1.2090e-02 r3=1.1936e-01 epsV=8.5738e-01 epsZ=9.7145e-01 
New pars ( 642): DC=1.5285e+01 r2=1.2094e-02 r3=1.1936e-01 epsV=8.5738e-01 epsZ=9.7145e-01 
New pars ( 643): DC=1.5285e+01 r2=1.2087e-02 r3=1.1936e-01 epsV=8.5738e-01 epsZ=9.7145e-01 
New pars ( 644): DC=1.5285e+01 r2=1.2090e-02 r3=1.1937e-01 epsV=8.5738e-01 epsZ=9.7145e-01 
New pars ( 645): DC=1.5285e+01 r2=1.2090e-02 r3=1.1936e-01 epsV=8.5738e-01 epsZ=9.7145e-01 
New pars ( 646): DC=1.5285e+01 r2=1.2090e-02 r3=1.1936e-01 epsV=8.5739e-01 epsZ=9.7145e-01 
 PARAMETER NUMBER  16 NOT A VARIABLE. IGNORED.
 THERE ARE NO MINOS ERRORS TO CALCULATE.
 PARAMETER NUMBER  17 NOT A VARIABLE. IGNORED.
 THERE ARE NO MINOS ERRORS TO CALCULATE.
 PARAMETER NUMBER  18 NOT A VARIABLE. IGNORED.
 THERE ARE NO MINOS ERRORS TO CALCULATE.
 PARAMETER NUMBER  19 NOT A VARIABLE. IGNORED.
 THERE ARE NO MINOS ERRORS TO CALCULATE.
 PARAMETER NUMBER  20 NOT A VARIABLE. IGNORED.
 THERE ARE NO MINOS ERRORS TO CALCULATE.
 PARAMETER NUMBER  21 NOT A VARIABLE. IGNORED.
 THERE ARE NO MINOS ERRORS TO CALCULATE.
New pars ( 647): DC=1.5253e+01 r2=1.1316e-02 r3=1.1688e-01 epsV=8.4207e-01 epsZ=9.9265e-01 

Fitting done in 1520000 clicks (1.520000 seconds).
Fit status = 4000
Cov status = 1
Fit valid? = 1

****************************************
Minimizer is Minuit / MigradImproved
MinFCN                    =      471.088
Chi2                      =      900.689
NDf                       =          895
Edm                       =  5.81206e-08
NCalls                    =          241
# Cyc's                   =          244                      	 (fixed)
Bin width                 =          100                      	 (fixed)
DC rate                   =      15.2534   +/-   0.0911855   
Rate 1                    =            0                      	 (fixed)
Rate 2                    =    0.0113156   +/-   0.000849501 
Rate 3                    =      0.11688   +/-   0.00401947  
Capt eff                  =          0.6                      	 (fixed)
Capt ret                  =            1                      	 (fixed)
T eff                     =         0.87                      	 (fixed)
U eff                     =            1                      	 (fixed)
V eff                     =     0.842067   +/-   0.0183398   
W eff                     =            0                      	 (fixed)
X eff                     =            1                      	 (fixed)
Y eff                     =            1                      	 (fixed)
Z eff                     =     0.992653   +/-   0.0218008   
T1 loss                   =            0                      	 (fixed)
T2 loss                   =       0.0263                      	 (fixed)
T3 loss                   =       0.0263                      	 (fixed)
U1 loss                   =        2e-10                      	 (fixed)
U2 loss                   =        2e-10                      	 (fixed)
U3 loss                   =        2e-10                      	 (fixed)

Covariance Matrix:

            	     DC rate      Rate 2      Rate 3       V eff       Z eff
DC rate     	   0.0083148  4.3561e-05    0.000223   0.0010719 -0.00071653
Rate 2      	  4.3561e-05  7.2165e-07  2.5526e-06  1.4386e-05 -1.6638e-05
Rate 3      	    0.000223  2.5526e-06  1.6156e-05   6.783e-05 -5.6696e-05
V eff       	   0.0010719  1.4386e-05   6.783e-05  0.00033635 -0.00034933
Z eff       	 -0.00071653 -1.6638e-05 -5.6696e-05 -0.00034933  0.00047528

Correlation Matrix:

            	     DC rate      Rate 2      Rate 3       V eff       Z eff
DC rate     	           1     0.56235     0.60843     0.64095    -0.36044
Rate 2      	     0.56235           1     0.74756      0.9234     -0.8984
Rate 3      	     0.60843     0.74756           1     0.92015    -0.64701
V eff       	     0.64095      0.9234     0.92015           1    -0.87371
Z eff       	    -0.36044     -0.8984    -0.64701    -0.87371           1

Integrals computed in 230000 clicks (0.230000 seconds).
Other integrals computed in 1540000 clicks (1.540000 seconds).
Errors computed in 550000 clicks (0.550000 seconds).

~~~~~~~~~~~~~~~~~~~~~~~~~~~~~~~~~~~~~~~~~~~~~~~~~~~~~~~~~~~~~~~~~~~~~
NUMBER OF BETAS DETECTED, by population:
~~~~~~~~~~~~~~~~~~~~~~~~~~~~~~~~~~~~~~~~~~~~~~~~~~~~~~~~~~~~~~~~~~~~~
T1 integral = 0.0 +/- 0.0
U1 integral = 0.0 +/- 0.0
T2 integral = 12643.3 +/- 949.2
U2 integral = 10597.4 +/- 556.5
T3 integral = 84019.6 +/- 2889.4
U3 integral = 109970.0 +/- 4673.4
DC integral = 334964.7 +/- 2002.4
~~~~~~~~~~~~~~~~~~~~~~~~~~~~~~~~~~~~~~~~~~~~~~~~~~~~~~~~~~~~~~~~~~~~~
Sum of above = 552195.1 +/- 5950.6 <-- no cov in unc
All integral = 552324.7 +/- 743.5
~~~~~~~~~~~~~~~~~~~~~~~~~~~~~~~~~~~~~~~~~~~~~~~~~~~~~~~~~~~~~~~~~~~~~
U1 with trap emtpy = 0.0; trap full = 0.0
U2 with trap emtpy = 5.6; trap full = 10570.1
U3 with trap emtpy = 18759.4; trap full = 91226.6
~~~~~~~~~~~~~~~~~~~~~~~~~~~~~~~~~~~~~~~~~~~~~~~~~~~~~~~~~~~~~~~~~~~~~


BFit2 done. Timer = 2.98 sec.
Elapsed time = 2.93 sec.

