Timestamp = Wed Apr 15 22:05:42 2015

Importing metadata from CSV files...
Imported 68 BDN cases
Imported 105 BFit cases
Performing BFit with BDN case 134sb0103 and BFit case 134sb0103_08

BFit started. Timer = 0.06 sec.

~~~~~~~~~~~~~~~~~~~~~~~~~~~~~~~~~~~~~~~~~~~~~~~~~~~~~~~~~~~~~~~~~~~~~
BETA SINGLES MODEL
~~~~~~~~~~~~~~~~~~~~~~~~~~~~~~~~~~~~~~~~~~~~~~~~~~~~~~~~~~~~~~~~~~~~~
Case: 134sb0103
File: /music/bpt1/bpt/bdn/shane/134sb/rootfiles/134sb0103.root
Histogram: h_betas_vs_cycle_time
Total cycle time	=     10.200 s
Background time		=      4.300 s
Capture cycle time	=      0.600 s
Last capture time	=      0.500 s
134-Sn halflife		=      1.050 s  (lifetime      1.515 s)
134-Sb halflife		=      0.780 s  (lifetime      1.125 s)
134-Sb-m halflife		=     10.070 s  (lifetime     14.528 s)
~~~~~~~~~~~~~~~~~~~~~~~~~~~~~~~~~~~~~~~~~~~~~~~~~~~~~~~~~~~~~~~~~~~~~
HISTOGRAM REBINNED
   Number of hist bins = 408
   Number of fn points = 10200
   Number of pts/bin   = 25
~~~~~~~~~~~~~~~~~~~~~~~~~~~~~~~~~~~~~~~~~~~~~~~~~~~~~~~~~~~~~~~~~~~~~
Doing fit with option string: QROMESLL
~~~~~~~~~~~~~~~~~~~~~~~~~~~~~~~~~~~~~~~~~~~~~~~~~~~~~~~~~~~~~~~~~~~~~
PARAMETER SEED VALUES
~~~~~~~~~~~~~~~~~~~~~~~~~~~~~~~~~~~~~~~~~~~~~~~~~~~~~~~~~~~~~~~~~~~~~
      Par name  Varying?	Par init val and step
~~~~~~~~~~~~~~~~~~~~~~~~~~~~~~~~~~~~~~~~~~~~~~~~~~~~~~~~~~~~~~~~~~~~~
       # Cyc's         0	11518 +/- 0.01
     Bin width         0	25 +/- 0.01
       DC rate         1	12.8 +/- 0.1
        Rate 1         0	0 +/- 0.004
        Rate 2         1	0.0405 +/- 0.00024
        Rate 3         1	0.1036 +/- 0.0002
      Capt eff         0	0.6 +/- 0.0075
      Capt ret         0	1 +/- 0.01
         T eff         0	0.87 +/- 0.01
         U eff         0	1 +/- 0.01
         V eff         1	0.844 +/- 0.01
         W eff         0	0 +/- 0.01
         X eff         0	1 +/- 0.01
         Y eff         0	1 +/- 0.01
         Z eff         1	0.9 +/- 0.01
       T1 loss         0	0 +/- 0.01
       T2 loss         0	0.0474 +/- 0.01
       T3 loss         0	0.0474 +/- 0.01
       U1 loss         0	2e-10 +/- 0.01
       U2 loss         0	2e-10 +/- 0.01
       U3 loss         0	2e-10 +/- 0.01
~~~~~~~~~~~~~~~~~~~~~~~~~~~~~~~~~~~~~~~~~~~~~~~~~~~~~~~~~~~~~~~~~~~~~
134-Sb data detected. Forcing gammaT3 = gammaT2. YOU SHOULD GUARANTEE THAT X3 = Y3 = 0. You can set epsX = epsY = 0.

Ini pars (   0): DC=1.2800e+01 r2=4.0500e-02 r3=1.0360e-01 epsV=8.4400e-01 epsZ=9.0000e-01 
New pars (   1): DC=1.2801e+01 r2=4.0500e-02 r3=1.0360e-01 epsV=8.4400e-01 epsZ=9.0000e-01 
New pars (   2): DC=1.2799e+01 r2=4.0500e-02 r3=1.0360e-01 epsV=8.4400e-01 epsZ=9.0000e-01 
New pars (   3): DC=1.2800e+01 r2=4.0500e-02 r3=1.0360e-01 epsV=8.4400e-01 epsZ=9.0000e-01 
New pars (   4): DC=1.2800e+01 r2=4.0500e-02 r3=1.0360e-01 epsV=8.4400e-01 epsZ=9.0000e-01 
New pars (   5): DC=1.2800e+01 r2=4.0503e-02 r3=1.0360e-01 epsV=8.4400e-01 epsZ=9.0000e-01 
New pars (   6): DC=1.2800e+01 r2=4.0497e-02 r3=1.0360e-01 epsV=8.4400e-01 epsZ=9.0000e-01 
New pars (   7): DC=1.2800e+01 r2=4.0500e-02 r3=1.0360e-01 epsV=8.4400e-01 epsZ=9.0000e-01 
New pars (   8): DC=1.2800e+01 r2=4.0500e-02 r3=1.0360e-01 epsV=8.4400e-01 epsZ=9.0000e-01 
New pars (   9): DC=1.2800e+01 r2=4.0500e-02 r3=1.0360e-01 epsV=8.4400e-01 epsZ=9.0000e-01 
New pars (  10): DC=1.2800e+01 r2=4.0500e-02 r3=1.0360e-01 epsV=8.4400e-01 epsZ=9.0000e-01 
New pars (  11): DC=1.2800e+01 r2=4.0500e-02 r3=1.0360e-01 epsV=8.4411e-01 epsZ=9.0000e-01 
New pars (  12): DC=1.2476e+01 r2=3.8392e-02 r3=9.7475e-02 epsV=8.5290e-01 epsZ=9.6322e-01 
New pars (  13): DC=1.2730e+01 r2=4.0044e-02 r3=1.0228e-01 epsV=8.4592e-01 epsZ=9.1366e-01 
New pars (  14): DC=1.2730e+01 r2=4.0044e-02 r3=1.0228e-01 epsV=8.4592e-01 epsZ=9.1366e-01 
New pars (  15): DC=1.2730e+01 r2=4.0044e-02 r3=1.0228e-01 epsV=8.4592e-01 epsZ=9.1366e-01 
New pars (  16): DC=1.2730e+01 r2=4.0046e-02 r3=1.0228e-01 epsV=8.4592e-01 epsZ=9.1366e-01 
New pars (  17): DC=1.2730e+01 r2=4.0043e-02 r3=1.0228e-01 epsV=8.4592e-01 epsZ=9.1366e-01 
New pars (  18): DC=1.2730e+01 r2=4.0044e-02 r3=1.0228e-01 epsV=8.4592e-01 epsZ=9.1366e-01 
New pars (  19): DC=1.2730e+01 r2=4.0044e-02 r3=1.0227e-01 epsV=8.4592e-01 epsZ=9.1366e-01 
New pars (  20): DC=1.2730e+01 r2=4.0044e-02 r3=1.0228e-01 epsV=8.4593e-01 epsZ=9.1366e-01 
New pars (  21): DC=1.2697e+01 r2=4.0843e-02 r3=1.0226e-01 epsV=8.4601e-01 epsZ=9.1842e-01 
New pars (  22): DC=1.2623e+01 r2=4.2652e-02 r3=1.0223e-01 epsV=8.4620e-01 epsZ=9.2919e-01 
New pars (  23): DC=1.2623e+01 r2=4.2652e-02 r3=1.0223e-01 epsV=8.4620e-01 epsZ=9.2919e-01 
New pars (  24): DC=1.2623e+01 r2=4.2652e-02 r3=1.0223e-01 epsV=8.4620e-01 epsZ=9.2919e-01 
New pars (  25): DC=1.2623e+01 r2=4.2653e-02 r3=1.0223e-01 epsV=8.4620e-01 epsZ=9.2919e-01 
New pars (  26): DC=1.2623e+01 r2=4.2650e-02 r3=1.0223e-01 epsV=8.4620e-01 epsZ=9.2919e-01 
New pars (  27): DC=1.2623e+01 r2=4.2652e-02 r3=1.0223e-01 epsV=8.4620e-01 epsZ=9.2919e-01 
New pars (  28): DC=1.2623e+01 r2=4.2652e-02 r3=1.0223e-01 epsV=8.4620e-01 epsZ=9.2919e-01 
New pars (  29): DC=1.2623e+01 r2=4.2652e-02 r3=1.0223e-01 epsV=8.4621e-01 epsZ=9.2919e-01 
New pars (  30): DC=1.2621e+01 r2=4.2655e-02 r3=1.0230e-01 epsV=8.4629e-01 epsZ=9.2927e-01 
New pars (  31): DC=1.2615e+01 r2=4.2669e-02 r3=1.0258e-01 epsV=8.4662e-01 epsZ=9.2959e-01 
New pars (  32): DC=1.2607e+01 r2=4.2686e-02 r3=1.0291e-01 epsV=8.4703e-01 epsZ=9.2998e-01 
New pars (  33): DC=1.2607e+01 r2=4.2686e-02 r3=1.0291e-01 epsV=8.4703e-01 epsZ=9.2998e-01 
New pars (  34): DC=1.2606e+01 r2=4.2686e-02 r3=1.0291e-01 epsV=8.4703e-01 epsZ=9.2998e-01 
New pars (  35): DC=1.2607e+01 r2=4.2688e-02 r3=1.0291e-01 epsV=8.4703e-01 epsZ=9.2998e-01 
New pars (  36): DC=1.2607e+01 r2=4.2684e-02 r3=1.0291e-01 epsV=8.4703e-01 epsZ=9.2998e-01 
New pars (  37): DC=1.2607e+01 r2=4.2686e-02 r3=1.0291e-01 epsV=8.4703e-01 epsZ=9.2998e-01 
New pars (  38): DC=1.2607e+01 r2=4.2686e-02 r3=1.0291e-01 epsV=8.4703e-01 epsZ=9.2998e-01 
New pars (  39): DC=1.2607e+01 r2=4.2686e-02 r3=1.0291e-01 epsV=8.4703e-01 epsZ=9.2998e-01 
New pars (  40): DC=1.2598e+01 r2=4.2660e-02 r3=1.0359e-01 epsV=8.4768e-01 epsZ=9.2961e-01 
New pars (  41): DC=1.2564e+01 r2=4.2556e-02 r3=1.0629e-01 epsV=8.5030e-01 epsZ=9.2812e-01 
New pars (  42): DC=1.2478e+01 r2=4.2295e-02 r3=1.1304e-01 epsV=8.5684e-01 epsZ=9.2439e-01 
New pars (  43): DC=1.2462e+01 r2=4.2245e-02 r3=1.1433e-01 epsV=8.5809e-01 epsZ=9.2368e-01 
New pars (  44): DC=1.2478e+01 r2=4.2295e-02 r3=1.1304e-01 epsV=8.5684e-01 epsZ=9.2439e-01 
New pars (  45): DC=1.2478e+01 r2=4.2295e-02 r3=1.1304e-01 epsV=8.5684e-01 epsZ=9.2439e-01 
New pars (  46): DC=1.2478e+01 r2=4.2297e-02 r3=1.1304e-01 epsV=8.5684e-01 epsZ=9.2439e-01 
New pars (  47): DC=1.2478e+01 r2=4.2294e-02 r3=1.1304e-01 epsV=8.5684e-01 epsZ=9.2439e-01 
New pars (  48): DC=1.2478e+01 r2=4.2295e-02 r3=1.1305e-01 epsV=8.5684e-01 epsZ=9.2439e-01 
New pars (  49): DC=1.2478e+01 r2=4.2295e-02 r3=1.1304e-01 epsV=8.5684e-01 epsZ=9.2439e-01 
New pars (  50): DC=1.2478e+01 r2=4.2295e-02 r3=1.1304e-01 epsV=8.5684e-01 epsZ=9.2439e-01 
New pars (  51): DC=1.2469e+01 r2=4.2214e-02 r3=1.1454e-01 epsV=8.5805e-01 epsZ=9.2203e-01 
New pars (  52): DC=1.2467e+01 r2=4.2205e-02 r3=1.1473e-01 epsV=8.5819e-01 epsZ=9.2174e-01 
New pars (  53): DC=1.2468e+01 r2=4.2205e-02 r3=1.1473e-01 epsV=8.5819e-01 epsZ=9.2174e-01 
New pars (  54): DC=1.2467e+01 r2=4.2205e-02 r3=1.1473e-01 epsV=8.5819e-01 epsZ=9.2174e-01 
New pars (  55): DC=1.2467e+01 r2=4.2206e-02 r3=1.1473e-01 epsV=8.5819e-01 epsZ=9.2174e-01 
New pars (  56): DC=1.2467e+01 r2=4.2203e-02 r3=1.1473e-01 epsV=8.5819e-01 epsZ=9.2174e-01 
New pars (  57): DC=1.2467e+01 r2=4.2205e-02 r3=1.1473e-01 epsV=8.5819e-01 epsZ=9.2174e-01 
New pars (  58): DC=1.2467e+01 r2=4.2205e-02 r3=1.1472e-01 epsV=8.5819e-01 epsZ=9.2174e-01 
New pars (  59): DC=1.2467e+01 r2=4.2205e-02 r3=1.1473e-01 epsV=8.5820e-01 epsZ=9.2174e-01 
New pars (  60): DC=1.2443e+01 r2=4.2179e-02 r3=1.1671e-01 epsV=8.6009e-01 epsZ=9.2084e-01 
New pars (  61): DC=1.2437e+01 r2=4.2173e-02 r3=1.1717e-01 epsV=8.6053e-01 epsZ=9.2063e-01 
New pars (  62): DC=1.2439e+01 r2=4.2174e-02 r3=1.1705e-01 epsV=8.6041e-01 epsZ=9.2068e-01 
New pars (  63): DC=1.2439e+01 r2=4.2174e-02 r3=1.1705e-01 epsV=8.6041e-01 epsZ=9.2068e-01 
New pars (  64): DC=1.2439e+01 r2=4.2174e-02 r3=1.1705e-01 epsV=8.6041e-01 epsZ=9.2068e-01 
New pars (  65): DC=1.2439e+01 r2=4.2176e-02 r3=1.1705e-01 epsV=8.6041e-01 epsZ=9.2068e-01 
New pars (  66): DC=1.2439e+01 r2=4.2173e-02 r3=1.1705e-01 epsV=8.6041e-01 epsZ=9.2068e-01 
New pars (  67): DC=1.2439e+01 r2=4.2174e-02 r3=1.1705e-01 epsV=8.6041e-01 epsZ=9.2068e-01 
New pars (  68): DC=1.2439e+01 r2=4.2174e-02 r3=1.1705e-01 epsV=8.6041e-01 epsZ=9.2068e-01 
New pars (  69): DC=1.2439e+01 r2=4.2174e-02 r3=1.1705e-01 epsV=8.6042e-01 epsZ=9.2068e-01 
New pars (  70): DC=1.2439e+01 r2=4.2179e-02 r3=1.1721e-01 epsV=8.6056e-01 epsZ=9.2070e-01 
New pars (  71): DC=1.2438e+01 r2=4.2185e-02 r3=1.1741e-01 epsV=8.6075e-01 epsZ=9.2071e-01 
New pars (  72): DC=1.2439e+01 r2=4.2185e-02 r3=1.1741e-01 epsV=8.6075e-01 epsZ=9.2071e-01 
New pars (  73): DC=1.2438e+01 r2=4.2185e-02 r3=1.1741e-01 epsV=8.6075e-01 epsZ=9.2071e-01 
New pars (  74): DC=1.2438e+01 r2=4.2186e-02 r3=1.1741e-01 epsV=8.6075e-01 epsZ=9.2071e-01 
New pars (  75): DC=1.2438e+01 r2=4.2183e-02 r3=1.1741e-01 epsV=8.6075e-01 epsZ=9.2071e-01 
New pars (  76): DC=1.2438e+01 r2=4.2185e-02 r3=1.1741e-01 epsV=8.6075e-01 epsZ=9.2071e-01 
New pars (  77): DC=1.2438e+01 r2=4.2185e-02 r3=1.1741e-01 epsV=8.6075e-01 epsZ=9.2071e-01 
New pars (  78): DC=1.2438e+01 r2=4.2185e-02 r3=1.1741e-01 epsV=8.6076e-01 epsZ=9.2071e-01 
New pars (  79): DC=1.2440e+01 r2=4.2185e-02 r3=1.1753e-01 epsV=8.6090e-01 epsZ=9.2099e-01 
New pars (  80): DC=1.2447e+01 r2=4.2186e-02 r3=1.1800e-01 epsV=8.6147e-01 epsZ=9.2212e-01 
New pars (  81): DC=1.2463e+01 r2=4.2187e-02 r3=1.1918e-01 epsV=8.6291e-01 epsZ=9.2492e-01 
New pars (  82): DC=1.2472e+01 r2=4.2189e-02 r3=1.1985e-01 epsV=8.6372e-01 epsZ=9.2650e-01 
New pars (  83): DC=1.2470e+01 r2=4.2188e-02 r3=1.1969e-01 epsV=8.6352e-01 epsZ=9.2611e-01 
New pars (  84): DC=1.2470e+01 r2=4.2188e-02 r3=1.1969e-01 epsV=8.6352e-01 epsZ=9.2611e-01 
New pars (  85): DC=1.2470e+01 r2=4.2188e-02 r3=1.1969e-01 epsV=8.6352e-01 epsZ=9.2611e-01 
New pars (  86): DC=1.2470e+01 r2=4.2190e-02 r3=1.1969e-01 epsV=8.6352e-01 epsZ=9.2611e-01 
New pars (  87): DC=1.2470e+01 r2=4.2187e-02 r3=1.1969e-01 epsV=8.6352e-01 epsZ=9.2611e-01 
New pars (  88): DC=1.2470e+01 r2=4.2188e-02 r3=1.1969e-01 epsV=8.6352e-01 epsZ=9.2611e-01 
New pars (  89): DC=1.2470e+01 r2=4.2188e-02 r3=1.1968e-01 epsV=8.6352e-01 epsZ=9.2611e-01 
New pars (  90): DC=1.2470e+01 r2=4.2188e-02 r3=1.1969e-01 epsV=8.6353e-01 epsZ=9.2611e-01 
New pars (  91): DC=1.2518e+01 r2=4.2283e-02 r3=1.1921e-01 epsV=8.6352e-01 epsZ=9.3151e-01 
New pars (  92): DC=1.2567e+01 r2=4.2382e-02 r3=1.1871e-01 epsV=8.6351e-01 epsZ=9.3715e-01 
New pars (  93): DC=1.2567e+01 r2=4.2382e-02 r3=1.1871e-01 epsV=8.6351e-01 epsZ=9.3715e-01 
New pars (  94): DC=1.2567e+01 r2=4.2382e-02 r3=1.1871e-01 epsV=8.6351e-01 epsZ=9.3715e-01 
New pars (  95): DC=1.2567e+01 r2=4.2383e-02 r3=1.1871e-01 epsV=8.6351e-01 epsZ=9.3715e-01 
New pars (  96): DC=1.2567e+01 r2=4.2380e-02 r3=1.1871e-01 epsV=8.6351e-01 epsZ=9.3715e-01 
New pars (  97): DC=1.2567e+01 r2=4.2382e-02 r3=1.1871e-01 epsV=8.6351e-01 epsZ=9.3715e-01 
New pars (  98): DC=1.2567e+01 r2=4.2382e-02 r3=1.1870e-01 epsV=8.6351e-01 epsZ=9.3715e-01 
New pars (  99): DC=1.2567e+01 r2=4.2382e-02 r3=1.1871e-01 epsV=8.6352e-01 epsZ=9.3715e-01 
New pars ( 100): DC=1.2572e+01 r2=4.2434e-02 r3=1.1879e-01 epsV=8.6369e-01 epsZ=9.3839e-01 
New pars ( 101): DC=1.2572e+01 r2=4.2438e-02 r3=1.1879e-01 epsV=8.6371e-01 epsZ=9.3849e-01 
New pars ( 102): DC=1.2572e+01 r2=4.2438e-02 r3=1.1879e-01 epsV=8.6371e-01 epsZ=9.3849e-01 
New pars ( 103): DC=1.2572e+01 r2=4.2438e-02 r3=1.1879e-01 epsV=8.6371e-01 epsZ=9.3849e-01 
New pars ( 104): DC=1.2572e+01 r2=4.2440e-02 r3=1.1879e-01 epsV=8.6371e-01 epsZ=9.3849e-01 
New pars ( 105): DC=1.2572e+01 r2=4.2436e-02 r3=1.1879e-01 epsV=8.6371e-01 epsZ=9.3849e-01 
New pars ( 106): DC=1.2572e+01 r2=4.2438e-02 r3=1.1880e-01 epsV=8.6371e-01 epsZ=9.3849e-01 
New pars ( 107): DC=1.2572e+01 r2=4.2438e-02 r3=1.1879e-01 epsV=8.6371e-01 epsZ=9.3849e-01 
New pars ( 108): DC=1.2572e+01 r2=4.2438e-02 r3=1.1879e-01 epsV=8.6371e-01 epsZ=9.3849e-01 
New pars ( 109): DC=1.2572e+01 r2=4.2442e-02 r3=1.1862e-01 epsV=8.6352e-01 epsZ=9.3833e-01 
New pars ( 110): DC=1.2571e+01 r2=4.2443e-02 r3=1.1860e-01 epsV=8.6350e-01 epsZ=9.3831e-01 
New pars ( 111): DC=1.2572e+01 r2=4.2443e-02 r3=1.1860e-01 epsV=8.6350e-01 epsZ=9.3831e-01 
New pars ( 112): DC=1.2571e+01 r2=4.2443e-02 r3=1.1860e-01 epsV=8.6350e-01 epsZ=9.3831e-01 
New pars ( 113): DC=1.2571e+01 r2=4.2444e-02 r3=1.1860e-01 epsV=8.6350e-01 epsZ=9.3831e-01 
New pars ( 114): DC=1.2571e+01 r2=4.2441e-02 r3=1.1860e-01 epsV=8.6350e-01 epsZ=9.3831e-01 
New pars ( 115): DC=1.2571e+01 r2=4.2443e-02 r3=1.1861e-01 epsV=8.6350e-01 epsZ=9.3831e-01 
New pars ( 116): DC=1.2571e+01 r2=4.2443e-02 r3=1.1860e-01 epsV=8.6350e-01 epsZ=9.3831e-01 
New pars ( 117): DC=1.2571e+01 r2=4.2443e-02 r3=1.1860e-01 epsV=8.6351e-01 epsZ=9.3831e-01 
New pars ( 118): DC=1.2572e+01 r2=4.2442e-02 r3=1.1859e-01 epsV=8.6350e-01 epsZ=9.3832e-01 
New pars ( 119): DC=1.2572e+01 r2=4.2441e-02 r3=1.1859e-01 epsV=8.6350e-01 epsZ=9.3832e-01 
New pars ( 120): DC=1.2572e+01 r2=4.2441e-02 r3=1.1859e-01 epsV=8.6350e-01 epsZ=9.3832e-01 
New pars ( 121): DC=1.2572e+01 r2=4.2441e-02 r3=1.1859e-01 epsV=8.6350e-01 epsZ=9.3832e-01 
New pars ( 122): DC=1.2572e+01 r2=4.2443e-02 r3=1.1859e-01 epsV=8.6350e-01 epsZ=9.3832e-01 
New pars ( 123): DC=1.2572e+01 r2=4.2440e-02 r3=1.1859e-01 epsV=8.6350e-01 epsZ=9.3832e-01 
New pars ( 124): DC=1.2572e+01 r2=4.2441e-02 r3=1.1859e-01 epsV=8.6350e-01 epsZ=9.3832e-01 
New pars ( 125): DC=1.2572e+01 r2=4.2441e-02 r3=1.1859e-01 epsV=8.6350e-01 epsZ=9.3832e-01 
New pars ( 126): DC=1.2572e+01 r2=4.2441e-02 r3=1.1859e-01 epsV=8.6350e-01 epsZ=9.3832e-01 
New pars ( 127): DC=1.2572e+01 r2=4.2442e-02 r3=1.1859e-01 epsV=8.6350e-01 epsZ=9.3831e-01 
New pars ( 128): DC=1.2572e+01 r2=4.2442e-02 r3=1.1859e-01 epsV=8.6350e-01 epsZ=9.3828e-01 
New pars ( 129): DC=1.2572e+01 r2=4.2444e-02 r3=1.1859e-01 epsV=8.6352e-01 epsZ=9.3820e-01 
New pars ( 130): DC=1.2572e+01 r2=4.2448e-02 r3=1.1859e-01 epsV=8.6356e-01 epsZ=9.3796e-01 
New pars ( 131): DC=1.2572e+01 r2=4.2462e-02 r3=1.1859e-01 epsV=8.6370e-01 epsZ=9.3724e-01 
New pars ( 132): DC=1.2572e+01 r2=4.2504e-02 r3=1.1858e-01 epsV=8.6409e-01 epsZ=9.3509e-01 
New pars ( 133): DC=1.2572e+01 r2=4.2527e-02 r3=1.1857e-01 epsV=8.6431e-01 epsZ=9.3390e-01 
New pars ( 134): DC=1.2572e+01 r2=4.2527e-02 r3=1.1857e-01 epsV=8.6431e-01 epsZ=9.3390e-01 
New pars ( 135): DC=1.2572e+01 r2=4.2527e-02 r3=1.1857e-01 epsV=8.6431e-01 epsZ=9.3390e-01 
New pars ( 136): DC=1.2572e+01 r2=4.2529e-02 r3=1.1857e-01 epsV=8.6431e-01 epsZ=9.3390e-01 
New pars ( 137): DC=1.2572e+01 r2=4.2525e-02 r3=1.1857e-01 epsV=8.6431e-01 epsZ=9.3390e-01 
New pars ( 138): DC=1.2572e+01 r2=4.2527e-02 r3=1.1858e-01 epsV=8.6431e-01 epsZ=9.3390e-01 
New pars ( 139): DC=1.2572e+01 r2=4.2527e-02 r3=1.1857e-01 epsV=8.6431e-01 epsZ=9.3390e-01 
New pars ( 140): DC=1.2572e+01 r2=4.2527e-02 r3=1.1857e-01 epsV=8.6432e-01 epsZ=9.3390e-01 
New pars ( 141): DC=1.2577e+01 r2=4.2627e-02 r3=1.1830e-01 epsV=8.6483e-01 epsZ=9.3040e-01 
New pars ( 142): DC=1.2594e+01 r2=4.3025e-02 r3=1.1721e-01 epsV=8.6691e-01 epsZ=9.1642e-01 
New pars ( 143): DC=1.2614e+01 r2=4.3465e-02 r3=1.1601e-01 epsV=8.6921e-01 epsZ=9.0101e-01 
New pars ( 144): DC=1.2610e+01 r2=4.3368e-02 r3=1.1627e-01 epsV=8.6871e-01 epsZ=9.0438e-01 
New pars ( 145): DC=1.2610e+01 r2=4.3368e-02 r3=1.1627e-01 epsV=8.6871e-01 epsZ=9.0438e-01 
New pars ( 146): DC=1.2609e+01 r2=4.3368e-02 r3=1.1627e-01 epsV=8.6871e-01 epsZ=9.0438e-01 
New pars ( 147): DC=1.2610e+01 r2=4.3370e-02 r3=1.1627e-01 epsV=8.6871e-01 epsZ=9.0438e-01 
New pars ( 148): DC=1.2610e+01 r2=4.3367e-02 r3=1.1627e-01 epsV=8.6871e-01 epsZ=9.0438e-01 
New pars ( 149): DC=1.2610e+01 r2=4.3368e-02 r3=1.1627e-01 epsV=8.6871e-01 epsZ=9.0438e-01 
New pars ( 150): DC=1.2610e+01 r2=4.3368e-02 r3=1.1627e-01 epsV=8.6871e-01 epsZ=9.0438e-01 
New pars ( 151): DC=1.2610e+01 r2=4.3368e-02 r3=1.1627e-01 epsV=8.6871e-01 epsZ=9.0438e-01 
New pars ( 152): DC=1.2613e+01 r2=4.3414e-02 r3=1.1615e-01 epsV=8.6890e-01 epsZ=9.0310e-01 
New pars ( 153): DC=1.2613e+01 r2=4.3421e-02 r3=1.1613e-01 epsV=8.6893e-01 epsZ=9.0289e-01 
New pars ( 154): DC=1.2613e+01 r2=4.3421e-02 r3=1.1613e-01 epsV=8.6893e-01 epsZ=9.0289e-01 
New pars ( 155): DC=1.2613e+01 r2=4.3421e-02 r3=1.1613e-01 epsV=8.6893e-01 epsZ=9.0289e-01 
New pars ( 156): DC=1.2613e+01 r2=4.3423e-02 r3=1.1613e-01 epsV=8.6893e-01 epsZ=9.0289e-01 
New pars ( 157): DC=1.2613e+01 r2=4.3420e-02 r3=1.1613e-01 epsV=8.6893e-01 epsZ=9.0289e-01 
New pars ( 158): DC=1.2613e+01 r2=4.3421e-02 r3=1.1613e-01 epsV=8.6893e-01 epsZ=9.0289e-01 
New pars ( 159): DC=1.2613e+01 r2=4.3421e-02 r3=1.1612e-01 epsV=8.6893e-01 epsZ=9.0289e-01 
New pars ( 160): DC=1.2613e+01 r2=4.3421e-02 r3=1.1613e-01 epsV=8.6893e-01 epsZ=9.0289e-01 
New pars ( 161): DC=1.2616e+01 r2=4.3511e-02 r3=1.1587e-01 epsV=8.6940e-01 epsZ=8.9937e-01 
New pars ( 162): DC=1.2616e+01 r2=4.3516e-02 r3=1.1586e-01 epsV=8.6943e-01 epsZ=8.9915e-01 
New pars ( 163): DC=1.2616e+01 r2=4.3516e-02 r3=1.1586e-01 epsV=8.6943e-01 epsZ=8.9915e-01 
New pars ( 164): DC=1.2616e+01 r2=4.3516e-02 r3=1.1586e-01 epsV=8.6943e-01 epsZ=8.9915e-01 
New pars ( 165): DC=1.2616e+01 r2=4.3518e-02 r3=1.1586e-01 epsV=8.6943e-01 epsZ=8.9915e-01 
New pars ( 166): DC=1.2616e+01 r2=4.3515e-02 r3=1.1586e-01 epsV=8.6943e-01 epsZ=8.9915e-01 
New pars ( 167): DC=1.2616e+01 r2=4.3516e-02 r3=1.1586e-01 epsV=8.6943e-01 epsZ=8.9915e-01 
New pars ( 168): DC=1.2616e+01 r2=4.3516e-02 r3=1.1586e-01 epsV=8.6943e-01 epsZ=8.9915e-01 
New pars ( 169): DC=1.2616e+01 r2=4.3516e-02 r3=1.1586e-01 epsV=8.6943e-01 epsZ=8.9915e-01 
New pars ( 170): DC=1.2616e+01 r2=4.3514e-02 r3=1.1586e-01 epsV=8.6942e-01 epsZ=8.9918e-01 
New pars ( 171): DC=1.2616e+01 r2=4.3514e-02 r3=1.1586e-01 epsV=8.6942e-01 epsZ=8.9918e-01 
New pars ( 172): DC=1.2615e+01 r2=4.3514e-02 r3=1.1586e-01 epsV=8.6942e-01 epsZ=8.9918e-01 
New pars ( 173): DC=1.2616e+01 r2=4.3515e-02 r3=1.1586e-01 epsV=8.6942e-01 epsZ=8.9918e-01 
New pars ( 174): DC=1.2616e+01 r2=4.3512e-02 r3=1.1586e-01 epsV=8.6942e-01 epsZ=8.9918e-01 
New pars ( 175): DC=1.2616e+01 r2=4.3514e-02 r3=1.1587e-01 epsV=8.6942e-01 epsZ=8.9918e-01 
New pars ( 176): DC=1.2616e+01 r2=4.3514e-02 r3=1.1586e-01 epsV=8.6942e-01 epsZ=8.9918e-01 
New pars ( 177): DC=1.2616e+01 r2=4.3514e-02 r3=1.1586e-01 epsV=8.6942e-01 epsZ=8.9918e-01 
New pars ( 178): DC=1.2616e+01 r2=4.3514e-02 r3=1.1586e-01 epsV=8.6942e-01 epsZ=8.9918e-01 
New pars ( 179): DC=1.2615e+01 r2=4.3514e-02 r3=1.1586e-01 epsV=8.6942e-01 epsZ=8.9918e-01 
New pars ( 180): DC=1.2616e+01 r2=4.3515e-02 r3=1.1586e-01 epsV=8.6942e-01 epsZ=8.9918e-01 
New pars ( 181): DC=1.2616e+01 r2=4.3512e-02 r3=1.1586e-01 epsV=8.6942e-01 epsZ=8.9918e-01 
New pars ( 182): DC=1.2616e+01 r2=4.3514e-02 r3=1.1587e-01 epsV=8.6942e-01 epsZ=8.9918e-01 
New pars ( 183): DC=1.2616e+01 r2=4.3514e-02 r3=1.1586e-01 epsV=8.6942e-01 epsZ=8.9918e-01 
New pars ( 184): DC=1.2616e+01 r2=4.3514e-02 r3=1.1586e-01 epsV=8.6942e-01 epsZ=8.9918e-01 
New pars ( 185): DC=1.2616e+01 r2=4.3514e-02 r3=1.1586e-01 epsV=8.6942e-01 epsZ=8.9918e-01 
New pars ( 186): DC=1.2616e+01 r2=4.3514e-02 r3=1.1586e-01 epsV=8.6942e-01 epsZ=8.9918e-01 
New pars ( 187): DC=1.2616e+01 r2=4.3514e-02 r3=1.1586e-01 epsV=8.6942e-01 epsZ=8.9918e-01 
New pars ( 188): DC=1.2616e+01 r2=4.3513e-02 r3=1.1586e-01 epsV=8.6942e-01 epsZ=8.9918e-01 
New pars ( 189): DC=1.2616e+01 r2=4.3514e-02 r3=1.1586e-01 epsV=8.6942e-01 epsZ=8.9918e-01 
New pars ( 190): DC=1.2616e+01 r2=4.3514e-02 r3=1.1586e-01 epsV=8.6942e-01 epsZ=8.9918e-01 
New pars ( 191): DC=1.2616e+01 r2=4.3514e-02 r3=1.1586e-01 epsV=8.6942e-01 epsZ=8.9918e-01 
New pars ( 192): DC=1.2616e+01 r2=4.3515e-02 r3=1.1586e-01 epsV=8.6942e-01 epsZ=8.9918e-01 
New pars ( 193): DC=1.2616e+01 r2=4.3514e-02 r3=1.1587e-01 epsV=8.6942e-01 epsZ=8.9918e-01 
New pars ( 194): DC=1.2616e+01 r2=4.3515e-02 r3=1.1587e-01 epsV=8.6942e-01 epsZ=8.9918e-01 
New pars ( 195): DC=1.2616e+01 r2=4.3514e-02 r3=1.1586e-01 epsV=8.6942e-01 epsZ=8.9918e-01 
New pars ( 196): DC=1.2616e+01 r2=4.3515e-02 r3=1.1586e-01 epsV=8.6942e-01 epsZ=8.9918e-01 
New pars ( 197): DC=1.2616e+01 r2=4.3514e-02 r3=1.1587e-01 epsV=8.6942e-01 epsZ=8.9918e-01 
New pars ( 198): DC=1.2616e+01 r2=4.3514e-02 r3=1.1586e-01 epsV=8.6942e-01 epsZ=8.9921e-01 
New pars ( 199): DC=1.2616e+01 r2=4.3515e-02 r3=1.1586e-01 epsV=8.6942e-01 epsZ=8.9921e-01 
New pars ( 200): DC=1.2616e+01 r2=4.3514e-02 r3=1.1587e-01 epsV=8.6942e-01 epsZ=8.9921e-01 
New pars ( 201): DC=1.2616e+01 r2=4.3514e-02 r3=1.1586e-01 epsV=8.6942e-01 epsZ=8.9921e-01 
New pars ( 202): DC=1.2427e+01 r2=3.9055e-02 r3=1.2834e-01 epsV=8.8577e-01 epsZ=8.4976e-01 
New pars ( 203): DC=1.2422e+01 r2=3.9055e-02 r3=1.2834e-01 epsV=8.8577e-01 epsZ=8.4976e-01 
New pars ( 204): DC=1.2427e+01 r2=3.8571e-02 r3=1.2834e-01 epsV=8.8577e-01 epsZ=8.4976e-01 
New pars ( 205): DC=1.2427e+01 r2=3.9055e-02 r3=1.2068e-01 epsV=8.8577e-01 epsZ=8.4976e-01 
New pars ( 206): DC=1.2427e+01 r2=3.9055e-02 r3=1.2834e-01 epsV=9.0241e-01 epsZ=8.4976e-01 
New pars ( 207): DC=1.2425e+01 r2=3.8861e-02 r3=1.2528e-01 epsV=8.6913e-01 epsZ=8.5120e-01 
New pars ( 208): DC=1.2425e+01 r2=3.8910e-02 r3=1.2604e-01 epsV=8.7745e-01 epsZ=8.5084e-01 
New pars ( 209): DC=1.2424e+01 r2=3.8803e-02 r3=1.2436e-01 epsV=8.8245e-01 epsZ=8.4659e-01 
New pars ( 210): DC=1.2425e+01 r2=3.8910e-02 r3=1.2604e-01 epsV=8.7745e-01 epsZ=8.5084e-01 
New pars ( 211): DC=1.2616e+01 r2=4.3514e-02 r3=1.1586e-01 epsV=8.6942e-01 epsZ=8.9918e-01 
New pars ( 212): DC=1.2616e+01 r2=4.3514e-02 r3=1.1586e-01 epsV=8.6942e-01 epsZ=8.9918e-01 
New pars ( 213): DC=1.2616e+01 r2=4.3514e-02 r3=1.1586e-01 epsV=8.6942e-01 epsZ=8.9918e-01 
New pars ( 214): DC=1.2616e+01 r2=4.3514e-02 r3=1.1586e-01 epsV=8.6942e-01 epsZ=8.9918e-01 
New pars ( 215): DC=1.2616e+01 r2=4.3513e-02 r3=1.1586e-01 epsV=8.6942e-01 epsZ=8.9918e-01 
New pars ( 216): DC=1.2616e+01 r2=4.3514e-02 r3=1.1586e-01 epsV=8.6942e-01 epsZ=8.9918e-01 
New pars ( 217): DC=1.2616e+01 r2=4.3514e-02 r3=1.1586e-01 epsV=8.6942e-01 epsZ=8.9918e-01 
New pars ( 218): DC=1.2616e+01 r2=4.3514e-02 r3=1.1586e-01 epsV=8.6942e-01 epsZ=8.9918e-01 
New pars ( 219): DC=1.2616e+01 r2=4.3514e-02 r3=1.1586e-01 epsV=8.6942e-01 epsZ=8.9918e-01 
New pars ( 220): DC=1.2616e+01 r2=4.3514e-02 r3=1.1586e-01 epsV=8.6942e-01 epsZ=8.9918e-01 
New pars ( 221): DC=1.2616e+01 r2=4.3514e-02 r3=1.1586e-01 epsV=8.6942e-01 epsZ=8.9918e-01 
New pars ( 222): DC=1.2616e+01 r2=4.3514e-02 r3=1.1586e-01 epsV=8.6942e-01 epsZ=8.9918e-01 
New pars ( 223): DC=1.2616e+01 r2=4.3514e-02 r3=1.1586e-01 epsV=8.6942e-01 epsZ=8.9918e-01 
New pars ( 224): DC=1.2616e+01 r2=4.3514e-02 r3=1.1586e-01 epsV=8.6942e-01 epsZ=8.9918e-01 
New pars ( 225): DC=1.2616e+01 r2=4.3514e-02 r3=1.1586e-01 epsV=8.6942e-01 epsZ=8.9918e-01 
New pars ( 226): DC=1.2616e+01 r2=4.3514e-02 r3=1.1586e-01 epsV=8.6942e-01 epsZ=8.9918e-01 
New pars ( 227): DC=1.2616e+01 r2=4.3514e-02 r3=1.1586e-01 epsV=8.6942e-01 epsZ=8.9918e-01 
New pars ( 228): DC=1.2616e+01 r2=4.3514e-02 r3=1.1586e-01 epsV=8.6942e-01 epsZ=8.9918e-01 
New pars ( 229): DC=1.2616e+01 r2=4.3514e-02 r3=1.1586e-01 epsV=8.6942e-01 epsZ=8.9918e-01 
New pars ( 230): DC=1.2616e+01 r2=4.3514e-02 r3=1.1586e-01 epsV=8.6942e-01 epsZ=8.9918e-01 
New pars ( 231): DC=1.2616e+01 r2=4.3514e-02 r3=1.1586e-01 epsV=8.6942e-01 epsZ=8.9918e-01 
New pars ( 232): DC=1.2616e+01 r2=4.3514e-02 r3=1.1586e-01 epsV=8.6942e-01 epsZ=8.9919e-01 
New pars ( 233): DC=1.2616e+01 r2=4.3514e-02 r3=1.1586e-01 epsV=8.6942e-01 epsZ=8.9919e-01 
New pars ( 234): DC=1.2616e+01 r2=4.3514e-02 r3=1.1586e-01 epsV=8.6942e-01 epsZ=8.9919e-01 
New pars ( 235): DC=1.2616e+01 r2=4.3514e-02 r3=1.1586e-01 epsV=8.6942e-01 epsZ=8.9919e-01 
 PARAMETER NUMBER   1 NOT A VARIABLE. IGNORED.
 THERE ARE NO MINOS ERRORS TO CALCULATE.
 PARAMETER NUMBER   2 NOT A VARIABLE. IGNORED.
 THERE ARE NO MINOS ERRORS TO CALCULATE.
New pars ( 236): DC=1.2781e+01 r2=4.6163e-02 r3=1.0931e-01 epsV=8.8380e-01 epsZ=8.1493e-01 
New pars ( 237): DC=1.2781e+01 r2=4.6164e-02 r3=1.0931e-01 epsV=8.8380e-01 epsZ=8.1493e-01 
New pars ( 238): DC=1.2781e+01 r2=4.6163e-02 r3=1.0931e-01 epsV=8.8380e-01 epsZ=8.1493e-01 
New pars ( 239): DC=1.2781e+01 r2=4.6165e-02 r3=1.0931e-01 epsV=8.8380e-01 epsZ=8.1493e-01 
New pars ( 240): DC=1.2781e+01 r2=4.6162e-02 r3=1.0931e-01 epsV=8.8380e-01 epsZ=8.1493e-01 
New pars ( 241): DC=1.2781e+01 r2=4.6163e-02 r3=1.0931e-01 epsV=8.8380e-01 epsZ=8.1493e-01 
New pars ( 242): DC=1.2781e+01 r2=4.6163e-02 r3=1.0930e-01 epsV=8.8380e-01 epsZ=8.1493e-01 
New pars ( 243): DC=1.2781e+01 r2=4.6163e-02 r3=1.0931e-01 epsV=8.8380e-01 epsZ=8.1493e-01 
New pars ( 244): DC=1.2781e+01 r2=4.6163e-02 r3=1.0930e-01 epsV=8.8380e-01 epsZ=8.1493e-01 
New pars ( 245): DC=1.2781e+01 r2=4.6163e-02 r3=1.0931e-01 epsV=8.8380e-01 epsZ=8.1493e-01 
New pars ( 246): DC=1.2781e+01 r2=4.5195e-02 r3=1.1232e-01 epsV=8.7853e-01 epsZ=8.6005e-01 
New pars ( 247): DC=1.2781e+01 r2=4.5772e-02 r3=1.1052e-01 epsV=8.8167e-01 epsZ=8.3315e-01 
New pars ( 248): DC=1.2781e+01 r2=4.5774e-02 r3=1.1052e-01 epsV=8.8167e-01 epsZ=8.3315e-01 
New pars ( 249): DC=1.2781e+01 r2=4.5771e-02 r3=1.1052e-01 epsV=8.8167e-01 epsZ=8.3315e-01 
New pars ( 250): DC=1.2781e+01 r2=4.5772e-02 r3=1.1053e-01 epsV=8.8167e-01 epsZ=8.3315e-01 
New pars ( 251): DC=1.2781e+01 r2=4.5772e-02 r3=1.1052e-01 epsV=8.8167e-01 epsZ=8.3315e-01 
New pars ( 252): DC=1.2781e+01 r2=4.5772e-02 r3=1.1052e-01 epsV=8.8168e-01 epsZ=8.3315e-01 
New pars ( 253): DC=1.2781e+01 r2=4.5971e-02 r3=1.0984e-01 epsV=8.8244e-01 epsZ=8.2488e-01 
New pars ( 254): DC=1.2781e+01 r2=4.6186e-02 r3=1.0909e-01 epsV=8.8328e-01 epsZ=8.1595e-01 
New pars ( 255): DC=1.2781e+01 r2=4.6188e-02 r3=1.0909e-01 epsV=8.8328e-01 epsZ=8.1595e-01 
New pars ( 256): DC=1.2781e+01 r2=4.6185e-02 r3=1.0909e-01 epsV=8.8328e-01 epsZ=8.1595e-01 
New pars ( 257): DC=1.2781e+01 r2=4.6186e-02 r3=1.0910e-01 epsV=8.8328e-01 epsZ=8.1595e-01 
New pars ( 258): DC=1.2781e+01 r2=4.6186e-02 r3=1.0909e-01 epsV=8.8328e-01 epsZ=8.1595e-01 
New pars ( 259): DC=1.2781e+01 r2=4.6186e-02 r3=1.0909e-01 epsV=8.8328e-01 epsZ=8.1595e-01 
New pars ( 260): DC=1.2781e+01 r2=4.6265e-02 r3=1.0897e-01 epsV=8.8390e-01 epsZ=8.1155e-01 
New pars ( 261): DC=1.2781e+01 r2=4.6284e-02 r3=1.0894e-01 epsV=8.8405e-01 epsZ=8.1047e-01 
New pars ( 262): DC=1.2781e+01 r2=4.6285e-02 r3=1.0894e-01 epsV=8.8405e-01 epsZ=8.1047e-01 
New pars ( 263): DC=1.2781e+01 r2=4.6282e-02 r3=1.0894e-01 epsV=8.8405e-01 epsZ=8.1047e-01 
New pars ( 264): DC=1.2781e+01 r2=4.6284e-02 r3=1.0894e-01 epsV=8.8405e-01 epsZ=8.1047e-01 
New pars ( 265): DC=1.2781e+01 r2=4.6284e-02 r3=1.0893e-01 epsV=8.8405e-01 epsZ=8.1047e-01 
New pars ( 266): DC=1.2781e+01 r2=4.6284e-02 r3=1.0894e-01 epsV=8.8406e-01 epsZ=8.1047e-01 
New pars ( 267): DC=1.2781e+01 r2=4.6291e-02 r3=1.0885e-01 epsV=8.8402e-01 epsZ=8.1003e-01 
New pars ( 268): DC=1.2781e+01 r2=4.6292e-02 r3=1.0883e-01 epsV=8.8401e-01 epsZ=8.0993e-01 
New pars ( 269): DC=1.2781e+01 r2=4.6294e-02 r3=1.0883e-01 epsV=8.8401e-01 epsZ=8.0993e-01 
New pars ( 270): DC=1.2781e+01 r2=4.6290e-02 r3=1.0883e-01 epsV=8.8401e-01 epsZ=8.0993e-01 
New pars ( 271): DC=1.2781e+01 r2=4.6292e-02 r3=1.0883e-01 epsV=8.8401e-01 epsZ=8.0993e-01 
New pars ( 272): DC=1.2781e+01 r2=4.6292e-02 r3=1.0882e-01 epsV=8.8401e-01 epsZ=8.0993e-01 
New pars ( 273): DC=1.2781e+01 r2=4.6292e-02 r3=1.0883e-01 epsV=8.8402e-01 epsZ=8.0993e-01 
New pars ( 274): DC=1.2781e+01 r2=4.6295e-02 r3=1.0882e-01 epsV=8.8403e-01 epsZ=8.0978e-01 
New pars ( 275): DC=1.2781e+01 r2=4.6295e-02 r3=1.0882e-01 epsV=8.8403e-01 epsZ=8.0980e-01 
New pars ( 276): DC=1.2781e+01 r2=4.6296e-02 r3=1.0882e-01 epsV=8.8403e-01 epsZ=8.0980e-01 
New pars ( 277): DC=1.2781e+01 r2=4.6293e-02 r3=1.0882e-01 epsV=8.8403e-01 epsZ=8.0980e-01 
New pars ( 278): DC=1.2781e+01 r2=4.6295e-02 r3=1.0882e-01 epsV=8.8403e-01 epsZ=8.0980e-01 
New pars ( 279): DC=1.2781e+01 r2=4.6295e-02 r3=1.0881e-01 epsV=8.8403e-01 epsZ=8.0980e-01 
New pars ( 280): DC=1.2781e+01 r2=4.6295e-02 r3=1.0882e-01 epsV=8.8403e-01 epsZ=8.0980e-01 
New pars ( 281): DC=1.2785e+01 r2=4.6295e-02 r3=1.0882e-01 epsV=8.8403e-01 epsZ=8.0980e-01 
New pars ( 282): DC=1.2785e+01 r2=4.6296e-02 r3=1.0882e-01 epsV=8.8403e-01 epsZ=8.0980e-01 
New pars ( 283): DC=1.2785e+01 r2=4.6293e-02 r3=1.0882e-01 epsV=8.8403e-01 epsZ=8.0980e-01 
New pars ( 284): DC=1.2785e+01 r2=4.6295e-02 r3=1.0882e-01 epsV=8.8403e-01 epsZ=8.0980e-01 
New pars ( 285): DC=1.2785e+01 r2=4.6295e-02 r3=1.0881e-01 epsV=8.8403e-01 epsZ=8.0980e-01 
New pars ( 286): DC=1.2785e+01 r2=4.6295e-02 r3=1.0882e-01 epsV=8.8403e-01 epsZ=8.0980e-01 
New pars ( 287): DC=1.2785e+01 r2=4.6376e-02 r3=1.0861e-01 epsV=8.8443e-01 epsZ=8.0713e-01 
New pars ( 288): DC=1.2785e+01 r2=4.6378e-02 r3=1.0861e-01 epsV=8.8443e-01 epsZ=8.0713e-01 
New pars ( 289): DC=1.2785e+01 r2=4.6375e-02 r3=1.0861e-01 epsV=8.8443e-01 epsZ=8.0713e-01 
New pars ( 290): DC=1.2785e+01 r2=4.6376e-02 r3=1.0861e-01 epsV=8.8443e-01 epsZ=8.0713e-01 
New pars ( 291): DC=1.2785e+01 r2=4.6376e-02 r3=1.0861e-01 epsV=8.8443e-01 epsZ=8.0713e-01 
New pars ( 292): DC=1.2785e+01 r2=4.6376e-02 r3=1.0861e-01 epsV=8.8444e-01 epsZ=8.0713e-01 
New pars ( 293): DC=1.2785e+01 r2=4.6364e-02 r3=1.0864e-01 epsV=8.8438e-01 epsZ=8.0756e-01 
New pars ( 294): DC=1.2785e+01 r2=4.6363e-02 r3=1.0864e-01 epsV=8.8437e-01 epsZ=8.0762e-01 
New pars ( 295): DC=1.2785e+01 r2=4.6364e-02 r3=1.0864e-01 epsV=8.8437e-01 epsZ=8.0762e-01 
New pars ( 296): DC=1.2785e+01 r2=4.6361e-02 r3=1.0864e-01 epsV=8.8437e-01 epsZ=8.0762e-01 
New pars ( 297): DC=1.2785e+01 r2=4.6363e-02 r3=1.0865e-01 epsV=8.8437e-01 epsZ=8.0762e-01 
New pars ( 298): DC=1.2785e+01 r2=4.6363e-02 r3=1.0864e-01 epsV=8.8437e-01 epsZ=8.0762e-01 
New pars ( 299): DC=1.2785e+01 r2=4.6363e-02 r3=1.0864e-01 epsV=8.8438e-01 epsZ=8.0762e-01 
New pars ( 300): DC=1.2450e+01 r2=4.0864e-02 r3=1.2242e-01 epsV=8.5504e-01 epsZ=9.8344e-01 
New pars ( 301): DC=1.2450e+01 r2=4.0866e-02 r3=1.2242e-01 epsV=8.5504e-01 epsZ=9.8344e-01 
New pars ( 302): DC=1.2450e+01 r2=4.0863e-02 r3=1.2242e-01 epsV=8.5504e-01 epsZ=9.8344e-01 
New pars ( 303): DC=1.2450e+01 r2=4.0864e-02 r3=1.2243e-01 epsV=8.5504e-01 epsZ=9.8344e-01 
New pars ( 304): DC=1.2450e+01 r2=4.0864e-02 r3=1.2242e-01 epsV=8.5504e-01 epsZ=9.8344e-01 
New pars ( 305): DC=1.2450e+01 r2=4.0864e-02 r3=1.2242e-01 epsV=8.5504e-01 epsZ=9.8344e-01 
New pars ( 306): DC=1.2450e+01 r2=4.3192e-02 r3=1.1474e-01 epsV=8.6576e-01 epsZ=8.7610e-01 
New pars ( 307): DC=1.2450e+01 r2=4.1318e-02 r3=1.2092e-01 epsV=8.5713e-01 epsZ=9.6250e-01 
New pars ( 308): DC=1.2450e+01 r2=4.1186e-02 r3=1.2136e-01 epsV=8.5652e-01 epsZ=9.6859e-01 
New pars ( 309): DC=1.2450e+01 r2=4.1188e-02 r3=1.2136e-01 epsV=8.5652e-01 epsZ=9.6859e-01 
New pars ( 310): DC=1.2450e+01 r2=4.1185e-02 r3=1.2136e-01 epsV=8.5652e-01 epsZ=9.6859e-01 
New pars ( 311): DC=1.2450e+01 r2=4.1186e-02 r3=1.2136e-01 epsV=8.5652e-01 epsZ=9.6859e-01 
New pars ( 312): DC=1.2450e+01 r2=4.1186e-02 r3=1.2136e-01 epsV=8.5652e-01 epsZ=9.6859e-01 
New pars ( 313): DC=1.2450e+01 r2=4.1186e-02 r3=1.2136e-01 epsV=8.5653e-01 epsZ=9.6859e-01 
New pars ( 314): DC=1.2450e+01 r2=4.1127e-02 r3=1.2161e-01 epsV=8.5604e-01 epsZ=9.7301e-01 
New pars ( 315): DC=1.2450e+01 r2=4.1114e-02 r3=1.2166e-01 epsV=8.5593e-01 epsZ=9.7402e-01 
New pars ( 316): DC=1.2450e+01 r2=4.1116e-02 r3=1.2166e-01 epsV=8.5593e-01 epsZ=9.7402e-01 
New pars ( 317): DC=1.2450e+01 r2=4.1113e-02 r3=1.2166e-01 epsV=8.5593e-01 epsZ=9.7402e-01 
New pars ( 318): DC=1.2450e+01 r2=4.1114e-02 r3=1.2167e-01 epsV=8.5593e-01 epsZ=9.7402e-01 
New pars ( 319): DC=1.2450e+01 r2=4.1114e-02 r3=1.2166e-01 epsV=8.5593e-01 epsZ=9.7402e-01 
New pars ( 320): DC=1.2450e+01 r2=4.1114e-02 r3=1.2166e-01 epsV=8.5593e-01 epsZ=9.7402e-01 
New pars ( 321): DC=1.2450e+01 r2=4.1046e-02 r3=1.2174e-01 epsV=8.5545e-01 epsZ=9.7691e-01 
New pars ( 322): DC=1.2450e+01 r2=4.0950e-02 r3=1.2186e-01 epsV=8.5478e-01 epsZ=9.8099e-01 
New pars ( 323): DC=1.2450e+01 r2=4.0951e-02 r3=1.2186e-01 epsV=8.5478e-01 epsZ=9.8099e-01 
New pars ( 324): DC=1.2450e+01 r2=4.0948e-02 r3=1.2186e-01 epsV=8.5478e-01 epsZ=9.8099e-01 
New pars ( 325): DC=1.2450e+01 r2=4.0950e-02 r3=1.2186e-01 epsV=8.5478e-01 epsZ=9.8099e-01 
New pars ( 326): DC=1.2450e+01 r2=4.0950e-02 r3=1.2185e-01 epsV=8.5478e-01 epsZ=9.8099e-01 
New pars ( 327): DC=1.2450e+01 r2=4.0950e-02 r3=1.2186e-01 epsV=8.5478e-01 epsZ=9.8099e-01 
New pars ( 328): DC=1.2450e+01 r2=4.0909e-02 r3=1.2203e-01 epsV=8.5459e-01 epsZ=9.8292e-01 
New pars ( 329): DC=1.2450e+01 r2=4.0849e-02 r3=1.2228e-01 epsV=8.5431e-01 epsZ=9.8573e-01 
New pars ( 330): DC=1.2450e+01 r2=4.0850e-02 r3=1.2228e-01 epsV=8.5431e-01 epsZ=9.8573e-01 
New pars ( 331): DC=1.2450e+01 r2=4.0847e-02 r3=1.2228e-01 epsV=8.5431e-01 epsZ=9.8573e-01 
New pars ( 332): DC=1.2450e+01 r2=4.0849e-02 r3=1.2228e-01 epsV=8.5431e-01 epsZ=9.8573e-01 
New pars ( 333): DC=1.2450e+01 r2=4.0849e-02 r3=1.2227e-01 epsV=8.5431e-01 epsZ=9.8573e-01 
New pars ( 334): DC=1.2450e+01 r2=4.0849e-02 r3=1.2228e-01 epsV=8.5431e-01 epsZ=9.8573e-01 
New pars ( 335): DC=1.2450e+01 r2=4.0816e-02 r3=1.2242e-01 epsV=8.5421e-01 epsZ=9.8707e-01 
New pars ( 336): DC=1.2450e+01 r2=4.0806e-02 r3=1.2246e-01 epsV=8.5418e-01 epsZ=9.8746e-01 
New pars ( 337): DC=1.2450e+01 r2=4.0808e-02 r3=1.2246e-01 epsV=8.5418e-01 epsZ=9.8746e-01 
New pars ( 338): DC=1.2450e+01 r2=4.0805e-02 r3=1.2246e-01 epsV=8.5418e-01 epsZ=9.8746e-01 
New pars ( 339): DC=1.2450e+01 r2=4.0806e-02 r3=1.2247e-01 epsV=8.5418e-01 epsZ=9.8746e-01 
New pars ( 340): DC=1.2450e+01 r2=4.0806e-02 r3=1.2246e-01 epsV=8.5418e-01 epsZ=9.8746e-01 
New pars ( 341): DC=1.2450e+01 r2=4.0806e-02 r3=1.2246e-01 epsV=8.5418e-01 epsZ=9.8746e-01 
New pars ( 342): DC=1.2450e+01 r2=4.0810e-02 r3=1.2246e-01 epsV=8.5421e-01 epsZ=9.8724e-01 
New pars ( 343): DC=1.2450e+01 r2=4.0812e-02 r3=1.2246e-01 epsV=8.5421e-01 epsZ=9.8724e-01 
New pars ( 344): DC=1.2450e+01 r2=4.0809e-02 r3=1.2246e-01 epsV=8.5421e-01 epsZ=9.8724e-01 
New pars ( 345): DC=1.2450e+01 r2=4.0810e-02 r3=1.2246e-01 epsV=8.5421e-01 epsZ=9.8724e-01 
New pars ( 346): DC=1.2450e+01 r2=4.0810e-02 r3=1.2245e-01 epsV=8.5421e-01 epsZ=9.8724e-01 
New pars ( 347): DC=1.2450e+01 r2=4.0810e-02 r3=1.2246e-01 epsV=8.5422e-01 epsZ=9.8724e-01 
New pars ( 348): DC=1.2441e+01 r2=4.0810e-02 r3=1.2246e-01 epsV=8.5421e-01 epsZ=9.8724e-01 
New pars ( 349): DC=1.2441e+01 r2=4.0812e-02 r3=1.2246e-01 epsV=8.5421e-01 epsZ=9.8724e-01 
New pars ( 350): DC=1.2441e+01 r2=4.0809e-02 r3=1.2246e-01 epsV=8.5421e-01 epsZ=9.8724e-01 
New pars ( 351): DC=1.2441e+01 r2=4.0810e-02 r3=1.2246e-01 epsV=8.5421e-01 epsZ=9.8724e-01 
New pars ( 352): DC=1.2441e+01 r2=4.0810e-02 r3=1.2245e-01 epsV=8.5421e-01 epsZ=9.8724e-01 
New pars ( 353): DC=1.2441e+01 r2=4.0810e-02 r3=1.2246e-01 epsV=8.5422e-01 epsZ=9.8724e-01 
New pars ( 354): DC=1.2441e+01 r2=4.0728e-02 r3=1.2261e-01 epsV=8.5372e-01 epsZ=9.8923e-01 
New pars ( 355): DC=1.2441e+01 r2=4.0723e-02 r3=1.2262e-01 epsV=8.5369e-01 epsZ=9.8935e-01 
New pars ( 356): DC=1.2441e+01 r2=4.0724e-02 r3=1.2262e-01 epsV=8.5369e-01 epsZ=9.8935e-01 
New pars ( 357): DC=1.2441e+01 r2=4.0721e-02 r3=1.2262e-01 epsV=8.5369e-01 epsZ=9.8935e-01 
New pars ( 358): DC=1.2441e+01 r2=4.0723e-02 r3=1.2262e-01 epsV=8.5369e-01 epsZ=9.8935e-01 
New pars ( 359): DC=1.2441e+01 r2=4.0723e-02 r3=1.2262e-01 epsV=8.5369e-01 epsZ=9.8935e-01 
New pars ( 360): DC=1.2441e+01 r2=4.0723e-02 r3=1.2262e-01 epsV=8.5369e-01 epsZ=9.8935e-01 
New pars ( 361): DC=1.2441e+01 r2=4.0673e-02 r3=1.2278e-01 epsV=8.5341e-01 epsZ=9.9172e-01 
New pars ( 362): DC=1.2441e+01 r2=4.0674e-02 r3=1.2278e-01 epsV=8.5341e-01 epsZ=9.9172e-01 
New pars ( 363): DC=1.2441e+01 r2=4.0671e-02 r3=1.2278e-01 epsV=8.5341e-01 epsZ=9.9172e-01 
New pars ( 364): DC=1.2441e+01 r2=4.0673e-02 r3=1.2279e-01 epsV=8.5341e-01 epsZ=9.9172e-01 
New pars ( 365): DC=1.2441e+01 r2=4.0673e-02 r3=1.2278e-01 epsV=8.5341e-01 epsZ=9.9172e-01 
New pars ( 366): DC=1.2441e+01 r2=4.0673e-02 r3=1.2278e-01 epsV=8.5342e-01 epsZ=9.9172e-01 
 PARAMETER NUMBER   4 NOT A VARIABLE. IGNORED.
 THERE ARE NO MINOS ERRORS TO CALCULATE.
New pars ( 367): DC=1.2752e+01 r2=4.6724e-02 r3=1.0768e-01 epsV=8.8677e-01 epsZ=7.8449e-01 
New pars ( 368): DC=1.2752e+01 r2=4.6724e-02 r3=1.0768e-01 epsV=8.8677e-01 epsZ=7.8449e-01 
New pars ( 369): DC=1.2752e+01 r2=4.6724e-02 r3=1.0768e-01 epsV=8.8677e-01 epsZ=7.8449e-01 
New pars ( 370): DC=1.2752e+01 r2=4.6724e-02 r3=1.0768e-01 epsV=8.8677e-01 epsZ=7.8449e-01 
New pars ( 371): DC=1.2752e+01 r2=4.6724e-02 r3=1.0768e-01 epsV=8.8677e-01 epsZ=7.8449e-01 
New pars ( 372): DC=1.2752e+01 r2=4.6724e-02 r3=1.0768e-01 epsV=8.8677e-01 epsZ=7.8449e-01 
New pars ( 373): DC=1.2752e+01 r2=4.6724e-02 r3=1.0768e-01 epsV=8.8677e-01 epsZ=7.8449e-01 
New pars ( 374): DC=1.2752e+01 r2=4.6724e-02 r3=1.0768e-01 epsV=8.8678e-01 epsZ=7.8449e-01 
New pars ( 375): DC=1.2796e+01 r2=4.6724e-02 r3=1.0970e-01 epsV=8.8790e-01 epsZ=7.9771e-01 
New pars ( 376): DC=1.2777e+01 r2=4.6724e-02 r3=1.0884e-01 epsV=8.8742e-01 epsZ=7.9206e-01 
New pars ( 377): DC=1.2778e+01 r2=4.6724e-02 r3=1.0884e-01 epsV=8.8742e-01 epsZ=7.9206e-01 
New pars ( 378): DC=1.2777e+01 r2=4.6724e-02 r3=1.0884e-01 epsV=8.8742e-01 epsZ=7.9206e-01 
New pars ( 379): DC=1.2777e+01 r2=4.6724e-02 r3=1.0884e-01 epsV=8.8742e-01 epsZ=7.9206e-01 
New pars ( 380): DC=1.2777e+01 r2=4.6724e-02 r3=1.0883e-01 epsV=8.8742e-01 epsZ=7.9206e-01 
New pars ( 381): DC=1.2777e+01 r2=4.6724e-02 r3=1.0884e-01 epsV=8.8742e-01 epsZ=7.9206e-01 
New pars ( 382): DC=1.2762e+01 r2=4.6724e-02 r3=1.0818e-01 epsV=8.8655e-01 epsZ=7.8944e-01 
New pars ( 383): DC=1.2758e+01 r2=4.6724e-02 r3=1.0797e-01 epsV=8.8628e-01 epsZ=7.8862e-01 
New pars ( 384): DC=1.2758e+01 r2=4.6724e-02 r3=1.0797e-01 epsV=8.8628e-01 epsZ=7.8862e-01 
New pars ( 385): DC=1.2757e+01 r2=4.6724e-02 r3=1.0797e-01 epsV=8.8628e-01 epsZ=7.8862e-01 
New pars ( 386): DC=1.2758e+01 r2=4.6724e-02 r3=1.0797e-01 epsV=8.8628e-01 epsZ=7.8862e-01 
New pars ( 387): DC=1.2758e+01 r2=4.6724e-02 r3=1.0797e-01 epsV=8.8628e-01 epsZ=7.8862e-01 
New pars ( 388): DC=1.2758e+01 r2=4.6724e-02 r3=1.0797e-01 epsV=8.8628e-01 epsZ=7.8862e-01 
New pars ( 389): DC=1.2753e+01 r2=4.6724e-02 r3=1.0775e-01 epsV=8.8636e-01 epsZ=7.8542e-01 
New pars ( 390): DC=1.2752e+01 r2=4.6724e-02 r3=1.0768e-01 epsV=8.8638e-01 epsZ=7.8445e-01 
New pars ( 391): DC=1.2752e+01 r2=4.6724e-02 r3=1.0768e-01 epsV=8.8638e-01 epsZ=7.8445e-01 
New pars ( 392): DC=1.2752e+01 r2=4.6724e-02 r3=1.0768e-01 epsV=8.8638e-01 epsZ=7.8445e-01 
New pars ( 393): DC=1.2752e+01 r2=4.6724e-02 r3=1.0768e-01 epsV=8.8638e-01 epsZ=7.8445e-01 
New pars ( 394): DC=1.2752e+01 r2=4.6724e-02 r3=1.0768e-01 epsV=8.8638e-01 epsZ=7.8445e-01 
New pars ( 395): DC=1.2752e+01 r2=4.6724e-02 r3=1.0768e-01 epsV=8.8639e-01 epsZ=7.8445e-01 
New pars ( 396): DC=1.2753e+01 r2=4.6724e-02 r3=1.0764e-01 epsV=8.8634e-01 epsZ=7.8461e-01 
New pars ( 397): DC=1.2753e+01 r2=4.6724e-02 r3=1.0764e-01 epsV=8.8633e-01 epsZ=7.8462e-01 
New pars ( 398): DC=1.2753e+01 r2=4.6724e-02 r3=1.0764e-01 epsV=8.8633e-01 epsZ=7.8462e-01 
New pars ( 399): DC=1.2753e+01 r2=4.6724e-02 r3=1.0764e-01 epsV=8.8633e-01 epsZ=7.8462e-01 
New pars ( 400): DC=1.2753e+01 r2=4.6724e-02 r3=1.0764e-01 epsV=8.8633e-01 epsZ=7.8462e-01 
New pars ( 401): DC=1.2753e+01 r2=4.6724e-02 r3=1.0763e-01 epsV=8.8633e-01 epsZ=7.8462e-01 
New pars ( 402): DC=1.2753e+01 r2=4.6724e-02 r3=1.0764e-01 epsV=8.8634e-01 epsZ=7.8462e-01 
New pars ( 403): DC=1.2753e+01 r2=4.6877e-02 r3=1.0764e-01 epsV=8.8633e-01 epsZ=7.8462e-01 
New pars ( 404): DC=1.2753e+01 r2=4.6877e-02 r3=1.0764e-01 epsV=8.8633e-01 epsZ=7.8462e-01 
New pars ( 405): DC=1.2753e+01 r2=4.6877e-02 r3=1.0764e-01 epsV=8.8633e-01 epsZ=7.8462e-01 
New pars ( 406): DC=1.2753e+01 r2=4.6877e-02 r3=1.0764e-01 epsV=8.8633e-01 epsZ=7.8462e-01 
New pars ( 407): DC=1.2753e+01 r2=4.6877e-02 r3=1.0763e-01 epsV=8.8633e-01 epsZ=7.8462e-01 
New pars ( 408): DC=1.2753e+01 r2=4.6877e-02 r3=1.0764e-01 epsV=8.8634e-01 epsZ=7.8462e-01 
New pars ( 409): DC=1.2757e+01 r2=4.6877e-02 r3=1.0716e-01 epsV=8.8702e-01 epsZ=7.7859e-01 
New pars ( 410): DC=1.2757e+01 r2=4.6877e-02 r3=1.0716e-01 epsV=8.8702e-01 epsZ=7.7859e-01 
New pars ( 411): DC=1.2756e+01 r2=4.6877e-02 r3=1.0716e-01 epsV=8.8702e-01 epsZ=7.7859e-01 
New pars ( 412): DC=1.2757e+01 r2=4.6877e-02 r3=1.0717e-01 epsV=8.8702e-01 epsZ=7.7859e-01 
New pars ( 413): DC=1.2757e+01 r2=4.6877e-02 r3=1.0716e-01 epsV=8.8702e-01 epsZ=7.7859e-01 
New pars ( 414): DC=1.2757e+01 r2=4.6877e-02 r3=1.0716e-01 epsV=8.8702e-01 epsZ=7.7859e-01 
New pars ( 415): DC=1.2760e+01 r2=4.6877e-02 r3=1.0724e-01 epsV=8.8712e-01 epsZ=7.7910e-01 
New pars ( 416): DC=1.2760e+01 r2=4.6877e-02 r3=1.0724e-01 epsV=8.8712e-01 epsZ=7.7910e-01 
New pars ( 417): DC=1.2759e+01 r2=4.6877e-02 r3=1.0724e-01 epsV=8.8712e-01 epsZ=7.7910e-01 
New pars ( 418): DC=1.2760e+01 r2=4.6877e-02 r3=1.0724e-01 epsV=8.8712e-01 epsZ=7.7910e-01 
New pars ( 419): DC=1.2760e+01 r2=4.6877e-02 r3=1.0724e-01 epsV=8.8712e-01 epsZ=7.7910e-01 
New pars ( 420): DC=1.2760e+01 r2=4.6877e-02 r3=1.0724e-01 epsV=8.8712e-01 epsZ=7.7910e-01 
New pars ( 421): DC=1.2760e+01 r2=4.6877e-02 r3=1.0724e-01 epsV=8.8712e-01 epsZ=7.7915e-01 
New pars ( 422): DC=1.2760e+01 r2=4.6877e-02 r3=1.0724e-01 epsV=8.8712e-01 epsZ=7.7915e-01 
New pars ( 423): DC=1.2760e+01 r2=4.6877e-02 r3=1.0724e-01 epsV=8.8712e-01 epsZ=7.7915e-01 
New pars ( 424): DC=1.2760e+01 r2=4.6877e-02 r3=1.0724e-01 epsV=8.8712e-01 epsZ=7.7915e-01 
New pars ( 425): DC=1.2760e+01 r2=4.6877e-02 r3=1.0724e-01 epsV=8.8712e-01 epsZ=7.7915e-01 
New pars ( 426): DC=1.2760e+01 r2=4.6877e-02 r3=1.0724e-01 epsV=8.8712e-01 epsZ=7.7915e-01 
New pars ( 427): DC=1.2479e+01 r2=4.0304e-02 r3=1.2405e-01 epsV=8.5207e-01 epsZ=1.0139e+00 
New pars ( 428): DC=1.2479e+01 r2=4.0304e-02 r3=1.2405e-01 epsV=8.5207e-01 epsZ=1.0139e+00 
New pars ( 429): DC=1.2479e+01 r2=4.0304e-02 r3=1.2405e-01 epsV=8.5207e-01 epsZ=1.0139e+00 
New pars ( 430): DC=1.2479e+01 r2=4.0304e-02 r3=1.2405e-01 epsV=8.5207e-01 epsZ=1.0139e+00 
New pars ( 431): DC=1.2479e+01 r2=4.0304e-02 r3=1.2404e-01 epsV=8.5207e-01 epsZ=1.0139e+00 
New pars ( 432): DC=1.2479e+01 r2=4.0304e-02 r3=1.2405e-01 epsV=8.5207e-01 epsZ=1.0139e+00 
New pars ( 433): DC=1.2401e+01 r2=4.0304e-02 r3=1.1931e-01 epsV=8.4852e-01 epsZ=9.8153e-01 
New pars ( 434): DC=1.2458e+01 r2=4.0304e-02 r3=1.2276e-01 epsV=8.5110e-01 epsZ=1.0051e+00 
New pars ( 435): DC=1.2458e+01 r2=4.0304e-02 r3=1.2276e-01 epsV=8.5110e-01 epsZ=1.0051e+00 
New pars ( 436): DC=1.2458e+01 r2=4.0304e-02 r3=1.2276e-01 epsV=8.5110e-01 epsZ=1.0051e+00 
New pars ( 437): DC=1.2458e+01 r2=4.0304e-02 r3=1.2276e-01 epsV=8.5110e-01 epsZ=1.0051e+00 
New pars ( 438): DC=1.2458e+01 r2=4.0304e-02 r3=1.2275e-01 epsV=8.5110e-01 epsZ=1.0051e+00 
New pars ( 439): DC=1.2458e+01 r2=4.0304e-02 r3=1.2276e-01 epsV=8.5111e-01 epsZ=1.0051e+00 
New pars ( 440): DC=1.2459e+01 r2=4.0304e-02 r3=1.2331e-01 epsV=8.5095e-01 epsZ=1.0104e+00 
New pars ( 441): DC=1.2460e+01 r2=4.0304e-02 r3=1.2349e-01 epsV=8.5090e-01 epsZ=1.0121e+00 
New pars ( 442): DC=1.2460e+01 r2=4.0304e-02 r3=1.2349e-01 epsV=8.5090e-01 epsZ=1.0121e+00 
New pars ( 443): DC=1.2459e+01 r2=4.0304e-02 r3=1.2349e-01 epsV=8.5090e-01 epsZ=1.0121e+00 
New pars ( 444): DC=1.2460e+01 r2=4.0304e-02 r3=1.2350e-01 epsV=8.5090e-01 epsZ=1.0121e+00 
New pars ( 445): DC=1.2460e+01 r2=4.0304e-02 r3=1.2349e-01 epsV=8.5090e-01 epsZ=1.0121e+00 
New pars ( 446): DC=1.2460e+01 r2=4.0304e-02 r3=1.2349e-01 epsV=8.5090e-01 epsZ=1.0121e+00 
New pars ( 447): DC=1.2468e+01 r2=4.0304e-02 r3=1.2357e-01 epsV=8.5098e-01 epsZ=1.0135e+00 
New pars ( 448): DC=1.2481e+01 r2=4.0304e-02 r3=1.2369e-01 epsV=8.5112e-01 epsZ=1.0156e+00 
New pars ( 449): DC=1.2482e+01 r2=4.0304e-02 r3=1.2369e-01 epsV=8.5112e-01 epsZ=1.0156e+00 
New pars ( 450): DC=1.2481e+01 r2=4.0304e-02 r3=1.2369e-01 epsV=8.5112e-01 epsZ=1.0156e+00 
New pars ( 451): DC=1.2481e+01 r2=4.0304e-02 r3=1.2369e-01 epsV=8.5112e-01 epsZ=1.0156e+00 
New pars ( 452): DC=1.2481e+01 r2=4.0304e-02 r3=1.2368e-01 epsV=8.5112e-01 epsZ=1.0156e+00 
New pars ( 453): DC=1.2481e+01 r2=4.0304e-02 r3=1.2369e-01 epsV=8.5112e-01 epsZ=1.0156e+00 
New pars ( 454): DC=1.2480e+01 r2=4.0304e-02 r3=1.2387e-01 epsV=8.5135e-01 epsZ=1.0151e+00 
New pars ( 455): DC=1.2479e+01 r2=4.0304e-02 r3=1.2394e-01 epsV=8.5145e-01 epsZ=1.0148e+00 
New pars ( 456): DC=1.2479e+01 r2=4.0304e-02 r3=1.2394e-01 epsV=8.5145e-01 epsZ=1.0148e+00 
New pars ( 457): DC=1.2479e+01 r2=4.0304e-02 r3=1.2394e-01 epsV=8.5145e-01 epsZ=1.0148e+00 
New pars ( 458): DC=1.2479e+01 r2=4.0304e-02 r3=1.2395e-01 epsV=8.5145e-01 epsZ=1.0148e+00 
New pars ( 459): DC=1.2479e+01 r2=4.0304e-02 r3=1.2394e-01 epsV=8.5145e-01 epsZ=1.0148e+00 
New pars ( 460): DC=1.2479e+01 r2=4.0304e-02 r3=1.2394e-01 epsV=8.5145e-01 epsZ=1.0148e+00 
New pars ( 461): DC=1.2480e+01 r2=4.0304e-02 r3=1.2396e-01 epsV=8.5147e-01 epsZ=1.0149e+00 
New pars ( 462): DC=1.2480e+01 r2=4.0304e-02 r3=1.2396e-01 epsV=8.5147e-01 epsZ=1.0149e+00 
New pars ( 463): DC=1.2479e+01 r2=4.0304e-02 r3=1.2396e-01 epsV=8.5147e-01 epsZ=1.0149e+00 
New pars ( 464): DC=1.2480e+01 r2=4.0304e-02 r3=1.2396e-01 epsV=8.5147e-01 epsZ=1.0149e+00 
New pars ( 465): DC=1.2480e+01 r2=4.0304e-02 r3=1.2395e-01 epsV=8.5147e-01 epsZ=1.0149e+00 
New pars ( 466): DC=1.2480e+01 r2=4.0304e-02 r3=1.2396e-01 epsV=8.5147e-01 epsZ=1.0149e+00 
New pars ( 467): DC=1.2480e+01 r2=4.0104e-02 r3=1.2396e-01 epsV=8.5147e-01 epsZ=1.0149e+00 
New pars ( 468): DC=1.2480e+01 r2=4.0104e-02 r3=1.2396e-01 epsV=8.5147e-01 epsZ=1.0149e+00 
New pars ( 469): DC=1.2479e+01 r2=4.0104e-02 r3=1.2396e-01 epsV=8.5147e-01 epsZ=1.0149e+00 
New pars ( 470): DC=1.2480e+01 r2=4.0104e-02 r3=1.2396e-01 epsV=8.5147e-01 epsZ=1.0149e+00 
New pars ( 471): DC=1.2480e+01 r2=4.0104e-02 r3=1.2395e-01 epsV=8.5147e-01 epsZ=1.0149e+00 
New pars ( 472): DC=1.2480e+01 r2=4.0104e-02 r3=1.2396e-01 epsV=8.5147e-01 epsZ=1.0149e+00 
New pars ( 473): DC=1.2469e+01 r2=4.0104e-02 r3=1.2447e-01 epsV=8.5033e-01 epsZ=1.0218e+00 
New pars ( 474): DC=1.2469e+01 r2=4.0104e-02 r3=1.2447e-01 epsV=8.5033e-01 epsZ=1.0218e+00 
New pars ( 475): DC=1.2469e+01 r2=4.0104e-02 r3=1.2447e-01 epsV=8.5033e-01 epsZ=1.0218e+00 
New pars ( 476): DC=1.2469e+01 r2=4.0104e-02 r3=1.2447e-01 epsV=8.5033e-01 epsZ=1.0218e+00 
New pars ( 477): DC=1.2469e+01 r2=4.0104e-02 r3=1.2446e-01 epsV=8.5033e-01 epsZ=1.0218e+00 
New pars ( 478): DC=1.2469e+01 r2=4.0104e-02 r3=1.2447e-01 epsV=8.5034e-01 epsZ=1.0218e+00 
New pars ( 479): DC=1.2471e+01 r2=4.0104e-02 r3=1.2445e-01 epsV=8.5031e-01 epsZ=1.0221e+00 
New pars ( 480): DC=1.2471e+01 r2=4.0104e-02 r3=1.2445e-01 epsV=8.5031e-01 epsZ=1.0221e+00 
New pars ( 481): DC=1.2471e+01 r2=4.0104e-02 r3=1.2445e-01 epsV=8.5031e-01 epsZ=1.0221e+00 
New pars ( 482): DC=1.2471e+01 r2=4.0104e-02 r3=1.2445e-01 epsV=8.5031e-01 epsZ=1.0221e+00 
New pars ( 483): DC=1.2471e+01 r2=4.0104e-02 r3=1.2445e-01 epsV=8.5031e-01 epsZ=1.0221e+00 
New pars ( 484): DC=1.2471e+01 r2=4.0104e-02 r3=1.2445e-01 epsV=8.5031e-01 epsZ=1.0221e+00 
New pars ( 485): DC=1.2492e+01 r2=4.0532e-02 r3=1.2467e-01 epsV=8.5446e-01 epsZ=1.0079e+00 
New pars ( 486): DC=1.2492e+01 r2=4.0532e-02 r3=1.2467e-01 epsV=8.5446e-01 epsZ=1.0079e+00 
New pars ( 487): DC=1.2492e+01 r2=4.0532e-02 r3=1.2467e-01 epsV=8.5446e-01 epsZ=1.0079e+00 
New pars ( 488): DC=1.2492e+01 r2=4.0533e-02 r3=1.2467e-01 epsV=8.5446e-01 epsZ=1.0079e+00 
New pars ( 489): DC=1.2492e+01 r2=4.0530e-02 r3=1.2467e-01 epsV=8.5446e-01 epsZ=1.0079e+00 
New pars ( 490): DC=1.2492e+01 r2=4.0532e-02 r3=1.2467e-01 epsV=8.5446e-01 epsZ=1.0079e+00 
New pars ( 491): DC=1.2455e+01 r2=4.0636e-02 r3=1.2467e-01 epsV=8.5544e-01 epsZ=9.9311e-01 
New pars ( 492): DC=1.2466e+01 r2=4.0604e-02 r3=1.2467e-01 epsV=8.5514e-01 epsZ=9.9759e-01 
New pars ( 493): DC=1.2466e+01 r2=4.0604e-02 r3=1.2467e-01 epsV=8.5514e-01 epsZ=9.9759e-01 
New pars ( 494): DC=1.2466e+01 r2=4.0604e-02 r3=1.2467e-01 epsV=8.5514e-01 epsZ=9.9759e-01 
New pars ( 495): DC=1.2466e+01 r2=4.0606e-02 r3=1.2467e-01 epsV=8.5514e-01 epsZ=9.9759e-01 
New pars ( 496): DC=1.2466e+01 r2=4.0602e-02 r3=1.2467e-01 epsV=8.5514e-01 epsZ=9.9759e-01 
New pars ( 497): DC=1.2466e+01 r2=4.0604e-02 r3=1.2467e-01 epsV=8.5514e-01 epsZ=9.9759e-01 
New pars ( 498): DC=1.2484e+01 r2=4.0522e-02 r3=1.2467e-01 epsV=8.5419e-01 epsZ=1.0056e+00 
New pars ( 499): DC=1.2493e+01 r2=4.0483e-02 r3=1.2467e-01 epsV=8.5374e-01 epsZ=1.0094e+00 
New pars ( 500): DC=1.2493e+01 r2=4.0483e-02 r3=1.2467e-01 epsV=8.5374e-01 epsZ=1.0094e+00 
New pars ( 501): DC=1.2492e+01 r2=4.0483e-02 r3=1.2467e-01 epsV=8.5374e-01 epsZ=1.0094e+00 
New pars ( 502): DC=1.2493e+01 r2=4.0485e-02 r3=1.2467e-01 epsV=8.5374e-01 epsZ=1.0094e+00 
New pars ( 503): DC=1.2493e+01 r2=4.0482e-02 r3=1.2467e-01 epsV=8.5374e-01 epsZ=1.0094e+00 
New pars ( 504): DC=1.2493e+01 r2=4.0483e-02 r3=1.2467e-01 epsV=8.5375e-01 epsZ=1.0094e+00 
New pars ( 505): DC=1.2491e+01 r2=4.0459e-02 r3=1.2467e-01 epsV=8.5357e-01 epsZ=1.0100e+00 
New pars ( 506): DC=1.2492e+01 r2=4.0464e-02 r3=1.2467e-01 epsV=8.5361e-01 epsZ=1.0099e+00 
New pars ( 507): DC=1.2492e+01 r2=4.0464e-02 r3=1.2467e-01 epsV=8.5361e-01 epsZ=1.0099e+00 
New pars ( 508): DC=1.2492e+01 r2=4.0464e-02 r3=1.2467e-01 epsV=8.5361e-01 epsZ=1.0099e+00 
New pars ( 509): DC=1.2492e+01 r2=4.0466e-02 r3=1.2467e-01 epsV=8.5361e-01 epsZ=1.0099e+00 
New pars ( 510): DC=1.2492e+01 r2=4.0463e-02 r3=1.2467e-01 epsV=8.5361e-01 epsZ=1.0099e+00 
New pars ( 511): DC=1.2492e+01 r2=4.0464e-02 r3=1.2467e-01 epsV=8.5361e-01 epsZ=1.0099e+00 
New pars ( 512): DC=1.2492e+01 r2=4.0463e-02 r3=1.2467e-01 epsV=8.5359e-01 epsZ=1.0100e+00 
New pars ( 513): DC=1.2491e+01 r2=4.0462e-02 r3=1.2467e-01 epsV=8.5359e-01 epsZ=1.0100e+00 
New pars ( 514): DC=1.2492e+01 r2=4.0462e-02 r3=1.2467e-01 epsV=8.5359e-01 epsZ=1.0100e+00 
New pars ( 515): DC=1.2491e+01 r2=4.0462e-02 r3=1.2467e-01 epsV=8.5359e-01 epsZ=1.0100e+00 
New pars ( 516): DC=1.2491e+01 r2=4.0464e-02 r3=1.2467e-01 epsV=8.5359e-01 epsZ=1.0100e+00 
New pars ( 517): DC=1.2491e+01 r2=4.0461e-02 r3=1.2467e-01 epsV=8.5359e-01 epsZ=1.0100e+00 
New pars ( 518): DC=1.2491e+01 r2=4.0462e-02 r3=1.2467e-01 epsV=8.5359e-01 epsZ=1.0100e+00 
New pars ( 519): DC=1.2491e+01 r2=4.0462e-02 r3=1.2506e-01 epsV=8.5359e-01 epsZ=1.0100e+00 
New pars ( 520): DC=1.2492e+01 r2=4.0462e-02 r3=1.2506e-01 epsV=8.5359e-01 epsZ=1.0100e+00 
New pars ( 521): DC=1.2491e+01 r2=4.0462e-02 r3=1.2506e-01 epsV=8.5359e-01 epsZ=1.0100e+00 
New pars ( 522): DC=1.2491e+01 r2=4.0464e-02 r3=1.2506e-01 epsV=8.5359e-01 epsZ=1.0100e+00 
New pars ( 523): DC=1.2491e+01 r2=4.0461e-02 r3=1.2506e-01 epsV=8.5359e-01 epsZ=1.0100e+00 
New pars ( 524): DC=1.2491e+01 r2=4.0462e-02 r3=1.2506e-01 epsV=8.5359e-01 epsZ=1.0100e+00 
New pars ( 525): DC=1.2491e+01 r2=4.0353e-02 r3=1.2506e-01 epsV=8.5307e-01 epsZ=1.0147e+00 
New pars ( 526): DC=1.2491e+01 r2=4.0353e-02 r3=1.2506e-01 epsV=8.5307e-01 epsZ=1.0147e+00 
New pars ( 527): DC=1.2491e+01 r2=4.0353e-02 r3=1.2506e-01 epsV=8.5307e-01 epsZ=1.0147e+00 
New pars ( 528): DC=1.2491e+01 r2=4.0354e-02 r3=1.2506e-01 epsV=8.5307e-01 epsZ=1.0147e+00 
New pars ( 529): DC=1.2491e+01 r2=4.0351e-02 r3=1.2506e-01 epsV=8.5307e-01 epsZ=1.0147e+00 
New pars ( 530): DC=1.2491e+01 r2=4.0353e-02 r3=1.2506e-01 epsV=8.5307e-01 epsZ=1.0147e+00 
New pars ( 531): DC=1.2486e+01 r2=4.0328e-02 r3=1.2506e-01 epsV=8.5288e-01 epsZ=1.0148e+00 
New pars ( 532): DC=1.2486e+01 r2=4.0328e-02 r3=1.2506e-01 epsV=8.5288e-01 epsZ=1.0148e+00 
New pars ( 533): DC=1.2486e+01 r2=4.0328e-02 r3=1.2506e-01 epsV=8.5288e-01 epsZ=1.0148e+00 
New pars ( 534): DC=1.2486e+01 r2=4.0330e-02 r3=1.2506e-01 epsV=8.5288e-01 epsZ=1.0148e+00 
New pars ( 535): DC=1.2486e+01 r2=4.0327e-02 r3=1.2506e-01 epsV=8.5288e-01 epsZ=1.0148e+00 
New pars ( 536): DC=1.2486e+01 r2=4.0328e-02 r3=1.2506e-01 epsV=8.5288e-01 epsZ=1.0148e+00 
New pars ( 537): DC=1.2739e+01 r2=4.6496e-02 r3=1.0706e-01 epsV=8.8438e-01 epsZ=7.9051e-01 
New pars ( 538): DC=1.2739e+01 r2=4.6496e-02 r3=1.0706e-01 epsV=8.8438e-01 epsZ=7.9051e-01 
New pars ( 539): DC=1.2739e+01 r2=4.6496e-02 r3=1.0706e-01 epsV=8.8438e-01 epsZ=7.9051e-01 
New pars ( 540): DC=1.2739e+01 r2=4.6497e-02 r3=1.0706e-01 epsV=8.8438e-01 epsZ=7.9051e-01 
New pars ( 541): DC=1.2739e+01 r2=4.6494e-02 r3=1.0706e-01 epsV=8.8438e-01 epsZ=7.9051e-01 
New pars ( 542): DC=1.2739e+01 r2=4.6496e-02 r3=1.0706e-01 epsV=8.8438e-01 epsZ=7.9051e-01 
New pars ( 543): DC=1.2816e+01 r2=4.6106e-02 r3=1.0706e-01 epsV=8.8010e-01 epsZ=8.2432e-01 
New pars ( 544): DC=1.2773e+01 r2=4.6322e-02 r3=1.0706e-01 epsV=8.8246e-01 epsZ=8.0563e-01 
New pars ( 545): DC=1.2774e+01 r2=4.6322e-02 r3=1.0706e-01 epsV=8.8246e-01 epsZ=8.0563e-01 
New pars ( 546): DC=1.2773e+01 r2=4.6322e-02 r3=1.0706e-01 epsV=8.8246e-01 epsZ=8.0563e-01 
New pars ( 547): DC=1.2773e+01 r2=4.6323e-02 r3=1.0706e-01 epsV=8.8246e-01 epsZ=8.0563e-01 
New pars ( 548): DC=1.2773e+01 r2=4.6320e-02 r3=1.0706e-01 epsV=8.8246e-01 epsZ=8.0563e-01 
New pars ( 549): DC=1.2773e+01 r2=4.6322e-02 r3=1.0706e-01 epsV=8.8247e-01 epsZ=8.0563e-01 
New pars ( 550): DC=1.2766e+01 r2=4.6442e-02 r3=1.0706e-01 epsV=8.8357e-01 epsZ=7.9787e-01 
New pars ( 551): DC=1.2755e+01 r2=4.6609e-02 r3=1.0706e-01 epsV=8.8510e-01 epsZ=7.8712e-01 
New pars ( 552): DC=1.2755e+01 r2=4.6609e-02 r3=1.0706e-01 epsV=8.8510e-01 epsZ=7.8712e-01 
New pars ( 553): DC=1.2754e+01 r2=4.6609e-02 r3=1.0706e-01 epsV=8.8510e-01 epsZ=7.8712e-01 
New pars ( 554): DC=1.2755e+01 r2=4.6611e-02 r3=1.0706e-01 epsV=8.8510e-01 epsZ=7.8712e-01 
New pars ( 555): DC=1.2755e+01 r2=4.6608e-02 r3=1.0706e-01 epsV=8.8510e-01 epsZ=7.8712e-01 
New pars ( 556): DC=1.2755e+01 r2=4.6609e-02 r3=1.0706e-01 epsV=8.8510e-01 epsZ=7.8712e-01 
New pars ( 557): DC=1.2735e+01 r2=4.6470e-02 r3=1.0706e-01 epsV=8.8382e-01 epsZ=7.9042e-01 
New pars ( 558): DC=1.2744e+01 r2=4.6533e-02 r3=1.0706e-01 epsV=8.8440e-01 epsZ=7.8893e-01 
New pars ( 559): DC=1.2744e+01 r2=4.6533e-02 r3=1.0706e-01 epsV=8.8440e-01 epsZ=7.8893e-01 
New pars ( 560): DC=1.2744e+01 r2=4.6533e-02 r3=1.0706e-01 epsV=8.8440e-01 epsZ=7.8893e-01 
New pars ( 561): DC=1.2744e+01 r2=4.6535e-02 r3=1.0706e-01 epsV=8.8440e-01 epsZ=7.8893e-01 
New pars ( 562): DC=1.2744e+01 r2=4.6531e-02 r3=1.0706e-01 epsV=8.8440e-01 epsZ=7.8893e-01 
New pars ( 563): DC=1.2744e+01 r2=4.6533e-02 r3=1.0706e-01 epsV=8.8440e-01 epsZ=7.8893e-01 
New pars ( 564): DC=1.2743e+01 r2=4.6517e-02 r3=1.0706e-01 epsV=8.8431e-01 epsZ=7.8918e-01 
New pars ( 565): DC=1.2743e+01 r2=4.6506e-02 r3=1.0706e-01 epsV=8.8424e-01 epsZ=7.8937e-01 
New pars ( 566): DC=1.2743e+01 r2=4.6506e-02 r3=1.0706e-01 epsV=8.8424e-01 epsZ=7.8937e-01 
New pars ( 567): DC=1.2743e+01 r2=4.6506e-02 r3=1.0706e-01 epsV=8.8424e-01 epsZ=7.8937e-01 
New pars ( 568): DC=1.2743e+01 r2=4.6508e-02 r3=1.0706e-01 epsV=8.8424e-01 epsZ=7.8937e-01 
New pars ( 569): DC=1.2743e+01 r2=4.6505e-02 r3=1.0706e-01 epsV=8.8424e-01 epsZ=7.8937e-01 
New pars ( 570): DC=1.2743e+01 r2=4.6506e-02 r3=1.0706e-01 epsV=8.8425e-01 epsZ=7.8937e-01 
New pars ( 571): DC=1.2743e+01 r2=4.6506e-02 r3=1.0662e-01 epsV=8.8424e-01 epsZ=7.8937e-01 
New pars ( 572): DC=1.2743e+01 r2=4.6506e-02 r3=1.0662e-01 epsV=8.8424e-01 epsZ=7.8937e-01 
New pars ( 573): DC=1.2743e+01 r2=4.6506e-02 r3=1.0662e-01 epsV=8.8424e-01 epsZ=7.8937e-01 
New pars ( 574): DC=1.2743e+01 r2=4.6508e-02 r3=1.0662e-01 epsV=8.8424e-01 epsZ=7.8937e-01 
New pars ( 575): DC=1.2743e+01 r2=4.6505e-02 r3=1.0662e-01 epsV=8.8424e-01 epsZ=7.8937e-01 
New pars ( 576): DC=1.2743e+01 r2=4.6506e-02 r3=1.0662e-01 epsV=8.8425e-01 epsZ=7.8937e-01 
New pars ( 577): DC=1.2755e+01 r2=4.6691e-02 r3=1.0662e-01 epsV=8.8521e-01 epsZ=7.8375e-01 
New pars ( 578): DC=1.2755e+01 r2=4.6691e-02 r3=1.0662e-01 epsV=8.8521e-01 epsZ=7.8375e-01 
New pars ( 579): DC=1.2755e+01 r2=4.6691e-02 r3=1.0662e-01 epsV=8.8521e-01 epsZ=7.8375e-01 
New pars ( 580): DC=1.2755e+01 r2=4.6692e-02 r3=1.0662e-01 epsV=8.8521e-01 epsZ=7.8375e-01 
New pars ( 581): DC=1.2755e+01 r2=4.6689e-02 r3=1.0662e-01 epsV=8.8521e-01 epsZ=7.8375e-01 
New pars ( 582): DC=1.2755e+01 r2=4.6691e-02 r3=1.0662e-01 epsV=8.8522e-01 epsZ=7.8375e-01 
New pars ( 583): DC=1.2749e+01 r2=4.6651e-02 r3=1.0662e-01 epsV=8.8494e-01 epsZ=7.8400e-01 
New pars ( 584): DC=1.2749e+01 r2=4.6651e-02 r3=1.0662e-01 epsV=8.8494e-01 epsZ=7.8400e-01 
New pars ( 585): DC=1.2749e+01 r2=4.6651e-02 r3=1.0662e-01 epsV=8.8494e-01 epsZ=7.8400e-01 
New pars ( 586): DC=1.2749e+01 r2=4.6653e-02 r3=1.0662e-01 epsV=8.8494e-01 epsZ=7.8400e-01 
New pars ( 587): DC=1.2749e+01 r2=4.6650e-02 r3=1.0662e-01 epsV=8.8494e-01 epsZ=7.8400e-01 
New pars ( 588): DC=1.2749e+01 r2=4.6651e-02 r3=1.0662e-01 epsV=8.8494e-01 epsZ=7.8400e-01 
 PARAMETER NUMBER   7 NOT A VARIABLE. IGNORED.
 THERE ARE NO MINOS ERRORS TO CALCULATE.
 PARAMETER NUMBER   8 NOT A VARIABLE. IGNORED.
 THERE ARE NO MINOS ERRORS TO CALCULATE.
 PARAMETER NUMBER   9 NOT A VARIABLE. IGNORED.
 THERE ARE NO MINOS ERRORS TO CALCULATE.
 PARAMETER NUMBER  10 NOT A VARIABLE. IGNORED.
 THERE ARE NO MINOS ERRORS TO CALCULATE.
New pars ( 589): DC=1.2750e+01 r2=4.6650e-02 r3=1.0845e-01 epsV=8.8718e-01 epsZ=7.8626e-01 
New pars ( 590): DC=1.2750e+01 r2=4.6650e-02 r3=1.0845e-01 epsV=8.8718e-01 epsZ=7.8626e-01 
New pars ( 591): DC=1.2750e+01 r2=4.6650e-02 r3=1.0845e-01 epsV=8.8718e-01 epsZ=7.8626e-01 
New pars ( 592): DC=1.2750e+01 r2=4.6652e-02 r3=1.0845e-01 epsV=8.8718e-01 epsZ=7.8626e-01 
New pars ( 593): DC=1.2750e+01 r2=4.6648e-02 r3=1.0845e-01 epsV=8.8718e-01 epsZ=7.8626e-01 
New pars ( 594): DC=1.2750e+01 r2=4.6650e-02 r3=1.0845e-01 epsV=8.8718e-01 epsZ=7.8626e-01 
New pars ( 595): DC=1.2750e+01 r2=4.6650e-02 r3=1.0844e-01 epsV=8.8718e-01 epsZ=7.8626e-01 
New pars ( 596): DC=1.2750e+01 r2=4.6650e-02 r3=1.0845e-01 epsV=8.8718e-01 epsZ=7.8629e-01 
New pars ( 597): DC=1.2767e+01 r2=4.6278e-02 r3=1.1183e-01 epsV=8.8718e-01 epsZ=8.0852e-01 
New pars ( 598): DC=1.2758e+01 r2=4.6465e-02 r3=1.1013e-01 epsV=8.8718e-01 epsZ=7.9732e-01 
New pars ( 599): DC=1.2758e+01 r2=4.6465e-02 r3=1.1013e-01 epsV=8.8718e-01 epsZ=7.9732e-01 
New pars ( 600): DC=1.2758e+01 r2=4.6465e-02 r3=1.1013e-01 epsV=8.8718e-01 epsZ=7.9732e-01 
New pars ( 601): DC=1.2758e+01 r2=4.6467e-02 r3=1.1013e-01 epsV=8.8718e-01 epsZ=7.9732e-01 
New pars ( 602): DC=1.2758e+01 r2=4.6463e-02 r3=1.1013e-01 epsV=8.8718e-01 epsZ=7.9732e-01 
New pars ( 603): DC=1.2758e+01 r2=4.6465e-02 r3=1.1013e-01 epsV=8.8718e-01 epsZ=7.9732e-01 
New pars ( 604): DC=1.2758e+01 r2=4.6465e-02 r3=1.1013e-01 epsV=8.8718e-01 epsZ=7.9732e-01 
New pars ( 605): DC=1.2758e+01 r2=4.6465e-02 r3=1.1013e-01 epsV=8.8718e-01 epsZ=7.9735e-01 
New pars ( 606): DC=1.2755e+01 r2=4.6622e-02 r3=1.0920e-01 epsV=8.8718e-01 epsZ=7.9087e-01 
New pars ( 607): DC=1.2753e+01 r2=4.6721e-02 r3=1.0862e-01 epsV=8.8718e-01 epsZ=7.8685e-01 
New pars ( 608): DC=1.2753e+01 r2=4.6721e-02 r3=1.0862e-01 epsV=8.8718e-01 epsZ=7.8685e-01 
New pars ( 609): DC=1.2753e+01 r2=4.6721e-02 r3=1.0862e-01 epsV=8.8718e-01 epsZ=7.8685e-01 
New pars ( 610): DC=1.2753e+01 r2=4.6722e-02 r3=1.0862e-01 epsV=8.8718e-01 epsZ=7.8685e-01 
New pars ( 611): DC=1.2753e+01 r2=4.6719e-02 r3=1.0862e-01 epsV=8.8718e-01 epsZ=7.8685e-01 
New pars ( 612): DC=1.2753e+01 r2=4.6721e-02 r3=1.0862e-01 epsV=8.8718e-01 epsZ=7.8685e-01 
New pars ( 613): DC=1.2753e+01 r2=4.6721e-02 r3=1.0861e-01 epsV=8.8718e-01 epsZ=7.8685e-01 
New pars ( 614): DC=1.2753e+01 r2=4.6721e-02 r3=1.0862e-01 epsV=8.8718e-01 epsZ=7.8687e-01 
New pars ( 615): DC=1.2753e+01 r2=4.6744e-02 r3=1.0825e-01 epsV=8.8718e-01 epsZ=7.8424e-01 
New pars ( 616): DC=1.2754e+01 r2=4.6754e-02 r3=1.0808e-01 epsV=8.8718e-01 epsZ=7.8307e-01 
New pars ( 617): DC=1.2754e+01 r2=4.6754e-02 r3=1.0808e-01 epsV=8.8718e-01 epsZ=7.8307e-01 
New pars ( 618): DC=1.2753e+01 r2=4.6754e-02 r3=1.0808e-01 epsV=8.8718e-01 epsZ=7.8307e-01 
New pars ( 619): DC=1.2754e+01 r2=4.6756e-02 r3=1.0808e-01 epsV=8.8718e-01 epsZ=7.8307e-01 
New pars ( 620): DC=1.2754e+01 r2=4.6753e-02 r3=1.0808e-01 epsV=8.8718e-01 epsZ=7.8307e-01 
New pars ( 621): DC=1.2754e+01 r2=4.6754e-02 r3=1.0809e-01 epsV=8.8718e-01 epsZ=7.8307e-01 
New pars ( 622): DC=1.2754e+01 r2=4.6754e-02 r3=1.0808e-01 epsV=8.8718e-01 epsZ=7.8307e-01 
New pars ( 623): DC=1.2754e+01 r2=4.6754e-02 r3=1.0808e-01 epsV=8.8718e-01 epsZ=7.8310e-01 
New pars ( 624): DC=1.2753e+01 r2=4.6752e-02 r3=1.0810e-01 epsV=8.8718e-01 epsZ=7.8301e-01 
New pars ( 625): DC=1.2753e+01 r2=4.6752e-02 r3=1.0810e-01 epsV=8.8718e-01 epsZ=7.8301e-01 
New pars ( 626): DC=1.2753e+01 r2=4.6752e-02 r3=1.0810e-01 epsV=8.8718e-01 epsZ=7.8301e-01 
New pars ( 627): DC=1.2753e+01 r2=4.6754e-02 r3=1.0810e-01 epsV=8.8718e-01 epsZ=7.8301e-01 
New pars ( 628): DC=1.2753e+01 r2=4.6751e-02 r3=1.0810e-01 epsV=8.8718e-01 epsZ=7.8301e-01 
New pars ( 629): DC=1.2753e+01 r2=4.6752e-02 r3=1.0810e-01 epsV=8.8718e-01 epsZ=7.8301e-01 
New pars ( 630): DC=1.2753e+01 r2=4.6752e-02 r3=1.0809e-01 epsV=8.8718e-01 epsZ=7.8301e-01 
New pars ( 631): DC=1.2753e+01 r2=4.6752e-02 r3=1.0810e-01 epsV=8.8718e-01 epsZ=7.8303e-01 
New pars ( 632): DC=1.2753e+01 r2=4.6754e-02 r3=1.0809e-01 epsV=8.8718e-01 epsZ=7.8293e-01 
New pars ( 633): DC=1.2753e+01 r2=4.6754e-02 r3=1.0808e-01 epsV=8.8718e-01 epsZ=7.8293e-01 
New pars ( 634): DC=1.2753e+01 r2=4.6754e-02 r3=1.0808e-01 epsV=8.8718e-01 epsZ=7.8293e-01 
New pars ( 635): DC=1.2753e+01 r2=4.6754e-02 r3=1.0808e-01 epsV=8.8718e-01 epsZ=7.8293e-01 
New pars ( 636): DC=1.2753e+01 r2=4.6756e-02 r3=1.0808e-01 epsV=8.8718e-01 epsZ=7.8293e-01 
New pars ( 637): DC=1.2753e+01 r2=4.6752e-02 r3=1.0808e-01 epsV=8.8718e-01 epsZ=7.8293e-01 
New pars ( 638): DC=1.2753e+01 r2=4.6754e-02 r3=1.0809e-01 epsV=8.8718e-01 epsZ=7.8293e-01 
New pars ( 639): DC=1.2753e+01 r2=4.6754e-02 r3=1.0808e-01 epsV=8.8718e-01 epsZ=7.8293e-01 
New pars ( 640): DC=1.2753e+01 r2=4.6754e-02 r3=1.0808e-01 epsV=8.8718e-01 epsZ=7.8295e-01 
New pars ( 641): DC=1.2753e+01 r2=4.6754e-02 r3=1.0808e-01 epsV=8.8747e-01 epsZ=7.8293e-01 
New pars ( 642): DC=1.2753e+01 r2=4.6754e-02 r3=1.0808e-01 epsV=8.8747e-01 epsZ=7.8293e-01 
New pars ( 643): DC=1.2753e+01 r2=4.6756e-02 r3=1.0808e-01 epsV=8.8747e-01 epsZ=7.8293e-01 
New pars ( 644): DC=1.2753e+01 r2=4.6752e-02 r3=1.0808e-01 epsV=8.8747e-01 epsZ=7.8293e-01 
New pars ( 645): DC=1.2753e+01 r2=4.6754e-02 r3=1.0809e-01 epsV=8.8747e-01 epsZ=7.8293e-01 
New pars ( 646): DC=1.2753e+01 r2=4.6754e-02 r3=1.0808e-01 epsV=8.8747e-01 epsZ=7.8293e-01 
New pars ( 647): DC=1.2753e+01 r2=4.6754e-02 r3=1.0808e-01 epsV=8.8747e-01 epsZ=7.8295e-01 
New pars ( 648): DC=1.2756e+01 r2=4.6819e-02 r3=1.0787e-01 epsV=8.8747e-01 epsZ=7.8062e-01 
New pars ( 649): DC=1.2757e+01 r2=4.6819e-02 r3=1.0787e-01 epsV=8.8747e-01 epsZ=7.8062e-01 
New pars ( 650): DC=1.2756e+01 r2=4.6819e-02 r3=1.0787e-01 epsV=8.8747e-01 epsZ=7.8062e-01 
New pars ( 651): DC=1.2756e+01 r2=4.6821e-02 r3=1.0787e-01 epsV=8.8747e-01 epsZ=7.8062e-01 
New pars ( 652): DC=1.2756e+01 r2=4.6817e-02 r3=1.0787e-01 epsV=8.8747e-01 epsZ=7.8062e-01 
New pars ( 653): DC=1.2756e+01 r2=4.6819e-02 r3=1.0787e-01 epsV=8.8747e-01 epsZ=7.8062e-01 
New pars ( 654): DC=1.2756e+01 r2=4.6819e-02 r3=1.0786e-01 epsV=8.8747e-01 epsZ=7.8062e-01 
New pars ( 655): DC=1.2756e+01 r2=4.6819e-02 r3=1.0787e-01 epsV=8.8747e-01 epsZ=7.8064e-01 
New pars ( 656): DC=1.2755e+01 r2=4.6808e-02 r3=1.0795e-01 epsV=8.8747e-01 epsZ=7.8100e-01 
New pars ( 657): DC=1.2756e+01 r2=4.6808e-02 r3=1.0795e-01 epsV=8.8747e-01 epsZ=7.8100e-01 
New pars ( 658): DC=1.2755e+01 r2=4.6808e-02 r3=1.0795e-01 epsV=8.8747e-01 epsZ=7.8100e-01 
New pars ( 659): DC=1.2755e+01 r2=4.6810e-02 r3=1.0795e-01 epsV=8.8747e-01 epsZ=7.8100e-01 
New pars ( 660): DC=1.2755e+01 r2=4.6806e-02 r3=1.0795e-01 epsV=8.8747e-01 epsZ=7.8100e-01 
New pars ( 661): DC=1.2755e+01 r2=4.6808e-02 r3=1.0796e-01 epsV=8.8747e-01 epsZ=7.8100e-01 
New pars ( 662): DC=1.2755e+01 r2=4.6808e-02 r3=1.0795e-01 epsV=8.8747e-01 epsZ=7.8100e-01 
New pars ( 663): DC=1.2755e+01 r2=4.6808e-02 r3=1.0795e-01 epsV=8.8747e-01 epsZ=7.8103e-01 
New pars ( 664): DC=1.2482e+01 r2=4.0378e-02 r3=1.2328e-01 epsV=8.5166e-01 epsZ=1.0121e+00 
New pars ( 665): DC=1.2482e+01 r2=4.0378e-02 r3=1.2328e-01 epsV=8.5166e-01 epsZ=1.0121e+00 
New pars ( 666): DC=1.2481e+01 r2=4.0378e-02 r3=1.2328e-01 epsV=8.5166e-01 epsZ=1.0121e+00 
New pars ( 667): DC=1.2482e+01 r2=4.0379e-02 r3=1.2328e-01 epsV=8.5166e-01 epsZ=1.0121e+00 
New pars ( 668): DC=1.2482e+01 r2=4.0376e-02 r3=1.2328e-01 epsV=8.5166e-01 epsZ=1.0121e+00 
New pars ( 669): DC=1.2482e+01 r2=4.0378e-02 r3=1.2329e-01 epsV=8.5166e-01 epsZ=1.0121e+00 
New pars ( 670): DC=1.2482e+01 r2=4.0378e-02 r3=1.2328e-01 epsV=8.5166e-01 epsZ=1.0121e+00 
New pars ( 671): DC=1.2482e+01 r2=4.0378e-02 r3=1.2328e-01 epsV=8.5166e-01 epsZ=1.0121e+00 
New pars ( 672): DC=1.2472e+01 r2=4.1456e-02 r3=1.1487e-01 epsV=8.5166e-01 epsZ=9.5214e-01 
New pars ( 673): DC=1.2479e+01 r2=4.0661e-02 r3=1.2107e-01 epsV=8.5166e-01 epsZ=9.9636e-01 
New pars ( 674): DC=1.2480e+01 r2=4.0602e-02 r3=1.2153e-01 epsV=8.5166e-01 epsZ=9.9964e-01 
New pars ( 675): DC=1.2480e+01 r2=4.0602e-02 r3=1.2153e-01 epsV=8.5166e-01 epsZ=9.9964e-01 
New pars ( 676): DC=1.2479e+01 r2=4.0602e-02 r3=1.2153e-01 epsV=8.5166e-01 epsZ=9.9964e-01 
New pars ( 677): DC=1.2480e+01 r2=4.0603e-02 r3=1.2153e-01 epsV=8.5166e-01 epsZ=9.9964e-01 
New pars ( 678): DC=1.2480e+01 r2=4.0600e-02 r3=1.2153e-01 epsV=8.5166e-01 epsZ=9.9964e-01 
New pars ( 679): DC=1.2480e+01 r2=4.0602e-02 r3=1.2154e-01 epsV=8.5166e-01 epsZ=9.9964e-01 
New pars ( 680): DC=1.2480e+01 r2=4.0602e-02 r3=1.2153e-01 epsV=8.5166e-01 epsZ=9.9964e-01 
New pars ( 681): DC=1.2480e+01 r2=4.0602e-02 r3=1.2153e-01 epsV=8.5166e-01 epsZ=9.9966e-01 
New pars ( 682): DC=1.2481e+01 r2=4.0618e-02 r3=1.2201e-01 epsV=8.5166e-01 epsZ=1.0037e+00 
New pars ( 683): DC=1.2481e+01 r2=4.0618e-02 r3=1.2201e-01 epsV=8.5166e-01 epsZ=1.0037e+00 
New pars ( 684): DC=1.2481e+01 r2=4.0618e-02 r3=1.2201e-01 epsV=8.5166e-01 epsZ=1.0037e+00 
New pars ( 685): DC=1.2481e+01 r2=4.0619e-02 r3=1.2201e-01 epsV=8.5166e-01 epsZ=1.0037e+00 
New pars ( 686): DC=1.2481e+01 r2=4.0616e-02 r3=1.2201e-01 epsV=8.5166e-01 epsZ=1.0037e+00 
New pars ( 687): DC=1.2481e+01 r2=4.0618e-02 r3=1.2201e-01 epsV=8.5166e-01 epsZ=1.0037e+00 
New pars ( 688): DC=1.2481e+01 r2=4.0618e-02 r3=1.2201e-01 epsV=8.5166e-01 epsZ=1.0037e+00 
New pars ( 689): DC=1.2481e+01 r2=4.0618e-02 r3=1.2201e-01 epsV=8.5166e-01 epsZ=1.0037e+00 
New pars ( 690): DC=1.2481e+01 r2=4.0575e-02 r3=1.2230e-01 epsV=8.5166e-01 epsZ=1.0054e+00 
New pars ( 691): DC=1.2481e+01 r2=4.0493e-02 r3=1.2288e-01 epsV=8.5166e-01 epsZ=1.0086e+00 
New pars ( 692): DC=1.2481e+01 r2=4.0493e-02 r3=1.2288e-01 epsV=8.5166e-01 epsZ=1.0086e+00 
New pars ( 693): DC=1.2481e+01 r2=4.0493e-02 r3=1.2288e-01 epsV=8.5166e-01 epsZ=1.0086e+00 
New pars ( 694): DC=1.2481e+01 r2=4.0495e-02 r3=1.2288e-01 epsV=8.5166e-01 epsZ=1.0086e+00 
New pars ( 695): DC=1.2481e+01 r2=4.0491e-02 r3=1.2288e-01 epsV=8.5166e-01 epsZ=1.0086e+00 
New pars ( 696): DC=1.2481e+01 r2=4.0493e-02 r3=1.2288e-01 epsV=8.5166e-01 epsZ=1.0086e+00 
New pars ( 697): DC=1.2481e+01 r2=4.0493e-02 r3=1.2287e-01 epsV=8.5166e-01 epsZ=1.0086e+00 
New pars ( 698): DC=1.2481e+01 r2=4.0493e-02 r3=1.2288e-01 epsV=8.5166e-01 epsZ=1.0086e+00 
New pars ( 699): DC=1.2483e+01 r2=4.0484e-02 r3=1.2292e-01 epsV=8.5166e-01 epsZ=1.0091e+00 
New pars ( 700): DC=1.2485e+01 r2=4.0479e-02 r3=1.2295e-01 epsV=8.5166e-01 epsZ=1.0093e+00 
New pars ( 701): DC=1.2485e+01 r2=4.0479e-02 r3=1.2295e-01 epsV=8.5166e-01 epsZ=1.0093e+00 
New pars ( 702): DC=1.2484e+01 r2=4.0479e-02 r3=1.2295e-01 epsV=8.5166e-01 epsZ=1.0093e+00 
New pars ( 703): DC=1.2485e+01 r2=4.0481e-02 r3=1.2295e-01 epsV=8.5166e-01 epsZ=1.0093e+00 
New pars ( 704): DC=1.2485e+01 r2=4.0477e-02 r3=1.2295e-01 epsV=8.5166e-01 epsZ=1.0093e+00 
New pars ( 705): DC=1.2485e+01 r2=4.0479e-02 r3=1.2295e-01 epsV=8.5166e-01 epsZ=1.0093e+00 
New pars ( 706): DC=1.2485e+01 r2=4.0479e-02 r3=1.2294e-01 epsV=8.5166e-01 epsZ=1.0093e+00 
New pars ( 707): DC=1.2485e+01 r2=4.0479e-02 r3=1.2295e-01 epsV=8.5166e-01 epsZ=1.0093e+00 
New pars ( 708): DC=1.2485e+01 r2=4.0472e-02 r3=1.2301e-01 epsV=8.5166e-01 epsZ=1.0098e+00 
New pars ( 709): DC=1.2485e+01 r2=4.0472e-02 r3=1.2302e-01 epsV=8.5166e-01 epsZ=1.0098e+00 
New pars ( 710): DC=1.2485e+01 r2=4.0472e-02 r3=1.2302e-01 epsV=8.5166e-01 epsZ=1.0098e+00 
New pars ( 711): DC=1.2485e+01 r2=4.0472e-02 r3=1.2302e-01 epsV=8.5166e-01 epsZ=1.0098e+00 
New pars ( 712): DC=1.2485e+01 r2=4.0474e-02 r3=1.2302e-01 epsV=8.5166e-01 epsZ=1.0098e+00 
New pars ( 713): DC=1.2485e+01 r2=4.0471e-02 r3=1.2302e-01 epsV=8.5166e-01 epsZ=1.0098e+00 
New pars ( 714): DC=1.2485e+01 r2=4.0472e-02 r3=1.2302e-01 epsV=8.5166e-01 epsZ=1.0098e+00 
New pars ( 715): DC=1.2485e+01 r2=4.0472e-02 r3=1.2301e-01 epsV=8.5166e-01 epsZ=1.0098e+00 
New pars ( 716): DC=1.2485e+01 r2=4.0472e-02 r3=1.2302e-01 epsV=8.5166e-01 epsZ=1.0099e+00 
New pars ( 717): DC=1.2485e+01 r2=4.0472e-02 r3=1.2302e-01 epsV=8.4993e-01 epsZ=1.0098e+00 
New pars ( 718): DC=1.2485e+01 r2=4.0472e-02 r3=1.2302e-01 epsV=8.4993e-01 epsZ=1.0098e+00 
New pars ( 719): DC=1.2485e+01 r2=4.0474e-02 r3=1.2302e-01 epsV=8.4993e-01 epsZ=1.0098e+00 
New pars ( 720): DC=1.2485e+01 r2=4.0470e-02 r3=1.2302e-01 epsV=8.4993e-01 epsZ=1.0098e+00 
New pars ( 721): DC=1.2485e+01 r2=4.0472e-02 r3=1.2302e-01 epsV=8.4993e-01 epsZ=1.0098e+00 
New pars ( 722): DC=1.2485e+01 r2=4.0472e-02 r3=1.2301e-01 epsV=8.4993e-01 epsZ=1.0098e+00 
New pars ( 723): DC=1.2485e+01 r2=4.0472e-02 r3=1.2302e-01 epsV=8.4993e-01 epsZ=1.0099e+00 
New pars ( 724): DC=1.2472e+01 r2=4.0514e-02 r3=1.2117e-01 epsV=8.4993e-01 epsZ=1.0060e+00 
New pars ( 725): DC=1.2472e+01 r2=4.0514e-02 r3=1.2117e-01 epsV=8.4993e-01 epsZ=1.0060e+00 
New pars ( 726): DC=1.2472e+01 r2=4.0514e-02 r3=1.2117e-01 epsV=8.4993e-01 epsZ=1.0060e+00 
New pars ( 727): DC=1.2472e+01 r2=4.0516e-02 r3=1.2117e-01 epsV=8.4993e-01 epsZ=1.0060e+00 
New pars ( 728): DC=1.2472e+01 r2=4.0512e-02 r3=1.2117e-01 epsV=8.4993e-01 epsZ=1.0060e+00 
New pars ( 729): DC=1.2472e+01 r2=4.0514e-02 r3=1.2117e-01 epsV=8.4993e-01 epsZ=1.0060e+00 
New pars ( 730): DC=1.2472e+01 r2=4.0514e-02 r3=1.2117e-01 epsV=8.4993e-01 epsZ=1.0060e+00 
New pars ( 731): DC=1.2472e+01 r2=4.0514e-02 r3=1.2117e-01 epsV=8.4993e-01 epsZ=1.0060e+00 
New pars ( 732): DC=1.2474e+01 r2=4.0193e-02 r3=1.2361e-01 epsV=8.4993e-01 epsZ=1.0201e+00 
New pars ( 733): DC=1.2474e+01 r2=4.0193e-02 r3=1.2361e-01 epsV=8.4993e-01 epsZ=1.0201e+00 
New pars ( 734): DC=1.2474e+01 r2=4.0193e-02 r3=1.2361e-01 epsV=8.4993e-01 epsZ=1.0201e+00 
New pars ( 735): DC=1.2474e+01 r2=4.0195e-02 r3=1.2361e-01 epsV=8.4993e-01 epsZ=1.0201e+00 
New pars ( 736): DC=1.2474e+01 r2=4.0192e-02 r3=1.2361e-01 epsV=8.4993e-01 epsZ=1.0201e+00 
New pars ( 737): DC=1.2474e+01 r2=4.0193e-02 r3=1.2362e-01 epsV=8.4993e-01 epsZ=1.0201e+00 
New pars ( 738): DC=1.2474e+01 r2=4.0193e-02 r3=1.2361e-01 epsV=8.4993e-01 epsZ=1.0201e+00 
New pars ( 739): DC=1.2474e+01 r2=4.0193e-02 r3=1.2361e-01 epsV=8.4993e-01 epsZ=1.0201e+00 
New pars ( 740): DC=1.2473e+01 r2=4.0187e-02 r3=1.2368e-01 epsV=8.4993e-01 epsZ=1.0203e+00 
New pars ( 741): DC=1.2473e+01 r2=4.0188e-02 r3=1.2368e-01 epsV=8.4993e-01 epsZ=1.0203e+00 
New pars ( 742): DC=1.2473e+01 r2=4.0188e-02 r3=1.2368e-01 epsV=8.4993e-01 epsZ=1.0203e+00 
New pars ( 743): DC=1.2473e+01 r2=4.0188e-02 r3=1.2368e-01 epsV=8.4993e-01 epsZ=1.0203e+00 
New pars ( 744): DC=1.2473e+01 r2=4.0189e-02 r3=1.2368e-01 epsV=8.4993e-01 epsZ=1.0203e+00 
New pars ( 745): DC=1.2473e+01 r2=4.0186e-02 r3=1.2368e-01 epsV=8.4993e-01 epsZ=1.0203e+00 
New pars ( 746): DC=1.2473e+01 r2=4.0188e-02 r3=1.2368e-01 epsV=8.4993e-01 epsZ=1.0203e+00 
New pars ( 747): DC=1.2473e+01 r2=4.0188e-02 r3=1.2367e-01 epsV=8.4993e-01 epsZ=1.0203e+00 
New pars ( 748): DC=1.2473e+01 r2=4.0188e-02 r3=1.2368e-01 epsV=8.4993e-01 epsZ=1.0203e+00 
New pars ( 749): DC=1.2473e+01 r2=4.0188e-02 r3=1.2367e-01 epsV=8.4993e-01 epsZ=1.0203e+00 
New pars ( 750): DC=1.2473e+01 r2=4.0188e-02 r3=1.2367e-01 epsV=8.4993e-01 epsZ=1.0203e+00 
New pars ( 751): DC=1.2473e+01 r2=4.0188e-02 r3=1.2367e-01 epsV=8.4993e-01 epsZ=1.0203e+00 
New pars ( 752): DC=1.2473e+01 r2=4.0188e-02 r3=1.2367e-01 epsV=8.4993e-01 epsZ=1.0203e+00 
New pars ( 753): DC=1.2473e+01 r2=4.0190e-02 r3=1.2367e-01 epsV=8.4993e-01 epsZ=1.0203e+00 
New pars ( 754): DC=1.2473e+01 r2=4.0187e-02 r3=1.2367e-01 epsV=8.4993e-01 epsZ=1.0203e+00 
New pars ( 755): DC=1.2473e+01 r2=4.0188e-02 r3=1.2368e-01 epsV=8.4993e-01 epsZ=1.0203e+00 
New pars ( 756): DC=1.2473e+01 r2=4.0188e-02 r3=1.2367e-01 epsV=8.4993e-01 epsZ=1.0203e+00 
New pars ( 757): DC=1.2473e+01 r2=4.0188e-02 r3=1.2367e-01 epsV=8.4993e-01 epsZ=1.0203e+00 
 PARAMETER NUMBER  12 NOT A VARIABLE. IGNORED.
 THERE ARE NO MINOS ERRORS TO CALCULATE.
 PARAMETER NUMBER  13 NOT A VARIABLE. IGNORED.
 THERE ARE NO MINOS ERRORS TO CALCULATE.
 PARAMETER NUMBER  14 NOT A VARIABLE. IGNORED.
 THERE ARE NO MINOS ERRORS TO CALCULATE.
New pars ( 758): DC=1.2496e+01 r2=4.0369e-02 r3=1.2404e-01 epsV=8.5229e-01 epsZ=1.0163e+00 
New pars ( 759): DC=1.2497e+01 r2=4.0369e-02 r3=1.2404e-01 epsV=8.5229e-01 epsZ=1.0163e+00 
New pars ( 760): DC=1.2496e+01 r2=4.0369e-02 r3=1.2404e-01 epsV=8.5229e-01 epsZ=1.0163e+00 
New pars ( 761): DC=1.2496e+01 r2=4.0371e-02 r3=1.2404e-01 epsV=8.5229e-01 epsZ=1.0163e+00 
New pars ( 762): DC=1.2496e+01 r2=4.0367e-02 r3=1.2404e-01 epsV=8.5229e-01 epsZ=1.0163e+00 
New pars ( 763): DC=1.2496e+01 r2=4.0369e-02 r3=1.2404e-01 epsV=8.5229e-01 epsZ=1.0163e+00 
New pars ( 764): DC=1.2496e+01 r2=4.0369e-02 r3=1.2404e-01 epsV=8.5229e-01 epsZ=1.0163e+00 
New pars ( 765): DC=1.2496e+01 r2=4.0369e-02 r3=1.2404e-01 epsV=8.5229e-01 epsZ=1.0163e+00 
New pars ( 766): DC=1.2484e+01 r2=4.0308e-02 r3=1.2206e-01 epsV=8.4917e-01 epsZ=1.0163e+00 
New pars ( 767): DC=1.2489e+01 r2=4.0329e-02 r3=1.2276e-01 epsV=8.5028e-01 epsZ=1.0163e+00 
New pars ( 768): DC=1.2489e+01 r2=4.0329e-02 r3=1.2276e-01 epsV=8.5028e-01 epsZ=1.0163e+00 
New pars ( 769): DC=1.2488e+01 r2=4.0329e-02 r3=1.2276e-01 epsV=8.5028e-01 epsZ=1.0163e+00 
New pars ( 770): DC=1.2489e+01 r2=4.0331e-02 r3=1.2276e-01 epsV=8.5028e-01 epsZ=1.0163e+00 
New pars ( 771): DC=1.2489e+01 r2=4.0328e-02 r3=1.2276e-01 epsV=8.5028e-01 epsZ=1.0163e+00 
New pars ( 772): DC=1.2489e+01 r2=4.0329e-02 r3=1.2276e-01 epsV=8.5028e-01 epsZ=1.0163e+00 
New pars ( 773): DC=1.2489e+01 r2=4.0329e-02 r3=1.2276e-01 epsV=8.5028e-01 epsZ=1.0163e+00 
New pars ( 774): DC=1.2489e+01 r2=4.0329e-02 r3=1.2276e-01 epsV=8.5028e-01 epsZ=1.0163e+00 
New pars ( 775): DC=1.2493e+01 r2=4.0392e-02 r3=1.2344e-01 epsV=8.5120e-01 epsZ=1.0163e+00 
New pars ( 776): DC=1.2494e+01 r2=4.0400e-02 r3=1.2353e-01 epsV=8.5133e-01 epsZ=1.0163e+00 
New pars ( 777): DC=1.2494e+01 r2=4.0400e-02 r3=1.2353e-01 epsV=8.5133e-01 epsZ=1.0163e+00 
New pars ( 778): DC=1.2494e+01 r2=4.0400e-02 r3=1.2353e-01 epsV=8.5133e-01 epsZ=1.0163e+00 
New pars ( 779): DC=1.2494e+01 r2=4.0402e-02 r3=1.2353e-01 epsV=8.5133e-01 epsZ=1.0163e+00 
New pars ( 780): DC=1.2494e+01 r2=4.0399e-02 r3=1.2353e-01 epsV=8.5133e-01 epsZ=1.0163e+00 
New pars ( 781): DC=1.2494e+01 r2=4.0400e-02 r3=1.2353e-01 epsV=8.5133e-01 epsZ=1.0163e+00 
New pars ( 782): DC=1.2494e+01 r2=4.0400e-02 r3=1.2353e-01 epsV=8.5133e-01 epsZ=1.0163e+00 
New pars ( 783): DC=1.2494e+01 r2=4.0400e-02 r3=1.2353e-01 epsV=8.5133e-01 epsZ=1.0163e+00 
New pars ( 784): DC=1.2493e+01 r2=4.0368e-02 r3=1.2381e-01 epsV=8.5156e-01 epsZ=1.0163e+00 
New pars ( 785): DC=1.2493e+01 r2=4.0361e-02 r3=1.2387e-01 epsV=8.5161e-01 epsZ=1.0163e+00 
New pars ( 786): DC=1.2493e+01 r2=4.0361e-02 r3=1.2387e-01 epsV=8.5161e-01 epsZ=1.0163e+00 
New pars ( 787): DC=1.2493e+01 r2=4.0361e-02 r3=1.2387e-01 epsV=8.5161e-01 epsZ=1.0163e+00 
New pars ( 788): DC=1.2493e+01 r2=4.0362e-02 r3=1.2387e-01 epsV=8.5161e-01 epsZ=1.0163e+00 
New pars ( 789): DC=1.2493e+01 r2=4.0359e-02 r3=1.2387e-01 epsV=8.5161e-01 epsZ=1.0163e+00 
New pars ( 790): DC=1.2493e+01 r2=4.0361e-02 r3=1.2387e-01 epsV=8.5161e-01 epsZ=1.0163e+00 
New pars ( 791): DC=1.2493e+01 r2=4.0361e-02 r3=1.2386e-01 epsV=8.5161e-01 epsZ=1.0163e+00 
New pars ( 792): DC=1.2493e+01 r2=4.0361e-02 r3=1.2387e-01 epsV=8.5161e-01 epsZ=1.0163e+00 
New pars ( 793): DC=1.2495e+01 r2=4.0369e-02 r3=1.2385e-01 epsV=8.5166e-01 epsZ=1.0163e+00 
New pars ( 794): DC=1.2495e+01 r2=4.0370e-02 r3=1.2385e-01 epsV=8.5167e-01 epsZ=1.0163e+00 
New pars ( 795): DC=1.2495e+01 r2=4.0370e-02 r3=1.2385e-01 epsV=8.5167e-01 epsZ=1.0163e+00 
New pars ( 796): DC=1.2495e+01 r2=4.0370e-02 r3=1.2385e-01 epsV=8.5167e-01 epsZ=1.0163e+00 
New pars ( 797): DC=1.2495e+01 r2=4.0371e-02 r3=1.2385e-01 epsV=8.5167e-01 epsZ=1.0163e+00 
New pars ( 798): DC=1.2495e+01 r2=4.0368e-02 r3=1.2385e-01 epsV=8.5167e-01 epsZ=1.0163e+00 
New pars ( 799): DC=1.2495e+01 r2=4.0370e-02 r3=1.2386e-01 epsV=8.5167e-01 epsZ=1.0163e+00 
New pars ( 800): DC=1.2495e+01 r2=4.0370e-02 r3=1.2385e-01 epsV=8.5167e-01 epsZ=1.0163e+00 
New pars ( 801): DC=1.2495e+01 r2=4.0370e-02 r3=1.2385e-01 epsV=8.5167e-01 epsZ=1.0163e+00 
New pars ( 802): DC=1.2495e+01 r2=4.0370e-02 r3=1.2385e-01 epsV=8.5167e-01 epsZ=1.0241e+00 
New pars ( 803): DC=1.2495e+01 r2=4.0370e-02 r3=1.2385e-01 epsV=8.5167e-01 epsZ=1.0241e+00 
New pars ( 804): DC=1.2495e+01 r2=4.0371e-02 r3=1.2385e-01 epsV=8.5167e-01 epsZ=1.0241e+00 
New pars ( 805): DC=1.2495e+01 r2=4.0368e-02 r3=1.2385e-01 epsV=8.5167e-01 epsZ=1.0241e+00 
New pars ( 806): DC=1.2495e+01 r2=4.0370e-02 r3=1.2386e-01 epsV=8.5167e-01 epsZ=1.0241e+00 
New pars ( 807): DC=1.2495e+01 r2=4.0370e-02 r3=1.2385e-01 epsV=8.5167e-01 epsZ=1.0241e+00 
New pars ( 808): DC=1.2495e+01 r2=4.0370e-02 r3=1.2385e-01 epsV=8.5167e-01 epsZ=1.0241e+00 
New pars ( 809): DC=1.2495e+01 r2=4.0207e-02 r3=1.2287e-01 epsV=8.4913e-01 epsZ=1.0241e+00 
New pars ( 810): DC=1.2495e+01 r2=4.0207e-02 r3=1.2287e-01 epsV=8.4913e-01 epsZ=1.0241e+00 
New pars ( 811): DC=1.2495e+01 r2=4.0207e-02 r3=1.2287e-01 epsV=8.4913e-01 epsZ=1.0241e+00 
New pars ( 812): DC=1.2495e+01 r2=4.0208e-02 r3=1.2287e-01 epsV=8.4913e-01 epsZ=1.0241e+00 
New pars ( 813): DC=1.2495e+01 r2=4.0205e-02 r3=1.2287e-01 epsV=8.4913e-01 epsZ=1.0241e+00 
New pars ( 814): DC=1.2495e+01 r2=4.0207e-02 r3=1.2287e-01 epsV=8.4913e-01 epsZ=1.0241e+00 
New pars ( 815): DC=1.2495e+01 r2=4.0207e-02 r3=1.2286e-01 epsV=8.4913e-01 epsZ=1.0241e+00 
New pars ( 816): DC=1.2495e+01 r2=4.0207e-02 r3=1.2287e-01 epsV=8.4913e-01 epsZ=1.0241e+00 
New pars ( 817): DC=1.2488e+01 r2=4.0161e-02 r3=1.2438e-01 epsV=8.5046e-01 epsZ=1.0241e+00 
New pars ( 818): DC=1.2489e+01 r2=4.0164e-02 r3=1.2428e-01 epsV=8.5038e-01 epsZ=1.0241e+00 
New pars ( 819): DC=1.2489e+01 r2=4.0164e-02 r3=1.2428e-01 epsV=8.5038e-01 epsZ=1.0241e+00 
New pars ( 820): DC=1.2489e+01 r2=4.0164e-02 r3=1.2428e-01 epsV=8.5038e-01 epsZ=1.0241e+00 
New pars ( 821): DC=1.2489e+01 r2=4.0166e-02 r3=1.2428e-01 epsV=8.5038e-01 epsZ=1.0241e+00 
New pars ( 822): DC=1.2489e+01 r2=4.0162e-02 r3=1.2428e-01 epsV=8.5038e-01 epsZ=1.0241e+00 
New pars ( 823): DC=1.2489e+01 r2=4.0164e-02 r3=1.2429e-01 epsV=8.5038e-01 epsZ=1.0241e+00 
New pars ( 824): DC=1.2489e+01 r2=4.0164e-02 r3=1.2428e-01 epsV=8.5038e-01 epsZ=1.0241e+00 
New pars ( 825): DC=1.2489e+01 r2=4.0164e-02 r3=1.2428e-01 epsV=8.5038e-01 epsZ=1.0241e+00 
New pars ( 826): DC=1.2487e+01 r2=4.0161e-02 r3=1.2438e-01 epsV=8.5045e-01 epsZ=1.0241e+00 
New pars ( 827): DC=1.2487e+01 r2=4.0161e-02 r3=1.2438e-01 epsV=8.5045e-01 epsZ=1.0241e+00 
New pars ( 828): DC=1.2487e+01 r2=4.0161e-02 r3=1.2438e-01 epsV=8.5045e-01 epsZ=1.0241e+00 
New pars ( 829): DC=1.2487e+01 r2=4.0162e-02 r3=1.2438e-01 epsV=8.5045e-01 epsZ=1.0241e+00 
New pars ( 830): DC=1.2487e+01 r2=4.0159e-02 r3=1.2438e-01 epsV=8.5045e-01 epsZ=1.0241e+00 
New pars ( 831): DC=1.2487e+01 r2=4.0161e-02 r3=1.2438e-01 epsV=8.5045e-01 epsZ=1.0241e+00 
New pars ( 832): DC=1.2487e+01 r2=4.0161e-02 r3=1.2437e-01 epsV=8.5045e-01 epsZ=1.0241e+00 
New pars ( 833): DC=1.2487e+01 r2=4.0161e-02 r3=1.2438e-01 epsV=8.5045e-01 epsZ=1.0241e+00 
New pars ( 834): DC=1.2487e+01 r2=4.0161e-02 r3=1.2437e-01 epsV=8.5044e-01 epsZ=1.0241e+00 
New pars ( 835): DC=1.2487e+01 r2=4.0161e-02 r3=1.2437e-01 epsV=8.5044e-01 epsZ=1.0241e+00 
New pars ( 836): DC=1.2487e+01 r2=4.0161e-02 r3=1.2437e-01 epsV=8.5044e-01 epsZ=1.0241e+00 
New pars ( 837): DC=1.2487e+01 r2=4.0161e-02 r3=1.2437e-01 epsV=8.5044e-01 epsZ=1.0241e+00 
New pars ( 838): DC=1.2487e+01 r2=4.0162e-02 r3=1.2437e-01 epsV=8.5044e-01 epsZ=1.0241e+00 
New pars ( 839): DC=1.2487e+01 r2=4.0159e-02 r3=1.2437e-01 epsV=8.5044e-01 epsZ=1.0241e+00 
New pars ( 840): DC=1.2487e+01 r2=4.0161e-02 r3=1.2438e-01 epsV=8.5044e-01 epsZ=1.0241e+00 
New pars ( 841): DC=1.2487e+01 r2=4.0161e-02 r3=1.2437e-01 epsV=8.5044e-01 epsZ=1.0241e+00 
New pars ( 842): DC=1.2487e+01 r2=4.0161e-02 r3=1.2437e-01 epsV=8.5045e-01 epsZ=1.0241e+00 
New pars ( 843): DC=1.2735e+01 r2=4.6659e-02 r3=1.0769e-01 epsV=8.8655e-01 epsZ=7.8211e-01 
New pars ( 844): DC=1.2735e+01 r2=4.6659e-02 r3=1.0769e-01 epsV=8.8655e-01 epsZ=7.8211e-01 
New pars ( 845): DC=1.2735e+01 r2=4.6659e-02 r3=1.0769e-01 epsV=8.8655e-01 epsZ=7.8211e-01 
New pars ( 846): DC=1.2735e+01 r2=4.6660e-02 r3=1.0769e-01 epsV=8.8655e-01 epsZ=7.8211e-01 
New pars ( 847): DC=1.2735e+01 r2=4.6657e-02 r3=1.0769e-01 epsV=8.8655e-01 epsZ=7.8211e-01 
New pars ( 848): DC=1.2735e+01 r2=4.6659e-02 r3=1.0769e-01 epsV=8.8655e-01 epsZ=7.8211e-01 
New pars ( 849): DC=1.2735e+01 r2=4.6659e-02 r3=1.0768e-01 epsV=8.8655e-01 epsZ=7.8211e-01 
New pars ( 850): DC=1.2735e+01 r2=4.6659e-02 r3=1.0769e-01 epsV=8.8656e-01 epsZ=7.8211e-01 
New pars ( 851): DC=1.2768e+01 r2=4.6697e-02 r3=1.1146e-01 epsV=8.9122e-01 epsZ=7.8211e-01 
New pars ( 852): DC=1.2747e+01 r2=4.6672e-02 r3=1.0905e-01 epsV=8.8824e-01 epsZ=7.8211e-01 
New pars ( 853): DC=1.2747e+01 r2=4.6672e-02 r3=1.0905e-01 epsV=8.8824e-01 epsZ=7.8211e-01 
New pars ( 854): DC=1.2747e+01 r2=4.6672e-02 r3=1.0905e-01 epsV=8.8824e-01 epsZ=7.8211e-01 
New pars ( 855): DC=1.2747e+01 r2=4.6674e-02 r3=1.0905e-01 epsV=8.8824e-01 epsZ=7.8211e-01 
New pars ( 856): DC=1.2747e+01 r2=4.6671e-02 r3=1.0905e-01 epsV=8.8824e-01 epsZ=7.8211e-01 
New pars ( 857): DC=1.2747e+01 r2=4.6672e-02 r3=1.0905e-01 epsV=8.8824e-01 epsZ=7.8211e-01 
New pars ( 858): DC=1.2747e+01 r2=4.6672e-02 r3=1.0905e-01 epsV=8.8824e-01 epsZ=7.8211e-01 
New pars ( 859): DC=1.2747e+01 r2=4.6672e-02 r3=1.0905e-01 epsV=8.8824e-01 epsZ=7.8211e-01 
New pars ( 860): DC=1.2732e+01 r2=4.6674e-02 r3=1.0854e-01 epsV=8.8718e-01 epsZ=7.8211e-01 
New pars ( 861): DC=1.2726e+01 r2=4.6675e-02 r3=1.0834e-01 epsV=8.8675e-01 epsZ=7.8211e-01 
New pars ( 862): DC=1.2727e+01 r2=4.6675e-02 r3=1.0834e-01 epsV=8.8675e-01 epsZ=7.8211e-01 
New pars ( 863): DC=1.2726e+01 r2=4.6675e-02 r3=1.0834e-01 epsV=8.8675e-01 epsZ=7.8211e-01 
New pars ( 864): DC=1.2726e+01 r2=4.6677e-02 r3=1.0834e-01 epsV=8.8675e-01 epsZ=7.8211e-01 
New pars ( 865): DC=1.2726e+01 r2=4.6673e-02 r3=1.0834e-01 epsV=8.8675e-01 epsZ=7.8211e-01 
New pars ( 866): DC=1.2726e+01 r2=4.6675e-02 r3=1.0834e-01 epsV=8.8675e-01 epsZ=7.8211e-01 
New pars ( 867): DC=1.2726e+01 r2=4.6675e-02 r3=1.0833e-01 epsV=8.8675e-01 epsZ=7.8211e-01 
New pars ( 868): DC=1.2726e+01 r2=4.6675e-02 r3=1.0834e-01 epsV=8.8676e-01 epsZ=7.8211e-01 
New pars ( 869): DC=1.2739e+01 r2=4.6710e-02 r3=1.0782e-01 epsV=8.8654e-01 epsZ=7.8211e-01 
New pars ( 870): DC=1.2745e+01 r2=4.6725e-02 r3=1.0759e-01 epsV=8.8644e-01 epsZ=7.8211e-01 
New pars ( 871): DC=1.2745e+01 r2=4.6725e-02 r3=1.0759e-01 epsV=8.8644e-01 epsZ=7.8211e-01 
New pars ( 872): DC=1.2745e+01 r2=4.6725e-02 r3=1.0759e-01 epsV=8.8644e-01 epsZ=7.8211e-01 
New pars ( 873): DC=1.2745e+01 r2=4.6727e-02 r3=1.0759e-01 epsV=8.8644e-01 epsZ=7.8211e-01 
New pars ( 874): DC=1.2745e+01 r2=4.6724e-02 r3=1.0759e-01 epsV=8.8644e-01 epsZ=7.8211e-01 
New pars ( 875): DC=1.2745e+01 r2=4.6725e-02 r3=1.0759e-01 epsV=8.8644e-01 epsZ=7.8211e-01 
New pars ( 876): DC=1.2745e+01 r2=4.6725e-02 r3=1.0758e-01 epsV=8.8644e-01 epsZ=7.8211e-01 
New pars ( 877): DC=1.2745e+01 r2=4.6725e-02 r3=1.0759e-01 epsV=8.8644e-01 epsZ=7.8211e-01 
New pars ( 878): DC=1.2740e+01 r2=4.6680e-02 r3=1.0759e-01 epsV=8.8620e-01 epsZ=7.8211e-01 
New pars ( 879): DC=1.2737e+01 r2=4.6656e-02 r3=1.0760e-01 epsV=8.8608e-01 epsZ=7.8211e-01 
New pars ( 880): DC=1.2737e+01 r2=4.6656e-02 r3=1.0760e-01 epsV=8.8608e-01 epsZ=7.8211e-01 
New pars ( 881): DC=1.2737e+01 r2=4.6656e-02 r3=1.0760e-01 epsV=8.8608e-01 epsZ=7.8211e-01 
New pars ( 882): DC=1.2737e+01 r2=4.6657e-02 r3=1.0760e-01 epsV=8.8608e-01 epsZ=7.8211e-01 
New pars ( 883): DC=1.2737e+01 r2=4.6654e-02 r3=1.0760e-01 epsV=8.8608e-01 epsZ=7.8211e-01 
New pars ( 884): DC=1.2737e+01 r2=4.6656e-02 r3=1.0760e-01 epsV=8.8608e-01 epsZ=7.8211e-01 
New pars ( 885): DC=1.2737e+01 r2=4.6656e-02 r3=1.0759e-01 epsV=8.8608e-01 epsZ=7.8211e-01 
New pars ( 886): DC=1.2737e+01 r2=4.6656e-02 r3=1.0760e-01 epsV=8.8608e-01 epsZ=7.8211e-01 
New pars ( 887): DC=1.2737e+01 r2=4.6654e-02 r3=1.0758e-01 epsV=8.8605e-01 epsZ=7.8211e-01 
New pars ( 888): DC=1.2737e+01 r2=4.6654e-02 r3=1.0758e-01 epsV=8.8605e-01 epsZ=7.8211e-01 
New pars ( 889): DC=1.2736e+01 r2=4.6654e-02 r3=1.0758e-01 epsV=8.8605e-01 epsZ=7.8211e-01 
New pars ( 890): DC=1.2737e+01 r2=4.6656e-02 r3=1.0758e-01 epsV=8.8605e-01 epsZ=7.8211e-01 
New pars ( 891): DC=1.2737e+01 r2=4.6653e-02 r3=1.0758e-01 epsV=8.8605e-01 epsZ=7.8211e-01 
New pars ( 892): DC=1.2737e+01 r2=4.6654e-02 r3=1.0759e-01 epsV=8.8605e-01 epsZ=7.8211e-01 
New pars ( 893): DC=1.2737e+01 r2=4.6654e-02 r3=1.0758e-01 epsV=8.8605e-01 epsZ=7.8211e-01 
New pars ( 894): DC=1.2737e+01 r2=4.6654e-02 r3=1.0758e-01 epsV=8.8606e-01 epsZ=7.8211e-01 
New pars ( 895): DC=1.2737e+01 r2=4.6654e-02 r3=1.0758e-01 epsV=8.8605e-01 epsZ=7.7649e-01 
New pars ( 896): DC=1.2736e+01 r2=4.6654e-02 r3=1.0758e-01 epsV=8.8605e-01 epsZ=7.7649e-01 
New pars ( 897): DC=1.2737e+01 r2=4.6656e-02 r3=1.0758e-01 epsV=8.8605e-01 epsZ=7.7649e-01 
New pars ( 898): DC=1.2737e+01 r2=4.6653e-02 r3=1.0758e-01 epsV=8.8605e-01 epsZ=7.7649e-01 
New pars ( 899): DC=1.2737e+01 r2=4.6654e-02 r3=1.0759e-01 epsV=8.8605e-01 epsZ=7.7649e-01 
New pars ( 900): DC=1.2737e+01 r2=4.6654e-02 r3=1.0758e-01 epsV=8.8605e-01 epsZ=7.7649e-01 
New pars ( 901): DC=1.2737e+01 r2=4.6654e-02 r3=1.0758e-01 epsV=8.8606e-01 epsZ=7.7649e-01 
New pars ( 902): DC=1.2747e+01 r2=4.6824e-02 r3=1.0657e-01 epsV=8.8623e-01 epsZ=7.7649e-01 
New pars ( 903): DC=1.2748e+01 r2=4.6824e-02 r3=1.0657e-01 epsV=8.8623e-01 epsZ=7.7649e-01 
New pars ( 904): DC=1.2747e+01 r2=4.6824e-02 r3=1.0657e-01 epsV=8.8623e-01 epsZ=7.7649e-01 
New pars ( 905): DC=1.2747e+01 r2=4.6826e-02 r3=1.0657e-01 epsV=8.8623e-01 epsZ=7.7649e-01 
New pars ( 906): DC=1.2747e+01 r2=4.6823e-02 r3=1.0657e-01 epsV=8.8623e-01 epsZ=7.7649e-01 
New pars ( 907): DC=1.2747e+01 r2=4.6824e-02 r3=1.0657e-01 epsV=8.8623e-01 epsZ=7.7649e-01 
New pars ( 908): DC=1.2747e+01 r2=4.6824e-02 r3=1.0657e-01 epsV=8.8623e-01 epsZ=7.7649e-01 
New pars ( 909): DC=1.2747e+01 r2=4.6824e-02 r3=1.0657e-01 epsV=8.8624e-01 epsZ=7.7649e-01 
New pars ( 910): DC=1.2743e+01 r2=4.6805e-02 r3=1.0714e-01 epsV=8.8678e-01 epsZ=7.7649e-01 
New pars ( 911): DC=1.2742e+01 r2=4.6803e-02 r3=1.0719e-01 epsV=8.8682e-01 epsZ=7.7649e-01 
New pars ( 912): DC=1.2742e+01 r2=4.6803e-02 r3=1.0719e-01 epsV=8.8682e-01 epsZ=7.7649e-01 
New pars ( 913): DC=1.2742e+01 r2=4.6803e-02 r3=1.0719e-01 epsV=8.8682e-01 epsZ=7.7649e-01 
New pars ( 914): DC=1.2742e+01 r2=4.6805e-02 r3=1.0719e-01 epsV=8.8682e-01 epsZ=7.7649e-01 
New pars ( 915): DC=1.2742e+01 r2=4.6802e-02 r3=1.0719e-01 epsV=8.8682e-01 epsZ=7.7649e-01 
New pars ( 916): DC=1.2742e+01 r2=4.6803e-02 r3=1.0719e-01 epsV=8.8682e-01 epsZ=7.7649e-01 
New pars ( 917): DC=1.2742e+01 r2=4.6803e-02 r3=1.0718e-01 epsV=8.8682e-01 epsZ=7.7649e-01 
New pars ( 918): DC=1.2742e+01 r2=4.6803e-02 r3=1.0719e-01 epsV=8.8683e-01 epsZ=7.7649e-01 
New pars ( 919): DC=1.2742e+01 r2=4.6804e-02 r3=1.0718e-01 epsV=8.8683e-01 epsZ=7.7649e-01 
New pars ( 920): DC=1.2743e+01 r2=4.6804e-02 r3=1.0718e-01 epsV=8.8683e-01 epsZ=7.7649e-01 
New pars ( 921): DC=1.2742e+01 r2=4.6804e-02 r3=1.0718e-01 epsV=8.8683e-01 epsZ=7.7649e-01 
New pars ( 922): DC=1.2742e+01 r2=4.6806e-02 r3=1.0718e-01 epsV=8.8683e-01 epsZ=7.7649e-01 
New pars ( 923): DC=1.2742e+01 r2=4.6802e-02 r3=1.0718e-01 epsV=8.8683e-01 epsZ=7.7649e-01 
New pars ( 924): DC=1.2742e+01 r2=4.6804e-02 r3=1.0718e-01 epsV=8.8683e-01 epsZ=7.7649e-01 
New pars ( 925): DC=1.2742e+01 r2=4.6804e-02 r3=1.0718e-01 epsV=8.8683e-01 epsZ=7.7649e-01 
New pars ( 926): DC=1.2742e+01 r2=4.6804e-02 r3=1.0718e-01 epsV=8.8683e-01 epsZ=7.7649e-01 
 PARAMETER NUMBER  16 NOT A VARIABLE. IGNORED.
 THERE ARE NO MINOS ERRORS TO CALCULATE.
 PARAMETER NUMBER  17 NOT A VARIABLE. IGNORED.
 THERE ARE NO MINOS ERRORS TO CALCULATE.
 PARAMETER NUMBER  18 NOT A VARIABLE. IGNORED.
 THERE ARE NO MINOS ERRORS TO CALCULATE.
 PARAMETER NUMBER  19 NOT A VARIABLE. IGNORED.
 THERE ARE NO MINOS ERRORS TO CALCULATE.
 PARAMETER NUMBER  20 NOT A VARIABLE. IGNORED.
 THERE ARE NO MINOS ERRORS TO CALCULATE.
 PARAMETER NUMBER  21 NOT A VARIABLE. IGNORED.
 THERE ARE NO MINOS ERRORS TO CALCULATE.
New pars ( 927): DC=1.2616e+01 r2=4.3514e-02 r3=1.1586e-01 epsV=8.6942e-01 epsZ=8.9918e-01 

Fitting done in 1000000 clicks (1.000000 seconds).
Fit status = 4000
Cov status = 1
Fit valid? = 1

****************************************
Minimizer is Minuit / MigradImproved
MinFCN                    =        216.9
Chi2                      =      416.537
NDf                       =          403
Edm                       =   8.8232e-08
NCalls                    =          277
# Cyc's                   =        11518                      	 (fixed)
Bin width                 =           25                      	 (fixed)
DC rate                   =      12.6156   +/-   0.174727    
Rate 1                    =            0                      	 (fixed)
Rate 2                    =    0.0435138   +/-   0.00350194  
Rate 3                    =     0.115864   +/-   0.00946263  
Capt eff                  =          0.6                      	 (fixed)
Capt ret                  =            1                      	 (fixed)
T eff                     =         0.87                      	 (fixed)
U eff                     =            1                      	 (fixed)
V eff                     =      0.86942   +/-   0.0194048   
W eff                     =            0                      	 (fixed)
X eff                     =            1                      	 (fixed)
Y eff                     =            1                      	 (fixed)
Z eff                     =     0.899183   +/-   0.127848    
T1 loss                   =            0                      	 (fixed)
T2 loss                   =       0.0474                      	 (fixed)
T3 loss                   =       0.0474                      	 (fixed)
U1 loss                   =        2e-10                      	 (fixed)
U2 loss                   =        2e-10                      	 (fixed)
U3 loss                   =        2e-10                      	 (fixed)

Covariance Matrix:

            	     DC rate      Rate 2      Rate 3       V eff       Z eff
DC rate     	    0.030529  0.00051678  -0.0012804   0.0028144   -0.016815
Rate 2      	  0.00051678  1.2264e-05 -3.1095e-05  6.6632e-05 -0.00044008
Rate 3      	  -0.0012804 -3.1095e-05  8.9541e-05 -0.00015862    0.001134
V eff       	   0.0028144  6.6632e-05 -0.00015862  0.00037655  -0.0024072
Z eff       	   -0.016815 -0.00044008    0.001134  -0.0024072    0.016345

Correlation Matrix:

            	     DC rate      Rate 2      Rate 3       V eff       Z eff
DC rate     	           1     0.84457    -0.77441     0.83006    -0.75276
Rate 2      	     0.84457           1    -0.93835     0.98054    -0.98294
Rate 3      	    -0.77441    -0.93835           1    -0.86386     0.93734
V eff       	     0.83006     0.98054    -0.86386           1    -0.97033
Z eff       	    -0.75276    -0.98294     0.93734    -0.97033           1

Integrals computed in 250000 clicks (0.250000 seconds).
Other integrals computed in 1020000 clicks (1.020000 seconds).
Errors computed in 620000 clicks (0.620000 seconds).

~~~~~~~~~~~~~~~~~~~~~~~~~~~~~~~~~~~~~~~~~~~~~~~~~~~~~~~~~~~~~~~~~~~~~
NUMBER OF BETAS DETECTED, by population:
~~~~~~~~~~~~~~~~~~~~~~~~~~~~~~~~~~~~~~~~~~~~~~~~~~~~~~~~~~~~~~~~~~~~~
T1 integral = 0.0 +/- 0.0
U1 integral = 0.0 +/- 0.0
T2 integral = 190627.6 +/- 15341.5
U2 integral = 165130.7 +/- 4627.9
T3 integral = 109793.6 +/- 8966.9
U3 integral = 476868.5 +/- 26367.8
DC integral = 1482126.9 +/- 20527.5
~~~~~~~~~~~~~~~~~~~~~~~~~~~~~~~~~~~~~~~~~~~~~~~~~~~~~~~~~~~~~~~~~~~~~
Sum of above = 2424547.3 +/- 38129.0 <-- no cov in unc
All integral = 2424547.3 +/- 1557.3
~~~~~~~~~~~~~~~~~~~~~~~~~~~~~~~~~~~~~~~~~~~~~~~~~~~~~~~~~~~~~~~~~~~~~
U1 with trap emtpy = 0.0; trap full = 0.0
U2 with trap emtpy = 25365.4; trap full = 139751.6
U3 with trap emtpy = 197360.8; trap full = 279504.8
~~~~~~~~~~~~~~~~~~~~~~~~~~~~~~~~~~~~~~~~~~~~~~~~~~~~~~~~~~~~~~~~~~~~~


BFit2 done. Timer = 1.78 sec.
Elapsed time = 1.72 sec.

