Timestamp = Mon Apr  6 09:09:37 2015

Importing metadata from CSV files...
Imported 68 BDN cases
Imported 48 BFit cases
Performing BFit with BDN case 137i07 and BFit case 137i07_15

BFit started. Timer = 0.07 sec.

~~~~~~~~~~~~~~~~~~~~~~~~~~~~~~~~~~~~~~~~~~~~~~~~~~~~~~~~~~~~~~~~~~~~~
BETA SINGLES MODEL
~~~~~~~~~~~~~~~~~~~~~~~~~~~~~~~~~~~~~~~~~~~~~~~~~~~~~~~~~~~~~~~~~~~~~
Case: 137i07
File: /music/bpt1/bpt/bdn/shane/137i/rootfiles/137i07.root
Histogram: h_betas_vs_cycle_time
Total cycle time	=    246.000 s
Background time		=    101.000 s
Capture cycle time	=      6.000 s
Last capture time	=      1.000 s
137-Te halflife		=      2.490 s  (lifetime      3.592 s)
137-I halflife		=     24.500 s  (lifetime     35.346 s)
137-Xe halflife		=    229.080 s  (lifetime    330.493 s)
~~~~~~~~~~~~~~~~~~~~~~~~~~~~~~~~~~~~~~~~~~~~~~~~~~~~~~~~~~~~~~~~~~~~~
HISTOGRAM REBINNED
   Number of hist bins = 984
   Number of fn points = 246000
   Number of pts/bin   = 250
~~~~~~~~~~~~~~~~~~~~~~~~~~~~~~~~~~~~~~~~~~~~~~~~~~~~~~~~~~~~~~~~~~~~~
Doing fit with option string: QROMES
~~~~~~~~~~~~~~~~~~~~~~~~~~~~~~~~~~~~~~~~~~~~~~~~~~~~~~~~~~~~~~~~~~~~~
PARAMETER SEED VALUES
~~~~~~~~~~~~~~~~~~~~~~~~~~~~~~~~~~~~~~~~~~~~~~~~~~~~~~~~~~~~~~~~~~~~~
      Par name  Varying?	Par init val and step
~~~~~~~~~~~~~~~~~~~~~~~~~~~~~~~~~~~~~~~~~~~~~~~~~~~~~~~~~~~~~~~~~~~~~
       # Cyc's         0	525 +/- 0.01
     Bin width         0	250 +/- 0.01
       DC rate         1	6.8 +/- 0.001
        Rate 1         1	120 +/- 0.0005
        Rate 2         1	850 +/- 0.0005
        Rate 3         0	0 +/- 0.0005
      Capt eff         1	0.65 +/- 0.02
      Capt ret         0	1 +/- 0.01
         T eff         0	0.13 +/- 0.01
         U eff         0	0.035 +/- 0.001
         V eff         1	1.5 +/- 0.001
         W eff         0	0 +/- 0.001
         X eff         0	1 +/- 0.001
         Y eff         0	0 +/- 0.001
         Z eff         1	0.8 +/- 0.001
       T1 loss         0	0 +/- 0.005
       T2 loss         0	0.0305 +/- 0.001
       T3 loss         0	0 +/- 0.005
       U1 loss         0	2e-10 +/- 0.005
       U2 loss         0	2e-10 +/- 0.005
       U3 loss         0	10000 +/- 0.01
~~~~~~~~~~~~~~~~~~~~~~~~~~~~~~~~~~~~~~~~~~~~~~~~~~~~~~~~~~~~~~~~~~~~~

Ini pars (   0): DC=6.8000e+00 r1=1.2000e+02 r2=8.5000e+02 p=6.5000e-01 epsV=1.5000e+00 epsZ=8.0000e-01 
New pars (   1): DC=6.8002e+00 r1=1.2000e+02 r2=8.5000e+02 p=6.5000e-01 epsV=1.5000e+00 epsZ=8.0000e-01 
New pars (   2): DC=6.7998e+00 r1=1.2000e+02 r2=8.5000e+02 p=6.5000e-01 epsV=1.5000e+00 epsZ=8.0000e-01 
New pars (   3): DC=6.8006e+00 r1=1.2000e+02 r2=8.5000e+02 p=6.5000e-01 epsV=1.5000e+00 epsZ=8.0000e-01 
New pars (   4): DC=6.7994e+00 r1=1.2000e+02 r2=8.5000e+02 p=6.5000e-01 epsV=1.5000e+00 epsZ=8.0000e-01 
New pars (   5): DC=6.8000e+00 r1=1.2000e+02 r2=8.5000e+02 p=6.5000e-01 epsV=1.5000e+00 epsZ=8.0000e-01 
New pars (   6): DC=6.8000e+00 r1=1.2000e+02 r2=8.5000e+02 p=6.5000e-01 epsV=1.5000e+00 epsZ=8.0000e-01 
New pars (   7): DC=6.8000e+00 r1=1.2000e+02 r2=8.5000e+02 p=6.5000e-01 epsV=1.5000e+00 epsZ=8.0000e-01 
New pars (   8): DC=6.8000e+00 r1=1.2000e+02 r2=8.5000e+02 p=6.5000e-01 epsV=1.5000e+00 epsZ=8.0000e-01 
New pars (   9): DC=6.8000e+00 r1=1.2000e+02 r2=8.5000e+02 p=6.5000e-01 epsV=1.5000e+00 epsZ=8.0000e-01 
New pars (  10): DC=6.8000e+00 r1=1.2000e+02 r2=8.5000e+02 p=6.5000e-01 epsV=1.5000e+00 epsZ=8.0000e-01 
New pars (  11): DC=6.8000e+00 r1=1.2000e+02 r2=8.5000e+02 p=6.5337e-01 epsV=1.5000e+00 epsZ=8.0000e-01 
New pars (  12): DC=6.8000e+00 r1=1.2000e+02 r2=8.5000e+02 p=6.4663e-01 epsV=1.5000e+00 epsZ=8.0000e-01 
New pars (  13): DC=6.8000e+00 r1=1.2000e+02 r2=8.5000e+02 p=6.5034e-01 epsV=1.5000e+00 epsZ=8.0000e-01 
New pars (  14): DC=6.8000e+00 r1=1.2000e+02 r2=8.5000e+02 p=6.4966e-01 epsV=1.5000e+00 epsZ=8.0000e-01 
New pars (  15): DC=6.8000e+00 r1=1.2000e+02 r2=8.5000e+02 p=6.5000e-01 epsV=1.5002e+00 epsZ=8.0000e-01 
New pars (  16): DC=6.7994e+00 r1=1.2000e+02 r2=8.5000e+02 p=6.5000e-01 epsV=1.5000e+00 epsZ=8.0000e-01 
New pars (  17): DC=6.7971e+00 r1=1.2000e+02 r2=8.5000e+02 p=6.5000e-01 epsV=1.5000e+00 epsZ=8.0000e-01 
New pars (  18): DC=6.7914e+00 r1=1.2000e+02 r2=8.5000e+02 p=6.5000e-01 epsV=1.5000e+00 epsZ=8.0000e-01 
New pars (  19): DC=6.7742e+00 r1=1.2000e+02 r2=8.5000e+02 p=6.5000e-01 epsV=1.5000e+00 epsZ=8.0000e-01 
New pars (  20): DC=6.7227e+00 r1=1.2000e+02 r2=8.5000e+02 p=6.5000e-01 epsV=1.5000e+00 epsZ=8.0000e-01 
New pars (  21): DC=6.5681e+00 r1=1.2000e+02 r2=8.5000e+02 p=6.5000e-01 epsV=1.5000e+00 epsZ=8.0000e-01 
New pars (  22): DC=6.2274e+00 r1=1.2000e+02 r2=8.5000e+02 p=6.5000e-01 epsV=1.5000e+00 epsZ=8.0000e-01 
New pars (  23): DC=6.2288e+00 r1=1.2000e+02 r2=8.5000e+02 p=6.5000e-01 epsV=1.5000e+00 epsZ=8.0000e-01 
New pars (  24): DC=6.2260e+00 r1=1.2000e+02 r2=8.5000e+02 p=6.5000e-01 epsV=1.5000e+00 epsZ=8.0000e-01 
New pars (  25): DC=6.2301e+00 r1=1.2000e+02 r2=8.5000e+02 p=6.5000e-01 epsV=1.5000e+00 epsZ=8.0000e-01 
New pars (  26): DC=6.2248e+00 r1=1.2000e+02 r2=8.5000e+02 p=6.5000e-01 epsV=1.5000e+00 epsZ=8.0000e-01 
New pars (  27): DC=6.2274e+00 r1=1.2000e+02 r2=8.5000e+02 p=6.5000e-01 epsV=1.5000e+00 epsZ=8.0000e-01 
New pars (  28): DC=6.2274e+00 r1=1.2000e+02 r2=8.5000e+02 p=6.5000e-01 epsV=1.5000e+00 epsZ=8.0000e-01 
New pars (  29): DC=6.2274e+00 r1=1.2000e+02 r2=8.5000e+02 p=6.5000e-01 epsV=1.5000e+00 epsZ=8.0000e-01 
New pars (  30): DC=6.2274e+00 r1=1.2000e+02 r2=8.5000e+02 p=6.5000e-01 epsV=1.5000e+00 epsZ=8.0000e-01 
New pars (  31): DC=6.2274e+00 r1=1.2000e+02 r2=8.5000e+02 p=6.5000e-01 epsV=1.5000e+00 epsZ=8.0000e-01 
New pars (  32): DC=6.2274e+00 r1=1.2000e+02 r2=8.5000e+02 p=6.5000e-01 epsV=1.5000e+00 epsZ=8.0000e-01 
New pars (  33): DC=6.2274e+00 r1=1.2000e+02 r2=8.5000e+02 p=6.5000e-01 epsV=1.5000e+00 epsZ=8.0000e-01 
New pars (  34): DC=6.2274e+00 r1=1.2000e+02 r2=8.5000e+02 p=6.5000e-01 epsV=1.5000e+00 epsZ=8.0000e-01 
New pars (  35): DC=6.2274e+00 r1=1.2000e+02 r2=8.5000e+02 p=6.5013e-01 epsV=1.5000e+00 epsZ=8.0000e-01 
New pars (  36): DC=6.2274e+00 r1=1.2000e+02 r2=8.5000e+02 p=6.4987e-01 epsV=1.5000e+00 epsZ=8.0000e-01 
New pars (  37): DC=6.2274e+00 r1=1.2000e+02 r2=8.5000e+02 p=6.5000e-01 epsV=1.5002e+00 epsZ=8.0000e-01 
New pars (  38): DC=6.2274e+00 r1=1.2000e+02 r2=8.5000e+02 p=6.5000e-01 epsV=1.5000e+00 epsZ=8.0000e-01 
New pars (  39): DC=6.2274e+00 r1=1.2000e+02 r2=8.5000e+02 p=6.5000e-01 epsV=1.5000e+00 epsZ=8.0000e-01 
New pars (  40): DC=6.2274e+00 r1=1.1999e+02 r2=8.5000e+02 p=6.5000e-01 epsV=1.5000e+00 epsZ=8.0000e-01 
New pars (  41): DC=6.2274e+00 r1=1.1998e+02 r2=8.5000e+02 p=6.5000e-01 epsV=1.5000e+00 epsZ=8.0000e-01 
New pars (  42): DC=6.2274e+00 r1=1.1994e+02 r2=8.5000e+02 p=6.5000e-01 epsV=1.5000e+00 epsZ=8.0000e-01 
New pars (  43): DC=6.2274e+00 r1=1.1983e+02 r2=8.5000e+02 p=6.5000e-01 epsV=1.5000e+00 epsZ=8.0000e-01 
New pars (  44): DC=6.2274e+00 r1=1.1958e+02 r2=8.5000e+02 p=6.5000e-01 epsV=1.5000e+00 epsZ=8.0000e-01 
New pars (  45): DC=6.2299e+00 r1=1.1958e+02 r2=8.5000e+02 p=6.5000e-01 epsV=1.5000e+00 epsZ=8.0000e-01 
New pars (  46): DC=6.2249e+00 r1=1.1958e+02 r2=8.5000e+02 p=6.5000e-01 epsV=1.5000e+00 epsZ=8.0000e-01 
New pars (  47): DC=6.2274e+00 r1=1.1958e+02 r2=8.5000e+02 p=6.5000e-01 epsV=1.5000e+00 epsZ=8.0000e-01 
New pars (  48): DC=6.2274e+00 r1=1.1958e+02 r2=8.5000e+02 p=6.5000e-01 epsV=1.5000e+00 epsZ=8.0000e-01 
New pars (  49): DC=6.2274e+00 r1=1.1958e+02 r2=8.5000e+02 p=6.5000e-01 epsV=1.5000e+00 epsZ=8.0000e-01 
New pars (  50): DC=6.2274e+00 r1=1.1958e+02 r2=8.5000e+02 p=6.5000e-01 epsV=1.5000e+00 epsZ=8.0000e-01 
New pars (  51): DC=6.2274e+00 r1=1.1958e+02 r2=8.5000e+02 p=6.5018e-01 epsV=1.5000e+00 epsZ=8.0000e-01 
New pars (  52): DC=6.2274e+00 r1=1.1958e+02 r2=8.5000e+02 p=6.4982e-01 epsV=1.5000e+00 epsZ=8.0000e-01 
New pars (  53): DC=6.2274e+00 r1=1.1958e+02 r2=8.5000e+02 p=6.5000e-01 epsV=1.5005e+00 epsZ=8.0000e-01 
New pars (  54): DC=6.2274e+00 r1=1.1958e+02 r2=8.5000e+02 p=6.5000e-01 epsV=1.5000e+00 epsZ=8.0000e-01 
New pars (  55): DC=6.2274e+00 r1=1.1958e+02 r2=8.5000e+02 p=6.5000e-01 epsV=1.5000e+00 epsZ=8.0000e-01 
New pars (  56): DC=6.2274e+00 r1=1.1957e+02 r2=8.5000e+02 p=6.5000e-01 epsV=1.5000e+00 epsZ=8.0000e-01 
New pars (  57): DC=6.2274e+00 r1=1.1955e+02 r2=8.5000e+02 p=6.5000e-01 epsV=1.5000e+00 epsZ=8.0000e-01 
New pars (  58): DC=6.2274e+00 r1=1.1949e+02 r2=8.5000e+02 p=6.5000e-01 epsV=1.5000e+00 epsZ=8.0000e-01 
New pars (  59): DC=6.2274e+00 r1=1.1930e+02 r2=8.5000e+02 p=6.5000e-01 epsV=1.5000e+00 epsZ=8.0000e-01 
New pars (  60): DC=6.2274e+00 r1=1.1887e+02 r2=8.5000e+02 p=6.5000e-01 epsV=1.5000e+00 epsZ=8.0000e-01 
New pars (  61): DC=6.2298e+00 r1=1.1887e+02 r2=8.5000e+02 p=6.5000e-01 epsV=1.5000e+00 epsZ=8.0000e-01 
New pars (  62): DC=6.2250e+00 r1=1.1887e+02 r2=8.5000e+02 p=6.5000e-01 epsV=1.5000e+00 epsZ=8.0000e-01 
New pars (  63): DC=6.2274e+00 r1=1.1888e+02 r2=8.5000e+02 p=6.5000e-01 epsV=1.5000e+00 epsZ=8.0000e-01 
New pars (  64): DC=6.2274e+00 r1=1.1887e+02 r2=8.5000e+02 p=6.5000e-01 epsV=1.5000e+00 epsZ=8.0000e-01 
New pars (  65): DC=6.2274e+00 r1=1.1887e+02 r2=8.5000e+02 p=6.5000e-01 epsV=1.5000e+00 epsZ=8.0000e-01 
New pars (  66): DC=6.2274e+00 r1=1.1887e+02 r2=8.5000e+02 p=6.5000e-01 epsV=1.5000e+00 epsZ=8.0000e-01 
New pars (  67): DC=6.2274e+00 r1=1.1887e+02 r2=8.5000e+02 p=6.5014e-01 epsV=1.5000e+00 epsZ=8.0000e-01 
New pars (  68): DC=6.2274e+00 r1=1.1887e+02 r2=8.5000e+02 p=6.4986e-01 epsV=1.5000e+00 epsZ=8.0000e-01 
New pars (  69): DC=6.2274e+00 r1=1.1887e+02 r2=8.5000e+02 p=6.5000e-01 epsV=1.5005e+00 epsZ=8.0000e-01 
New pars (  70): DC=6.2274e+00 r1=1.1887e+02 r2=8.5000e+02 p=6.5000e-01 epsV=1.5000e+00 epsZ=8.0000e-01 
New pars (  71): DC=6.2274e+00 r1=1.1886e+02 r2=8.5000e+02 p=6.5000e-01 epsV=1.5000e+00 epsZ=8.0000e-01 
New pars (  72): DC=6.2274e+00 r1=1.1885e+02 r2=8.5000e+02 p=6.5000e-01 epsV=1.5000e+00 epsZ=8.0000e-01 
New pars (  73): DC=6.2274e+00 r1=1.1879e+02 r2=8.5000e+02 p=6.5000e-01 epsV=1.5000e+00 epsZ=8.0000e-01 
New pars (  74): DC=6.2274e+00 r1=1.1863e+02 r2=8.5000e+02 p=6.5000e-01 epsV=1.5000e+00 epsZ=8.0000e-01 
New pars (  75): DC=6.2274e+00 r1=1.1816e+02 r2=8.5000e+02 p=6.5000e-01 epsV=1.5000e+00 epsZ=8.0000e-01 
New pars (  76): DC=6.2274e+00 r1=1.1710e+02 r2=8.5000e+02 p=6.5000e-01 epsV=1.5000e+00 epsZ=8.0000e-01 
New pars (  77): DC=6.2298e+00 r1=1.1710e+02 r2=8.5000e+02 p=6.5000e-01 epsV=1.5000e+00 epsZ=8.0000e-01 
New pars (  78): DC=6.2251e+00 r1=1.1710e+02 r2=8.5000e+02 p=6.5000e-01 epsV=1.5000e+00 epsZ=8.0000e-01 
New pars (  79): DC=6.2274e+00 r1=1.1711e+02 r2=8.5000e+02 p=6.5000e-01 epsV=1.5000e+00 epsZ=8.0000e-01 
New pars (  80): DC=6.2274e+00 r1=1.1710e+02 r2=8.5000e+02 p=6.5000e-01 epsV=1.5000e+00 epsZ=8.0000e-01 
New pars (  81): DC=6.2274e+00 r1=1.1710e+02 r2=8.5000e+02 p=6.5000e-01 epsV=1.5000e+00 epsZ=8.0000e-01 
New pars (  82): DC=6.2274e+00 r1=1.1710e+02 r2=8.5000e+02 p=6.5000e-01 epsV=1.5000e+00 epsZ=8.0000e-01 
New pars (  83): DC=6.2274e+00 r1=1.1710e+02 r2=8.5000e+02 p=6.5014e-01 epsV=1.5000e+00 epsZ=8.0000e-01 
New pars (  84): DC=6.2274e+00 r1=1.1710e+02 r2=8.5000e+02 p=6.4986e-01 epsV=1.5000e+00 epsZ=8.0000e-01 
New pars (  85): DC=6.2274e+00 r1=1.1710e+02 r2=8.5000e+02 p=6.5000e-01 epsV=1.5005e+00 epsZ=8.0000e-01 
New pars (  86): DC=6.2274e+00 r1=1.1710e+02 r2=8.5000e+02 p=6.5000e-01 epsV=1.5000e+00 epsZ=8.0000e-01 
New pars (  87): DC=6.2274e+00 r1=1.1708e+02 r2=8.5000e+02 p=6.5000e-01 epsV=1.5000e+00 epsZ=8.0000e-01 
New pars (  88): DC=6.2274e+00 r1=1.1704e+02 r2=8.5000e+02 p=6.5000e-01 epsV=1.5000e+00 epsZ=8.0000e-01 
New pars (  89): DC=6.2274e+00 r1=1.1691e+02 r2=8.5000e+02 p=6.5000e-01 epsV=1.5000e+00 epsZ=8.0000e-01 
New pars (  90): DC=6.2274e+00 r1=1.1651e+02 r2=8.5000e+02 p=6.5000e-01 epsV=1.5000e+00 epsZ=8.0000e-01 
New pars (  91): DC=6.2274e+00 r1=1.1533e+02 r2=8.5000e+02 p=6.5000e-01 epsV=1.5000e+00 epsZ=8.0000e-01 
New pars (  92): DC=6.2274e+00 r1=1.1272e+02 r2=8.5000e+02 p=6.5000e-01 epsV=1.5000e+00 epsZ=8.0000e-01 
New pars (  93): DC=6.2297e+00 r1=1.1272e+02 r2=8.5000e+02 p=6.5000e-01 epsV=1.5000e+00 epsZ=8.0000e-01 
New pars (  94): DC=6.2252e+00 r1=1.1272e+02 r2=8.5000e+02 p=6.5000e-01 epsV=1.5000e+00 epsZ=8.0000e-01 
New pars (  95): DC=6.2274e+00 r1=1.1273e+02 r2=8.5000e+02 p=6.5000e-01 epsV=1.5000e+00 epsZ=8.0000e-01 
New pars (  96): DC=6.2274e+00 r1=1.1271e+02 r2=8.5000e+02 p=6.5000e-01 epsV=1.5000e+00 epsZ=8.0000e-01 
New pars (  97): DC=6.2274e+00 r1=1.1277e+02 r2=8.5000e+02 p=6.5000e-01 epsV=1.5000e+00 epsZ=8.0000e-01 
New pars (  98): DC=6.2274e+00 r1=1.1267e+02 r2=8.5000e+02 p=6.5000e-01 epsV=1.5000e+00 epsZ=8.0000e-01 
New pars (  99): DC=6.2274e+00 r1=1.1272e+02 r2=8.5001e+02 p=6.5000e-01 epsV=1.5000e+00 epsZ=8.0000e-01 
New pars ( 100): DC=6.2274e+00 r1=1.1272e+02 r2=8.4999e+02 p=6.5000e-01 epsV=1.5000e+00 epsZ=8.0000e-01 
New pars ( 101): DC=6.2274e+00 r1=1.1272e+02 r2=8.5001e+02 p=6.5000e-01 epsV=1.5000e+00 epsZ=8.0000e-01 
New pars ( 102): DC=6.2274e+00 r1=1.1272e+02 r2=8.4999e+02 p=6.5000e-01 epsV=1.5000e+00 epsZ=8.0000e-01 
New pars ( 103): DC=6.2274e+00 r1=1.1272e+02 r2=8.5000e+02 p=6.5013e-01 epsV=1.5000e+00 epsZ=8.0000e-01 
New pars ( 104): DC=6.2274e+00 r1=1.1272e+02 r2=8.5000e+02 p=6.4987e-01 epsV=1.5000e+00 epsZ=8.0000e-01 
New pars ( 105): DC=6.2274e+00 r1=1.1272e+02 r2=8.5000e+02 p=6.5000e-01 epsV=1.5004e+00 epsZ=8.0000e-01 
New pars ( 106): DC=6.2274e+00 r1=1.1272e+02 r2=8.4999e+02 p=6.5000e-01 epsV=1.5000e+00 epsZ=8.0000e-01 
New pars ( 107): DC=6.2274e+00 r1=1.1272e+02 r2=8.4993e+02 p=6.5000e-01 epsV=1.5000e+00 epsZ=8.0000e-01 
New pars ( 108): DC=6.2274e+00 r1=1.1272e+02 r2=8.4978e+02 p=6.5000e-01 epsV=1.5000e+00 epsZ=8.0000e-01 
New pars ( 109): DC=6.2274e+00 r1=1.1272e+02 r2=8.4934e+02 p=6.5000e-01 epsV=1.5000e+00 epsZ=8.0000e-01 
New pars ( 110): DC=6.2274e+00 r1=1.1272e+02 r2=8.4802e+02 p=6.5000e-01 epsV=1.5000e+00 epsZ=8.0000e-01 
New pars ( 111): DC=6.2274e+00 r1=1.1272e+02 r2=8.4405e+02 p=6.5000e-01 epsV=1.5000e+00 epsZ=8.0000e-01 
New pars ( 112): DC=6.2274e+00 r1=1.1272e+02 r2=8.3532e+02 p=6.5000e-01 epsV=1.5000e+00 epsZ=8.0000e-01 
New pars ( 113): DC=6.2295e+00 r1=1.1272e+02 r2=8.3532e+02 p=6.5000e-01 epsV=1.5000e+00 epsZ=8.0000e-01 
New pars ( 114): DC=6.2254e+00 r1=1.1272e+02 r2=8.3532e+02 p=6.5000e-01 epsV=1.5000e+00 epsZ=8.0000e-01 
New pars ( 115): DC=6.2274e+00 r1=1.1275e+02 r2=8.3532e+02 p=6.5000e-01 epsV=1.5000e+00 epsZ=8.0000e-01 
New pars ( 116): DC=6.2274e+00 r1=1.1268e+02 r2=8.3532e+02 p=6.5000e-01 epsV=1.5000e+00 epsZ=8.0000e-01 
New pars ( 117): DC=6.2274e+00 r1=1.1272e+02 r2=8.3534e+02 p=6.5000e-01 epsV=1.5000e+00 epsZ=8.0000e-01 
New pars ( 118): DC=6.2274e+00 r1=1.1272e+02 r2=8.3530e+02 p=6.5000e-01 epsV=1.5000e+00 epsZ=8.0000e-01 
New pars ( 119): DC=6.2274e+00 r1=1.1272e+02 r2=8.3540e+02 p=6.5000e-01 epsV=1.5000e+00 epsZ=8.0000e-01 
New pars ( 120): DC=6.2274e+00 r1=1.1272e+02 r2=8.3523e+02 p=6.5000e-01 epsV=1.5000e+00 epsZ=8.0000e-01 
New pars ( 121): DC=6.2274e+00 r1=1.1272e+02 r2=8.3532e+02 p=6.5014e-01 epsV=1.5000e+00 epsZ=8.0000e-01 
New pars ( 122): DC=6.2274e+00 r1=1.1272e+02 r2=8.3532e+02 p=6.4986e-01 epsV=1.5000e+00 epsZ=8.0000e-01 
New pars ( 123): DC=6.2274e+00 r1=1.1272e+02 r2=8.3532e+02 p=6.5000e-01 epsV=1.5005e+00 epsZ=8.0000e-01 
New pars ( 124): DC=5.6602e+00 r1=5.0643e+01 r2=7.0751e+02 p=3.7795e-01 epsV=9.5298e-01 epsZ=2.3281e-01 
New pars ( 125): DC=6.0972e+00 r1=9.8463e+01 r2=8.0597e+02 p=5.8753e-01 epsV=1.3744e+00 epsZ=6.6975e-01 
New pars ( 126): DC=6.0983e+00 r1=9.8463e+01 r2=8.0597e+02 p=5.8753e-01 epsV=1.3744e+00 epsZ=6.6975e-01 
New pars ( 127): DC=6.0961e+00 r1=9.8463e+01 r2=8.0597e+02 p=5.8753e-01 epsV=1.3744e+00 epsZ=6.6975e-01 
New pars ( 128): DC=6.0972e+00 r1=9.8481e+01 r2=8.0597e+02 p=5.8753e-01 epsV=1.3744e+00 epsZ=6.6975e-01 
New pars ( 129): DC=6.0972e+00 r1=9.8445e+01 r2=8.0597e+02 p=5.8753e-01 epsV=1.3744e+00 epsZ=6.6975e-01 
New pars ( 130): DC=6.0972e+00 r1=9.8476e+01 r2=8.0597e+02 p=5.8753e-01 epsV=1.3744e+00 epsZ=6.6975e-01 
New pars ( 131): DC=6.0972e+00 r1=9.8450e+01 r2=8.0597e+02 p=5.8753e-01 epsV=1.3744e+00 epsZ=6.6975e-01 
New pars ( 132): DC=6.0972e+00 r1=9.8463e+01 r2=8.0601e+02 p=5.8753e-01 epsV=1.3744e+00 epsZ=6.6975e-01 
New pars ( 133): DC=6.0972e+00 r1=9.8463e+01 r2=8.0593e+02 p=5.8753e-01 epsV=1.3744e+00 epsZ=6.6975e-01 
New pars ( 134): DC=6.0972e+00 r1=9.8463e+01 r2=8.0599e+02 p=5.8753e-01 epsV=1.3744e+00 epsZ=6.6975e-01 
New pars ( 135): DC=6.0972e+00 r1=9.8463e+01 r2=8.0595e+02 p=5.8753e-01 epsV=1.3744e+00 epsZ=6.6975e-01 
New pars ( 136): DC=6.0972e+00 r1=9.8463e+01 r2=8.0597e+02 p=5.8759e-01 epsV=1.3744e+00 epsZ=6.6975e-01 
New pars ( 137): DC=6.0972e+00 r1=9.8463e+01 r2=8.0597e+02 p=5.8746e-01 epsV=1.3744e+00 epsZ=6.6975e-01 
New pars ( 138): DC=6.0972e+00 r1=9.8463e+01 r2=8.0597e+02 p=5.8756e-01 epsV=1.3744e+00 epsZ=6.6975e-01 
New pars ( 139): DC=6.0972e+00 r1=9.8463e+01 r2=8.0597e+02 p=5.8750e-01 epsV=1.3744e+00 epsZ=6.6975e-01 
New pars ( 140): DC=6.0972e+00 r1=9.8463e+01 r2=8.0597e+02 p=5.8753e-01 epsV=1.3746e+00 epsZ=6.6975e-01 
New pars ( 141): DC=7.4923e+00 r1=9.1095e+01 r2=8.0309e+02 p=4.9436e-01 epsV=1.5244e+00 epsZ=8.4751e-01 
New pars ( 142): DC=7.2333e+00 r1=9.2463e+01 r2=8.0363e+02 p=5.1166e-01 epsV=1.4966e+00 epsZ=8.1451e-01 
New pars ( 143): DC=7.2336e+00 r1=9.2463e+01 r2=8.0363e+02 p=5.1166e-01 epsV=1.4966e+00 epsZ=8.1451e-01 
New pars ( 144): DC=7.2331e+00 r1=9.2463e+01 r2=8.0363e+02 p=5.1166e-01 epsV=1.4966e+00 epsZ=8.1451e-01 
New pars ( 145): DC=7.2337e+00 r1=9.2463e+01 r2=8.0363e+02 p=5.1166e-01 epsV=1.4966e+00 epsZ=8.1451e-01 
New pars ( 146): DC=7.2330e+00 r1=9.2463e+01 r2=8.0363e+02 p=5.1166e-01 epsV=1.4966e+00 epsZ=8.1451e-01 
New pars ( 147): DC=7.2333e+00 r1=9.2465e+01 r2=8.0363e+02 p=5.1166e-01 epsV=1.4966e+00 epsZ=8.1451e-01 
New pars ( 148): DC=7.2333e+00 r1=9.2461e+01 r2=8.0363e+02 p=5.1166e-01 epsV=1.4966e+00 epsZ=8.1451e-01 
New pars ( 149): DC=7.2333e+00 r1=9.2463e+01 r2=8.0363e+02 p=5.1166e-01 epsV=1.4966e+00 epsZ=8.1451e-01 
New pars ( 150): DC=7.2333e+00 r1=9.2463e+01 r2=8.0363e+02 p=5.1166e-01 epsV=1.4966e+00 epsZ=8.1451e-01 
New pars ( 151): DC=7.2333e+00 r1=9.2463e+01 r2=8.0363e+02 p=5.1166e-01 epsV=1.4966e+00 epsZ=8.1451e-01 
New pars ( 152): DC=7.2333e+00 r1=9.2463e+01 r2=8.0363e+02 p=5.1165e-01 epsV=1.4966e+00 epsZ=8.1451e-01 
New pars ( 153): DC=7.2333e+00 r1=9.2463e+01 r2=8.0363e+02 p=5.1166e-01 epsV=1.4966e+00 epsZ=8.1451e-01 
New pars ( 154): DC=7.2333e+00 r1=9.2463e+01 r2=8.0363e+02 p=5.1166e-01 epsV=1.4966e+00 epsZ=8.1451e-01 
New pars ( 155): DC=7.2333e+00 r1=9.2463e+01 r2=8.0363e+02 p=5.1166e-01 epsV=1.4966e+00 epsZ=8.1451e-01 
New pars ( 156): DC=7.2778e+00 r1=9.2916e+01 r2=8.0215e+02 p=5.0991e-01 epsV=1.4848e+00 epsZ=8.0899e-01 
New pars ( 157): DC=7.2891e+00 r1=9.3031e+01 r2=8.0178e+02 p=5.0947e-01 epsV=1.4818e+00 epsZ=8.0758e-01 
New pars ( 158): DC=7.2894e+00 r1=9.3031e+01 r2=8.0178e+02 p=5.0947e-01 epsV=1.4818e+00 epsZ=8.0758e-01 
New pars ( 159): DC=7.2888e+00 r1=9.3031e+01 r2=8.0178e+02 p=5.0947e-01 epsV=1.4818e+00 epsZ=8.0758e-01 
New pars ( 160): DC=7.2893e+00 r1=9.3031e+01 r2=8.0178e+02 p=5.0947e-01 epsV=1.4818e+00 epsZ=8.0758e-01 
New pars ( 161): DC=7.2889e+00 r1=9.3031e+01 r2=8.0178e+02 p=5.0947e-01 epsV=1.4818e+00 epsZ=8.0758e-01 
New pars ( 162): DC=7.2891e+00 r1=9.3033e+01 r2=8.0178e+02 p=5.0947e-01 epsV=1.4818e+00 epsZ=8.0758e-01 
New pars ( 163): DC=7.2891e+00 r1=9.3029e+01 r2=8.0178e+02 p=5.0947e-01 epsV=1.4818e+00 epsZ=8.0758e-01 
New pars ( 164): DC=7.2891e+00 r1=9.3031e+01 r2=8.0178e+02 p=5.0947e-01 epsV=1.4818e+00 epsZ=8.0758e-01 
New pars ( 165): DC=7.2891e+00 r1=9.3031e+01 r2=8.0178e+02 p=5.0947e-01 epsV=1.4818e+00 epsZ=8.0758e-01 
New pars ( 166): DC=7.2891e+00 r1=9.3031e+01 r2=8.0178e+02 p=5.0947e-01 epsV=1.4818e+00 epsZ=8.0758e-01 
New pars ( 167): DC=7.2891e+00 r1=9.3031e+01 r2=8.0178e+02 p=5.0946e-01 epsV=1.4818e+00 epsZ=8.0758e-01 
New pars ( 168): DC=7.2891e+00 r1=9.3031e+01 r2=8.0178e+02 p=5.0947e-01 epsV=1.4818e+00 epsZ=8.0758e-01 
New pars ( 169): DC=7.3278e+00 r1=9.3802e+01 r2=8.0101e+02 p=5.0879e-01 epsV=1.4809e+00 epsZ=8.0073e-01 
New pars ( 170): DC=7.4422e+00 r1=9.6083e+01 r2=7.9873e+02 p=5.0680e-01 epsV=1.4784e+00 epsZ=7.8047e-01 
New pars ( 171): DC=7.4424e+00 r1=9.6083e+01 r2=7.9873e+02 p=5.0680e-01 epsV=1.4784e+00 epsZ=7.8047e-01 
New pars ( 172): DC=7.4420e+00 r1=9.6083e+01 r2=7.9873e+02 p=5.0680e-01 epsV=1.4784e+00 epsZ=7.8047e-01 
New pars ( 173): DC=7.4422e+00 r1=9.6085e+01 r2=7.9873e+02 p=5.0680e-01 epsV=1.4784e+00 epsZ=7.8047e-01 
New pars ( 174): DC=7.4422e+00 r1=9.6081e+01 r2=7.9873e+02 p=5.0680e-01 epsV=1.4784e+00 epsZ=7.8047e-01 
New pars ( 175): DC=7.4422e+00 r1=9.6087e+01 r2=7.9873e+02 p=5.0680e-01 epsV=1.4784e+00 epsZ=7.8047e-01 
New pars ( 176): DC=7.4422e+00 r1=9.6078e+01 r2=7.9873e+02 p=5.0680e-01 epsV=1.4784e+00 epsZ=7.8047e-01 
New pars ( 177): DC=7.4422e+00 r1=9.6083e+01 r2=7.9873e+02 p=5.0680e-01 epsV=1.4784e+00 epsZ=7.8047e-01 
New pars ( 178): DC=7.4422e+00 r1=9.6083e+01 r2=7.9872e+02 p=5.0680e-01 epsV=1.4784e+00 epsZ=7.8047e-01 
New pars ( 179): DC=7.4422e+00 r1=9.6083e+01 r2=7.9873e+02 p=5.0680e-01 epsV=1.4784e+00 epsZ=7.8047e-01 
New pars ( 180): DC=7.4422e+00 r1=9.6083e+01 r2=7.9873e+02 p=5.0680e-01 epsV=1.4784e+00 epsZ=7.8047e-01 
New pars ( 181): DC=7.4422e+00 r1=9.6083e+01 r2=7.9873e+02 p=5.0680e-01 epsV=1.4784e+00 epsZ=7.8047e-01 
New pars ( 182): DC=7.4313e+00 r1=9.7085e+01 r2=7.9805e+02 p=5.0708e-01 epsV=1.4770e+00 epsZ=7.7389e-01 
New pars ( 183): DC=7.4216e+00 r1=9.7981e+01 r2=7.9744e+02 p=5.0732e-01 epsV=1.4758e+00 epsZ=7.6800e-01 
New pars ( 184): DC=7.4218e+00 r1=9.7981e+01 r2=7.9744e+02 p=5.0732e-01 epsV=1.4758e+00 epsZ=7.6800e-01 
New pars ( 185): DC=7.4213e+00 r1=9.7981e+01 r2=7.9744e+02 p=5.0732e-01 epsV=1.4758e+00 epsZ=7.6800e-01 
New pars ( 186): DC=7.4216e+00 r1=9.7988e+01 r2=7.9744e+02 p=5.0732e-01 epsV=1.4758e+00 epsZ=7.6800e-01 
New pars ( 187): DC=7.4216e+00 r1=9.7975e+01 r2=7.9744e+02 p=5.0732e-01 epsV=1.4758e+00 epsZ=7.6800e-01 
New pars ( 188): DC=7.4216e+00 r1=9.7985e+01 r2=7.9744e+02 p=5.0732e-01 epsV=1.4758e+00 epsZ=7.6800e-01 
New pars ( 189): DC=7.4216e+00 r1=9.7977e+01 r2=7.9744e+02 p=5.0732e-01 epsV=1.4758e+00 epsZ=7.6800e-01 
New pars ( 190): DC=7.4216e+00 r1=9.7981e+01 r2=7.9744e+02 p=5.0732e-01 epsV=1.4758e+00 epsZ=7.6800e-01 
New pars ( 191): DC=7.4216e+00 r1=9.7981e+01 r2=7.9743e+02 p=5.0732e-01 epsV=1.4758e+00 epsZ=7.6800e-01 
New pars ( 192): DC=7.4216e+00 r1=9.7981e+01 r2=7.9744e+02 p=5.0733e-01 epsV=1.4758e+00 epsZ=7.6800e-01 
New pars ( 193): DC=7.4216e+00 r1=9.7981e+01 r2=7.9744e+02 p=5.0732e-01 epsV=1.4758e+00 epsZ=7.6800e-01 
New pars ( 194): DC=7.4216e+00 r1=9.7981e+01 r2=7.9744e+02 p=5.0732e-01 epsV=1.4758e+00 epsZ=7.6800e-01 
New pars ( 195): DC=7.4060e+00 r1=9.8609e+01 r2=7.9696e+02 p=5.0565e-01 epsV=1.4777e+00 epsZ=7.6687e-01 
New pars ( 196): DC=7.3436e+00 r1=1.0112e+02 r2=7.9505e+02 p=4.9896e-01 epsV=1.4852e+00 epsZ=7.6233e-01 
New pars ( 197): DC=7.3438e+00 r1=1.0112e+02 r2=7.9505e+02 p=4.9896e-01 epsV=1.4852e+00 epsZ=7.6233e-01 
New pars ( 198): DC=7.3434e+00 r1=1.0112e+02 r2=7.9505e+02 p=4.9896e-01 epsV=1.4852e+00 epsZ=7.6233e-01 
New pars ( 199): DC=7.3436e+00 r1=1.0113e+02 r2=7.9505e+02 p=4.9896e-01 epsV=1.4852e+00 epsZ=7.6233e-01 
New pars ( 200): DC=7.3436e+00 r1=1.0112e+02 r2=7.9505e+02 p=4.9896e-01 epsV=1.4852e+00 epsZ=7.6233e-01 
New pars ( 201): DC=7.3436e+00 r1=1.0112e+02 r2=7.9505e+02 p=4.9896e-01 epsV=1.4852e+00 epsZ=7.6233e-01 
New pars ( 202): DC=7.3436e+00 r1=1.0112e+02 r2=7.9504e+02 p=4.9896e-01 epsV=1.4852e+00 epsZ=7.6233e-01 
New pars ( 203): DC=7.3436e+00 r1=1.0112e+02 r2=7.9505e+02 p=4.9896e-01 epsV=1.4852e+00 epsZ=7.6233e-01 
New pars ( 204): DC=7.3436e+00 r1=1.0112e+02 r2=7.9504e+02 p=4.9896e-01 epsV=1.4852e+00 epsZ=7.6233e-01 
New pars ( 205): DC=7.3436e+00 r1=1.0112e+02 r2=7.9505e+02 p=4.9896e-01 epsV=1.4852e+00 epsZ=7.6233e-01 
New pars ( 206): DC=7.3436e+00 r1=1.0112e+02 r2=7.9505e+02 p=4.9895e-01 epsV=1.4852e+00 epsZ=7.6233e-01 
New pars ( 207): DC=7.3436e+00 r1=1.0112e+02 r2=7.9505e+02 p=4.9896e-01 epsV=1.4852e+00 epsZ=7.6233e-01 
New pars ( 208): DC=7.3436e+00 r1=1.0112e+02 r2=7.9505e+02 p=4.9895e-01 epsV=1.4852e+00 epsZ=7.6233e-01 
New pars ( 209): DC=7.3436e+00 r1=1.0112e+02 r2=7.9505e+02 p=4.9896e-01 epsV=1.4852e+00 epsZ=7.6233e-01 
New pars ( 210): DC=7.3424e+00 r1=1.0111e+02 r2=7.9506e+02 p=4.9905e-01 epsV=1.4853e+00 epsZ=7.6284e-01 
New pars ( 211): DC=7.3415e+00 r1=1.0111e+02 r2=7.9506e+02 p=4.9912e-01 epsV=1.4853e+00 epsZ=7.6319e-01 
New pars ( 212): DC=7.3418e+00 r1=1.0111e+02 r2=7.9506e+02 p=4.9912e-01 epsV=1.4853e+00 epsZ=7.6319e-01 
New pars ( 213): DC=7.3413e+00 r1=1.0111e+02 r2=7.9506e+02 p=4.9912e-01 epsV=1.4853e+00 epsZ=7.6319e-01 
New pars ( 214): DC=7.3415e+00 r1=1.0111e+02 r2=7.9506e+02 p=4.9912e-01 epsV=1.4853e+00 epsZ=7.6319e-01 
New pars ( 215): DC=7.3415e+00 r1=1.0111e+02 r2=7.9506e+02 p=4.9912e-01 epsV=1.4853e+00 epsZ=7.6319e-01 
New pars ( 216): DC=7.3415e+00 r1=1.0111e+02 r2=7.9507e+02 p=4.9912e-01 epsV=1.4853e+00 epsZ=7.6319e-01 
New pars ( 217): DC=7.3415e+00 r1=1.0111e+02 r2=7.9506e+02 p=4.9912e-01 epsV=1.4853e+00 epsZ=7.6319e-01 
New pars ( 218): DC=7.3415e+00 r1=1.0111e+02 r2=7.9506e+02 p=4.9912e-01 epsV=1.4853e+00 epsZ=7.6319e-01 
New pars ( 219): DC=7.3415e+00 r1=1.0111e+02 r2=7.9506e+02 p=4.9911e-01 epsV=1.4853e+00 epsZ=7.6319e-01 
New pars ( 220): DC=7.3415e+00 r1=1.0111e+02 r2=7.9506e+02 p=4.9913e-01 epsV=1.4853e+00 epsZ=7.6319e-01 
New pars ( 221): DC=7.3415e+00 r1=1.0111e+02 r2=7.9506e+02 p=4.9911e-01 epsV=1.4853e+00 epsZ=7.6319e-01 
New pars ( 222): DC=7.3415e+00 r1=1.0111e+02 r2=7.9506e+02 p=4.9912e-01 epsV=1.4853e+00 epsZ=7.6319e-01 
New pars ( 223): DC=7.3416e+00 r1=1.0112e+02 r2=7.9504e+02 p=4.9913e-01 epsV=1.4852e+00 epsZ=7.6361e-01 
New pars ( 224): DC=7.3416e+00 r1=1.0115e+02 r2=7.9494e+02 p=4.9917e-01 epsV=1.4846e+00 epsZ=7.6528e-01 
New pars ( 225): DC=7.3417e+00 r1=1.0122e+02 r2=7.9470e+02 p=4.9928e-01 epsV=1.4832e+00 epsZ=7.6946e-01 
New pars ( 226): DC=7.3421e+00 r1=1.0144e+02 r2=7.9397e+02 p=4.9961e-01 epsV=1.4789e+00 epsZ=7.8201e-01 
New pars ( 227): DC=7.3431e+00 r1=1.0211e+02 r2=7.9178e+02 p=5.0059e-01 epsV=1.4660e+00 epsZ=8.1965e-01 
New pars ( 228): DC=7.3442e+00 r1=1.0277e+02 r2=7.8962e+02 p=5.0155e-01 epsV=1.4534e+00 epsZ=8.5671e-01 
New pars ( 229): DC=7.3444e+00 r1=1.0277e+02 r2=7.8962e+02 p=5.0155e-01 epsV=1.4534e+00 epsZ=8.5671e-01 
New pars ( 230): DC=7.3439e+00 r1=1.0277e+02 r2=7.8962e+02 p=5.0155e-01 epsV=1.4534e+00 epsZ=8.5671e-01 
New pars ( 231): DC=7.3442e+00 r1=1.0277e+02 r2=7.8962e+02 p=5.0155e-01 epsV=1.4534e+00 epsZ=8.5671e-01 
New pars ( 232): DC=7.3442e+00 r1=1.0276e+02 r2=7.8962e+02 p=5.0155e-01 epsV=1.4534e+00 epsZ=8.5671e-01 
New pars ( 233): DC=7.3442e+00 r1=1.0277e+02 r2=7.8963e+02 p=5.0155e-01 epsV=1.4534e+00 epsZ=8.5671e-01 
New pars ( 234): DC=7.3442e+00 r1=1.0277e+02 r2=7.8961e+02 p=5.0155e-01 epsV=1.4534e+00 epsZ=8.5671e-01 
New pars ( 235): DC=7.3442e+00 r1=1.0277e+02 r2=7.8962e+02 p=5.0156e-01 epsV=1.4534e+00 epsZ=8.5671e-01 
New pars ( 236): DC=7.3442e+00 r1=1.0277e+02 r2=7.8962e+02 p=5.0154e-01 epsV=1.4534e+00 epsZ=8.5671e-01 
New pars ( 237): DC=7.3442e+00 r1=1.0277e+02 r2=7.8962e+02 p=5.0155e-01 epsV=1.4534e+00 epsZ=8.5671e-01 
New pars ( 238): DC=7.3539e+00 r1=1.0323e+02 r2=7.8866e+02 p=5.0121e-01 epsV=1.4493e+00 epsZ=8.6635e-01 
New pars ( 239): DC=7.3552e+00 r1=1.0329e+02 r2=7.8854e+02 p=5.0117e-01 epsV=1.4488e+00 epsZ=8.6763e-01 
New pars ( 240): DC=7.3554e+00 r1=1.0329e+02 r2=7.8854e+02 p=5.0117e-01 epsV=1.4488e+00 epsZ=8.6763e-01 
New pars ( 241): DC=7.3550e+00 r1=1.0329e+02 r2=7.8854e+02 p=5.0117e-01 epsV=1.4488e+00 epsZ=8.6763e-01 
New pars ( 242): DC=7.3552e+00 r1=1.0329e+02 r2=7.8854e+02 p=5.0117e-01 epsV=1.4488e+00 epsZ=8.6763e-01 
New pars ( 243): DC=7.3552e+00 r1=1.0329e+02 r2=7.8854e+02 p=5.0117e-01 epsV=1.4488e+00 epsZ=8.6763e-01 
New pars ( 244): DC=7.3552e+00 r1=1.0329e+02 r2=7.8854e+02 p=5.0117e-01 epsV=1.4488e+00 epsZ=8.6763e-01 
New pars ( 245): DC=7.3552e+00 r1=1.0329e+02 r2=7.8853e+02 p=5.0117e-01 epsV=1.4488e+00 epsZ=8.6763e-01 
New pars ( 246): DC=7.3552e+00 r1=1.0329e+02 r2=7.8854e+02 p=5.0118e-01 epsV=1.4488e+00 epsZ=8.6763e-01 
New pars ( 247): DC=7.3552e+00 r1=1.0329e+02 r2=7.8854e+02 p=5.0116e-01 epsV=1.4488e+00 epsZ=8.6763e-01 
New pars ( 248): DC=7.3552e+00 r1=1.0329e+02 r2=7.8854e+02 p=5.0117e-01 epsV=1.4488e+00 epsZ=8.6763e-01 
New pars ( 249): DC=7.3555e+00 r1=1.0329e+02 r2=7.8853e+02 p=5.0118e-01 epsV=1.4487e+00 epsZ=8.6785e-01 
New pars ( 250): DC=7.3555e+00 r1=1.0329e+02 r2=7.8853e+02 p=5.0118e-01 epsV=1.4487e+00 epsZ=8.6784e-01 
New pars ( 251): DC=7.3557e+00 r1=1.0329e+02 r2=7.8853e+02 p=5.0118e-01 epsV=1.4487e+00 epsZ=8.6785e-01 
New pars ( 252): DC=7.3553e+00 r1=1.0329e+02 r2=7.8853e+02 p=5.0118e-01 epsV=1.4487e+00 epsZ=8.6785e-01 
New pars ( 253): DC=7.3555e+00 r1=1.0330e+02 r2=7.8853e+02 p=5.0118e-01 epsV=1.4487e+00 epsZ=8.6785e-01 
New pars ( 254): DC=7.3555e+00 r1=1.0329e+02 r2=7.8853e+02 p=5.0118e-01 epsV=1.4487e+00 epsZ=8.6785e-01 
New pars ( 255): DC=7.3555e+00 r1=1.0329e+02 r2=7.8853e+02 p=5.0118e-01 epsV=1.4487e+00 epsZ=8.6785e-01 
New pars ( 256): DC=7.3555e+00 r1=1.0329e+02 r2=7.8852e+02 p=5.0118e-01 epsV=1.4487e+00 epsZ=8.6785e-01 
New pars ( 257): DC=7.3555e+00 r1=1.0329e+02 r2=7.8853e+02 p=5.0119e-01 epsV=1.4487e+00 epsZ=8.6785e-01 
New pars ( 258): DC=7.3555e+00 r1=1.0329e+02 r2=7.8853e+02 p=5.0117e-01 epsV=1.4487e+00 epsZ=8.6785e-01 
New pars ( 259): DC=7.3555e+00 r1=1.0329e+02 r2=7.8853e+02 p=5.0118e-01 epsV=1.4488e+00 epsZ=8.6785e-01 
New pars ( 260): DC=7.3554e+00 r1=1.0330e+02 r2=7.8853e+02 p=5.0117e-01 epsV=1.4488e+00 epsZ=8.6777e-01 
New pars ( 261): DC=7.3554e+00 r1=1.0329e+02 r2=7.8853e+02 p=5.0118e-01 epsV=1.4488e+00 epsZ=8.6782e-01 
New pars ( 262): DC=7.3555e+00 r1=1.0329e+02 r2=7.8853e+02 p=5.0118e-01 epsV=1.4487e+00 epsZ=8.6784e-01 
New pars ( 263): DC=7.3555e+00 r1=1.0329e+02 r2=7.8853e+02 p=5.0118e-01 epsV=1.4487e+00 epsZ=8.6785e-01 
New pars ( 264): DC=7.3555e+00 r1=1.0329e+02 r2=7.8853e+02 p=5.0118e-01 epsV=1.4487e+00 epsZ=8.6785e-01 
New pars ( 265): DC=7.3557e+00 r1=1.0329e+02 r2=7.8853e+02 p=5.0118e-01 epsV=1.4487e+00 epsZ=8.6785e-01 
New pars ( 266): DC=7.3553e+00 r1=1.0329e+02 r2=7.8853e+02 p=5.0118e-01 epsV=1.4487e+00 epsZ=8.6785e-01 
New pars ( 267): DC=7.3555e+00 r1=1.0330e+02 r2=7.8853e+02 p=5.0118e-01 epsV=1.4487e+00 epsZ=8.6785e-01 
New pars ( 268): DC=7.3555e+00 r1=1.0329e+02 r2=7.8853e+02 p=5.0118e-01 epsV=1.4487e+00 epsZ=8.6785e-01 
New pars ( 269): DC=7.3555e+00 r1=1.0329e+02 r2=7.8853e+02 p=5.0118e-01 epsV=1.4487e+00 epsZ=8.6785e-01 
New pars ( 270): DC=7.3555e+00 r1=1.0329e+02 r2=7.8852e+02 p=5.0118e-01 epsV=1.4487e+00 epsZ=8.6785e-01 
New pars ( 271): DC=7.3555e+00 r1=1.0329e+02 r2=7.8853e+02 p=5.0119e-01 epsV=1.4487e+00 epsZ=8.6785e-01 
New pars ( 272): DC=7.3555e+00 r1=1.0329e+02 r2=7.8853e+02 p=5.0117e-01 epsV=1.4487e+00 epsZ=8.6785e-01 
New pars ( 273): DC=7.3555e+00 r1=1.0329e+02 r2=7.8853e+02 p=5.0118e-01 epsV=1.4488e+00 epsZ=8.6785e-01 
New pars ( 274): DC=7.3555e+00 r1=1.0329e+02 r2=7.8853e+02 p=5.0118e-01 epsV=1.4487e+00 epsZ=8.6785e-01 
New pars ( 275): DC=7.3554e+00 r1=1.0329e+02 r2=7.8853e+02 p=5.0118e-01 epsV=1.4487e+00 epsZ=8.6785e-01 
New pars ( 276): DC=7.3555e+00 r1=1.0329e+02 r2=7.8853e+02 p=5.0118e-01 epsV=1.4487e+00 epsZ=8.6785e-01 
New pars ( 277): DC=7.3555e+00 r1=1.0329e+02 r2=7.8853e+02 p=5.0118e-01 epsV=1.4487e+00 epsZ=8.6785e-01 
New pars ( 278): DC=7.3555e+00 r1=1.0329e+02 r2=7.8853e+02 p=5.0118e-01 epsV=1.4487e+00 epsZ=8.6785e-01 
New pars ( 279): DC=7.3555e+00 r1=1.0329e+02 r2=7.8853e+02 p=5.0118e-01 epsV=1.4487e+00 epsZ=8.6785e-01 
New pars ( 280): DC=7.3555e+00 r1=1.0329e+02 r2=7.8853e+02 p=5.0118e-01 epsV=1.4487e+00 epsZ=8.6785e-01 
New pars ( 281): DC=7.3555e+00 r1=1.0329e+02 r2=7.8853e+02 p=5.0118e-01 epsV=1.4487e+00 epsZ=8.6785e-01 
New pars ( 282): DC=7.3555e+00 r1=1.0329e+02 r2=7.8853e+02 p=5.0118e-01 epsV=1.4487e+00 epsZ=8.6785e-01 
New pars ( 283): DC=7.3555e+00 r1=1.0329e+02 r2=7.8852e+02 p=5.0118e-01 epsV=1.4487e+00 epsZ=8.6785e-01 
New pars ( 284): DC=7.3555e+00 r1=1.0329e+02 r2=7.8853e+02 p=5.0118e-01 epsV=1.4487e+00 epsZ=8.6785e-01 
New pars ( 285): DC=7.3555e+00 r1=1.0329e+02 r2=7.8853e+02 p=5.0118e-01 epsV=1.4487e+00 epsZ=8.6785e-01 
New pars ( 286): DC=7.3555e+00 r1=1.0329e+02 r2=7.8853e+02 p=5.0118e-01 epsV=1.4487e+00 epsZ=8.6785e-01 
New pars ( 287): DC=7.3555e+00 r1=1.0329e+02 r2=7.8853e+02 p=5.0118e-01 epsV=1.4487e+00 epsZ=8.6785e-01 
New pars ( 288): DC=7.3555e+00 r1=1.0329e+02 r2=7.8853e+02 p=5.0118e-01 epsV=1.4487e+00 epsZ=8.6785e-01 
New pars ( 289): DC=7.3555e+00 r1=1.0329e+02 r2=7.8853e+02 p=5.0118e-01 epsV=1.4487e+00 epsZ=8.6785e-01 
New pars ( 290): DC=7.3555e+00 r1=1.0329e+02 r2=7.8853e+02 p=5.0118e-01 epsV=1.4487e+00 epsZ=8.6785e-01 
New pars ( 291): DC=7.3557e+00 r1=1.0330e+02 r2=7.8853e+02 p=5.0118e-01 epsV=1.4487e+00 epsZ=8.6785e-01 
New pars ( 292): DC=7.3557e+00 r1=1.0329e+02 r2=7.8853e+02 p=5.0118e-01 epsV=1.4487e+00 epsZ=8.6785e-01 
New pars ( 293): DC=7.3555e+00 r1=1.0330e+02 r2=7.8853e+02 p=5.0118e-01 epsV=1.4487e+00 epsZ=8.6785e-01 
New pars ( 294): DC=7.3557e+00 r1=1.0329e+02 r2=7.8853e+02 p=5.0119e-01 epsV=1.4487e+00 epsZ=8.6785e-01 
New pars ( 295): DC=7.3555e+00 r1=1.0330e+02 r2=7.8853e+02 p=5.0119e-01 epsV=1.4487e+00 epsZ=8.6785e-01 
New pars ( 296): DC=7.3555e+00 r1=1.0329e+02 r2=7.8853e+02 p=5.0119e-01 epsV=1.4487e+00 epsZ=8.6785e-01 
New pars ( 297): DC=7.3557e+00 r1=1.0329e+02 r2=7.8853e+02 p=5.0118e-01 epsV=1.4488e+00 epsZ=8.6785e-01 
New pars ( 298): DC=7.3555e+00 r1=1.0330e+02 r2=7.8853e+02 p=5.0118e-01 epsV=1.4488e+00 epsZ=8.6785e-01 
New pars ( 299): DC=7.3555e+00 r1=1.0329e+02 r2=7.8853e+02 p=5.0118e-01 epsV=1.4488e+00 epsZ=8.6785e-01 
New pars ( 300): DC=7.3555e+00 r1=1.0329e+02 r2=7.8853e+02 p=5.0119e-01 epsV=1.4488e+00 epsZ=8.6785e-01 
New pars ( 301): DC=7.3557e+00 r1=1.0329e+02 r2=7.8853e+02 p=5.0118e-01 epsV=1.4487e+00 epsZ=8.6792e-01 
New pars ( 302): DC=7.3555e+00 r1=1.0330e+02 r2=7.8853e+02 p=5.0118e-01 epsV=1.4487e+00 epsZ=8.6792e-01 
New pars ( 303): DC=7.3555e+00 r1=1.0329e+02 r2=7.8853e+02 p=5.0118e-01 epsV=1.4487e+00 epsZ=8.6792e-01 
New pars ( 304): DC=7.3555e+00 r1=1.0329e+02 r2=7.8853e+02 p=5.0119e-01 epsV=1.4487e+00 epsZ=8.6792e-01 
New pars ( 305): DC=7.3555e+00 r1=1.0329e+02 r2=7.8853e+02 p=5.0118e-01 epsV=1.4488e+00 epsZ=8.6792e-01 
New pars ( 306): DC=7.3553e+00 r1=1.0331e+02 r2=7.8852e+02 p=5.0116e-01 epsV=1.4487e+00 epsZ=8.6792e-01 
New pars ( 307): DC=7.3554e+00 r1=1.0330e+02 r2=7.8852e+02 p=5.0118e-01 epsV=1.4487e+00 epsZ=8.6787e-01 
New pars ( 308): DC=7.3555e+00 r1=1.0329e+02 r2=7.8853e+02 p=5.0118e-01 epsV=1.4487e+00 epsZ=8.6786e-01 
New pars ( 309): DC=7.3555e+00 r1=1.0329e+02 r2=7.8853e+02 p=5.0118e-01 epsV=1.4487e+00 epsZ=8.6785e-01 
New pars ( 310): DC=7.3555e+00 r1=1.0329e+02 r2=7.8853e+02 p=5.0118e-01 epsV=1.4487e+00 epsZ=8.6785e-01 

Fitting done in 730000 clicks (0.730000 seconds).
Fit status = 4
Cov status = 2

****************************************
         Invalid FitResult  (status = 4 )
****************************************
Minimizer is Minuit / MigradImproved
Chi2                      =      984.937
NDf                       =          978
Edm                       =  0.000112688
NCalls                    =          391
# Cyc's                   =          525                      	 (fixed)
Bin width                 =          250                      	 (fixed)
DC rate                   =      7.35547   +/-   0.0269227   
Rate 1                    =      103.294   +/-   1.28459     
Rate 2                    =      788.526   +/-   5.77024     
Rate 3                    =            0                      	 (fixed)
Capt eff                  =      0.50118   +/-   0.0031491   
Capt ret                  =            1                      	 (fixed)
T eff                     =         0.13                      	 (fixed)
U eff                     =        0.035                      	 (fixed)
V eff                     =      1.44874   +/-   0.00889739  
W eff                     =            0                      	 (fixed)
X eff                     =            1                      	 (fixed)
Y eff                     =            0                      	 (fixed)
Z eff                     =     0.867854   +/-   0.0310104   
T1 loss                   =            0                      	 (fixed)
T2 loss                   =       0.0305                      	 (fixed)
T3 loss                   =            0                      	 (fixed)
U1 loss                   =      6.2e-08                      	 (fixed)
U2 loss                   =      6.2e-08                      	 (fixed)
U3 loss                   =        10000                      	 (fixed)

Integrals computed in 370000 clicks (0.370000 seconds).
Errors computed in 840000 clicks (0.840000 seconds).

~~~~~~~~~~~~~~~~~~~~~~~~~~~~~~~~~~~~~~~~~~~~~~~~~~~~~~~~~~~~~~~~~~~~~
NUMBER OF BETAS DETECTED, by population:
~~~~~~~~~~~~~~~~~~~~~~~~~~~~~~~~~~~~~~~~~~~~~~~~~~~~~~~~~~~~~~~~~~~~~
T1 integral = 511576.4 +/- 0.0
U1 integral = 206262.5 +/- 0.0
T2 integral = 1700972.5 +/- 0.0
U2 integral = 2136573.2 +/- 0.0
T3 integral = 0.0 +/- 0.0
U3 integral = 0.1 +/- 0.0
DC integral = 949959.4 +/- 0.0
~~~~~~~~~~~~~~~~~~~~~~~~~~~~~~~~~~~~~~~~~~~~~~~~~~~~~~~~~~~~~~~~~~~~~
Sum of above = 5505344.1 +/- 0.0 <-- no cov in unc
All integral = 5505354.1 +/- 0.0
~~~~~~~~~~~~~~~~~~~~~~~~~~~~~~~~~~~~~~~~~~~~~~~~~~~~~~~~~~~~~~~~~~~~~


BFit2 done. Timer = 3.35 sec.
Elapsed time = 3.28 sec.

