Timestamp = Sun Apr  5 21:09:47 2015

Importing metadata from CSV files...
Imported 68 BDN cases
Imported 48 BFit cases
Performing BFit with BDN case 137i07 and BFit case 137i07_11

BFit started. Timer = 0.07 sec.

~~~~~~~~~~~~~~~~~~~~~~~~~~~~~~~~~~~~~~~~~~~~~~~~~~~~~~~~~~~~~~~~~~~~~
BETA SINGLES MODEL
~~~~~~~~~~~~~~~~~~~~~~~~~~~~~~~~~~~~~~~~~~~~~~~~~~~~~~~~~~~~~~~~~~~~~
Case: 137i07
File: /music/bpt1/bpt/bdn/shane/137i/rootfiles/137i07.root
Histogram: h_betas_vs_cycle_time
Total cycle time	=    246.000 s
Background time		=    101.000 s
Capture cycle time	=      6.000 s
Last capture time	=      1.000 s
137-Te halflife		=      2.490 s  (lifetime      3.592 s)
137-I halflife		=     24.500 s  (lifetime     35.346 s)
137-Xe halflife		=    229.080 s  (lifetime    330.493 s)
~~~~~~~~~~~~~~~~~~~~~~~~~~~~~~~~~~~~~~~~~~~~~~~~~~~~~~~~~~~~~~~~~~~~~
HISTOGRAM REBINNED
   Number of hist bins = 984
   Number of fn points = 246000
   Number of pts/bin   = 250
~~~~~~~~~~~~~~~~~~~~~~~~~~~~~~~~~~~~~~~~~~~~~~~~~~~~~~~~~~~~~~~~~~~~~
Doing fit with option string: QROMES
~~~~~~~~~~~~~~~~~~~~~~~~~~~~~~~~~~~~~~~~~~~~~~~~~~~~~~~~~~~~~~~~~~~~~
PARAMETER SEED VALUES
~~~~~~~~~~~~~~~~~~~~~~~~~~~~~~~~~~~~~~~~~~~~~~~~~~~~~~~~~~~~~~~~~~~~~
      Par name  Varying?	Par init val and step
~~~~~~~~~~~~~~~~~~~~~~~~~~~~~~~~~~~~~~~~~~~~~~~~~~~~~~~~~~~~~~~~~~~~~
       # Cyc's         0	525 +/- 0.01
     Bin width         0	250 +/- 0.01
       DC rate         1	7.359 +/- 0.1
        Rate 1         1	103.9 +/- 0.5
        Rate 2         1	789.6 +/- 0.5
        Rate 3         0	0 +/- 0.0005
      Capt eff         1	0.496 +/- 0.01
      Capt ret         0	1 +/- 0.01
         T eff         0	0.13 +/- 0.01
         U eff         0	0.035 +/- 0.001
         V eff         1	1.45 +/- 0.02
         W eff         0	0 +/- 0.001
         X eff         1	1 +/- 0.02
         Y eff         0	0 +/- 0.001
         Z eff         1	0.84 +/- 0.03
       T1 loss         0	0 +/- 0.005
       T2 loss         0	0.03 +/- 0.001
       T3 loss         0	0 +/- 0.005
       U1 loss         0	2e-10 +/- 0.005
       U2 loss         0	2e-10 +/- 0.005
       U3 loss         0	10000 +/- 0.01
~~~~~~~~~~~~~~~~~~~~~~~~~~~~~~~~~~~~~~~~~~~~~~~~~~~~~~~~~~~~~~~~~~~~~

Ini pars (   0): DC=7.3590e+00 r1=1.0390e+02 r2=7.8960e+02 p=4.9600e-01 epsV=1.4500e+00 epsX=1.0000e+00 epsZ=8.4000e-01 
New pars (   1): DC=7.3605e+00 r1=1.0390e+02 r2=7.8960e+02 p=4.9600e-01 epsV=1.4500e+00 epsX=1.0000e+00 epsZ=8.4000e-01 
New pars (   2): DC=7.3575e+00 r1=1.0390e+02 r2=7.8960e+02 p=4.9600e-01 epsV=1.4500e+00 epsX=1.0000e+00 epsZ=8.4000e-01 
New pars (   3): DC=7.3592e+00 r1=1.0390e+02 r2=7.8960e+02 p=4.9600e-01 epsV=1.4500e+00 epsX=1.0000e+00 epsZ=8.4000e-01 
New pars (   4): DC=7.3588e+00 r1=1.0390e+02 r2=7.8960e+02 p=4.9600e-01 epsV=1.4500e+00 epsX=1.0000e+00 epsZ=8.4000e-01 
New pars (   5): DC=7.3590e+00 r1=1.0391e+02 r2=7.8960e+02 p=4.9600e-01 epsV=1.4500e+00 epsX=1.0000e+00 epsZ=8.4000e-01 
New pars (   6): DC=7.3590e+00 r1=1.0389e+02 r2=7.8960e+02 p=4.9600e-01 epsV=1.4500e+00 epsX=1.0000e+00 epsZ=8.4000e-01 
New pars (   7): DC=7.3590e+00 r1=1.0390e+02 r2=7.8960e+02 p=4.9600e-01 epsV=1.4500e+00 epsX=1.0000e+00 epsZ=8.4000e-01 
New pars (   8): DC=7.3590e+00 r1=1.0390e+02 r2=7.8960e+02 p=4.9600e-01 epsV=1.4500e+00 epsX=1.0000e+00 epsZ=8.4000e-01 
New pars (   9): DC=7.3590e+00 r1=1.0390e+02 r2=7.8961e+02 p=4.9600e-01 epsV=1.4500e+00 epsX=1.0000e+00 epsZ=8.4000e-01 
New pars (  10): DC=7.3590e+00 r1=1.0390e+02 r2=7.8959e+02 p=4.9600e-01 epsV=1.4500e+00 epsX=1.0000e+00 epsZ=8.4000e-01 
New pars (  11): DC=7.3590e+00 r1=1.0390e+02 r2=7.8961e+02 p=4.9600e-01 epsV=1.4500e+00 epsX=1.0000e+00 epsZ=8.4000e-01 
New pars (  12): DC=7.3590e+00 r1=1.0390e+02 r2=7.8959e+02 p=4.9600e-01 epsV=1.4500e+00 epsX=1.0000e+00 epsZ=8.4000e-01 
New pars (  13): DC=7.3590e+00 r1=1.0390e+02 r2=7.8960e+02 p=4.9615e-01 epsV=1.4500e+00 epsX=1.0000e+00 epsZ=8.4000e-01 
New pars (  14): DC=7.3590e+00 r1=1.0390e+02 r2=7.8960e+02 p=4.9585e-01 epsV=1.4500e+00 epsX=1.0000e+00 epsZ=8.4000e-01 
New pars (  15): DC=7.3590e+00 r1=1.0390e+02 r2=7.8960e+02 p=4.9602e-01 epsV=1.4500e+00 epsX=1.0000e+00 epsZ=8.4000e-01 
New pars (  16): DC=7.3590e+00 r1=1.0390e+02 r2=7.8960e+02 p=4.9598e-01 epsV=1.4500e+00 epsX=1.0000e+00 epsZ=8.4000e-01 
New pars (  17): DC=7.3590e+00 r1=1.0390e+02 r2=7.8960e+02 p=4.9600e-01 epsV=1.4503e+00 epsX=1.0000e+00 epsZ=8.4000e-01 
New pars (  18): DC=7.3684e+00 r1=1.0408e+02 r2=7.8985e+02 p=4.9640e-01 epsV=1.4510e+00 epsX=1.0056e+00 epsZ=8.4230e-01 
New pars (  19): DC=7.3626e+00 r1=1.0397e+02 r2=7.8969e+02 p=4.9615e-01 epsV=1.4504e+00 epsX=1.0021e+00 epsZ=8.4088e-01 
New pars (  20): DC=7.3628e+00 r1=1.0397e+02 r2=7.8969e+02 p=4.9615e-01 epsV=1.4504e+00 epsX=1.0021e+00 epsZ=8.4088e-01 
New pars (  21): DC=7.3624e+00 r1=1.0397e+02 r2=7.8969e+02 p=4.9615e-01 epsV=1.4504e+00 epsX=1.0021e+00 epsZ=8.4088e-01 
New pars (  22): DC=7.3626e+00 r1=1.0397e+02 r2=7.8969e+02 p=4.9615e-01 epsV=1.4504e+00 epsX=1.0021e+00 epsZ=8.4088e-01 
New pars (  23): DC=7.3626e+00 r1=1.0397e+02 r2=7.8969e+02 p=4.9615e-01 epsV=1.4504e+00 epsX=1.0021e+00 epsZ=8.4088e-01 
New pars (  24): DC=7.3626e+00 r1=1.0397e+02 r2=7.8970e+02 p=4.9615e-01 epsV=1.4504e+00 epsX=1.0021e+00 epsZ=8.4088e-01 
New pars (  25): DC=7.3626e+00 r1=1.0397e+02 r2=7.8969e+02 p=4.9615e-01 epsV=1.4504e+00 epsX=1.0021e+00 epsZ=8.4088e-01 
New pars (  26): DC=7.3626e+00 r1=1.0397e+02 r2=7.8970e+02 p=4.9615e-01 epsV=1.4504e+00 epsX=1.0021e+00 epsZ=8.4088e-01 
New pars (  27): DC=7.3626e+00 r1=1.0397e+02 r2=7.8969e+02 p=4.9615e-01 epsV=1.4504e+00 epsX=1.0021e+00 epsZ=8.4088e-01 
New pars (  28): DC=7.3626e+00 r1=1.0397e+02 r2=7.8969e+02 p=4.9616e-01 epsV=1.4504e+00 epsX=1.0021e+00 epsZ=8.4088e-01 
New pars (  29): DC=7.3626e+00 r1=1.0397e+02 r2=7.8969e+02 p=4.9614e-01 epsV=1.4504e+00 epsX=1.0021e+00 epsZ=8.4088e-01 
New pars (  30): DC=7.3626e+00 r1=1.0397e+02 r2=7.8969e+02 p=4.9615e-01 epsV=1.4504e+00 epsX=1.0021e+00 epsZ=8.4088e-01 
New pars (  31): DC=7.3614e+00 r1=1.0397e+02 r2=7.8970e+02 p=4.9618e-01 epsV=1.4504e+00 epsX=1.0022e+00 epsZ=8.4093e-01 
New pars (  32): DC=7.3600e+00 r1=1.0397e+02 r2=7.8971e+02 p=4.9621e-01 epsV=1.4504e+00 epsX=1.0023e+00 epsZ=8.4099e-01 
New pars (  33): DC=7.3602e+00 r1=1.0397e+02 r2=7.8971e+02 p=4.9621e-01 epsV=1.4504e+00 epsX=1.0023e+00 epsZ=8.4099e-01 
New pars (  34): DC=7.3598e+00 r1=1.0397e+02 r2=7.8971e+02 p=4.9621e-01 epsV=1.4504e+00 epsX=1.0023e+00 epsZ=8.4099e-01 
New pars (  35): DC=7.3600e+00 r1=1.0398e+02 r2=7.8971e+02 p=4.9621e-01 epsV=1.4504e+00 epsX=1.0023e+00 epsZ=8.4099e-01 
New pars (  36): DC=7.3600e+00 r1=1.0397e+02 r2=7.8971e+02 p=4.9621e-01 epsV=1.4504e+00 epsX=1.0023e+00 epsZ=8.4099e-01 
New pars (  37): DC=7.3600e+00 r1=1.0397e+02 r2=7.8972e+02 p=4.9621e-01 epsV=1.4504e+00 epsX=1.0023e+00 epsZ=8.4099e-01 
New pars (  38): DC=7.3600e+00 r1=1.0397e+02 r2=7.8970e+02 p=4.9621e-01 epsV=1.4504e+00 epsX=1.0023e+00 epsZ=8.4099e-01 
New pars (  39): DC=7.3600e+00 r1=1.0397e+02 r2=7.8971e+02 p=4.9622e-01 epsV=1.4504e+00 epsX=1.0023e+00 epsZ=8.4099e-01 
New pars (  40): DC=7.3600e+00 r1=1.0397e+02 r2=7.8971e+02 p=4.9620e-01 epsV=1.4504e+00 epsX=1.0023e+00 epsZ=8.4099e-01 
New pars (  41): DC=7.3600e+00 r1=1.0397e+02 r2=7.8971e+02 p=4.9621e-01 epsV=1.4504e+00 epsX=1.0023e+00 epsZ=8.4099e-01 
New pars (  42): DC=7.3596e+00 r1=1.0397e+02 r2=7.8971e+02 p=4.9620e-01 epsV=1.4504e+00 epsX=1.0025e+00 epsZ=8.4109e-01 
New pars (  43): DC=7.3583e+00 r1=1.0395e+02 r2=7.8973e+02 p=4.9617e-01 epsV=1.4505e+00 epsX=1.0031e+00 epsZ=8.4144e-01 
New pars (  44): DC=7.3582e+00 r1=1.0395e+02 r2=7.8973e+02 p=4.9617e-01 epsV=1.4505e+00 epsX=1.0031e+00 epsZ=8.4147e-01 
New pars (  45): DC=7.3584e+00 r1=1.0395e+02 r2=7.8973e+02 p=4.9617e-01 epsV=1.4505e+00 epsX=1.0031e+00 epsZ=8.4147e-01 
New pars (  46): DC=7.3579e+00 r1=1.0395e+02 r2=7.8973e+02 p=4.9617e-01 epsV=1.4505e+00 epsX=1.0031e+00 epsZ=8.4147e-01 
New pars (  47): DC=7.3582e+00 r1=1.0395e+02 r2=7.8973e+02 p=4.9617e-01 epsV=1.4505e+00 epsX=1.0031e+00 epsZ=8.4147e-01 
New pars (  48): DC=7.3582e+00 r1=1.0394e+02 r2=7.8973e+02 p=4.9617e-01 epsV=1.4505e+00 epsX=1.0031e+00 epsZ=8.4147e-01 
New pars (  49): DC=7.3582e+00 r1=1.0395e+02 r2=7.8974e+02 p=4.9617e-01 epsV=1.4505e+00 epsX=1.0031e+00 epsZ=8.4147e-01 
New pars (  50): DC=7.3582e+00 r1=1.0395e+02 r2=7.8972e+02 p=4.9617e-01 epsV=1.4505e+00 epsX=1.0031e+00 epsZ=8.4147e-01 
New pars (  51): DC=7.3582e+00 r1=1.0395e+02 r2=7.8973e+02 p=4.9618e-01 epsV=1.4505e+00 epsX=1.0031e+00 epsZ=8.4147e-01 
New pars (  52): DC=7.3582e+00 r1=1.0395e+02 r2=7.8973e+02 p=4.9615e-01 epsV=1.4505e+00 epsX=1.0031e+00 epsZ=8.4147e-01 
New pars (  53): DC=7.3582e+00 r1=1.0395e+02 r2=7.8973e+02 p=4.9617e-01 epsV=1.4505e+00 epsX=1.0031e+00 epsZ=8.4147e-01 
New pars (  54): DC=7.3583e+00 r1=1.0394e+02 r2=7.8973e+02 p=4.9617e-01 epsV=1.4505e+00 epsX=1.0031e+00 epsZ=8.4148e-01 
New pars (  55): DC=7.3585e+00 r1=1.0394e+02 r2=7.8973e+02 p=4.9618e-01 epsV=1.4505e+00 epsX=1.0031e+00 epsZ=8.4149e-01 
New pars (  56): DC=7.3591e+00 r1=1.0393e+02 r2=7.8973e+02 p=4.9619e-01 epsV=1.4505e+00 epsX=1.0030e+00 epsZ=8.4153e-01 
New pars (  57): DC=7.3588e+00 r1=1.0393e+02 r2=7.8973e+02 p=4.9619e-01 epsV=1.4505e+00 epsX=1.0030e+00 epsZ=8.4152e-01 
New pars (  58): DC=7.3591e+00 r1=1.0393e+02 r2=7.8973e+02 p=4.9619e-01 epsV=1.4505e+00 epsX=1.0030e+00 epsZ=8.4152e-01 
New pars (  59): DC=7.3586e+00 r1=1.0393e+02 r2=7.8973e+02 p=4.9619e-01 epsV=1.4505e+00 epsX=1.0030e+00 epsZ=8.4152e-01 
New pars (  60): DC=7.3588e+00 r1=1.0394e+02 r2=7.8973e+02 p=4.9619e-01 epsV=1.4505e+00 epsX=1.0030e+00 epsZ=8.4152e-01 
New pars (  61): DC=7.3588e+00 r1=1.0393e+02 r2=7.8973e+02 p=4.9619e-01 epsV=1.4505e+00 epsX=1.0030e+00 epsZ=8.4152e-01 
New pars (  62): DC=7.3588e+00 r1=1.0393e+02 r2=7.8974e+02 p=4.9619e-01 epsV=1.4505e+00 epsX=1.0030e+00 epsZ=8.4152e-01 
New pars (  63): DC=7.3588e+00 r1=1.0393e+02 r2=7.8972e+02 p=4.9619e-01 epsV=1.4505e+00 epsX=1.0030e+00 epsZ=8.4152e-01 
New pars (  64): DC=7.3588e+00 r1=1.0393e+02 r2=7.8973e+02 p=4.9620e-01 epsV=1.4505e+00 epsX=1.0030e+00 epsZ=8.4152e-01 
New pars (  65): DC=7.3588e+00 r1=1.0393e+02 r2=7.8973e+02 p=4.9617e-01 epsV=1.4505e+00 epsX=1.0030e+00 epsZ=8.4152e-01 
New pars (  66): DC=7.3588e+00 r1=1.0393e+02 r2=7.8973e+02 p=4.9619e-01 epsV=1.4505e+00 epsX=1.0030e+00 epsZ=8.4152e-01 
New pars (  67): DC=7.3588e+00 r1=1.0393e+02 r2=7.8974e+02 p=4.9621e-01 epsV=1.4505e+00 epsX=1.0030e+00 epsZ=8.4158e-01 
New pars (  68): DC=7.3588e+00 r1=1.0391e+02 r2=7.8974e+02 p=4.9625e-01 epsV=1.4505e+00 epsX=1.0029e+00 epsZ=8.4169e-01 
New pars (  69): DC=7.3588e+00 r1=1.0390e+02 r2=7.8974e+02 p=4.9626e-01 epsV=1.4505e+00 epsX=1.0029e+00 epsZ=8.4173e-01 
New pars (  70): DC=7.3590e+00 r1=1.0390e+02 r2=7.8974e+02 p=4.9626e-01 epsV=1.4505e+00 epsX=1.0029e+00 epsZ=8.4173e-01 
New pars (  71): DC=7.3586e+00 r1=1.0390e+02 r2=7.8974e+02 p=4.9626e-01 epsV=1.4505e+00 epsX=1.0029e+00 epsZ=8.4173e-01 
New pars (  72): DC=7.3588e+00 r1=1.0391e+02 r2=7.8974e+02 p=4.9626e-01 epsV=1.4505e+00 epsX=1.0029e+00 epsZ=8.4173e-01 
New pars (  73): DC=7.3588e+00 r1=1.0390e+02 r2=7.8974e+02 p=4.9626e-01 epsV=1.4505e+00 epsX=1.0029e+00 epsZ=8.4173e-01 
New pars (  74): DC=7.3588e+00 r1=1.0390e+02 r2=7.8975e+02 p=4.9626e-01 epsV=1.4505e+00 epsX=1.0029e+00 epsZ=8.4173e-01 
New pars (  75): DC=7.3588e+00 r1=1.0390e+02 r2=7.8974e+02 p=4.9626e-01 epsV=1.4505e+00 epsX=1.0029e+00 epsZ=8.4173e-01 
New pars (  76): DC=7.3588e+00 r1=1.0390e+02 r2=7.8974e+02 p=4.9627e-01 epsV=1.4505e+00 epsX=1.0029e+00 epsZ=8.4173e-01 
New pars (  77): DC=7.3588e+00 r1=1.0390e+02 r2=7.8974e+02 p=4.9625e-01 epsV=1.4505e+00 epsX=1.0029e+00 epsZ=8.4173e-01 
New pars (  78): DC=7.3588e+00 r1=1.0390e+02 r2=7.8974e+02 p=4.9626e-01 epsV=1.4505e+00 epsX=1.0029e+00 epsZ=8.4173e-01 
New pars (  79): DC=7.3588e+00 r1=1.0390e+02 r2=7.8974e+02 p=4.9626e-01 epsV=1.4505e+00 epsX=1.0029e+00 epsZ=8.4173e-01 
New pars (  80): DC=7.3588e+00 r1=1.0390e+02 r2=7.8974e+02 p=4.9626e-01 epsV=1.4505e+00 epsX=1.0029e+00 epsZ=8.4173e-01 
New pars (  81): DC=7.3588e+00 r1=1.0390e+02 r2=7.8974e+02 p=4.9626e-01 epsV=1.4505e+00 epsX=1.0029e+00 epsZ=8.4173e-01 
New pars (  82): DC=7.3588e+00 r1=1.0390e+02 r2=7.8974e+02 p=4.9626e-01 epsV=1.4505e+00 epsX=1.0029e+00 epsZ=8.4173e-01 
New pars (  83): DC=7.3590e+00 r1=1.0390e+02 r2=7.8974e+02 p=4.9626e-01 epsV=1.4505e+00 epsX=1.0029e+00 epsZ=8.4173e-01 
New pars (  84): DC=7.3586e+00 r1=1.0390e+02 r2=7.8974e+02 p=4.9626e-01 epsV=1.4505e+00 epsX=1.0029e+00 epsZ=8.4173e-01 
New pars (  85): DC=7.3588e+00 r1=1.0391e+02 r2=7.8974e+02 p=4.9626e-01 epsV=1.4505e+00 epsX=1.0029e+00 epsZ=8.4173e-01 
New pars (  86): DC=7.3588e+00 r1=1.0390e+02 r2=7.8974e+02 p=4.9626e-01 epsV=1.4505e+00 epsX=1.0029e+00 epsZ=8.4173e-01 
New pars (  87): DC=7.3588e+00 r1=1.0390e+02 r2=7.8975e+02 p=4.9626e-01 epsV=1.4505e+00 epsX=1.0029e+00 epsZ=8.4173e-01 
New pars (  88): DC=7.3588e+00 r1=1.0390e+02 r2=7.8974e+02 p=4.9626e-01 epsV=1.4505e+00 epsX=1.0029e+00 epsZ=8.4173e-01 
New pars (  89): DC=7.3588e+00 r1=1.0390e+02 r2=7.8974e+02 p=4.9627e-01 epsV=1.4505e+00 epsX=1.0029e+00 epsZ=8.4173e-01 
New pars (  90): DC=7.3588e+00 r1=1.0390e+02 r2=7.8974e+02 p=4.9625e-01 epsV=1.4505e+00 epsX=1.0029e+00 epsZ=8.4173e-01 
New pars (  91): DC=7.3588e+00 r1=1.0390e+02 r2=7.8974e+02 p=4.9626e-01 epsV=1.4505e+00 epsX=1.0029e+00 epsZ=8.4173e-01 
New pars (  92): DC=7.3588e+00 r1=1.0390e+02 r2=7.8974e+02 p=4.9626e-01 epsV=1.4505e+00 epsX=1.0029e+00 epsZ=8.4173e-01 
New pars (  93): DC=7.3588e+00 r1=1.0390e+02 r2=7.8974e+02 p=4.9626e-01 epsV=1.4505e+00 epsX=1.0029e+00 epsZ=8.4173e-01 
New pars (  94): DC=7.3588e+00 r1=1.0390e+02 r2=7.8974e+02 p=4.9626e-01 epsV=1.4505e+00 epsX=1.0029e+00 epsZ=8.4173e-01 
New pars (  95): DC=7.3588e+00 r1=1.0390e+02 r2=7.8974e+02 p=4.9626e-01 epsV=1.4505e+00 epsX=1.0029e+00 epsZ=8.4173e-01 
New pars (  96): DC=7.3588e+00 r1=1.0390e+02 r2=7.8974e+02 p=4.9626e-01 epsV=1.4505e+00 epsX=1.0029e+00 epsZ=8.4173e-01 
New pars (  97): DC=7.3588e+00 r1=1.0390e+02 r2=7.8974e+02 p=4.9626e-01 epsV=1.4505e+00 epsX=1.0029e+00 epsZ=8.4173e-01 
New pars (  98): DC=7.3588e+00 r1=1.0390e+02 r2=7.8974e+02 p=4.9626e-01 epsV=1.4505e+00 epsX=1.0029e+00 epsZ=8.4173e-01 
New pars (  99): DC=7.3588e+00 r1=1.0390e+02 r2=7.8974e+02 p=4.9626e-01 epsV=1.4505e+00 epsX=1.0029e+00 epsZ=8.4173e-01 
New pars ( 100): DC=7.3588e+00 r1=1.0390e+02 r2=7.8975e+02 p=4.9626e-01 epsV=1.4505e+00 epsX=1.0029e+00 epsZ=8.4173e-01 
New pars ( 101): DC=7.3588e+00 r1=1.0390e+02 r2=7.8974e+02 p=4.9626e-01 epsV=1.4505e+00 epsX=1.0029e+00 epsZ=8.4173e-01 
New pars ( 102): DC=7.3588e+00 r1=1.0390e+02 r2=7.8975e+02 p=4.9626e-01 epsV=1.4505e+00 epsX=1.0029e+00 epsZ=8.4173e-01 
New pars ( 103): DC=7.3588e+00 r1=1.0390e+02 r2=7.8974e+02 p=4.9626e-01 epsV=1.4505e+00 epsX=1.0029e+00 epsZ=8.4173e-01 
New pars ( 104): DC=7.3588e+00 r1=1.0390e+02 r2=7.8974e+02 p=4.9626e-01 epsV=1.4505e+00 epsX=1.0029e+00 epsZ=8.4173e-01 
New pars ( 105): DC=7.3588e+00 r1=1.0390e+02 r2=7.8974e+02 p=4.9626e-01 epsV=1.4505e+00 epsX=1.0029e+00 epsZ=8.4173e-01 
New pars ( 106): DC=7.3588e+00 r1=1.0390e+02 r2=7.8974e+02 p=4.9626e-01 epsV=1.4505e+00 epsX=1.0029e+00 epsZ=8.4173e-01 
New pars ( 107): DC=7.3588e+00 r1=1.0390e+02 r2=7.8974e+02 p=4.9626e-01 epsV=1.4505e+00 epsX=1.0029e+00 epsZ=8.4173e-01 
New pars ( 108): DC=7.3588e+00 r1=1.0390e+02 r2=7.8974e+02 p=4.9626e-01 epsV=1.4505e+00 epsX=1.0029e+00 epsZ=8.4173e-01 
New pars ( 109): DC=7.3590e+00 r1=1.0391e+02 r2=7.8974e+02 p=4.9626e-01 epsV=1.4505e+00 epsX=1.0029e+00 epsZ=8.4173e-01 
New pars ( 110): DC=7.3590e+00 r1=1.0390e+02 r2=7.8975e+02 p=4.9626e-01 epsV=1.4505e+00 epsX=1.0029e+00 epsZ=8.4173e-01 
New pars ( 111): DC=7.3588e+00 r1=1.0391e+02 r2=7.8975e+02 p=4.9626e-01 epsV=1.4505e+00 epsX=1.0029e+00 epsZ=8.4173e-01 
New pars ( 112): DC=7.3590e+00 r1=1.0390e+02 r2=7.8974e+02 p=4.9627e-01 epsV=1.4505e+00 epsX=1.0029e+00 epsZ=8.4173e-01 
New pars ( 113): DC=7.3588e+00 r1=1.0391e+02 r2=7.8974e+02 p=4.9627e-01 epsV=1.4505e+00 epsX=1.0029e+00 epsZ=8.4173e-01 
New pars ( 114): DC=7.3588e+00 r1=1.0390e+02 r2=7.8975e+02 p=4.9627e-01 epsV=1.4505e+00 epsX=1.0029e+00 epsZ=8.4173e-01 
New pars ( 115): DC=7.3590e+00 r1=1.0390e+02 r2=7.8974e+02 p=4.9626e-01 epsV=1.4505e+00 epsX=1.0029e+00 epsZ=8.4173e-01 
New pars ( 116): DC=7.3588e+00 r1=1.0391e+02 r2=7.8974e+02 p=4.9626e-01 epsV=1.4505e+00 epsX=1.0029e+00 epsZ=8.4173e-01 
New pars ( 117): DC=7.3588e+00 r1=1.0390e+02 r2=7.8975e+02 p=4.9626e-01 epsV=1.4505e+00 epsX=1.0029e+00 epsZ=8.4173e-01 
New pars ( 118): DC=7.3588e+00 r1=1.0390e+02 r2=7.8974e+02 p=4.9627e-01 epsV=1.4505e+00 epsX=1.0029e+00 epsZ=8.4173e-01 
New pars ( 119): DC=7.3590e+00 r1=1.0390e+02 r2=7.8974e+02 p=4.9626e-01 epsV=1.4505e+00 epsX=1.0032e+00 epsZ=8.4173e-01 
New pars ( 120): DC=7.3588e+00 r1=1.0391e+02 r2=7.8974e+02 p=4.9626e-01 epsV=1.4505e+00 epsX=1.0032e+00 epsZ=8.4173e-01 
New pars ( 121): DC=7.3588e+00 r1=1.0390e+02 r2=7.8975e+02 p=4.9626e-01 epsV=1.4505e+00 epsX=1.0032e+00 epsZ=8.4173e-01 
New pars ( 122): DC=7.3588e+00 r1=1.0390e+02 r2=7.8974e+02 p=4.9627e-01 epsV=1.4505e+00 epsX=1.0032e+00 epsZ=8.4173e-01 
New pars ( 123): DC=7.3588e+00 r1=1.0390e+02 r2=7.8974e+02 p=4.9626e-01 epsV=1.4505e+00 epsX=1.0032e+00 epsZ=8.4173e-01 
New pars ( 124): DC=7.3590e+00 r1=1.0390e+02 r2=7.8974e+02 p=4.9626e-01 epsV=1.4505e+00 epsX=1.0029e+00 epsZ=8.4180e-01 
New pars ( 125): DC=7.3588e+00 r1=1.0391e+02 r2=7.8974e+02 p=4.9626e-01 epsV=1.4505e+00 epsX=1.0029e+00 epsZ=8.4180e-01 
New pars ( 126): DC=7.3588e+00 r1=1.0390e+02 r2=7.8975e+02 p=4.9626e-01 epsV=1.4505e+00 epsX=1.0029e+00 epsZ=8.4180e-01 
New pars ( 127): DC=7.3588e+00 r1=1.0390e+02 r2=7.8974e+02 p=4.9627e-01 epsV=1.4505e+00 epsX=1.0029e+00 epsZ=8.4180e-01 
New pars ( 128): DC=7.3588e+00 r1=1.0390e+02 r2=7.8974e+02 p=4.9626e-01 epsV=1.4505e+00 epsX=1.0029e+00 epsZ=8.4180e-01 
New pars ( 129): DC=7.3587e+00 r1=1.0391e+02 r2=7.8973e+02 p=4.9625e-01 epsV=1.4504e+00 epsX=1.0016e+00 epsZ=8.4225e-01 
New pars ( 130): DC=7.3585e+00 r1=1.0392e+02 r2=7.8972e+02 p=4.9625e-01 epsV=1.4504e+00 epsX=1.0004e+00 epsZ=8.4273e-01 
New pars ( 131): DC=7.3582e+00 r1=1.0394e+02 r2=7.8970e+02 p=4.9623e-01 epsV=1.4502e+00 epsX=9.9701e-01 epsZ=8.4406e-01 
New pars ( 132): DC=7.3584e+00 r1=1.0393e+02 r2=7.8971e+02 p=4.9624e-01 epsV=1.4503e+00 epsX=9.9874e-01 epsZ=8.4337e-01 
New pars ( 133): DC=7.3586e+00 r1=1.0393e+02 r2=7.8971e+02 p=4.9624e-01 epsV=1.4503e+00 epsX=9.9874e-01 epsZ=8.4337e-01 
New pars ( 134): DC=7.3581e+00 r1=1.0393e+02 r2=7.8971e+02 p=4.9624e-01 epsV=1.4503e+00 epsX=9.9874e-01 epsZ=8.4337e-01 
New pars ( 135): DC=7.3584e+00 r1=1.0393e+02 r2=7.8971e+02 p=4.9624e-01 epsV=1.4503e+00 epsX=9.9874e-01 epsZ=8.4337e-01 
New pars ( 136): DC=7.3584e+00 r1=1.0392e+02 r2=7.8971e+02 p=4.9624e-01 epsV=1.4503e+00 epsX=9.9874e-01 epsZ=8.4337e-01 
New pars ( 137): DC=7.3584e+00 r1=1.0393e+02 r2=7.8971e+02 p=4.9624e-01 epsV=1.4503e+00 epsX=9.9874e-01 epsZ=8.4337e-01 
New pars ( 138): DC=7.3584e+00 r1=1.0393e+02 r2=7.8971e+02 p=4.9624e-01 epsV=1.4503e+00 epsX=9.9874e-01 epsZ=8.4337e-01 
New pars ( 139): DC=7.3584e+00 r1=1.0393e+02 r2=7.8972e+02 p=4.9624e-01 epsV=1.4503e+00 epsX=9.9874e-01 epsZ=8.4337e-01 
New pars ( 140): DC=7.3584e+00 r1=1.0393e+02 r2=7.8971e+02 p=4.9624e-01 epsV=1.4503e+00 epsX=9.9874e-01 epsZ=8.4337e-01 
New pars ( 141): DC=7.3584e+00 r1=1.0393e+02 r2=7.8971e+02 p=4.9625e-01 epsV=1.4503e+00 epsX=9.9874e-01 epsZ=8.4337e-01 
New pars ( 142): DC=7.3584e+00 r1=1.0393e+02 r2=7.8971e+02 p=4.9622e-01 epsV=1.4503e+00 epsX=9.9874e-01 epsZ=8.4337e-01 
New pars ( 143): DC=7.3584e+00 r1=1.0393e+02 r2=7.8971e+02 p=4.9624e-01 epsV=1.4503e+00 epsX=9.9874e-01 epsZ=8.4337e-01 
New pars ( 144): DC=7.3585e+00 r1=1.0393e+02 r2=7.8974e+02 p=4.9623e-01 epsV=1.4503e+00 epsX=9.9735e-01 epsZ=8.4356e-01 
New pars ( 145): DC=7.3591e+00 r1=1.0394e+02 r2=7.8982e+02 p=4.9619e-01 epsV=1.4502e+00 epsX=9.9260e-01 epsZ=8.4418e-01 
New pars ( 146): DC=7.3597e+00 r1=1.0395e+02 r2=7.8992e+02 p=4.9615e-01 epsV=1.4501e+00 epsX=9.8677e-01 epsZ=8.4495e-01 
New pars ( 147): DC=7.3596e+00 r1=1.0395e+02 r2=7.8990e+02 p=4.9616e-01 epsV=1.4501e+00 epsX=9.8801e-01 epsZ=8.4479e-01 
New pars ( 148): DC=7.3598e+00 r1=1.0395e+02 r2=7.8990e+02 p=4.9616e-01 epsV=1.4501e+00 epsX=9.8801e-01 epsZ=8.4479e-01 
New pars ( 149): DC=7.3594e+00 r1=1.0395e+02 r2=7.8990e+02 p=4.9616e-01 epsV=1.4501e+00 epsX=9.8801e-01 epsZ=8.4479e-01 
New pars ( 150): DC=7.3596e+00 r1=1.0395e+02 r2=7.8990e+02 p=4.9616e-01 epsV=1.4501e+00 epsX=9.8801e-01 epsZ=8.4479e-01 
New pars ( 151): DC=7.3596e+00 r1=1.0394e+02 r2=7.8990e+02 p=4.9616e-01 epsV=1.4501e+00 epsX=9.8801e-01 epsZ=8.4479e-01 
New pars ( 152): DC=7.3596e+00 r1=1.0395e+02 r2=7.8990e+02 p=4.9616e-01 epsV=1.4501e+00 epsX=9.8801e-01 epsZ=8.4479e-01 
New pars ( 153): DC=7.3596e+00 r1=1.0395e+02 r2=7.8989e+02 p=4.9616e-01 epsV=1.4501e+00 epsX=9.8801e-01 epsZ=8.4479e-01 
New pars ( 154): DC=7.3596e+00 r1=1.0395e+02 r2=7.8990e+02 p=4.9617e-01 epsV=1.4501e+00 epsX=9.8801e-01 epsZ=8.4479e-01 
New pars ( 155): DC=7.3596e+00 r1=1.0395e+02 r2=7.8990e+02 p=4.9615e-01 epsV=1.4501e+00 epsX=9.8801e-01 epsZ=8.4479e-01 
New pars ( 156): DC=7.3596e+00 r1=1.0395e+02 r2=7.8990e+02 p=4.9616e-01 epsV=1.4501e+00 epsX=9.8801e-01 epsZ=8.4479e-01 
New pars ( 157): DC=7.3598e+00 r1=1.0393e+02 r2=7.9002e+02 p=4.9616e-01 epsV=1.4500e+00 epsX=9.8065e-01 epsZ=8.4614e-01 
New pars ( 158): DC=7.3600e+00 r1=1.0392e+02 r2=7.9011e+02 p=4.9615e-01 epsV=1.4500e+00 epsX=9.7502e-01 epsZ=8.4717e-01 
New pars ( 159): DC=7.3602e+00 r1=1.0392e+02 r2=7.9011e+02 p=4.9615e-01 epsV=1.4500e+00 epsX=9.7502e-01 epsZ=8.4717e-01 
New pars ( 160): DC=7.3598e+00 r1=1.0392e+02 r2=7.9011e+02 p=4.9615e-01 epsV=1.4500e+00 epsX=9.7502e-01 epsZ=8.4717e-01 
New pars ( 161): DC=7.3600e+00 r1=1.0392e+02 r2=7.9011e+02 p=4.9615e-01 epsV=1.4500e+00 epsX=9.7502e-01 epsZ=8.4717e-01 
New pars ( 162): DC=7.3600e+00 r1=1.0391e+02 r2=7.9011e+02 p=4.9615e-01 epsV=1.4500e+00 epsX=9.7502e-01 epsZ=8.4717e-01 
New pars ( 163): DC=7.3600e+00 r1=1.0392e+02 r2=7.9012e+02 p=4.9615e-01 epsV=1.4500e+00 epsX=9.7502e-01 epsZ=8.4717e-01 
New pars ( 164): DC=7.3600e+00 r1=1.0392e+02 r2=7.9011e+02 p=4.9615e-01 epsV=1.4500e+00 epsX=9.7502e-01 epsZ=8.4717e-01 
New pars ( 165): DC=7.3600e+00 r1=1.0392e+02 r2=7.9011e+02 p=4.9617e-01 epsV=1.4500e+00 epsX=9.7502e-01 epsZ=8.4717e-01 
New pars ( 166): DC=7.3600e+00 r1=1.0392e+02 r2=7.9011e+02 p=4.9614e-01 epsV=1.4500e+00 epsX=9.7502e-01 epsZ=8.4717e-01 
New pars ( 167): DC=7.3600e+00 r1=1.0392e+02 r2=7.9011e+02 p=4.9615e-01 epsV=1.4500e+00 epsX=9.7502e-01 epsZ=8.4717e-01 
New pars ( 168): DC=7.3599e+00 r1=1.0391e+02 r2=7.9025e+02 p=4.9610e-01 epsV=1.4500e+00 epsX=9.6999e-01 epsZ=8.4752e-01 
New pars ( 169): DC=7.3595e+00 r1=1.0390e+02 r2=7.9081e+02 p=4.9588e-01 epsV=1.4501e+00 epsX=9.4986e-01 epsZ=8.4890e-01 
New pars ( 170): DC=7.3591e+00 r1=1.0388e+02 r2=7.9147e+02 p=4.9562e-01 epsV=1.4502e+00 epsX=9.2622e-01 epsZ=8.5053e-01 
New pars ( 171): DC=7.3591e+00 r1=1.0388e+02 r2=7.9139e+02 p=4.9565e-01 epsV=1.4502e+00 epsX=9.2899e-01 epsZ=8.5034e-01 
New pars ( 172): DC=7.3593e+00 r1=1.0388e+02 r2=7.9139e+02 p=4.9565e-01 epsV=1.4502e+00 epsX=9.2899e-01 epsZ=8.5034e-01 
New pars ( 173): DC=7.3589e+00 r1=1.0388e+02 r2=7.9139e+02 p=4.9565e-01 epsV=1.4502e+00 epsX=9.2899e-01 epsZ=8.5034e-01 
New pars ( 174): DC=7.3591e+00 r1=1.0388e+02 r2=7.9139e+02 p=4.9565e-01 epsV=1.4502e+00 epsX=9.2899e-01 epsZ=8.5034e-01 
New pars ( 175): DC=7.3591e+00 r1=1.0388e+02 r2=7.9139e+02 p=4.9565e-01 epsV=1.4502e+00 epsX=9.2899e-01 epsZ=8.5034e-01 
New pars ( 176): DC=7.3591e+00 r1=1.0388e+02 r2=7.9140e+02 p=4.9565e-01 epsV=1.4502e+00 epsX=9.2899e-01 epsZ=8.5034e-01 
New pars ( 177): DC=7.3591e+00 r1=1.0388e+02 r2=7.9139e+02 p=4.9565e-01 epsV=1.4502e+00 epsX=9.2899e-01 epsZ=8.5034e-01 
New pars ( 178): DC=7.3591e+00 r1=1.0388e+02 r2=7.9139e+02 p=4.9566e-01 epsV=1.4502e+00 epsX=9.2899e-01 epsZ=8.5034e-01 
New pars ( 179): DC=7.3591e+00 r1=1.0388e+02 r2=7.9139e+02 p=4.9564e-01 epsV=1.4502e+00 epsX=9.2899e-01 epsZ=8.5034e-01 
New pars ( 180): DC=7.3591e+00 r1=1.0388e+02 r2=7.9139e+02 p=4.9565e-01 epsV=1.4502e+00 epsX=9.2899e-01 epsZ=8.5034e-01 
New pars ( 181): DC=7.3591e+00 r1=1.0388e+02 r2=7.9152e+02 p=4.9560e-01 epsV=1.4502e+00 epsX=9.2501e-01 epsZ=8.5049e-01 
New pars ( 182): DC=7.3592e+00 r1=1.0385e+02 r2=7.9200e+02 p=4.9539e-01 epsV=1.4504e+00 epsX=9.0909e-01 epsZ=8.5106e-01 
New pars ( 183): DC=7.3593e+00 r1=1.0380e+02 r2=7.9323e+02 p=4.9486e-01 epsV=1.4508e+00 epsX=8.6929e-01 epsZ=8.5249e-01 
New pars ( 184): DC=7.3597e+00 r1=1.0363e+02 r2=7.9689e+02 p=4.9329e-01 epsV=1.4520e+00 epsX=7.4988e-01 epsZ=8.5678e-01 
New pars ( 185): DC=7.3600e+00 r1=1.0353e+02 r2=7.9921e+02 p=4.9230e-01 epsV=1.4527e+00 epsX=6.7449e-01 epsZ=8.5949e-01 
New pars ( 186): DC=7.3599e+00 r1=1.0363e+02 r2=7.9689e+02 p=4.9329e-01 epsV=1.4520e+00 epsX=7.4988e-01 epsZ=8.5678e-01 
New pars ( 187): DC=7.3595e+00 r1=1.0363e+02 r2=7.9689e+02 p=4.9329e-01 epsV=1.4520e+00 epsX=7.4988e-01 epsZ=8.5678e-01 
New pars ( 188): DC=7.3597e+00 r1=1.0364e+02 r2=7.9689e+02 p=4.9329e-01 epsV=1.4520e+00 epsX=7.4988e-01 epsZ=8.5678e-01 
New pars ( 189): DC=7.3597e+00 r1=1.0363e+02 r2=7.9689e+02 p=4.9329e-01 epsV=1.4520e+00 epsX=7.4988e-01 epsZ=8.5678e-01 
New pars ( 190): DC=7.3597e+00 r1=1.0363e+02 r2=7.9690e+02 p=4.9329e-01 epsV=1.4520e+00 epsX=7.4988e-01 epsZ=8.5678e-01 
New pars ( 191): DC=7.3597e+00 r1=1.0363e+02 r2=7.9688e+02 p=4.9329e-01 epsV=1.4520e+00 epsX=7.4988e-01 epsZ=8.5678e-01 
New pars ( 192): DC=7.3597e+00 r1=1.0363e+02 r2=7.9689e+02 p=4.9330e-01 epsV=1.4520e+00 epsX=7.4988e-01 epsZ=8.5678e-01 
New pars ( 193): DC=7.3597e+00 r1=1.0363e+02 r2=7.9689e+02 p=4.9328e-01 epsV=1.4520e+00 epsX=7.4988e-01 epsZ=8.5678e-01 
New pars ( 194): DC=7.3597e+00 r1=1.0363e+02 r2=7.9689e+02 p=4.9329e-01 epsV=1.4520e+00 epsX=7.4988e-01 epsZ=8.5678e-01 
New pars ( 195): DC=7.3603e+00 r1=1.0346e+02 r2=8.0060e+02 p=4.9165e-01 epsV=1.4534e+00 epsX=6.3410e-01 epsZ=8.5858e-01 
New pars ( 196): DC=7.3607e+00 r1=1.0337e+02 r2=8.0258e+02 p=4.9077e-01 epsV=1.4541e+00 epsX=5.7228e-01 epsZ=8.5954e-01 
New pars ( 197): DC=7.3606e+00 r1=1.0339e+02 r2=8.0208e+02 p=4.9099e-01 epsV=1.4539e+00 epsX=5.8810e-01 epsZ=8.5930e-01 
New pars ( 198): DC=7.3608e+00 r1=1.0339e+02 r2=8.0208e+02 p=4.9099e-01 epsV=1.4539e+00 epsX=5.8810e-01 epsZ=8.5930e-01 
New pars ( 199): DC=7.3604e+00 r1=1.0339e+02 r2=8.0208e+02 p=4.9099e-01 epsV=1.4539e+00 epsX=5.8810e-01 epsZ=8.5930e-01 
New pars ( 200): DC=7.3606e+00 r1=1.0340e+02 r2=8.0208e+02 p=4.9099e-01 epsV=1.4539e+00 epsX=5.8810e-01 epsZ=8.5930e-01 
New pars ( 201): DC=7.3606e+00 r1=1.0339e+02 r2=8.0208e+02 p=4.9099e-01 epsV=1.4539e+00 epsX=5.8810e-01 epsZ=8.5930e-01 
New pars ( 202): DC=7.3606e+00 r1=1.0339e+02 r2=8.0208e+02 p=4.9099e-01 epsV=1.4539e+00 epsX=5.8810e-01 epsZ=8.5930e-01 
New pars ( 203): DC=7.3606e+00 r1=1.0339e+02 r2=8.0207e+02 p=4.9099e-01 epsV=1.4539e+00 epsX=5.8810e-01 epsZ=8.5930e-01 
New pars ( 204): DC=7.3606e+00 r1=1.0339e+02 r2=8.0208e+02 p=4.9100e-01 epsV=1.4539e+00 epsX=5.8810e-01 epsZ=8.5930e-01 
New pars ( 205): DC=7.3606e+00 r1=1.0339e+02 r2=8.0208e+02 p=4.9098e-01 epsV=1.4539e+00 epsX=5.8810e-01 epsZ=8.5930e-01 
New pars ( 206): DC=7.3606e+00 r1=1.0339e+02 r2=8.0208e+02 p=4.9099e-01 epsV=1.4540e+00 epsX=5.8810e-01 epsZ=8.5930e-01 
New pars ( 207): DC=7.3607e+00 r1=1.0339e+02 r2=8.0208e+02 p=4.9098e-01 epsV=1.4540e+00 epsX=5.8975e-01 epsZ=8.5816e-01 
New pars ( 208): DC=7.3608e+00 r1=1.0339e+02 r2=8.0208e+02 p=4.9097e-01 epsV=1.4540e+00 epsX=5.9061e-01 epsZ=8.5757e-01 
New pars ( 209): DC=7.3610e+00 r1=1.0339e+02 r2=8.0208e+02 p=4.9097e-01 epsV=1.4540e+00 epsX=5.9061e-01 epsZ=8.5757e-01 
New pars ( 210): DC=7.3606e+00 r1=1.0339e+02 r2=8.0208e+02 p=4.9097e-01 epsV=1.4540e+00 epsX=5.9061e-01 epsZ=8.5757e-01 
New pars ( 211): DC=7.3608e+00 r1=1.0339e+02 r2=8.0208e+02 p=4.9097e-01 epsV=1.4540e+00 epsX=5.9061e-01 epsZ=8.5757e-01 
New pars ( 212): DC=7.3608e+00 r1=1.0338e+02 r2=8.0208e+02 p=4.9097e-01 epsV=1.4540e+00 epsX=5.9061e-01 epsZ=8.5757e-01 
New pars ( 213): DC=7.3608e+00 r1=1.0339e+02 r2=8.0209e+02 p=4.9097e-01 epsV=1.4540e+00 epsX=5.9061e-01 epsZ=8.5757e-01 
New pars ( 214): DC=7.3608e+00 r1=1.0339e+02 r2=8.0207e+02 p=4.9097e-01 epsV=1.4540e+00 epsX=5.9061e-01 epsZ=8.5757e-01 
New pars ( 215): DC=7.3608e+00 r1=1.0339e+02 r2=8.0208e+02 p=4.9098e-01 epsV=1.4540e+00 epsX=5.9061e-01 epsZ=8.5757e-01 
New pars ( 216): DC=7.3608e+00 r1=1.0339e+02 r2=8.0208e+02 p=4.9096e-01 epsV=1.4540e+00 epsX=5.9061e-01 epsZ=8.5757e-01 
New pars ( 217): DC=7.3608e+00 r1=1.0339e+02 r2=8.0208e+02 p=4.9097e-01 epsV=1.4541e+00 epsX=5.9061e-01 epsZ=8.5757e-01 
New pars ( 218): DC=7.3610e+00 r1=1.0331e+02 r2=8.0369e+02 p=4.9035e-01 epsV=1.4544e+00 epsX=5.3536e-01 epsZ=8.5996e-01 
New pars ( 219): DC=7.3617e+00 r1=1.0299e+02 r2=8.1010e+02 p=4.8784e-01 epsV=1.4560e+00 epsX=3.1435e-01 epsZ=8.6952e-01 
New pars ( 220): DC=7.3619e+00 r1=1.0299e+02 r2=8.1010e+02 p=4.8784e-01 epsV=1.4560e+00 epsX=3.1435e-01 epsZ=8.6952e-01 
New pars ( 221): DC=7.3615e+00 r1=1.0299e+02 r2=8.1010e+02 p=4.8784e-01 epsV=1.4560e+00 epsX=3.1435e-01 epsZ=8.6952e-01 
New pars ( 222): DC=7.3617e+00 r1=1.0300e+02 r2=8.1010e+02 p=4.8784e-01 epsV=1.4560e+00 epsX=3.1435e-01 epsZ=8.6952e-01 
New pars ( 223): DC=7.3617e+00 r1=1.0299e+02 r2=8.1010e+02 p=4.8784e-01 epsV=1.4560e+00 epsX=3.1435e-01 epsZ=8.6952e-01 
New pars ( 224): DC=7.3617e+00 r1=1.0299e+02 r2=8.1011e+02 p=4.8784e-01 epsV=1.4560e+00 epsX=3.1435e-01 epsZ=8.6952e-01 
New pars ( 225): DC=7.3617e+00 r1=1.0299e+02 r2=8.1010e+02 p=4.8784e-01 epsV=1.4560e+00 epsX=3.1435e-01 epsZ=8.6952e-01 
New pars ( 226): DC=7.3617e+00 r1=1.0299e+02 r2=8.1010e+02 p=4.8785e-01 epsV=1.4560e+00 epsX=3.1435e-01 epsZ=8.6952e-01 
New pars ( 227): DC=7.3617e+00 r1=1.0299e+02 r2=8.1010e+02 p=4.8783e-01 epsV=1.4560e+00 epsX=3.1435e-01 epsZ=8.6952e-01 
New pars ( 228): DC=7.3617e+00 r1=1.0299e+02 r2=8.1010e+02 p=4.8784e-01 epsV=1.4561e+00 epsX=3.1435e-01 epsZ=8.6952e-01 
New pars ( 229): DC=7.3614e+00 r1=1.0302e+02 r2=8.0976e+02 p=4.8801e-01 epsV=1.4557e+00 epsX=3.2054e-01 epsZ=8.7022e-01 
New pars ( 230): DC=7.3616e+00 r1=1.0302e+02 r2=8.0976e+02 p=4.8801e-01 epsV=1.4557e+00 epsX=3.2054e-01 epsZ=8.7022e-01 
New pars ( 231): DC=7.3612e+00 r1=1.0302e+02 r2=8.0976e+02 p=4.8801e-01 epsV=1.4557e+00 epsX=3.2054e-01 epsZ=8.7022e-01 
New pars ( 232): DC=7.3614e+00 r1=1.0303e+02 r2=8.0976e+02 p=4.8801e-01 epsV=1.4557e+00 epsX=3.2054e-01 epsZ=8.7022e-01 
New pars ( 233): DC=7.3614e+00 r1=1.0302e+02 r2=8.0976e+02 p=4.8801e-01 epsV=1.4557e+00 epsX=3.2054e-01 epsZ=8.7022e-01 
New pars ( 234): DC=7.3614e+00 r1=1.0302e+02 r2=8.0977e+02 p=4.8801e-01 epsV=1.4557e+00 epsX=3.2054e-01 epsZ=8.7022e-01 
New pars ( 235): DC=7.3614e+00 r1=1.0302e+02 r2=8.0975e+02 p=4.8801e-01 epsV=1.4557e+00 epsX=3.2054e-01 epsZ=8.7022e-01 
New pars ( 236): DC=7.3614e+00 r1=1.0302e+02 r2=8.0976e+02 p=4.8802e-01 epsV=1.4557e+00 epsX=3.2054e-01 epsZ=8.7022e-01 
New pars ( 237): DC=7.3614e+00 r1=1.0302e+02 r2=8.0976e+02 p=4.8800e-01 epsV=1.4557e+00 epsX=3.2054e-01 epsZ=8.7022e-01 
New pars ( 238): DC=7.3614e+00 r1=1.0302e+02 r2=8.0976e+02 p=4.8801e-01 epsV=1.4558e+00 epsX=3.2054e-01 epsZ=8.7022e-01 
New pars ( 239): DC=7.3615e+00 r1=1.0292e+02 r2=8.1225e+02 p=4.8698e-01 epsV=1.4564e+00 epsX=2.3481e-01 epsZ=8.7337e-01 
New pars ( 240): DC=7.3621e+00 r1=1.0250e+02 r2=8.2220e+02 p=4.8287e-01 epsV=1.4589e+00 epsX=-1.0814e-01 epsZ=8.8599e-01 
New pars ( 241): DC=7.3617e+00 r1=1.0283e+02 r2=8.1445e+02 p=4.8607e-01 epsV=1.4569e+00 epsX=1.5911e-01 epsZ=8.7616e-01 
New pars ( 242): DC=7.3621e+00 r1=1.0249e+02 r2=8.2264e+02 p=4.8269e-01 epsV=1.4590e+00 epsX=-1.2310e-01 epsZ=8.8654e-01 
New pars ( 243): DC=7.3619e+00 r1=1.0266e+02 r2=8.1854e+02 p=4.8438e-01 epsV=1.4579e+00 epsX=1.8005e-02 epsZ=8.8135e-01 
New pars ( 244): DC=7.3618e+00 r1=1.0275e+02 r2=8.1633e+02 p=4.8529e-01 epsV=1.4574e+00 epsX=9.4053e-02 epsZ=8.7855e-01 
New pars ( 245): DC=7.3620e+00 r1=1.0275e+02 r2=8.1633e+02 p=4.8529e-01 epsV=1.4574e+00 epsX=9.4053e-02 epsZ=8.7855e-01 
New pars ( 246): DC=7.3615e+00 r1=1.0275e+02 r2=8.1633e+02 p=4.8529e-01 epsV=1.4574e+00 epsX=9.4053e-02 epsZ=8.7855e-01 
New pars ( 247): DC=7.3618e+00 r1=1.0275e+02 r2=8.1633e+02 p=4.8529e-01 epsV=1.4574e+00 epsX=9.4053e-02 epsZ=8.7855e-01 
New pars ( 248): DC=7.3618e+00 r1=1.0274e+02 r2=8.1633e+02 p=4.8529e-01 epsV=1.4574e+00 epsX=9.4053e-02 epsZ=8.7855e-01 
New pars ( 249): DC=7.3618e+00 r1=1.0275e+02 r2=8.1634e+02 p=4.8529e-01 epsV=1.4574e+00 epsX=9.4053e-02 epsZ=8.7855e-01 
New pars ( 250): DC=7.3618e+00 r1=1.0275e+02 r2=8.1633e+02 p=4.8529e-01 epsV=1.4574e+00 epsX=9.4053e-02 epsZ=8.7855e-01 
New pars ( 251): DC=7.3618e+00 r1=1.0275e+02 r2=8.1633e+02 p=4.8530e-01 epsV=1.4574e+00 epsX=9.4053e-02 epsZ=8.7855e-01 
New pars ( 252): DC=7.3618e+00 r1=1.0275e+02 r2=8.1633e+02 p=4.8528e-01 epsV=1.4574e+00 epsX=9.4053e-02 epsZ=8.7855e-01 
New pars ( 253): DC=7.3618e+00 r1=1.0275e+02 r2=8.1633e+02 p=4.8529e-01 epsV=1.4574e+00 epsX=9.4053e-02 epsZ=8.7855e-01 
New pars ( 254): DC=7.3622e+00 r1=1.0259e+02 r2=8.1966e+02 p=4.8392e-01 epsV=1.4583e+00 epsX=-1.6115e-02 epsZ=8.8091e-01 
New pars ( 255): DC=7.3626e+00 r1=1.0247e+02 r2=8.2224e+02 p=4.8286e-01 epsV=1.4590e+00 epsX=-1.0152e-01 epsZ=8.8274e-01 
New pars ( 256): DC=7.3625e+00 r1=1.0251e+02 r2=8.2145e+02 p=4.8319e-01 epsV=1.4588e+00 epsX=-7.5225e-02 epsZ=8.8217e-01 
New pars ( 257): DC=7.3627e+00 r1=1.0251e+02 r2=8.2145e+02 p=4.8319e-01 epsV=1.4588e+00 epsX=-7.5225e-02 epsZ=8.8217e-01 
New pars ( 258): DC=7.3623e+00 r1=1.0251e+02 r2=8.2145e+02 p=4.8319e-01 epsV=1.4588e+00 epsX=-7.5225e-02 epsZ=8.8217e-01 
New pars ( 259): DC=7.3625e+00 r1=1.0251e+02 r2=8.2145e+02 p=4.8319e-01 epsV=1.4588e+00 epsX=-7.5225e-02 epsZ=8.8217e-01 
New pars ( 260): DC=7.3625e+00 r1=1.0250e+02 r2=8.2145e+02 p=4.8319e-01 epsV=1.4588e+00 epsX=-7.5225e-02 epsZ=8.8217e-01 
New pars ( 261): DC=7.3625e+00 r1=1.0251e+02 r2=8.2146e+02 p=4.8319e-01 epsV=1.4588e+00 epsX=-7.5225e-02 epsZ=8.8217e-01 
New pars ( 262): DC=7.3625e+00 r1=1.0251e+02 r2=8.2144e+02 p=4.8319e-01 epsV=1.4588e+00 epsX=-7.5225e-02 epsZ=8.8217e-01 
New pars ( 263): DC=7.3625e+00 r1=1.0251e+02 r2=8.2145e+02 p=4.8320e-01 epsV=1.4588e+00 epsX=-7.5225e-02 epsZ=8.8217e-01 
New pars ( 264): DC=7.3625e+00 r1=1.0251e+02 r2=8.2145e+02 p=4.8318e-01 epsV=1.4588e+00 epsX=-7.5225e-02 epsZ=8.8217e-01 
New pars ( 265): DC=7.3625e+00 r1=1.0251e+02 r2=8.2145e+02 p=4.8319e-01 epsV=1.4588e+00 epsX=-7.5225e-02 epsZ=8.8217e-01 
New pars ( 266): DC=7.3626e+00 r1=1.0249e+02 r2=8.2182e+02 p=4.8304e-01 epsV=1.4589e+00 epsX=-8.6256e-02 epsZ=8.8175e-01 
New pars ( 267): DC=7.3628e+00 r1=1.0247e+02 r2=8.2217e+02 p=4.8290e-01 epsV=1.4590e+00 epsX=-9.6651e-02 epsZ=8.8136e-01 
New pars ( 268): DC=7.3630e+00 r1=1.0247e+02 r2=8.2217e+02 p=4.8290e-01 epsV=1.4590e+00 epsX=-9.6651e-02 epsZ=8.8136e-01 
New pars ( 269): DC=7.3625e+00 r1=1.0247e+02 r2=8.2217e+02 p=4.8290e-01 epsV=1.4590e+00 epsX=-9.6651e-02 epsZ=8.8136e-01 
New pars ( 270): DC=7.3628e+00 r1=1.0247e+02 r2=8.2217e+02 p=4.8290e-01 epsV=1.4590e+00 epsX=-9.6651e-02 epsZ=8.8136e-01 
New pars ( 271): DC=7.3628e+00 r1=1.0246e+02 r2=8.2217e+02 p=4.8290e-01 epsV=1.4590e+00 epsX=-9.6651e-02 epsZ=8.8136e-01 
New pars ( 272): DC=7.3628e+00 r1=1.0247e+02 r2=8.2217e+02 p=4.8290e-01 epsV=1.4590e+00 epsX=-9.6651e-02 epsZ=8.8136e-01 
New pars ( 273): DC=7.3628e+00 r1=1.0247e+02 r2=8.2216e+02 p=4.8290e-01 epsV=1.4590e+00 epsX=-9.6651e-02 epsZ=8.8136e-01 
New pars ( 274): DC=7.3628e+00 r1=1.0247e+02 r2=8.2217e+02 p=4.8291e-01 epsV=1.4590e+00 epsX=-9.6651e-02 epsZ=8.8136e-01 
New pars ( 275): DC=7.3628e+00 r1=1.0247e+02 r2=8.2217e+02 p=4.8289e-01 epsV=1.4590e+00 epsX=-9.6651e-02 epsZ=8.8136e-01 
New pars ( 276): DC=7.3628e+00 r1=1.0247e+02 r2=8.2217e+02 p=4.8290e-01 epsV=1.4590e+00 epsX=-9.6651e-02 epsZ=8.8136e-01 
New pars ( 277): DC=7.3629e+00 r1=1.0238e+02 r2=8.2392e+02 p=4.8223e-01 epsV=1.4593e+00 epsX=-1.5866e-01 epsZ=8.8382e-01 
New pars ( 278): DC=7.3636e+00 r1=1.0204e+02 r2=8.3093e+02 p=4.7957e-01 epsV=1.4605e+00 epsX=-4.0669e-01 epsZ=8.9364e-01 
New pars ( 279): DC=7.3633e+00 r1=1.0221e+02 r2=8.2747e+02 p=4.8088e-01 epsV=1.4599e+00 epsX=-2.8451e-01 epsZ=8.8880e-01 
New pars ( 280): DC=7.3635e+00 r1=1.0221e+02 r2=8.2747e+02 p=4.8088e-01 epsV=1.4599e+00 epsX=-2.8451e-01 epsZ=8.8880e-01 
New pars ( 281): DC=7.3630e+00 r1=1.0221e+02 r2=8.2747e+02 p=4.8088e-01 epsV=1.4599e+00 epsX=-2.8451e-01 epsZ=8.8880e-01 
New pars ( 282): DC=7.3633e+00 r1=1.0221e+02 r2=8.2747e+02 p=4.8088e-01 epsV=1.4599e+00 epsX=-2.8451e-01 epsZ=8.8880e-01 
New pars ( 283): DC=7.3633e+00 r1=1.0220e+02 r2=8.2747e+02 p=4.8088e-01 epsV=1.4599e+00 epsX=-2.8451e-01 epsZ=8.8880e-01 
New pars ( 284): DC=7.3633e+00 r1=1.0221e+02 r2=8.2748e+02 p=4.8088e-01 epsV=1.4599e+00 epsX=-2.8451e-01 epsZ=8.8880e-01 
New pars ( 285): DC=7.3633e+00 r1=1.0221e+02 r2=8.2747e+02 p=4.8088e-01 epsV=1.4599e+00 epsX=-2.8451e-01 epsZ=8.8880e-01 
New pars ( 286): DC=7.3633e+00 r1=1.0221e+02 r2=8.2747e+02 p=4.8090e-01 epsV=1.4599e+00 epsX=-2.8451e-01 epsZ=8.8880e-01 
New pars ( 287): DC=7.3633e+00 r1=1.0221e+02 r2=8.2747e+02 p=4.8087e-01 epsV=1.4599e+00 epsX=-2.8451e-01 epsZ=8.8880e-01 
New pars ( 288): DC=7.3633e+00 r1=1.0221e+02 r2=8.2747e+02 p=4.8088e-01 epsV=1.4599e+00 epsX=-2.8451e-01 epsZ=8.8880e-01 
New pars ( 289): DC=7.3633e+00 r1=1.0205e+02 r2=8.3129e+02 p=4.7940e-01 epsV=1.4604e+00 epsX=-4.2224e-01 epsZ=8.9462e-01 
New pars ( 290): DC=7.3633e+00 r1=1.0204e+02 r2=8.3161e+02 p=4.7928e-01 epsV=1.4605e+00 epsX=-4.3392e-01 epsZ=8.9511e-01 
New pars ( 291): DC=7.3633e+00 r1=1.0206e+02 r2=8.3107e+02 p=4.7949e-01 epsV=1.4604e+00 epsX=-4.1452e-01 epsZ=8.9429e-01 
New pars ( 292): DC=7.3635e+00 r1=1.0206e+02 r2=8.3107e+02 p=4.7949e-01 epsV=1.4604e+00 epsX=-4.1452e-01 epsZ=8.9429e-01 
New pars ( 293): DC=7.3631e+00 r1=1.0206e+02 r2=8.3107e+02 p=4.7949e-01 epsV=1.4604e+00 epsX=-4.1452e-01 epsZ=8.9429e-01 
New pars ( 294): DC=7.3633e+00 r1=1.0207e+02 r2=8.3107e+02 p=4.7949e-01 epsV=1.4604e+00 epsX=-4.1452e-01 epsZ=8.9429e-01 
New pars ( 295): DC=7.3633e+00 r1=1.0206e+02 r2=8.3107e+02 p=4.7949e-01 epsV=1.4604e+00 epsX=-4.1452e-01 epsZ=8.9429e-01 
New pars ( 296): DC=7.3633e+00 r1=1.0206e+02 r2=8.3108e+02 p=4.7949e-01 epsV=1.4604e+00 epsX=-4.1452e-01 epsZ=8.9429e-01 
New pars ( 297): DC=7.3633e+00 r1=1.0206e+02 r2=8.3107e+02 p=4.7949e-01 epsV=1.4604e+00 epsX=-4.1452e-01 epsZ=8.9429e-01 
New pars ( 298): DC=7.3633e+00 r1=1.0206e+02 r2=8.3107e+02 p=4.7950e-01 epsV=1.4604e+00 epsX=-4.1452e-01 epsZ=8.9429e-01 
New pars ( 299): DC=7.3633e+00 r1=1.0206e+02 r2=8.3107e+02 p=4.7947e-01 epsV=1.4604e+00 epsX=-4.1452e-01 epsZ=8.9429e-01 
New pars ( 300): DC=7.3633e+00 r1=1.0206e+02 r2=8.3107e+02 p=4.7949e-01 epsV=1.4604e+00 epsX=-4.1452e-01 epsZ=8.9429e-01 
New pars ( 301): DC=7.3632e+00 r1=1.0203e+02 r2=8.3192e+02 p=4.7917e-01 epsV=1.4604e+00 epsX=-4.4725e-01 epsZ=8.9612e-01 
New pars ( 302): DC=7.3631e+00 r1=1.0200e+02 r2=8.3300e+02 p=4.7877e-01 epsV=1.4604e+00 epsX=-4.8919e-01 epsZ=8.9846e-01 
New pars ( 303): DC=7.3631e+00 r1=1.0199e+02 r2=8.3322e+02 p=4.7869e-01 epsV=1.4604e+00 epsX=-4.9760e-01 epsZ=8.9893e-01 
New pars ( 304): DC=7.3633e+00 r1=1.0199e+02 r2=8.3322e+02 p=4.7869e-01 epsV=1.4604e+00 epsX=-4.9760e-01 epsZ=8.9893e-01 
New pars ( 305): DC=7.3629e+00 r1=1.0199e+02 r2=8.3322e+02 p=4.7869e-01 epsV=1.4604e+00 epsX=-4.9760e-01 epsZ=8.9893e-01 
New pars ( 306): DC=7.3631e+00 r1=1.0200e+02 r2=8.3322e+02 p=4.7869e-01 epsV=1.4604e+00 epsX=-4.9760e-01 epsZ=8.9893e-01 
New pars ( 307): DC=7.3631e+00 r1=1.0199e+02 r2=8.3322e+02 p=4.7869e-01 epsV=1.4604e+00 epsX=-4.9760e-01 epsZ=8.9893e-01 
New pars ( 308): DC=7.3631e+00 r1=1.0199e+02 r2=8.3322e+02 p=4.7869e-01 epsV=1.4604e+00 epsX=-4.9760e-01 epsZ=8.9893e-01 
New pars ( 309): DC=7.3631e+00 r1=1.0199e+02 r2=8.3321e+02 p=4.7869e-01 epsV=1.4604e+00 epsX=-4.9760e-01 epsZ=8.9893e-01 
New pars ( 310): DC=7.3631e+00 r1=1.0199e+02 r2=8.3322e+02 p=4.7870e-01 epsV=1.4604e+00 epsX=-4.9760e-01 epsZ=8.9893e-01 
New pars ( 311): DC=7.3631e+00 r1=1.0199e+02 r2=8.3322e+02 p=4.7867e-01 epsV=1.4604e+00 epsX=-4.9760e-01 epsZ=8.9893e-01 
New pars ( 312): DC=7.3631e+00 r1=1.0199e+02 r2=8.3322e+02 p=4.7869e-01 epsV=1.4604e+00 epsX=-4.9760e-01 epsZ=8.9893e-01 
New pars ( 313): DC=7.3632e+00 r1=1.0192e+02 r2=8.3494e+02 p=4.7799e-01 epsV=1.4606e+00 epsX=-5.5713e-01 epsZ=9.0052e-01 
New pars ( 314): DC=7.3638e+00 r1=1.0164e+02 r2=8.4185e+02 p=4.7522e-01 epsV=1.4617e+00 epsX=-7.9525e-01 epsZ=9.0689e-01 
New pars ( 315): DC=7.3634e+00 r1=1.0184e+02 r2=8.3707e+02 p=4.7714e-01 epsV=1.4610e+00 epsX=-6.3060e-01 epsZ=9.0249e-01 
New pars ( 316): DC=7.3637e+00 r1=1.0168e+02 r2=8.4075e+02 p=4.7567e-01 epsV=1.4616e+00 epsX=-7.5731e-01 epsZ=9.0588e-01 
New pars ( 317): DC=7.3634e+00 r1=1.0181e+02 r2=8.3769e+02 p=4.7689e-01 epsV=1.4611e+00 epsX=-6.5187e-01 epsZ=9.0306e-01 
New pars ( 318): DC=7.3635e+00 r1=1.0178e+02 r2=8.3851e+02 p=4.7656e-01 epsV=1.4612e+00 epsX=-6.8023e-01 epsZ=9.0382e-01 
New pars ( 319): DC=7.3635e+00 r1=1.0179e+02 r2=8.3813e+02 p=4.7671e-01 epsV=1.4611e+00 epsX=-6.6715e-01 epsZ=9.0347e-01 
New pars ( 320): DC=7.3637e+00 r1=1.0179e+02 r2=8.3813e+02 p=4.7671e-01 epsV=1.4611e+00 epsX=-6.6715e-01 epsZ=9.0347e-01 
New pars ( 321): DC=7.3633e+00 r1=1.0179e+02 r2=8.3813e+02 p=4.7671e-01 epsV=1.4611e+00 epsX=-6.6715e-01 epsZ=9.0347e-01 
New pars ( 322): DC=7.3635e+00 r1=1.0180e+02 r2=8.3813e+02 p=4.7671e-01 epsV=1.4611e+00 epsX=-6.6715e-01 epsZ=9.0347e-01 
New pars ( 323): DC=7.3635e+00 r1=1.0179e+02 r2=8.3813e+02 p=4.7671e-01 epsV=1.4611e+00 epsX=-6.6715e-01 epsZ=9.0347e-01 
New pars ( 324): DC=7.3635e+00 r1=1.0179e+02 r2=8.3814e+02 p=4.7671e-01 epsV=1.4611e+00 epsX=-6.6715e-01 epsZ=9.0347e-01 
New pars ( 325): DC=7.3635e+00 r1=1.0179e+02 r2=8.3813e+02 p=4.7671e-01 epsV=1.4611e+00 epsX=-6.6715e-01 epsZ=9.0347e-01 
New pars ( 326): DC=7.3635e+00 r1=1.0179e+02 r2=8.3813e+02 p=4.7673e-01 epsV=1.4611e+00 epsX=-6.6715e-01 epsZ=9.0347e-01 
New pars ( 327): DC=7.3635e+00 r1=1.0179e+02 r2=8.3813e+02 p=4.7670e-01 epsV=1.4611e+00 epsX=-6.6715e-01 epsZ=9.0347e-01 
New pars ( 328): DC=7.3635e+00 r1=1.0179e+02 r2=8.3813e+02 p=4.7671e-01 epsV=1.4612e+00 epsX=-6.6715e-01 epsZ=9.0347e-01 
New pars ( 329): DC=7.3636e+00 r1=1.0176e+02 r2=8.3881e+02 p=4.7643e-01 epsV=1.4613e+00 epsX=-6.8816e-01 epsZ=9.0329e-01 
New pars ( 330): DC=7.3641e+00 r1=1.0167e+02 r2=8.4079e+02 p=4.7561e-01 epsV=1.4617e+00 epsX=-7.4951e-01 epsZ=9.0277e-01 
New pars ( 331): DC=7.3642e+00 r1=1.0165e+02 r2=8.4116e+02 p=4.7546e-01 epsV=1.4618e+00 epsX=-7.6105e-01 epsZ=9.0267e-01 
New pars ( 332): DC=7.3645e+00 r1=1.0165e+02 r2=8.4116e+02 p=4.7546e-01 epsV=1.4618e+00 epsX=-7.6105e-01 epsZ=9.0267e-01 
New pars ( 333): DC=7.3640e+00 r1=1.0165e+02 r2=8.4116e+02 p=4.7546e-01 epsV=1.4618e+00 epsX=-7.6105e-01 epsZ=9.0267e-01 
New pars ( 334): DC=7.3642e+00 r1=1.0165e+02 r2=8.4116e+02 p=4.7546e-01 epsV=1.4618e+00 epsX=-7.6105e-01 epsZ=9.0267e-01 
New pars ( 335): DC=7.3642e+00 r1=1.0164e+02 r2=8.4116e+02 p=4.7546e-01 epsV=1.4618e+00 epsX=-7.6105e-01 epsZ=9.0267e-01 
New pars ( 336): DC=7.3642e+00 r1=1.0165e+02 r2=8.4117e+02 p=4.7546e-01 epsV=1.4618e+00 epsX=-7.6105e-01 epsZ=9.0267e-01 
New pars ( 337): DC=7.3642e+00 r1=1.0165e+02 r2=8.4115e+02 p=4.7546e-01 epsV=1.4618e+00 epsX=-7.6105e-01 epsZ=9.0267e-01 
New pars ( 338): DC=7.3642e+00 r1=1.0165e+02 r2=8.4116e+02 p=4.7547e-01 epsV=1.4618e+00 epsX=-7.6105e-01 epsZ=9.0267e-01 
New pars ( 339): DC=7.3642e+00 r1=1.0165e+02 r2=8.4116e+02 p=4.7545e-01 epsV=1.4618e+00 epsX=-7.6105e-01 epsZ=9.0267e-01 
New pars ( 340): DC=7.3642e+00 r1=1.0165e+02 r2=8.4116e+02 p=4.7546e-01 epsV=1.4618e+00 epsX=-7.6105e-01 epsZ=9.0267e-01 
New pars ( 341): DC=7.3644e+00 r1=1.0161e+02 r2=8.4183e+02 p=4.7525e-01 epsV=1.4617e+00 epsX=-7.8545e-01 epsZ=9.0371e-01 
New pars ( 342): DC=7.3645e+00 r1=1.0157e+02 r2=8.4239e+02 p=4.7507e-01 epsV=1.4617e+00 epsX=-8.0623e-01 epsZ=9.0459e-01 
New pars ( 343): DC=7.3645e+00 r1=1.0157e+02 r2=8.4249e+02 p=4.7504e-01 epsV=1.4617e+00 epsX=-8.0958e-01 epsZ=9.0473e-01 
New pars ( 344): DC=7.3647e+00 r1=1.0157e+02 r2=8.4249e+02 p=4.7504e-01 epsV=1.4617e+00 epsX=-8.0958e-01 epsZ=9.0473e-01 
New pars ( 345): DC=7.3643e+00 r1=1.0157e+02 r2=8.4249e+02 p=4.7504e-01 epsV=1.4617e+00 epsX=-8.0958e-01 epsZ=9.0473e-01 
New pars ( 346): DC=7.3645e+00 r1=1.0157e+02 r2=8.4249e+02 p=4.7504e-01 epsV=1.4617e+00 epsX=-8.0958e-01 epsZ=9.0473e-01 
New pars ( 347): DC=7.3645e+00 r1=1.0156e+02 r2=8.4249e+02 p=4.7504e-01 epsV=1.4617e+00 epsX=-8.0958e-01 epsZ=9.0473e-01 
New pars ( 348): DC=7.3645e+00 r1=1.0157e+02 r2=8.4249e+02 p=4.7504e-01 epsV=1.4617e+00 epsX=-8.0958e-01 epsZ=9.0473e-01 
New pars ( 349): DC=7.3645e+00 r1=1.0157e+02 r2=8.4248e+02 p=4.7504e-01 epsV=1.4617e+00 epsX=-8.0958e-01 epsZ=9.0473e-01 
New pars ( 350): DC=7.3645e+00 r1=1.0157e+02 r2=8.4249e+02 p=4.7505e-01 epsV=1.4617e+00 epsX=-8.0958e-01 epsZ=9.0473e-01 
New pars ( 351): DC=7.3645e+00 r1=1.0157e+02 r2=8.4249e+02 p=4.7503e-01 epsV=1.4617e+00 epsX=-8.0958e-01 epsZ=9.0473e-01 
New pars ( 352): DC=7.3645e+00 r1=1.0157e+02 r2=8.4249e+02 p=4.7504e-01 epsV=1.4617e+00 epsX=-8.0958e-01 epsZ=9.0473e-01 
New pars ( 353): DC=7.3647e+00 r1=1.0147e+02 r2=8.4448e+02 p=4.7430e-01 epsV=1.4618e+00 epsX=-8.8076e-01 epsZ=9.0731e-01 
New pars ( 354): DC=7.3651e+00 r1=1.0124e+02 r2=8.4956e+02 p=4.7242e-01 epsV=1.4622e+00 epsX=-1.0624e+00 epsZ=9.1389e-01 
New pars ( 355): DC=7.3648e+00 r1=1.0143e+02 r2=8.4551e+02 p=4.7392e-01 epsV=1.4619e+00 epsX=-9.1765e-01 epsZ=9.0865e-01 
New pars ( 356): DC=7.3650e+00 r1=1.0133e+02 r2=8.4758e+02 p=4.7315e-01 epsV=1.4620e+00 epsX=-9.9164e-01 epsZ=9.1133e-01 
New pars ( 357): DC=7.3648e+00 r1=1.0139e+02 r2=8.4619e+02 p=4.7367e-01 epsV=1.4619e+00 epsX=-9.4205e-01 epsZ=9.0953e-01 
New pars ( 358): DC=7.3650e+00 r1=1.0139e+02 r2=8.4619e+02 p=4.7367e-01 epsV=1.4619e+00 epsX=-9.4205e-01 epsZ=9.0953e-01 
New pars ( 359): DC=7.3646e+00 r1=1.0139e+02 r2=8.4619e+02 p=4.7367e-01 epsV=1.4619e+00 epsX=-9.4205e-01 epsZ=9.0953e-01 
New pars ( 360): DC=7.3648e+00 r1=1.0140e+02 r2=8.4619e+02 p=4.7367e-01 epsV=1.4619e+00 epsX=-9.4205e-01 epsZ=9.0953e-01 
New pars ( 361): DC=7.3648e+00 r1=1.0139e+02 r2=8.4619e+02 p=4.7367e-01 epsV=1.4619e+00 epsX=-9.4205e-01 epsZ=9.0953e-01 
New pars ( 362): DC=7.3648e+00 r1=1.0139e+02 r2=8.4620e+02 p=4.7367e-01 epsV=1.4619e+00 epsX=-9.4205e-01 epsZ=9.0953e-01 
New pars ( 363): DC=7.3648e+00 r1=1.0139e+02 r2=8.4619e+02 p=4.7367e-01 epsV=1.4619e+00 epsX=-9.4205e-01 epsZ=9.0953e-01 
New pars ( 364): DC=7.3648e+00 r1=1.0139e+02 r2=8.4619e+02 p=4.7368e-01 epsV=1.4619e+00 epsX=-9.4205e-01 epsZ=9.0953e-01 
New pars ( 365): DC=7.3648e+00 r1=1.0139e+02 r2=8.4619e+02 p=4.7366e-01 epsV=1.4619e+00 epsX=-9.4205e-01 epsZ=9.0953e-01 
New pars ( 366): DC=7.3648e+00 r1=1.0139e+02 r2=8.4619e+02 p=4.7367e-01 epsV=1.4620e+00 epsX=-9.4205e-01 epsZ=9.0953e-01 
New pars ( 367): DC=7.3648e+00 r1=1.0134e+02 r2=8.4790e+02 p=4.7299e-01 epsV=1.4620e+00 epsX=-1.0035e+00 epsZ=9.1175e-01 
New pars ( 368): DC=7.3648e+00 r1=1.0130e+02 r2=8.4890e+02 p=4.7260e-01 epsV=1.4621e+00 epsX=-1.0394e+00 epsZ=9.1305e-01 
New pars ( 369): DC=7.3648e+00 r1=1.0131e+02 r2=8.4857e+02 p=4.7273e-01 epsV=1.4620e+00 epsX=-1.0275e+00 epsZ=9.1262e-01 
New pars ( 370): DC=7.3650e+00 r1=1.0131e+02 r2=8.4857e+02 p=4.7273e-01 epsV=1.4620e+00 epsX=-1.0275e+00 epsZ=9.1262e-01 
New pars ( 371): DC=7.3646e+00 r1=1.0131e+02 r2=8.4857e+02 p=4.7273e-01 epsV=1.4620e+00 epsX=-1.0275e+00 epsZ=9.1262e-01 
New pars ( 372): DC=7.3648e+00 r1=1.0132e+02 r2=8.4857e+02 p=4.7273e-01 epsV=1.4620e+00 epsX=-1.0275e+00 epsZ=9.1262e-01 
New pars ( 373): DC=7.3648e+00 r1=1.0131e+02 r2=8.4857e+02 p=4.7273e-01 epsV=1.4620e+00 epsX=-1.0275e+00 epsZ=9.1262e-01 
New pars ( 374): DC=7.3648e+00 r1=1.0131e+02 r2=8.4857e+02 p=4.7273e-01 epsV=1.4620e+00 epsX=-1.0275e+00 epsZ=9.1262e-01 
New pars ( 375): DC=7.3648e+00 r1=1.0131e+02 r2=8.4856e+02 p=4.7273e-01 epsV=1.4620e+00 epsX=-1.0275e+00 epsZ=9.1262e-01 
New pars ( 376): DC=7.3648e+00 r1=1.0131e+02 r2=8.4857e+02 p=4.7274e-01 epsV=1.4620e+00 epsX=-1.0275e+00 epsZ=9.1262e-01 
New pars ( 377): DC=7.3648e+00 r1=1.0131e+02 r2=8.4857e+02 p=4.7272e-01 epsV=1.4620e+00 epsX=-1.0275e+00 epsZ=9.1262e-01 
New pars ( 378): DC=7.3648e+00 r1=1.0131e+02 r2=8.4857e+02 p=4.7273e-01 epsV=1.4621e+00 epsX=-1.0275e+00 epsZ=9.1262e-01 
New pars ( 379): DC=7.3647e+00 r1=1.0131e+02 r2=8.4891e+02 p=4.7258e-01 epsV=1.4620e+00 epsX=-1.0403e+00 epsZ=9.1318e-01 
New pars ( 380): DC=7.3643e+00 r1=1.0132e+02 r2=8.4997e+02 p=4.7210e-01 epsV=1.4619e+00 epsX=-1.0804e+00 epsZ=9.1494e-01 
New pars ( 381): DC=7.3642e+00 r1=1.0132e+02 r2=8.5020e+02 p=4.7200e-01 epsV=1.4619e+00 epsX=-1.0889e+00 epsZ=9.1531e-01 
New pars ( 382): DC=7.3645e+00 r1=1.0132e+02 r2=8.5020e+02 p=4.7200e-01 epsV=1.4619e+00 epsX=-1.0889e+00 epsZ=9.1531e-01 
New pars ( 383): DC=7.3640e+00 r1=1.0132e+02 r2=8.5020e+02 p=4.7200e-01 epsV=1.4619e+00 epsX=-1.0889e+00 epsZ=9.1531e-01 
New pars ( 384): DC=7.3642e+00 r1=1.0132e+02 r2=8.5020e+02 p=4.7200e-01 epsV=1.4619e+00 epsX=-1.0889e+00 epsZ=9.1531e-01 
New pars ( 385): DC=7.3642e+00 r1=1.0131e+02 r2=8.5020e+02 p=4.7200e-01 epsV=1.4619e+00 epsX=-1.0889e+00 epsZ=9.1531e-01 
New pars ( 386): DC=7.3642e+00 r1=1.0132e+02 r2=8.5020e+02 p=4.7200e-01 epsV=1.4619e+00 epsX=-1.0889e+00 epsZ=9.1531e-01 
New pars ( 387): DC=7.3642e+00 r1=1.0132e+02 r2=8.5019e+02 p=4.7200e-01 epsV=1.4619e+00 epsX=-1.0889e+00 epsZ=9.1531e-01 
New pars ( 388): DC=7.3642e+00 r1=1.0132e+02 r2=8.5020e+02 p=4.7201e-01 epsV=1.4619e+00 epsX=-1.0889e+00 epsZ=9.1531e-01 
New pars ( 389): DC=7.3642e+00 r1=1.0132e+02 r2=8.5020e+02 p=4.7199e-01 epsV=1.4619e+00 epsX=-1.0889e+00 epsZ=9.1531e-01 
New pars ( 390): DC=7.3642e+00 r1=1.0132e+02 r2=8.5020e+02 p=4.7200e-01 epsV=1.4620e+00 epsX=-1.0889e+00 epsZ=9.1531e-01 
New pars ( 391): DC=7.3646e+00 r1=1.0121e+02 r2=8.5272e+02 p=4.7105e-01 epsV=1.4621e+00 epsX=-1.1751e+00 epsZ=9.1713e-01 
New pars ( 392): DC=7.3649e+00 r1=1.0110e+02 r2=8.5520e+02 p=4.7011e-01 epsV=1.4622e+00 epsX=-1.2600e+00 epsZ=9.1891e-01 
New pars ( 393): DC=7.3647e+00 r1=1.0116e+02 r2=8.5388e+02 p=4.7061e-01 epsV=1.4621e+00 epsX=-1.2148e+00 epsZ=9.1796e-01 
New pars ( 394): DC=7.3650e+00 r1=1.0116e+02 r2=8.5388e+02 p=4.7061e-01 epsV=1.4621e+00 epsX=-1.2148e+00 epsZ=9.1796e-01 
New pars ( 395): DC=7.3645e+00 r1=1.0116e+02 r2=8.5388e+02 p=4.7061e-01 epsV=1.4621e+00 epsX=-1.2148e+00 epsZ=9.1796e-01 
New pars ( 396): DC=7.3647e+00 r1=1.0116e+02 r2=8.5388e+02 p=4.7061e-01 epsV=1.4621e+00 epsX=-1.2148e+00 epsZ=9.1796e-01 
New pars ( 397): DC=7.3647e+00 r1=1.0115e+02 r2=8.5388e+02 p=4.7061e-01 epsV=1.4621e+00 epsX=-1.2148e+00 epsZ=9.1796e-01 
New pars ( 398): DC=7.3647e+00 r1=1.0116e+02 r2=8.5389e+02 p=4.7061e-01 epsV=1.4621e+00 epsX=-1.2148e+00 epsZ=9.1796e-01 
New pars ( 399): DC=7.3647e+00 r1=1.0116e+02 r2=8.5387e+02 p=4.7061e-01 epsV=1.4621e+00 epsX=-1.2148e+00 epsZ=9.1796e-01 
New pars ( 400): DC=7.3647e+00 r1=1.0116e+02 r2=8.5388e+02 p=4.7062e-01 epsV=1.4621e+00 epsX=-1.2148e+00 epsZ=9.1796e-01 
New pars ( 401): DC=7.3647e+00 r1=1.0116e+02 r2=8.5388e+02 p=4.7060e-01 epsV=1.4621e+00 epsX=-1.2148e+00 epsZ=9.1796e-01 
New pars ( 402): DC=7.3647e+00 r1=1.0116e+02 r2=8.5388e+02 p=4.7061e-01 epsV=1.4621e+00 epsX=-1.2148e+00 epsZ=9.1796e-01 
New pars ( 403): DC=7.3650e+00 r1=1.0111e+02 r2=8.5477e+02 p=4.7030e-01 epsV=1.4621e+00 epsX=-1.2442e+00 epsZ=9.1830e-01 
New pars ( 404): DC=7.3655e+00 r1=1.0103e+02 r2=8.5638e+02 p=4.6973e-01 epsV=1.4621e+00 epsX=-1.2973e+00 epsZ=9.1890e-01 
New pars ( 405): DC=7.3657e+00 r1=1.0099e+02 r2=8.5703e+02 p=4.6951e-01 epsV=1.4621e+00 epsX=-1.3187e+00 epsZ=9.1915e-01 
New pars ( 406): DC=7.3658e+00 r1=1.0098e+02 r2=8.5730e+02 p=4.6941e-01 epsV=1.4621e+00 epsX=-1.3277e+00 epsZ=9.1925e-01 
New pars ( 407): DC=7.3660e+00 r1=1.0098e+02 r2=8.5730e+02 p=4.6941e-01 epsV=1.4621e+00 epsX=-1.3277e+00 epsZ=9.1925e-01 
New pars ( 408): DC=7.3655e+00 r1=1.0098e+02 r2=8.5730e+02 p=4.6941e-01 epsV=1.4621e+00 epsX=-1.3277e+00 epsZ=9.1925e-01 
New pars ( 409): DC=7.3658e+00 r1=1.0098e+02 r2=8.5730e+02 p=4.6941e-01 epsV=1.4621e+00 epsX=-1.3277e+00 epsZ=9.1925e-01 
New pars ( 410): DC=7.3658e+00 r1=1.0097e+02 r2=8.5730e+02 p=4.6941e-01 epsV=1.4621e+00 epsX=-1.3277e+00 epsZ=9.1925e-01 
New pars ( 411): DC=7.3658e+00 r1=1.0098e+02 r2=8.5731e+02 p=4.6941e-01 epsV=1.4621e+00 epsX=-1.3277e+00 epsZ=9.1925e-01 
New pars ( 412): DC=7.3658e+00 r1=1.0098e+02 r2=8.5729e+02 p=4.6941e-01 epsV=1.4621e+00 epsX=-1.3277e+00 epsZ=9.1925e-01 
New pars ( 413): DC=7.3658e+00 r1=1.0098e+02 r2=8.5730e+02 p=4.6942e-01 epsV=1.4621e+00 epsX=-1.3277e+00 epsZ=9.1925e-01 
New pars ( 414): DC=7.3658e+00 r1=1.0098e+02 r2=8.5730e+02 p=4.6940e-01 epsV=1.4621e+00 epsX=-1.3277e+00 epsZ=9.1925e-01 
New pars ( 415): DC=7.3658e+00 r1=1.0098e+02 r2=8.5730e+02 p=4.6941e-01 epsV=1.4622e+00 epsX=-1.3277e+00 epsZ=9.1925e-01 
New pars ( 416): DC=7.3657e+00 r1=1.0089e+02 r2=8.6000e+02 p=4.6836e-01 epsV=1.4620e+00 epsX=-1.4262e+00 epsZ=9.2317e-01 
New pars ( 417): DC=7.3657e+00 r1=1.0086e+02 r2=8.6075e+02 p=4.6806e-01 epsV=1.4619e+00 epsX=-1.4537e+00 epsZ=9.2426e-01 
New pars ( 418): DC=7.3657e+00 r1=1.0088e+02 r2=8.6026e+02 p=4.6825e-01 epsV=1.4619e+00 epsX=-1.4359e+00 epsZ=9.2355e-01 
New pars ( 419): DC=7.3659e+00 r1=1.0088e+02 r2=8.6026e+02 p=4.6825e-01 epsV=1.4619e+00 epsX=-1.4359e+00 epsZ=9.2355e-01 
New pars ( 420): DC=7.3655e+00 r1=1.0088e+02 r2=8.6026e+02 p=4.6825e-01 epsV=1.4619e+00 epsX=-1.4359e+00 epsZ=9.2355e-01 
New pars ( 421): DC=7.3657e+00 r1=1.0089e+02 r2=8.6026e+02 p=4.6825e-01 epsV=1.4619e+00 epsX=-1.4359e+00 epsZ=9.2355e-01 
New pars ( 422): DC=7.3657e+00 r1=1.0087e+02 r2=8.6026e+02 p=4.6825e-01 epsV=1.4619e+00 epsX=-1.4359e+00 epsZ=9.2355e-01 
New pars ( 423): DC=7.3657e+00 r1=1.0088e+02 r2=8.6027e+02 p=4.6825e-01 epsV=1.4619e+00 epsX=-1.4359e+00 epsZ=9.2355e-01 
New pars ( 424): DC=7.3657e+00 r1=1.0088e+02 r2=8.6026e+02 p=4.6825e-01 epsV=1.4619e+00 epsX=-1.4359e+00 epsZ=9.2355e-01 
New pars ( 425): DC=7.3657e+00 r1=1.0088e+02 r2=8.6026e+02 p=4.6827e-01 epsV=1.4619e+00 epsX=-1.4359e+00 epsZ=9.2355e-01 
New pars ( 426): DC=7.3657e+00 r1=1.0088e+02 r2=8.6026e+02 p=4.6824e-01 epsV=1.4619e+00 epsX=-1.4359e+00 epsZ=9.2355e-01 
New pars ( 427): DC=7.3657e+00 r1=1.0088e+02 r2=8.6026e+02 p=4.6825e-01 epsV=1.4620e+00 epsX=-1.4359e+00 epsZ=9.2355e-01 
New pars ( 428): DC=7.3655e+00 r1=1.0087e+02 r2=8.6091e+02 p=4.6799e-01 epsV=1.4618e+00 epsX=-1.4616e+00 epsZ=9.2520e-01 
New pars ( 429): DC=7.3653e+00 r1=1.0087e+02 r2=8.6135e+02 p=4.6780e-01 epsV=1.4616e+00 epsX=-1.4793e+00 epsZ=9.2633e-01 
New pars ( 430): DC=7.3653e+00 r1=1.0087e+02 r2=8.6142e+02 p=4.6777e-01 epsV=1.4616e+00 epsX=-1.4821e+00 epsZ=9.2651e-01 
New pars ( 431): DC=7.3655e+00 r1=1.0087e+02 r2=8.6142e+02 p=4.6777e-01 epsV=1.4616e+00 epsX=-1.4821e+00 epsZ=9.2651e-01 
New pars ( 432): DC=7.3650e+00 r1=1.0087e+02 r2=8.6142e+02 p=4.6777e-01 epsV=1.4616e+00 epsX=-1.4821e+00 epsZ=9.2651e-01 
New pars ( 433): DC=7.3653e+00 r1=1.0087e+02 r2=8.6142e+02 p=4.6777e-01 epsV=1.4616e+00 epsX=-1.4821e+00 epsZ=9.2651e-01 
New pars ( 434): DC=7.3653e+00 r1=1.0086e+02 r2=8.6142e+02 p=4.6777e-01 epsV=1.4616e+00 epsX=-1.4821e+00 epsZ=9.2651e-01 
New pars ( 435): DC=7.3653e+00 r1=1.0087e+02 r2=8.6142e+02 p=4.6777e-01 epsV=1.4616e+00 epsX=-1.4821e+00 epsZ=9.2651e-01 
New pars ( 436): DC=7.3653e+00 r1=1.0087e+02 r2=8.6141e+02 p=4.6777e-01 epsV=1.4616e+00 epsX=-1.4821e+00 epsZ=9.2651e-01 
New pars ( 437): DC=7.3653e+00 r1=1.0087e+02 r2=8.6142e+02 p=4.6779e-01 epsV=1.4616e+00 epsX=-1.4821e+00 epsZ=9.2651e-01 
New pars ( 438): DC=7.3653e+00 r1=1.0087e+02 r2=8.6142e+02 p=4.6776e-01 epsV=1.4616e+00 epsX=-1.4821e+00 epsZ=9.2651e-01 
New pars ( 439): DC=7.3653e+00 r1=1.0087e+02 r2=8.6142e+02 p=4.6777e-01 epsV=1.4616e+00 epsX=-1.4821e+00 epsZ=9.2651e-01 
New pars ( 440): DC=7.3653e+00 r1=1.0081e+02 r2=8.6300e+02 p=4.6717e-01 epsV=1.4615e+00 epsX=-1.5373e+00 epsZ=9.2796e-01 
New pars ( 441): DC=7.3654e+00 r1=1.0071e+02 r2=8.6596e+02 p=4.6605e-01 epsV=1.4614e+00 epsX=-1.6404e+00 epsZ=9.3067e-01 
New pars ( 442): DC=7.3654e+00 r1=1.0075e+02 r2=8.6485e+02 p=4.6647e-01 epsV=1.4614e+00 epsX=-1.6018e+00 epsZ=9.2965e-01 
New pars ( 443): DC=7.3656e+00 r1=1.0075e+02 r2=8.6485e+02 p=4.6647e-01 epsV=1.4614e+00 epsX=-1.6018e+00 epsZ=9.2965e-01 
New pars ( 444): DC=7.3651e+00 r1=1.0075e+02 r2=8.6485e+02 p=4.6647e-01 epsV=1.4614e+00 epsX=-1.6018e+00 epsZ=9.2965e-01 
New pars ( 445): DC=7.3654e+00 r1=1.0075e+02 r2=8.6485e+02 p=4.6647e-01 epsV=1.4614e+00 epsX=-1.6018e+00 epsZ=9.2965e-01 
New pars ( 446): DC=7.3654e+00 r1=1.0074e+02 r2=8.6485e+02 p=4.6647e-01 epsV=1.4614e+00 epsX=-1.6018e+00 epsZ=9.2965e-01 
New pars ( 447): DC=7.3654e+00 r1=1.0075e+02 r2=8.6486e+02 p=4.6647e-01 epsV=1.4614e+00 epsX=-1.6018e+00 epsZ=9.2965e-01 
New pars ( 448): DC=7.3654e+00 r1=1.0075e+02 r2=8.6485e+02 p=4.6647e-01 epsV=1.4614e+00 epsX=-1.6018e+00 epsZ=9.2965e-01 
New pars ( 449): DC=7.3654e+00 r1=1.0075e+02 r2=8.6485e+02 p=4.6648e-01 epsV=1.4614e+00 epsX=-1.6018e+00 epsZ=9.2965e-01 
New pars ( 450): DC=7.3654e+00 r1=1.0075e+02 r2=8.6485e+02 p=4.6646e-01 epsV=1.4614e+00 epsX=-1.6018e+00 epsZ=9.2965e-01 
New pars ( 451): DC=7.3654e+00 r1=1.0075e+02 r2=8.6485e+02 p=4.6647e-01 epsV=1.4614e+00 epsX=-1.6018e+00 epsZ=9.2965e-01 
New pars ( 452): DC=7.3654e+00 r1=1.0072e+02 r2=8.6561e+02 p=4.6619e-01 epsV=1.4614e+00 epsX=-1.6273e+00 epsZ=9.3003e-01 
New pars ( 453): DC=7.3656e+00 r1=1.0065e+02 r2=8.6740e+02 p=4.6553e-01 epsV=1.4613e+00 epsX=-1.6874e+00 epsZ=9.3092e-01 
New pars ( 454): DC=7.3658e+00 r1=1.0061e+02 r2=8.6858e+02 p=4.6510e-01 epsV=1.4612e+00 epsX=-1.7270e+00 epsZ=9.3150e-01 
New pars ( 455): DC=7.3660e+00 r1=1.0061e+02 r2=8.6858e+02 p=4.6510e-01 epsV=1.4612e+00 epsX=-1.7270e+00 epsZ=9.3150e-01 
New pars ( 456): DC=7.3655e+00 r1=1.0061e+02 r2=8.6858e+02 p=4.6510e-01 epsV=1.4612e+00 epsX=-1.7270e+00 epsZ=9.3150e-01 
New pars ( 457): DC=7.3658e+00 r1=1.0061e+02 r2=8.6858e+02 p=4.6510e-01 epsV=1.4612e+00 epsX=-1.7270e+00 epsZ=9.3150e-01 
New pars ( 458): DC=7.3658e+00 r1=1.0060e+02 r2=8.6858e+02 p=4.6510e-01 epsV=1.4612e+00 epsX=-1.7270e+00 epsZ=9.3150e-01 
New pars ( 459): DC=7.3658e+00 r1=1.0061e+02 r2=8.6859e+02 p=4.6510e-01 epsV=1.4612e+00 epsX=-1.7270e+00 epsZ=9.3150e-01 
New pars ( 460): DC=7.3658e+00 r1=1.0061e+02 r2=8.6857e+02 p=4.6510e-01 epsV=1.4612e+00 epsX=-1.7270e+00 epsZ=9.3150e-01 
New pars ( 461): DC=7.3658e+00 r1=1.0061e+02 r2=8.6858e+02 p=4.6511e-01 epsV=1.4612e+00 epsX=-1.7270e+00 epsZ=9.3150e-01 
New pars ( 462): DC=7.3658e+00 r1=1.0061e+02 r2=8.6858e+02 p=4.6508e-01 epsV=1.4612e+00 epsX=-1.7270e+00 epsZ=9.3150e-01 
New pars ( 463): DC=7.3658e+00 r1=1.0061e+02 r2=8.6858e+02 p=4.6510e-01 epsV=1.4612e+00 epsX=-1.7270e+00 epsZ=9.3150e-01 
New pars ( 464): DC=7.3658e+00 r1=1.0061e+02 r2=8.6840e+02 p=4.6517e-01 epsV=1.4612e+00 epsX=-1.7203e+00 epsZ=9.3127e-01 
New pars ( 465): DC=7.3658e+00 r1=1.0062e+02 r2=8.6816e+02 p=4.6526e-01 epsV=1.4612e+00 epsX=-1.7118e+00 epsZ=9.3098e-01 
New pars ( 466): DC=7.3658e+00 r1=1.0062e+02 r2=8.6812e+02 p=4.6528e-01 epsV=1.4612e+00 epsX=-1.7105e+00 epsZ=9.3094e-01 
New pars ( 467): DC=7.3660e+00 r1=1.0062e+02 r2=8.6812e+02 p=4.6528e-01 epsV=1.4612e+00 epsX=-1.7105e+00 epsZ=9.3094e-01 
New pars ( 468): DC=7.3656e+00 r1=1.0062e+02 r2=8.6812e+02 p=4.6528e-01 epsV=1.4612e+00 epsX=-1.7105e+00 epsZ=9.3094e-01 
New pars ( 469): DC=7.3658e+00 r1=1.0063e+02 r2=8.6812e+02 p=4.6528e-01 epsV=1.4612e+00 epsX=-1.7105e+00 epsZ=9.3094e-01 
New pars ( 470): DC=7.3658e+00 r1=1.0062e+02 r2=8.6812e+02 p=4.6528e-01 epsV=1.4612e+00 epsX=-1.7105e+00 epsZ=9.3094e-01 
New pars ( 471): DC=7.3658e+00 r1=1.0062e+02 r2=8.6813e+02 p=4.6528e-01 epsV=1.4612e+00 epsX=-1.7105e+00 epsZ=9.3094e-01 
New pars ( 472): DC=7.3658e+00 r1=1.0062e+02 r2=8.6812e+02 p=4.6528e-01 epsV=1.4612e+00 epsX=-1.7105e+00 epsZ=9.3094e-01 
New pars ( 473): DC=7.3658e+00 r1=1.0062e+02 r2=8.6812e+02 p=4.6529e-01 epsV=1.4612e+00 epsX=-1.7105e+00 epsZ=9.3094e-01 
New pars ( 474): DC=7.3658e+00 r1=1.0062e+02 r2=8.6812e+02 p=4.6527e-01 epsV=1.4612e+00 epsX=-1.7105e+00 epsZ=9.3094e-01 
New pars ( 475): DC=7.3658e+00 r1=1.0062e+02 r2=8.6812e+02 p=4.6528e-01 epsV=1.4612e+00 epsX=-1.7105e+00 epsZ=9.3094e-01 
New pars ( 476): DC=7.3659e+00 r1=1.0060e+02 r2=8.6873e+02 p=4.6505e-01 epsV=1.4611e+00 epsX=-1.7326e+00 epsZ=9.3176e-01 
New pars ( 477): DC=7.3660e+00 r1=1.0055e+02 r2=8.7050e+02 p=4.6438e-01 epsV=1.4608e+00 epsX=-1.7963e+00 epsZ=9.3415e-01 
New pars ( 478): DC=7.3664e+00 r1=1.0041e+02 r2=8.7486e+02 p=4.6273e-01 epsV=1.4600e+00 epsX=-1.9540e+00 epsZ=9.4007e-01 
New pars ( 479): DC=7.3661e+00 r1=1.0051e+02 r2=8.7176e+02 p=4.6390e-01 epsV=1.4606e+00 epsX=-1.8420e+00 epsZ=9.3587e-01 
New pars ( 480): DC=7.3662e+00 r1=1.0047e+02 r2=8.7292e+02 p=4.6346e-01 epsV=1.4604e+00 epsX=-1.8838e+00 epsZ=9.3743e-01 
New pars ( 481): DC=7.3662e+00 r1=1.0049e+02 r2=8.7225e+02 p=4.6372e-01 epsV=1.4605e+00 epsX=-1.8596e+00 epsZ=9.3653e-01 
New pars ( 482): DC=7.3664e+00 r1=1.0049e+02 r2=8.7225e+02 p=4.6372e-01 epsV=1.4605e+00 epsX=-1.8596e+00 epsZ=9.3653e-01 
New pars ( 483): DC=7.3660e+00 r1=1.0049e+02 r2=8.7225e+02 p=4.6372e-01 epsV=1.4605e+00 epsX=-1.8596e+00 epsZ=9.3653e-01 
New pars ( 484): DC=7.3662e+00 r1=1.0050e+02 r2=8.7225e+02 p=4.6372e-01 epsV=1.4605e+00 epsX=-1.8596e+00 epsZ=9.3653e-01 
New pars ( 485): DC=7.3662e+00 r1=1.0049e+02 r2=8.7225e+02 p=4.6372e-01 epsV=1.4605e+00 epsX=-1.8596e+00 epsZ=9.3653e-01 
New pars ( 486): DC=7.3662e+00 r1=1.0049e+02 r2=8.7226e+02 p=4.6372e-01 epsV=1.4605e+00 epsX=-1.8596e+00 epsZ=9.3653e-01 
New pars ( 487): DC=7.3662e+00 r1=1.0049e+02 r2=8.7224e+02 p=4.6372e-01 epsV=1.4605e+00 epsX=-1.8596e+00 epsZ=9.3653e-01 
New pars ( 488): DC=7.3662e+00 r1=1.0049e+02 r2=8.7225e+02 p=4.6373e-01 epsV=1.4605e+00 epsX=-1.8596e+00 epsZ=9.3653e-01 
New pars ( 489): DC=7.3662e+00 r1=1.0049e+02 r2=8.7225e+02 p=4.6371e-01 epsV=1.4605e+00 epsX=-1.8596e+00 epsZ=9.3653e-01 
New pars ( 490): DC=7.3662e+00 r1=1.0049e+02 r2=8.7225e+02 p=4.6372e-01 epsV=1.4605e+00 epsX=-1.8596e+00 epsZ=9.3653e-01 
New pars ( 491): DC=7.3662e+00 r1=1.0043e+02 r2=8.7429e+02 p=4.6296e-01 epsV=1.4602e+00 epsX=-1.9300e+00 epsZ=9.3827e-01 
New pars ( 492): DC=7.3662e+00 r1=1.0037e+02 r2=8.7598e+02 p=4.6232e-01 epsV=1.4599e+00 epsX=-1.9886e+00 epsZ=9.3973e-01 
New pars ( 493): DC=7.3662e+00 r1=1.0036e+02 r2=8.7639e+02 p=4.6217e-01 epsV=1.4599e+00 epsX=-2.0027e+00 epsZ=9.4008e-01 
New pars ( 494): DC=7.3664e+00 r1=1.0037e+02 r2=8.7598e+02 p=4.6232e-01 epsV=1.4599e+00 epsX=-1.9886e+00 epsZ=9.3973e-01 
New pars ( 495): DC=7.3660e+00 r1=1.0037e+02 r2=8.7598e+02 p=4.6232e-01 epsV=1.4599e+00 epsX=-1.9886e+00 epsZ=9.3973e-01 
New pars ( 496): DC=7.3662e+00 r1=1.0037e+02 r2=8.7598e+02 p=4.6232e-01 epsV=1.4599e+00 epsX=-1.9886e+00 epsZ=9.3973e-01 
New pars ( 497): DC=7.3662e+00 r1=1.0036e+02 r2=8.7598e+02 p=4.6232e-01 epsV=1.4599e+00 epsX=-1.9886e+00 epsZ=9.3973e-01 
New pars ( 498): DC=7.3662e+00 r1=1.0037e+02 r2=8.7599e+02 p=4.6232e-01 epsV=1.4599e+00 epsX=-1.9886e+00 epsZ=9.3973e-01 
New pars ( 499): DC=7.3662e+00 r1=1.0037e+02 r2=8.7598e+02 p=4.6232e-01 epsV=1.4599e+00 epsX=-1.9886e+00 epsZ=9.3973e-01 
New pars ( 500): DC=7.3662e+00 r1=1.0037e+02 r2=8.7598e+02 p=4.6233e-01 epsV=1.4599e+00 epsX=-1.9886e+00 epsZ=9.3973e-01 
New pars ( 501): DC=7.3662e+00 r1=1.0037e+02 r2=8.7598e+02 p=4.6231e-01 epsV=1.4599e+00 epsX=-1.9886e+00 epsZ=9.3973e-01 
New pars ( 502): DC=7.3662e+00 r1=1.0037e+02 r2=8.7598e+02 p=4.6232e-01 epsV=1.4600e+00 epsX=-1.9886e+00 epsZ=9.3973e-01 
New pars ( 503): DC=7.3661e+00 r1=1.0035e+02 r2=8.7674e+02 p=4.6204e-01 epsV=1.4598e+00 epsX=-2.0141e+00 epsZ=9.4023e-01 
New pars ( 504): DC=7.3661e+00 r1=1.0031e+02 r2=8.7793e+02 p=4.6160e-01 epsV=1.4596e+00 epsX=-2.0544e+00 epsZ=9.4103e-01 
New pars ( 505): DC=7.3660e+00 r1=1.0028e+02 r2=8.7897e+02 p=4.6121e-01 epsV=1.4594e+00 epsX=-2.0898e+00 epsZ=9.4173e-01 
New pars ( 506): DC=7.3659e+00 r1=1.0025e+02 r2=8.7969e+02 p=4.6095e-01 epsV=1.4592e+00 epsX=-2.1140e+00 epsZ=9.4220e-01 
New pars ( 507): DC=7.3659e+00 r1=1.0023e+02 r2=8.8053e+02 p=4.6064e-01 epsV=1.4591e+00 epsX=-2.1426e+00 epsZ=9.4277e-01 
New pars ( 508): DC=7.3658e+00 r1=1.0019e+02 r2=8.8165e+02 p=4.6022e-01 epsV=1.4588e+00 epsX=-2.1804e+00 epsZ=9.4351e-01 
New pars ( 509): DC=7.3656e+00 r1=1.0009e+02 r2=8.8493e+02 p=4.5901e-01 epsV=1.4582e+00 epsX=-2.2915e+00 epsZ=9.4571e-01 
New pars ( 510): DC=7.3645e+00 r1=9.9531e+01 r2=9.0282e+02 p=4.5238e-01 epsV=1.4547e+00 epsX=-2.8971e+00 epsZ=9.5767e-01 
New pars ( 511): DC=7.3651e+00 r1=9.9810e+01 r2=8.9387e+02 p=4.5569e-01 epsV=1.4565e+00 epsX=-2.5943e+00 epsZ=9.5169e-01 
New pars ( 512): DC=7.3653e+00 r1=9.9950e+01 r2=8.8940e+02 p=4.5735e-01 epsV=1.4573e+00 epsX=-2.4429e+00 epsZ=9.4870e-01 
New pars ( 513): DC=7.3655e+00 r1=1.0002e+02 r2=8.8716e+02 p=4.5818e-01 epsV=1.4578e+00 epsX=-2.3672e+00 epsZ=9.4720e-01 
New pars ( 514): DC=7.3657e+00 r1=1.0002e+02 r2=8.8716e+02 p=4.5818e-01 epsV=1.4578e+00 epsX=-2.3672e+00 epsZ=9.4720e-01 
New pars ( 515): DC=7.3653e+00 r1=1.0002e+02 r2=8.8716e+02 p=4.5818e-01 epsV=1.4578e+00 epsX=-2.3672e+00 epsZ=9.4720e-01 
New pars ( 516): DC=7.3655e+00 r1=1.0003e+02 r2=8.8716e+02 p=4.5818e-01 epsV=1.4578e+00 epsX=-2.3672e+00 epsZ=9.4720e-01 
New pars ( 517): DC=7.3655e+00 r1=1.0001e+02 r2=8.8716e+02 p=4.5818e-01 epsV=1.4578e+00 epsX=-2.3672e+00 epsZ=9.4720e-01 
New pars ( 518): DC=7.3655e+00 r1=1.0002e+02 r2=8.8717e+02 p=4.5818e-01 epsV=1.4578e+00 epsX=-2.3672e+00 epsZ=9.4720e-01 
New pars ( 519): DC=7.3655e+00 r1=1.0002e+02 r2=8.8716e+02 p=4.5818e-01 epsV=1.4578e+00 epsX=-2.3672e+00 epsZ=9.4720e-01 
New pars ( 520): DC=7.3655e+00 r1=1.0002e+02 r2=8.8716e+02 p=4.5819e-01 epsV=1.4578e+00 epsX=-2.3672e+00 epsZ=9.4720e-01 
New pars ( 521): DC=7.3655e+00 r1=1.0002e+02 r2=8.8716e+02 p=4.5817e-01 epsV=1.4578e+00 epsX=-2.3672e+00 epsZ=9.4720e-01 
New pars ( 522): DC=7.3655e+00 r1=1.0002e+02 r2=8.8716e+02 p=4.5818e-01 epsV=1.4578e+00 epsX=-2.3672e+00 epsZ=9.4720e-01 
New pars ( 523): DC=7.3666e+00 r1=9.9986e+01 r2=8.8886e+02 p=4.5756e-01 epsV=1.4571e+00 epsX=-2.4328e+00 epsZ=9.5080e-01 
New pars ( 524): DC=7.3664e+00 r1=9.9991e+01 r2=8.8859e+02 p=4.5766e-01 epsV=1.4572e+00 epsX=-2.4225e+00 epsZ=9.5023e-01 
New pars ( 525): DC=7.3666e+00 r1=9.9991e+01 r2=8.8859e+02 p=4.5766e-01 epsV=1.4572e+00 epsX=-2.4225e+00 epsZ=9.5023e-01 
New pars ( 526): DC=7.3662e+00 r1=9.9991e+01 r2=8.8859e+02 p=4.5766e-01 epsV=1.4572e+00 epsX=-2.4225e+00 epsZ=9.5023e-01 
New pars ( 527): DC=7.3664e+00 r1=9.9997e+01 r2=8.8859e+02 p=4.5766e-01 epsV=1.4572e+00 epsX=-2.4225e+00 epsZ=9.5023e-01 
New pars ( 528): DC=7.3664e+00 r1=9.9985e+01 r2=8.8859e+02 p=4.5766e-01 epsV=1.4572e+00 epsX=-2.4225e+00 epsZ=9.5023e-01 
New pars ( 529): DC=7.3664e+00 r1=9.9991e+01 r2=8.8860e+02 p=4.5766e-01 epsV=1.4572e+00 epsX=-2.4225e+00 epsZ=9.5023e-01 
New pars ( 530): DC=7.3664e+00 r1=9.9991e+01 r2=8.8859e+02 p=4.5766e-01 epsV=1.4572e+00 epsX=-2.4225e+00 epsZ=9.5023e-01 
New pars ( 531): DC=7.3664e+00 r1=9.9991e+01 r2=8.8859e+02 p=4.5767e-01 epsV=1.4572e+00 epsX=-2.4225e+00 epsZ=9.5023e-01 
New pars ( 532): DC=7.3664e+00 r1=9.9991e+01 r2=8.8859e+02 p=4.5764e-01 epsV=1.4572e+00 epsX=-2.4225e+00 epsZ=9.5023e-01 
New pars ( 533): DC=7.3664e+00 r1=9.9991e+01 r2=8.8859e+02 p=4.5766e-01 epsV=1.4572e+00 epsX=-2.4225e+00 epsZ=9.5023e-01 
New pars ( 534): DC=7.3673e+00 r1=1.0003e+02 r2=8.8798e+02 p=4.5790e-01 epsV=1.4570e+00 epsX=-2.4073e+00 epsZ=9.5151e-01 
New pars ( 535): DC=7.3668e+00 r1=1.0001e+02 r2=8.8831e+02 p=4.5777e-01 epsV=1.4571e+00 epsX=-2.4154e+00 epsZ=9.5083e-01 
New pars ( 536): DC=7.3670e+00 r1=1.0001e+02 r2=8.8831e+02 p=4.5777e-01 epsV=1.4571e+00 epsX=-2.4154e+00 epsZ=9.5083e-01 
New pars ( 537): DC=7.3666e+00 r1=1.0001e+02 r2=8.8831e+02 p=4.5777e-01 epsV=1.4571e+00 epsX=-2.4154e+00 epsZ=9.5083e-01 
New pars ( 538): DC=7.3668e+00 r1=1.0001e+02 r2=8.8831e+02 p=4.5777e-01 epsV=1.4571e+00 epsX=-2.4154e+00 epsZ=9.5083e-01 
New pars ( 539): DC=7.3668e+00 r1=1.0000e+02 r2=8.8831e+02 p=4.5777e-01 epsV=1.4571e+00 epsX=-2.4154e+00 epsZ=9.5083e-01 
New pars ( 540): DC=7.3668e+00 r1=1.0001e+02 r2=8.8832e+02 p=4.5777e-01 epsV=1.4571e+00 epsX=-2.4154e+00 epsZ=9.5083e-01 
New pars ( 541): DC=7.3668e+00 r1=1.0001e+02 r2=8.8830e+02 p=4.5777e-01 epsV=1.4571e+00 epsX=-2.4154e+00 epsZ=9.5083e-01 
New pars ( 542): DC=7.3668e+00 r1=1.0001e+02 r2=8.8831e+02 p=4.5778e-01 epsV=1.4571e+00 epsX=-2.4154e+00 epsZ=9.5083e-01 
New pars ( 543): DC=7.3668e+00 r1=1.0001e+02 r2=8.8831e+02 p=4.5776e-01 epsV=1.4571e+00 epsX=-2.4154e+00 epsZ=9.5083e-01 
New pars ( 544): DC=7.3668e+00 r1=1.0001e+02 r2=8.8831e+02 p=4.5777e-01 epsV=1.4571e+00 epsX=-2.4154e+00 epsZ=9.5083e-01 
New pars ( 545): DC=7.3669e+00 r1=9.9983e+01 r2=8.8925e+02 p=4.5742e-01 epsV=1.4569e+00 epsX=-2.4481e+00 epsZ=9.5173e-01 
New pars ( 546): DC=7.3669e+00 r1=9.9969e+01 r2=8.8976e+02 p=4.5724e-01 epsV=1.4567e+00 epsX=-2.4660e+00 epsZ=9.5222e-01 
New pars ( 547): DC=7.3674e+00 r1=9.9843e+01 r2=8.9446e+02 p=4.5551e-01 epsV=1.4555e+00 epsX=-2.6295e+00 epsZ=9.5673e-01 
New pars ( 548): DC=7.3672e+00 r1=9.9906e+01 r2=8.9211e+02 p=4.5637e-01 epsV=1.4561e+00 epsX=-2.5477e+00 epsZ=9.5448e-01 
New pars ( 549): DC=7.3671e+00 r1=9.9928e+01 r2=8.9131e+02 p=4.5667e-01 epsV=1.4563e+00 epsX=-2.5198e+00 epsZ=9.5371e-01 
New pars ( 550): DC=7.3673e+00 r1=9.9928e+01 r2=8.9131e+02 p=4.5667e-01 epsV=1.4563e+00 epsX=-2.5198e+00 epsZ=9.5371e-01 
New pars ( 551): DC=7.3669e+00 r1=9.9928e+01 r2=8.9131e+02 p=4.5667e-01 epsV=1.4563e+00 epsX=-2.5198e+00 epsZ=9.5371e-01 
New pars ( 552): DC=7.3671e+00 r1=9.9934e+01 r2=8.9131e+02 p=4.5667e-01 epsV=1.4563e+00 epsX=-2.5198e+00 epsZ=9.5371e-01 
New pars ( 553): DC=7.3671e+00 r1=9.9922e+01 r2=8.9131e+02 p=4.5667e-01 epsV=1.4563e+00 epsX=-2.5198e+00 epsZ=9.5371e-01 
New pars ( 554): DC=7.3671e+00 r1=9.9928e+01 r2=8.9132e+02 p=4.5667e-01 epsV=1.4563e+00 epsX=-2.5198e+00 epsZ=9.5371e-01 
New pars ( 555): DC=7.3671e+00 r1=9.9928e+01 r2=8.9130e+02 p=4.5667e-01 epsV=1.4563e+00 epsX=-2.5198e+00 epsZ=9.5371e-01 
New pars ( 556): DC=7.3671e+00 r1=9.9928e+01 r2=8.9131e+02 p=4.5668e-01 epsV=1.4563e+00 epsX=-2.5198e+00 epsZ=9.5371e-01 
New pars ( 557): DC=7.3671e+00 r1=9.9928e+01 r2=8.9131e+02 p=4.5666e-01 epsV=1.4563e+00 epsX=-2.5198e+00 epsZ=9.5371e-01 
New pars ( 558): DC=7.3671e+00 r1=9.9928e+01 r2=8.9131e+02 p=4.5667e-01 epsV=1.4563e+00 epsX=-2.5198e+00 epsZ=9.5371e-01 
New pars ( 559): DC=7.3671e+00 r1=9.9870e+01 r2=8.9344e+02 p=4.5589e-01 epsV=1.4557e+00 epsX=-2.5925e+00 epsZ=9.5541e-01 
New pars ( 560): DC=7.3671e+00 r1=9.9873e+01 r2=8.9331e+02 p=4.5593e-01 epsV=1.4558e+00 epsX=-2.5883e+00 epsZ=9.5531e-01 
New pars ( 561): DC=7.3671e+00 r1=9.9850e+01 r2=8.9418e+02 p=4.5562e-01 epsV=1.4555e+00 epsX=-2.6178e+00 epsZ=9.5600e-01 
New pars ( 562): DC=7.3671e+00 r1=9.9863e+01 r2=8.9370e+02 p=4.5579e-01 epsV=1.4557e+00 epsX=-2.6015e+00 epsZ=9.5562e-01 
New pars ( 563): DC=7.3671e+00 r1=9.9866e+01 r2=8.9357e+02 p=4.5584e-01 epsV=1.4557e+00 epsX=-2.5970e+00 epsZ=9.5551e-01 
New pars ( 564): DC=7.3671e+00 r1=1.0016e+02 r2=8.8281e+02 p=4.5979e-01 epsV=1.4586e+00 epsX=-2.2292e+00 epsZ=9.4690e-01 
New pars ( 565): DC=7.3671e+00 r1=1.0001e+02 r2=8.8812e+02 p=4.5784e-01 epsV=1.4572e+00 epsX=-2.4108e+00 epsZ=9.5116e-01 
New pars ( 566): DC=7.3671e+00 r1=9.9942e+01 r2=8.9078e+02 p=4.5686e-01 epsV=1.4565e+00 epsX=-2.5017e+00 epsZ=9.5328e-01 
New pars ( 567): DC=7.3671e+00 r1=9.9906e+01 r2=8.9211e+02 p=4.5638e-01 epsV=1.4561e+00 epsX=-2.5471e+00 epsZ=9.5434e-01 
New pars ( 568): DC=7.3671e+00 r1=9.9888e+01 r2=8.9277e+02 p=4.5613e-01 epsV=1.4559e+00 epsX=-2.5698e+00 epsZ=9.5488e-01 
New pars ( 569): DC=7.3671e+00 r1=9.9879e+01 r2=8.9310e+02 p=4.5601e-01 epsV=1.4558e+00 epsX=-2.5811e+00 epsZ=9.5514e-01 
New pars ( 570): DC=7.3673e+00 r1=9.9870e+01 r2=8.9344e+02 p=4.5589e-01 epsV=1.4557e+00 epsX=-2.5925e+00 epsZ=9.5541e-01 
New pars ( 571): DC=7.3668e+00 r1=9.9870e+01 r2=8.9344e+02 p=4.5589e-01 epsV=1.4557e+00 epsX=-2.5925e+00 epsZ=9.5541e-01 
New pars ( 572): DC=7.3671e+00 r1=9.9876e+01 r2=8.9344e+02 p=4.5589e-01 epsV=1.4557e+00 epsX=-2.5925e+00 epsZ=9.5541e-01 
New pars ( 573): DC=7.3671e+00 r1=9.9864e+01 r2=8.9344e+02 p=4.5589e-01 epsV=1.4557e+00 epsX=-2.5925e+00 epsZ=9.5541e-01 
New pars ( 574): DC=7.3671e+00 r1=9.9870e+01 r2=8.9344e+02 p=4.5589e-01 epsV=1.4557e+00 epsX=-2.5925e+00 epsZ=9.5541e-01 
New pars ( 575): DC=7.3671e+00 r1=9.9870e+01 r2=8.9343e+02 p=4.5589e-01 epsV=1.4557e+00 epsX=-2.5925e+00 epsZ=9.5541e-01 
New pars ( 576): DC=7.3671e+00 r1=9.9870e+01 r2=8.9344e+02 p=4.5590e-01 epsV=1.4557e+00 epsX=-2.5925e+00 epsZ=9.5541e-01 
New pars ( 577): DC=7.3671e+00 r1=9.9870e+01 r2=8.9344e+02 p=4.5588e-01 epsV=1.4557e+00 epsX=-2.5925e+00 epsZ=9.5541e-01 
New pars ( 578): DC=7.3671e+00 r1=9.9870e+01 r2=8.9344e+02 p=4.5589e-01 epsV=1.4558e+00 epsX=-2.5925e+00 epsZ=9.5541e-01 
New pars ( 579): DC=7.3670e+00 r1=9.9834e+01 r2=8.9478e+02 p=4.5540e-01 epsV=1.4553e+00 epsX=-2.6378e+00 epsZ=9.5637e-01 
New pars ( 580): DC=7.3670e+00 r1=9.9827e+01 r2=8.9502e+02 p=4.5531e-01 epsV=1.4553e+00 epsX=-2.6462e+00 epsZ=9.5655e-01 
New pars ( 581): DC=7.3669e+00 r1=9.9773e+01 r2=8.9705e+02 p=4.5456e-01 epsV=1.4547e+00 epsX=-2.7147e+00 epsZ=9.5800e-01 
New pars ( 582): DC=7.3669e+00 r1=9.9783e+01 r2=8.9664e+02 p=4.5471e-01 epsV=1.4548e+00 epsX=-2.7010e+00 epsZ=9.5771e-01 
New pars ( 583): DC=7.3671e+00 r1=9.9783e+01 r2=8.9664e+02 p=4.5471e-01 epsV=1.4548e+00 epsX=-2.7010e+00 epsZ=9.5771e-01 
New pars ( 584): DC=7.3667e+00 r1=9.9783e+01 r2=8.9664e+02 p=4.5471e-01 epsV=1.4548e+00 epsX=-2.7010e+00 epsZ=9.5771e-01 
New pars ( 585): DC=7.3669e+00 r1=9.9789e+01 r2=8.9664e+02 p=4.5471e-01 epsV=1.4548e+00 epsX=-2.7010e+00 epsZ=9.5771e-01 
New pars ( 586): DC=7.3669e+00 r1=9.9778e+01 r2=8.9664e+02 p=4.5471e-01 epsV=1.4548e+00 epsX=-2.7010e+00 epsZ=9.5771e-01 
New pars ( 587): DC=7.3669e+00 r1=9.9783e+01 r2=8.9665e+02 p=4.5471e-01 epsV=1.4548e+00 epsX=-2.7010e+00 epsZ=9.5771e-01 
New pars ( 588): DC=7.3669e+00 r1=9.9783e+01 r2=8.9664e+02 p=4.5471e-01 epsV=1.4548e+00 epsX=-2.7010e+00 epsZ=9.5771e-01 
New pars ( 589): DC=7.3669e+00 r1=9.9783e+01 r2=8.9664e+02 p=4.5472e-01 epsV=1.4548e+00 epsX=-2.7010e+00 epsZ=9.5771e-01 
New pars ( 590): DC=7.3669e+00 r1=9.9783e+01 r2=8.9664e+02 p=4.5470e-01 epsV=1.4548e+00 epsX=-2.7010e+00 epsZ=9.5771e-01 
New pars ( 591): DC=7.3669e+00 r1=9.9783e+01 r2=8.9664e+02 p=4.5471e-01 epsV=1.4548e+00 epsX=-2.7010e+00 epsZ=9.5771e-01 
New pars ( 592): DC=7.3669e+00 r1=9.9771e+01 r2=8.9722e+02 p=4.5450e-01 epsV=1.4546e+00 epsX=-2.7206e+00 epsZ=9.5815e-01 
New pars ( 593): DC=7.3669e+00 r1=9.9773e+01 r2=8.9710e+02 p=4.5455e-01 epsV=1.4546e+00 epsX=-2.7166e+00 epsZ=9.5806e-01 
New pars ( 594): DC=7.3669e+00 r1=9.9772e+01 r2=8.9714e+02 p=4.5453e-01 epsV=1.4546e+00 epsX=-2.7179e+00 epsZ=9.5809e-01 
New pars ( 595): DC=7.3671e+00 r1=9.9773e+01 r2=8.9710e+02 p=4.5455e-01 epsV=1.4546e+00 epsX=-2.7166e+00 epsZ=9.5806e-01 
New pars ( 596): DC=7.3667e+00 r1=9.9773e+01 r2=8.9710e+02 p=4.5455e-01 epsV=1.4546e+00 epsX=-2.7166e+00 epsZ=9.5806e-01 
New pars ( 597): DC=7.3669e+00 r1=9.9779e+01 r2=8.9710e+02 p=4.5455e-01 epsV=1.4546e+00 epsX=-2.7166e+00 epsZ=9.5806e-01 
New pars ( 598): DC=7.3669e+00 r1=9.9767e+01 r2=8.9710e+02 p=4.5455e-01 epsV=1.4546e+00 epsX=-2.7166e+00 epsZ=9.5806e-01 
New pars ( 599): DC=7.3669e+00 r1=9.9773e+01 r2=8.9711e+02 p=4.5455e-01 epsV=1.4546e+00 epsX=-2.7166e+00 epsZ=9.5806e-01 
New pars ( 600): DC=7.3669e+00 r1=9.9773e+01 r2=8.9710e+02 p=4.5455e-01 epsV=1.4546e+00 epsX=-2.7166e+00 epsZ=9.5806e-01 
New pars ( 601): DC=7.3669e+00 r1=9.9773e+01 r2=8.9710e+02 p=4.5456e-01 epsV=1.4546e+00 epsX=-2.7166e+00 epsZ=9.5806e-01 
New pars ( 602): DC=7.3669e+00 r1=9.9773e+01 r2=8.9710e+02 p=4.5454e-01 epsV=1.4546e+00 epsX=-2.7166e+00 epsZ=9.5806e-01 
New pars ( 603): DC=7.3669e+00 r1=9.9773e+01 r2=8.9710e+02 p=4.5455e-01 epsV=1.4546e+00 epsX=-2.7166e+00 epsZ=9.5806e-01 
New pars ( 604): DC=7.3671e+00 r1=9.9730e+01 r2=8.9887e+02 p=4.5391e-01 epsV=1.4540e+00 epsX=-2.7777e+00 epsZ=9.5980e-01 
New pars ( 605): DC=7.3671e+00 r1=9.9725e+01 r2=8.9904e+02 p=4.5384e-01 epsV=1.4540e+00 epsX=-2.7839e+00 epsZ=9.5998e-01 
New pars ( 606): DC=7.3673e+00 r1=9.9669e+01 r2=9.0129e+02 p=4.5303e-01 epsV=1.4532e+00 epsX=-2.8619e+00 epsZ=9.6221e-01 
New pars ( 607): DC=7.3672e+00 r1=9.9704e+01 r2=8.9988e+02 p=4.5354e-01 epsV=1.4537e+00 epsX=-2.8129e+00 epsZ=9.6081e-01 
New pars ( 608): DC=7.3672e+00 r1=9.9691e+01 r2=9.0041e+02 p=4.5334e-01 epsV=1.4535e+00 epsX=-2.8314e+00 epsZ=9.6134e-01 
New pars ( 609): DC=7.3674e+00 r1=9.9704e+01 r2=8.9988e+02 p=4.5354e-01 epsV=1.4537e+00 epsX=-2.8129e+00 epsZ=9.6081e-01 
New pars ( 610): DC=7.3670e+00 r1=9.9704e+01 r2=8.9988e+02 p=4.5354e-01 epsV=1.4537e+00 epsX=-2.8129e+00 epsZ=9.6081e-01 
New pars ( 611): DC=7.3672e+00 r1=9.9711e+01 r2=8.9988e+02 p=4.5354e-01 epsV=1.4537e+00 epsX=-2.8129e+00 epsZ=9.6081e-01 
New pars ( 612): DC=7.3672e+00 r1=9.9698e+01 r2=8.9988e+02 p=4.5354e-01 epsV=1.4537e+00 epsX=-2.8129e+00 epsZ=9.6081e-01 
New pars ( 613): DC=7.3672e+00 r1=9.9704e+01 r2=8.9989e+02 p=4.5354e-01 epsV=1.4537e+00 epsX=-2.8129e+00 epsZ=9.6081e-01 
New pars ( 614): DC=7.3672e+00 r1=9.9704e+01 r2=8.9987e+02 p=4.5354e-01 epsV=1.4537e+00 epsX=-2.8129e+00 epsZ=9.6081e-01 
New pars ( 615): DC=7.3672e+00 r1=9.9704e+01 r2=8.9988e+02 p=4.5355e-01 epsV=1.4537e+00 epsX=-2.8129e+00 epsZ=9.6081e-01 
New pars ( 616): DC=7.3672e+00 r1=9.9704e+01 r2=8.9988e+02 p=4.5353e-01 epsV=1.4537e+00 epsX=-2.8129e+00 epsZ=9.6081e-01 
New pars ( 617): DC=7.3672e+00 r1=9.9704e+01 r2=8.9988e+02 p=4.5354e-01 epsV=1.4537e+00 epsX=-2.8129e+00 epsZ=9.6081e-01 
New pars ( 618): DC=7.3674e+00 r1=9.9624e+01 r2=9.0312e+02 p=4.5236e-01 epsV=1.4526e+00 epsX=-2.9248e+00 epsZ=9.6379e-01 
New pars ( 619): DC=7.3672e+00 r1=9.9681e+01 r2=9.0084e+02 p=4.5319e-01 epsV=1.4534e+00 epsX=-2.8462e+00 epsZ=9.6169e-01 
New pars ( 620): DC=7.3672e+00 r1=9.9688e+01 r2=9.0054e+02 p=4.5330e-01 epsV=1.4535e+00 epsX=-2.8358e+00 epsZ=9.6142e-01 
New pars ( 621): DC=7.3684e+00 r1=9.9280e+01 r2=9.1707e+02 p=4.4730e-01 epsV=1.4479e+00 epsX=-3.4055e+00 epsZ=9.7661e-01 
New pars ( 622): DC=7.3678e+00 r1=9.9480e+01 r2=9.0896e+02 p=4.5025e-01 epsV=1.4506e+00 epsX=-3.1258e+00 epsZ=9.6915e-01 
New pars ( 623): DC=7.3675e+00 r1=9.9580e+01 r2=9.0490e+02 p=4.5172e-01 epsV=1.4520e+00 epsX=-2.9860e+00 epsZ=9.6542e-01 
New pars ( 624): DC=7.3674e+00 r1=9.9631e+01 r2=9.0287e+02 p=4.5245e-01 epsV=1.4527e+00 epsX=-2.9161e+00 epsZ=9.6356e-01 
New pars ( 625): DC=7.3673e+00 r1=9.9656e+01 r2=9.0186e+02 p=4.5282e-01 epsV=1.4530e+00 epsX=-2.8811e+00 epsZ=9.6263e-01 
New pars ( 626): DC=7.3673e+00 r1=9.9668e+01 r2=9.0135e+02 p=4.5300e-01 epsV=1.4532e+00 epsX=-2.8636e+00 epsZ=9.6216e-01 
New pars ( 627): DC=7.3673e+00 r1=9.9674e+01 r2=9.0110e+02 p=4.5310e-01 epsV=1.4533e+00 epsX=-2.8549e+00 epsZ=9.6193e-01 
New pars ( 628): DC=7.3675e+00 r1=9.9681e+01 r2=9.0084e+02 p=4.5319e-01 epsV=1.4534e+00 epsX=-2.8462e+00 epsZ=9.6169e-01 
New pars ( 629): DC=7.3670e+00 r1=9.9681e+01 r2=9.0084e+02 p=4.5319e-01 epsV=1.4534e+00 epsX=-2.8462e+00 epsZ=9.6169e-01 
New pars ( 630): DC=7.3672e+00 r1=9.9687e+01 r2=9.0084e+02 p=4.5319e-01 epsV=1.4534e+00 epsX=-2.8462e+00 epsZ=9.6169e-01 
New pars ( 631): DC=7.3672e+00 r1=9.9674e+01 r2=9.0084e+02 p=4.5319e-01 epsV=1.4534e+00 epsX=-2.8462e+00 epsZ=9.6169e-01 
New pars ( 632): DC=7.3672e+00 r1=9.9681e+01 r2=9.0085e+02 p=4.5319e-01 epsV=1.4534e+00 epsX=-2.8462e+00 epsZ=9.6169e-01 
New pars ( 633): DC=7.3672e+00 r1=9.9681e+01 r2=9.0084e+02 p=4.5319e-01 epsV=1.4534e+00 epsX=-2.8462e+00 epsZ=9.6169e-01 
New pars ( 634): DC=7.3672e+00 r1=9.9681e+01 r2=9.0084e+02 p=4.5320e-01 epsV=1.4534e+00 epsX=-2.8462e+00 epsZ=9.6169e-01 
New pars ( 635): DC=7.3672e+00 r1=9.9681e+01 r2=9.0084e+02 p=4.5318e-01 epsV=1.4534e+00 epsX=-2.8462e+00 epsZ=9.6169e-01 
New pars ( 636): DC=7.3672e+00 r1=9.9681e+01 r2=9.0084e+02 p=4.5319e-01 epsV=1.4534e+00 epsX=-2.8462e+00 epsZ=9.6169e-01 
New pars ( 637): DC=7.3674e+00 r1=9.9640e+01 r2=9.0255e+02 p=4.5257e-01 epsV=1.4528e+00 epsX=-2.9051e+00 epsZ=9.6329e-01 
New pars ( 638): DC=7.3673e+00 r1=9.9657e+01 r2=9.0183e+02 p=4.5283e-01 epsV=1.4530e+00 epsX=-2.8801e+00 epsZ=9.6262e-01 
New pars ( 639): DC=7.3674e+00 r1=9.9623e+01 r2=9.0324e+02 p=4.5232e-01 epsV=1.4525e+00 epsX=-2.9289e+00 epsZ=9.6394e-01 
New pars ( 640): DC=7.3674e+00 r1=9.9631e+01 r2=9.0290e+02 p=4.5245e-01 epsV=1.4526e+00 epsX=-2.9170e+00 epsZ=9.6362e-01 
New pars ( 641): DC=7.3674e+00 r1=9.9645e+01 r2=9.0231e+02 p=4.5266e-01 epsV=1.4528e+00 epsX=-2.8968e+00 epsZ=9.6307e-01 
New pars ( 642): DC=7.3674e+00 r1=9.9633e+01 r2=9.0281e+02 p=4.5248e-01 epsV=1.4527e+00 epsX=-2.9141e+00 epsZ=9.6354e-01 
New pars ( 643): DC=7.3674e+00 r1=9.9637e+01 r2=9.0268e+02 p=4.5252e-01 epsV=1.4527e+00 epsX=-2.9096e+00 epsZ=9.6342e-01 
New pars ( 644): DC=7.3676e+00 r1=9.9640e+01 r2=9.0255e+02 p=4.5257e-01 epsV=1.4528e+00 epsX=-2.9051e+00 epsZ=9.6329e-01 
New pars ( 645): DC=7.3672e+00 r1=9.9640e+01 r2=9.0255e+02 p=4.5257e-01 epsV=1.4528e+00 epsX=-2.9051e+00 epsZ=9.6329e-01 
New pars ( 646): DC=7.3674e+00 r1=9.9646e+01 r2=9.0255e+02 p=4.5257e-01 epsV=1.4528e+00 epsX=-2.9051e+00 epsZ=9.6329e-01 
New pars ( 647): DC=7.3674e+00 r1=9.9634e+01 r2=9.0255e+02 p=4.5257e-01 epsV=1.4528e+00 epsX=-2.9051e+00 epsZ=9.6329e-01 
New pars ( 648): DC=7.3674e+00 r1=9.9640e+01 r2=9.0256e+02 p=4.5257e-01 epsV=1.4528e+00 epsX=-2.9051e+00 epsZ=9.6329e-01 
New pars ( 649): DC=7.3674e+00 r1=9.9640e+01 r2=9.0255e+02 p=4.5257e-01 epsV=1.4528e+00 epsX=-2.9051e+00 epsZ=9.6329e-01 
New pars ( 650): DC=7.3674e+00 r1=9.9640e+01 r2=9.0255e+02 p=4.5258e-01 epsV=1.4528e+00 epsX=-2.9051e+00 epsZ=9.6329e-01 
New pars ( 651): DC=7.3674e+00 r1=9.9640e+01 r2=9.0255e+02 p=4.5256e-01 epsV=1.4528e+00 epsX=-2.9051e+00 epsZ=9.6329e-01 
New pars ( 652): DC=7.3674e+00 r1=9.9640e+01 r2=9.0255e+02 p=4.5257e-01 epsV=1.4528e+00 epsX=-2.9051e+00 epsZ=9.6329e-01 
New pars ( 653): DC=7.3675e+00 r1=9.9614e+01 r2=9.0367e+02 p=4.5217e-01 epsV=1.4523e+00 epsX=-2.9436e+00 epsZ=9.6432e-01 
New pars ( 654): DC=7.3674e+00 r1=9.9624e+01 r2=9.0323e+02 p=4.5233e-01 epsV=1.4525e+00 epsX=-2.9285e+00 epsZ=9.6392e-01 
New pars ( 655): DC=7.3679e+00 r1=9.9483e+01 r2=9.0926e+02 p=4.5015e-01 epsV=1.4503e+00 epsX=-3.1358e+00 epsZ=9.6944e-01 
New pars ( 656): DC=7.3677e+00 r1=9.9548e+01 r2=9.0647e+02 p=4.5116e-01 epsV=1.4513e+00 epsX=-3.0397e+00 epsZ=9.6688e-01 
New pars ( 657): DC=7.3676e+00 r1=9.9581e+01 r2=9.0507e+02 p=4.5166e-01 epsV=1.4518e+00 epsX=-2.9916e+00 epsZ=9.6560e-01 
New pars ( 658): DC=7.3675e+00 r1=9.9597e+01 r2=9.0437e+02 p=4.5191e-01 epsV=1.4521e+00 epsX=-2.9676e+00 epsZ=9.6496e-01 
New pars ( 659): DC=7.3675e+00 r1=9.9609e+01 r2=9.0388e+02 p=4.5209e-01 epsV=1.4523e+00 epsX=-2.9508e+00 epsZ=9.6451e-01 
New pars ( 660): DC=7.3670e+00 r1=9.9744e+01 r2=8.9808e+02 p=4.5418e-01 epsV=1.4544e+00 epsX=-2.7513e+00 epsZ=9.5920e-01 
New pars ( 661): DC=7.3673e+00 r1=9.9679e+01 r2=9.0088e+02 p=4.5318e-01 epsV=1.4534e+00 epsX=-2.8474e+00 epsZ=9.6176e-01 
New pars ( 662): DC=7.3674e+00 r1=9.9646e+01 r2=9.0227e+02 p=4.5267e-01 epsV=1.4529e+00 epsX=-2.8955e+00 epsZ=9.6304e-01 
New pars ( 663): DC=7.3674e+00 r1=9.9630e+01 r2=9.0297e+02 p=4.5242e-01 epsV=1.4526e+00 epsX=-2.9195e+00 epsZ=9.6368e-01 
New pars ( 664): DC=7.3677e+00 r1=9.9614e+01 r2=9.0367e+02 p=4.5217e-01 epsV=1.4523e+00 epsX=-2.9436e+00 epsZ=9.6432e-01 
New pars ( 665): DC=7.3673e+00 r1=9.9614e+01 r2=9.0367e+02 p=4.5217e-01 epsV=1.4523e+00 epsX=-2.9436e+00 epsZ=9.6432e-01 
New pars ( 666): DC=7.3675e+00 r1=9.9620e+01 r2=9.0367e+02 p=4.5217e-01 epsV=1.4523e+00 epsX=-2.9436e+00 epsZ=9.6432e-01 
New pars ( 667): DC=7.3675e+00 r1=9.9608e+01 r2=9.0367e+02 p=4.5217e-01 epsV=1.4523e+00 epsX=-2.9436e+00 epsZ=9.6432e-01 
New pars ( 668): DC=7.3675e+00 r1=9.9614e+01 r2=9.0368e+02 p=4.5217e-01 epsV=1.4523e+00 epsX=-2.9436e+00 epsZ=9.6432e-01 
New pars ( 669): DC=7.3675e+00 r1=9.9614e+01 r2=9.0366e+02 p=4.5217e-01 epsV=1.4523e+00 epsX=-2.9436e+00 epsZ=9.6432e-01 
New pars ( 670): DC=7.3675e+00 r1=9.9614e+01 r2=9.0367e+02 p=4.5218e-01 epsV=1.4523e+00 epsX=-2.9436e+00 epsZ=9.6432e-01 
New pars ( 671): DC=7.3675e+00 r1=9.9614e+01 r2=9.0367e+02 p=4.5216e-01 epsV=1.4523e+00 epsX=-2.9436e+00 epsZ=9.6432e-01 
New pars ( 672): DC=7.3675e+00 r1=9.9614e+01 r2=9.0367e+02 p=4.5217e-01 epsV=1.4524e+00 epsX=-2.9436e+00 epsZ=9.6432e-01 
New pars ( 673): DC=7.3676e+00 r1=9.9580e+01 r2=9.0515e+02 p=4.5163e-01 epsV=1.4518e+00 epsX=-2.9941e+00 epsZ=9.6558e-01 
New pars ( 674): DC=7.3675e+00 r1=9.9588e+01 r2=9.0482e+02 p=4.5175e-01 epsV=1.4519e+00 epsX=-2.9828e+00 epsZ=9.6530e-01 
New pars ( 675): DC=7.3679e+00 r1=9.9435e+01 r2=9.1155e+02 p=4.4933e-01 epsV=1.4494e+00 epsX=-3.2124e+00 epsZ=9.7103e-01 
New pars ( 676): DC=7.3677e+00 r1=9.9508e+01 r2=9.0835e+02 p=4.5048e-01 epsV=1.4506e+00 epsX=-3.1033e+00 epsZ=9.6831e-01 
New pars ( 677): DC=7.3677e+00 r1=9.9532e+01 r2=9.0727e+02 p=4.5087e-01 epsV=1.4510e+00 epsX=-3.0663e+00 epsZ=9.6738e-01 
New pars ( 678): DC=7.3677e+00 r1=9.9525e+01 r2=9.0757e+02 p=4.5076e-01 epsV=1.4509e+00 epsX=-3.0766e+00 epsZ=9.6764e-01 
New pars ( 679): DC=7.3679e+00 r1=9.9532e+01 r2=9.0727e+02 p=4.5087e-01 epsV=1.4510e+00 epsX=-3.0663e+00 epsZ=9.6738e-01 
New pars ( 680): DC=7.3675e+00 r1=9.9532e+01 r2=9.0727e+02 p=4.5087e-01 epsV=1.4510e+00 epsX=-3.0663e+00 epsZ=9.6738e-01 
New pars ( 681): DC=7.3677e+00 r1=9.9538e+01 r2=9.0727e+02 p=4.5087e-01 epsV=1.4510e+00 epsX=-3.0663e+00 epsZ=9.6738e-01 
New pars ( 682): DC=7.3677e+00 r1=9.9527e+01 r2=9.0727e+02 p=4.5087e-01 epsV=1.4510e+00 epsX=-3.0663e+00 epsZ=9.6738e-01 
New pars ( 683): DC=7.3677e+00 r1=9.9532e+01 r2=9.0727e+02 p=4.5087e-01 epsV=1.4510e+00 epsX=-3.0663e+00 epsZ=9.6738e-01 
New pars ( 684): DC=7.3677e+00 r1=9.9532e+01 r2=9.0726e+02 p=4.5087e-01 epsV=1.4510e+00 epsX=-3.0663e+00 epsZ=9.6738e-01 
New pars ( 685): DC=7.3677e+00 r1=9.9532e+01 r2=9.0727e+02 p=4.5088e-01 epsV=1.4510e+00 epsX=-3.0663e+00 epsZ=9.6738e-01 
New pars ( 686): DC=7.3677e+00 r1=9.9532e+01 r2=9.0727e+02 p=4.5086e-01 epsV=1.4510e+00 epsX=-3.0663e+00 epsZ=9.6738e-01 
New pars ( 687): DC=7.3677e+00 r1=9.9532e+01 r2=9.0727e+02 p=4.5087e-01 epsV=1.4510e+00 epsX=-3.0663e+00 epsZ=9.6738e-01 
New pars ( 688): DC=7.3676e+00 r1=9.9470e+01 r2=9.0991e+02 p=4.4991e-01 epsV=1.4501e+00 epsX=-3.1554e+00 epsZ=9.6932e-01 
New pars ( 689): DC=7.3676e+00 r1=9.9518e+01 r2=9.0788e+02 p=4.5065e-01 epsV=1.4508e+00 epsX=-3.0870e+00 epsZ=9.6783e-01 
New pars ( 690): DC=7.3676e+00 r1=9.9527e+01 r2=9.0750e+02 p=4.5079e-01 epsV=1.4509e+00 epsX=-3.0742e+00 epsZ=9.6755e-01 
New pars ( 691): DC=7.3677e+00 r1=9.9531e+01 r2=9.0733e+02 p=4.5085e-01 epsV=1.4510e+00 epsX=-3.0684e+00 epsZ=9.6743e-01 
New pars ( 692): DC=7.3677e+00 r1=9.9532e+01 r2=9.0727e+02 p=4.5087e-01 epsV=1.4510e+00 epsX=-3.0665e+00 epsZ=9.6739e-01 
New pars ( 693): DC=7.3677e+00 r1=9.9532e+01 r2=9.0727e+02 p=4.5087e-01 epsV=1.4510e+00 epsX=-3.0663e+00 epsZ=9.6738e-01 
New pars ( 694): DC=7.3677e+00 r1=9.9532e+01 r2=9.0727e+02 p=4.5087e-01 epsV=1.4510e+00 epsX=-3.0663e+00 epsZ=9.6738e-01 
New pars ( 695): DC=7.3677e+00 r1=9.9532e+01 r2=9.0727e+02 p=4.5087e-01 epsV=1.4510e+00 epsX=-3.0663e+00 epsZ=9.6738e-01 

Fitting done in 1640000 clicks (1.640000 seconds).
Fit status = 4
Cov status = 2

****************************************
         Invalid FitResult  (status = 4 )
****************************************
Minimizer is Minuit / MigradImproved
Chi2                      =      983.622
NDf                       =          977
Edm                       =  0.000119304
NCalls                    =          958
# Cyc's                   =          525                      	 (fixed)
Bin width                 =          250                      	 (fixed)
DC rate                   =      7.36766   +/-   0.0233371   
Rate 1                    =      99.5323   +/-   4.52247     
Rate 2                    =      907.268   +/-   190.172     
Rate 3                    =            0                      	 (fixed)
Capt eff                  =     0.450871   +/-   0.0688616   
Capt ret                  =            1                      	 (fixed)
T eff                     =         0.13                      	 (fixed)
U eff                     =        0.035                      	 (fixed)
V eff                     =      1.45099   +/-   0.0686959   
W eff                     =            0                      	 (fixed)
X eff                     =     -3.06631   +/-   6.47473     
Y eff                     =            0                      	 (fixed)
Z eff                     =     0.967384   +/-   0.16335     
T1 loss                   =            0                      	 (fixed)
T2 loss                   =         0.03                      	 (fixed)
T3 loss                   =            0                      	 (fixed)
U1 loss                   =     1.39e-07                      	 (fixed)
U2 loss                   =     1.39e-07                      	 (fixed)
U3 loss                   =        10000                      	 (fixed)

Integrals computed in 390000 clicks (0.390000 seconds).
Errors computed in 1750000 clicks (1.750000 seconds).

~~~~~~~~~~~~~~~~~~~~~~~~~~~~~~~~~~~~~~~~~~~~~~~~~~~~~~~~~~~~~~~~~~~~~
NUMBER OF BETAS DETECTED, by population:
~~~~~~~~~~~~~~~~~~~~~~~~~~~~~~~~~~~~~~~~~~~~~~~~~~~~~~~~~~~~~~~~~~~~~
T1 integral = 443463.2 +/- 0.0
U1 integral = 219137.0 +/- 0.0
T2 integral = 1773779.6 +/- 0.0
U2 integral = 2117440.1 +/- 0.0
T3 integral = 0.0 +/- 0.0
U3 integral = -0.4 +/- 0.0
DC integral = 951532.8 +/- 0.0
~~~~~~~~~~~~~~~~~~~~~~~~~~~~~~~~~~~~~~~~~~~~~~~~~~~~~~~~~~~~~~~~~~~~~
Sum of above = 5505352.3 +/- 0.0 <-- no cov in unc
All integral = 5505362.9 +/- 0.0
~~~~~~~~~~~~~~~~~~~~~~~~~~~~~~~~~~~~~~~~~~~~~~~~~~~~~~~~~~~~~~~~~~~~~


BFit2 done. Timer = 4.29 sec.
Elapsed time = 4.22 sec.

