Timestamp = Sun Apr  5 19:57:35 2015

Importing metadata from CSV files...
Imported 68 BDN cases
Imported 48 BFit cases
Performing BFit with BDN case 137i07 and BFit case 137i07_7

BFit started. Timer = 0.06 sec.

~~~~~~~~~~~~~~~~~~~~~~~~~~~~~~~~~~~~~~~~~~~~~~~~~~~~~~~~~~~~~~~~~~~~~
BETA SINGLES MODEL
~~~~~~~~~~~~~~~~~~~~~~~~~~~~~~~~~~~~~~~~~~~~~~~~~~~~~~~~~~~~~~~~~~~~~
Case: 137i07
File: /music/bpt1/bpt/bdn/shane/137i/rootfiles/137i07.root
Histogram: h_betas_vs_cycle_time
Total cycle time	=    246.000 s
Background time		=    101.000 s
Capture cycle time	=      6.000 s
Last capture time	=      1.000 s
137-Te halflife		=      2.490 s  (lifetime      3.592 s)
137-I halflife		=     24.500 s  (lifetime     35.346 s)
137-Xe halflife		=    229.080 s  (lifetime    330.493 s)
~~~~~~~~~~~~~~~~~~~~~~~~~~~~~~~~~~~~~~~~~~~~~~~~~~~~~~~~~~~~~~~~~~~~~
HISTOGRAM REBINNED
   Number of hist bins = 984
   Number of fn points = 246000
   Number of pts/bin   = 250
~~~~~~~~~~~~~~~~~~~~~~~~~~~~~~~~~~~~~~~~~~~~~~~~~~~~~~~~~~~~~~~~~~~~~
Doing fit with option string: QROMES
~~~~~~~~~~~~~~~~~~~~~~~~~~~~~~~~~~~~~~~~~~~~~~~~~~~~~~~~~~~~~~~~~~~~~
PARAMETER SEED VALUES
~~~~~~~~~~~~~~~~~~~~~~~~~~~~~~~~~~~~~~~~~~~~~~~~~~~~~~~~~~~~~~~~~~~~~
      Par name  Varying?	Par init val and step
~~~~~~~~~~~~~~~~~~~~~~~~~~~~~~~~~~~~~~~~~~~~~~~~~~~~~~~~~~~~~~~~~~~~~
       # Cyc's         0	525 +/- 0.01
     Bin width         0	250 +/- 0.01
       DC rate         1	6.8 +/- 0.001
        Rate 1         1	120 +/- 0.0005
        Rate 2         1	850 +/- 0.0005
        Rate 3         0	0 +/- 0.0005
      Capt eff         1	0.65 +/- 0.02
      Capt ret         0	1 +/- 0.01
         T eff         0	0.13 +/- 0.01
         U eff         0	0.035 +/- 0.001
         V eff         1	1.5 +/- 0.001
         W eff         0	0 +/- 0.001
         X eff         0	1 +/- 0.001
         Y eff         0	0 +/- 0.001
         Z eff         1	0.8 +/- 0.001
       T1 loss         0	0 +/- 0.005
       T2 loss         0	0.03 +/- 0.001
       T3 loss         0	0 +/- 0.005
       U1 loss         0	2e-10 +/- 0.005
       U2 loss         0	2e-10 +/- 0.005
       U3 loss         0	10000 +/- 0.01
~~~~~~~~~~~~~~~~~~~~~~~~~~~~~~~~~~~~~~~~~~~~~~~~~~~~~~~~~~~~~~~~~~~~~

Ini pars (   0): DC=6.8000e+00 r1=1.2000e+02 r2=8.5000e+02 p=6.5000e-01 epsV=1.5000e+00 epsZ=8.0000e-01 
New pars (   1): DC=6.8002e+00 r1=1.2000e+02 r2=8.5000e+02 p=6.5000e-01 epsV=1.5000e+00 epsZ=8.0000e-01 
New pars (   2): DC=6.7998e+00 r1=1.2000e+02 r2=8.5000e+02 p=6.5000e-01 epsV=1.5000e+00 epsZ=8.0000e-01 
New pars (   3): DC=6.8006e+00 r1=1.2000e+02 r2=8.5000e+02 p=6.5000e-01 epsV=1.5000e+00 epsZ=8.0000e-01 
New pars (   4): DC=6.7994e+00 r1=1.2000e+02 r2=8.5000e+02 p=6.5000e-01 epsV=1.5000e+00 epsZ=8.0000e-01 
New pars (   5): DC=6.8000e+00 r1=1.2000e+02 r2=8.5000e+02 p=6.5000e-01 epsV=1.5000e+00 epsZ=8.0000e-01 
New pars (   6): DC=6.8000e+00 r1=1.2000e+02 r2=8.5000e+02 p=6.5000e-01 epsV=1.5000e+00 epsZ=8.0000e-01 
New pars (   7): DC=6.8000e+00 r1=1.2000e+02 r2=8.5000e+02 p=6.5000e-01 epsV=1.5000e+00 epsZ=8.0000e-01 
New pars (   8): DC=6.8000e+00 r1=1.2000e+02 r2=8.5000e+02 p=6.5000e-01 epsV=1.5000e+00 epsZ=8.0000e-01 
New pars (   9): DC=6.8000e+00 r1=1.2000e+02 r2=8.5000e+02 p=6.5000e-01 epsV=1.5000e+00 epsZ=8.0000e-01 
New pars (  10): DC=6.8000e+00 r1=1.2000e+02 r2=8.5000e+02 p=6.5000e-01 epsV=1.5000e+00 epsZ=8.0000e-01 
New pars (  11): DC=6.8000e+00 r1=1.2000e+02 r2=8.5000e+02 p=6.5343e-01 epsV=1.5000e+00 epsZ=8.0000e-01 
New pars (  12): DC=6.8000e+00 r1=1.2000e+02 r2=8.5000e+02 p=6.4657e-01 epsV=1.5000e+00 epsZ=8.0000e-01 
New pars (  13): DC=6.8000e+00 r1=1.2000e+02 r2=8.5000e+02 p=6.5034e-01 epsV=1.5000e+00 epsZ=8.0000e-01 
New pars (  14): DC=6.8000e+00 r1=1.2000e+02 r2=8.5000e+02 p=6.4966e-01 epsV=1.5000e+00 epsZ=8.0000e-01 
New pars (  15): DC=6.8000e+00 r1=1.2000e+02 r2=8.5000e+02 p=6.5000e-01 epsV=1.5002e+00 epsZ=8.0000e-01 
New pars (  16): DC=6.7994e+00 r1=1.2000e+02 r2=8.5000e+02 p=6.5000e-01 epsV=1.5000e+00 epsZ=8.0000e-01 
New pars (  17): DC=6.7971e+00 r1=1.2000e+02 r2=8.5000e+02 p=6.5000e-01 epsV=1.5000e+00 epsZ=8.0000e-01 
New pars (  18): DC=6.7912e+00 r1=1.2000e+02 r2=8.5000e+02 p=6.5000e-01 epsV=1.5000e+00 epsZ=8.0000e-01 
New pars (  19): DC=6.7735e+00 r1=1.2000e+02 r2=8.5000e+02 p=6.5000e-01 epsV=1.5000e+00 epsZ=8.0000e-01 
New pars (  20): DC=6.7206e+00 r1=1.2000e+02 r2=8.5000e+02 p=6.5000e-01 epsV=1.5000e+00 epsZ=8.0000e-01 
New pars (  21): DC=6.5618e+00 r1=1.2000e+02 r2=8.5000e+02 p=6.5000e-01 epsV=1.5000e+00 epsZ=8.0000e-01 
New pars (  22): DC=6.2119e+00 r1=1.2000e+02 r2=8.5000e+02 p=6.5000e-01 epsV=1.5000e+00 epsZ=8.0000e-01 
New pars (  23): DC=6.2134e+00 r1=1.2000e+02 r2=8.5000e+02 p=6.5000e-01 epsV=1.5000e+00 epsZ=8.0000e-01 
New pars (  24): DC=6.2105e+00 r1=1.2000e+02 r2=8.5000e+02 p=6.5000e-01 epsV=1.5000e+00 epsZ=8.0000e-01 
New pars (  25): DC=6.2146e+00 r1=1.2000e+02 r2=8.5000e+02 p=6.5000e-01 epsV=1.5000e+00 epsZ=8.0000e-01 
New pars (  26): DC=6.2093e+00 r1=1.2000e+02 r2=8.5000e+02 p=6.5000e-01 epsV=1.5000e+00 epsZ=8.0000e-01 
New pars (  27): DC=6.2119e+00 r1=1.2000e+02 r2=8.5000e+02 p=6.5000e-01 epsV=1.5000e+00 epsZ=8.0000e-01 
New pars (  28): DC=6.2119e+00 r1=1.2000e+02 r2=8.5000e+02 p=6.5000e-01 epsV=1.5000e+00 epsZ=8.0000e-01 
New pars (  29): DC=6.2119e+00 r1=1.2000e+02 r2=8.5000e+02 p=6.5000e-01 epsV=1.5000e+00 epsZ=8.0000e-01 
New pars (  30): DC=6.2119e+00 r1=1.2000e+02 r2=8.5000e+02 p=6.5000e-01 epsV=1.5000e+00 epsZ=8.0000e-01 
New pars (  31): DC=6.2119e+00 r1=1.2000e+02 r2=8.5000e+02 p=6.5000e-01 epsV=1.5000e+00 epsZ=8.0000e-01 
New pars (  32): DC=6.2119e+00 r1=1.2000e+02 r2=8.5000e+02 p=6.5000e-01 epsV=1.5000e+00 epsZ=8.0000e-01 
New pars (  33): DC=6.2119e+00 r1=1.2000e+02 r2=8.5000e+02 p=6.5000e-01 epsV=1.5000e+00 epsZ=8.0000e-01 
New pars (  34): DC=6.2119e+00 r1=1.2000e+02 r2=8.5000e+02 p=6.5000e-01 epsV=1.5000e+00 epsZ=8.0000e-01 
New pars (  35): DC=6.2119e+00 r1=1.2000e+02 r2=8.5000e+02 p=6.5014e-01 epsV=1.5000e+00 epsZ=8.0000e-01 
New pars (  36): DC=6.2119e+00 r1=1.2000e+02 r2=8.5000e+02 p=6.4986e-01 epsV=1.5000e+00 epsZ=8.0000e-01 
New pars (  37): DC=6.2119e+00 r1=1.2000e+02 r2=8.5000e+02 p=6.5000e-01 epsV=1.5002e+00 epsZ=8.0000e-01 
New pars (  38): DC=6.2119e+00 r1=1.2000e+02 r2=8.5000e+02 p=6.5000e-01 epsV=1.5000e+00 epsZ=8.0000e-01 
New pars (  39): DC=6.2119e+00 r1=1.2000e+02 r2=8.5000e+02 p=6.5000e-01 epsV=1.5000e+00 epsZ=8.0000e-01 
New pars (  40): DC=6.2119e+00 r1=1.1999e+02 r2=8.5000e+02 p=6.5000e-01 epsV=1.5000e+00 epsZ=8.0000e-01 
New pars (  41): DC=6.2119e+00 r1=1.1998e+02 r2=8.5000e+02 p=6.5000e-01 epsV=1.5000e+00 epsZ=8.0000e-01 
New pars (  42): DC=6.2119e+00 r1=1.1994e+02 r2=8.5000e+02 p=6.5000e-01 epsV=1.5000e+00 epsZ=8.0000e-01 
New pars (  43): DC=6.2119e+00 r1=1.1982e+02 r2=8.5000e+02 p=6.5000e-01 epsV=1.5000e+00 epsZ=8.0000e-01 
New pars (  44): DC=6.2119e+00 r1=1.1956e+02 r2=8.5000e+02 p=6.5000e-01 epsV=1.5000e+00 epsZ=8.0000e-01 
New pars (  45): DC=6.2145e+00 r1=1.1956e+02 r2=8.5000e+02 p=6.5000e-01 epsV=1.5000e+00 epsZ=8.0000e-01 
New pars (  46): DC=6.2094e+00 r1=1.1956e+02 r2=8.5000e+02 p=6.5000e-01 epsV=1.5000e+00 epsZ=8.0000e-01 
New pars (  47): DC=6.2119e+00 r1=1.1957e+02 r2=8.5000e+02 p=6.5000e-01 epsV=1.5000e+00 epsZ=8.0000e-01 
New pars (  48): DC=6.2119e+00 r1=1.1956e+02 r2=8.5000e+02 p=6.5000e-01 epsV=1.5000e+00 epsZ=8.0000e-01 
New pars (  49): DC=6.2119e+00 r1=1.1956e+02 r2=8.5000e+02 p=6.5000e-01 epsV=1.5000e+00 epsZ=8.0000e-01 
New pars (  50): DC=6.2119e+00 r1=1.1956e+02 r2=8.5000e+02 p=6.5000e-01 epsV=1.5000e+00 epsZ=8.0000e-01 
New pars (  51): DC=6.2119e+00 r1=1.1956e+02 r2=8.5000e+02 p=6.5018e-01 epsV=1.5000e+00 epsZ=8.0000e-01 
New pars (  52): DC=6.2119e+00 r1=1.1956e+02 r2=8.5000e+02 p=6.4982e-01 epsV=1.5000e+00 epsZ=8.0000e-01 
New pars (  53): DC=6.2119e+00 r1=1.1956e+02 r2=8.5000e+02 p=6.5000e-01 epsV=1.5006e+00 epsZ=8.0000e-01 
New pars (  54): DC=6.2119e+00 r1=1.1956e+02 r2=8.5000e+02 p=6.5000e-01 epsV=1.5000e+00 epsZ=8.0000e-01 
New pars (  55): DC=6.2119e+00 r1=1.1956e+02 r2=8.5000e+02 p=6.5000e-01 epsV=1.5000e+00 epsZ=8.0000e-01 
New pars (  56): DC=6.2119e+00 r1=1.1955e+02 r2=8.5000e+02 p=6.5000e-01 epsV=1.5000e+00 epsZ=8.0000e-01 
New pars (  57): DC=6.2119e+00 r1=1.1953e+02 r2=8.5000e+02 p=6.5000e-01 epsV=1.5000e+00 epsZ=8.0000e-01 
New pars (  58): DC=6.2119e+00 r1=1.1946e+02 r2=8.5000e+02 p=6.5000e-01 epsV=1.5000e+00 epsZ=8.0000e-01 
New pars (  59): DC=6.2119e+00 r1=1.1926e+02 r2=8.5000e+02 p=6.5000e-01 epsV=1.5000e+00 epsZ=8.0000e-01 
New pars (  60): DC=6.2119e+00 r1=1.1882e+02 r2=8.5000e+02 p=6.5000e-01 epsV=1.5000e+00 epsZ=8.0000e-01 
New pars (  61): DC=6.2144e+00 r1=1.1882e+02 r2=8.5000e+02 p=6.5000e-01 epsV=1.5000e+00 epsZ=8.0000e-01 
New pars (  62): DC=6.2095e+00 r1=1.1882e+02 r2=8.5000e+02 p=6.5000e-01 epsV=1.5000e+00 epsZ=8.0000e-01 
New pars (  63): DC=6.2119e+00 r1=1.1882e+02 r2=8.5000e+02 p=6.5000e-01 epsV=1.5000e+00 epsZ=8.0000e-01 
New pars (  64): DC=6.2119e+00 r1=1.1881e+02 r2=8.5000e+02 p=6.5000e-01 epsV=1.5000e+00 epsZ=8.0000e-01 
New pars (  65): DC=6.2119e+00 r1=1.1882e+02 r2=8.5000e+02 p=6.5000e-01 epsV=1.5000e+00 epsZ=8.0000e-01 
New pars (  66): DC=6.2119e+00 r1=1.1882e+02 r2=8.5000e+02 p=6.5000e-01 epsV=1.5000e+00 epsZ=8.0000e-01 
New pars (  67): DC=6.2119e+00 r1=1.1882e+02 r2=8.5000e+02 p=6.5014e-01 epsV=1.5000e+00 epsZ=8.0000e-01 
New pars (  68): DC=6.2119e+00 r1=1.1882e+02 r2=8.5000e+02 p=6.4986e-01 epsV=1.5000e+00 epsZ=8.0000e-01 
New pars (  69): DC=6.2119e+00 r1=1.1882e+02 r2=8.5000e+02 p=6.5000e-01 epsV=1.5005e+00 epsZ=8.0000e-01 
New pars (  70): DC=6.2119e+00 r1=1.1881e+02 r2=8.5000e+02 p=6.5000e-01 epsV=1.5000e+00 epsZ=8.0000e-01 
New pars (  71): DC=6.2119e+00 r1=1.1881e+02 r2=8.5000e+02 p=6.5000e-01 epsV=1.5000e+00 epsZ=8.0000e-01 
New pars (  72): DC=6.2119e+00 r1=1.1879e+02 r2=8.5000e+02 p=6.5000e-01 epsV=1.5000e+00 epsZ=8.0000e-01 
New pars (  73): DC=6.2119e+00 r1=1.1873e+02 r2=8.5000e+02 p=6.5000e-01 epsV=1.5000e+00 epsZ=8.0000e-01 
New pars (  74): DC=6.2119e+00 r1=1.1856e+02 r2=8.5000e+02 p=6.5000e-01 epsV=1.5000e+00 epsZ=8.0000e-01 
New pars (  75): DC=6.2119e+00 r1=1.1805e+02 r2=8.5000e+02 p=6.5000e-01 epsV=1.5000e+00 epsZ=8.0000e-01 
New pars (  76): DC=6.2119e+00 r1=1.1693e+02 r2=8.5000e+02 p=6.5000e-01 epsV=1.5000e+00 epsZ=8.0000e-01 
New pars (  77): DC=6.2143e+00 r1=1.1693e+02 r2=8.5000e+02 p=6.5000e-01 epsV=1.5000e+00 epsZ=8.0000e-01 
New pars (  78): DC=6.2096e+00 r1=1.1693e+02 r2=8.5000e+02 p=6.5000e-01 epsV=1.5000e+00 epsZ=8.0000e-01 
New pars (  79): DC=6.2119e+00 r1=1.1694e+02 r2=8.5000e+02 p=6.5000e-01 epsV=1.5000e+00 epsZ=8.0000e-01 
New pars (  80): DC=6.2119e+00 r1=1.1693e+02 r2=8.5000e+02 p=6.5000e-01 epsV=1.5000e+00 epsZ=8.0000e-01 
New pars (  81): DC=6.2119e+00 r1=1.1693e+02 r2=8.5000e+02 p=6.5000e-01 epsV=1.5000e+00 epsZ=8.0000e-01 
New pars (  82): DC=6.2119e+00 r1=1.1693e+02 r2=8.5000e+02 p=6.5000e-01 epsV=1.5000e+00 epsZ=8.0000e-01 
New pars (  83): DC=6.2119e+00 r1=1.1693e+02 r2=8.5000e+02 p=6.5014e-01 epsV=1.5000e+00 epsZ=8.0000e-01 
New pars (  84): DC=6.2119e+00 r1=1.1693e+02 r2=8.5000e+02 p=6.4986e-01 epsV=1.5000e+00 epsZ=8.0000e-01 
New pars (  85): DC=6.2119e+00 r1=1.1693e+02 r2=8.5000e+02 p=6.5000e-01 epsV=1.5005e+00 epsZ=8.0000e-01 
New pars (  86): DC=6.2119e+00 r1=1.1693e+02 r2=8.5000e+02 p=6.5000e-01 epsV=1.5000e+00 epsZ=8.0000e-01 
New pars (  87): DC=6.2119e+00 r1=1.1691e+02 r2=8.5000e+02 p=6.5000e-01 epsV=1.5000e+00 epsZ=8.0000e-01 
New pars (  88): DC=6.2119e+00 r1=1.1686e+02 r2=8.5000e+02 p=6.5000e-01 epsV=1.5000e+00 epsZ=8.0000e-01 
New pars (  89): DC=6.2119e+00 r1=1.1672e+02 r2=8.5000e+02 p=6.5000e-01 epsV=1.5000e+00 epsZ=8.0000e-01 
New pars (  90): DC=6.2119e+00 r1=1.1630e+02 r2=8.5000e+02 p=6.5000e-01 epsV=1.5000e+00 epsZ=8.0000e-01 
New pars (  91): DC=6.2119e+00 r1=1.1502e+02 r2=8.5000e+02 p=6.5000e-01 epsV=1.5000e+00 epsZ=8.0000e-01 
New pars (  92): DC=6.2119e+00 r1=1.1222e+02 r2=8.5000e+02 p=6.5000e-01 epsV=1.5000e+00 epsZ=8.0000e-01 
New pars (  93): DC=6.2142e+00 r1=1.1222e+02 r2=8.5000e+02 p=6.5000e-01 epsV=1.5000e+00 epsZ=8.0000e-01 
New pars (  94): DC=6.2097e+00 r1=1.1222e+02 r2=8.5000e+02 p=6.5000e-01 epsV=1.5000e+00 epsZ=8.0000e-01 
New pars (  95): DC=6.2119e+00 r1=1.1223e+02 r2=8.5000e+02 p=6.5000e-01 epsV=1.5000e+00 epsZ=8.0000e-01 
New pars (  96): DC=6.2119e+00 r1=1.1221e+02 r2=8.5000e+02 p=6.5000e-01 epsV=1.5000e+00 epsZ=8.0000e-01 
New pars (  97): DC=6.2119e+00 r1=1.1229e+02 r2=8.5000e+02 p=6.5000e-01 epsV=1.5000e+00 epsZ=8.0000e-01 
New pars (  98): DC=6.2119e+00 r1=1.1215e+02 r2=8.5000e+02 p=6.5000e-01 epsV=1.5000e+00 epsZ=8.0000e-01 
New pars (  99): DC=6.2119e+00 r1=1.1222e+02 r2=8.5001e+02 p=6.5000e-01 epsV=1.5000e+00 epsZ=8.0000e-01 
New pars ( 100): DC=6.2119e+00 r1=1.1222e+02 r2=8.4999e+02 p=6.5000e-01 epsV=1.5000e+00 epsZ=8.0000e-01 
New pars ( 101): DC=6.2119e+00 r1=1.1222e+02 r2=8.5002e+02 p=6.5000e-01 epsV=1.5000e+00 epsZ=8.0000e-01 
New pars ( 102): DC=6.2119e+00 r1=1.1222e+02 r2=8.4998e+02 p=6.5000e-01 epsV=1.5000e+00 epsZ=8.0000e-01 
New pars ( 103): DC=6.2119e+00 r1=1.1222e+02 r2=8.5000e+02 p=6.5013e-01 epsV=1.5000e+00 epsZ=8.0000e-01 
New pars ( 104): DC=6.2119e+00 r1=1.1222e+02 r2=8.5000e+02 p=6.4987e-01 epsV=1.5000e+00 epsZ=8.0000e-01 
New pars ( 105): DC=6.2119e+00 r1=1.1222e+02 r2=8.5000e+02 p=6.5000e-01 epsV=1.5004e+00 epsZ=8.0000e-01 
New pars ( 106): DC=6.2119e+00 r1=1.1222e+02 r2=8.4998e+02 p=6.5000e-01 epsV=1.5000e+00 epsZ=8.0000e-01 
New pars ( 107): DC=6.2119e+00 r1=1.1222e+02 r2=8.4992e+02 p=6.5000e-01 epsV=1.5000e+00 epsZ=8.0000e-01 
New pars ( 108): DC=6.2119e+00 r1=1.1222e+02 r2=8.4976e+02 p=6.5000e-01 epsV=1.5000e+00 epsZ=8.0000e-01 
New pars ( 109): DC=6.2119e+00 r1=1.1222e+02 r2=8.4929e+02 p=6.5000e-01 epsV=1.5000e+00 epsZ=8.0000e-01 
New pars ( 110): DC=6.2119e+00 r1=1.1222e+02 r2=8.4788e+02 p=6.5000e-01 epsV=1.5000e+00 epsZ=8.0000e-01 
New pars ( 111): DC=6.2119e+00 r1=1.1222e+02 r2=8.4364e+02 p=6.5000e-01 epsV=1.5000e+00 epsZ=8.0000e-01 
New pars ( 112): DC=6.2119e+00 r1=1.1222e+02 r2=8.3430e+02 p=6.5000e-01 epsV=1.5000e+00 epsZ=8.0000e-01 
New pars ( 113): DC=6.2140e+00 r1=1.1222e+02 r2=8.3430e+02 p=6.5000e-01 epsV=1.5000e+00 epsZ=8.0000e-01 
New pars ( 114): DC=6.2099e+00 r1=1.1222e+02 r2=8.3430e+02 p=6.5000e-01 epsV=1.5000e+00 epsZ=8.0000e-01 
New pars ( 115): DC=6.2119e+00 r1=1.1225e+02 r2=8.3430e+02 p=6.5000e-01 epsV=1.5000e+00 epsZ=8.0000e-01 
New pars ( 116): DC=6.2119e+00 r1=1.1219e+02 r2=8.3430e+02 p=6.5000e-01 epsV=1.5000e+00 epsZ=8.0000e-01 
New pars ( 117): DC=6.2119e+00 r1=1.1222e+02 r2=8.3433e+02 p=6.5000e-01 epsV=1.5000e+00 epsZ=8.0000e-01 
New pars ( 118): DC=6.2119e+00 r1=1.1222e+02 r2=8.3428e+02 p=6.5000e-01 epsV=1.5000e+00 epsZ=8.0000e-01 
New pars ( 119): DC=6.2119e+00 r1=1.1222e+02 r2=8.3442e+02 p=6.5000e-01 epsV=1.5000e+00 epsZ=8.0000e-01 
New pars ( 120): DC=6.2119e+00 r1=1.1222e+02 r2=8.3419e+02 p=6.5000e-01 epsV=1.5000e+00 epsZ=8.0000e-01 
New pars ( 121): DC=6.2119e+00 r1=1.1222e+02 r2=8.3430e+02 p=6.5014e-01 epsV=1.5000e+00 epsZ=8.0000e-01 
New pars ( 122): DC=6.2119e+00 r1=1.1222e+02 r2=8.3430e+02 p=6.4986e-01 epsV=1.5000e+00 epsZ=8.0000e-01 
New pars ( 123): DC=6.2119e+00 r1=1.1222e+02 r2=8.3430e+02 p=6.5000e-01 epsV=1.5005e+00 epsZ=8.0000e-01 
New pars ( 124): DC=5.6674e+00 r1=4.9892e+01 r2=7.1719e+02 p=3.7913e-01 epsV=9.5851e-01 epsZ=2.3039e-01 
New pars ( 125): DC=6.0843e+00 r1=9.7607e+01 r2=8.0685e+02 p=5.8650e-01 epsV=1.3731e+00 epsZ=6.6646e-01 
New pars ( 126): DC=6.0854e+00 r1=9.7607e+01 r2=8.0685e+02 p=5.8650e-01 epsV=1.3731e+00 epsZ=6.6646e-01 
New pars ( 127): DC=6.0832e+00 r1=9.7607e+01 r2=8.0685e+02 p=5.8650e-01 epsV=1.3731e+00 epsZ=6.6646e-01 
New pars ( 128): DC=6.0843e+00 r1=9.7625e+01 r2=8.0685e+02 p=5.8650e-01 epsV=1.3731e+00 epsZ=6.6646e-01 
New pars ( 129): DC=6.0843e+00 r1=9.7588e+01 r2=8.0685e+02 p=5.8650e-01 epsV=1.3731e+00 epsZ=6.6646e-01 
New pars ( 130): DC=6.0843e+00 r1=9.7620e+01 r2=8.0685e+02 p=5.8650e-01 epsV=1.3731e+00 epsZ=6.6646e-01 
New pars ( 131): DC=6.0843e+00 r1=9.7594e+01 r2=8.0685e+02 p=5.8650e-01 epsV=1.3731e+00 epsZ=6.6646e-01 
New pars ( 132): DC=6.0843e+00 r1=9.7607e+01 r2=8.0689e+02 p=5.8650e-01 epsV=1.3731e+00 epsZ=6.6646e-01 
New pars ( 133): DC=6.0843e+00 r1=9.7607e+01 r2=8.0681e+02 p=5.8650e-01 epsV=1.3731e+00 epsZ=6.6646e-01 
New pars ( 134): DC=6.0843e+00 r1=9.7607e+01 r2=8.0687e+02 p=5.8650e-01 epsV=1.3731e+00 epsZ=6.6646e-01 
New pars ( 135): DC=6.0843e+00 r1=9.7607e+01 r2=8.0683e+02 p=5.8650e-01 epsV=1.3731e+00 epsZ=6.6646e-01 
New pars ( 136): DC=6.0843e+00 r1=9.7607e+01 r2=8.0685e+02 p=5.8656e-01 epsV=1.3731e+00 epsZ=6.6646e-01 
New pars ( 137): DC=6.0843e+00 r1=9.7607e+01 r2=8.0685e+02 p=5.8643e-01 epsV=1.3731e+00 epsZ=6.6646e-01 
New pars ( 138): DC=6.0843e+00 r1=9.7607e+01 r2=8.0685e+02 p=5.8653e-01 epsV=1.3731e+00 epsZ=6.6646e-01 
New pars ( 139): DC=6.0843e+00 r1=9.7607e+01 r2=8.0685e+02 p=5.8647e-01 epsV=1.3731e+00 epsZ=6.6646e-01 
New pars ( 140): DC=6.0843e+00 r1=9.7607e+01 r2=8.0685e+02 p=5.8650e-01 epsV=1.3733e+00 epsZ=6.6646e-01 
New pars ( 141): DC=7.4941e+00 r1=9.0216e+01 r2=8.0384e+02 p=4.9315e-01 epsV=1.5232e+00 epsZ=8.4549e-01 
New pars ( 142): DC=7.2358e+00 r1=9.1570e+01 r2=8.0439e+02 p=5.1025e-01 epsV=1.4957e+00 epsZ=8.1269e-01 
New pars ( 143): DC=7.2361e+00 r1=9.1570e+01 r2=8.0439e+02 p=5.1025e-01 epsV=1.4957e+00 epsZ=8.1269e-01 
New pars ( 144): DC=7.2356e+00 r1=9.1570e+01 r2=8.0439e+02 p=5.1025e-01 epsV=1.4957e+00 epsZ=8.1269e-01 
New pars ( 145): DC=7.2362e+00 r1=9.1570e+01 r2=8.0439e+02 p=5.1025e-01 epsV=1.4957e+00 epsZ=8.1269e-01 
New pars ( 146): DC=7.2355e+00 r1=9.1570e+01 r2=8.0439e+02 p=5.1025e-01 epsV=1.4957e+00 epsZ=8.1269e-01 
New pars ( 147): DC=7.2358e+00 r1=9.1572e+01 r2=8.0439e+02 p=5.1025e-01 epsV=1.4957e+00 epsZ=8.1269e-01 
New pars ( 148): DC=7.2358e+00 r1=9.1568e+01 r2=8.0439e+02 p=5.1025e-01 epsV=1.4957e+00 epsZ=8.1269e-01 
New pars ( 149): DC=7.2358e+00 r1=9.1570e+01 r2=8.0439e+02 p=5.1025e-01 epsV=1.4957e+00 epsZ=8.1269e-01 
New pars ( 150): DC=7.2358e+00 r1=9.1570e+01 r2=8.0439e+02 p=5.1025e-01 epsV=1.4957e+00 epsZ=8.1269e-01 
New pars ( 151): DC=7.2358e+00 r1=9.1570e+01 r2=8.0439e+02 p=5.1025e-01 epsV=1.4957e+00 epsZ=8.1269e-01 
New pars ( 152): DC=7.2358e+00 r1=9.1570e+01 r2=8.0439e+02 p=5.1025e-01 epsV=1.4957e+00 epsZ=8.1269e-01 
New pars ( 153): DC=7.2358e+00 r1=9.1570e+01 r2=8.0439e+02 p=5.1025e-01 epsV=1.4957e+00 epsZ=8.1269e-01 
New pars ( 154): DC=7.2358e+00 r1=9.1570e+01 r2=8.0439e+02 p=5.1025e-01 epsV=1.4957e+00 epsZ=8.1269e-01 
New pars ( 155): DC=7.2358e+00 r1=9.1570e+01 r2=8.0439e+02 p=5.1025e-01 epsV=1.4957e+00 epsZ=8.1269e-01 
New pars ( 156): DC=7.2835e+00 r1=9.2118e+01 r2=8.0287e+02 p=5.0813e-01 epsV=1.4830e+00 epsZ=8.0609e-01 
New pars ( 157): DC=7.2970e+00 r1=9.2273e+01 r2=8.0243e+02 p=5.0753e-01 epsV=1.4794e+00 epsZ=8.0422e-01 
New pars ( 158): DC=7.2973e+00 r1=9.2273e+01 r2=8.0243e+02 p=5.0753e-01 epsV=1.4794e+00 epsZ=8.0422e-01 
New pars ( 159): DC=7.2967e+00 r1=9.2273e+01 r2=8.0243e+02 p=5.0753e-01 epsV=1.4794e+00 epsZ=8.0422e-01 
New pars ( 160): DC=7.2972e+00 r1=9.2273e+01 r2=8.0243e+02 p=5.0753e-01 epsV=1.4794e+00 epsZ=8.0422e-01 
New pars ( 161): DC=7.2968e+00 r1=9.2273e+01 r2=8.0243e+02 p=5.0753e-01 epsV=1.4794e+00 epsZ=8.0422e-01 
New pars ( 162): DC=7.2970e+00 r1=9.2275e+01 r2=8.0243e+02 p=5.0753e-01 epsV=1.4794e+00 epsZ=8.0422e-01 
New pars ( 163): DC=7.2970e+00 r1=9.2271e+01 r2=8.0243e+02 p=5.0753e-01 epsV=1.4794e+00 epsZ=8.0422e-01 
New pars ( 164): DC=7.2970e+00 r1=9.2273e+01 r2=8.0244e+02 p=5.0753e-01 epsV=1.4794e+00 epsZ=8.0422e-01 
New pars ( 165): DC=7.2970e+00 r1=9.2273e+01 r2=8.0243e+02 p=5.0753e-01 epsV=1.4794e+00 epsZ=8.0422e-01 
New pars ( 166): DC=7.2970e+00 r1=9.2273e+01 r2=8.0243e+02 p=5.0753e-01 epsV=1.4794e+00 epsZ=8.0422e-01 
New pars ( 167): DC=7.2970e+00 r1=9.2273e+01 r2=8.0243e+02 p=5.0753e-01 epsV=1.4794e+00 epsZ=8.0422e-01 
New pars ( 168): DC=7.2970e+00 r1=9.2273e+01 r2=8.0243e+02 p=5.0753e-01 epsV=1.4794e+00 epsZ=8.0422e-01 
New pars ( 169): DC=7.3386e+00 r1=9.3206e+01 r2=8.0159e+02 p=5.0663e-01 epsV=1.4785e+00 epsZ=7.9592e-01 
New pars ( 170): DC=7.4711e+00 r1=9.6176e+01 r2=7.9891e+02 p=5.0376e-01 epsV=1.4758e+00 epsZ=7.6949e-01 
New pars ( 171): DC=7.4713e+00 r1=9.6176e+01 r2=7.9891e+02 p=5.0376e-01 epsV=1.4758e+00 epsZ=7.6949e-01 
New pars ( 172): DC=7.4709e+00 r1=9.6176e+01 r2=7.9891e+02 p=5.0376e-01 epsV=1.4758e+00 epsZ=7.6949e-01 
New pars ( 173): DC=7.4714e+00 r1=9.6176e+01 r2=7.9891e+02 p=5.0376e-01 epsV=1.4758e+00 epsZ=7.6949e-01 
New pars ( 174): DC=7.4708e+00 r1=9.6176e+01 r2=7.9891e+02 p=5.0376e-01 epsV=1.4758e+00 epsZ=7.6949e-01 
New pars ( 175): DC=7.4711e+00 r1=9.6178e+01 r2=7.9891e+02 p=5.0376e-01 epsV=1.4758e+00 epsZ=7.6949e-01 
New pars ( 176): DC=7.4711e+00 r1=9.6174e+01 r2=7.9891e+02 p=5.0376e-01 epsV=1.4758e+00 epsZ=7.6949e-01 
New pars ( 177): DC=7.4711e+00 r1=9.6176e+01 r2=7.9892e+02 p=5.0376e-01 epsV=1.4758e+00 epsZ=7.6949e-01 
New pars ( 178): DC=7.4711e+00 r1=9.6176e+01 r2=7.9891e+02 p=5.0376e-01 epsV=1.4758e+00 epsZ=7.6949e-01 
New pars ( 179): DC=7.4711e+00 r1=9.6176e+01 r2=7.9891e+02 p=5.0376e-01 epsV=1.4758e+00 epsZ=7.6949e-01 
New pars ( 180): DC=7.4711e+00 r1=9.6176e+01 r2=7.9891e+02 p=5.0376e-01 epsV=1.4758e+00 epsZ=7.6949e-01 
New pars ( 181): DC=7.4711e+00 r1=9.6176e+01 r2=7.9891e+02 p=5.0376e-01 epsV=1.4758e+00 epsZ=7.6949e-01 
New pars ( 182): DC=7.4556e+00 r1=9.7402e+01 r2=7.9815e+02 p=5.0393e-01 epsV=1.4742e+00 epsZ=7.6128e-01 
New pars ( 183): DC=7.4418e+00 r1=9.8496e+01 r2=7.9747e+02 p=5.0408e-01 epsV=1.4728e+00 epsZ=7.5394e-01 
New pars ( 184): DC=7.4421e+00 r1=9.8496e+01 r2=7.9747e+02 p=5.0408e-01 epsV=1.4728e+00 epsZ=7.5394e-01 
New pars ( 185): DC=7.4415e+00 r1=9.8496e+01 r2=7.9747e+02 p=5.0408e-01 epsV=1.4728e+00 epsZ=7.5394e-01 
New pars ( 186): DC=7.4418e+00 r1=9.8499e+01 r2=7.9747e+02 p=5.0408e-01 epsV=1.4728e+00 epsZ=7.5394e-01 
New pars ( 187): DC=7.4418e+00 r1=9.8494e+01 r2=7.9747e+02 p=5.0408e-01 epsV=1.4728e+00 epsZ=7.5394e-01 
New pars ( 188): DC=7.4418e+00 r1=9.8496e+01 r2=7.9747e+02 p=5.0408e-01 epsV=1.4728e+00 epsZ=7.5394e-01 
New pars ( 189): DC=7.4418e+00 r1=9.8496e+01 r2=7.9747e+02 p=5.0408e-01 epsV=1.4728e+00 epsZ=7.5394e-01 
New pars ( 190): DC=7.4418e+00 r1=9.8496e+01 r2=7.9747e+02 p=5.0408e-01 epsV=1.4728e+00 epsZ=7.5394e-01 
New pars ( 191): DC=7.4418e+00 r1=9.8496e+01 r2=7.9746e+02 p=5.0408e-01 epsV=1.4728e+00 epsZ=7.5394e-01 
New pars ( 192): DC=7.4418e+00 r1=9.8496e+01 r2=7.9747e+02 p=5.0408e-01 epsV=1.4728e+00 epsZ=7.5394e-01 
New pars ( 193): DC=7.4418e+00 r1=9.8496e+01 r2=7.9747e+02 p=5.0407e-01 epsV=1.4728e+00 epsZ=7.5394e-01 
New pars ( 194): DC=7.4418e+00 r1=9.8496e+01 r2=7.9747e+02 p=5.0408e-01 epsV=1.4728e+00 epsZ=7.5394e-01 
New pars ( 195): DC=7.4218e+00 r1=9.9233e+01 r2=7.9696e+02 p=5.0202e-01 epsV=1.4752e+00 epsZ=7.5247e-01 
New pars ( 196): DC=7.3488e+00 r1=1.0193e+02 r2=7.9510e+02 p=4.9449e-01 epsV=1.4841e+00 epsZ=7.4707e-01 
New pars ( 197): DC=7.3490e+00 r1=1.0193e+02 r2=7.9510e+02 p=4.9449e-01 epsV=1.4841e+00 epsZ=7.4707e-01 
New pars ( 198): DC=7.3486e+00 r1=1.0193e+02 r2=7.9510e+02 p=4.9449e-01 epsV=1.4841e+00 epsZ=7.4707e-01 
New pars ( 199): DC=7.3488e+00 r1=1.0193e+02 r2=7.9510e+02 p=4.9449e-01 epsV=1.4841e+00 epsZ=7.4707e-01 
New pars ( 200): DC=7.3488e+00 r1=1.0193e+02 r2=7.9510e+02 p=4.9449e-01 epsV=1.4841e+00 epsZ=7.4707e-01 
New pars ( 201): DC=7.3488e+00 r1=1.0193e+02 r2=7.9510e+02 p=4.9449e-01 epsV=1.4841e+00 epsZ=7.4707e-01 
New pars ( 202): DC=7.3488e+00 r1=1.0193e+02 r2=7.9510e+02 p=4.9449e-01 epsV=1.4841e+00 epsZ=7.4707e-01 
New pars ( 203): DC=7.3488e+00 r1=1.0193e+02 r2=7.9511e+02 p=4.9449e-01 epsV=1.4841e+00 epsZ=7.4707e-01 
New pars ( 204): DC=7.3488e+00 r1=1.0193e+02 r2=7.9509e+02 p=4.9449e-01 epsV=1.4841e+00 epsZ=7.4707e-01 
New pars ( 205): DC=7.3488e+00 r1=1.0193e+02 r2=7.9510e+02 p=4.9450e-01 epsV=1.4841e+00 epsZ=7.4707e-01 
New pars ( 206): DC=7.3488e+00 r1=1.0193e+02 r2=7.9510e+02 p=4.9449e-01 epsV=1.4841e+00 epsZ=7.4707e-01 
New pars ( 207): DC=7.3488e+00 r1=1.0193e+02 r2=7.9510e+02 p=4.9450e-01 epsV=1.4841e+00 epsZ=7.4707e-01 
New pars ( 208): DC=7.3488e+00 r1=1.0193e+02 r2=7.9510e+02 p=4.9449e-01 epsV=1.4841e+00 epsZ=7.4707e-01 
New pars ( 209): DC=7.3488e+00 r1=1.0193e+02 r2=7.9510e+02 p=4.9449e-01 epsV=1.4841e+00 epsZ=7.4707e-01 
New pars ( 210): DC=7.3473e+00 r1=1.0189e+02 r2=7.9514e+02 p=4.9466e-01 epsV=1.4841e+00 epsZ=7.4768e-01 
New pars ( 211): DC=7.3467e+00 r1=1.0188e+02 r2=7.9515e+02 p=4.9473e-01 epsV=1.4841e+00 epsZ=7.4792e-01 
New pars ( 212): DC=7.3469e+00 r1=1.0188e+02 r2=7.9515e+02 p=4.9473e-01 epsV=1.4841e+00 epsZ=7.4792e-01 
New pars ( 213): DC=7.3465e+00 r1=1.0188e+02 r2=7.9515e+02 p=4.9473e-01 epsV=1.4841e+00 epsZ=7.4792e-01 
New pars ( 214): DC=7.3467e+00 r1=1.0188e+02 r2=7.9515e+02 p=4.9473e-01 epsV=1.4841e+00 epsZ=7.4792e-01 
New pars ( 215): DC=7.3467e+00 r1=1.0187e+02 r2=7.9515e+02 p=4.9473e-01 epsV=1.4841e+00 epsZ=7.4792e-01 
New pars ( 216): DC=7.3467e+00 r1=1.0188e+02 r2=7.9516e+02 p=4.9473e-01 epsV=1.4841e+00 epsZ=7.4792e-01 
New pars ( 217): DC=7.3467e+00 r1=1.0188e+02 r2=7.9514e+02 p=4.9473e-01 epsV=1.4841e+00 epsZ=7.4792e-01 
New pars ( 218): DC=7.3467e+00 r1=1.0188e+02 r2=7.9515e+02 p=4.9473e-01 epsV=1.4841e+00 epsZ=7.4792e-01 
New pars ( 219): DC=7.3467e+00 r1=1.0188e+02 r2=7.9515e+02 p=4.9473e-01 epsV=1.4841e+00 epsZ=7.4792e-01 
New pars ( 220): DC=7.3467e+00 r1=1.0188e+02 r2=7.9515e+02 p=4.9474e-01 epsV=1.4841e+00 epsZ=7.4792e-01 
New pars ( 221): DC=7.3467e+00 r1=1.0188e+02 r2=7.9515e+02 p=4.9472e-01 epsV=1.4841e+00 epsZ=7.4792e-01 
New pars ( 222): DC=7.3467e+00 r1=1.0188e+02 r2=7.9515e+02 p=4.9473e-01 epsV=1.4841e+00 epsZ=7.4792e-01 
New pars ( 223): DC=7.3467e+00 r1=1.0188e+02 r2=7.9513e+02 p=4.9474e-01 epsV=1.4839e+00 epsZ=7.4830e-01 
New pars ( 224): DC=7.3467e+00 r1=1.0191e+02 r2=7.9505e+02 p=4.9478e-01 epsV=1.4834e+00 epsZ=7.4982e-01 
New pars ( 225): DC=7.3467e+00 r1=1.0197e+02 r2=7.9485e+02 p=4.9487e-01 epsV=1.4821e+00 epsZ=7.5362e-01 
New pars ( 226): DC=7.3466e+00 r1=1.0214e+02 r2=7.9426e+02 p=4.9516e-01 epsV=1.4782e+00 epsZ=7.6502e-01 
New pars ( 227): DC=7.3465e+00 r1=1.0266e+02 r2=7.9248e+02 p=4.9601e-01 epsV=1.4666e+00 epsZ=7.9921e-01 
New pars ( 228): DC=7.3464e+00 r1=1.0306e+02 r2=7.9112e+02 p=4.9667e-01 epsV=1.4576e+00 epsZ=8.2537e-01 
New pars ( 229): DC=7.3466e+00 r1=1.0306e+02 r2=7.9112e+02 p=4.9667e-01 epsV=1.4576e+00 epsZ=8.2537e-01 
New pars ( 230): DC=7.3462e+00 r1=1.0306e+02 r2=7.9112e+02 p=4.9667e-01 epsV=1.4576e+00 epsZ=8.2537e-01 
New pars ( 231): DC=7.3464e+00 r1=1.0307e+02 r2=7.9112e+02 p=4.9667e-01 epsV=1.4576e+00 epsZ=8.2537e-01 
New pars ( 232): DC=7.3464e+00 r1=1.0306e+02 r2=7.9112e+02 p=4.9667e-01 epsV=1.4576e+00 epsZ=8.2537e-01 
New pars ( 233): DC=7.3464e+00 r1=1.0306e+02 r2=7.9113e+02 p=4.9667e-01 epsV=1.4576e+00 epsZ=8.2537e-01 
New pars ( 234): DC=7.3464e+00 r1=1.0306e+02 r2=7.9112e+02 p=4.9667e-01 epsV=1.4576e+00 epsZ=8.2537e-01 
New pars ( 235): DC=7.3464e+00 r1=1.0306e+02 r2=7.9112e+02 p=4.9668e-01 epsV=1.4576e+00 epsZ=8.2537e-01 
New pars ( 236): DC=7.3464e+00 r1=1.0306e+02 r2=7.9112e+02 p=4.9666e-01 epsV=1.4576e+00 epsZ=8.2537e-01 
New pars ( 237): DC=7.3464e+00 r1=1.0306e+02 r2=7.9112e+02 p=4.9667e-01 epsV=1.4577e+00 epsZ=8.2537e-01 
New pars ( 238): DC=7.3565e+00 r1=1.0371e+02 r2=7.8991e+02 p=4.9647e-01 epsV=1.4520e+00 epsZ=8.3970e-01 
New pars ( 239): DC=7.3596e+00 r1=1.0390e+02 r2=7.8954e+02 p=4.9641e-01 epsV=1.4503e+00 epsZ=8.4400e-01 
New pars ( 240): DC=7.3598e+00 r1=1.0390e+02 r2=7.8954e+02 p=4.9641e-01 epsV=1.4503e+00 epsZ=8.4400e-01 
New pars ( 241): DC=7.3594e+00 r1=1.0390e+02 r2=7.8954e+02 p=4.9641e-01 epsV=1.4503e+00 epsZ=8.4400e-01 
New pars ( 242): DC=7.3596e+00 r1=1.0390e+02 r2=7.8954e+02 p=4.9641e-01 epsV=1.4503e+00 epsZ=8.4400e-01 
New pars ( 243): DC=7.3596e+00 r1=1.0390e+02 r2=7.8954e+02 p=4.9641e-01 epsV=1.4503e+00 epsZ=8.4400e-01 
New pars ( 244): DC=7.3596e+00 r1=1.0390e+02 r2=7.8955e+02 p=4.9641e-01 epsV=1.4503e+00 epsZ=8.4400e-01 
New pars ( 245): DC=7.3596e+00 r1=1.0390e+02 r2=7.8953e+02 p=4.9641e-01 epsV=1.4503e+00 epsZ=8.4400e-01 
New pars ( 246): DC=7.3596e+00 r1=1.0390e+02 r2=7.8954e+02 p=4.9642e-01 epsV=1.4503e+00 epsZ=8.4400e-01 
New pars ( 247): DC=7.3596e+00 r1=1.0390e+02 r2=7.8954e+02 p=4.9640e-01 epsV=1.4503e+00 epsZ=8.4400e-01 
New pars ( 248): DC=7.3596e+00 r1=1.0390e+02 r2=7.8954e+02 p=4.9641e-01 epsV=1.4503e+00 epsZ=8.4400e-01 
New pars ( 249): DC=7.3590e+00 r1=1.0391e+02 r2=7.8956e+02 p=4.9636e-01 epsV=1.4506e+00 epsZ=8.4335e-01 
New pars ( 250): DC=7.3592e+00 r1=1.0391e+02 r2=7.8956e+02 p=4.9636e-01 epsV=1.4506e+00 epsZ=8.4335e-01 
New pars ( 251): DC=7.3588e+00 r1=1.0391e+02 r2=7.8956e+02 p=4.9636e-01 epsV=1.4506e+00 epsZ=8.4335e-01 
New pars ( 252): DC=7.3590e+00 r1=1.0391e+02 r2=7.8956e+02 p=4.9636e-01 epsV=1.4506e+00 epsZ=8.4335e-01 
New pars ( 253): DC=7.3590e+00 r1=1.0390e+02 r2=7.8956e+02 p=4.9636e-01 epsV=1.4506e+00 epsZ=8.4335e-01 
New pars ( 254): DC=7.3590e+00 r1=1.0391e+02 r2=7.8957e+02 p=4.9636e-01 epsV=1.4506e+00 epsZ=8.4335e-01 
New pars ( 255): DC=7.3590e+00 r1=1.0391e+02 r2=7.8956e+02 p=4.9636e-01 epsV=1.4506e+00 epsZ=8.4335e-01 
New pars ( 256): DC=7.3590e+00 r1=1.0391e+02 r2=7.8956e+02 p=4.9637e-01 epsV=1.4506e+00 epsZ=8.4335e-01 
New pars ( 257): DC=7.3590e+00 r1=1.0391e+02 r2=7.8956e+02 p=4.9635e-01 epsV=1.4506e+00 epsZ=8.4335e-01 
New pars ( 258): DC=7.3590e+00 r1=1.0391e+02 r2=7.8956e+02 p=4.9636e-01 epsV=1.4506e+00 epsZ=8.4335e-01 
New pars ( 259): DC=7.3590e+00 r1=1.0391e+02 r2=7.8956e+02 p=4.9636e-01 epsV=1.4506e+00 epsZ=8.4333e-01 
New pars ( 260): DC=7.3590e+00 r1=1.0391e+02 r2=7.8956e+02 p=4.9636e-01 epsV=1.4506e+00 epsZ=8.4334e-01 
New pars ( 261): DC=7.3590e+00 r1=1.0391e+02 r2=7.8956e+02 p=4.9636e-01 epsV=1.4506e+00 epsZ=8.4335e-01 
New pars ( 262): DC=7.3590e+00 r1=1.0391e+02 r2=7.8956e+02 p=4.9636e-01 epsV=1.4506e+00 epsZ=8.4335e-01 
New pars ( 263): DC=7.3592e+00 r1=1.0391e+02 r2=7.8956e+02 p=4.9636e-01 epsV=1.4506e+00 epsZ=8.4335e-01 
New pars ( 264): DC=7.3588e+00 r1=1.0391e+02 r2=7.8956e+02 p=4.9636e-01 epsV=1.4506e+00 epsZ=8.4335e-01 
New pars ( 265): DC=7.3590e+00 r1=1.0391e+02 r2=7.8956e+02 p=4.9636e-01 epsV=1.4506e+00 epsZ=8.4335e-01 
New pars ( 266): DC=7.3590e+00 r1=1.0390e+02 r2=7.8956e+02 p=4.9636e-01 epsV=1.4506e+00 epsZ=8.4335e-01 
New pars ( 267): DC=7.3590e+00 r1=1.0391e+02 r2=7.8957e+02 p=4.9636e-01 epsV=1.4506e+00 epsZ=8.4335e-01 
New pars ( 268): DC=7.3590e+00 r1=1.0391e+02 r2=7.8956e+02 p=4.9636e-01 epsV=1.4506e+00 epsZ=8.4335e-01 
New pars ( 269): DC=7.3590e+00 r1=1.0391e+02 r2=7.8956e+02 p=4.9637e-01 epsV=1.4506e+00 epsZ=8.4335e-01 
New pars ( 270): DC=7.3590e+00 r1=1.0391e+02 r2=7.8956e+02 p=4.9635e-01 epsV=1.4506e+00 epsZ=8.4335e-01 
New pars ( 271): DC=7.3590e+00 r1=1.0391e+02 r2=7.8956e+02 p=4.9636e-01 epsV=1.4506e+00 epsZ=8.4335e-01 
New pars ( 272): DC=7.3590e+00 r1=1.0391e+02 r2=7.8956e+02 p=4.9636e-01 epsV=1.4506e+00 epsZ=8.4335e-01 
New pars ( 273): DC=7.3590e+00 r1=1.0391e+02 r2=7.8956e+02 p=4.9636e-01 epsV=1.4506e+00 epsZ=8.4335e-01 
New pars ( 274): DC=7.3590e+00 r1=1.0391e+02 r2=7.8956e+02 p=4.9636e-01 epsV=1.4506e+00 epsZ=8.4335e-01 
New pars ( 275): DC=7.3590e+00 r1=1.0391e+02 r2=7.8956e+02 p=4.9636e-01 epsV=1.4506e+00 epsZ=8.4335e-01 
New pars ( 276): DC=7.3590e+00 r1=1.0391e+02 r2=7.8956e+02 p=4.9636e-01 epsV=1.4506e+00 epsZ=8.4335e-01 
New pars ( 277): DC=7.3590e+00 r1=1.0391e+02 r2=7.8956e+02 p=4.9636e-01 epsV=1.4506e+00 epsZ=8.4335e-01 
New pars ( 278): DC=7.3590e+00 r1=1.0391e+02 r2=7.8956e+02 p=4.9636e-01 epsV=1.4506e+00 epsZ=8.4335e-01 
New pars ( 279): DC=7.3590e+00 r1=1.0391e+02 r2=7.8956e+02 p=4.9636e-01 epsV=1.4506e+00 epsZ=8.4335e-01 
New pars ( 280): DC=7.3590e+00 r1=1.0391e+02 r2=7.8956e+02 p=4.9636e-01 epsV=1.4506e+00 epsZ=8.4335e-01 
New pars ( 281): DC=7.3590e+00 r1=1.0391e+02 r2=7.8956e+02 p=4.9636e-01 epsV=1.4506e+00 epsZ=8.4335e-01 
New pars ( 282): DC=7.3590e+00 r1=1.0391e+02 r2=7.8956e+02 p=4.9636e-01 epsV=1.4506e+00 epsZ=8.4335e-01 
New pars ( 283): DC=7.3590e+00 r1=1.0391e+02 r2=7.8956e+02 p=4.9636e-01 epsV=1.4506e+00 epsZ=8.4335e-01 
New pars ( 284): DC=7.3590e+00 r1=1.0391e+02 r2=7.8956e+02 p=4.9636e-01 epsV=1.4506e+00 epsZ=8.4335e-01 
New pars ( 285): DC=7.3590e+00 r1=1.0391e+02 r2=7.8956e+02 p=4.9636e-01 epsV=1.4506e+00 epsZ=8.4335e-01 
New pars ( 286): DC=7.3590e+00 r1=1.0391e+02 r2=7.8956e+02 p=4.9636e-01 epsV=1.4506e+00 epsZ=8.4335e-01 
New pars ( 287): DC=7.3590e+00 r1=1.0391e+02 r2=7.8956e+02 p=4.9636e-01 epsV=1.4506e+00 epsZ=8.4335e-01 
New pars ( 288): DC=7.3590e+00 r1=1.0391e+02 r2=7.8956e+02 p=4.9636e-01 epsV=1.4506e+00 epsZ=8.4335e-01 
New pars ( 289): DC=7.3592e+00 r1=1.0391e+02 r2=7.8956e+02 p=4.9636e-01 epsV=1.4506e+00 epsZ=8.4335e-01 
New pars ( 290): DC=7.3592e+00 r1=1.0391e+02 r2=7.8957e+02 p=4.9636e-01 epsV=1.4506e+00 epsZ=8.4335e-01 
New pars ( 291): DC=7.3590e+00 r1=1.0391e+02 r2=7.8957e+02 p=4.9636e-01 epsV=1.4506e+00 epsZ=8.4335e-01 
New pars ( 292): DC=7.3592e+00 r1=1.0391e+02 r2=7.8956e+02 p=4.9637e-01 epsV=1.4506e+00 epsZ=8.4335e-01 
New pars ( 293): DC=7.3590e+00 r1=1.0391e+02 r2=7.8956e+02 p=4.9637e-01 epsV=1.4506e+00 epsZ=8.4335e-01 
New pars ( 294): DC=7.3590e+00 r1=1.0391e+02 r2=7.8957e+02 p=4.9637e-01 epsV=1.4506e+00 epsZ=8.4335e-01 
New pars ( 295): DC=7.3592e+00 r1=1.0391e+02 r2=7.8956e+02 p=4.9636e-01 epsV=1.4506e+00 epsZ=8.4335e-01 
New pars ( 296): DC=7.3590e+00 r1=1.0391e+02 r2=7.8956e+02 p=4.9636e-01 epsV=1.4506e+00 epsZ=8.4335e-01 
New pars ( 297): DC=7.3590e+00 r1=1.0391e+02 r2=7.8957e+02 p=4.9636e-01 epsV=1.4506e+00 epsZ=8.4335e-01 
New pars ( 298): DC=7.3590e+00 r1=1.0391e+02 r2=7.8956e+02 p=4.9637e-01 epsV=1.4506e+00 epsZ=8.4335e-01 
New pars ( 299): DC=7.3592e+00 r1=1.0391e+02 r2=7.8956e+02 p=4.9636e-01 epsV=1.4506e+00 epsZ=8.4341e-01 
New pars ( 300): DC=7.3590e+00 r1=1.0391e+02 r2=7.8956e+02 p=4.9636e-01 epsV=1.4506e+00 epsZ=8.4341e-01 
New pars ( 301): DC=7.3590e+00 r1=1.0391e+02 r2=7.8957e+02 p=4.9636e-01 epsV=1.4506e+00 epsZ=8.4341e-01 
New pars ( 302): DC=7.3590e+00 r1=1.0391e+02 r2=7.8956e+02 p=4.9637e-01 epsV=1.4506e+00 epsZ=8.4341e-01 
New pars ( 303): DC=7.3590e+00 r1=1.0391e+02 r2=7.8956e+02 p=4.9636e-01 epsV=1.4506e+00 epsZ=8.4341e-01 
New pars ( 304): DC=7.3590e+00 r1=1.0391e+02 r2=7.8958e+02 p=4.9635e-01 epsV=1.4506e+00 epsZ=8.4329e-01 
New pars ( 305): DC=7.3590e+00 r1=1.0391e+02 r2=7.8956e+02 p=4.9636e-01 epsV=1.4506e+00 epsZ=8.4334e-01 
New pars ( 306): DC=7.3590e+00 r1=1.0391e+02 r2=7.8956e+02 p=4.9636e-01 epsV=1.4506e+00 epsZ=8.4335e-01 
New pars ( 307): DC=7.3590e+00 r1=1.0391e+02 r2=7.8956e+02 p=4.9636e-01 epsV=1.4506e+00 epsZ=8.4335e-01 
New pars ( 308): DC=7.3590e+00 r1=1.0391e+02 r2=7.8956e+02 p=4.9636e-01 epsV=1.4506e+00 epsZ=8.4335e-01 
New pars ( 309): DC=7.3590e+00 r1=1.0391e+02 r2=7.8956e+02 p=4.9636e-01 epsV=1.4506e+00 epsZ=8.4335e-01 
New pars ( 310): DC=7.3635e+00 r1=1.0391e+02 r2=7.8956e+02 p=4.9636e-01 epsV=1.4506e+00 epsZ=8.4335e-01 
New pars ( 311): DC=7.3545e+00 r1=1.0391e+02 r2=7.8956e+02 p=4.9636e-01 epsV=1.4506e+00 epsZ=8.4335e-01 
New pars ( 312): DC=7.3661e+00 r1=1.0391e+02 r2=7.8956e+02 p=4.9636e-01 epsV=1.4506e+00 epsZ=8.4335e-01 
New pars ( 313): DC=7.3519e+00 r1=1.0391e+02 r2=7.8956e+02 p=4.9636e-01 epsV=1.4506e+00 epsZ=8.4335e-01 
New pars ( 314): DC=7.3590e+00 r1=1.0391e+02 r2=7.8956e+02 p=4.9636e-01 epsV=1.4506e+00 epsZ=8.4335e-01 
New pars ( 315): DC=7.3590e+00 r1=1.0391e+02 r2=7.8956e+02 p=4.9636e-01 epsV=1.4506e+00 epsZ=8.4335e-01 
New pars ( 316): DC=7.3590e+00 r1=1.0397e+02 r2=7.8956e+02 p=4.9636e-01 epsV=1.4506e+00 epsZ=8.4335e-01 
New pars ( 317): DC=7.3590e+00 r1=1.0384e+02 r2=7.8956e+02 p=4.9636e-01 epsV=1.4506e+00 epsZ=8.4335e-01 
New pars ( 318): DC=7.3590e+00 r1=1.0404e+02 r2=7.8956e+02 p=4.9636e-01 epsV=1.4506e+00 epsZ=8.4335e-01 
New pars ( 319): DC=7.3590e+00 r1=1.0378e+02 r2=7.8956e+02 p=4.9636e-01 epsV=1.4506e+00 epsZ=8.4335e-01 
New pars ( 320): DC=7.3590e+00 r1=1.0391e+02 r2=7.8956e+02 p=4.9636e-01 epsV=1.4506e+00 epsZ=8.4335e-01 
New pars ( 321): DC=7.3590e+00 r1=1.0391e+02 r2=7.8956e+02 p=4.9636e-01 epsV=1.4506e+00 epsZ=8.4335e-01 
New pars ( 322): DC=7.3590e+00 r1=1.0391e+02 r2=7.8966e+02 p=4.9636e-01 epsV=1.4506e+00 epsZ=8.4335e-01 
New pars ( 323): DC=7.3590e+00 r1=1.0391e+02 r2=7.8947e+02 p=4.9636e-01 epsV=1.4506e+00 epsZ=8.4335e-01 
New pars ( 324): DC=7.3590e+00 r1=1.0391e+02 r2=7.8981e+02 p=4.9636e-01 epsV=1.4506e+00 epsZ=8.4335e-01 
New pars ( 325): DC=7.3590e+00 r1=1.0391e+02 r2=7.8931e+02 p=4.9636e-01 epsV=1.4506e+00 epsZ=8.4335e-01 
New pars ( 326): DC=7.3590e+00 r1=1.0391e+02 r2=7.8956e+02 p=4.9636e-01 epsV=1.4506e+00 epsZ=8.4335e-01 
New pars ( 327): DC=7.3590e+00 r1=1.0391e+02 r2=7.8956e+02 p=4.9636e-01 epsV=1.4506e+00 epsZ=8.4335e-01 
New pars ( 328): DC=7.3590e+00 r1=1.0391e+02 r2=7.8956e+02 p=4.9649e-01 epsV=1.4506e+00 epsZ=8.4335e-01 
New pars ( 329): DC=7.3590e+00 r1=1.0391e+02 r2=7.8956e+02 p=4.9623e-01 epsV=1.4506e+00 epsZ=8.4335e-01 
New pars ( 330): DC=7.3590e+00 r1=1.0391e+02 r2=7.8956e+02 p=4.9676e-01 epsV=1.4506e+00 epsZ=8.4335e-01 
New pars ( 331): DC=7.3590e+00 r1=1.0391e+02 r2=7.8956e+02 p=4.9596e-01 epsV=1.4506e+00 epsZ=8.4335e-01 
New pars ( 332): DC=7.3590e+00 r1=1.0391e+02 r2=7.8956e+02 p=4.9636e-01 epsV=1.4506e+00 epsZ=8.4335e-01 
New pars ( 333): DC=7.3592e+00 r1=1.0391e+02 r2=7.8956e+02 p=4.9636e-01 epsV=1.4506e+00 epsZ=8.4335e-01 
New pars ( 334): DC=7.3588e+00 r1=1.0391e+02 r2=7.8956e+02 p=4.9636e-01 epsV=1.4506e+00 epsZ=8.4335e-01 
New pars ( 335): DC=7.3590e+00 r1=1.0391e+02 r2=7.8956e+02 p=4.9636e-01 epsV=1.4506e+00 epsZ=8.4335e-01 
New pars ( 336): DC=7.3590e+00 r1=1.0391e+02 r2=7.8956e+02 p=4.9636e-01 epsV=1.4506e+00 epsZ=8.4335e-01 
New pars ( 337): DC=7.3590e+00 r1=1.0391e+02 r2=7.8956e+02 p=4.9636e-01 epsV=1.4506e+00 epsZ=8.4335e-01 
New pars ( 338): DC=7.3590e+00 r1=1.0391e+02 r2=7.8956e+02 p=4.9636e-01 epsV=1.4506e+00 epsZ=8.4335e-01 
New pars ( 339): DC=7.3590e+00 r1=1.0391e+02 r2=7.8956e+02 p=4.9636e-01 epsV=1.4506e+00 epsZ=8.4335e-01 
New pars ( 340): DC=7.3590e+00 r1=1.0391e+02 r2=7.8956e+02 p=4.9636e-01 epsV=1.4506e+00 epsZ=8.4335e-01 
New pars ( 341): DC=7.3590e+00 r1=1.0391e+02 r2=7.8957e+02 p=4.9636e-01 epsV=1.4506e+00 epsZ=8.4335e-01 
New pars ( 342): DC=7.3590e+00 r1=1.0391e+02 r2=7.8956e+02 p=4.9636e-01 epsV=1.4506e+00 epsZ=8.4335e-01 
New pars ( 343): DC=7.3590e+00 r1=1.0391e+02 r2=7.8956e+02 p=4.9636e-01 epsV=1.4506e+00 epsZ=8.4335e-01 
New pars ( 344): DC=7.3590e+00 r1=1.0391e+02 r2=7.8956e+02 p=4.9636e-01 epsV=1.4506e+00 epsZ=8.4335e-01 
New pars ( 345): DC=7.3590e+00 r1=1.0391e+02 r2=7.8956e+02 p=4.9637e-01 epsV=1.4506e+00 epsZ=8.4335e-01 
New pars ( 346): DC=7.3590e+00 r1=1.0391e+02 r2=7.8956e+02 p=4.9635e-01 epsV=1.4506e+00 epsZ=8.4335e-01 
New pars ( 347): DC=7.3590e+00 r1=1.0391e+02 r2=7.8956e+02 p=4.9636e-01 epsV=1.4506e+00 epsZ=8.4335e-01 
New pars ( 348): DC=7.3590e+00 r1=1.0391e+02 r2=7.8956e+02 p=4.9636e-01 epsV=1.4506e+00 epsZ=8.4335e-01 
New pars ( 349): DC=7.3590e+00 r1=1.0391e+02 r2=7.8956e+02 p=4.9636e-01 epsV=1.4506e+00 epsZ=8.4335e-01 
New pars ( 350): DC=7.3661e+00 r1=1.0404e+02 r2=7.8956e+02 p=4.9636e-01 epsV=1.4506e+00 epsZ=8.4335e-01 
New pars ( 351): DC=7.3661e+00 r1=1.0391e+02 r2=7.8981e+02 p=4.9636e-01 epsV=1.4506e+00 epsZ=8.4335e-01 
New pars ( 352): DC=7.3590e+00 r1=1.0404e+02 r2=7.8981e+02 p=4.9636e-01 epsV=1.4506e+00 epsZ=8.4335e-01 
New pars ( 353): DC=7.3661e+00 r1=1.0391e+02 r2=7.8956e+02 p=4.9676e-01 epsV=1.4506e+00 epsZ=8.4335e-01 
New pars ( 354): DC=7.3590e+00 r1=1.0404e+02 r2=7.8956e+02 p=4.9676e-01 epsV=1.4506e+00 epsZ=8.4335e-01 
New pars ( 355): DC=7.3590e+00 r1=1.0391e+02 r2=7.8981e+02 p=4.9676e-01 epsV=1.4506e+00 epsZ=8.4335e-01 
New pars ( 356): DC=7.3661e+00 r1=1.0391e+02 r2=7.8956e+02 p=4.9636e-01 epsV=1.4515e+00 epsZ=8.4335e-01 
New pars ( 357): DC=7.3590e+00 r1=1.0404e+02 r2=7.8956e+02 p=4.9636e-01 epsV=1.4515e+00 epsZ=8.4335e-01 
New pars ( 358): DC=7.3590e+00 r1=1.0391e+02 r2=7.8981e+02 p=4.9636e-01 epsV=1.4515e+00 epsZ=8.4335e-01 
New pars ( 359): DC=7.3590e+00 r1=1.0391e+02 r2=7.8956e+02 p=4.9676e-01 epsV=1.4515e+00 epsZ=8.4335e-01 
New pars ( 360): DC=7.3661e+00 r1=1.0391e+02 r2=7.8956e+02 p=4.9636e-01 epsV=1.4506e+00 epsZ=8.4562e-01 
New pars ( 361): DC=7.3590e+00 r1=1.0404e+02 r2=7.8956e+02 p=4.9636e-01 epsV=1.4506e+00 epsZ=8.4562e-01 
New pars ( 362): DC=7.3590e+00 r1=1.0391e+02 r2=7.8981e+02 p=4.9636e-01 epsV=1.4506e+00 epsZ=8.4562e-01 
New pars ( 363): DC=7.3590e+00 r1=1.0391e+02 r2=7.8956e+02 p=4.9676e-01 epsV=1.4506e+00 epsZ=8.4562e-01 
New pars ( 364): DC=7.3590e+00 r1=1.0391e+02 r2=7.8956e+02 p=4.9636e-01 epsV=1.4515e+00 epsZ=8.4562e-01 

Fitting done in 840000 clicks (0.840000 seconds).
Fit status = 4
Cov status = 2

****************************************
         Invalid FitResult  (status = 4 )
****************************************
Minimizer is Minuit / MigradImproved
Chi2                      =      984.196
NDf                       =          978
Edm                       =  3.06003e-05
NCalls                    =          456
# Cyc's                   =          525                      	 (fixed)
Bin width                 =          250                      	 (fixed)
DC rate                   =        7.359   +/-   0.0237677   
Rate 1                    =      103.908   +/-   1.18545     
Rate 2                    =      789.563   +/-   5.65192     
Rate 3                    =            0                      	 (fixed)
Capt eff                  =      0.49636   +/-   0.00371497  
Capt ret                  =            1                      	 (fixed)
T eff                     =         0.13                      	 (fixed)
U eff                     =        0.035                      	 (fixed)
V eff                     =      1.45061   +/-   0.0205438   
W eff                     =            0                      	 (fixed)
X eff                     =            1                      	 (fixed)
Y eff                     =            0                      	 (fixed)
Z eff                     =     0.843348   +/-   0.0316835   
T1 loss                   =            0                      	 (fixed)
T2 loss                   =         0.03                      	 (fixed)
T3 loss                   =            0                      	 (fixed)
U1 loss                   =      7.3e-08                      	 (fixed)
U2 loss                   =      7.3e-08                      	 (fixed)
U3 loss                   =        10000                      	 (fixed)

Integrals computed in 360000 clicks (0.360000 seconds).
Errors computed in 950000 clicks (0.950000 seconds).

~~~~~~~~~~~~~~~~~~~~~~~~~~~~~~~~~~~~~~~~~~~~~~~~~~~~~~~~~~~~~~~~~~~~~
NUMBER OF BETAS DETECTED, by population:
~~~~~~~~~~~~~~~~~~~~~~~~~~~~~~~~~~~~~~~~~~~~~~~~~~~~~~~~~~~~~~~~~~~~~
T1 integral = 509668.1 +/- 0.0
U1 integral = 209763.9 +/- 0.0
T2 integral = 1699400.5 +/- 0.0
U2 integral = 2136088.6 +/- 0.0
T3 integral = 0.0 +/- 0.0
U3 integral = 0.1 +/- 0.0
DC integral = 950415.2 +/- 0.0
~~~~~~~~~~~~~~~~~~~~~~~~~~~~~~~~~~~~~~~~~~~~~~~~~~~~~~~~~~~~~~~~~~~~~
Sum of above = 5505336.3 +/- 0.0 <-- no cov in unc
All integral = 5505346.5 +/- 0.0
~~~~~~~~~~~~~~~~~~~~~~~~~~~~~~~~~~~~~~~~~~~~~~~~~~~~~~~~~~~~~~~~~~~~~


BFit2 done. Timer = 3.44 sec.
Elapsed time = 3.38 sec.

