Timestamp = Sun Apr  5 17:56:12 2015

Importing metadata from CSV files...
Imported 68 BDN cases
Imported 48 BFit cases
Performing BFit with BDN case 137i07 and BFit case 137i07_8

BFit started. Timer = 0.07 sec.

~~~~~~~~~~~~~~~~~~~~~~~~~~~~~~~~~~~~~~~~~~~~~~~~~~~~~~~~~~~~~~~~~~~~~
BETA SINGLES MODEL
~~~~~~~~~~~~~~~~~~~~~~~~~~~~~~~~~~~~~~~~~~~~~~~~~~~~~~~~~~~~~~~~~~~~~
Case: 137i07
File: /music/bpt1/bpt/bdn/shane/137i/rootfiles/137i07.root
Histogram: h_betas_vs_cycle_time
Total cycle time	=    246.000 s
Background time		=    101.000 s
Capture cycle time	=      6.000 s
Last capture time	=      1.000 s
137-Te halflife		=      2.490 s  (lifetime      3.592 s)
137-I halflife		=     24.500 s  (lifetime     35.346 s)
137-Xe halflife		=    229.080 s  (lifetime    330.493 s)
~~~~~~~~~~~~~~~~~~~~~~~~~~~~~~~~~~~~~~~~~~~~~~~~~~~~~~~~~~~~~~~~~~~~~
HISTOGRAM REBINNED
   Number of hist bins = 984
   Number of fn points = 246000
   Number of pts/bin   = 250
~~~~~~~~~~~~~~~~~~~~~~~~~~~~~~~~~~~~~~~~~~~~~~~~~~~~~~~~~~~~~~~~~~~~~
Doing fit with option string: QROMES
~~~~~~~~~~~~~~~~~~~~~~~~~~~~~~~~~~~~~~~~~~~~~~~~~~~~~~~~~~~~~~~~~~~~~
PARAMETER SEED VALUES
~~~~~~~~~~~~~~~~~~~~~~~~~~~~~~~~~~~~~~~~~~~~~~~~~~~~~~~~~~~~~~~~~~~~~
      Par name  Varying?	Par init val and step
~~~~~~~~~~~~~~~~~~~~~~~~~~~~~~~~~~~~~~~~~~~~~~~~~~~~~~~~~~~~~~~~~~~~~
       # Cyc's         0	525 +/- 0.01
     Bin width         0	250 +/- 0.01
       DC rate         1	6.8 +/- 0.001
        Rate 1         1	120 +/- 0.0005
        Rate 2         1	850 +/- 0.0005
        Rate 3         0	0 +/- 0.0005
      Capt eff         1	0.65 +/- 0.02
      Capt ret         0	1 +/- 0.01
         T eff         0	0.13 +/- 0.01
         U eff         0	0.035 +/- 0.001
         V eff         1	1.5 +/- 0.001
         W eff         0	0 +/- 0.001
         X eff         0	1 +/- 0.001
         Y eff         0	0 +/- 0.001
         Z eff         1	0.8 +/- 0.001
       T1 loss         0	0 +/- 0.005
       T2 loss         0	0.025 +/- 0.005
       T3 loss         0	0 +/- 0.005
       U1 loss         0	2e-10 +/- 0.005
       U2 loss         0	2e-10 +/- 0.005
       U3 loss         0	10000 +/- 0.01
~~~~~~~~~~~~~~~~~~~~~~~~~~~~~~~~~~~~~~~~~~~~~~~~~~~~~~~~~~~~~~~~~~~~~

Ini pars (   0): DC=6.8000e+00 r1=1.2000e+02 r2=8.5000e+02 p=6.5000e-01 epsV=1.5000e+00 epsZ=8.0000e-01 
New pars (   1): DC=6.8002e+00 r1=1.2000e+02 r2=8.5000e+02 p=6.5000e-01 epsV=1.5000e+00 epsZ=8.0000e-01 
New pars (   2): DC=6.7998e+00 r1=1.2000e+02 r2=8.5000e+02 p=6.5000e-01 epsV=1.5000e+00 epsZ=8.0000e-01 
New pars (   3): DC=6.8008e+00 r1=1.2000e+02 r2=8.5000e+02 p=6.5000e-01 epsV=1.5000e+00 epsZ=8.0000e-01 
New pars (   4): DC=6.7992e+00 r1=1.2000e+02 r2=8.5000e+02 p=6.5000e-01 epsV=1.5000e+00 epsZ=8.0000e-01 
New pars (   5): DC=6.8000e+00 r1=1.2000e+02 r2=8.5000e+02 p=6.5000e-01 epsV=1.5000e+00 epsZ=8.0000e-01 
New pars (   6): DC=6.8000e+00 r1=1.2000e+02 r2=8.5000e+02 p=6.5000e-01 epsV=1.5000e+00 epsZ=8.0000e-01 
New pars (   7): DC=6.8000e+00 r1=1.2000e+02 r2=8.5000e+02 p=6.5000e-01 epsV=1.5000e+00 epsZ=8.0000e-01 
New pars (   8): DC=6.8000e+00 r1=1.2000e+02 r2=8.5000e+02 p=6.5000e-01 epsV=1.5000e+00 epsZ=8.0000e-01 
New pars (   9): DC=6.8000e+00 r1=1.2000e+02 r2=8.5000e+02 p=6.5000e-01 epsV=1.5000e+00 epsZ=8.0000e-01 
New pars (  10): DC=6.8000e+00 r1=1.2000e+02 r2=8.5000e+02 p=6.5000e-01 epsV=1.5000e+00 epsZ=8.0000e-01 
New pars (  11): DC=6.8000e+00 r1=1.2000e+02 r2=8.5000e+02 p=6.5000e-01 epsV=1.5000e+00 epsZ=8.0000e-01 
New pars (  12): DC=6.8000e+00 r1=1.2000e+02 r2=8.5000e+02 p=6.5000e-01 epsV=1.5000e+00 epsZ=8.0000e-01 
New pars (  13): DC=6.8000e+00 r1=1.2000e+02 r2=8.5000e+02 p=6.5409e-01 epsV=1.5000e+00 epsZ=8.0000e-01 
New pars (  14): DC=6.8000e+00 r1=1.2000e+02 r2=8.5000e+02 p=6.4591e-01 epsV=1.5000e+00 epsZ=8.0000e-01 
New pars (  15): DC=6.8000e+00 r1=1.2000e+02 r2=8.5000e+02 p=6.5041e-01 epsV=1.5000e+00 epsZ=8.0000e-01 
New pars (  16): DC=6.8000e+00 r1=1.2000e+02 r2=8.5000e+02 p=6.4959e-01 epsV=1.5000e+00 epsZ=8.0000e-01 
New pars (  17): DC=6.8000e+00 r1=1.2000e+02 r2=8.5000e+02 p=6.5000e-01 epsV=1.5002e+00 epsZ=8.0000e-01 
New pars (  18): DC=6.7992e+00 r1=1.2000e+02 r2=8.5000e+02 p=6.5000e-01 epsV=1.5000e+00 epsZ=8.0000e-01 
New pars (  19): DC=6.7961e+00 r1=1.2000e+02 r2=8.5000e+02 p=6.5000e-01 epsV=1.5000e+00 epsZ=8.0000e-01 
New pars (  20): DC=6.7884e+00 r1=1.2000e+02 r2=8.5000e+02 p=6.5000e-01 epsV=1.5000e+00 epsZ=8.0000e-01 
New pars (  21): DC=6.7653e+00 r1=1.2000e+02 r2=8.5000e+02 p=6.5000e-01 epsV=1.5000e+00 epsZ=8.0000e-01 
New pars (  22): DC=6.6959e+00 r1=1.2000e+02 r2=8.5000e+02 p=6.5000e-01 epsV=1.5000e+00 epsZ=8.0000e-01 
New pars (  23): DC=6.4878e+00 r1=1.2000e+02 r2=8.5000e+02 p=6.5000e-01 epsV=1.5000e+00 epsZ=8.0000e-01 
New pars (  24): DC=6.0292e+00 r1=1.2000e+02 r2=8.5000e+02 p=6.5000e-01 epsV=1.5000e+00 epsZ=8.0000e-01 
New pars (  25): DC=6.0315e+00 r1=1.2000e+02 r2=8.5000e+02 p=6.5000e-01 epsV=1.5000e+00 epsZ=8.0000e-01 
New pars (  26): DC=6.0270e+00 r1=1.2000e+02 r2=8.5000e+02 p=6.5000e-01 epsV=1.5000e+00 epsZ=8.0000e-01 
New pars (  27): DC=6.0292e+00 r1=1.2000e+02 r2=8.5000e+02 p=6.5000e-01 epsV=1.5000e+00 epsZ=8.0000e-01 
New pars (  28): DC=6.0292e+00 r1=1.2000e+02 r2=8.5000e+02 p=6.5000e-01 epsV=1.5000e+00 epsZ=8.0000e-01 
New pars (  29): DC=6.0292e+00 r1=1.2000e+02 r2=8.5000e+02 p=6.5000e-01 epsV=1.5000e+00 epsZ=8.0000e-01 
New pars (  30): DC=6.0292e+00 r1=1.2000e+02 r2=8.5000e+02 p=6.5000e-01 epsV=1.5000e+00 epsZ=8.0000e-01 
New pars (  31): DC=6.0292e+00 r1=1.2000e+02 r2=8.5000e+02 p=6.5000e-01 epsV=1.5000e+00 epsZ=8.0000e-01 
New pars (  32): DC=6.0292e+00 r1=1.2000e+02 r2=8.5000e+02 p=6.5000e-01 epsV=1.5000e+00 epsZ=8.0000e-01 
New pars (  33): DC=6.0292e+00 r1=1.2000e+02 r2=8.5000e+02 p=6.5000e-01 epsV=1.5000e+00 epsZ=8.0000e-01 
New pars (  34): DC=6.0292e+00 r1=1.2000e+02 r2=8.5000e+02 p=6.5000e-01 epsV=1.5000e+00 epsZ=8.0000e-01 
New pars (  35): DC=6.0292e+00 r1=1.2000e+02 r2=8.5000e+02 p=6.5015e-01 epsV=1.5000e+00 epsZ=8.0000e-01 
New pars (  36): DC=6.0292e+00 r1=1.2000e+02 r2=8.5000e+02 p=6.4985e-01 epsV=1.5000e+00 epsZ=8.0000e-01 
New pars (  37): DC=6.0292e+00 r1=1.2000e+02 r2=8.5000e+02 p=6.5000e-01 epsV=1.5002e+00 epsZ=8.0000e-01 
New pars (  38): DC=6.0292e+00 r1=1.2000e+02 r2=8.5000e+02 p=6.5000e-01 epsV=1.5000e+00 epsZ=8.0000e-01 
New pars (  39): DC=6.0292e+00 r1=1.2000e+02 r2=8.5000e+02 p=6.5000e-01 epsV=1.5000e+00 epsZ=8.0000e-01 
New pars (  40): DC=6.0292e+00 r1=1.1999e+02 r2=8.5000e+02 p=6.5000e-01 epsV=1.5000e+00 epsZ=8.0000e-01 
New pars (  41): DC=6.0292e+00 r1=1.1996e+02 r2=8.5000e+02 p=6.5000e-01 epsV=1.5000e+00 epsZ=8.0000e-01 
New pars (  42): DC=6.0292e+00 r1=1.1988e+02 r2=8.5000e+02 p=6.5000e-01 epsV=1.5000e+00 epsZ=8.0000e-01 
New pars (  43): DC=6.0292e+00 r1=1.1965e+02 r2=8.5000e+02 p=6.5000e-01 epsV=1.5000e+00 epsZ=8.0000e-01 
New pars (  44): DC=6.0292e+00 r1=1.1914e+02 r2=8.5000e+02 p=6.5000e-01 epsV=1.5000e+00 epsZ=8.0000e-01 
New pars (  45): DC=6.0322e+00 r1=1.1914e+02 r2=8.5000e+02 p=6.5000e-01 epsV=1.5000e+00 epsZ=8.0000e-01 
New pars (  46): DC=6.0263e+00 r1=1.1914e+02 r2=8.5000e+02 p=6.5000e-01 epsV=1.5000e+00 epsZ=8.0000e-01 
New pars (  47): DC=6.0292e+00 r1=1.1914e+02 r2=8.5000e+02 p=6.5000e-01 epsV=1.5000e+00 epsZ=8.0000e-01 
New pars (  48): DC=6.0292e+00 r1=1.1914e+02 r2=8.5000e+02 p=6.5000e-01 epsV=1.5000e+00 epsZ=8.0000e-01 
New pars (  49): DC=6.0292e+00 r1=1.1914e+02 r2=8.5000e+02 p=6.5000e-01 epsV=1.5000e+00 epsZ=8.0000e-01 
New pars (  50): DC=6.0292e+00 r1=1.1914e+02 r2=8.5000e+02 p=6.5000e-01 epsV=1.5000e+00 epsZ=8.0000e-01 
New pars (  51): DC=6.0292e+00 r1=1.1914e+02 r2=8.5000e+02 p=6.5018e-01 epsV=1.5000e+00 epsZ=8.0000e-01 
New pars (  52): DC=6.0292e+00 r1=1.1914e+02 r2=8.5000e+02 p=6.4982e-01 epsV=1.5000e+00 epsZ=8.0000e-01 
New pars (  53): DC=6.0292e+00 r1=1.1914e+02 r2=8.5000e+02 p=6.5000e-01 epsV=1.5007e+00 epsZ=8.0000e-01 
New pars (  54): DC=6.0292e+00 r1=1.1914e+02 r2=8.5000e+02 p=6.5000e-01 epsV=1.5000e+00 epsZ=8.0000e-01 
New pars (  55): DC=6.0292e+00 r1=1.1913e+02 r2=8.5000e+02 p=6.5000e-01 epsV=1.5000e+00 epsZ=8.0000e-01 
New pars (  56): DC=6.0292e+00 r1=1.1911e+02 r2=8.5000e+02 p=6.5000e-01 epsV=1.5000e+00 epsZ=8.0000e-01 
New pars (  57): DC=6.0292e+00 r1=1.1906e+02 r2=8.5000e+02 p=6.5000e-01 epsV=1.5000e+00 epsZ=8.0000e-01 
New pars (  58): DC=6.0292e+00 r1=1.1889e+02 r2=8.5000e+02 p=6.5000e-01 epsV=1.5000e+00 epsZ=8.0000e-01 
New pars (  59): DC=6.0292e+00 r1=1.1837e+02 r2=8.5000e+02 p=6.5000e-01 epsV=1.5000e+00 epsZ=8.0000e-01 
New pars (  60): DC=6.0292e+00 r1=1.1724e+02 r2=8.5000e+02 p=6.5000e-01 epsV=1.5000e+00 epsZ=8.0000e-01 
New pars (  61): DC=6.0321e+00 r1=1.1724e+02 r2=8.5000e+02 p=6.5000e-01 epsV=1.5000e+00 epsZ=8.0000e-01 
New pars (  62): DC=6.0264e+00 r1=1.1724e+02 r2=8.5000e+02 p=6.5000e-01 epsV=1.5000e+00 epsZ=8.0000e-01 
New pars (  63): DC=6.0292e+00 r1=1.1725e+02 r2=8.5000e+02 p=6.5000e-01 epsV=1.5000e+00 epsZ=8.0000e-01 
New pars (  64): DC=6.0292e+00 r1=1.1724e+02 r2=8.5000e+02 p=6.5000e-01 epsV=1.5000e+00 epsZ=8.0000e-01 
New pars (  65): DC=6.0292e+00 r1=1.1724e+02 r2=8.5001e+02 p=6.5000e-01 epsV=1.5000e+00 epsZ=8.0000e-01 
New pars (  66): DC=6.0292e+00 r1=1.1724e+02 r2=8.4999e+02 p=6.5000e-01 epsV=1.5000e+00 epsZ=8.0000e-01 
New pars (  67): DC=6.0292e+00 r1=1.1724e+02 r2=8.5000e+02 p=6.5015e-01 epsV=1.5000e+00 epsZ=8.0000e-01 
New pars (  68): DC=6.0292e+00 r1=1.1724e+02 r2=8.5000e+02 p=6.4985e-01 epsV=1.5000e+00 epsZ=8.0000e-01 
New pars (  69): DC=6.0292e+00 r1=1.1724e+02 r2=8.5000e+02 p=6.5000e-01 epsV=1.5005e+00 epsZ=8.0000e-01 
New pars (  70): DC=6.0292e+00 r1=1.1724e+02 r2=8.5000e+02 p=6.5000e-01 epsV=1.5000e+00 epsZ=8.0000e-01 
New pars (  71): DC=6.0292e+00 r1=1.1722e+02 r2=8.5000e+02 p=6.5000e-01 epsV=1.5000e+00 epsZ=8.0000e-01 
New pars (  72): DC=6.0292e+00 r1=1.1716e+02 r2=8.5000e+02 p=6.5000e-01 epsV=1.5000e+00 epsZ=8.0000e-01 
New pars (  73): DC=6.0292e+00 r1=1.1700e+02 r2=8.5000e+02 p=6.5000e-01 epsV=1.5000e+00 epsZ=8.0000e-01 
New pars (  74): DC=6.0292e+00 r1=1.1653e+02 r2=8.5000e+02 p=6.5000e-01 epsV=1.5000e+00 epsZ=8.0000e-01 
New pars (  75): DC=6.0292e+00 r1=1.1511e+02 r2=8.5000e+02 p=6.5000e-01 epsV=1.5000e+00 epsZ=8.0000e-01 
New pars (  76): DC=6.0292e+00 r1=1.1197e+02 r2=8.5000e+02 p=6.5000e-01 epsV=1.5000e+00 epsZ=8.0000e-01 
New pars (  77): DC=6.0319e+00 r1=1.1197e+02 r2=8.5000e+02 p=6.5000e-01 epsV=1.5000e+00 epsZ=8.0000e-01 
New pars (  78): DC=6.0265e+00 r1=1.1197e+02 r2=8.5000e+02 p=6.5000e-01 epsV=1.5000e+00 epsZ=8.0000e-01 
New pars (  79): DC=6.0292e+00 r1=1.1198e+02 r2=8.5000e+02 p=6.5000e-01 epsV=1.5000e+00 epsZ=8.0000e-01 
New pars (  80): DC=6.0292e+00 r1=1.1195e+02 r2=8.5000e+02 p=6.5000e-01 epsV=1.5000e+00 epsZ=8.0000e-01 
New pars (  81): DC=6.0292e+00 r1=1.1212e+02 r2=8.5000e+02 p=6.5000e-01 epsV=1.5000e+00 epsZ=8.0000e-01 
New pars (  82): DC=6.0292e+00 r1=1.1182e+02 r2=8.5000e+02 p=6.5000e-01 epsV=1.5000e+00 epsZ=8.0000e-01 
New pars (  83): DC=6.0292e+00 r1=1.1197e+02 r2=8.5001e+02 p=6.5000e-01 epsV=1.5000e+00 epsZ=8.0000e-01 
New pars (  84): DC=6.0292e+00 r1=1.1197e+02 r2=8.4999e+02 p=6.5000e-01 epsV=1.5000e+00 epsZ=8.0000e-01 
New pars (  85): DC=6.0292e+00 r1=1.1197e+02 r2=8.5002e+02 p=6.5000e-01 epsV=1.5000e+00 epsZ=8.0000e-01 
New pars (  86): DC=6.0292e+00 r1=1.1197e+02 r2=8.4998e+02 p=6.5000e-01 epsV=1.5000e+00 epsZ=8.0000e-01 
New pars (  87): DC=6.0292e+00 r1=1.1197e+02 r2=8.5000e+02 p=6.5015e-01 epsV=1.5000e+00 epsZ=8.0000e-01 
New pars (  88): DC=6.0292e+00 r1=1.1197e+02 r2=8.5000e+02 p=6.4985e-01 epsV=1.5000e+00 epsZ=8.0000e-01 
New pars (  89): DC=6.0292e+00 r1=1.1197e+02 r2=8.5000e+02 p=6.5000e-01 epsV=1.5005e+00 epsZ=8.0000e-01 
New pars (  90): DC=6.0292e+00 r1=1.1197e+02 r2=8.4998e+02 p=6.5000e-01 epsV=1.5000e+00 epsZ=8.0000e-01 
New pars (  91): DC=6.0292e+00 r1=1.1197e+02 r2=8.4988e+02 p=6.5000e-01 epsV=1.5000e+00 epsZ=8.0000e-01 
New pars (  92): DC=6.0292e+00 r1=1.1197e+02 r2=8.4965e+02 p=6.5000e-01 epsV=1.5000e+00 epsZ=8.0000e-01 
New pars (  93): DC=6.0292e+00 r1=1.1197e+02 r2=8.4895e+02 p=6.5000e-01 epsV=1.5000e+00 epsZ=8.0000e-01 
New pars (  94): DC=6.0292e+00 r1=1.1197e+02 r2=8.4684e+02 p=6.5000e-01 epsV=1.5000e+00 epsZ=8.0000e-01 
New pars (  95): DC=6.0292e+00 r1=1.1197e+02 r2=8.4053e+02 p=6.5000e-01 epsV=1.5000e+00 epsZ=8.0000e-01 
New pars (  96): DC=6.0292e+00 r1=1.1197e+02 r2=8.2661e+02 p=6.5000e-01 epsV=1.5000e+00 epsZ=8.0000e-01 
New pars (  97): DC=6.0316e+00 r1=1.1197e+02 r2=8.2661e+02 p=6.5000e-01 epsV=1.5000e+00 epsZ=8.0000e-01 
New pars (  98): DC=6.0268e+00 r1=1.1197e+02 r2=8.2661e+02 p=6.5000e-01 epsV=1.5000e+00 epsZ=8.0000e-01 
New pars (  99): DC=6.0292e+00 r1=1.1201e+02 r2=8.2661e+02 p=6.5000e-01 epsV=1.5000e+00 epsZ=8.0000e-01 
New pars ( 100): DC=6.0292e+00 r1=1.1193e+02 r2=8.2661e+02 p=6.5000e-01 epsV=1.5000e+00 epsZ=8.0000e-01 
New pars ( 101): DC=6.0292e+00 r1=1.1197e+02 r2=8.2665e+02 p=6.5000e-01 epsV=1.5000e+00 epsZ=8.0000e-01 
New pars ( 102): DC=6.0292e+00 r1=1.1197e+02 r2=8.2656e+02 p=6.5000e-01 epsV=1.5000e+00 epsZ=8.0000e-01 
New pars ( 103): DC=6.0292e+00 r1=1.1197e+02 r2=8.2671e+02 p=6.5000e-01 epsV=1.5000e+00 epsZ=8.0000e-01 
New pars ( 104): DC=6.0292e+00 r1=1.1197e+02 r2=8.2650e+02 p=6.5000e-01 epsV=1.5000e+00 epsZ=8.0000e-01 
New pars ( 105): DC=6.0292e+00 r1=1.1197e+02 r2=8.2661e+02 p=6.5014e-01 epsV=1.5000e+00 epsZ=8.0000e-01 
New pars ( 106): DC=6.0292e+00 r1=1.1197e+02 r2=8.2661e+02 p=6.4986e-01 epsV=1.5000e+00 epsZ=8.0000e-01 
New pars ( 107): DC=6.0292e+00 r1=1.1197e+02 r2=8.2661e+02 p=6.5000e-01 epsV=1.5005e+00 epsZ=8.0000e-01 
New pars ( 108): DC=5.4973e+00 r1=4.2579e+01 r2=6.9054e+02 p=3.6240e-01 epsV=8.9725e-01 epsZ=9.6690e-02 
New pars ( 109): DC=5.8990e+00 r1=9.4979e+01 r2=7.9329e+02 p=5.7959e-01 epsV=1.3524e+00 epsZ=6.2782e-01 
New pars ( 110): DC=5.9003e+00 r1=9.4979e+01 r2=7.9329e+02 p=5.7959e-01 epsV=1.3524e+00 epsZ=6.2782e-01 
New pars ( 111): DC=5.8977e+00 r1=9.4979e+01 r2=7.9329e+02 p=5.7959e-01 epsV=1.3524e+00 epsZ=6.2782e-01 
New pars ( 112): DC=5.8990e+00 r1=9.5002e+01 r2=7.9329e+02 p=5.7959e-01 epsV=1.3524e+00 epsZ=6.2782e-01 
New pars ( 113): DC=5.8990e+00 r1=9.4957e+01 r2=7.9329e+02 p=5.7959e-01 epsV=1.3524e+00 epsZ=6.2782e-01 
New pars ( 114): DC=5.8990e+00 r1=9.4996e+01 r2=7.9329e+02 p=5.7959e-01 epsV=1.3524e+00 epsZ=6.2782e-01 
New pars ( 115): DC=5.8990e+00 r1=9.4963e+01 r2=7.9329e+02 p=5.7959e-01 epsV=1.3524e+00 epsZ=6.2782e-01 
New pars ( 116): DC=5.8990e+00 r1=9.4979e+01 r2=7.9334e+02 p=5.7959e-01 epsV=1.3524e+00 epsZ=6.2782e-01 
New pars ( 117): DC=5.8990e+00 r1=9.4979e+01 r2=7.9325e+02 p=5.7959e-01 epsV=1.3524e+00 epsZ=6.2782e-01 
New pars ( 118): DC=5.8990e+00 r1=9.4979e+01 r2=7.9332e+02 p=5.7959e-01 epsV=1.3524e+00 epsZ=6.2782e-01 
New pars ( 119): DC=5.8990e+00 r1=9.4979e+01 r2=7.9327e+02 p=5.7959e-01 epsV=1.3524e+00 epsZ=6.2782e-01 
New pars ( 120): DC=5.8990e+00 r1=9.4979e+01 r2=7.9329e+02 p=5.7966e-01 epsV=1.3524e+00 epsZ=6.2782e-01 
New pars ( 121): DC=5.8990e+00 r1=9.4979e+01 r2=7.9329e+02 p=5.7952e-01 epsV=1.3524e+00 epsZ=6.2782e-01 
New pars ( 122): DC=5.8990e+00 r1=9.4979e+01 r2=7.9329e+02 p=5.7963e-01 epsV=1.3524e+00 epsZ=6.2782e-01 
New pars ( 123): DC=5.8990e+00 r1=9.4979e+01 r2=7.9329e+02 p=5.7955e-01 epsV=1.3524e+00 epsZ=6.2782e-01 
New pars ( 124): DC=5.8990e+00 r1=9.4979e+01 r2=7.9329e+02 p=5.7959e-01 epsV=1.3527e+00 epsZ=6.2782e-01 
New pars ( 125): DC=7.5932e+00 r1=8.7608e+01 r2=7.8822e+02 p=4.8259e-01 epsV=1.5344e+00 epsZ=8.4851e-01 
New pars ( 126): DC=7.3592e+00 r1=8.8626e+01 r2=7.8892e+02 p=4.9598e-01 epsV=1.5093e+00 epsZ=8.1803e-01 
New pars ( 127): DC=7.3594e+00 r1=8.8626e+01 r2=7.8892e+02 p=4.9598e-01 epsV=1.5093e+00 epsZ=8.1803e-01 
New pars ( 128): DC=7.3589e+00 r1=8.8626e+01 r2=7.8892e+02 p=4.9598e-01 epsV=1.5093e+00 epsZ=8.1803e-01 
New pars ( 129): DC=7.3596e+00 r1=8.8626e+01 r2=7.8892e+02 p=4.9598e-01 epsV=1.5093e+00 epsZ=8.1803e-01 
New pars ( 130): DC=7.3587e+00 r1=8.8626e+01 r2=7.8892e+02 p=4.9598e-01 epsV=1.5093e+00 epsZ=8.1803e-01 
New pars ( 131): DC=7.3592e+00 r1=8.8629e+01 r2=7.8892e+02 p=4.9598e-01 epsV=1.5093e+00 epsZ=8.1803e-01 
New pars ( 132): DC=7.3592e+00 r1=8.8623e+01 r2=7.8892e+02 p=4.9598e-01 epsV=1.5093e+00 epsZ=8.1803e-01 
New pars ( 133): DC=7.3592e+00 r1=8.8626e+01 r2=7.8893e+02 p=4.9598e-01 epsV=1.5093e+00 epsZ=8.1803e-01 
New pars ( 134): DC=7.3592e+00 r1=8.8626e+01 r2=7.8892e+02 p=4.9598e-01 epsV=1.5093e+00 epsZ=8.1803e-01 
New pars ( 135): DC=7.3592e+00 r1=8.8626e+01 r2=7.8893e+02 p=4.9598e-01 epsV=1.5093e+00 epsZ=8.1803e-01 
New pars ( 136): DC=7.3592e+00 r1=8.8626e+01 r2=7.8892e+02 p=4.9598e-01 epsV=1.5093e+00 epsZ=8.1803e-01 
New pars ( 137): DC=7.3592e+00 r1=8.8626e+01 r2=7.8892e+02 p=4.9599e-01 epsV=1.5093e+00 epsZ=8.1803e-01 
New pars ( 138): DC=7.3592e+00 r1=8.8626e+01 r2=7.8892e+02 p=4.9598e-01 epsV=1.5093e+00 epsZ=8.1803e-01 
New pars ( 139): DC=7.3592e+00 r1=8.8626e+01 r2=7.8892e+02 p=4.9599e-01 epsV=1.5093e+00 epsZ=8.1803e-01 
New pars ( 140): DC=7.3592e+00 r1=8.8626e+01 r2=7.8892e+02 p=4.9598e-01 epsV=1.5093e+00 epsZ=8.1803e-01 
New pars ( 141): DC=7.3592e+00 r1=8.8626e+01 r2=7.8892e+02 p=4.9598e-01 epsV=1.5093e+00 epsZ=8.1803e-01 
New pars ( 142): DC=7.4056e+00 r1=8.9848e+01 r2=7.8651e+02 p=4.9191e-01 epsV=1.4930e+00 epsZ=8.0690e-01 
New pars ( 143): DC=7.4250e+00 r1=9.0359e+01 r2=7.8550e+02 p=4.9021e-01 epsV=1.4862e+00 epsZ=8.0226e-01 
New pars ( 144): DC=7.4254e+00 r1=9.0359e+01 r2=7.8550e+02 p=4.9021e-01 epsV=1.4862e+00 epsZ=8.0226e-01 
New pars ( 145): DC=7.4246e+00 r1=9.0359e+01 r2=7.8550e+02 p=4.9021e-01 epsV=1.4862e+00 epsZ=8.0226e-01 
New pars ( 146): DC=7.4253e+00 r1=9.0359e+01 r2=7.8550e+02 p=4.9021e-01 epsV=1.4862e+00 epsZ=8.0226e-01 
New pars ( 147): DC=7.4247e+00 r1=9.0359e+01 r2=7.8550e+02 p=4.9021e-01 epsV=1.4862e+00 epsZ=8.0226e-01 
New pars ( 148): DC=7.4250e+00 r1=9.0361e+01 r2=7.8550e+02 p=4.9021e-01 epsV=1.4862e+00 epsZ=8.0226e-01 
New pars ( 149): DC=7.4250e+00 r1=9.0356e+01 r2=7.8550e+02 p=4.9021e-01 epsV=1.4862e+00 epsZ=8.0226e-01 
New pars ( 150): DC=7.4250e+00 r1=9.0359e+01 r2=7.8550e+02 p=4.9021e-01 epsV=1.4862e+00 epsZ=8.0226e-01 
New pars ( 151): DC=7.4250e+00 r1=9.0359e+01 r2=7.8550e+02 p=4.9021e-01 epsV=1.4862e+00 epsZ=8.0226e-01 
New pars ( 152): DC=7.4250e+00 r1=9.0359e+01 r2=7.8550e+02 p=4.9021e-01 epsV=1.4862e+00 epsZ=8.0226e-01 
New pars ( 153): DC=7.4250e+00 r1=9.0359e+01 r2=7.8550e+02 p=4.9021e-01 epsV=1.4862e+00 epsZ=8.0226e-01 
New pars ( 154): DC=7.4250e+00 r1=9.0359e+01 r2=7.8550e+02 p=4.9021e-01 epsV=1.4862e+00 epsZ=8.0226e-01 
New pars ( 155): DC=7.4677e+00 r1=9.2379e+01 r2=7.8389e+02 p=4.8725e-01 epsV=1.4880e+00 epsZ=7.8522e-01 
New pars ( 156): DC=7.6385e+00 r1=1.0046e+02 r2=7.7748e+02 p=4.7544e-01 epsV=1.4952e+00 epsZ=7.1708e-01 
New pars ( 157): DC=7.6600e+00 r1=1.0148e+02 r2=7.7667e+02 p=4.7396e-01 epsV=1.4961e+00 epsZ=7.0849e-01 
New pars ( 158): DC=7.6602e+00 r1=1.0148e+02 r2=7.7667e+02 p=4.7396e-01 epsV=1.4961e+00 epsZ=7.0849e-01 
New pars ( 159): DC=7.6598e+00 r1=1.0148e+02 r2=7.7667e+02 p=4.7396e-01 epsV=1.4961e+00 epsZ=7.0849e-01 
New pars ( 160): DC=7.6607e+00 r1=1.0148e+02 r2=7.7667e+02 p=4.7396e-01 epsV=1.4961e+00 epsZ=7.0849e-01 
New pars ( 161): DC=7.6594e+00 r1=1.0148e+02 r2=7.7667e+02 p=4.7396e-01 epsV=1.4961e+00 epsZ=7.0849e-01 
New pars ( 162): DC=7.6600e+00 r1=1.0148e+02 r2=7.7667e+02 p=4.7396e-01 epsV=1.4961e+00 epsZ=7.0849e-01 
New pars ( 163): DC=7.6600e+00 r1=1.0148e+02 r2=7.7667e+02 p=4.7396e-01 epsV=1.4961e+00 epsZ=7.0849e-01 
New pars ( 164): DC=7.6600e+00 r1=1.0148e+02 r2=7.7667e+02 p=4.7396e-01 epsV=1.4961e+00 epsZ=7.0849e-01 
New pars ( 165): DC=7.6600e+00 r1=1.0148e+02 r2=7.7667e+02 p=4.7396e-01 epsV=1.4961e+00 epsZ=7.0849e-01 
New pars ( 166): DC=7.6600e+00 r1=1.0148e+02 r2=7.7667e+02 p=4.7396e-01 epsV=1.4961e+00 epsZ=7.0849e-01 
New pars ( 167): DC=7.6600e+00 r1=1.0148e+02 r2=7.7666e+02 p=4.7396e-01 epsV=1.4961e+00 epsZ=7.0849e-01 
New pars ( 168): DC=7.6600e+00 r1=1.0148e+02 r2=7.7667e+02 p=4.7396e-01 epsV=1.4961e+00 epsZ=7.0849e-01 
New pars ( 169): DC=7.6600e+00 r1=1.0148e+02 r2=7.7666e+02 p=4.7396e-01 epsV=1.4961e+00 epsZ=7.0849e-01 
New pars ( 170): DC=7.6600e+00 r1=1.0148e+02 r2=7.7667e+02 p=4.7396e-01 epsV=1.4961e+00 epsZ=7.0849e-01 
New pars ( 171): DC=7.6600e+00 r1=1.0148e+02 r2=7.7667e+02 p=4.7395e-01 epsV=1.4961e+00 epsZ=7.0849e-01 
New pars ( 172): DC=7.6600e+00 r1=1.0148e+02 r2=7.7667e+02 p=4.7396e-01 epsV=1.4961e+00 epsZ=7.0849e-01 
New pars ( 173): DC=7.6600e+00 r1=1.0148e+02 r2=7.7667e+02 p=4.7395e-01 epsV=1.4961e+00 epsZ=7.0849e-01 
New pars ( 174): DC=7.6600e+00 r1=1.0148e+02 r2=7.7667e+02 p=4.7396e-01 epsV=1.4961e+00 epsZ=7.0849e-01 
New pars ( 175): DC=7.6029e+00 r1=1.0497e+02 r2=7.7460e+02 p=4.7343e-01 epsV=1.4939e+00 epsZ=6.8139e-01 
New pars ( 176): DC=7.5709e+00 r1=1.0692e+02 r2=7.7345e+02 p=4.7313e-01 epsV=1.4926e+00 epsZ=6.6622e-01 
New pars ( 177): DC=7.5711e+00 r1=1.0692e+02 r2=7.7345e+02 p=4.7313e-01 epsV=1.4926e+00 epsZ=6.6622e-01 
New pars ( 178): DC=7.5706e+00 r1=1.0692e+02 r2=7.7345e+02 p=4.7313e-01 epsV=1.4926e+00 epsZ=6.6622e-01 
New pars ( 179): DC=7.5709e+00 r1=1.0692e+02 r2=7.7345e+02 p=4.7313e-01 epsV=1.4926e+00 epsZ=6.6622e-01 
New pars ( 180): DC=7.5709e+00 r1=1.0692e+02 r2=7.7345e+02 p=4.7313e-01 epsV=1.4926e+00 epsZ=6.6622e-01 
New pars ( 181): DC=7.5709e+00 r1=1.0692e+02 r2=7.7345e+02 p=4.7313e-01 epsV=1.4926e+00 epsZ=6.6622e-01 
New pars ( 182): DC=7.5709e+00 r1=1.0692e+02 r2=7.7345e+02 p=4.7313e-01 epsV=1.4926e+00 epsZ=6.6622e-01 
New pars ( 183): DC=7.5709e+00 r1=1.0692e+02 r2=7.7345e+02 p=4.7313e-01 epsV=1.4926e+00 epsZ=6.6622e-01 
New pars ( 184): DC=7.5709e+00 r1=1.0692e+02 r2=7.7345e+02 p=4.7313e-01 epsV=1.4926e+00 epsZ=6.6622e-01 
New pars ( 185): DC=7.5709e+00 r1=1.0692e+02 r2=7.7345e+02 p=4.7313e-01 epsV=1.4926e+00 epsZ=6.6622e-01 
New pars ( 186): DC=7.5709e+00 r1=1.0692e+02 r2=7.7345e+02 p=4.7313e-01 epsV=1.4926e+00 epsZ=6.6622e-01 
New pars ( 187): DC=7.5709e+00 r1=1.0692e+02 r2=7.7345e+02 p=4.7313e-01 epsV=1.4926e+00 epsZ=6.6622e-01 
New pars ( 188): DC=7.5709e+00 r1=1.0692e+02 r2=7.7345e+02 p=4.7313e-01 epsV=1.4926e+00 epsZ=6.6622e-01 
New pars ( 189): DC=7.5709e+00 r1=1.0692e+02 r2=7.7345e+02 p=4.7313e-01 epsV=1.4926e+00 epsZ=6.6622e-01 
New pars ( 190): DC=7.5709e+00 r1=1.0692e+02 r2=7.7345e+02 p=4.7313e-01 epsV=1.4926e+00 epsZ=6.6622e-01 
New pars ( 191): DC=7.5709e+00 r1=1.0692e+02 r2=7.7345e+02 p=4.7313e-01 epsV=1.4926e+00 epsZ=6.6622e-01 
New pars ( 192): DC=7.5325e+00 r1=1.0769e+02 r2=7.7303e+02 p=4.7046e-01 epsV=1.4974e+00 epsZ=6.6469e-01 
New pars ( 193): DC=7.4201e+00 r1=1.0996e+02 r2=7.7181e+02 p=4.6264e-01 epsV=1.5114e+00 epsZ=6.6022e-01 
New pars ( 194): DC=7.4203e+00 r1=1.0996e+02 r2=7.7181e+02 p=4.6264e-01 epsV=1.5114e+00 epsZ=6.6022e-01 
New pars ( 195): DC=7.4199e+00 r1=1.0996e+02 r2=7.7181e+02 p=4.6264e-01 epsV=1.5114e+00 epsZ=6.6022e-01 
New pars ( 196): DC=7.4201e+00 r1=1.0996e+02 r2=7.7181e+02 p=4.6264e-01 epsV=1.5114e+00 epsZ=6.6022e-01 
New pars ( 197): DC=7.4201e+00 r1=1.0995e+02 r2=7.7181e+02 p=4.6264e-01 epsV=1.5114e+00 epsZ=6.6022e-01 
New pars ( 198): DC=7.4201e+00 r1=1.0996e+02 r2=7.7181e+02 p=4.6264e-01 epsV=1.5114e+00 epsZ=6.6022e-01 
New pars ( 199): DC=7.4201e+00 r1=1.0996e+02 r2=7.7181e+02 p=4.6264e-01 epsV=1.5114e+00 epsZ=6.6022e-01 
New pars ( 200): DC=7.4201e+00 r1=1.0996e+02 r2=7.7182e+02 p=4.6264e-01 epsV=1.5114e+00 epsZ=6.6022e-01 
New pars ( 201): DC=7.4201e+00 r1=1.0996e+02 r2=7.7181e+02 p=4.6264e-01 epsV=1.5114e+00 epsZ=6.6022e-01 
New pars ( 202): DC=7.4201e+00 r1=1.0996e+02 r2=7.7181e+02 p=4.6264e-01 epsV=1.5114e+00 epsZ=6.6022e-01 
New pars ( 203): DC=7.4201e+00 r1=1.0996e+02 r2=7.7181e+02 p=4.6264e-01 epsV=1.5114e+00 epsZ=6.6022e-01 
New pars ( 204): DC=7.4201e+00 r1=1.0996e+02 r2=7.7181e+02 p=4.6264e-01 epsV=1.5114e+00 epsZ=6.6022e-01 
New pars ( 205): DC=7.4201e+00 r1=1.0996e+02 r2=7.7181e+02 p=4.6264e-01 epsV=1.5114e+00 epsZ=6.6022e-01 
New pars ( 206): DC=7.4201e+00 r1=1.0996e+02 r2=7.7181e+02 p=4.6264e-01 epsV=1.5114e+00 epsZ=6.6022e-01 
New pars ( 207): DC=7.4102e+00 r1=1.0946e+02 r2=7.7223e+02 p=4.6334e-01 epsV=1.5111e+00 epsZ=6.6395e-01 
New pars ( 208): DC=7.4097e+00 r1=1.0943e+02 r2=7.7225e+02 p=4.6337e-01 epsV=1.5110e+00 epsZ=6.6414e-01 
New pars ( 209): DC=7.4099e+00 r1=1.0943e+02 r2=7.7225e+02 p=4.6337e-01 epsV=1.5110e+00 epsZ=6.6414e-01 
New pars ( 210): DC=7.4094e+00 r1=1.0943e+02 r2=7.7225e+02 p=4.6337e-01 epsV=1.5110e+00 epsZ=6.6414e-01 
New pars ( 211): DC=7.4097e+00 r1=1.0944e+02 r2=7.7225e+02 p=4.6337e-01 epsV=1.5110e+00 epsZ=6.6414e-01 
New pars ( 212): DC=7.4097e+00 r1=1.0943e+02 r2=7.7225e+02 p=4.6337e-01 epsV=1.5110e+00 epsZ=6.6414e-01 
New pars ( 213): DC=7.4097e+00 r1=1.0943e+02 r2=7.7226e+02 p=4.6337e-01 epsV=1.5110e+00 epsZ=6.6414e-01 
New pars ( 214): DC=7.4097e+00 r1=1.0943e+02 r2=7.7224e+02 p=4.6337e-01 epsV=1.5110e+00 epsZ=6.6414e-01 
New pars ( 215): DC=7.4097e+00 r1=1.0943e+02 r2=7.7225e+02 p=4.6338e-01 epsV=1.5110e+00 epsZ=6.6414e-01 
New pars ( 216): DC=7.4097e+00 r1=1.0943e+02 r2=7.7225e+02 p=4.6337e-01 epsV=1.5110e+00 epsZ=6.6414e-01 
New pars ( 217): DC=7.4097e+00 r1=1.0943e+02 r2=7.7225e+02 p=4.6338e-01 epsV=1.5110e+00 epsZ=6.6414e-01 
New pars ( 218): DC=7.4097e+00 r1=1.0943e+02 r2=7.7225e+02 p=4.6337e-01 epsV=1.5110e+00 epsZ=6.6414e-01 
New pars ( 219): DC=7.4097e+00 r1=1.0943e+02 r2=7.7225e+02 p=4.6337e-01 epsV=1.5111e+00 epsZ=6.6414e-01 
New pars ( 220): DC=7.4092e+00 r1=1.0941e+02 r2=7.7229e+02 p=4.6338e-01 epsV=1.5113e+00 epsZ=6.6380e-01 
New pars ( 221): DC=7.4074e+00 r1=1.0932e+02 r2=7.7244e+02 p=4.6339e-01 epsV=1.5123e+00 epsZ=6.6243e-01 
New pars ( 222): DC=7.4072e+00 r1=1.0931e+02 r2=7.7246e+02 p=4.6339e-01 epsV=1.5124e+00 epsZ=6.6226e-01 
New pars ( 223): DC=7.4074e+00 r1=1.0931e+02 r2=7.7246e+02 p=4.6339e-01 epsV=1.5124e+00 epsZ=6.6226e-01 
New pars ( 224): DC=7.4070e+00 r1=1.0931e+02 r2=7.7246e+02 p=4.6339e-01 epsV=1.5124e+00 epsZ=6.6226e-01 
New pars ( 225): DC=7.4072e+00 r1=1.0932e+02 r2=7.7246e+02 p=4.6339e-01 epsV=1.5124e+00 epsZ=6.6226e-01 
New pars ( 226): DC=7.4072e+00 r1=1.0931e+02 r2=7.7246e+02 p=4.6339e-01 epsV=1.5124e+00 epsZ=6.6226e-01 
New pars ( 227): DC=7.4072e+00 r1=1.0931e+02 r2=7.7247e+02 p=4.6339e-01 epsV=1.5124e+00 epsZ=6.6226e-01 
New pars ( 228): DC=7.4072e+00 r1=1.0931e+02 r2=7.7246e+02 p=4.6339e-01 epsV=1.5124e+00 epsZ=6.6226e-01 
New pars ( 229): DC=7.4072e+00 r1=1.0931e+02 r2=7.7246e+02 p=4.6340e-01 epsV=1.5124e+00 epsZ=6.6226e-01 
New pars ( 230): DC=7.4072e+00 r1=1.0931e+02 r2=7.7246e+02 p=4.6338e-01 epsV=1.5124e+00 epsZ=6.6226e-01 
New pars ( 231): DC=7.4072e+00 r1=1.0931e+02 r2=7.7246e+02 p=4.6339e-01 epsV=1.5124e+00 epsZ=6.6226e-01 
New pars ( 232): DC=7.4072e+00 r1=1.0930e+02 r2=7.7249e+02 p=4.6338e-01 epsV=1.5125e+00 epsZ=6.6180e-01 
New pars ( 233): DC=7.4071e+00 r1=1.0927e+02 r2=7.7258e+02 p=4.6335e-01 epsV=1.5130e+00 epsZ=6.5996e-01 
New pars ( 234): DC=7.4069e+00 r1=1.0918e+02 r2=7.7281e+02 p=4.6327e-01 epsV=1.5142e+00 epsZ=6.5536e-01 
New pars ( 235): DC=7.4062e+00 r1=1.0892e+02 r2=7.7349e+02 p=4.6304e-01 epsV=1.5179e+00 epsZ=6.4156e-01 
New pars ( 236): DC=7.4042e+00 r1=1.0812e+02 r2=7.7556e+02 p=4.6236e-01 epsV=1.5288e+00 epsZ=6.0014e-01 
New pars ( 237): DC=7.4014e+00 r1=1.0704e+02 r2=7.7839e+02 p=4.6141e-01 epsV=1.5439e+00 epsZ=5.4328e-01 
New pars ( 238): DC=7.4016e+00 r1=1.0704e+02 r2=7.7839e+02 p=4.6141e-01 epsV=1.5439e+00 epsZ=5.4328e-01 
New pars ( 239): DC=7.4011e+00 r1=1.0704e+02 r2=7.7839e+02 p=4.6141e-01 epsV=1.5439e+00 epsZ=5.4328e-01 
New pars ( 240): DC=7.4014e+00 r1=1.0704e+02 r2=7.7839e+02 p=4.6141e-01 epsV=1.5439e+00 epsZ=5.4328e-01 
New pars ( 241): DC=7.4014e+00 r1=1.0703e+02 r2=7.7839e+02 p=4.6141e-01 epsV=1.5439e+00 epsZ=5.4328e-01 
New pars ( 242): DC=7.4014e+00 r1=1.0704e+02 r2=7.7840e+02 p=4.6141e-01 epsV=1.5439e+00 epsZ=5.4328e-01 
New pars ( 243): DC=7.4014e+00 r1=1.0704e+02 r2=7.7838e+02 p=4.6141e-01 epsV=1.5439e+00 epsZ=5.4328e-01 
New pars ( 244): DC=7.4014e+00 r1=1.0704e+02 r2=7.7839e+02 p=4.6142e-01 epsV=1.5439e+00 epsZ=5.4328e-01 
New pars ( 245): DC=7.4014e+00 r1=1.0704e+02 r2=7.7839e+02 p=4.6140e-01 epsV=1.5439e+00 epsZ=5.4328e-01 
New pars ( 246): DC=7.4014e+00 r1=1.0704e+02 r2=7.7839e+02 p=4.6141e-01 epsV=1.5439e+00 epsZ=5.4328e-01 
New pars ( 247): DC=7.3968e+00 r1=1.0709e+02 r2=7.7861e+02 p=4.6140e-01 epsV=1.5455e+00 epsZ=5.3618e-01 
New pars ( 248): DC=7.3970e+00 r1=1.0709e+02 r2=7.7861e+02 p=4.6140e-01 epsV=1.5455e+00 epsZ=5.3618e-01 
New pars ( 249): DC=7.3966e+00 r1=1.0709e+02 r2=7.7861e+02 p=4.6140e-01 epsV=1.5455e+00 epsZ=5.3618e-01 
New pars ( 250): DC=7.3968e+00 r1=1.0709e+02 r2=7.7861e+02 p=4.6140e-01 epsV=1.5455e+00 epsZ=5.3618e-01 
New pars ( 251): DC=7.3968e+00 r1=1.0708e+02 r2=7.7861e+02 p=4.6140e-01 epsV=1.5455e+00 epsZ=5.3618e-01 
New pars ( 252): DC=7.3968e+00 r1=1.0709e+02 r2=7.7862e+02 p=4.6140e-01 epsV=1.5455e+00 epsZ=5.3618e-01 
New pars ( 253): DC=7.3968e+00 r1=1.0709e+02 r2=7.7860e+02 p=4.6140e-01 epsV=1.5455e+00 epsZ=5.3618e-01 
New pars ( 254): DC=7.3968e+00 r1=1.0709e+02 r2=7.7861e+02 p=4.6141e-01 epsV=1.5455e+00 epsZ=5.3618e-01 
New pars ( 255): DC=7.3968e+00 r1=1.0709e+02 r2=7.7861e+02 p=4.6138e-01 epsV=1.5455e+00 epsZ=5.3618e-01 
New pars ( 256): DC=7.3968e+00 r1=1.0709e+02 r2=7.7861e+02 p=4.6140e-01 epsV=1.5455e+00 epsZ=5.3618e-01 
New pars ( 257): DC=7.3964e+00 r1=1.0709e+02 r2=7.7864e+02 p=4.6138e-01 epsV=1.5457e+00 epsZ=5.3548e-01 
New pars ( 258): DC=7.3964e+00 r1=1.0709e+02 r2=7.7863e+02 p=4.6138e-01 epsV=1.5457e+00 epsZ=5.3556e-01 
New pars ( 259): DC=7.3963e+00 r1=1.0709e+02 r2=7.7864e+02 p=4.6138e-01 epsV=1.5457e+00 epsZ=5.3544e-01 
New pars ( 260): DC=7.3966e+00 r1=1.0709e+02 r2=7.7864e+02 p=4.6138e-01 epsV=1.5457e+00 epsZ=5.3548e-01 
New pars ( 261): DC=7.3961e+00 r1=1.0709e+02 r2=7.7864e+02 p=4.6138e-01 epsV=1.5457e+00 epsZ=5.3548e-01 
New pars ( 262): DC=7.3964e+00 r1=1.0709e+02 r2=7.7864e+02 p=4.6138e-01 epsV=1.5457e+00 epsZ=5.3548e-01 
New pars ( 263): DC=7.3964e+00 r1=1.0708e+02 r2=7.7864e+02 p=4.6138e-01 epsV=1.5457e+00 epsZ=5.3548e-01 
New pars ( 264): DC=7.3964e+00 r1=1.0709e+02 r2=7.7864e+02 p=4.6138e-01 epsV=1.5457e+00 epsZ=5.3548e-01 
New pars ( 265): DC=7.3964e+00 r1=1.0709e+02 r2=7.7863e+02 p=4.6138e-01 epsV=1.5457e+00 epsZ=5.3548e-01 
New pars ( 266): DC=7.3964e+00 r1=1.0709e+02 r2=7.7864e+02 p=4.6139e-01 epsV=1.5457e+00 epsZ=5.3548e-01 
New pars ( 267): DC=7.3964e+00 r1=1.0709e+02 r2=7.7864e+02 p=4.6137e-01 epsV=1.5457e+00 epsZ=5.3548e-01 
New pars ( 268): DC=7.3964e+00 r1=1.0709e+02 r2=7.7864e+02 p=4.6138e-01 epsV=1.5457e+00 epsZ=5.3548e-01 
New pars ( 269): DC=7.3964e+00 r1=1.0709e+02 r2=7.7864e+02 p=4.6138e-01 epsV=1.5457e+00 epsZ=5.3549e-01 
New pars ( 270): DC=7.3964e+00 r1=1.0709e+02 r2=7.7864e+02 p=4.6138e-01 epsV=1.5457e+00 epsZ=5.3548e-01 
New pars ( 271): DC=7.3964e+00 r1=1.0709e+02 r2=7.7864e+02 p=4.6138e-01 epsV=1.5457e+00 epsZ=5.3548e-01 
New pars ( 272): DC=7.3966e+00 r1=1.0709e+02 r2=7.7864e+02 p=4.6138e-01 epsV=1.5457e+00 epsZ=5.3548e-01 
New pars ( 273): DC=7.3961e+00 r1=1.0709e+02 r2=7.7864e+02 p=4.6138e-01 epsV=1.5457e+00 epsZ=5.3548e-01 
New pars ( 274): DC=7.4033e+00 r1=1.0709e+02 r2=7.7864e+02 p=4.6138e-01 epsV=1.5457e+00 epsZ=5.3548e-01 
New pars ( 275): DC=7.3894e+00 r1=1.0709e+02 r2=7.7864e+02 p=4.6138e-01 epsV=1.5457e+00 epsZ=5.3548e-01 
New pars ( 276): DC=7.3964e+00 r1=1.0709e+02 r2=7.7864e+02 p=4.6138e-01 epsV=1.5457e+00 epsZ=5.3548e-01 
New pars ( 277): DC=7.3964e+00 r1=1.0708e+02 r2=7.7864e+02 p=4.6138e-01 epsV=1.5457e+00 epsZ=5.3548e-01 
New pars ( 278): DC=7.3964e+00 r1=1.0709e+02 r2=7.7864e+02 p=4.6138e-01 epsV=1.5457e+00 epsZ=5.3548e-01 
New pars ( 279): DC=7.3964e+00 r1=1.0709e+02 r2=7.7863e+02 p=4.6138e-01 epsV=1.5457e+00 epsZ=5.3548e-01 
New pars ( 280): DC=7.3964e+00 r1=1.0709e+02 r2=7.7864e+02 p=4.6139e-01 epsV=1.5457e+00 epsZ=5.3548e-01 
New pars ( 281): DC=7.3964e+00 r1=1.0709e+02 r2=7.7864e+02 p=4.6137e-01 epsV=1.5457e+00 epsZ=5.3548e-01 
New pars ( 282): DC=7.3964e+00 r1=1.0709e+02 r2=7.7864e+02 p=4.6138e-01 epsV=1.5457e+00 epsZ=5.3548e-01 
New pars ( 283): DC=7.3965e+00 r1=1.0709e+02 r2=7.7864e+02 p=4.6138e-01 epsV=1.5457e+00 epsZ=5.3548e-01 
New pars ( 284): DC=7.3962e+00 r1=1.0709e+02 r2=7.7864e+02 p=4.6138e-01 epsV=1.5457e+00 epsZ=5.3548e-01 
New pars ( 285): DC=7.3964e+00 r1=1.0709e+02 r2=7.7864e+02 p=4.6138e-01 epsV=1.5457e+00 epsZ=5.3548e-01 
New pars ( 286): DC=7.3963e+00 r1=1.0709e+02 r2=7.7864e+02 p=4.6138e-01 epsV=1.5457e+00 epsZ=5.3548e-01 
New pars ( 287): DC=7.3964e+00 r1=1.0709e+02 r2=7.7864e+02 p=4.6138e-01 epsV=1.5457e+00 epsZ=5.3548e-01 
New pars ( 288): DC=7.3964e+00 r1=1.0709e+02 r2=7.7864e+02 p=4.6138e-01 epsV=1.5457e+00 epsZ=5.3548e-01 
New pars ( 289): DC=7.3964e+00 r1=1.0709e+02 r2=7.7864e+02 p=4.6138e-01 epsV=1.5457e+00 epsZ=5.3548e-01 
New pars ( 290): DC=7.3964e+00 r1=1.0709e+02 r2=7.7864e+02 p=4.6138e-01 epsV=1.5457e+00 epsZ=5.3548e-01 
New pars ( 291): DC=7.3964e+00 r1=1.0709e+02 r2=7.7864e+02 p=4.6138e-01 epsV=1.5457e+00 epsZ=5.3548e-01 
New pars ( 292): DC=7.3964e+00 r1=1.0709e+02 r2=7.7863e+02 p=4.6138e-01 epsV=1.5457e+00 epsZ=5.3548e-01 
New pars ( 293): DC=7.3964e+00 r1=1.0709e+02 r2=7.7864e+02 p=4.6138e-01 epsV=1.5457e+00 epsZ=5.3548e-01 
New pars ( 294): DC=7.3964e+00 r1=1.0709e+02 r2=7.7864e+02 p=4.6138e-01 epsV=1.5457e+00 epsZ=5.3548e-01 
New pars ( 295): DC=7.3964e+00 r1=1.0709e+02 r2=7.7864e+02 p=4.6138e-01 epsV=1.5457e+00 epsZ=5.3548e-01 
New pars ( 296): DC=7.3964e+00 r1=1.0709e+02 r2=7.7864e+02 p=4.6138e-01 epsV=1.5457e+00 epsZ=5.3548e-01 
New pars ( 297): DC=7.3964e+00 r1=1.0709e+02 r2=7.7864e+02 p=4.6138e-01 epsV=1.5457e+00 epsZ=5.3548e-01 
New pars ( 298): DC=7.3964e+00 r1=1.0709e+02 r2=7.7864e+02 p=4.6138e-01 epsV=1.5457e+00 epsZ=5.3548e-01 
New pars ( 299): DC=7.3964e+00 r1=1.0709e+02 r2=7.7864e+02 p=4.6138e-01 epsV=1.5457e+00 epsZ=5.3548e-01 
New pars ( 300): DC=7.4033e+00 r1=1.0709e+02 r2=7.7864e+02 p=4.6138e-01 epsV=1.5457e+00 epsZ=5.3548e-01 
New pars ( 301): DC=7.4033e+00 r1=1.0709e+02 r2=7.7864e+02 p=4.6138e-01 epsV=1.5457e+00 epsZ=5.3548e-01 
New pars ( 302): DC=7.3964e+00 r1=1.0709e+02 r2=7.7864e+02 p=4.6138e-01 epsV=1.5457e+00 epsZ=5.3548e-01 
New pars ( 303): DC=7.4033e+00 r1=1.0709e+02 r2=7.7864e+02 p=4.6139e-01 epsV=1.5457e+00 epsZ=5.3548e-01 
New pars ( 304): DC=7.3964e+00 r1=1.0709e+02 r2=7.7864e+02 p=4.6139e-01 epsV=1.5457e+00 epsZ=5.3548e-01 
New pars ( 305): DC=7.3964e+00 r1=1.0709e+02 r2=7.7864e+02 p=4.6139e-01 epsV=1.5457e+00 epsZ=5.3548e-01 
New pars ( 306): DC=7.4033e+00 r1=1.0709e+02 r2=7.7864e+02 p=4.6138e-01 epsV=1.5457e+00 epsZ=5.3548e-01 
New pars ( 307): DC=7.3964e+00 r1=1.0709e+02 r2=7.7864e+02 p=4.6138e-01 epsV=1.5457e+00 epsZ=5.3548e-01 
New pars ( 308): DC=7.3964e+00 r1=1.0709e+02 r2=7.7864e+02 p=4.6138e-01 epsV=1.5457e+00 epsZ=5.3548e-01 
New pars ( 309): DC=7.3964e+00 r1=1.0709e+02 r2=7.7864e+02 p=4.6139e-01 epsV=1.5457e+00 epsZ=5.3548e-01 
New pars ( 310): DC=7.4033e+00 r1=1.0709e+02 r2=7.7864e+02 p=4.6138e-01 epsV=1.5457e+00 epsZ=5.3556e-01 
New pars ( 311): DC=7.3964e+00 r1=1.0709e+02 r2=7.7864e+02 p=4.6138e-01 epsV=1.5457e+00 epsZ=5.3556e-01 
New pars ( 312): DC=7.3964e+00 r1=1.0709e+02 r2=7.7864e+02 p=4.6138e-01 epsV=1.5457e+00 epsZ=5.3556e-01 
New pars ( 313): DC=7.3964e+00 r1=1.0709e+02 r2=7.7864e+02 p=4.6139e-01 epsV=1.5457e+00 epsZ=5.3556e-01 
New pars ( 314): DC=7.3964e+00 r1=1.0709e+02 r2=7.7864e+02 p=4.6138e-01 epsV=1.5457e+00 epsZ=5.3556e-01 
New pars ( 315): DC=7.3965e+00 r1=1.0707e+02 r2=7.7864e+02 p=4.6141e-01 epsV=1.5457e+00 epsZ=5.3551e-01 
New pars ( 316): DC=7.3964e+00 r1=1.0709e+02 r2=7.7864e+02 p=4.6138e-01 epsV=1.5457e+00 epsZ=5.3549e-01 
New pars ( 317): DC=7.3964e+00 r1=1.0709e+02 r2=7.7864e+02 p=4.6138e-01 epsV=1.5457e+00 epsZ=5.3548e-01 
New pars ( 318): DC=7.3964e+00 r1=1.0709e+02 r2=7.7864e+02 p=4.6138e-01 epsV=1.5457e+00 epsZ=5.3548e-01 

Fitting done in 740000 clicks (0.740000 seconds).
Fit status = 4
Cov status = 2

****************************************
         Invalid FitResult  (status = 4 )
****************************************
Minimizer is Minuit / MigradImproved
Chi2                      =      989.154
NDf                       =          978
Edm                       =  8.99066e-05
NCalls                    =          407
# Cyc's                   =          525                      	 (fixed)
Bin width                 =          250                      	 (fixed)
DC rate                   =      7.39636   +/-   0.0238873   
Rate 1                    =      107.088   +/-   2.22278     
Rate 2                    =      778.636   +/-   5.42969     
Rate 3                    =            0                      	 (fixed)
Capt eff                  =     0.461379   +/-   0.0030131   
Capt ret                  =            1                      	 (fixed)
T eff                     =         0.13                      	 (fixed)
U eff                     =        0.035                      	 (fixed)
V eff                     =      1.54568   +/-   0.00574335  
W eff                     =            0                      	 (fixed)
X eff                     =            1                      	 (fixed)
Y eff                     =            0                      	 (fixed)
Z eff                     =     0.535484   +/-   0.031708    
T1 loss                   =            0                      	 (fixed)
T2 loss                   =        0.025                      	 (fixed)
T3 loss                   =            0                      	 (fixed)
U1 loss                   =     6.36e-08                      	 (fixed)
U2 loss                   =     6.36e-08                      	 (fixed)
U3 loss                   =        10000                      	 (fixed)

Integrals computed in 390000 clicks (0.390000 seconds).
Errors computed in 850000 clicks (0.850000 seconds).

~~~~~~~~~~~~~~~~~~~~~~~~~~~~~~~~~~~~~~~~~~~~~~~~~~~~~~~~~~~~~~~~~~~~~
NUMBER OF BETAS DETECTED, by population:
~~~~~~~~~~~~~~~~~~~~~~~~~~~~~~~~~~~~~~~~~~~~~~~~~~~~~~~~~~~~~~~~~~~~~
T1 integral = 488245.7 +/- 0.0
U1 integral = 246350.0 +/- 0.0
T2 integral = 1682957.6 +/- 0.0
U2 integral = 2132552.4 +/- 0.0
T3 integral = 0.0 +/- 0.0
U3 integral = 0.1 +/- 0.0
DC integral = 955240.3 +/- 0.0
~~~~~~~~~~~~~~~~~~~~~~~~~~~~~~~~~~~~~~~~~~~~~~~~~~~~~~~~~~~~~~~~~~~~~
Sum of above = 5505346.2 +/- 0.0 <-- no cov in unc
All integral = 5505358.1 +/- 0.0
~~~~~~~~~~~~~~~~~~~~~~~~~~~~~~~~~~~~~~~~~~~~~~~~~~~~~~~~~~~~~~~~~~~~~


BFit2 done. Timer = 3.4 sec.
Elapsed time = 3.33 sec.

