Timestamp = Mon Apr  6 09:21:24 2015

Importing metadata from CSV files...
Imported 68 BDN cases
Imported 48 BFit cases
Performing BFit with BDN case 137i07 and BFit case 137i07_19

BFit started. Timer = 0.06 sec.

~~~~~~~~~~~~~~~~~~~~~~~~~~~~~~~~~~~~~~~~~~~~~~~~~~~~~~~~~~~~~~~~~~~~~
BETA SINGLES MODEL
~~~~~~~~~~~~~~~~~~~~~~~~~~~~~~~~~~~~~~~~~~~~~~~~~~~~~~~~~~~~~~~~~~~~~
Case: 137i07
File: /music/bpt1/bpt/bdn/shane/137i/rootfiles/137i07.root
Histogram: h_betas_vs_cycle_time
Total cycle time	=    246.000 s
Background time		=    101.000 s
Capture cycle time	=      6.000 s
Last capture time	=      1.000 s
137-Te halflife		=      2.490 s  (lifetime      3.592 s)
137-I halflife		=     24.500 s  (lifetime     35.346 s)
137-Xe halflife		=    229.080 s  (lifetime    330.493 s)
~~~~~~~~~~~~~~~~~~~~~~~~~~~~~~~~~~~~~~~~~~~~~~~~~~~~~~~~~~~~~~~~~~~~~
HISTOGRAM REBINNED
   Number of hist bins = 984
   Number of fn points = 246000
   Number of pts/bin   = 250
~~~~~~~~~~~~~~~~~~~~~~~~~~~~~~~~~~~~~~~~~~~~~~~~~~~~~~~~~~~~~~~~~~~~~
Doing fit with option string: QROMES
~~~~~~~~~~~~~~~~~~~~~~~~~~~~~~~~~~~~~~~~~~~~~~~~~~~~~~~~~~~~~~~~~~~~~
PARAMETER SEED VALUES
~~~~~~~~~~~~~~~~~~~~~~~~~~~~~~~~~~~~~~~~~~~~~~~~~~~~~~~~~~~~~~~~~~~~~
      Par name  Varying?	Par init val and step
~~~~~~~~~~~~~~~~~~~~~~~~~~~~~~~~~~~~~~~~~~~~~~~~~~~~~~~~~~~~~~~~~~~~~
       # Cyc's         0	525 +/- 0.01
     Bin width         0	250 +/- 0.01
       DC rate         1	6.8 +/- 0.001
        Rate 1         1	120 +/- 0.0005
        Rate 2         1	850 +/- 0.0005
        Rate 3         0	0 +/- 0.0005
      Capt eff         1	0.65 +/- 0.02
      Capt ret         0	1 +/- 0.01
         T eff         0	0.13 +/- 0.01
         U eff         0	0.035 +/- 0.001
         V eff         1	1.5 +/- 0.001
         W eff         0	0 +/- 0.001
         X eff         0	1 +/- 0.001
         Y eff         0	0 +/- 0.001
         Z eff         1	0.8 +/- 0.001
       T1 loss         0	0 +/- 0.005
       T2 loss         0	0.0285 +/- 0.001
       T3 loss         0	0 +/- 0.005
       U1 loss         0	2e-10 +/- 0.005
       U2 loss         0	2e-10 +/- 0.005
       U3 loss         0	10000 +/- 0.01
~~~~~~~~~~~~~~~~~~~~~~~~~~~~~~~~~~~~~~~~~~~~~~~~~~~~~~~~~~~~~~~~~~~~~

Ini pars (   0): DC=6.8000e+00 r1=1.2000e+02 r2=8.5000e+02 p=6.5000e-01 epsV=1.5000e+00 epsZ=8.0000e-01 
New pars (   1): DC=6.8002e+00 r1=1.2000e+02 r2=8.5000e+02 p=6.5000e-01 epsV=1.5000e+00 epsZ=8.0000e-01 
New pars (   2): DC=6.7998e+00 r1=1.2000e+02 r2=8.5000e+02 p=6.5000e-01 epsV=1.5000e+00 epsZ=8.0000e-01 
New pars (   3): DC=6.8006e+00 r1=1.2000e+02 r2=8.5000e+02 p=6.5000e-01 epsV=1.5000e+00 epsZ=8.0000e-01 
New pars (   4): DC=6.7994e+00 r1=1.2000e+02 r2=8.5000e+02 p=6.5000e-01 epsV=1.5000e+00 epsZ=8.0000e-01 
New pars (   5): DC=6.8000e+00 r1=1.2000e+02 r2=8.5000e+02 p=6.5000e-01 epsV=1.5000e+00 epsZ=8.0000e-01 
New pars (   6): DC=6.8000e+00 r1=1.2000e+02 r2=8.5000e+02 p=6.5000e-01 epsV=1.5000e+00 epsZ=8.0000e-01 
New pars (   7): DC=6.8000e+00 r1=1.2000e+02 r2=8.5000e+02 p=6.5000e-01 epsV=1.5000e+00 epsZ=8.0000e-01 
New pars (   8): DC=6.8000e+00 r1=1.2000e+02 r2=8.5000e+02 p=6.5000e-01 epsV=1.5000e+00 epsZ=8.0000e-01 
New pars (   9): DC=6.8000e+00 r1=1.2000e+02 r2=8.5000e+02 p=6.5000e-01 epsV=1.5000e+00 epsZ=8.0000e-01 
New pars (  10): DC=6.8000e+00 r1=1.2000e+02 r2=8.5000e+02 p=6.5000e-01 epsV=1.5000e+00 epsZ=8.0000e-01 
New pars (  11): DC=6.8000e+00 r1=1.2000e+02 r2=8.5000e+02 p=6.5362e-01 epsV=1.5000e+00 epsZ=8.0000e-01 
New pars (  12): DC=6.8000e+00 r1=1.2000e+02 r2=8.5000e+02 p=6.4638e-01 epsV=1.5000e+00 epsZ=8.0000e-01 
New pars (  13): DC=6.8000e+00 r1=1.2000e+02 r2=8.5000e+02 p=6.5036e-01 epsV=1.5000e+00 epsZ=8.0000e-01 
New pars (  14): DC=6.8000e+00 r1=1.2000e+02 r2=8.5000e+02 p=6.4964e-01 epsV=1.5000e+00 epsZ=8.0000e-01 
New pars (  15): DC=6.8000e+00 r1=1.2000e+02 r2=8.5000e+02 p=6.5000e-01 epsV=1.5002e+00 epsZ=8.0000e-01 
New pars (  16): DC=6.7994e+00 r1=1.2000e+02 r2=8.5000e+02 p=6.5000e-01 epsV=1.5000e+00 epsZ=8.0000e-01 
New pars (  17): DC=6.7968e+00 r1=1.2000e+02 r2=8.5000e+02 p=6.5000e-01 epsV=1.5000e+00 epsZ=8.0000e-01 
New pars (  18): DC=6.7904e+00 r1=1.2000e+02 r2=8.5000e+02 p=6.5000e-01 epsV=1.5000e+00 epsZ=8.0000e-01 
New pars (  19): DC=6.7713e+00 r1=1.2000e+02 r2=8.5000e+02 p=6.5000e-01 epsV=1.5000e+00 epsZ=8.0000e-01 
New pars (  20): DC=6.7140e+00 r1=1.2000e+02 r2=8.5000e+02 p=6.5000e-01 epsV=1.5000e+00 epsZ=8.0000e-01 
New pars (  21): DC=6.5419e+00 r1=1.2000e+02 r2=8.5000e+02 p=6.5000e-01 epsV=1.5000e+00 epsZ=8.0000e-01 
New pars (  22): DC=6.1627e+00 r1=1.2000e+02 r2=8.5000e+02 p=6.5000e-01 epsV=1.5000e+00 epsZ=8.0000e-01 
New pars (  23): DC=6.1643e+00 r1=1.2000e+02 r2=8.5000e+02 p=6.5000e-01 epsV=1.5000e+00 epsZ=8.0000e-01 
New pars (  24): DC=6.1610e+00 r1=1.2000e+02 r2=8.5000e+02 p=6.5000e-01 epsV=1.5000e+00 epsZ=8.0000e-01 
New pars (  25): DC=6.1654e+00 r1=1.2000e+02 r2=8.5000e+02 p=6.5000e-01 epsV=1.5000e+00 epsZ=8.0000e-01 
New pars (  26): DC=6.1600e+00 r1=1.2000e+02 r2=8.5000e+02 p=6.5000e-01 epsV=1.5000e+00 epsZ=8.0000e-01 
New pars (  27): DC=6.1627e+00 r1=1.2000e+02 r2=8.5000e+02 p=6.5000e-01 epsV=1.5000e+00 epsZ=8.0000e-01 
New pars (  28): DC=6.1627e+00 r1=1.2000e+02 r2=8.5000e+02 p=6.5000e-01 epsV=1.5000e+00 epsZ=8.0000e-01 
New pars (  29): DC=6.1627e+00 r1=1.2000e+02 r2=8.5000e+02 p=6.5000e-01 epsV=1.5000e+00 epsZ=8.0000e-01 
New pars (  30): DC=6.1627e+00 r1=1.2000e+02 r2=8.5000e+02 p=6.5000e-01 epsV=1.5000e+00 epsZ=8.0000e-01 
New pars (  31): DC=6.1627e+00 r1=1.2000e+02 r2=8.5000e+02 p=6.5000e-01 epsV=1.5000e+00 epsZ=8.0000e-01 
New pars (  32): DC=6.1627e+00 r1=1.2000e+02 r2=8.5000e+02 p=6.5000e-01 epsV=1.5000e+00 epsZ=8.0000e-01 
New pars (  33): DC=6.1627e+00 r1=1.2000e+02 r2=8.5000e+02 p=6.5000e-01 epsV=1.5000e+00 epsZ=8.0000e-01 
New pars (  34): DC=6.1627e+00 r1=1.2000e+02 r2=8.5000e+02 p=6.5000e-01 epsV=1.5000e+00 epsZ=8.0000e-01 
New pars (  35): DC=6.1627e+00 r1=1.2000e+02 r2=8.5000e+02 p=6.5014e-01 epsV=1.5000e+00 epsZ=8.0000e-01 
New pars (  36): DC=6.1627e+00 r1=1.2000e+02 r2=8.5000e+02 p=6.4986e-01 epsV=1.5000e+00 epsZ=8.0000e-01 
New pars (  37): DC=6.1627e+00 r1=1.2000e+02 r2=8.5000e+02 p=6.5000e-01 epsV=1.5002e+00 epsZ=8.0000e-01 
New pars (  38): DC=6.1627e+00 r1=1.2000e+02 r2=8.5000e+02 p=6.5000e-01 epsV=1.5000e+00 epsZ=8.0000e-01 
New pars (  39): DC=6.1627e+00 r1=1.2000e+02 r2=8.5000e+02 p=6.5000e-01 epsV=1.5000e+00 epsZ=8.0000e-01 
New pars (  40): DC=6.1627e+00 r1=1.1999e+02 r2=8.5000e+02 p=6.5000e-01 epsV=1.5000e+00 epsZ=8.0000e-01 
New pars (  41): DC=6.1627e+00 r1=1.1998e+02 r2=8.5000e+02 p=6.5000e-01 epsV=1.5000e+00 epsZ=8.0000e-01 
New pars (  42): DC=6.1627e+00 r1=1.1993e+02 r2=8.5000e+02 p=6.5000e-01 epsV=1.5000e+00 epsZ=8.0000e-01 
New pars (  43): DC=6.1627e+00 r1=1.1980e+02 r2=8.5000e+02 p=6.5000e-01 epsV=1.5000e+00 epsZ=8.0000e-01 
New pars (  44): DC=6.1627e+00 r1=1.1950e+02 r2=8.5000e+02 p=6.5000e-01 epsV=1.5000e+00 epsZ=8.0000e-01 
New pars (  45): DC=6.1654e+00 r1=1.1950e+02 r2=8.5000e+02 p=6.5000e-01 epsV=1.5000e+00 epsZ=8.0000e-01 
New pars (  46): DC=6.1600e+00 r1=1.1950e+02 r2=8.5000e+02 p=6.5000e-01 epsV=1.5000e+00 epsZ=8.0000e-01 
New pars (  47): DC=6.1627e+00 r1=1.1950e+02 r2=8.5000e+02 p=6.5000e-01 epsV=1.5000e+00 epsZ=8.0000e-01 
New pars (  48): DC=6.1627e+00 r1=1.1950e+02 r2=8.5000e+02 p=6.5000e-01 epsV=1.5000e+00 epsZ=8.0000e-01 
New pars (  49): DC=6.1627e+00 r1=1.1950e+02 r2=8.5000e+02 p=6.5000e-01 epsV=1.5000e+00 epsZ=8.0000e-01 
New pars (  50): DC=6.1627e+00 r1=1.1950e+02 r2=8.5000e+02 p=6.5000e-01 epsV=1.5000e+00 epsZ=8.0000e-01 
New pars (  51): DC=6.1627e+00 r1=1.1950e+02 r2=8.5000e+02 p=6.5019e-01 epsV=1.5000e+00 epsZ=8.0000e-01 
New pars (  52): DC=6.1627e+00 r1=1.1950e+02 r2=8.5000e+02 p=6.4981e-01 epsV=1.5000e+00 epsZ=8.0000e-01 
New pars (  53): DC=6.1627e+00 r1=1.1950e+02 r2=8.5000e+02 p=6.5000e-01 epsV=1.5011e+00 epsZ=8.0000e-01 
New pars (  54): DC=6.1627e+00 r1=1.1950e+02 r2=8.5000e+02 p=6.5000e-01 epsV=1.5000e+00 epsZ=8.0000e-01 
New pars (  55): DC=6.1627e+00 r1=1.1950e+02 r2=8.5000e+02 p=6.5000e-01 epsV=1.5000e+00 epsZ=8.0000e-01 
New pars (  56): DC=6.1627e+00 r1=1.1949e+02 r2=8.5000e+02 p=6.5000e-01 epsV=1.5000e+00 epsZ=8.0000e-01 
New pars (  57): DC=6.1627e+00 r1=1.1946e+02 r2=8.5000e+02 p=6.5000e-01 epsV=1.5000e+00 epsZ=8.0000e-01 
New pars (  58): DC=6.1627e+00 r1=1.1938e+02 r2=8.5000e+02 p=6.5000e-01 epsV=1.5000e+00 epsZ=8.0000e-01 
New pars (  59): DC=6.1627e+00 r1=1.1915e+02 r2=8.5000e+02 p=6.5000e-01 epsV=1.5000e+00 epsZ=8.0000e-01 
New pars (  60): DC=6.1627e+00 r1=1.1862e+02 r2=8.5000e+02 p=6.5000e-01 epsV=1.5000e+00 epsZ=8.0000e-01 
New pars (  61): DC=6.1652e+00 r1=1.1862e+02 r2=8.5000e+02 p=6.5000e-01 epsV=1.5000e+00 epsZ=8.0000e-01 
New pars (  62): DC=6.1601e+00 r1=1.1862e+02 r2=8.5000e+02 p=6.5000e-01 epsV=1.5000e+00 epsZ=8.0000e-01 
New pars (  63): DC=6.1627e+00 r1=1.1862e+02 r2=8.5000e+02 p=6.5000e-01 epsV=1.5000e+00 epsZ=8.0000e-01 
New pars (  64): DC=6.1627e+00 r1=1.1862e+02 r2=8.5000e+02 p=6.5000e-01 epsV=1.5000e+00 epsZ=8.0000e-01 
New pars (  65): DC=6.1627e+00 r1=1.1862e+02 r2=8.5000e+02 p=6.5000e-01 epsV=1.5000e+00 epsZ=8.0000e-01 
New pars (  66): DC=6.1627e+00 r1=1.1862e+02 r2=8.5000e+02 p=6.5000e-01 epsV=1.5000e+00 epsZ=8.0000e-01 
New pars (  67): DC=6.1627e+00 r1=1.1862e+02 r2=8.5000e+02 p=6.5014e-01 epsV=1.5000e+00 epsZ=8.0000e-01 
New pars (  68): DC=6.1627e+00 r1=1.1862e+02 r2=8.5000e+02 p=6.4986e-01 epsV=1.5000e+00 epsZ=8.0000e-01 
New pars (  69): DC=6.1627e+00 r1=1.1862e+02 r2=8.5000e+02 p=6.5000e-01 epsV=1.5004e+00 epsZ=8.0000e-01 
New pars (  70): DC=6.1627e+00 r1=1.1862e+02 r2=8.5000e+02 p=6.5000e-01 epsV=1.5000e+00 epsZ=8.0000e-01 
New pars (  71): DC=6.1627e+00 r1=1.1861e+02 r2=8.5000e+02 p=6.5000e-01 epsV=1.5000e+00 epsZ=8.0000e-01 
New pars (  72): DC=6.1627e+00 r1=1.1859e+02 r2=8.5000e+02 p=6.5000e-01 epsV=1.5000e+00 epsZ=8.0000e-01 
New pars (  73): DC=6.1627e+00 r1=1.1852e+02 r2=8.5000e+02 p=6.5000e-01 epsV=1.5000e+00 epsZ=8.0000e-01 
New pars (  74): DC=6.1627e+00 r1=1.1832e+02 r2=8.5000e+02 p=6.5000e-01 epsV=1.5000e+00 epsZ=8.0000e-01 
New pars (  75): DC=6.1627e+00 r1=1.1770e+02 r2=8.5000e+02 p=6.5000e-01 epsV=1.5000e+00 epsZ=8.0000e-01 
New pars (  76): DC=6.1627e+00 r1=1.1635e+02 r2=8.5000e+02 p=6.5000e-01 epsV=1.5000e+00 epsZ=8.0000e-01 
New pars (  77): DC=6.1652e+00 r1=1.1635e+02 r2=8.5000e+02 p=6.5000e-01 epsV=1.5000e+00 epsZ=8.0000e-01 
New pars (  78): DC=6.1602e+00 r1=1.1635e+02 r2=8.5000e+02 p=6.5000e-01 epsV=1.5000e+00 epsZ=8.0000e-01 
New pars (  79): DC=6.1627e+00 r1=1.1635e+02 r2=8.5000e+02 p=6.5000e-01 epsV=1.5000e+00 epsZ=8.0000e-01 
New pars (  80): DC=6.1627e+00 r1=1.1634e+02 r2=8.5000e+02 p=6.5000e-01 epsV=1.5000e+00 epsZ=8.0000e-01 
New pars (  81): DC=6.1627e+00 r1=1.1635e+02 r2=8.5001e+02 p=6.5000e-01 epsV=1.5000e+00 epsZ=8.0000e-01 
New pars (  82): DC=6.1627e+00 r1=1.1635e+02 r2=8.4999e+02 p=6.5000e-01 epsV=1.5000e+00 epsZ=8.0000e-01 
New pars (  83): DC=6.1627e+00 r1=1.1635e+02 r2=8.5000e+02 p=6.5015e-01 epsV=1.5000e+00 epsZ=8.0000e-01 
New pars (  84): DC=6.1627e+00 r1=1.1635e+02 r2=8.5000e+02 p=6.4985e-01 epsV=1.5000e+00 epsZ=8.0000e-01 
New pars (  85): DC=6.1627e+00 r1=1.1635e+02 r2=8.5000e+02 p=6.5000e-01 epsV=1.5005e+00 epsZ=8.0000e-01 
New pars (  86): DC=6.1627e+00 r1=1.1634e+02 r2=8.5000e+02 p=6.5000e-01 epsV=1.5000e+00 epsZ=8.0000e-01 
New pars (  87): DC=6.1627e+00 r1=1.1632e+02 r2=8.5000e+02 p=6.5000e-01 epsV=1.5000e+00 epsZ=8.0000e-01 
New pars (  88): DC=6.1627e+00 r1=1.1626e+02 r2=8.5000e+02 p=6.5000e-01 epsV=1.5000e+00 epsZ=8.0000e-01 
New pars (  89): DC=6.1627e+00 r1=1.1608e+02 r2=8.5000e+02 p=6.5000e-01 epsV=1.5000e+00 epsZ=8.0000e-01 
New pars (  90): DC=6.1627e+00 r1=1.1555e+02 r2=8.5000e+02 p=6.5000e-01 epsV=1.5000e+00 epsZ=8.0000e-01 
New pars (  91): DC=6.1627e+00 r1=1.1397e+02 r2=8.5000e+02 p=6.5000e-01 epsV=1.5000e+00 epsZ=8.0000e-01 
New pars (  92): DC=6.1627e+00 r1=1.1047e+02 r2=8.5000e+02 p=6.5000e-01 epsV=1.5000e+00 epsZ=8.0000e-01 
New pars (  93): DC=6.1650e+00 r1=1.1047e+02 r2=8.5000e+02 p=6.5000e-01 epsV=1.5000e+00 epsZ=8.0000e-01 
New pars (  94): DC=6.1603e+00 r1=1.1047e+02 r2=8.5000e+02 p=6.5000e-01 epsV=1.5000e+00 epsZ=8.0000e-01 
New pars (  95): DC=6.1627e+00 r1=1.1048e+02 r2=8.5000e+02 p=6.5000e-01 epsV=1.5000e+00 epsZ=8.0000e-01 
New pars (  96): DC=6.1627e+00 r1=1.1045e+02 r2=8.5000e+02 p=6.5000e-01 epsV=1.5000e+00 epsZ=8.0000e-01 
New pars (  97): DC=6.1627e+00 r1=1.1054e+02 r2=8.5000e+02 p=6.5000e-01 epsV=1.5000e+00 epsZ=8.0000e-01 
New pars (  98): DC=6.1627e+00 r1=1.1040e+02 r2=8.5000e+02 p=6.5000e-01 epsV=1.5000e+00 epsZ=8.0000e-01 
New pars (  99): DC=6.1627e+00 r1=1.1047e+02 r2=8.5001e+02 p=6.5000e-01 epsV=1.5000e+00 epsZ=8.0000e-01 
New pars ( 100): DC=6.1627e+00 r1=1.1047e+02 r2=8.4999e+02 p=6.5000e-01 epsV=1.5000e+00 epsZ=8.0000e-01 
New pars ( 101): DC=6.1627e+00 r1=1.1047e+02 r2=8.5002e+02 p=6.5000e-01 epsV=1.5000e+00 epsZ=8.0000e-01 
New pars ( 102): DC=6.1627e+00 r1=1.1047e+02 r2=8.4998e+02 p=6.5000e-01 epsV=1.5000e+00 epsZ=8.0000e-01 
New pars ( 103): DC=6.1627e+00 r1=1.1047e+02 r2=8.5000e+02 p=6.5014e-01 epsV=1.5000e+00 epsZ=8.0000e-01 
New pars ( 104): DC=6.1627e+00 r1=1.1047e+02 r2=8.5000e+02 p=6.4986e-01 epsV=1.5000e+00 epsZ=8.0000e-01 
New pars ( 105): DC=6.1627e+00 r1=1.1047e+02 r2=8.5000e+02 p=6.5000e-01 epsV=1.5005e+00 epsZ=8.0000e-01 
New pars ( 106): DC=6.1627e+00 r1=1.1047e+02 r2=8.4998e+02 p=6.5000e-01 epsV=1.5000e+00 epsZ=8.0000e-01 
New pars ( 107): DC=6.1627e+00 r1=1.1047e+02 r2=8.4990e+02 p=6.5000e-01 epsV=1.5000e+00 epsZ=8.0000e-01 
New pars ( 108): DC=6.1627e+00 r1=1.1047e+02 r2=8.4971e+02 p=6.5000e-01 epsV=1.5000e+00 epsZ=8.0000e-01 
New pars ( 109): DC=6.1627e+00 r1=1.1047e+02 r2=8.4913e+02 p=6.5000e-01 epsV=1.5000e+00 epsZ=8.0000e-01 
New pars ( 110): DC=6.1627e+00 r1=1.1047e+02 r2=8.4739e+02 p=6.5000e-01 epsV=1.5000e+00 epsZ=8.0000e-01 
New pars ( 111): DC=6.1627e+00 r1=1.1047e+02 r2=8.4217e+02 p=6.5000e-01 epsV=1.5000e+00 epsZ=8.0000e-01 
New pars ( 112): DC=6.1627e+00 r1=1.1047e+02 r2=8.3067e+02 p=6.5000e-01 epsV=1.5000e+00 epsZ=8.0000e-01 
New pars ( 113): DC=6.1648e+00 r1=1.1047e+02 r2=8.3067e+02 p=6.5000e-01 epsV=1.5000e+00 epsZ=8.0000e-01 
New pars ( 114): DC=6.1606e+00 r1=1.1047e+02 r2=8.3067e+02 p=6.5000e-01 epsV=1.5000e+00 epsZ=8.0000e-01 
New pars ( 115): DC=6.1627e+00 r1=1.1050e+02 r2=8.3067e+02 p=6.5000e-01 epsV=1.5000e+00 epsZ=8.0000e-01 
New pars ( 116): DC=6.1627e+00 r1=1.1044e+02 r2=8.3067e+02 p=6.5000e-01 epsV=1.5000e+00 epsZ=8.0000e-01 
New pars ( 117): DC=6.1627e+00 r1=1.1047e+02 r2=8.3070e+02 p=6.5000e-01 epsV=1.5000e+00 epsZ=8.0000e-01 
New pars ( 118): DC=6.1627e+00 r1=1.1047e+02 r2=8.3064e+02 p=6.5000e-01 epsV=1.5000e+00 epsZ=8.0000e-01 
New pars ( 119): DC=6.1627e+00 r1=1.1047e+02 r2=8.3079e+02 p=6.5000e-01 epsV=1.5000e+00 epsZ=8.0000e-01 
New pars ( 120): DC=6.1627e+00 r1=1.1047e+02 r2=8.3055e+02 p=6.5000e-01 epsV=1.5000e+00 epsZ=8.0000e-01 
New pars ( 121): DC=6.1627e+00 r1=1.1047e+02 r2=8.3067e+02 p=6.5013e-01 epsV=1.5000e+00 epsZ=8.0000e-01 
New pars ( 122): DC=6.1627e+00 r1=1.1047e+02 r2=8.3067e+02 p=6.4987e-01 epsV=1.5000e+00 epsZ=8.0000e-01 
New pars ( 123): DC=6.1627e+00 r1=1.1047e+02 r2=8.3067e+02 p=6.5000e-01 epsV=1.5005e+00 epsZ=8.0000e-01 
New pars ( 124): DC=5.7072e+00 r1=4.9373e+01 r2=7.1580e+02 p=3.8513e-01 epsV=9.8179e-01 epsZ=2.3573e-01 
New pars ( 125): DC=6.0521e+00 r1=9.5640e+01 r2=8.0279e+02 p=5.8571e-01 epsV=1.3742e+00 epsZ=6.6304e-01 
New pars ( 126): DC=6.0533e+00 r1=9.5640e+01 r2=8.0279e+02 p=5.8571e-01 epsV=1.3742e+00 epsZ=6.6304e-01 
New pars ( 127): DC=6.0510e+00 r1=9.5640e+01 r2=8.0279e+02 p=5.8571e-01 epsV=1.3742e+00 epsZ=6.6304e-01 
New pars ( 128): DC=6.0521e+00 r1=9.5659e+01 r2=8.0279e+02 p=5.8571e-01 epsV=1.3742e+00 epsZ=6.6304e-01 
New pars ( 129): DC=6.0521e+00 r1=9.5621e+01 r2=8.0279e+02 p=5.8571e-01 epsV=1.3742e+00 epsZ=6.6304e-01 
New pars ( 130): DC=6.0521e+00 r1=9.5654e+01 r2=8.0279e+02 p=5.8571e-01 epsV=1.3742e+00 epsZ=6.6304e-01 
New pars ( 131): DC=6.0521e+00 r1=9.5626e+01 r2=8.0279e+02 p=5.8571e-01 epsV=1.3742e+00 epsZ=6.6304e-01 
New pars ( 132): DC=6.0521e+00 r1=9.5640e+01 r2=8.0283e+02 p=5.8571e-01 epsV=1.3742e+00 epsZ=6.6304e-01 
New pars ( 133): DC=6.0521e+00 r1=9.5640e+01 r2=8.0275e+02 p=5.8571e-01 epsV=1.3742e+00 epsZ=6.6304e-01 
New pars ( 134): DC=6.0521e+00 r1=9.5640e+01 r2=8.0281e+02 p=5.8571e-01 epsV=1.3742e+00 epsZ=6.6304e-01 
New pars ( 135): DC=6.0521e+00 r1=9.5640e+01 r2=8.0276e+02 p=5.8571e-01 epsV=1.3742e+00 epsZ=6.6304e-01 
New pars ( 136): DC=6.0521e+00 r1=9.5640e+01 r2=8.0279e+02 p=5.8578e-01 epsV=1.3742e+00 epsZ=6.6304e-01 
New pars ( 137): DC=6.0521e+00 r1=9.5640e+01 r2=8.0279e+02 p=5.8564e-01 epsV=1.3742e+00 epsZ=6.6304e-01 
New pars ( 138): DC=6.0521e+00 r1=9.5640e+01 r2=8.0279e+02 p=5.8574e-01 epsV=1.3742e+00 epsZ=6.6304e-01 
New pars ( 139): DC=6.0521e+00 r1=9.5640e+01 r2=8.0279e+02 p=5.8568e-01 epsV=1.3742e+00 epsZ=6.6304e-01 
New pars ( 140): DC=6.0521e+00 r1=9.5640e+01 r2=8.0279e+02 p=5.8571e-01 epsV=1.3745e+00 epsZ=6.6304e-01 
New pars ( 141): DC=7.5178e+00 r1=8.8491e+01 r2=7.9926e+02 p=4.9285e-01 epsV=1.5269e+00 epsZ=8.4845e-01 
New pars ( 142): DC=7.2765e+00 r1=8.9668e+01 r2=7.9984e+02 p=5.0814e-01 epsV=1.5018e+00 epsZ=8.1793e-01 
New pars ( 143): DC=7.2768e+00 r1=8.9668e+01 r2=7.9984e+02 p=5.0814e-01 epsV=1.5018e+00 epsZ=8.1793e-01 
New pars ( 144): DC=7.2763e+00 r1=8.9668e+01 r2=7.9984e+02 p=5.0814e-01 epsV=1.5018e+00 epsZ=8.1793e-01 
New pars ( 145): DC=7.2769e+00 r1=8.9668e+01 r2=7.9984e+02 p=5.0814e-01 epsV=1.5018e+00 epsZ=8.1793e-01 
New pars ( 146): DC=7.2761e+00 r1=8.9668e+01 r2=7.9984e+02 p=5.0814e-01 epsV=1.5018e+00 epsZ=8.1793e-01 
New pars ( 147): DC=7.2765e+00 r1=8.9670e+01 r2=7.9984e+02 p=5.0814e-01 epsV=1.5018e+00 epsZ=8.1793e-01 
New pars ( 148): DC=7.2765e+00 r1=8.9665e+01 r2=7.9984e+02 p=5.0814e-01 epsV=1.5018e+00 epsZ=8.1793e-01 
New pars ( 149): DC=7.2765e+00 r1=8.9668e+01 r2=7.9984e+02 p=5.0814e-01 epsV=1.5018e+00 epsZ=8.1793e-01 
New pars ( 150): DC=7.2765e+00 r1=8.9668e+01 r2=7.9984e+02 p=5.0814e-01 epsV=1.5018e+00 epsZ=8.1793e-01 
New pars ( 151): DC=7.2765e+00 r1=8.9668e+01 r2=7.9984e+02 p=5.0814e-01 epsV=1.5018e+00 epsZ=8.1793e-01 
New pars ( 152): DC=7.2765e+00 r1=8.9668e+01 r2=7.9984e+02 p=5.0814e-01 epsV=1.5018e+00 epsZ=8.1793e-01 
New pars ( 153): DC=7.2765e+00 r1=8.9668e+01 r2=7.9984e+02 p=5.0814e-01 epsV=1.5018e+00 epsZ=8.1793e-01 
New pars ( 154): DC=7.2765e+00 r1=8.9668e+01 r2=7.9984e+02 p=5.0813e-01 epsV=1.5018e+00 epsZ=8.1793e-01 
New pars ( 155): DC=7.2765e+00 r1=8.9668e+01 r2=7.9984e+02 p=5.0814e-01 epsV=1.5018e+00 epsZ=8.1793e-01 
New pars ( 156): DC=7.2765e+00 r1=8.9668e+01 r2=7.9984e+02 p=5.0813e-01 epsV=1.5018e+00 epsZ=8.1793e-01 
New pars ( 157): DC=7.2765e+00 r1=8.9668e+01 r2=7.9984e+02 p=5.0814e-01 epsV=1.5018e+00 epsZ=8.1793e-01 
New pars ( 158): DC=7.3232e+00 r1=9.0463e+01 r2=7.9803e+02 p=5.0527e-01 epsV=1.4885e+00 epsZ=8.0942e-01 
New pars ( 159): DC=7.3404e+00 r1=9.0755e+01 r2=7.9737e+02 p=5.0422e-01 epsV=1.4836e+00 epsZ=8.0630e-01 
New pars ( 160): DC=7.3407e+00 r1=9.0755e+01 r2=7.9737e+02 p=5.0422e-01 epsV=1.4836e+00 epsZ=8.0630e-01 
New pars ( 161): DC=7.3400e+00 r1=9.0755e+01 r2=7.9737e+02 p=5.0422e-01 epsV=1.4836e+00 epsZ=8.0630e-01 
New pars ( 162): DC=7.3406e+00 r1=9.0755e+01 r2=7.9737e+02 p=5.0422e-01 epsV=1.4836e+00 epsZ=8.0630e-01 
New pars ( 163): DC=7.3401e+00 r1=9.0755e+01 r2=7.9737e+02 p=5.0422e-01 epsV=1.4836e+00 epsZ=8.0630e-01 
New pars ( 164): DC=7.3404e+00 r1=9.0757e+01 r2=7.9737e+02 p=5.0422e-01 epsV=1.4836e+00 epsZ=8.0630e-01 
New pars ( 165): DC=7.3404e+00 r1=9.0752e+01 r2=7.9737e+02 p=5.0422e-01 epsV=1.4836e+00 epsZ=8.0630e-01 
New pars ( 166): DC=7.3404e+00 r1=9.0755e+01 r2=7.9737e+02 p=5.0422e-01 epsV=1.4836e+00 epsZ=8.0630e-01 
New pars ( 167): DC=7.3404e+00 r1=9.0755e+01 r2=7.9736e+02 p=5.0422e-01 epsV=1.4836e+00 epsZ=8.0630e-01 
New pars ( 168): DC=7.3404e+00 r1=9.0755e+01 r2=7.9737e+02 p=5.0422e-01 epsV=1.4836e+00 epsZ=8.0630e-01 
New pars ( 169): DC=7.3404e+00 r1=9.0755e+01 r2=7.9737e+02 p=5.0422e-01 epsV=1.4836e+00 epsZ=8.0630e-01 
New pars ( 170): DC=7.3404e+00 r1=9.0755e+01 r2=7.9737e+02 p=5.0422e-01 epsV=1.4836e+00 epsZ=8.0630e-01 
New pars ( 171): DC=7.3825e+00 r1=9.2094e+01 r2=7.9626e+02 p=5.0261e-01 epsV=1.4835e+00 epsZ=7.9497e-01 
New pars ( 172): DC=7.5481e+00 r1=9.7363e+01 r2=7.9189e+02 p=4.9628e-01 epsV=1.4830e+00 epsZ=7.5039e-01 
New pars ( 173): DC=7.5483e+00 r1=9.7363e+01 r2=7.9189e+02 p=4.9628e-01 epsV=1.4830e+00 epsZ=7.5039e-01 
New pars ( 174): DC=7.5479e+00 r1=9.7363e+01 r2=7.9189e+02 p=4.9628e-01 epsV=1.4830e+00 epsZ=7.5039e-01 
New pars ( 175): DC=7.5484e+00 r1=9.7363e+01 r2=7.9189e+02 p=4.9628e-01 epsV=1.4830e+00 epsZ=7.5039e-01 
New pars ( 176): DC=7.5477e+00 r1=9.7363e+01 r2=7.9189e+02 p=4.9628e-01 epsV=1.4830e+00 epsZ=7.5039e-01 
New pars ( 177): DC=7.5481e+00 r1=9.7365e+01 r2=7.9189e+02 p=4.9628e-01 epsV=1.4830e+00 epsZ=7.5039e-01 
New pars ( 178): DC=7.5481e+00 r1=9.7361e+01 r2=7.9189e+02 p=4.9628e-01 epsV=1.4830e+00 epsZ=7.5039e-01 
New pars ( 179): DC=7.5481e+00 r1=9.7363e+01 r2=7.9189e+02 p=4.9628e-01 epsV=1.4830e+00 epsZ=7.5039e-01 
New pars ( 180): DC=7.5481e+00 r1=9.7363e+01 r2=7.9189e+02 p=4.9628e-01 epsV=1.4830e+00 epsZ=7.5039e-01 
New pars ( 181): DC=7.5481e+00 r1=9.7363e+01 r2=7.9189e+02 p=4.9628e-01 epsV=1.4830e+00 epsZ=7.5039e-01 
New pars ( 182): DC=7.5481e+00 r1=9.7363e+01 r2=7.9189e+02 p=4.9628e-01 epsV=1.4830e+00 epsZ=7.5039e-01 
New pars ( 183): DC=7.5481e+00 r1=9.7363e+01 r2=7.9189e+02 p=4.9628e-01 epsV=1.4830e+00 epsZ=7.5039e-01 
New pars ( 184): DC=7.5481e+00 r1=9.7363e+01 r2=7.9189e+02 p=4.9628e-01 epsV=1.4830e+00 epsZ=7.5039e-01 
New pars ( 185): DC=7.5481e+00 r1=9.7363e+01 r2=7.9189e+02 p=4.9628e-01 epsV=1.4830e+00 epsZ=7.5039e-01 
New pars ( 186): DC=7.5481e+00 r1=9.7363e+01 r2=7.9189e+02 p=4.9628e-01 epsV=1.4830e+00 epsZ=7.5039e-01 
New pars ( 187): DC=7.5481e+00 r1=9.7363e+01 r2=7.9189e+02 p=4.9628e-01 epsV=1.4830e+00 epsZ=7.5039e-01 
New pars ( 188): DC=7.5168e+00 r1=9.9266e+01 r2=7.9076e+02 p=4.9614e-01 epsV=1.4814e+00 epsZ=7.3727e-01 
New pars ( 189): DC=7.4929e+00 r1=1.0072e+02 r2=7.8989e+02 p=4.9604e-01 epsV=1.4802e+00 epsZ=7.2725e-01 
New pars ( 190): DC=7.4932e+00 r1=1.0072e+02 r2=7.8989e+02 p=4.9604e-01 epsV=1.4802e+00 epsZ=7.2725e-01 
New pars ( 191): DC=7.4926e+00 r1=1.0072e+02 r2=7.8989e+02 p=4.9604e-01 epsV=1.4802e+00 epsZ=7.2725e-01 
New pars ( 192): DC=7.4931e+00 r1=1.0072e+02 r2=7.8989e+02 p=4.9604e-01 epsV=1.4802e+00 epsZ=7.2725e-01 
New pars ( 193): DC=7.4927e+00 r1=1.0072e+02 r2=7.8989e+02 p=4.9604e-01 epsV=1.4802e+00 epsZ=7.2725e-01 
New pars ( 194): DC=7.4929e+00 r1=1.0072e+02 r2=7.8989e+02 p=4.9604e-01 epsV=1.4802e+00 epsZ=7.2725e-01 
New pars ( 195): DC=7.4929e+00 r1=1.0072e+02 r2=7.8989e+02 p=4.9604e-01 epsV=1.4802e+00 epsZ=7.2725e-01 
New pars ( 196): DC=7.4929e+00 r1=1.0072e+02 r2=7.8989e+02 p=4.9604e-01 epsV=1.4802e+00 epsZ=7.2725e-01 
New pars ( 197): DC=7.4929e+00 r1=1.0072e+02 r2=7.8989e+02 p=4.9604e-01 epsV=1.4802e+00 epsZ=7.2725e-01 
New pars ( 198): DC=7.4929e+00 r1=1.0072e+02 r2=7.8989e+02 p=4.9604e-01 epsV=1.4802e+00 epsZ=7.2725e-01 
New pars ( 199): DC=7.4929e+00 r1=1.0072e+02 r2=7.8989e+02 p=4.9604e-01 epsV=1.4802e+00 epsZ=7.2725e-01 
New pars ( 200): DC=7.4929e+00 r1=1.0072e+02 r2=7.8989e+02 p=4.9604e-01 epsV=1.4802e+00 epsZ=7.2725e-01 
New pars ( 201): DC=7.4623e+00 r1=1.0154e+02 r2=7.8938e+02 p=4.9342e-01 epsV=1.4839e+00 epsZ=7.2582e-01 
New pars ( 202): DC=7.3667e+00 r1=1.0412e+02 r2=7.8779e+02 p=4.8525e-01 epsV=1.4956e+00 epsZ=7.2136e-01 
New pars ( 203): DC=7.3669e+00 r1=1.0412e+02 r2=7.8779e+02 p=4.8525e-01 epsV=1.4956e+00 epsZ=7.2136e-01 
New pars ( 204): DC=7.3665e+00 r1=1.0412e+02 r2=7.8779e+02 p=4.8525e-01 epsV=1.4956e+00 epsZ=7.2136e-01 
New pars ( 205): DC=7.3667e+00 r1=1.0413e+02 r2=7.8779e+02 p=4.8525e-01 epsV=1.4956e+00 epsZ=7.2136e-01 
New pars ( 206): DC=7.3667e+00 r1=1.0412e+02 r2=7.8779e+02 p=4.8525e-01 epsV=1.4956e+00 epsZ=7.2136e-01 
New pars ( 207): DC=7.3667e+00 r1=1.0413e+02 r2=7.8779e+02 p=4.8525e-01 epsV=1.4956e+00 epsZ=7.2136e-01 
New pars ( 208): DC=7.3667e+00 r1=1.0412e+02 r2=7.8779e+02 p=4.8525e-01 epsV=1.4956e+00 epsZ=7.2136e-01 
New pars ( 209): DC=7.3667e+00 r1=1.0412e+02 r2=7.8779e+02 p=4.8525e-01 epsV=1.4956e+00 epsZ=7.2136e-01 
New pars ( 210): DC=7.3667e+00 r1=1.0412e+02 r2=7.8779e+02 p=4.8525e-01 epsV=1.4956e+00 epsZ=7.2136e-01 
New pars ( 211): DC=7.3667e+00 r1=1.0412e+02 r2=7.8779e+02 p=4.8525e-01 epsV=1.4956e+00 epsZ=7.2136e-01 
New pars ( 212): DC=7.3667e+00 r1=1.0412e+02 r2=7.8779e+02 p=4.8525e-01 epsV=1.4956e+00 epsZ=7.2136e-01 
New pars ( 213): DC=7.3667e+00 r1=1.0412e+02 r2=7.8779e+02 p=4.8525e-01 epsV=1.4956e+00 epsZ=7.2136e-01 
New pars ( 214): DC=7.3667e+00 r1=1.0412e+02 r2=7.8779e+02 p=4.8525e-01 epsV=1.4956e+00 epsZ=7.2136e-01 
New pars ( 215): DC=7.3667e+00 r1=1.0412e+02 r2=7.8779e+02 p=4.8525e-01 epsV=1.4956e+00 epsZ=7.2136e-01 
New pars ( 216): DC=7.3667e+00 r1=1.0412e+02 r2=7.8779e+02 p=4.8525e-01 epsV=1.4956e+00 epsZ=7.2136e-01 
New pars ( 217): DC=7.3667e+00 r1=1.0412e+02 r2=7.8779e+02 p=4.8525e-01 epsV=1.4956e+00 epsZ=7.2136e-01 
New pars ( 218): DC=7.3652e+00 r1=1.0396e+02 r2=7.8792e+02 p=4.8564e-01 epsV=1.4953e+00 epsZ=7.2245e-01 
New pars ( 219): DC=7.3654e+00 r1=1.0396e+02 r2=7.8792e+02 p=4.8564e-01 epsV=1.4953e+00 epsZ=7.2245e-01 
New pars ( 220): DC=7.3650e+00 r1=1.0396e+02 r2=7.8792e+02 p=4.8564e-01 epsV=1.4953e+00 epsZ=7.2245e-01 
New pars ( 221): DC=7.3652e+00 r1=1.0397e+02 r2=7.8792e+02 p=4.8564e-01 epsV=1.4953e+00 epsZ=7.2245e-01 
New pars ( 222): DC=7.3652e+00 r1=1.0396e+02 r2=7.8792e+02 p=4.8564e-01 epsV=1.4953e+00 epsZ=7.2245e-01 
New pars ( 223): DC=7.3652e+00 r1=1.0396e+02 r2=7.8792e+02 p=4.8564e-01 epsV=1.4953e+00 epsZ=7.2245e-01 
New pars ( 224): DC=7.3652e+00 r1=1.0396e+02 r2=7.8791e+02 p=4.8564e-01 epsV=1.4953e+00 epsZ=7.2245e-01 
New pars ( 225): DC=7.3652e+00 r1=1.0396e+02 r2=7.8792e+02 p=4.8565e-01 epsV=1.4953e+00 epsZ=7.2245e-01 
New pars ( 226): DC=7.3652e+00 r1=1.0396e+02 r2=7.8792e+02 p=4.8564e-01 epsV=1.4953e+00 epsZ=7.2245e-01 
New pars ( 227): DC=7.3652e+00 r1=1.0396e+02 r2=7.8792e+02 p=4.8565e-01 epsV=1.4953e+00 epsZ=7.2245e-01 
New pars ( 228): DC=7.3652e+00 r1=1.0396e+02 r2=7.8792e+02 p=4.8564e-01 epsV=1.4953e+00 epsZ=7.2245e-01 
New pars ( 229): DC=7.3652e+00 r1=1.0396e+02 r2=7.8792e+02 p=4.8564e-01 epsV=1.4953e+00 epsZ=7.2245e-01 
New pars ( 230): DC=7.3651e+00 r1=1.0396e+02 r2=7.8791e+02 p=4.8566e-01 epsV=1.4953e+00 epsZ=7.2266e-01 
New pars ( 231): DC=7.3645e+00 r1=1.0395e+02 r2=7.8790e+02 p=4.8570e-01 epsV=1.4951e+00 epsZ=7.2352e-01 
New pars ( 232): DC=7.3631e+00 r1=1.0391e+02 r2=7.8788e+02 p=4.8582e-01 epsV=1.4947e+00 epsZ=7.2566e-01 
New pars ( 233): DC=7.3633e+00 r1=1.0391e+02 r2=7.8788e+02 p=4.8582e-01 epsV=1.4947e+00 epsZ=7.2566e-01 
New pars ( 234): DC=7.3628e+00 r1=1.0391e+02 r2=7.8788e+02 p=4.8582e-01 epsV=1.4947e+00 epsZ=7.2566e-01 
New pars ( 235): DC=7.3631e+00 r1=1.0392e+02 r2=7.8788e+02 p=4.8582e-01 epsV=1.4947e+00 epsZ=7.2566e-01 
New pars ( 236): DC=7.3631e+00 r1=1.0391e+02 r2=7.8788e+02 p=4.8582e-01 epsV=1.4947e+00 epsZ=7.2566e-01 
New pars ( 237): DC=7.3631e+00 r1=1.0391e+02 r2=7.8788e+02 p=4.8582e-01 epsV=1.4947e+00 epsZ=7.2566e-01 
New pars ( 238): DC=7.3631e+00 r1=1.0391e+02 r2=7.8787e+02 p=4.8582e-01 epsV=1.4947e+00 epsZ=7.2566e-01 
New pars ( 239): DC=7.3631e+00 r1=1.0391e+02 r2=7.8788e+02 p=4.8582e-01 epsV=1.4947e+00 epsZ=7.2566e-01 
New pars ( 240): DC=7.3631e+00 r1=1.0391e+02 r2=7.8788e+02 p=4.8581e-01 epsV=1.4947e+00 epsZ=7.2566e-01 
New pars ( 241): DC=7.3631e+00 r1=1.0391e+02 r2=7.8788e+02 p=4.8583e-01 epsV=1.4947e+00 epsZ=7.2566e-01 
New pars ( 242): DC=7.3631e+00 r1=1.0391e+02 r2=7.8788e+02 p=4.8581e-01 epsV=1.4947e+00 epsZ=7.2566e-01 
New pars ( 243): DC=7.3631e+00 r1=1.0391e+02 r2=7.8788e+02 p=4.8582e-01 epsV=1.4947e+00 epsZ=7.2566e-01 
New pars ( 244): DC=7.3635e+00 r1=1.0396e+02 r2=7.8775e+02 p=4.8584e-01 epsV=1.4940e+00 epsZ=7.2774e-01 
New pars ( 245): DC=7.3651e+00 r1=1.0416e+02 r2=7.8726e+02 p=4.8594e-01 epsV=1.4912e+00 epsZ=7.3606e-01 
New pars ( 246): DC=7.3692e+00 r1=1.0464e+02 r2=7.8602e+02 p=4.8619e-01 epsV=1.4841e+00 epsZ=7.5685e-01 
New pars ( 247): DC=7.3702e+00 r1=1.0477e+02 r2=7.8571e+02 p=4.8625e-01 epsV=1.4823e+00 epsZ=7.6213e-01 
New pars ( 248): DC=7.3705e+00 r1=1.0477e+02 r2=7.8571e+02 p=4.8625e-01 epsV=1.4823e+00 epsZ=7.6213e-01 
New pars ( 249): DC=7.3700e+00 r1=1.0477e+02 r2=7.8571e+02 p=4.8625e-01 epsV=1.4823e+00 epsZ=7.6213e-01 
New pars ( 250): DC=7.3702e+00 r1=1.0477e+02 r2=7.8571e+02 p=4.8625e-01 epsV=1.4823e+00 epsZ=7.6213e-01 
New pars ( 251): DC=7.3702e+00 r1=1.0476e+02 r2=7.8571e+02 p=4.8625e-01 epsV=1.4823e+00 epsZ=7.6213e-01 
New pars ( 252): DC=7.3702e+00 r1=1.0477e+02 r2=7.8572e+02 p=4.8625e-01 epsV=1.4823e+00 epsZ=7.6213e-01 
New pars ( 253): DC=7.3702e+00 r1=1.0477e+02 r2=7.8570e+02 p=4.8625e-01 epsV=1.4823e+00 epsZ=7.6213e-01 
New pars ( 254): DC=7.3702e+00 r1=1.0477e+02 r2=7.8571e+02 p=4.8626e-01 epsV=1.4823e+00 epsZ=7.6213e-01 
New pars ( 255): DC=7.3702e+00 r1=1.0477e+02 r2=7.8571e+02 p=4.8624e-01 epsV=1.4823e+00 epsZ=7.6213e-01 
New pars ( 256): DC=7.3702e+00 r1=1.0477e+02 r2=7.8571e+02 p=4.8625e-01 epsV=1.4823e+00 epsZ=7.6213e-01 
New pars ( 257): DC=7.3700e+00 r1=1.0480e+02 r2=7.8562e+02 p=4.8634e-01 epsV=1.4818e+00 epsZ=7.6396e-01 
New pars ( 258): DC=7.3702e+00 r1=1.0480e+02 r2=7.8562e+02 p=4.8634e-01 epsV=1.4818e+00 epsZ=7.6396e-01 
New pars ( 259): DC=7.3697e+00 r1=1.0480e+02 r2=7.8562e+02 p=4.8634e-01 epsV=1.4818e+00 epsZ=7.6396e-01 
New pars ( 260): DC=7.3700e+00 r1=1.0481e+02 r2=7.8562e+02 p=4.8634e-01 epsV=1.4818e+00 epsZ=7.6396e-01 
New pars ( 261): DC=7.3700e+00 r1=1.0480e+02 r2=7.8562e+02 p=4.8634e-01 epsV=1.4818e+00 epsZ=7.6396e-01 
New pars ( 262): DC=7.3700e+00 r1=1.0480e+02 r2=7.8563e+02 p=4.8634e-01 epsV=1.4818e+00 epsZ=7.6396e-01 
New pars ( 263): DC=7.3700e+00 r1=1.0480e+02 r2=7.8561e+02 p=4.8634e-01 epsV=1.4818e+00 epsZ=7.6396e-01 
New pars ( 264): DC=7.3700e+00 r1=1.0480e+02 r2=7.8562e+02 p=4.8635e-01 epsV=1.4818e+00 epsZ=7.6396e-01 
New pars ( 265): DC=7.3700e+00 r1=1.0480e+02 r2=7.8562e+02 p=4.8633e-01 epsV=1.4818e+00 epsZ=7.6396e-01 
New pars ( 266): DC=7.3700e+00 r1=1.0480e+02 r2=7.8562e+02 p=4.8634e-01 epsV=1.4819e+00 epsZ=7.6396e-01 
New pars ( 267): DC=7.3699e+00 r1=1.0480e+02 r2=7.8562e+02 p=4.8634e-01 epsV=1.4818e+00 epsZ=7.6394e-01 
New pars ( 268): DC=7.3699e+00 r1=1.0480e+02 r2=7.8562e+02 p=4.8634e-01 epsV=1.4818e+00 epsZ=7.6396e-01 
New pars ( 269): DC=7.3700e+00 r1=1.0480e+02 r2=7.8562e+02 p=4.8634e-01 epsV=1.4818e+00 epsZ=7.6396e-01 
New pars ( 270): DC=7.3700e+00 r1=1.0480e+02 r2=7.8562e+02 p=4.8634e-01 epsV=1.4818e+00 epsZ=7.6396e-01 
New pars ( 271): DC=7.3702e+00 r1=1.0480e+02 r2=7.8562e+02 p=4.8634e-01 epsV=1.4818e+00 epsZ=7.6396e-01 
New pars ( 272): DC=7.3697e+00 r1=1.0480e+02 r2=7.8562e+02 p=4.8634e-01 epsV=1.4818e+00 epsZ=7.6396e-01 
New pars ( 273): DC=7.3700e+00 r1=1.0481e+02 r2=7.8562e+02 p=4.8634e-01 epsV=1.4818e+00 epsZ=7.6396e-01 
New pars ( 274): DC=7.3700e+00 r1=1.0480e+02 r2=7.8562e+02 p=4.8634e-01 epsV=1.4818e+00 epsZ=7.6396e-01 
New pars ( 275): DC=7.3700e+00 r1=1.0480e+02 r2=7.8563e+02 p=4.8634e-01 epsV=1.4818e+00 epsZ=7.6396e-01 
New pars ( 276): DC=7.3700e+00 r1=1.0480e+02 r2=7.8561e+02 p=4.8634e-01 epsV=1.4818e+00 epsZ=7.6396e-01 
New pars ( 277): DC=7.3700e+00 r1=1.0480e+02 r2=7.8562e+02 p=4.8635e-01 epsV=1.4818e+00 epsZ=7.6396e-01 
New pars ( 278): DC=7.3700e+00 r1=1.0480e+02 r2=7.8562e+02 p=4.8633e-01 epsV=1.4818e+00 epsZ=7.6396e-01 
New pars ( 279): DC=7.3700e+00 r1=1.0480e+02 r2=7.8562e+02 p=4.8634e-01 epsV=1.4819e+00 epsZ=7.6396e-01 
New pars ( 280): DC=7.3700e+00 r1=1.0480e+02 r2=7.8562e+02 p=4.8634e-01 epsV=1.4818e+00 epsZ=7.6396e-01 
New pars ( 281): DC=7.3699e+00 r1=1.0480e+02 r2=7.8562e+02 p=4.8634e-01 epsV=1.4818e+00 epsZ=7.6396e-01 
New pars ( 282): DC=7.3700e+00 r1=1.0480e+02 r2=7.8562e+02 p=4.8634e-01 epsV=1.4818e+00 epsZ=7.6396e-01 
New pars ( 283): DC=7.3700e+00 r1=1.0480e+02 r2=7.8562e+02 p=4.8634e-01 epsV=1.4818e+00 epsZ=7.6396e-01 
New pars ( 284): DC=7.3700e+00 r1=1.0480e+02 r2=7.8562e+02 p=4.8634e-01 epsV=1.4818e+00 epsZ=7.6396e-01 
New pars ( 285): DC=7.3700e+00 r1=1.0480e+02 r2=7.8562e+02 p=4.8634e-01 epsV=1.4818e+00 epsZ=7.6396e-01 
New pars ( 286): DC=7.3700e+00 r1=1.0480e+02 r2=7.8562e+02 p=4.8634e-01 epsV=1.4818e+00 epsZ=7.6396e-01 
New pars ( 287): DC=7.3700e+00 r1=1.0480e+02 r2=7.8562e+02 p=4.8634e-01 epsV=1.4818e+00 epsZ=7.6396e-01 
New pars ( 288): DC=7.3700e+00 r1=1.0480e+02 r2=7.8562e+02 p=4.8634e-01 epsV=1.4818e+00 epsZ=7.6396e-01 
New pars ( 289): DC=7.3700e+00 r1=1.0480e+02 r2=7.8562e+02 p=4.8634e-01 epsV=1.4818e+00 epsZ=7.6396e-01 
New pars ( 290): DC=7.3700e+00 r1=1.0480e+02 r2=7.8562e+02 p=4.8634e-01 epsV=1.4818e+00 epsZ=7.6396e-01 
New pars ( 291): DC=7.3700e+00 r1=1.0480e+02 r2=7.8562e+02 p=4.8634e-01 epsV=1.4818e+00 epsZ=7.6396e-01 
New pars ( 292): DC=7.3700e+00 r1=1.0480e+02 r2=7.8562e+02 p=4.8635e-01 epsV=1.4818e+00 epsZ=7.6396e-01 
New pars ( 293): DC=7.3700e+00 r1=1.0480e+02 r2=7.8562e+02 p=4.8634e-01 epsV=1.4818e+00 epsZ=7.6396e-01 
New pars ( 294): DC=7.3700e+00 r1=1.0480e+02 r2=7.8562e+02 p=4.8634e-01 epsV=1.4818e+00 epsZ=7.6396e-01 
New pars ( 295): DC=7.3700e+00 r1=1.0480e+02 r2=7.8562e+02 p=4.8634e-01 epsV=1.4818e+00 epsZ=7.6396e-01 
New pars ( 296): DC=7.3700e+00 r1=1.0480e+02 r2=7.8562e+02 p=4.8634e-01 epsV=1.4818e+00 epsZ=7.6396e-01 
New pars ( 297): DC=7.3702e+00 r1=1.0481e+02 r2=7.8562e+02 p=4.8634e-01 epsV=1.4818e+00 epsZ=7.6396e-01 
New pars ( 298): DC=7.3702e+00 r1=1.0480e+02 r2=7.8563e+02 p=4.8634e-01 epsV=1.4818e+00 epsZ=7.6396e-01 
New pars ( 299): DC=7.3700e+00 r1=1.0481e+02 r2=7.8563e+02 p=4.8634e-01 epsV=1.4818e+00 epsZ=7.6396e-01 
New pars ( 300): DC=7.3702e+00 r1=1.0480e+02 r2=7.8562e+02 p=4.8635e-01 epsV=1.4818e+00 epsZ=7.6396e-01 
New pars ( 301): DC=7.3700e+00 r1=1.0481e+02 r2=7.8562e+02 p=4.8635e-01 epsV=1.4818e+00 epsZ=7.6396e-01 
New pars ( 302): DC=7.3700e+00 r1=1.0480e+02 r2=7.8563e+02 p=4.8635e-01 epsV=1.4818e+00 epsZ=7.6396e-01 
New pars ( 303): DC=7.3702e+00 r1=1.0480e+02 r2=7.8562e+02 p=4.8634e-01 epsV=1.4819e+00 epsZ=7.6396e-01 
New pars ( 304): DC=7.3700e+00 r1=1.0481e+02 r2=7.8562e+02 p=4.8634e-01 epsV=1.4819e+00 epsZ=7.6396e-01 
New pars ( 305): DC=7.3700e+00 r1=1.0480e+02 r2=7.8563e+02 p=4.8634e-01 epsV=1.4819e+00 epsZ=7.6396e-01 
New pars ( 306): DC=7.3700e+00 r1=1.0480e+02 r2=7.8562e+02 p=4.8635e-01 epsV=1.4819e+00 epsZ=7.6396e-01 
New pars ( 307): DC=7.3702e+00 r1=1.0480e+02 r2=7.8562e+02 p=4.8634e-01 epsV=1.4818e+00 epsZ=7.6402e-01 
New pars ( 308): DC=7.3700e+00 r1=1.0481e+02 r2=7.8562e+02 p=4.8634e-01 epsV=1.4818e+00 epsZ=7.6402e-01 
New pars ( 309): DC=7.3700e+00 r1=1.0480e+02 r2=7.8563e+02 p=4.8634e-01 epsV=1.4818e+00 epsZ=7.6402e-01 
New pars ( 310): DC=7.3700e+00 r1=1.0480e+02 r2=7.8562e+02 p=4.8635e-01 epsV=1.4818e+00 epsZ=7.6402e-01 
New pars ( 311): DC=7.3700e+00 r1=1.0480e+02 r2=7.8562e+02 p=4.8634e-01 epsV=1.4819e+00 epsZ=7.6402e-01 
New pars ( 312): DC=7.3698e+00 r1=1.0481e+02 r2=7.8561e+02 p=4.8634e-01 epsV=1.4818e+00 epsZ=7.6405e-01 
New pars ( 313): DC=7.3700e+00 r1=1.0480e+02 r2=7.8562e+02 p=4.8634e-01 epsV=1.4818e+00 epsZ=7.6397e-01 
New pars ( 314): DC=7.3700e+00 r1=1.0480e+02 r2=7.8562e+02 p=4.8634e-01 epsV=1.4818e+00 epsZ=7.6396e-01 
New pars ( 315): DC=7.3700e+00 r1=1.0480e+02 r2=7.8562e+02 p=4.8634e-01 epsV=1.4818e+00 epsZ=7.6396e-01 
New pars ( 316): DC=7.3700e+00 r1=1.0480e+02 r2=7.8562e+02 p=4.8634e-01 epsV=1.4818e+00 epsZ=7.6396e-01 
New pars ( 317): DC=7.3699e+00 r1=1.0480e+02 r2=7.8562e+02 p=4.8634e-01 epsV=1.4818e+00 epsZ=7.6396e-01 
New pars ( 318): DC=7.3744e+00 r1=1.0480e+02 r2=7.8562e+02 p=4.8634e-01 epsV=1.4818e+00 epsZ=7.6396e-01 
New pars ( 319): DC=7.3655e+00 r1=1.0480e+02 r2=7.8562e+02 p=4.8634e-01 epsV=1.4818e+00 epsZ=7.6396e-01 
New pars ( 320): DC=7.3770e+00 r1=1.0480e+02 r2=7.8562e+02 p=4.8634e-01 epsV=1.4818e+00 epsZ=7.6396e-01 
New pars ( 321): DC=7.3629e+00 r1=1.0480e+02 r2=7.8562e+02 p=4.8634e-01 epsV=1.4818e+00 epsZ=7.6396e-01 
New pars ( 322): DC=7.3700e+00 r1=1.0480e+02 r2=7.8562e+02 p=4.8634e-01 epsV=1.4818e+00 epsZ=7.6396e-01 
New pars ( 323): DC=7.3700e+00 r1=1.0480e+02 r2=7.8562e+02 p=4.8634e-01 epsV=1.4818e+00 epsZ=7.6396e-01 
New pars ( 324): DC=7.3700e+00 r1=1.0486e+02 r2=7.8562e+02 p=4.8634e-01 epsV=1.4818e+00 epsZ=7.6396e-01 
New pars ( 325): DC=7.3700e+00 r1=1.0474e+02 r2=7.8562e+02 p=4.8634e-01 epsV=1.4818e+00 epsZ=7.6396e-01 
New pars ( 326): DC=7.3700e+00 r1=1.0494e+02 r2=7.8562e+02 p=4.8634e-01 epsV=1.4818e+00 epsZ=7.6396e-01 
New pars ( 327): DC=7.3700e+00 r1=1.0467e+02 r2=7.8562e+02 p=4.8634e-01 epsV=1.4818e+00 epsZ=7.6396e-01 
New pars ( 328): DC=7.3700e+00 r1=1.0480e+02 r2=7.8562e+02 p=4.8634e-01 epsV=1.4818e+00 epsZ=7.6396e-01 
New pars ( 329): DC=7.3700e+00 r1=1.0480e+02 r2=7.8562e+02 p=4.8634e-01 epsV=1.4818e+00 epsZ=7.6396e-01 
New pars ( 330): DC=7.3700e+00 r1=1.0480e+02 r2=7.8571e+02 p=4.8634e-01 epsV=1.4818e+00 epsZ=7.6396e-01 
New pars ( 331): DC=7.3700e+00 r1=1.0480e+02 r2=7.8554e+02 p=4.8634e-01 epsV=1.4818e+00 epsZ=7.6396e-01 
New pars ( 332): DC=7.3700e+00 r1=1.0480e+02 r2=7.8587e+02 p=4.8634e-01 epsV=1.4818e+00 epsZ=7.6396e-01 
New pars ( 333): DC=7.3700e+00 r1=1.0480e+02 r2=7.8537e+02 p=4.8634e-01 epsV=1.4818e+00 epsZ=7.6396e-01 
New pars ( 334): DC=7.3700e+00 r1=1.0480e+02 r2=7.8562e+02 p=4.8635e-01 epsV=1.4818e+00 epsZ=7.6396e-01 
New pars ( 335): DC=7.3700e+00 r1=1.0480e+02 r2=7.8562e+02 p=4.8634e-01 epsV=1.4818e+00 epsZ=7.6396e-01 
New pars ( 336): DC=7.3700e+00 r1=1.0480e+02 r2=7.8562e+02 p=4.8645e-01 epsV=1.4818e+00 epsZ=7.6396e-01 
New pars ( 337): DC=7.3700e+00 r1=1.0480e+02 r2=7.8562e+02 p=4.8623e-01 epsV=1.4818e+00 epsZ=7.6396e-01 
New pars ( 338): DC=7.3700e+00 r1=1.0480e+02 r2=7.8562e+02 p=4.8674e-01 epsV=1.4818e+00 epsZ=7.6396e-01 
New pars ( 339): DC=7.3700e+00 r1=1.0480e+02 r2=7.8562e+02 p=4.8594e-01 epsV=1.4818e+00 epsZ=7.6396e-01 
New pars ( 340): DC=7.3700e+00 r1=1.0480e+02 r2=7.8562e+02 p=4.8634e-01 epsV=1.4818e+00 epsZ=7.6396e-01 
New pars ( 341): DC=7.3701e+00 r1=1.0480e+02 r2=7.8562e+02 p=4.8634e-01 epsV=1.4818e+00 epsZ=7.6396e-01 
New pars ( 342): DC=7.3698e+00 r1=1.0480e+02 r2=7.8562e+02 p=4.8634e-01 epsV=1.4818e+00 epsZ=7.6396e-01 
New pars ( 343): DC=7.3700e+00 r1=1.0480e+02 r2=7.8562e+02 p=4.8634e-01 epsV=1.4818e+00 epsZ=7.6396e-01 
New pars ( 344): DC=7.3699e+00 r1=1.0480e+02 r2=7.8562e+02 p=4.8634e-01 epsV=1.4818e+00 epsZ=7.6396e-01 
New pars ( 345): DC=7.3700e+00 r1=1.0481e+02 r2=7.8562e+02 p=4.8634e-01 epsV=1.4818e+00 epsZ=7.6396e-01 
New pars ( 346): DC=7.3700e+00 r1=1.0480e+02 r2=7.8562e+02 p=4.8634e-01 epsV=1.4818e+00 epsZ=7.6396e-01 
New pars ( 347): DC=7.3700e+00 r1=1.0480e+02 r2=7.8562e+02 p=4.8634e-01 epsV=1.4818e+00 epsZ=7.6396e-01 
New pars ( 348): DC=7.3700e+00 r1=1.0480e+02 r2=7.8562e+02 p=4.8634e-01 epsV=1.4818e+00 epsZ=7.6396e-01 
New pars ( 349): DC=7.3700e+00 r1=1.0480e+02 r2=7.8563e+02 p=4.8634e-01 epsV=1.4818e+00 epsZ=7.6396e-01 
New pars ( 350): DC=7.3700e+00 r1=1.0480e+02 r2=7.8562e+02 p=4.8634e-01 epsV=1.4818e+00 epsZ=7.6396e-01 
New pars ( 351): DC=7.3700e+00 r1=1.0480e+02 r2=7.8562e+02 p=4.8634e-01 epsV=1.4818e+00 epsZ=7.6396e-01 
New pars ( 352): DC=7.3700e+00 r1=1.0480e+02 r2=7.8562e+02 p=4.8634e-01 epsV=1.4818e+00 epsZ=7.6396e-01 
New pars ( 353): DC=7.3700e+00 r1=1.0480e+02 r2=7.8562e+02 p=4.8635e-01 epsV=1.4818e+00 epsZ=7.6396e-01 
New pars ( 354): DC=7.3700e+00 r1=1.0480e+02 r2=7.8562e+02 p=4.8633e-01 epsV=1.4818e+00 epsZ=7.6396e-01 
New pars ( 355): DC=7.3700e+00 r1=1.0480e+02 r2=7.8562e+02 p=4.8635e-01 epsV=1.4818e+00 epsZ=7.6396e-01 
New pars ( 356): DC=7.3700e+00 r1=1.0480e+02 r2=7.8562e+02 p=4.8634e-01 epsV=1.4818e+00 epsZ=7.6396e-01 
New pars ( 357): DC=7.3700e+00 r1=1.0480e+02 r2=7.8562e+02 p=4.8634e-01 epsV=1.4818e+00 epsZ=7.6396e-01 
New pars ( 358): DC=7.3770e+00 r1=1.0494e+02 r2=7.8562e+02 p=4.8634e-01 epsV=1.4818e+00 epsZ=7.6396e-01 
New pars ( 359): DC=7.3770e+00 r1=1.0480e+02 r2=7.8587e+02 p=4.8634e-01 epsV=1.4818e+00 epsZ=7.6396e-01 
New pars ( 360): DC=7.3700e+00 r1=1.0494e+02 r2=7.8587e+02 p=4.8634e-01 epsV=1.4818e+00 epsZ=7.6396e-01 
New pars ( 361): DC=7.3770e+00 r1=1.0480e+02 r2=7.8562e+02 p=4.8674e-01 epsV=1.4818e+00 epsZ=7.6396e-01 
New pars ( 362): DC=7.3700e+00 r1=1.0494e+02 r2=7.8562e+02 p=4.8674e-01 epsV=1.4818e+00 epsZ=7.6396e-01 
New pars ( 363): DC=7.3700e+00 r1=1.0480e+02 r2=7.8587e+02 p=4.8674e-01 epsV=1.4818e+00 epsZ=7.6396e-01 
New pars ( 364): DC=7.3770e+00 r1=1.0480e+02 r2=7.8562e+02 p=4.8634e-01 epsV=1.4827e+00 epsZ=7.6396e-01 
New pars ( 365): DC=7.3700e+00 r1=1.0494e+02 r2=7.8562e+02 p=4.8634e-01 epsV=1.4827e+00 epsZ=7.6396e-01 
New pars ( 366): DC=7.3700e+00 r1=1.0480e+02 r2=7.8587e+02 p=4.8634e-01 epsV=1.4827e+00 epsZ=7.6396e-01 
New pars ( 367): DC=7.3700e+00 r1=1.0480e+02 r2=7.8562e+02 p=4.8674e-01 epsV=1.4827e+00 epsZ=7.6396e-01 
New pars ( 368): DC=7.3770e+00 r1=1.0480e+02 r2=7.8562e+02 p=4.8634e-01 epsV=1.4818e+00 epsZ=7.6636e-01 
New pars ( 369): DC=7.3700e+00 r1=1.0494e+02 r2=7.8562e+02 p=4.8634e-01 epsV=1.4818e+00 epsZ=7.6636e-01 
New pars ( 370): DC=7.3700e+00 r1=1.0480e+02 r2=7.8587e+02 p=4.8634e-01 epsV=1.4818e+00 epsZ=7.6636e-01 
New pars ( 371): DC=7.3700e+00 r1=1.0480e+02 r2=7.8562e+02 p=4.8674e-01 epsV=1.4818e+00 epsZ=7.6636e-01 
New pars ( 372): DC=7.3700e+00 r1=1.0480e+02 r2=7.8562e+02 p=4.8634e-01 epsV=1.4827e+00 epsZ=7.6636e-01 

Fitting done in 850000 clicks (0.850000 seconds).
Fit status = 4
Cov status = 2

****************************************
         Invalid FitResult  (status = 4 )
****************************************
Minimizer is Minuit / MigradImproved
Chi2                      =      983.246
NDf                       =          978
Edm                       =  3.53429e-05
NCalls                    =          470
# Cyc's                   =          525                      	 (fixed)
Bin width                 =          250                      	 (fixed)
DC rate                   =      7.36997   +/-   0.0237945   
Rate 1                    =      104.803   +/-   1.18383     
Rate 2                    =      785.621   +/-   5.63332     
Rate 3                    =            0                      	 (fixed)
Capt eff                  =     0.486343   +/-   0.00364293  
Capt ret                  =            1                      	 (fixed)
T eff                     =         0.13                      	 (fixed)
U eff                     =        0.035                      	 (fixed)
V eff                     =      1.48183   +/-   0.0203805   
W eff                     =            0                      	 (fixed)
X eff                     =            1                      	 (fixed)
Y eff                     =            0                      	 (fixed)
Z eff                     =     0.763962   +/-   0.0333052   
T1 loss                   =            0                      	 (fixed)
T2 loss                   =       0.0285                      	 (fixed)
T3 loss                   =            0                      	 (fixed)
U1 loss                   =     7.46e-08                      	 (fixed)
U2 loss                   =     7.46e-08                      	 (fixed)
U3 loss                   =        10000                      	 (fixed)

Integrals computed in 370000 clicks (0.370000 seconds).
Errors computed in 960000 clicks (0.960000 seconds).

~~~~~~~~~~~~~~~~~~~~~~~~~~~~~~~~~~~~~~~~~~~~~~~~~~~~~~~~~~~~~~~~~~~~~
NUMBER OF BETAS DETECTED, by population:
~~~~~~~~~~~~~~~~~~~~~~~~~~~~~~~~~~~~~~~~~~~~~~~~~~~~~~~~~~~~~~~~~~~~~
T1 integral = 503685.1 +/- 0.0
U1 integral = 220422.8 +/- 0.0
T2 integral = 1694656.7 +/- 0.0
U2 integral = 2134757.5 +/- 0.0
T3 integral = 0.0 +/- 0.0
U3 integral = 0.1 +/- 0.0
DC integral = 951831.2 +/- 0.0
~~~~~~~~~~~~~~~~~~~~~~~~~~~~~~~~~~~~~~~~~~~~~~~~~~~~~~~~~~~~~~~~~~~~~
Sum of above = 5505353.4 +/- 0.0 <-- no cov in unc
All integral = 5505364.0 +/- 0.0
~~~~~~~~~~~~~~~~~~~~~~~~~~~~~~~~~~~~~~~~~~~~~~~~~~~~~~~~~~~~~~~~~~~~~


BFit2 done. Timer = 3.5 sec.
Elapsed time = 3.44 sec.

