Timestamp = Mon Apr  6 15:13:33 2015

Importing metadata from CSV files...
Imported 68 BDN cases
Imported 48 BFit cases
Performing BFit with BDN case 135sb08 and BFit case 135sb08_05

BFit started. Timer = 0.07 sec.

~~~~~~~~~~~~~~~~~~~~~~~~~~~~~~~~~~~~~~~~~~~~~~~~~~~~~~~~~~~~~~~~~~~~~
BETA SINGLES MODEL
~~~~~~~~~~~~~~~~~~~~~~~~~~~~~~~~~~~~~~~~~~~~~~~~~~~~~~~~~~~~~~~~~~~~~
Case: 135sb08
File: /music/bpt1/bpt/bdn/shane/135sb/rootfiles/135sb08.root
Histogram: h_betas_vs_cycle_time
Total cycle time	=     30.000 s
Background time		=     10.100 s
Capture cycle time	=      1.000 s
Last capture time	=      0.900 s
135-Sn halflife		=      0.530 s  (lifetime      0.765 s)
135-Sb halflife		=      1.679 s  (lifetime      2.422 s)
135-Te halflife		=     19.000 s  (lifetime     27.411 s)
~~~~~~~~~~~~~~~~~~~~~~~~~~~~~~~~~~~~~~~~~~~~~~~~~~~~~~~~~~~~~~~~~~~~~
HISTOGRAM REBINNED
   Number of hist bins = 300
   Number of fn points = 30000
   Number of pts/bin   = 100
~~~~~~~~~~~~~~~~~~~~~~~~~~~~~~~~~~~~~~~~~~~~~~~~~~~~~~~~~~~~~~~~~~~~~
Doing fit with option string: QROMES
~~~~~~~~~~~~~~~~~~~~~~~~~~~~~~~~~~~~~~~~~~~~~~~~~~~~~~~~~~~~~~~~~~~~~
PARAMETER SEED VALUES
~~~~~~~~~~~~~~~~~~~~~~~~~~~~~~~~~~~~~~~~~~~~~~~~~~~~~~~~~~~~~~~~~~~~~
      Par name  Varying?	Par init val and step
~~~~~~~~~~~~~~~~~~~~~~~~~~~~~~~~~~~~~~~~~~~~~~~~~~~~~~~~~~~~~~~~~~~~~
       # Cyc's         0	5486 +/- 0.01
     Bin width         0	100 +/- 0.01
       DC rate         1	6.5 +/- 0.1
        Rate 1         1	5 +/- 0.5
        Rate 2         1	35 +/- 0.5
        Rate 3         1	25 +/- 0.05
      Capt eff         1	0.496 +/- 0.01
      Capt ret         0	1 +/- 0.01
         T eff         0	0.13 +/- 0.01
         U eff         0	0.13 +/- 0.01
         V eff         0	0.39 +/- 0.01
         W eff         0	0 +/- 0.001
         X eff         0	0.27 +/- 0.01
         Y eff         0	0.27 +/- 0.01
         Z eff         0	0.226 +/- 0.03
       T1 loss         0	0 +/- 0.005
       T2 loss         0	0.03 +/- 0.001
       T3 loss         0	0 +/- 0.001
       U1 loss         0	2e-10 +/- 0.005
       U2 loss         0	2e-10 +/- 0.005
       U3 loss         0	2e-10 +/- 0.01
~~~~~~~~~~~~~~~~~~~~~~~~~~~~~~~~~~~~~~~~~~~~~~~~~~~~~~~~~~~~~~~~~~~~~

Ini pars (   0): DC=6.5000e+00 r1=5.0000e+00 r2=3.5000e+01 r3=2.5000e+01 p=4.9600e-01 
New pars (   1): DC=6.5020e+00 r1=5.0000e+00 r2=3.5000e+01 r3=2.5000e+01 p=4.9600e-01 
New pars (   2): DC=6.4980e+00 r1=5.0000e+00 r2=3.5000e+01 r3=2.5000e+01 p=4.9600e-01 
New pars (   3): DC=6.5002e+00 r1=5.0000e+00 r2=3.5000e+01 r3=2.5000e+01 p=4.9600e-01 
New pars (   4): DC=6.4998e+00 r1=5.0000e+00 r2=3.5000e+01 r3=2.5000e+01 p=4.9600e-01 
New pars (   5): DC=6.5000e+00 r1=5.0102e+00 r2=3.5000e+01 r3=2.5000e+01 p=4.9600e-01 
New pars (   6): DC=6.5000e+00 r1=4.9898e+00 r2=3.5000e+01 r3=2.5000e+01 p=4.9600e-01 
New pars (   7): DC=6.5000e+00 r1=5.0015e+00 r2=3.5000e+01 r3=2.5000e+01 p=4.9600e-01 
New pars (   8): DC=6.5000e+00 r1=4.9985e+00 r2=3.5000e+01 r3=2.5000e+01 p=4.9600e-01 
New pars (   9): DC=6.5000e+00 r1=5.0000e+00 r2=3.5010e+01 r3=2.5000e+01 p=4.9600e-01 
New pars (  10): DC=6.5000e+00 r1=5.0000e+00 r2=3.4990e+01 r3=2.5000e+01 p=4.9600e-01 
New pars (  11): DC=6.5000e+00 r1=5.0000e+00 r2=3.5002e+01 r3=2.5000e+01 p=4.9600e-01 
New pars (  12): DC=6.5000e+00 r1=5.0000e+00 r2=3.4998e+01 r3=2.5000e+01 p=4.9600e-01 
New pars (  13): DC=6.5000e+00 r1=5.0000e+00 r2=3.5000e+01 r3=2.5001e+01 p=4.9600e-01 
New pars (  14): DC=6.5000e+00 r1=5.0000e+00 r2=3.5000e+01 r3=2.4999e+01 p=4.9600e-01 
New pars (  15): DC=6.5000e+00 r1=5.0000e+00 r2=3.5000e+01 r3=2.5000e+01 p=4.9620e-01 
New pars (  16): DC=6.5000e+00 r1=5.0000e+00 r2=3.5000e+01 r3=2.5000e+01 p=4.9580e-01 
New pars (  17): DC=6.5000e+00 r1=5.0000e+00 r2=3.5000e+01 r3=2.5000e+01 p=4.9607e-01 
New pars (  18): DC=6.5000e+00 r1=5.0000e+00 r2=3.5000e+01 r3=2.5000e+01 p=4.9593e-01 
New pars (  19): DC=6.6510e+00 r1=6.1494e+00 r2=3.6350e+01 r3=2.5186e+01 p=5.2111e-01 
New pars (  20): DC=6.5839e+00 r1=5.6389e+00 r2=3.5750e+01 r3=2.5103e+01 p=5.0996e-01 
New pars (  21): DC=6.5840e+00 r1=5.6389e+00 r2=3.5750e+01 r3=2.5103e+01 p=5.0996e-01 
New pars (  22): DC=6.5838e+00 r1=5.6389e+00 r2=3.5750e+01 r3=2.5103e+01 p=5.0996e-01 
New pars (  23): DC=6.5839e+00 r1=5.6397e+00 r2=3.5750e+01 r3=2.5103e+01 p=5.0996e-01 
New pars (  24): DC=6.5839e+00 r1=5.6381e+00 r2=3.5750e+01 r3=2.5103e+01 p=5.0996e-01 
New pars (  25): DC=6.5839e+00 r1=5.6400e+00 r2=3.5750e+01 r3=2.5103e+01 p=5.0996e-01 
New pars (  26): DC=6.5839e+00 r1=5.6377e+00 r2=3.5750e+01 r3=2.5103e+01 p=5.0996e-01 
New pars (  27): DC=6.5839e+00 r1=5.6389e+00 r2=3.5751e+01 r3=2.5103e+01 p=5.0996e-01 
New pars (  28): DC=6.5839e+00 r1=5.6389e+00 r2=3.5749e+01 r3=2.5103e+01 p=5.0996e-01 
New pars (  29): DC=6.5839e+00 r1=5.6389e+00 r2=3.5752e+01 r3=2.5103e+01 p=5.0996e-01 
New pars (  30): DC=6.5839e+00 r1=5.6389e+00 r2=3.5748e+01 r3=2.5103e+01 p=5.0996e-01 
New pars (  31): DC=6.5839e+00 r1=5.6389e+00 r2=3.5750e+01 r3=2.5104e+01 p=5.0996e-01 
New pars (  32): DC=6.5839e+00 r1=5.6389e+00 r2=3.5750e+01 r3=2.5103e+01 p=5.0996e-01 
New pars (  33): DC=6.5839e+00 r1=5.6389e+00 r2=3.5750e+01 r3=2.5105e+01 p=5.0996e-01 
New pars (  34): DC=6.5839e+00 r1=5.6389e+00 r2=3.5750e+01 r3=2.5102e+01 p=5.0996e-01 
New pars (  35): DC=6.5839e+00 r1=5.6389e+00 r2=3.5750e+01 r3=2.5103e+01 p=5.0999e-01 
New pars (  36): DC=6.5839e+00 r1=5.6389e+00 r2=3.5750e+01 r3=2.5103e+01 p=5.0993e-01 
New pars (  37): DC=6.5839e+00 r1=5.6389e+00 r2=3.5750e+01 r3=2.5103e+01 p=5.1012e-01 
New pars (  38): DC=6.5839e+00 r1=5.6389e+00 r2=3.5750e+01 r3=2.5103e+01 p=5.0979e-01 
New pars (  39): DC=6.5665e+00 r1=5.6747e+00 r2=3.5849e+01 r3=2.5119e+01 p=5.1249e-01 
New pars (  40): DC=6.5045e+00 r1=5.8015e+00 r2=3.6200e+01 r3=2.5173e+01 p=5.2146e-01 
New pars (  41): DC=6.5046e+00 r1=5.8015e+00 r2=3.6200e+01 r3=2.5173e+01 p=5.2146e-01 
New pars (  42): DC=6.5044e+00 r1=5.8015e+00 r2=3.6200e+01 r3=2.5173e+01 p=5.2146e-01 
New pars (  43): DC=6.5045e+00 r1=5.8026e+00 r2=3.6200e+01 r3=2.5173e+01 p=5.2146e-01 
New pars (  44): DC=6.5045e+00 r1=5.8004e+00 r2=3.6200e+01 r3=2.5173e+01 p=5.2146e-01 
New pars (  45): DC=6.5045e+00 r1=5.8015e+00 r2=3.6201e+01 r3=2.5173e+01 p=5.2146e-01 
New pars (  46): DC=6.5045e+00 r1=5.8015e+00 r2=3.6198e+01 r3=2.5173e+01 p=5.2146e-01 
New pars (  47): DC=6.5045e+00 r1=5.8015e+00 r2=3.6200e+01 r3=2.5175e+01 p=5.2146e-01 
New pars (  48): DC=6.5045e+00 r1=5.8015e+00 r2=3.6200e+01 r3=2.5170e+01 p=5.2146e-01 
New pars (  49): DC=6.5045e+00 r1=5.8015e+00 r2=3.6200e+01 r3=2.5177e+01 p=5.2146e-01 
New pars (  50): DC=6.5045e+00 r1=5.8015e+00 r2=3.6200e+01 r3=2.5169e+01 p=5.2146e-01 
New pars (  51): DC=6.5045e+00 r1=5.8015e+00 r2=3.6200e+01 r3=2.5173e+01 p=5.2151e-01 
New pars (  52): DC=6.5045e+00 r1=5.8015e+00 r2=3.6200e+01 r3=2.5173e+01 p=5.2141e-01 
New pars (  53): DC=6.4988e+00 r1=5.7920e+00 r2=3.6271e+01 r3=2.5189e+01 p=5.1950e-01 
New pars (  54): DC=6.4759e+00 r1=5.7538e+00 r2=3.6554e+01 r3=2.5255e+01 p=5.1167e-01 
New pars (  55): DC=6.4400e+00 r1=5.6940e+00 r2=3.6997e+01 r3=2.5358e+01 p=4.9939e-01 
New pars (  56): DC=6.4401e+00 r1=5.6940e+00 r2=3.6997e+01 r3=2.5358e+01 p=4.9939e-01 
New pars (  57): DC=6.4399e+00 r1=5.6940e+00 r2=3.6997e+01 r3=2.5358e+01 p=4.9939e-01 
New pars (  58): DC=6.4400e+00 r1=5.6950e+00 r2=3.6997e+01 r3=2.5358e+01 p=4.9939e-01 
New pars (  59): DC=6.4400e+00 r1=5.6929e+00 r2=3.6997e+01 r3=2.5358e+01 p=4.9939e-01 
New pars (  60): DC=6.4400e+00 r1=5.6940e+00 r2=3.6999e+01 r3=2.5358e+01 p=4.9939e-01 
New pars (  61): DC=6.4400e+00 r1=5.6940e+00 r2=3.6996e+01 r3=2.5358e+01 p=4.9939e-01 
New pars (  62): DC=6.4400e+00 r1=5.6940e+00 r2=3.6997e+01 r3=2.5362e+01 p=4.9939e-01 
New pars (  63): DC=6.4400e+00 r1=5.6940e+00 r2=3.6997e+01 r3=2.5354e+01 p=4.9939e-01 
New pars (  64): DC=6.4400e+00 r1=5.6940e+00 r2=3.6997e+01 r3=2.5358e+01 p=4.9944e-01 
New pars (  65): DC=6.4400e+00 r1=5.6940e+00 r2=3.6997e+01 r3=2.5358e+01 p=4.9934e-01 
New pars (  66): DC=6.3937e+00 r1=5.7166e+00 r2=3.7868e+01 r3=2.5546e+01 p=4.8285e-01 
New pars (  67): DC=6.2087e+00 r1=5.8074e+00 r2=4.1350e+01 r3=2.6299e+01 p=4.1671e-01 
New pars (  68): DC=5.9022e+00 r1=5.9577e+00 r2=4.7118e+01 r3=2.7547e+01 p=3.0714e-01 
New pars (  69): DC=6.0682e+00 r1=5.8763e+00 r2=4.3996e+01 r3=2.6871e+01 p=3.6646e-01 
New pars (  70): DC=6.0682e+00 r1=5.8763e+00 r2=4.3996e+01 r3=2.6871e+01 p=3.6646e-01 
New pars (  71): DC=6.0681e+00 r1=5.8763e+00 r2=4.3996e+01 r3=2.6871e+01 p=3.6646e-01 
New pars (  72): DC=6.0682e+00 r1=5.8771e+00 r2=4.3996e+01 r3=2.6871e+01 p=3.6646e-01 
New pars (  73): DC=6.0682e+00 r1=5.8755e+00 r2=4.3996e+01 r3=2.6871e+01 p=3.6646e-01 
New pars (  74): DC=6.0682e+00 r1=5.8763e+00 r2=4.3997e+01 r3=2.6871e+01 p=3.6646e-01 
New pars (  75): DC=6.0682e+00 r1=5.8763e+00 r2=4.3994e+01 r3=2.6871e+01 p=3.6646e-01 
New pars (  76): DC=6.0682e+00 r1=5.8763e+00 r2=4.3996e+01 r3=2.6874e+01 p=3.6646e-01 
New pars (  77): DC=6.0682e+00 r1=5.8763e+00 r2=4.3996e+01 r3=2.6869e+01 p=3.6646e-01 
New pars (  78): DC=6.0682e+00 r1=5.8763e+00 r2=4.3996e+01 r3=2.6871e+01 p=3.6649e-01 
New pars (  79): DC=6.0682e+00 r1=5.8763e+00 r2=4.3996e+01 r3=2.6871e+01 p=3.6643e-01 
New pars (  80): DC=6.0682e+00 r1=5.8763e+00 r2=4.3996e+01 r3=2.6871e+01 p=3.6648e-01 
New pars (  81): DC=6.0682e+00 r1=5.8763e+00 r2=4.3996e+01 r3=2.6871e+01 p=3.6643e-01 
New pars (  82): DC=5.9560e+00 r1=6.1365e+00 r2=4.6171e+01 r3=2.7318e+01 p=3.4549e-01 
New pars (  83): DC=5.9063e+00 r1=6.2519e+00 r2=4.7135e+01 r3=2.7516e+01 p=3.3619e-01 
New pars (  84): DC=5.8939e+00 r1=6.2807e+00 r2=4.7375e+01 r3=2.7565e+01 p=3.3387e-01 
New pars (  85): DC=5.8940e+00 r1=6.2807e+00 r2=4.7375e+01 r3=2.7565e+01 p=3.3387e-01 
New pars (  86): DC=5.8938e+00 r1=6.2807e+00 r2=4.7375e+01 r3=2.7565e+01 p=3.3387e-01 
New pars (  87): DC=5.8939e+00 r1=6.2813e+00 r2=4.7375e+01 r3=2.7565e+01 p=3.3387e-01 
New pars (  88): DC=5.8939e+00 r1=6.2800e+00 r2=4.7375e+01 r3=2.7565e+01 p=3.3387e-01 
New pars (  89): DC=5.8939e+00 r1=6.2807e+00 r2=4.7376e+01 r3=2.7565e+01 p=3.3387e-01 
New pars (  90): DC=5.8939e+00 r1=6.2807e+00 r2=4.7374e+01 r3=2.7565e+01 p=3.3387e-01 
New pars (  91): DC=5.8939e+00 r1=6.2807e+00 r2=4.7377e+01 r3=2.7565e+01 p=3.3387e-01 
New pars (  92): DC=5.8939e+00 r1=6.2807e+00 r2=4.7374e+01 r3=2.7565e+01 p=3.3387e-01 
New pars (  93): DC=5.8939e+00 r1=6.2807e+00 r2=4.7375e+01 r3=2.7567e+01 p=3.3387e-01 
New pars (  94): DC=5.8939e+00 r1=6.2807e+00 r2=4.7375e+01 r3=2.7563e+01 p=3.3387e-01 
New pars (  95): DC=5.8939e+00 r1=6.2807e+00 r2=4.7375e+01 r3=2.7570e+01 p=3.3387e-01 
New pars (  96): DC=5.8939e+00 r1=6.2807e+00 r2=4.7375e+01 r3=2.7560e+01 p=3.3387e-01 
New pars (  97): DC=5.8939e+00 r1=6.2807e+00 r2=4.7375e+01 r3=2.7565e+01 p=3.3389e-01 
New pars (  98): DC=5.8939e+00 r1=6.2807e+00 r2=4.7375e+01 r3=2.7565e+01 p=3.3386e-01 
New pars (  99): DC=5.8939e+00 r1=6.2807e+00 r2=4.7375e+01 r3=2.7565e+01 p=3.3393e-01 
New pars ( 100): DC=5.8939e+00 r1=6.2807e+00 r2=4.7375e+01 r3=2.7565e+01 p=3.3382e-01 
New pars ( 101): DC=5.7159e+00 r1=6.3899e+00 r2=5.0468e+01 r3=2.8227e+01 p=2.8529e-01 
New pars ( 102): DC=5.7962e+00 r1=6.3406e+00 r2=4.9074e+01 r3=2.7929e+01 p=3.0719e-01 
New pars ( 103): DC=5.7962e+00 r1=6.3406e+00 r2=4.9074e+01 r3=2.7929e+01 p=3.0719e-01 
New pars ( 104): DC=5.7961e+00 r1=6.3406e+00 r2=4.9074e+01 r3=2.7929e+01 p=3.0719e-01 
New pars ( 105): DC=5.7962e+00 r1=6.3416e+00 r2=4.9074e+01 r3=2.7929e+01 p=3.0719e-01 
New pars ( 106): DC=5.7962e+00 r1=6.3397e+00 r2=4.9074e+01 r3=2.7929e+01 p=3.0719e-01 
New pars ( 107): DC=5.7962e+00 r1=6.3406e+00 r2=4.9076e+01 r3=2.7929e+01 p=3.0719e-01 
New pars ( 108): DC=5.7962e+00 r1=6.3406e+00 r2=4.9073e+01 r3=2.7929e+01 p=3.0719e-01 
New pars ( 109): DC=5.7962e+00 r1=6.3406e+00 r2=4.9074e+01 r3=2.7931e+01 p=3.0719e-01 
New pars ( 110): DC=5.7962e+00 r1=6.3406e+00 r2=4.9074e+01 r3=2.7926e+01 p=3.0719e-01 
New pars ( 111): DC=5.7962e+00 r1=6.3406e+00 r2=4.9074e+01 r3=2.7929e+01 p=3.0722e-01 
New pars ( 112): DC=5.7962e+00 r1=6.3406e+00 r2=4.9074e+01 r3=2.7929e+01 p=3.0716e-01 
New pars ( 113): DC=5.7663e+00 r1=6.3475e+00 r2=4.9523e+01 r3=2.8024e+01 p=3.0423e-01 
New pars ( 114): DC=5.7410e+00 r1=6.3533e+00 r2=4.9904e+01 r3=2.8105e+01 p=3.0172e-01 
New pars ( 115): DC=5.7411e+00 r1=6.3533e+00 r2=4.9904e+01 r3=2.8105e+01 p=3.0172e-01 
New pars ( 116): DC=5.7409e+00 r1=6.3533e+00 r2=4.9904e+01 r3=2.8105e+01 p=3.0172e-01 
New pars ( 117): DC=5.7410e+00 r1=6.3541e+00 r2=4.9904e+01 r3=2.8105e+01 p=3.0172e-01 
New pars ( 118): DC=5.7410e+00 r1=6.3525e+00 r2=4.9904e+01 r3=2.8105e+01 p=3.0172e-01 
New pars ( 119): DC=5.7410e+00 r1=6.3533e+00 r2=4.9905e+01 r3=2.8105e+01 p=3.0172e-01 
New pars ( 120): DC=5.7410e+00 r1=6.3533e+00 r2=4.9903e+01 r3=2.8105e+01 p=3.0172e-01 
New pars ( 121): DC=5.7410e+00 r1=6.3533e+00 r2=4.9904e+01 r3=2.8108e+01 p=3.0172e-01 
New pars ( 122): DC=5.7410e+00 r1=6.3533e+00 r2=4.9904e+01 r3=2.8102e+01 p=3.0172e-01 
New pars ( 123): DC=5.7410e+00 r1=6.3533e+00 r2=4.9904e+01 r3=2.8105e+01 p=3.0175e-01 
New pars ( 124): DC=5.7410e+00 r1=6.3533e+00 r2=4.9904e+01 r3=2.8105e+01 p=3.0170e-01 
New pars ( 125): DC=5.7377e+00 r1=6.3031e+00 r2=5.0066e+01 r3=2.8147e+01 p=3.0086e-01 
New pars ( 126): DC=5.7247e+00 r1=6.1024e+00 r2=5.0716e+01 r3=2.8314e+01 p=2.9740e-01 
New pars ( 127): DC=5.7079e+00 r1=5.8430e+00 r2=5.1556e+01 r3=2.8531e+01 p=2.9293e-01 
New pars ( 128): DC=5.7080e+00 r1=5.8430e+00 r2=5.1556e+01 r3=2.8531e+01 p=2.9293e-01 
New pars ( 129): DC=5.7078e+00 r1=5.8430e+00 r2=5.1556e+01 r3=2.8531e+01 p=2.9293e-01 
New pars ( 130): DC=5.7079e+00 r1=5.8438e+00 r2=5.1556e+01 r3=2.8531e+01 p=2.9293e-01 
New pars ( 131): DC=5.7079e+00 r1=5.8422e+00 r2=5.1556e+01 r3=2.8531e+01 p=2.9293e-01 
New pars ( 132): DC=5.7079e+00 r1=5.8430e+00 r2=5.1557e+01 r3=2.8531e+01 p=2.9293e-01 
New pars ( 133): DC=5.7079e+00 r1=5.8430e+00 r2=5.1555e+01 r3=2.8531e+01 p=2.9293e-01 
New pars ( 134): DC=5.7079e+00 r1=5.8430e+00 r2=5.1556e+01 r3=2.8533e+01 p=2.9293e-01 
New pars ( 135): DC=5.7079e+00 r1=5.8430e+00 r2=5.1556e+01 r3=2.8528e+01 p=2.9293e-01 
New pars ( 136): DC=5.7079e+00 r1=5.8430e+00 r2=5.1556e+01 r3=2.8535e+01 p=2.9293e-01 
New pars ( 137): DC=5.7079e+00 r1=5.8430e+00 r2=5.1556e+01 r3=2.8526e+01 p=2.9293e-01 
New pars ( 138): DC=5.7079e+00 r1=5.8430e+00 r2=5.1556e+01 r3=2.8531e+01 p=2.9295e-01 
New pars ( 139): DC=5.7079e+00 r1=5.8430e+00 r2=5.1556e+01 r3=2.8531e+01 p=2.9291e-01 
New pars ( 140): DC=5.7079e+00 r1=5.8430e+00 r2=5.1556e+01 r3=2.8531e+01 p=2.9302e-01 
New pars ( 141): DC=5.7079e+00 r1=5.8430e+00 r2=5.1556e+01 r3=2.8531e+01 p=2.9284e-01 
New pars ( 142): DC=5.6957e+00 r1=5.4076e+00 r2=5.2246e+01 r3=2.8732e+01 p=2.9197e-01 
New pars ( 143): DC=5.6471e+00 r1=3.6659e+00 r2=5.5005e+01 r3=2.9535e+01 p=2.8815e-01 
New pars ( 144): DC=5.5556e+00 r1=3.9280e-01 r2=6.0191e+01 r3=3.1046e+01 p=2.8095e-01 
New pars ( 145): DC=5.5557e+00 r1=3.9280e-01 r2=6.0191e+01 r3=3.1046e+01 p=2.8095e-01 
New pars ( 146): DC=5.5556e+00 r1=3.9280e-01 r2=6.0191e+01 r3=3.1046e+01 p=2.8095e-01 
New pars ( 147): DC=5.5556e+00 r1=3.9365e-01 r2=6.0191e+01 r3=3.1046e+01 p=2.8095e-01 
New pars ( 148): DC=5.5556e+00 r1=3.9196e-01 r2=6.0191e+01 r3=3.1046e+01 p=2.8095e-01 
New pars ( 149): DC=5.5556e+00 r1=3.9280e-01 r2=6.0192e+01 r3=3.1046e+01 p=2.8095e-01 
New pars ( 150): DC=5.5556e+00 r1=3.9280e-01 r2=6.0190e+01 r3=3.1046e+01 p=2.8095e-01 
New pars ( 151): DC=5.5556e+00 r1=3.9280e-01 r2=6.0192e+01 r3=3.1046e+01 p=2.8095e-01 
New pars ( 152): DC=5.5556e+00 r1=3.9280e-01 r2=6.0190e+01 r3=3.1046e+01 p=2.8095e-01 
New pars ( 153): DC=5.5556e+00 r1=3.9280e-01 r2=6.0191e+01 r3=3.1049e+01 p=2.8095e-01 
New pars ( 154): DC=5.5556e+00 r1=3.9280e-01 r2=6.0191e+01 r3=3.1043e+01 p=2.8095e-01 
New pars ( 155): DC=5.5556e+00 r1=3.9280e-01 r2=6.0191e+01 r3=3.1046e+01 p=2.8098e-01 
New pars ( 156): DC=5.5556e+00 r1=3.9280e-01 r2=6.0191e+01 r3=3.1046e+01 p=2.8093e-01 
New pars ( 157): DC=5.6832e+00 r1=-9.7831e-01 r2=5.9120e+01 r3=3.0968e+01 p=3.2257e-01 
New pars ( 158): DC=5.6399e+00 r1=-5.1305e-01 r2=5.9483e+01 r3=3.0995e+01 p=3.0845e-01 
New pars ( 159): DC=5.6400e+00 r1=-5.1305e-01 r2=5.9483e+01 r3=3.0995e+01 p=3.0845e-01 
New pars ( 160): DC=5.6399e+00 r1=-5.1305e-01 r2=5.9483e+01 r3=3.0995e+01 p=3.0845e-01 
New pars ( 161): DC=5.6399e+00 r1=-5.1235e-01 r2=5.9483e+01 r3=3.0995e+01 p=3.0845e-01 
New pars ( 162): DC=5.6399e+00 r1=-5.1375e-01 r2=5.9483e+01 r3=3.0995e+01 p=3.0845e-01 
New pars ( 163): DC=5.6399e+00 r1=-5.1305e-01 r2=5.9484e+01 r3=3.0995e+01 p=3.0845e-01 
New pars ( 164): DC=5.6399e+00 r1=-5.1305e-01 r2=5.9482e+01 r3=3.0995e+01 p=3.0845e-01 
New pars ( 165): DC=5.6399e+00 r1=-5.1305e-01 r2=5.9483e+01 r3=3.0997e+01 p=3.0845e-01 
New pars ( 166): DC=5.6399e+00 r1=-5.1305e-01 r2=5.9483e+01 r3=3.0993e+01 p=3.0845e-01 
New pars ( 167): DC=5.6399e+00 r1=-5.1305e-01 r2=5.9483e+01 r3=3.0995e+01 p=3.0847e-01 
New pars ( 168): DC=5.6399e+00 r1=-5.1305e-01 r2=5.9483e+01 r3=3.0995e+01 p=3.0843e-01 
New pars ( 169): DC=5.6638e+00 r1=-3.6573e-01 r2=5.8937e+01 r3=3.0859e+01 p=3.1063e-01 
New pars ( 170): DC=5.6659e+00 r1=-3.5277e-01 r2=5.8889e+01 r3=3.0847e+01 p=3.1082e-01 
New pars ( 171): DC=5.6659e+00 r1=-3.5277e-01 r2=5.8889e+01 r3=3.0847e+01 p=3.1082e-01 
New pars ( 172): DC=5.6658e+00 r1=-3.5277e-01 r2=5.8889e+01 r3=3.0847e+01 p=3.1082e-01 
New pars ( 173): DC=5.6659e+00 r1=-3.5207e-01 r2=5.8889e+01 r3=3.0847e+01 p=3.1082e-01 
New pars ( 174): DC=5.6659e+00 r1=-3.5346e-01 r2=5.8889e+01 r3=3.0847e+01 p=3.1082e-01 
New pars ( 175): DC=5.6659e+00 r1=-3.5277e-01 r2=5.8890e+01 r3=3.0847e+01 p=3.1082e-01 
New pars ( 176): DC=5.6659e+00 r1=-3.5277e-01 r2=5.8888e+01 r3=3.0847e+01 p=3.1082e-01 
New pars ( 177): DC=5.6659e+00 r1=-3.5277e-01 r2=5.8889e+01 r3=3.0849e+01 p=3.1082e-01 
New pars ( 178): DC=5.6659e+00 r1=-3.5277e-01 r2=5.8889e+01 r3=3.0844e+01 p=3.1082e-01 
New pars ( 179): DC=5.6659e+00 r1=-3.5277e-01 r2=5.8889e+01 r3=3.0847e+01 p=3.1084e-01 
New pars ( 180): DC=5.6659e+00 r1=-3.5277e-01 r2=5.8889e+01 r3=3.0847e+01 p=3.1080e-01 
New pars ( 181): DC=5.6666e+00 r1=-3.4886e-01 r2=5.8872e+01 r3=3.0841e+01 p=3.1104e-01 
New pars ( 182): DC=5.6670e+00 r1=-3.4693e-01 r2=5.8863e+01 r3=3.0839e+01 p=3.1115e-01 
New pars ( 183): DC=5.6670e+00 r1=-3.4693e-01 r2=5.8863e+01 r3=3.0839e+01 p=3.1115e-01 
New pars ( 184): DC=5.6669e+00 r1=-3.4693e-01 r2=5.8863e+01 r3=3.0839e+01 p=3.1115e-01 
New pars ( 185): DC=5.6670e+00 r1=-3.4622e-01 r2=5.8863e+01 r3=3.0839e+01 p=3.1115e-01 
New pars ( 186): DC=5.6670e+00 r1=-3.4763e-01 r2=5.8863e+01 r3=3.0839e+01 p=3.1115e-01 
New pars ( 187): DC=5.6670e+00 r1=-3.4693e-01 r2=5.8864e+01 r3=3.0839e+01 p=3.1115e-01 
New pars ( 188): DC=5.6670e+00 r1=-3.4693e-01 r2=5.8862e+01 r3=3.0839e+01 p=3.1115e-01 
New pars ( 189): DC=5.6670e+00 r1=-3.4693e-01 r2=5.8863e+01 r3=3.0841e+01 p=3.1115e-01 
New pars ( 190): DC=5.6670e+00 r1=-3.4693e-01 r2=5.8863e+01 r3=3.0836e+01 p=3.1115e-01 
New pars ( 191): DC=5.6670e+00 r1=-3.4693e-01 r2=5.8863e+01 r3=3.0839e+01 p=3.1117e-01 
New pars ( 192): DC=5.6670e+00 r1=-3.4693e-01 r2=5.8863e+01 r3=3.0839e+01 p=3.1112e-01 
New pars ( 193): DC=5.6670e+00 r1=-3.4766e-01 r2=5.8863e+01 r3=3.0837e+01 p=3.1117e-01 
New pars ( 194): DC=5.6674e+00 r1=-3.5061e-01 r2=5.8861e+01 r3=3.0832e+01 p=3.1125e-01 
New pars ( 195): DC=5.6682e+00 r1=-3.5799e-01 r2=5.8856e+01 r3=3.0820e+01 p=3.1145e-01 
New pars ( 196): DC=5.6707e+00 r1=-3.8011e-01 r2=5.8842e+01 r3=3.0782e+01 p=3.1205e-01 
New pars ( 197): DC=5.6712e+00 r1=-3.8426e-01 r2=5.8839e+01 r3=3.0775e+01 p=3.1216e-01 
New pars ( 198): DC=5.6712e+00 r1=-3.8426e-01 r2=5.8839e+01 r3=3.0775e+01 p=3.1216e-01 
New pars ( 199): DC=5.6711e+00 r1=-3.8426e-01 r2=5.8839e+01 r3=3.0775e+01 p=3.1216e-01 
New pars ( 200): DC=5.6712e+00 r1=-3.8356e-01 r2=5.8839e+01 r3=3.0775e+01 p=3.1216e-01 
New pars ( 201): DC=5.6712e+00 r1=-3.8497e-01 r2=5.8839e+01 r3=3.0775e+01 p=3.1216e-01 
New pars ( 202): DC=5.6712e+00 r1=-3.8426e-01 r2=5.8840e+01 r3=3.0775e+01 p=3.1216e-01 
New pars ( 203): DC=5.6712e+00 r1=-3.8426e-01 r2=5.8838e+01 r3=3.0775e+01 p=3.1216e-01 
New pars ( 204): DC=5.6712e+00 r1=-3.8426e-01 r2=5.8839e+01 r3=3.0777e+01 p=3.1216e-01 
New pars ( 205): DC=5.6712e+00 r1=-3.8426e-01 r2=5.8839e+01 r3=3.0772e+01 p=3.1216e-01 
New pars ( 206): DC=5.6712e+00 r1=-3.8426e-01 r2=5.8839e+01 r3=3.0775e+01 p=3.1219e-01 
New pars ( 207): DC=5.6712e+00 r1=-3.8426e-01 r2=5.8839e+01 r3=3.0775e+01 p=3.1214e-01 
New pars ( 208): DC=5.6712e+00 r1=-3.8442e-01 r2=5.8840e+01 r3=3.0773e+01 p=3.1216e-01 
New pars ( 209): DC=5.6712e+00 r1=-3.8507e-01 r2=5.8842e+01 r3=3.0769e+01 p=3.1216e-01 
New pars ( 210): DC=5.6713e+00 r1=-3.8670e-01 r2=5.8849e+01 r3=3.0759e+01 p=3.1215e-01 
New pars ( 211): DC=5.6715e+00 r1=-3.9157e-01 r2=5.8868e+01 r3=3.0728e+01 p=3.1212e-01 
New pars ( 212): DC=5.6722e+00 r1=-4.0620e-01 r2=5.8924e+01 r3=3.0635e+01 p=3.1202e-01 
New pars ( 213): DC=5.6743e+00 r1=-4.5007e-01 r2=5.9093e+01 r3=3.0355e+01 p=3.1172e-01 
New pars ( 214): DC=5.6789e+00 r1=-5.4676e-01 r2=5.9466e+01 r3=2.9739e+01 p=3.1108e-01 
New pars ( 215): DC=5.6790e+00 r1=-5.4676e-01 r2=5.9466e+01 r3=2.9739e+01 p=3.1108e-01 
New pars ( 216): DC=5.6789e+00 r1=-5.4676e-01 r2=5.9466e+01 r3=2.9739e+01 p=3.1108e-01 
New pars ( 217): DC=5.6789e+00 r1=-5.4606e-01 r2=5.9466e+01 r3=2.9739e+01 p=3.1108e-01 
New pars ( 218): DC=5.6789e+00 r1=-5.4746e-01 r2=5.9466e+01 r3=2.9739e+01 p=3.1108e-01 
New pars ( 219): DC=5.6789e+00 r1=-5.4676e-01 r2=5.9467e+01 r3=2.9739e+01 p=3.1108e-01 
New pars ( 220): DC=5.6789e+00 r1=-5.4676e-01 r2=5.9465e+01 r3=2.9739e+01 p=3.1108e-01 
New pars ( 221): DC=5.6789e+00 r1=-5.4676e-01 r2=5.9466e+01 r3=2.9741e+01 p=3.1108e-01 
New pars ( 222): DC=5.6789e+00 r1=-5.4676e-01 r2=5.9466e+01 r3=2.9736e+01 p=3.1108e-01 
New pars ( 223): DC=5.6789e+00 r1=-5.4676e-01 r2=5.9466e+01 r3=2.9739e+01 p=3.1110e-01 
New pars ( 224): DC=5.6789e+00 r1=-5.4676e-01 r2=5.9466e+01 r3=2.9739e+01 p=3.1106e-01 
New pars ( 225): DC=5.6999e+00 r1=-1.0254e+00 r2=6.0707e+01 r3=2.7814e+01 p=3.1100e-01 
New pars ( 226): DC=5.7000e+00 r1=-1.0254e+00 r2=6.0707e+01 r3=2.7814e+01 p=3.1100e-01 
New pars ( 227): DC=5.6999e+00 r1=-1.0254e+00 r2=6.0707e+01 r3=2.7814e+01 p=3.1100e-01 
New pars ( 228): DC=5.6999e+00 r1=-1.0247e+00 r2=6.0707e+01 r3=2.7814e+01 p=3.1100e-01 
New pars ( 229): DC=5.6999e+00 r1=-1.0261e+00 r2=6.0707e+01 r3=2.7814e+01 p=3.1100e-01 
New pars ( 230): DC=5.6999e+00 r1=-1.0254e+00 r2=6.0708e+01 r3=2.7814e+01 p=3.1100e-01 
New pars ( 231): DC=5.6999e+00 r1=-1.0254e+00 r2=6.0706e+01 r3=2.7814e+01 p=3.1100e-01 
New pars ( 232): DC=5.6999e+00 r1=-1.0254e+00 r2=6.0707e+01 r3=2.7817e+01 p=3.1100e-01 
New pars ( 233): DC=5.6999e+00 r1=-1.0254e+00 r2=6.0707e+01 r3=2.7812e+01 p=3.1100e-01 
New pars ( 234): DC=5.6999e+00 r1=-1.0254e+00 r2=6.0707e+01 r3=2.7814e+01 p=3.1102e-01 
New pars ( 235): DC=5.6999e+00 r1=-1.0254e+00 r2=6.0707e+01 r3=2.7814e+01 p=3.1098e-01 
New pars ( 236): DC=5.7005e+00 r1=-1.0520e+00 r2=6.0754e+01 r3=2.7771e+01 p=3.1102e-01 
New pars ( 237): DC=5.7005e+00 r1=-1.0520e+00 r2=6.0754e+01 r3=2.7771e+01 p=3.1102e-01 
New pars ( 238): DC=5.7004e+00 r1=-1.0520e+00 r2=6.0754e+01 r3=2.7771e+01 p=3.1102e-01 
New pars ( 239): DC=5.7005e+00 r1=-1.0513e+00 r2=6.0754e+01 r3=2.7771e+01 p=3.1102e-01 
New pars ( 240): DC=5.7005e+00 r1=-1.0527e+00 r2=6.0754e+01 r3=2.7771e+01 p=3.1102e-01 
New pars ( 241): DC=5.7005e+00 r1=-1.0520e+00 r2=6.0755e+01 r3=2.7771e+01 p=3.1102e-01 
New pars ( 242): DC=5.7005e+00 r1=-1.0520e+00 r2=6.0753e+01 r3=2.7771e+01 p=3.1102e-01 
New pars ( 243): DC=5.7005e+00 r1=-1.0520e+00 r2=6.0754e+01 r3=2.7773e+01 p=3.1102e-01 
New pars ( 244): DC=5.7005e+00 r1=-1.0520e+00 r2=6.0754e+01 r3=2.7768e+01 p=3.1102e-01 
New pars ( 245): DC=5.7005e+00 r1=-1.0520e+00 r2=6.0754e+01 r3=2.7771e+01 p=3.1104e-01 
New pars ( 246): DC=5.7005e+00 r1=-1.0520e+00 r2=6.0754e+01 r3=2.7771e+01 p=3.1100e-01 
New pars ( 247): DC=5.7005e+00 r1=-1.0529e+00 r2=6.0754e+01 r3=2.7771e+01 p=3.1104e-01 
New pars ( 248): DC=5.7006e+00 r1=-1.0529e+00 r2=6.0754e+01 r3=2.7771e+01 p=3.1104e-01 
New pars ( 249): DC=5.7004e+00 r1=-1.0529e+00 r2=6.0754e+01 r3=2.7771e+01 p=3.1104e-01 
New pars ( 250): DC=5.7005e+00 r1=-1.0522e+00 r2=6.0754e+01 r3=2.7771e+01 p=3.1104e-01 
New pars ( 251): DC=5.7005e+00 r1=-1.0536e+00 r2=6.0754e+01 r3=2.7771e+01 p=3.1104e-01 
New pars ( 252): DC=5.7005e+00 r1=-1.0529e+00 r2=6.0755e+01 r3=2.7771e+01 p=3.1104e-01 
New pars ( 253): DC=5.7005e+00 r1=-1.0529e+00 r2=6.0753e+01 r3=2.7771e+01 p=3.1104e-01 
New pars ( 254): DC=5.7005e+00 r1=-1.0529e+00 r2=6.0754e+01 r3=2.7773e+01 p=3.1104e-01 
New pars ( 255): DC=5.7005e+00 r1=-1.0529e+00 r2=6.0754e+01 r3=2.7769e+01 p=3.1104e-01 
New pars ( 256): DC=5.7005e+00 r1=-1.0529e+00 r2=6.0754e+01 r3=2.7771e+01 p=3.1106e-01 
New pars ( 257): DC=5.7005e+00 r1=-1.0529e+00 r2=6.0754e+01 r3=2.7771e+01 p=3.1101e-01 
New pars ( 258): DC=5.7005e+00 r1=-1.0529e+00 r2=6.0754e+01 r3=2.7771e+01 p=3.1104e-01 
New pars ( 259): DC=5.7006e+00 r1=-1.0529e+00 r2=6.0754e+01 r3=2.7771e+01 p=3.1104e-01 
New pars ( 260): DC=5.7004e+00 r1=-1.0529e+00 r2=6.0754e+01 r3=2.7771e+01 p=3.1104e-01 
New pars ( 261): DC=5.7005e+00 r1=-1.0522e+00 r2=6.0754e+01 r3=2.7771e+01 p=3.1104e-01 
New pars ( 262): DC=5.7005e+00 r1=-1.0536e+00 r2=6.0754e+01 r3=2.7771e+01 p=3.1104e-01 
New pars ( 263): DC=5.7005e+00 r1=-1.0529e+00 r2=6.0755e+01 r3=2.7771e+01 p=3.1104e-01 
New pars ( 264): DC=5.7005e+00 r1=-1.0529e+00 r2=6.0753e+01 r3=2.7771e+01 p=3.1104e-01 
New pars ( 265): DC=5.7005e+00 r1=-1.0529e+00 r2=6.0754e+01 r3=2.7773e+01 p=3.1104e-01 
New pars ( 266): DC=5.7005e+00 r1=-1.0529e+00 r2=6.0754e+01 r3=2.7769e+01 p=3.1104e-01 
New pars ( 267): DC=5.7005e+00 r1=-1.0529e+00 r2=6.0754e+01 r3=2.7771e+01 p=3.1106e-01 
New pars ( 268): DC=5.7005e+00 r1=-1.0529e+00 r2=6.0754e+01 r3=2.7771e+01 p=3.1101e-01 
New pars ( 269): DC=5.7005e+00 r1=-1.0529e+00 r2=6.0754e+01 r3=2.7771e+01 p=3.1104e-01 
New pars ( 270): DC=5.7005e+00 r1=-1.0529e+00 r2=6.0754e+01 r3=2.7771e+01 p=3.1104e-01 
New pars ( 271): DC=5.7005e+00 r1=-1.0529e+00 r2=6.0754e+01 r3=2.7771e+01 p=3.1104e-01 
New pars ( 272): DC=5.7005e+00 r1=-1.0529e+00 r2=6.0754e+01 r3=2.7771e+01 p=3.1104e-01 
New pars ( 273): DC=5.7005e+00 r1=-1.0528e+00 r2=6.0754e+01 r3=2.7771e+01 p=3.1104e-01 
New pars ( 274): DC=5.7005e+00 r1=-1.0530e+00 r2=6.0754e+01 r3=2.7771e+01 p=3.1104e-01 
New pars ( 275): DC=5.7005e+00 r1=-1.0529e+00 r2=6.0754e+01 r3=2.7771e+01 p=3.1104e-01 
New pars ( 276): DC=5.7005e+00 r1=-1.0529e+00 r2=6.0754e+01 r3=2.7771e+01 p=3.1104e-01 
New pars ( 277): DC=5.7005e+00 r1=-1.0529e+00 r2=6.0754e+01 r3=2.7771e+01 p=3.1104e-01 
New pars ( 278): DC=5.7005e+00 r1=-1.0529e+00 r2=6.0753e+01 r3=2.7771e+01 p=3.1104e-01 
New pars ( 279): DC=5.7005e+00 r1=-1.0529e+00 r2=6.0754e+01 r3=2.7771e+01 p=3.1104e-01 
New pars ( 280): DC=5.7005e+00 r1=-1.0529e+00 r2=6.0754e+01 r3=2.7771e+01 p=3.1104e-01 
New pars ( 281): DC=5.7005e+00 r1=-1.0529e+00 r2=6.0754e+01 r3=2.7771e+01 p=3.1104e-01 
New pars ( 282): DC=5.7005e+00 r1=-1.0529e+00 r2=6.0754e+01 r3=2.7770e+01 p=3.1104e-01 
New pars ( 283): DC=5.7005e+00 r1=-1.0529e+00 r2=6.0754e+01 r3=2.7771e+01 p=3.1104e-01 
New pars ( 284): DC=5.7005e+00 r1=-1.0529e+00 r2=6.0754e+01 r3=2.7771e+01 p=3.1104e-01 
New pars ( 285): DC=5.7005e+00 r1=-1.0529e+00 r2=6.0754e+01 r3=2.7771e+01 p=3.1104e-01 
New pars ( 286): DC=5.7005e+00 r1=-1.0529e+00 r2=6.0754e+01 r3=2.7771e+01 p=3.1103e-01 
New pars ( 287): DC=5.7005e+00 r1=-1.0529e+00 r2=6.0754e+01 r3=2.7771e+01 p=3.1104e-01 
New pars ( 288): DC=5.7005e+00 r1=-1.0529e+00 r2=6.0754e+01 r3=2.7771e+01 p=3.1103e-01 
New pars ( 289): DC=5.7006e+00 r1=-1.0522e+00 r2=6.0754e+01 r3=2.7771e+01 p=3.1104e-01 
New pars ( 290): DC=5.7006e+00 r1=-1.0529e+00 r2=6.0755e+01 r3=2.7771e+01 p=3.1104e-01 
New pars ( 291): DC=5.7005e+00 r1=-1.0522e+00 r2=6.0755e+01 r3=2.7771e+01 p=3.1104e-01 
New pars ( 292): DC=5.7006e+00 r1=-1.0529e+00 r2=6.0754e+01 r3=2.7773e+01 p=3.1104e-01 
New pars ( 293): DC=5.7005e+00 r1=-1.0522e+00 r2=6.0754e+01 r3=2.7773e+01 p=3.1104e-01 
New pars ( 294): DC=5.7005e+00 r1=-1.0529e+00 r2=6.0755e+01 r3=2.7773e+01 p=3.1104e-01 
New pars ( 295): DC=5.7006e+00 r1=-1.0529e+00 r2=6.0754e+01 r3=2.7771e+01 p=3.1106e-01 
New pars ( 296): DC=5.7005e+00 r1=-1.0522e+00 r2=6.0754e+01 r3=2.7771e+01 p=3.1106e-01 
New pars ( 297): DC=5.7005e+00 r1=-1.0529e+00 r2=6.0755e+01 r3=2.7771e+01 p=3.1106e-01 
New pars ( 298): DC=5.7005e+00 r1=-1.0529e+00 r2=6.0754e+01 r3=2.7773e+01 p=3.1106e-01 
New pars ( 299): DC=5.6596e+00 r1=-1.6640e+00 r2=6.2014e+01 r3=2.9016e+01 p=3.0828e-01 
New pars ( 300): DC=5.6586e+00 r1=-1.6640e+00 r2=6.2014e+01 r3=2.9016e+01 p=3.0828e-01 
New pars ( 301): DC=5.6596e+00 r1=-1.7302e+00 r2=6.2014e+01 r3=2.9016e+01 p=3.0828e-01 
New pars ( 302): DC=5.6596e+00 r1=-1.6640e+00 r2=6.1240e+01 r3=2.9016e+01 p=3.0828e-01 
New pars ( 303): DC=5.6596e+00 r1=-1.6640e+00 r2=6.2014e+01 r3=3.0283e+01 p=3.0828e-01 
New pars ( 304): DC=5.6596e+00 r1=-1.6640e+00 r2=6.2014e+01 r3=2.9016e+01 p=3.0849e-01 
New pars ( 305): DC=5.6592e+00 r1=-1.6905e+00 r2=6.1705e+01 r3=2.7749e+01 p=3.0836e-01 
New pars ( 306): DC=5.6595e+00 r1=-1.6706e+00 r2=6.1937e+01 r3=2.9649e+01 p=3.0830e-01 
New pars ( 307): DC=5.6592e+00 r1=-1.6932e+00 r2=6.2757e+01 r3=2.9269e+01 p=3.0837e-01 
New pars ( 308): DC=5.6595e+00 r1=-1.6713e+00 r2=6.1620e+01 r3=2.9079e+01 p=3.0831e-01 
New pars ( 309): DC=5.6593e+00 r1=-1.6868e+00 r2=6.1934e+01 r3=2.8408e+01 p=3.0835e-01 
New pars ( 310): DC=5.6592e+00 r1=-1.6949e+00 r2=6.1932e+01 r3=2.7787e+01 p=3.0838e-01 
New pars ( 311): DC=5.6590e+00 r1=-1.7025e+00 r2=6.1824e+01 r3=2.8798e+01 p=3.0812e-01 
New pars ( 312): DC=5.6587e+00 r1=-1.7218e+00 r2=6.1729e+01 r3=2.8689e+01 p=3.0794e-01 
New pars ( 313): DC=5.6588e+00 r1=-1.7179e+00 r2=6.1748e+01 r3=2.8711e+01 p=3.0826e-01 
New pars ( 314): DC=5.6599e+00 r1=-1.7395e+00 r2=6.1642e+01 r3=2.8589e+01 p=3.0824e-01 
New pars ( 315): DC=5.6589e+00 r1=-1.6829e+00 r2=6.1921e+01 r3=2.8909e+01 p=3.0827e-01 
New pars ( 316): DC=5.6598e+00 r1=-1.6716e+00 r2=6.1977e+01 r3=2.8973e+01 p=3.0828e-01 
New pars ( 317): DC=5.6590e+00 r1=-1.7063e+00 r2=6.1805e+01 r3=2.8776e+01 p=3.0826e-01 
New pars ( 318): DC=5.6587e+00 r1=-1.6497e+00 r2=6.1627e+01 r3=2.8572e+01 p=3.0824e-01 
New pars ( 319): DC=5.6594e+00 r1=-1.7101e+00 r2=6.1917e+01 r3=2.8905e+01 p=3.0827e-01 
New pars ( 320): DC=5.6596e+00 r1=-1.7079e+00 r2=6.1719e+01 r3=2.8677e+01 p=3.0825e-01 
New pars ( 321): DC=5.6591e+00 r1=-1.6892e+00 r2=6.1870e+01 r3=2.8851e+01 p=3.0827e-01 
New pars ( 322): DC=5.6588e+00 r1=-1.7267e+00 r2=6.2121e+01 r3=2.8416e+01 p=3.0820e-01 
New pars ( 323): DC=5.6585e+00 r1=-1.7544e+00 r2=6.2371e+01 r3=2.8085e+01 p=3.0815e-01 
New pars ( 324): DC=5.7005e+00 r1=-1.0529e+00 r2=6.0754e+01 r3=2.7771e+01 p=3.1104e-01 
New pars ( 325): DC=5.7005e+00 r1=-1.0529e+00 r2=6.0754e+01 r3=2.7771e+01 p=3.1104e-01 
New pars ( 326): DC=5.7005e+00 r1=-1.0529e+00 r2=6.0754e+01 r3=2.7771e+01 p=3.1104e-01 
New pars ( 327): DC=5.7005e+00 r1=-1.0528e+00 r2=6.0754e+01 r3=2.7771e+01 p=3.1104e-01 
New pars ( 328): DC=5.7005e+00 r1=-1.0530e+00 r2=6.0754e+01 r3=2.7771e+01 p=3.1104e-01 
New pars ( 329): DC=5.7005e+00 r1=-1.0529e+00 r2=6.0754e+01 r3=2.7771e+01 p=3.1104e-01 
New pars ( 330): DC=5.7005e+00 r1=-1.0529e+00 r2=6.0753e+01 r3=2.7771e+01 p=3.1104e-01 
New pars ( 331): DC=5.7005e+00 r1=-1.0529e+00 r2=6.0754e+01 r3=2.7771e+01 p=3.1104e-01 
New pars ( 332): DC=5.7005e+00 r1=-1.0529e+00 r2=6.0754e+01 r3=2.7770e+01 p=3.1104e-01 
New pars ( 333): DC=5.7005e+00 r1=-1.0529e+00 r2=6.0754e+01 r3=2.7817e+01 p=3.1104e-01 
New pars ( 334): DC=5.7005e+00 r1=-1.0529e+00 r2=6.0754e+01 r3=2.7725e+01 p=3.1104e-01 
New pars ( 335): DC=5.7005e+00 r1=-1.0529e+00 r2=6.0754e+01 r3=2.7843e+01 p=3.1104e-01 
New pars ( 336): DC=5.7005e+00 r1=-1.0529e+00 r2=6.0754e+01 r3=2.7698e+01 p=3.1104e-01 
New pars ( 337): DC=5.7005e+00 r1=-1.0529e+00 r2=6.0754e+01 r3=2.7771e+01 p=3.1104e-01 
New pars ( 338): DC=5.7005e+00 r1=-1.0529e+00 r2=6.0754e+01 r3=2.7771e+01 p=3.1103e-01 
New pars ( 339): DC=5.7005e+00 r1=-1.0529e+00 r2=6.0754e+01 r3=2.7771e+01 p=3.1112e-01 
New pars ( 340): DC=5.7005e+00 r1=-1.0529e+00 r2=6.0754e+01 r3=2.7771e+01 p=3.1095e-01 
New pars ( 341): DC=5.7005e+00 r1=-1.0529e+00 r2=6.0754e+01 r3=2.7771e+01 p=3.1173e-01 
New pars ( 342): DC=5.7005e+00 r1=-1.0529e+00 r2=6.0754e+01 r3=2.7771e+01 p=3.1034e-01 
New pars ( 343): DC=5.7005e+00 r1=-1.0529e+00 r2=6.0754e+01 r3=2.7771e+01 p=3.1104e-01 
New pars ( 344): DC=5.7005e+00 r1=-1.0529e+00 r2=6.0754e+01 r3=2.7771e+01 p=3.1104e-01 
New pars ( 345): DC=5.7005e+00 r1=-1.0529e+00 r2=6.0754e+01 r3=2.7771e+01 p=3.1104e-01 
New pars ( 346): DC=5.7005e+00 r1=-1.0529e+00 r2=6.0754e+01 r3=2.7771e+01 p=3.1104e-01 
New pars ( 347): DC=5.7005e+00 r1=-1.0529e+00 r2=6.0754e+01 r3=2.7771e+01 p=3.1104e-01 
New pars ( 348): DC=5.7005e+00 r1=-1.0529e+00 r2=6.0754e+01 r3=2.7771e+01 p=3.1104e-01 
New pars ( 349): DC=5.7005e+00 r1=-1.0529e+00 r2=6.0754e+01 r3=2.7771e+01 p=3.1104e-01 
New pars ( 350): DC=5.7005e+00 r1=-1.0529e+00 r2=6.0754e+01 r3=2.7771e+01 p=3.1104e-01 
New pars ( 351): DC=5.7005e+00 r1=-1.0529e+00 r2=6.0754e+01 r3=2.7771e+01 p=3.1104e-01 
New pars ( 352): DC=5.7005e+00 r1=-1.0529e+00 r2=6.0754e+01 r3=2.7771e+01 p=3.1104e-01 
New pars ( 353): DC=5.7005e+00 r1=-1.0529e+00 r2=6.0754e+01 r3=2.7771e+01 p=3.1104e-01 
New pars ( 354): DC=5.7005e+00 r1=-1.0529e+00 r2=6.0754e+01 r3=2.7771e+01 p=3.1104e-01 
New pars ( 355): DC=5.7005e+00 r1=-1.0529e+00 r2=6.0754e+01 r3=2.7772e+01 p=3.1104e-01 
New pars ( 356): DC=5.7005e+00 r1=-1.0529e+00 r2=6.0754e+01 r3=2.7769e+01 p=3.1104e-01 
New pars ( 357): DC=5.7005e+00 r1=-1.0529e+00 r2=6.0754e+01 r3=2.7771e+01 p=3.1104e-01 
New pars ( 358): DC=5.7005e+00 r1=-1.0529e+00 r2=6.0754e+01 r3=2.7770e+01 p=3.1104e-01 
New pars ( 359): DC=5.7005e+00 r1=-1.0529e+00 r2=6.0754e+01 r3=2.7771e+01 p=3.1105e-01 
New pars ( 360): DC=5.7005e+00 r1=-1.0529e+00 r2=6.0754e+01 r3=2.7771e+01 p=3.1102e-01 
New pars ( 361): DC=5.7005e+00 r1=-1.0529e+00 r2=6.0754e+01 r3=2.7771e+01 p=3.1104e-01 
New pars ( 362): DC=5.7005e+00 r1=-1.0529e+00 r2=6.0754e+01 r3=2.7771e+01 p=3.1103e-01 
New pars ( 363): DC=5.7005e+00 r1=-1.0528e+00 r2=6.0754e+01 r3=2.7771e+01 p=3.1104e-01 
New pars ( 364): DC=5.7005e+00 r1=-1.0529e+00 r2=6.0754e+01 r3=2.7771e+01 p=3.1104e-01 
New pars ( 365): DC=5.7005e+00 r1=-1.0528e+00 r2=6.0754e+01 r3=2.7771e+01 p=3.1104e-01 
New pars ( 366): DC=5.7005e+00 r1=-1.0529e+00 r2=6.0754e+01 r3=2.7843e+01 p=3.1104e-01 
New pars ( 367): DC=5.7005e+00 r1=-1.0528e+00 r2=6.0754e+01 r3=2.7843e+01 p=3.1104e-01 
New pars ( 368): DC=5.7005e+00 r1=-1.0529e+00 r2=6.0754e+01 r3=2.7843e+01 p=3.1104e-01 
New pars ( 369): DC=5.7005e+00 r1=-1.0529e+00 r2=6.0754e+01 r3=2.7771e+01 p=3.1173e-01 
New pars ( 370): DC=5.7005e+00 r1=-1.0528e+00 r2=6.0754e+01 r3=2.7771e+01 p=3.1173e-01 
New pars ( 371): DC=5.7005e+00 r1=-1.0529e+00 r2=6.0754e+01 r3=2.7771e+01 p=3.1173e-01 
New pars ( 372): DC=5.7005e+00 r1=-1.0529e+00 r2=6.0754e+01 r3=2.7843e+01 p=3.1173e-01 
 PARAMETER NUMBER   1 NOT A VARIABLE. IGNORED.
 THERE ARE NO MINOS ERRORS TO CALCULATE.
New pars ( 373): DC=5.7005e+00 r1=-1.0529e+00 r2=6.0754e+01 r3=2.7771e+01 p=3.1104e-01 
New pars ( 374): DC=5.7005e+00 r1=-1.0529e+00 r2=6.0754e+01 r3=2.7771e+01 p=3.1104e-01 
New pars ( 375): DC=5.7005e+00 r1=-1.0529e+00 r2=6.0754e+01 r3=2.7771e+01 p=3.1104e-01 
New pars ( 376): DC=5.7006e+00 r1=-1.0529e+00 r2=6.0754e+01 r3=2.7771e+01 p=3.1104e-01 
New pars ( 377): DC=5.7004e+00 r1=-1.0529e+00 r2=6.0754e+01 r3=2.7771e+01 p=3.1104e-01 
New pars ( 378): DC=5.7027e+00 r1=-1.0529e+00 r2=6.0754e+01 r3=2.7771e+01 p=3.1104e-01 
New pars ( 379): DC=5.6983e+00 r1=-1.0529e+00 r2=6.0754e+01 r3=2.7771e+01 p=3.1104e-01 
New pars ( 380): DC=5.7005e+00 r1=-1.0529e+00 r2=6.0754e+01 r3=2.7771e+01 p=3.1104e-01 
New pars ( 381): DC=5.7005e+00 r1=-1.0529e+00 r2=6.0754e+01 r3=2.7771e+01 p=3.1104e-01 
New pars ( 382): DC=5.7005e+00 r1=-1.0523e+00 r2=6.0754e+01 r3=2.7771e+01 p=3.1104e-01 
New pars ( 383): DC=5.7005e+00 r1=-1.0535e+00 r2=6.0754e+01 r3=2.7771e+01 p=3.1104e-01 
New pars ( 384): DC=5.7005e+00 r1=-1.0305e+00 r2=6.0754e+01 r3=2.7771e+01 p=3.1104e-01 
New pars ( 385): DC=5.7005e+00 r1=-1.0753e+00 r2=6.0754e+01 r3=2.7771e+01 p=3.1104e-01 
New pars ( 386): DC=5.7005e+00 r1=-1.0529e+00 r2=6.0754e+01 r3=2.7771e+01 p=3.1104e-01 
New pars ( 387): DC=5.7005e+00 r1=-1.0529e+00 r2=6.0754e+01 r3=2.7771e+01 p=3.1104e-01 
New pars ( 388): DC=5.7005e+00 r1=-1.0529e+00 r2=6.0754e+01 r3=2.7771e+01 p=3.1104e-01 
New pars ( 389): DC=5.7005e+00 r1=-1.0529e+00 r2=6.0753e+01 r3=2.7771e+01 p=3.1104e-01 
New pars ( 390): DC=5.7005e+00 r1=-1.0529e+00 r2=6.0786e+01 r3=2.7771e+01 p=3.1104e-01 
New pars ( 391): DC=5.7005e+00 r1=-1.0529e+00 r2=6.0722e+01 r3=2.7771e+01 p=3.1104e-01 
New pars ( 392): DC=5.7005e+00 r1=-1.0529e+00 r2=6.0754e+01 r3=2.7771e+01 p=3.1104e-01 
New pars ( 393): DC=5.7005e+00 r1=-1.0529e+00 r2=6.0754e+01 r3=2.7770e+01 p=3.1104e-01 
New pars ( 394): DC=5.7005e+00 r1=-1.0529e+00 r2=6.0754e+01 r3=2.7803e+01 p=3.1104e-01 
New pars ( 395): DC=5.7005e+00 r1=-1.0529e+00 r2=6.0754e+01 r3=2.7738e+01 p=3.1104e-01 
New pars ( 396): DC=5.7005e+00 r1=-1.0529e+00 r2=6.0754e+01 r3=2.7843e+01 p=3.1104e-01 
New pars ( 397): DC=5.7005e+00 r1=-1.0529e+00 r2=6.0754e+01 r3=2.7698e+01 p=3.1104e-01 
New pars ( 398): DC=5.7005e+00 r1=-1.0529e+00 r2=6.0754e+01 r3=2.7771e+01 p=3.1104e-01 
New pars ( 399): DC=5.7005e+00 r1=-1.0529e+00 r2=6.0754e+01 r3=2.7771e+01 p=3.1103e-01 
New pars ( 400): DC=5.7005e+00 r1=-1.0529e+00 r2=6.0754e+01 r3=2.7771e+01 p=3.1135e-01 
New pars ( 401): DC=5.7005e+00 r1=-1.0529e+00 r2=6.0754e+01 r3=2.7771e+01 p=3.1072e-01 
New pars ( 402): DC=5.7005e+00 r1=-1.0529e+00 r2=6.0754e+01 r3=2.7771e+01 p=3.1173e-01 
New pars ( 403): DC=5.7005e+00 r1=-1.0529e+00 r2=6.0754e+01 r3=2.7771e+01 p=3.1034e-01 
New pars ( 404): DC=5.7006e+00 r1=-1.0529e+00 r2=6.0754e+01 r3=2.7771e+01 p=3.1104e-01 
New pars ( 405): DC=5.7005e+00 r1=-1.0529e+00 r2=6.0754e+01 r3=2.7771e+01 p=3.1104e-01 
New pars ( 406): DC=5.7005e+00 r1=-1.0529e+00 r2=6.0754e+01 r3=2.7771e+01 p=3.1104e-01 
New pars ( 407): DC=5.7005e+00 r1=-1.0529e+00 r2=6.0754e+01 r3=2.7771e+01 p=3.1104e-01 
New pars ( 408): DC=5.7005e+00 r1=-1.0524e+00 r2=6.0754e+01 r3=2.7771e+01 p=3.1104e-01 
New pars ( 409): DC=5.7005e+00 r1=-1.0534e+00 r2=6.0754e+01 r3=2.7771e+01 p=3.1104e-01 
New pars ( 410): DC=5.7005e+00 r1=-1.0528e+00 r2=6.0754e+01 r3=2.7771e+01 p=3.1104e-01 
New pars ( 411): DC=5.7005e+00 r1=-1.0530e+00 r2=6.0754e+01 r3=2.7771e+01 p=3.1104e-01 
New pars ( 412): DC=5.7005e+00 r1=-1.0529e+00 r2=6.0754e+01 r3=2.7771e+01 p=3.1104e-01 
New pars ( 413): DC=5.7005e+00 r1=-1.0529e+00 r2=6.0753e+01 r3=2.7771e+01 p=3.1104e-01 
New pars ( 414): DC=5.7005e+00 r1=-1.0529e+00 r2=6.0754e+01 r3=2.7771e+01 p=3.1104e-01 
New pars ( 415): DC=5.7005e+00 r1=-1.0529e+00 r2=6.0754e+01 r3=2.7771e+01 p=3.1104e-01 
New pars ( 416): DC=5.7005e+00 r1=-1.0529e+00 r2=6.0754e+01 r3=2.7772e+01 p=3.1104e-01 
New pars ( 417): DC=5.7005e+00 r1=-1.0529e+00 r2=6.0754e+01 r3=2.7769e+01 p=3.1104e-01 
New pars ( 418): DC=5.7005e+00 r1=-1.0529e+00 r2=6.0754e+01 r3=2.7771e+01 p=3.1104e-01 
New pars ( 419): DC=5.7005e+00 r1=-1.0529e+00 r2=6.0754e+01 r3=2.7770e+01 p=3.1104e-01 
New pars ( 420): DC=5.7005e+00 r1=-1.0529e+00 r2=6.0754e+01 r3=2.7771e+01 p=3.1105e-01 
New pars ( 421): DC=5.7005e+00 r1=-1.0529e+00 r2=6.0754e+01 r3=2.7771e+01 p=3.1102e-01 
New pars ( 422): DC=5.7005e+00 r1=-1.0529e+00 r2=6.0754e+01 r3=2.7771e+01 p=3.1104e-01 
New pars ( 423): DC=5.7005e+00 r1=-1.0529e+00 r2=6.0754e+01 r3=2.7771e+01 p=3.1103e-01 
New pars ( 424): DC=5.7027e+00 r1=-1.0305e+00 r2=6.0754e+01 r3=2.7771e+01 p=3.1104e-01 
New pars ( 425): DC=5.7027e+00 r1=-1.0529e+00 r2=6.0786e+01 r3=2.7771e+01 p=3.1104e-01 
New pars ( 426): DC=5.7005e+00 r1=-1.0305e+00 r2=6.0786e+01 r3=2.7771e+01 p=3.1104e-01 
New pars ( 427): DC=5.7027e+00 r1=-1.0529e+00 r2=6.0754e+01 r3=2.7843e+01 p=3.1104e-01 
New pars ( 428): DC=5.7005e+00 r1=-1.0305e+00 r2=6.0754e+01 r3=2.7843e+01 p=3.1104e-01 
New pars ( 429): DC=5.7005e+00 r1=-1.0529e+00 r2=6.0786e+01 r3=2.7843e+01 p=3.1104e-01 
New pars ( 430): DC=5.7027e+00 r1=-1.0529e+00 r2=6.0754e+01 r3=2.7771e+01 p=3.1173e-01 
New pars ( 431): DC=5.7005e+00 r1=-1.0305e+00 r2=6.0754e+01 r3=2.7771e+01 p=3.1173e-01 
New pars ( 432): DC=5.7005e+00 r1=-1.0529e+00 r2=6.0786e+01 r3=2.7771e+01 p=3.1173e-01 
New pars ( 433): DC=5.7005e+00 r1=-1.0529e+00 r2=6.0754e+01 r3=2.7843e+01 p=3.1173e-01 
 PARAMETER NUMBER   2 NOT A VARIABLE. IGNORED.
 THERE ARE NO MINOS ERRORS TO CALCULATE.
New pars ( 434): DC=5.7456e+00 r1=-1.1992e+00 r2=6.0721e+01 r3=2.6494e+01 p=3.1685e-01 
New pars ( 435): DC=5.7456e+00 r1=-1.1985e+00 r2=6.0721e+01 r3=2.6494e+01 p=3.1685e-01 
New pars ( 436): DC=5.7456e+00 r1=-1.1999e+00 r2=6.0721e+01 r3=2.6494e+01 p=3.1685e-01 
New pars ( 437): DC=5.7456e+00 r1=-1.1992e+00 r2=6.0722e+01 r3=2.6494e+01 p=3.1685e-01 
New pars ( 438): DC=5.7456e+00 r1=-1.1992e+00 r2=6.0720e+01 r3=2.6494e+01 p=3.1685e-01 
New pars ( 439): DC=5.7456e+00 r1=-1.1992e+00 r2=6.0721e+01 r3=2.6496e+01 p=3.1685e-01 
New pars ( 440): DC=5.7456e+00 r1=-1.1992e+00 r2=6.0721e+01 r3=2.6492e+01 p=3.1685e-01 
New pars ( 441): DC=5.7456e+00 r1=-1.1992e+00 r2=6.0721e+01 r3=2.6494e+01 p=3.1687e-01 
New pars ( 442): DC=5.7456e+00 r1=-1.1992e+00 r2=6.0721e+01 r3=2.6494e+01 p=3.1683e-01 
New pars ( 443): DC=5.7456e+00 r1=-1.2107e+00 r2=6.0757e+01 r3=2.6452e+01 p=3.1682e-01 
New pars ( 444): DC=5.7456e+00 r1=-1.2115e+00 r2=6.0760e+01 r3=2.6450e+01 p=3.1681e-01 
New pars ( 445): DC=5.7456e+00 r1=-1.2108e+00 r2=6.0760e+01 r3=2.6450e+01 p=3.1681e-01 
New pars ( 446): DC=5.7456e+00 r1=-1.2122e+00 r2=6.0760e+01 r3=2.6450e+01 p=3.1681e-01 
New pars ( 447): DC=5.7456e+00 r1=-1.2115e+00 r2=6.0761e+01 r3=2.6450e+01 p=3.1681e-01 
New pars ( 448): DC=5.7456e+00 r1=-1.2115e+00 r2=6.0759e+01 r3=2.6450e+01 p=3.1681e-01 
New pars ( 449): DC=5.7456e+00 r1=-1.2115e+00 r2=6.0760e+01 r3=2.6452e+01 p=3.1681e-01 
New pars ( 450): DC=5.7456e+00 r1=-1.2115e+00 r2=6.0760e+01 r3=2.6447e+01 p=3.1681e-01 
New pars ( 451): DC=5.7456e+00 r1=-1.2115e+00 r2=6.0760e+01 r3=2.6450e+01 p=3.1683e-01 
New pars ( 452): DC=5.7456e+00 r1=-1.2115e+00 r2=6.0760e+01 r3=2.6450e+01 p=3.1679e-01 
New pars ( 453): DC=5.6554e+00 r1=-9.0659e-01 r2=6.0786e+01 r3=2.9047e+01 p=3.0522e-01 
New pars ( 454): DC=5.6554e+00 r1=-9.0588e-01 r2=6.0786e+01 r3=2.9047e+01 p=3.0522e-01 
New pars ( 455): DC=5.6554e+00 r1=-9.0729e-01 r2=6.0786e+01 r3=2.9047e+01 p=3.0522e-01 
New pars ( 456): DC=5.6554e+00 r1=-9.0659e-01 r2=6.0787e+01 r3=2.9047e+01 p=3.0522e-01 
New pars ( 457): DC=5.6554e+00 r1=-9.0659e-01 r2=6.0785e+01 r3=2.9047e+01 p=3.0522e-01 
New pars ( 458): DC=5.6554e+00 r1=-9.0659e-01 r2=6.0786e+01 r3=2.9050e+01 p=3.0522e-01 
New pars ( 459): DC=5.6554e+00 r1=-9.0659e-01 r2=6.0786e+01 r3=2.9045e+01 p=3.0522e-01 
New pars ( 460): DC=5.6554e+00 r1=-9.0659e-01 r2=6.0786e+01 r3=2.9047e+01 p=3.0524e-01 
New pars ( 461): DC=5.6554e+00 r1=-9.0659e-01 r2=6.0786e+01 r3=2.9047e+01 p=3.0520e-01 
New pars ( 462): DC=5.6554e+00 r1=-8.8421e-01 r2=6.0710e+01 r3=2.9128e+01 p=3.0549e-01 
New pars ( 463): DC=5.6554e+00 r1=-8.8351e-01 r2=6.0710e+01 r3=2.9128e+01 p=3.0549e-01 
New pars ( 464): DC=5.6554e+00 r1=-8.8491e-01 r2=6.0710e+01 r3=2.9128e+01 p=3.0549e-01 
New pars ( 465): DC=5.6554e+00 r1=-8.8421e-01 r2=6.0711e+01 r3=2.9128e+01 p=3.0549e-01 
New pars ( 466): DC=5.6554e+00 r1=-8.8421e-01 r2=6.0709e+01 r3=2.9128e+01 p=3.0549e-01 
New pars ( 467): DC=5.6554e+00 r1=-8.8421e-01 r2=6.0710e+01 r3=2.9131e+01 p=3.0549e-01 
New pars ( 468): DC=5.6554e+00 r1=-8.8421e-01 r2=6.0710e+01 r3=2.9126e+01 p=3.0549e-01 
New pars ( 469): DC=5.6554e+00 r1=-8.8421e-01 r2=6.0710e+01 r3=2.9128e+01 p=3.0551e-01 
New pars ( 470): DC=5.6554e+00 r1=-8.8421e-01 r2=6.0710e+01 r3=2.9128e+01 p=3.0547e-01 
New pars ( 471): DC=5.6554e+00 r1=-8.8376e-01 r2=6.0711e+01 r3=2.9127e+01 p=3.0548e-01 
New pars ( 472): DC=5.6554e+00 r1=-8.8389e-01 r2=6.0711e+01 r3=2.9127e+01 p=3.0548e-01 
New pars ( 473): DC=5.6554e+00 r1=-8.8149e-01 r2=6.0712e+01 r3=2.9118e+01 p=3.0543e-01 
New pars ( 474): DC=5.6554e+00 r1=-8.8262e-01 r2=6.0711e+01 r3=2.9122e+01 p=3.0545e-01 
New pars ( 475): DC=5.6554e+00 r1=-8.8319e-01 r2=6.0711e+01 r3=2.9124e+01 p=3.0547e-01 
New pars ( 476): DC=5.6554e+00 r1=-8.8347e-01 r2=6.0711e+01 r3=2.9126e+01 p=3.0547e-01 
New pars ( 477): DC=5.6554e+00 r1=-8.8361e-01 r2=6.0711e+01 r3=2.9126e+01 p=3.0547e-01 
New pars ( 478): DC=5.6554e+00 r1=-8.8378e-01 r2=6.0711e+01 r3=2.9127e+01 p=3.0548e-01 
New pars ( 479): DC=5.6554e+00 r1=-8.8364e-01 r2=6.0711e+01 r3=2.9126e+01 p=3.0548e-01 
New pars ( 480): DC=5.6554e+00 r1=-8.8370e-01 r2=6.0711e+01 r3=2.9126e+01 p=3.0548e-01 
New pars ( 481): DC=5.6554e+00 r1=-8.8373e-01 r2=6.0711e+01 r3=2.9127e+01 p=3.0548e-01 
New pars ( 482): DC=5.6554e+00 r1=-8.8305e-01 r2=6.0711e+01 r3=2.9127e+01 p=3.0548e-01 
New pars ( 483): DC=5.6554e+00 r1=-8.8446e-01 r2=6.0711e+01 r3=2.9127e+01 p=3.0548e-01 
New pars ( 484): DC=5.6554e+00 r1=-8.8376e-01 r2=6.0712e+01 r3=2.9127e+01 p=3.0548e-01 
New pars ( 485): DC=5.6554e+00 r1=-8.8376e-01 r2=6.0710e+01 r3=2.9127e+01 p=3.0548e-01 
New pars ( 486): DC=5.6554e+00 r1=-8.8376e-01 r2=6.0711e+01 r3=2.9129e+01 p=3.0548e-01 
New pars ( 487): DC=5.6554e+00 r1=-8.8376e-01 r2=6.0711e+01 r3=2.9124e+01 p=3.0548e-01 
New pars ( 488): DC=5.6554e+00 r1=-8.8376e-01 r2=6.0711e+01 r3=2.9127e+01 p=3.0550e-01 
New pars ( 489): DC=5.6554e+00 r1=-8.8376e-01 r2=6.0711e+01 r3=2.9127e+01 p=3.0546e-01 
New pars ( 490): DC=5.6547e+00 r1=-8.8376e-01 r2=6.0711e+01 r3=2.9127e+01 p=3.0548e-01 
New pars ( 491): DC=5.6547e+00 r1=-8.8307e-01 r2=6.0711e+01 r3=2.9127e+01 p=3.0548e-01 
New pars ( 492): DC=5.6547e+00 r1=-8.8444e-01 r2=6.0711e+01 r3=2.9127e+01 p=3.0548e-01 
New pars ( 493): DC=5.6547e+00 r1=-8.8376e-01 r2=6.0712e+01 r3=2.9127e+01 p=3.0548e-01 
New pars ( 494): DC=5.6547e+00 r1=-8.8376e-01 r2=6.0710e+01 r3=2.9127e+01 p=3.0548e-01 
New pars ( 495): DC=5.6547e+00 r1=-8.8376e-01 r2=6.0711e+01 r3=2.9129e+01 p=3.0548e-01 
New pars ( 496): DC=5.6547e+00 r1=-8.8376e-01 r2=6.0711e+01 r3=2.9125e+01 p=3.0548e-01 
New pars ( 497): DC=5.6547e+00 r1=-8.8376e-01 r2=6.0711e+01 r3=2.9127e+01 p=3.0550e-01 
New pars ( 498): DC=5.6547e+00 r1=-8.8376e-01 r2=6.0711e+01 r3=2.9127e+01 p=3.0546e-01 
New pars ( 499): DC=5.6547e+00 r1=-8.8061e-01 r2=6.0708e+01 r3=2.9150e+01 p=3.0539e-01 
New pars ( 500): DC=5.6547e+00 r1=-8.7991e-01 r2=6.0708e+01 r3=2.9150e+01 p=3.0539e-01 
New pars ( 501): DC=5.6547e+00 r1=-8.8131e-01 r2=6.0708e+01 r3=2.9150e+01 p=3.0539e-01 
New pars ( 502): DC=5.6547e+00 r1=-8.8061e-01 r2=6.0709e+01 r3=2.9150e+01 p=3.0539e-01 
New pars ( 503): DC=5.6547e+00 r1=-8.8061e-01 r2=6.0707e+01 r3=2.9150e+01 p=3.0539e-01 
New pars ( 504): DC=5.6547e+00 r1=-8.8061e-01 r2=6.0708e+01 r3=2.9152e+01 p=3.0539e-01 
New pars ( 505): DC=5.6547e+00 r1=-8.8061e-01 r2=6.0708e+01 r3=2.9148e+01 p=3.0539e-01 
New pars ( 506): DC=5.6547e+00 r1=-8.8061e-01 r2=6.0708e+01 r3=2.9150e+01 p=3.0541e-01 
New pars ( 507): DC=5.6547e+00 r1=-8.8061e-01 r2=6.0708e+01 r3=2.9150e+01 p=3.0537e-01 
New pars ( 508): DC=5.6547e+00 r1=-8.8107e-01 r2=6.0710e+01 r3=2.9148e+01 p=3.0539e-01 
New pars ( 509): DC=5.6547e+00 r1=-8.8092e-01 r2=6.0709e+01 r3=2.9149e+01 p=3.0539e-01 
New pars ( 510): DC=5.6547e+00 r1=-8.8194e-01 r2=6.0712e+01 r3=2.9144e+01 p=3.0541e-01 
New pars ( 511): DC=5.6547e+00 r1=-8.8150e-01 r2=6.0711e+01 r3=2.9146e+01 p=3.0540e-01 
New pars ( 512): DC=5.6547e+00 r1=-8.8129e-01 r2=6.0710e+01 r3=2.9147e+01 p=3.0540e-01 
New pars ( 513): DC=5.6547e+00 r1=-8.8036e-01 r2=6.0710e+01 r3=2.9148e+01 p=3.0539e-01 
New pars ( 514): DC=5.6547e+00 r1=-8.8177e-01 r2=6.0710e+01 r3=2.9148e+01 p=3.0539e-01 
New pars ( 515): DC=5.6547e+00 r1=-8.8107e-01 r2=6.0711e+01 r3=2.9148e+01 p=3.0539e-01 
New pars ( 516): DC=5.6547e+00 r1=-8.8107e-01 r2=6.0709e+01 r3=2.9148e+01 p=3.0539e-01 
New pars ( 517): DC=5.6547e+00 r1=-8.8107e-01 r2=6.0710e+01 r3=2.9150e+01 p=3.0539e-01 
New pars ( 518): DC=5.6547e+00 r1=-8.8107e-01 r2=6.0710e+01 r3=2.9146e+01 p=3.0539e-01 
New pars ( 519): DC=5.6547e+00 r1=-8.8107e-01 r2=6.0710e+01 r3=2.9148e+01 p=3.0541e-01 
New pars ( 520): DC=5.6547e+00 r1=-8.8107e-01 r2=6.0710e+01 r3=2.9148e+01 p=3.0537e-01 
New pars ( 521): DC=5.6914e+00 r1=-3.2688e-01 r2=5.9332e+01 r3=2.8978e+01 p=3.1089e-01 
New pars ( 522): DC=5.6915e+00 r1=-3.2688e-01 r2=5.9332e+01 r3=2.8978e+01 p=3.1089e-01 
New pars ( 523): DC=5.6913e+00 r1=-3.2688e-01 r2=5.9332e+01 r3=2.8978e+01 p=3.1089e-01 
New pars ( 524): DC=5.6914e+00 r1=-3.2688e-01 r2=5.9333e+01 r3=2.8978e+01 p=3.1089e-01 
New pars ( 525): DC=5.6914e+00 r1=-3.2688e-01 r2=5.9331e+01 r3=2.8978e+01 p=3.1089e-01 
New pars ( 526): DC=5.6914e+00 r1=-3.2688e-01 r2=5.9332e+01 r3=2.8980e+01 p=3.1089e-01 
New pars ( 527): DC=5.6914e+00 r1=-3.2688e-01 r2=5.9332e+01 r3=2.8976e+01 p=3.1089e-01 
New pars ( 528): DC=5.6914e+00 r1=-3.2688e-01 r2=5.9332e+01 r3=2.8978e+01 p=3.1091e-01 
New pars ( 529): DC=5.6914e+00 r1=-3.2688e-01 r2=5.9332e+01 r3=2.8978e+01 p=3.1086e-01 
New pars ( 530): DC=5.6909e+00 r1=-3.2688e-01 r2=5.9313e+01 r3=2.9036e+01 p=3.1092e-01 
New pars ( 531): DC=5.6909e+00 r1=-3.2688e-01 r2=5.9313e+01 r3=2.9036e+01 p=3.1092e-01 
New pars ( 532): DC=5.6908e+00 r1=-3.2688e-01 r2=5.9313e+01 r3=2.9036e+01 p=3.1092e-01 
New pars ( 533): DC=5.6909e+00 r1=-3.2688e-01 r2=5.9314e+01 r3=2.9036e+01 p=3.1092e-01 
New pars ( 534): DC=5.6909e+00 r1=-3.2688e-01 r2=5.9312e+01 r3=2.9036e+01 p=3.1092e-01 
New pars ( 535): DC=5.6909e+00 r1=-3.2688e-01 r2=5.9313e+01 r3=2.9038e+01 p=3.1092e-01 
New pars ( 536): DC=5.6909e+00 r1=-3.2688e-01 r2=5.9313e+01 r3=2.9033e+01 p=3.1092e-01 
New pars ( 537): DC=5.6909e+00 r1=-3.2688e-01 r2=5.9313e+01 r3=2.9036e+01 p=3.1094e-01 
New pars ( 538): DC=5.6909e+00 r1=-3.2688e-01 r2=5.9313e+01 r3=2.9036e+01 p=3.1090e-01 
New pars ( 539): DC=5.6909e+00 r1=-2.8840e-01 r2=5.9313e+01 r3=2.9036e+01 p=3.1092e-01 
New pars ( 540): DC=5.6909e+00 r1=-2.8840e-01 r2=5.9313e+01 r3=2.9036e+01 p=3.1092e-01 
New pars ( 541): DC=5.6908e+00 r1=-2.8840e-01 r2=5.9313e+01 r3=2.9036e+01 p=3.1092e-01 
New pars ( 542): DC=5.6909e+00 r1=-2.8840e-01 r2=5.9314e+01 r3=2.9036e+01 p=3.1092e-01 
New pars ( 543): DC=5.6909e+00 r1=-2.8840e-01 r2=5.9312e+01 r3=2.9036e+01 p=3.1092e-01 
New pars ( 544): DC=5.6909e+00 r1=-2.8840e-01 r2=5.9313e+01 r3=2.9038e+01 p=3.1092e-01 
New pars ( 545): DC=5.6909e+00 r1=-2.8840e-01 r2=5.9313e+01 r3=2.9033e+01 p=3.1092e-01 
New pars ( 546): DC=5.6909e+00 r1=-2.8840e-01 r2=5.9313e+01 r3=2.9036e+01 p=3.1094e-01 
New pars ( 547): DC=5.6909e+00 r1=-2.8840e-01 r2=5.9313e+01 r3=2.9036e+01 p=3.1090e-01 
New pars ( 548): DC=5.6906e+00 r1=-2.8840e-01 r2=5.9231e+01 r3=2.9101e+01 p=3.1099e-01 
New pars ( 549): DC=5.6907e+00 r1=-2.8840e-01 r2=5.9231e+01 r3=2.9101e+01 p=3.1099e-01 
New pars ( 550): DC=5.6906e+00 r1=-2.8840e-01 r2=5.9231e+01 r3=2.9101e+01 p=3.1099e-01 
New pars ( 551): DC=5.6906e+00 r1=-2.8840e-01 r2=5.9232e+01 r3=2.9101e+01 p=3.1099e-01 
New pars ( 552): DC=5.6906e+00 r1=-2.8840e-01 r2=5.9230e+01 r3=2.9101e+01 p=3.1099e-01 
New pars ( 553): DC=5.6906e+00 r1=-2.8840e-01 r2=5.9231e+01 r3=2.9104e+01 p=3.1099e-01 
New pars ( 554): DC=5.6906e+00 r1=-2.8840e-01 r2=5.9231e+01 r3=2.9099e+01 p=3.1099e-01 
New pars ( 555): DC=5.6906e+00 r1=-2.8840e-01 r2=5.9231e+01 r3=2.9101e+01 p=3.1101e-01 
New pars ( 556): DC=5.6906e+00 r1=-2.8840e-01 r2=5.9231e+01 r3=2.9101e+01 p=3.1096e-01 
New pars ( 557): DC=5.6903e+00 r1=-2.8840e-01 r2=5.9236e+01 r3=2.9104e+01 p=3.1091e-01 
New pars ( 558): DC=5.6904e+00 r1=-2.8840e-01 r2=5.9236e+01 r3=2.9104e+01 p=3.1091e-01 
New pars ( 559): DC=5.6903e+00 r1=-2.8840e-01 r2=5.9236e+01 r3=2.9104e+01 p=3.1091e-01 
New pars ( 560): DC=5.6903e+00 r1=-2.8840e-01 r2=5.9237e+01 r3=2.9104e+01 p=3.1091e-01 
New pars ( 561): DC=5.6903e+00 r1=-2.8840e-01 r2=5.9235e+01 r3=2.9104e+01 p=3.1091e-01 
New pars ( 562): DC=5.6903e+00 r1=-2.8840e-01 r2=5.9236e+01 r3=2.9107e+01 p=3.1091e-01 
New pars ( 563): DC=5.6903e+00 r1=-2.8840e-01 r2=5.9236e+01 r3=2.9102e+01 p=3.1091e-01 
New pars ( 564): DC=5.6903e+00 r1=-2.8840e-01 r2=5.9236e+01 r3=2.9104e+01 p=3.1093e-01 
New pars ( 565): DC=5.6903e+00 r1=-2.8840e-01 r2=5.9236e+01 r3=2.9104e+01 p=3.1089e-01 
New pars ( 566): DC=5.7096e+00 r1=-1.7789e+00 r2=6.2175e+01 r3=2.6563e+01 p=3.1119e-01 
New pars ( 567): DC=5.7097e+00 r1=-1.7789e+00 r2=6.2175e+01 r3=2.6563e+01 p=3.1119e-01 
New pars ( 568): DC=5.7095e+00 r1=-1.7789e+00 r2=6.2175e+01 r3=2.6563e+01 p=3.1119e-01 
New pars ( 569): DC=5.7096e+00 r1=-1.7789e+00 r2=6.2176e+01 r3=2.6563e+01 p=3.1119e-01 
New pars ( 570): DC=5.7096e+00 r1=-1.7789e+00 r2=6.2174e+01 r3=2.6563e+01 p=3.1119e-01 
New pars ( 571): DC=5.7096e+00 r1=-1.7789e+00 r2=6.2175e+01 r3=2.6566e+01 p=3.1119e-01 
New pars ( 572): DC=5.7096e+00 r1=-1.7789e+00 r2=6.2175e+01 r3=2.6561e+01 p=3.1119e-01 
New pars ( 573): DC=5.7096e+00 r1=-1.7789e+00 r2=6.2175e+01 r3=2.6563e+01 p=3.1121e-01 
New pars ( 574): DC=5.7096e+00 r1=-1.7789e+00 r2=6.2175e+01 r3=2.6563e+01 p=3.1116e-01 
New pars ( 575): DC=5.7096e+00 r1=-1.7789e+00 r2=6.2206e+01 r3=2.6506e+01 p=3.1101e-01 
New pars ( 576): DC=5.7096e+00 r1=-1.7789e+00 r2=6.2206e+01 r3=2.6506e+01 p=3.1101e-01 
New pars ( 577): DC=5.7095e+00 r1=-1.7789e+00 r2=6.2206e+01 r3=2.6506e+01 p=3.1101e-01 
New pars ( 578): DC=5.7096e+00 r1=-1.7789e+00 r2=6.2207e+01 r3=2.6506e+01 p=3.1101e-01 
New pars ( 579): DC=5.7096e+00 r1=-1.7789e+00 r2=6.2205e+01 r3=2.6506e+01 p=3.1101e-01 
New pars ( 580): DC=5.7096e+00 r1=-1.7789e+00 r2=6.2206e+01 r3=2.6509e+01 p=3.1101e-01 
New pars ( 581): DC=5.7096e+00 r1=-1.7789e+00 r2=6.2206e+01 r3=2.6504e+01 p=3.1101e-01 
New pars ( 582): DC=5.7096e+00 r1=-1.7789e+00 r2=6.2206e+01 r3=2.6506e+01 p=3.1103e-01 
New pars ( 583): DC=5.7096e+00 r1=-1.7789e+00 r2=6.2206e+01 r3=2.6506e+01 p=3.1099e-01 
New pars ( 584): DC=5.7096e+00 r1=-1.8173e+00 r2=6.2206e+01 r3=2.6506e+01 p=3.1101e-01 
New pars ( 585): DC=5.7096e+00 r1=-1.8173e+00 r2=6.2206e+01 r3=2.6506e+01 p=3.1101e-01 
New pars ( 586): DC=5.7095e+00 r1=-1.8173e+00 r2=6.2206e+01 r3=2.6506e+01 p=3.1101e-01 
New pars ( 587): DC=5.7096e+00 r1=-1.8173e+00 r2=6.2207e+01 r3=2.6506e+01 p=3.1101e-01 
New pars ( 588): DC=5.7096e+00 r1=-1.8173e+00 r2=6.2205e+01 r3=2.6506e+01 p=3.1101e-01 
New pars ( 589): DC=5.7096e+00 r1=-1.8173e+00 r2=6.2206e+01 r3=2.6509e+01 p=3.1101e-01 
New pars ( 590): DC=5.7096e+00 r1=-1.8173e+00 r2=6.2206e+01 r3=2.6504e+01 p=3.1101e-01 
New pars ( 591): DC=5.7096e+00 r1=-1.8173e+00 r2=6.2206e+01 r3=2.6506e+01 p=3.1103e-01 
New pars ( 592): DC=5.7096e+00 r1=-1.8173e+00 r2=6.2206e+01 r3=2.6506e+01 p=3.1099e-01 
New pars ( 593): DC=5.7109e+00 r1=-1.8173e+00 r2=6.2278e+01 r3=2.6418e+01 p=3.1114e-01 
New pars ( 594): DC=5.7109e+00 r1=-1.8173e+00 r2=6.2278e+01 r3=2.6418e+01 p=3.1114e-01 
New pars ( 595): DC=5.7108e+00 r1=-1.8173e+00 r2=6.2278e+01 r3=2.6418e+01 p=3.1114e-01 
New pars ( 596): DC=5.7109e+00 r1=-1.8173e+00 r2=6.2279e+01 r3=2.6418e+01 p=3.1114e-01 
New pars ( 597): DC=5.7109e+00 r1=-1.8173e+00 r2=6.2277e+01 r3=2.6418e+01 p=3.1114e-01 
New pars ( 598): DC=5.7109e+00 r1=-1.8173e+00 r2=6.2278e+01 r3=2.6420e+01 p=3.1114e-01 
New pars ( 599): DC=5.7109e+00 r1=-1.8173e+00 r2=6.2278e+01 r3=2.6416e+01 p=3.1114e-01 
New pars ( 600): DC=5.7109e+00 r1=-1.8173e+00 r2=6.2278e+01 r3=2.6418e+01 p=3.1116e-01 
New pars ( 601): DC=5.7109e+00 r1=-1.8173e+00 r2=6.2278e+01 r3=2.6418e+01 p=3.1112e-01 
New pars ( 602): DC=5.7100e+00 r1=-1.8173e+00 r2=6.2284e+01 r3=2.6440e+01 p=3.1100e-01 
New pars ( 603): DC=5.7101e+00 r1=-1.8173e+00 r2=6.2284e+01 r3=2.6440e+01 p=3.1100e-01 
New pars ( 604): DC=5.7100e+00 r1=-1.8173e+00 r2=6.2284e+01 r3=2.6440e+01 p=3.1100e-01 
New pars ( 605): DC=5.7100e+00 r1=-1.8173e+00 r2=6.2285e+01 r3=2.6440e+01 p=3.1100e-01 
New pars ( 606): DC=5.7100e+00 r1=-1.8173e+00 r2=6.2283e+01 r3=2.6440e+01 p=3.1100e-01 
New pars ( 607): DC=5.7100e+00 r1=-1.8173e+00 r2=6.2284e+01 r3=2.6442e+01 p=3.1100e-01 
New pars ( 608): DC=5.7100e+00 r1=-1.8173e+00 r2=6.2284e+01 r3=2.6437e+01 p=3.1100e-01 
New pars ( 609): DC=5.7100e+00 r1=-1.8173e+00 r2=6.2284e+01 r3=2.6440e+01 p=3.1103e-01 
New pars ( 610): DC=5.7100e+00 r1=-1.8173e+00 r2=6.2284e+01 r3=2.6440e+01 p=3.1098e-01 
New pars ( 611): DC=5.6996e+00 r1=-1.6750e+00 r2=6.2412e+01 r3=2.6268e+01 p=3.0782e-01 
New pars ( 612): DC=5.6997e+00 r1=-1.6750e+00 r2=6.2412e+01 r3=2.6268e+01 p=3.0782e-01 
New pars ( 613): DC=5.6995e+00 r1=-1.6750e+00 r2=6.2412e+01 r3=2.6268e+01 p=3.0782e-01 
New pars ( 614): DC=5.6996e+00 r1=-1.6743e+00 r2=6.2412e+01 r3=2.6268e+01 p=3.0782e-01 
New pars ( 615): DC=5.6996e+00 r1=-1.6757e+00 r2=6.2412e+01 r3=2.6268e+01 p=3.0782e-01 
New pars ( 616): DC=5.6996e+00 r1=-1.6750e+00 r2=6.2412e+01 r3=2.6271e+01 p=3.0782e-01 
New pars ( 617): DC=5.6996e+00 r1=-1.6750e+00 r2=6.2412e+01 r3=2.6266e+01 p=3.0782e-01 
New pars ( 618): DC=5.6996e+00 r1=-1.6750e+00 r2=6.2412e+01 r3=2.6268e+01 p=3.0784e-01 
New pars ( 619): DC=5.6996e+00 r1=-1.6750e+00 r2=6.2412e+01 r3=2.6268e+01 p=3.0780e-01 
New pars ( 620): DC=5.7013e+00 r1=-1.6859e+00 r2=6.2412e+01 r3=2.6233e+01 p=3.0811e-01 
New pars ( 621): DC=5.7014e+00 r1=-1.6859e+00 r2=6.2412e+01 r3=2.6233e+01 p=3.0811e-01 
New pars ( 622): DC=5.7012e+00 r1=-1.6859e+00 r2=6.2412e+01 r3=2.6233e+01 p=3.0811e-01 
New pars ( 623): DC=5.7013e+00 r1=-1.6851e+00 r2=6.2412e+01 r3=2.6233e+01 p=3.0811e-01 
New pars ( 624): DC=5.7013e+00 r1=-1.6866e+00 r2=6.2412e+01 r3=2.6233e+01 p=3.0811e-01 
New pars ( 625): DC=5.7013e+00 r1=-1.6859e+00 r2=6.2412e+01 r3=2.6235e+01 p=3.0811e-01 
New pars ( 626): DC=5.7013e+00 r1=-1.6859e+00 r2=6.2412e+01 r3=2.6231e+01 p=3.0811e-01 
New pars ( 627): DC=5.7013e+00 r1=-1.6859e+00 r2=6.2412e+01 r3=2.6233e+01 p=3.0814e-01 
New pars ( 628): DC=5.7013e+00 r1=-1.6859e+00 r2=6.2412e+01 r3=2.6233e+01 p=3.0809e-01 
New pars ( 629): DC=5.7013e+00 r1=-1.6853e+00 r2=6.2412e+01 r3=2.6234e+01 p=3.0810e-01 
New pars ( 630): DC=5.7013e+00 r1=-1.6853e+00 r2=6.2412e+01 r3=2.6234e+01 p=3.0810e-01 
New pars ( 631): DC=5.7012e+00 r1=-1.6853e+00 r2=6.2412e+01 r3=2.6234e+01 p=3.0810e-01 
New pars ( 632): DC=5.7013e+00 r1=-1.6846e+00 r2=6.2412e+01 r3=2.6234e+01 p=3.0810e-01 
New pars ( 633): DC=5.7013e+00 r1=-1.6860e+00 r2=6.2412e+01 r3=2.6234e+01 p=3.0810e-01 
New pars ( 634): DC=5.7013e+00 r1=-1.6853e+00 r2=6.2412e+01 r3=2.6236e+01 p=3.0810e-01 
New pars ( 635): DC=5.7013e+00 r1=-1.6853e+00 r2=6.2412e+01 r3=2.6231e+01 p=3.0810e-01 
New pars ( 636): DC=5.7013e+00 r1=-1.6853e+00 r2=6.2412e+01 r3=2.6234e+01 p=3.0812e-01 
New pars ( 637): DC=5.7013e+00 r1=-1.6853e+00 r2=6.2412e+01 r3=2.6234e+01 p=3.0808e-01 
New pars ( 638): DC=5.7013e+00 r1=-1.6853e+00 r2=6.2505e+01 r3=2.6234e+01 p=3.0810e-01 
New pars ( 639): DC=5.7013e+00 r1=-1.6853e+00 r2=6.2505e+01 r3=2.6234e+01 p=3.0810e-01 
New pars ( 640): DC=5.7012e+00 r1=-1.6853e+00 r2=6.2505e+01 r3=2.6234e+01 p=3.0810e-01 
New pars ( 641): DC=5.7013e+00 r1=-1.6846e+00 r2=6.2505e+01 r3=2.6234e+01 p=3.0810e-01 
New pars ( 642): DC=5.7013e+00 r1=-1.6860e+00 r2=6.2505e+01 r3=2.6234e+01 p=3.0810e-01 
New pars ( 643): DC=5.7013e+00 r1=-1.6853e+00 r2=6.2505e+01 r3=2.6236e+01 p=3.0810e-01 
New pars ( 644): DC=5.7013e+00 r1=-1.6853e+00 r2=6.2505e+01 r3=2.6231e+01 p=3.0810e-01 
New pars ( 645): DC=5.7013e+00 r1=-1.6853e+00 r2=6.2505e+01 r3=2.6234e+01 p=3.0812e-01 
New pars ( 646): DC=5.7013e+00 r1=-1.6853e+00 r2=6.2505e+01 r3=2.6234e+01 p=3.0808e-01 
New pars ( 647): DC=5.7012e+00 r1=-1.7161e+00 r2=6.2505e+01 r3=2.6148e+01 p=3.0787e-01 
New pars ( 648): DC=5.7013e+00 r1=-1.7161e+00 r2=6.2505e+01 r3=2.6148e+01 p=3.0787e-01 
New pars ( 649): DC=5.7011e+00 r1=-1.7161e+00 r2=6.2505e+01 r3=2.6148e+01 p=3.0787e-01 
New pars ( 650): DC=5.7012e+00 r1=-1.7154e+00 r2=6.2505e+01 r3=2.6148e+01 p=3.0787e-01 
New pars ( 651): DC=5.7012e+00 r1=-1.7168e+00 r2=6.2505e+01 r3=2.6148e+01 p=3.0787e-01 
New pars ( 652): DC=5.7012e+00 r1=-1.7161e+00 r2=6.2505e+01 r3=2.6150e+01 p=3.0787e-01 
New pars ( 653): DC=5.7012e+00 r1=-1.7161e+00 r2=6.2505e+01 r3=2.6145e+01 p=3.0787e-01 
New pars ( 654): DC=5.7012e+00 r1=-1.7161e+00 r2=6.2505e+01 r3=2.6148e+01 p=3.0789e-01 
New pars ( 655): DC=5.7012e+00 r1=-1.7161e+00 r2=6.2505e+01 r3=2.6148e+01 p=3.0784e-01 
New pars ( 656): DC=5.7013e+00 r1=-1.7204e+00 r2=6.2505e+01 r3=2.6148e+01 p=3.0794e-01 
New pars ( 657): DC=5.7014e+00 r1=-1.7204e+00 r2=6.2505e+01 r3=2.6148e+01 p=3.0794e-01 
New pars ( 658): DC=5.7012e+00 r1=-1.7204e+00 r2=6.2505e+01 r3=2.6148e+01 p=3.0794e-01 
New pars ( 659): DC=5.7013e+00 r1=-1.7197e+00 r2=6.2505e+01 r3=2.6148e+01 p=3.0794e-01 
New pars ( 660): DC=5.7013e+00 r1=-1.7211e+00 r2=6.2505e+01 r3=2.6148e+01 p=3.0794e-01 
New pars ( 661): DC=5.7013e+00 r1=-1.7204e+00 r2=6.2505e+01 r3=2.6150e+01 p=3.0794e-01 
New pars ( 662): DC=5.7013e+00 r1=-1.7204e+00 r2=6.2505e+01 r3=2.6145e+01 p=3.0794e-01 
New pars ( 663): DC=5.7013e+00 r1=-1.7204e+00 r2=6.2505e+01 r3=2.6148e+01 p=3.0796e-01 
New pars ( 664): DC=5.7013e+00 r1=-1.7204e+00 r2=6.2505e+01 r3=2.6148e+01 p=3.0792e-01 
New pars ( 665): DC=5.7014e+00 r1=-4.3083e-01 r2=5.9095e+01 r3=2.9273e+01 p=3.1425e-01 
New pars ( 666): DC=5.7015e+00 r1=-4.3083e-01 r2=5.9095e+01 r3=2.9273e+01 p=3.1425e-01 
New pars ( 667): DC=5.7013e+00 r1=-4.3083e-01 r2=5.9095e+01 r3=2.9273e+01 p=3.1425e-01 
New pars ( 668): DC=5.7014e+00 r1=-4.3013e-01 r2=5.9095e+01 r3=2.9273e+01 p=3.1425e-01 
New pars ( 669): DC=5.7014e+00 r1=-4.3154e-01 r2=5.9095e+01 r3=2.9273e+01 p=3.1425e-01 
New pars ( 670): DC=5.7014e+00 r1=-4.3083e-01 r2=5.9095e+01 r3=2.9275e+01 p=3.1425e-01 
New pars ( 671): DC=5.7014e+00 r1=-4.3083e-01 r2=5.9095e+01 r3=2.9271e+01 p=3.1425e-01 
New pars ( 672): DC=5.7014e+00 r1=-4.3083e-01 r2=5.9095e+01 r3=2.9273e+01 p=3.1427e-01 
New pars ( 673): DC=5.7014e+00 r1=-4.3083e-01 r2=5.9095e+01 r3=2.9273e+01 p=3.1423e-01 
New pars ( 674): DC=5.7000e+00 r1=-4.1829e-01 r2=5.9095e+01 r3=2.9303e+01 p=3.1395e-01 
New pars ( 675): DC=5.7001e+00 r1=-4.1829e-01 r2=5.9095e+01 r3=2.9303e+01 p=3.1395e-01 
New pars ( 676): DC=5.6999e+00 r1=-4.1829e-01 r2=5.9095e+01 r3=2.9303e+01 p=3.1395e-01 
New pars ( 677): DC=5.7000e+00 r1=-4.1759e-01 r2=5.9095e+01 r3=2.9303e+01 p=3.1395e-01 
New pars ( 678): DC=5.7000e+00 r1=-4.1899e-01 r2=5.9095e+01 r3=2.9303e+01 p=3.1395e-01 
New pars ( 679): DC=5.7000e+00 r1=-4.1829e-01 r2=5.9095e+01 r3=2.9305e+01 p=3.1395e-01 
New pars ( 680): DC=5.7000e+00 r1=-4.1829e-01 r2=5.9095e+01 r3=2.9301e+01 p=3.1395e-01 
New pars ( 681): DC=5.7000e+00 r1=-4.1829e-01 r2=5.9095e+01 r3=2.9303e+01 p=3.1398e-01 
New pars ( 682): DC=5.7000e+00 r1=-4.1829e-01 r2=5.9095e+01 r3=2.9303e+01 p=3.1393e-01 
New pars ( 683): DC=5.7000e+00 r1=-4.1845e-01 r2=5.9095e+01 r3=2.9305e+01 p=3.1395e-01 
New pars ( 684): DC=5.7000e+00 r1=-4.1846e-01 r2=5.9095e+01 r3=2.9305e+01 p=3.1395e-01 
New pars ( 685): DC=5.7000e+00 r1=-4.1846e-01 r2=5.9095e+01 r3=2.9305e+01 p=3.1395e-01 
New pars ( 686): DC=5.6999e+00 r1=-4.1846e-01 r2=5.9095e+01 r3=2.9305e+01 p=3.1395e-01 
New pars ( 687): DC=5.7000e+00 r1=-4.1776e-01 r2=5.9095e+01 r3=2.9305e+01 p=3.1395e-01 
New pars ( 688): DC=5.7000e+00 r1=-4.1916e-01 r2=5.9095e+01 r3=2.9305e+01 p=3.1395e-01 
New pars ( 689): DC=5.7000e+00 r1=-4.1846e-01 r2=5.9095e+01 r3=2.9307e+01 p=3.1395e-01 
New pars ( 690): DC=5.7000e+00 r1=-4.1846e-01 r2=5.9095e+01 r3=2.9303e+01 p=3.1395e-01 
New pars ( 691): DC=5.7000e+00 r1=-4.1846e-01 r2=5.9095e+01 r3=2.9305e+01 p=3.1397e-01 
New pars ( 692): DC=5.7000e+00 r1=-4.1846e-01 r2=5.9095e+01 r3=2.9305e+01 p=3.1393e-01 
New pars ( 693): DC=5.7000e+00 r1=-4.1846e-01 r2=5.9012e+01 r3=2.9305e+01 p=3.1395e-01 
New pars ( 694): DC=5.7000e+00 r1=-4.1846e-01 r2=5.9012e+01 r3=2.9305e+01 p=3.1395e-01 
New pars ( 695): DC=5.6999e+00 r1=-4.1846e-01 r2=5.9012e+01 r3=2.9305e+01 p=3.1395e-01 
New pars ( 696): DC=5.7000e+00 r1=-4.1776e-01 r2=5.9012e+01 r3=2.9305e+01 p=3.1395e-01 
New pars ( 697): DC=5.7000e+00 r1=-4.1917e-01 r2=5.9012e+01 r3=2.9305e+01 p=3.1395e-01 
New pars ( 698): DC=5.7000e+00 r1=-4.1846e-01 r2=5.9012e+01 r3=2.9307e+01 p=3.1395e-01 
New pars ( 699): DC=5.7000e+00 r1=-4.1846e-01 r2=5.9012e+01 r3=2.9303e+01 p=3.1395e-01 
New pars ( 700): DC=5.7000e+00 r1=-4.1846e-01 r2=5.9012e+01 r3=2.9305e+01 p=3.1397e-01 
New pars ( 701): DC=5.7000e+00 r1=-4.1846e-01 r2=5.9012e+01 r3=2.9305e+01 p=3.1393e-01 
New pars ( 702): DC=5.6997e+00 r1=-3.8540e-01 r2=5.9012e+01 r3=2.9386e+01 p=3.1407e-01 
New pars ( 703): DC=5.6998e+00 r1=-3.8540e-01 r2=5.9012e+01 r3=2.9386e+01 p=3.1407e-01 
New pars ( 704): DC=5.6996e+00 r1=-3.8540e-01 r2=5.9012e+01 r3=2.9386e+01 p=3.1407e-01 
New pars ( 705): DC=5.6997e+00 r1=-3.8473e-01 r2=5.9012e+01 r3=2.9386e+01 p=3.1407e-01 
New pars ( 706): DC=5.6997e+00 r1=-3.8608e-01 r2=5.9012e+01 r3=2.9386e+01 p=3.1407e-01 
New pars ( 707): DC=5.6997e+00 r1=-3.8540e-01 r2=5.9012e+01 r3=2.9388e+01 p=3.1407e-01 
New pars ( 708): DC=5.6997e+00 r1=-3.8540e-01 r2=5.9012e+01 r3=2.9384e+01 p=3.1407e-01 
New pars ( 709): DC=5.6997e+00 r1=-3.8540e-01 r2=5.9012e+01 r3=2.9386e+01 p=3.1409e-01 
New pars ( 710): DC=5.6997e+00 r1=-3.8540e-01 r2=5.9012e+01 r3=2.9386e+01 p=3.1405e-01 
New pars ( 711): DC=5.6999e+00 r1=-3.8662e-01 r2=5.9012e+01 r3=2.9381e+01 p=3.1409e-01 
New pars ( 712): DC=5.7000e+00 r1=-3.8662e-01 r2=5.9012e+01 r3=2.9381e+01 p=3.1409e-01 
New pars ( 713): DC=5.6999e+00 r1=-3.8662e-01 r2=5.9012e+01 r3=2.9381e+01 p=3.1409e-01 
New pars ( 714): DC=5.6999e+00 r1=-3.8592e-01 r2=5.9012e+01 r3=2.9381e+01 p=3.1409e-01 
New pars ( 715): DC=5.6999e+00 r1=-3.8732e-01 r2=5.9012e+01 r3=2.9381e+01 p=3.1409e-01 
New pars ( 716): DC=5.6999e+00 r1=-3.8662e-01 r2=5.9012e+01 r3=2.9384e+01 p=3.1409e-01 
New pars ( 717): DC=5.6999e+00 r1=-3.8662e-01 r2=5.9012e+01 r3=2.9379e+01 p=3.1409e-01 
New pars ( 718): DC=5.6999e+00 r1=-3.8662e-01 r2=5.9012e+01 r3=2.9381e+01 p=3.1411e-01 
New pars ( 719): DC=5.6999e+00 r1=-3.8662e-01 r2=5.9012e+01 r3=2.9381e+01 p=3.1407e-01 
New pars ( 720): DC=5.6739e+00 r1=-6.4823e-01 r2=5.9603e+01 r3=2.9937e+01 p=3.1072e-01 
New pars ( 721): DC=5.6740e+00 r1=-6.4823e-01 r2=5.9603e+01 r3=2.9937e+01 p=3.1072e-01 
New pars ( 722): DC=5.6738e+00 r1=-6.4823e-01 r2=5.9603e+01 r3=2.9937e+01 p=3.1072e-01 
New pars ( 723): DC=5.6739e+00 r1=-6.4753e-01 r2=5.9603e+01 r3=2.9937e+01 p=3.1072e-01 
New pars ( 724): DC=5.6739e+00 r1=-6.4893e-01 r2=5.9603e+01 r3=2.9937e+01 p=3.1072e-01 
New pars ( 725): DC=5.6739e+00 r1=-6.4823e-01 r2=5.9604e+01 r3=2.9937e+01 p=3.1072e-01 
New pars ( 726): DC=5.6739e+00 r1=-6.4823e-01 r2=5.9602e+01 r3=2.9937e+01 p=3.1072e-01 
New pars ( 727): DC=5.6739e+00 r1=-6.4823e-01 r2=5.9603e+01 r3=2.9937e+01 p=3.1074e-01 
New pars ( 728): DC=5.6739e+00 r1=-6.4823e-01 r2=5.9603e+01 r3=2.9937e+01 p=3.1070e-01 
New pars ( 729): DC=5.6739e+00 r1=-6.2222e-01 r2=5.9568e+01 r3=2.9937e+01 p=3.1064e-01 
New pars ( 730): DC=5.6740e+00 r1=-6.2222e-01 r2=5.9568e+01 r3=2.9937e+01 p=3.1064e-01 
New pars ( 731): DC=5.6739e+00 r1=-6.2222e-01 r2=5.9568e+01 r3=2.9937e+01 p=3.1064e-01 
New pars ( 732): DC=5.6739e+00 r1=-6.2151e-01 r2=5.9568e+01 r3=2.9937e+01 p=3.1064e-01 
New pars ( 733): DC=5.6739e+00 r1=-6.2292e-01 r2=5.9568e+01 r3=2.9937e+01 p=3.1064e-01 
New pars ( 734): DC=5.6739e+00 r1=-6.2222e-01 r2=5.9569e+01 r3=2.9937e+01 p=3.1064e-01 
New pars ( 735): DC=5.6739e+00 r1=-6.2222e-01 r2=5.9567e+01 r3=2.9937e+01 p=3.1064e-01 
New pars ( 736): DC=5.6739e+00 r1=-6.2222e-01 r2=5.9568e+01 r3=2.9937e+01 p=3.1066e-01 
New pars ( 737): DC=5.6739e+00 r1=-6.2222e-01 r2=5.9568e+01 r3=2.9937e+01 p=3.1062e-01 
New pars ( 738): DC=5.6739e+00 r1=-6.2222e-01 r2=5.9568e+01 r3=3.0032e+01 p=3.1064e-01 
New pars ( 739): DC=5.6740e+00 r1=-6.2222e-01 r2=5.9568e+01 r3=3.0032e+01 p=3.1064e-01 
New pars ( 740): DC=5.6739e+00 r1=-6.2222e-01 r2=5.9568e+01 r3=3.0032e+01 p=3.1064e-01 
New pars ( 741): DC=5.6739e+00 r1=-6.2151e-01 r2=5.9568e+01 r3=3.0032e+01 p=3.1064e-01 
New pars ( 742): DC=5.6739e+00 r1=-6.2292e-01 r2=5.9568e+01 r3=3.0032e+01 p=3.1064e-01 
New pars ( 743): DC=5.6739e+00 r1=-6.2222e-01 r2=5.9569e+01 r3=3.0032e+01 p=3.1064e-01 
New pars ( 744): DC=5.6739e+00 r1=-6.2222e-01 r2=5.9567e+01 r3=3.0032e+01 p=3.1064e-01 
New pars ( 745): DC=5.6739e+00 r1=-6.2222e-01 r2=5.9568e+01 r3=3.0032e+01 p=3.1066e-01 
New pars ( 746): DC=5.6739e+00 r1=-6.2222e-01 r2=5.9568e+01 r3=3.0032e+01 p=3.1062e-01 
New pars ( 747): DC=5.6733e+00 r1=-6.0006e-01 r2=5.9501e+01 r3=3.0032e+01 p=3.1074e-01 
New pars ( 748): DC=5.6733e+00 r1=-6.0006e-01 r2=5.9501e+01 r3=3.0032e+01 p=3.1074e-01 
New pars ( 749): DC=5.6732e+00 r1=-6.0006e-01 r2=5.9501e+01 r3=3.0032e+01 p=3.1074e-01 
New pars ( 750): DC=5.6733e+00 r1=-5.9934e-01 r2=5.9501e+01 r3=3.0032e+01 p=3.1074e-01 
New pars ( 751): DC=5.6733e+00 r1=-6.0078e-01 r2=5.9501e+01 r3=3.0032e+01 p=3.1074e-01 
New pars ( 752): DC=5.6733e+00 r1=-6.0006e-01 r2=5.9502e+01 r3=3.0032e+01 p=3.1074e-01 
New pars ( 753): DC=5.6733e+00 r1=-6.0006e-01 r2=5.9500e+01 r3=3.0032e+01 p=3.1074e-01 
New pars ( 754): DC=5.6733e+00 r1=-6.0006e-01 r2=5.9501e+01 r3=3.0032e+01 p=3.1077e-01 
New pars ( 755): DC=5.6733e+00 r1=-6.0006e-01 r2=5.9501e+01 r3=3.0032e+01 p=3.1072e-01 
New pars ( 756): DC=5.6728e+00 r1=-6.0211e-01 r2=5.9514e+01 r3=3.0032e+01 p=3.1063e-01 
New pars ( 757): DC=5.6729e+00 r1=-6.0211e-01 r2=5.9514e+01 r3=3.0032e+01 p=3.1063e-01 
New pars ( 758): DC=5.6727e+00 r1=-6.0211e-01 r2=5.9514e+01 r3=3.0032e+01 p=3.1063e-01 
New pars ( 759): DC=5.6728e+00 r1=-6.0140e-01 r2=5.9514e+01 r3=3.0032e+01 p=3.1063e-01 
New pars ( 760): DC=5.6728e+00 r1=-6.0281e-01 r2=5.9514e+01 r3=3.0032e+01 p=3.1063e-01 
New pars ( 761): DC=5.6728e+00 r1=-6.0211e-01 r2=5.9515e+01 r3=3.0032e+01 p=3.1063e-01 
New pars ( 762): DC=5.6728e+00 r1=-6.0211e-01 r2=5.9513e+01 r3=3.0032e+01 p=3.1063e-01 
New pars ( 763): DC=5.6728e+00 r1=-6.0211e-01 r2=5.9514e+01 r3=3.0032e+01 p=3.1065e-01 
New pars ( 764): DC=5.6728e+00 r1=-6.0211e-01 r2=5.9514e+01 r3=3.0032e+01 p=3.1061e-01 
New pars ( 765): DC=5.7271e+00 r1=-1.4576e+00 r2=6.1904e+01 r3=2.5604e+01 p=3.1135e-01 
New pars ( 766): DC=5.7272e+00 r1=-1.4576e+00 r2=6.1904e+01 r3=2.5604e+01 p=3.1135e-01 
New pars ( 767): DC=5.7270e+00 r1=-1.4576e+00 r2=6.1904e+01 r3=2.5604e+01 p=3.1135e-01 
New pars ( 768): DC=5.7271e+00 r1=-1.4569e+00 r2=6.1904e+01 r3=2.5604e+01 p=3.1135e-01 
New pars ( 769): DC=5.7271e+00 r1=-1.4583e+00 r2=6.1904e+01 r3=2.5604e+01 p=3.1135e-01 
New pars ( 770): DC=5.7271e+00 r1=-1.4576e+00 r2=6.1905e+01 r3=2.5604e+01 p=3.1135e-01 
New pars ( 771): DC=5.7271e+00 r1=-1.4576e+00 r2=6.1903e+01 r3=2.5604e+01 p=3.1135e-01 
New pars ( 772): DC=5.7271e+00 r1=-1.4576e+00 r2=6.1904e+01 r3=2.5604e+01 p=3.1137e-01 
New pars ( 773): DC=5.7271e+00 r1=-1.4576e+00 r2=6.1904e+01 r3=2.5604e+01 p=3.1133e-01 
New pars ( 774): DC=5.7261e+00 r1=-1.4854e+00 r2=6.1962e+01 r3=2.5604e+01 p=3.1120e-01 
New pars ( 775): DC=5.7262e+00 r1=-1.4854e+00 r2=6.1962e+01 r3=2.5604e+01 p=3.1120e-01 
New pars ( 776): DC=5.7260e+00 r1=-1.4854e+00 r2=6.1962e+01 r3=2.5604e+01 p=3.1120e-01 
New pars ( 777): DC=5.7261e+00 r1=-1.4847e+00 r2=6.1962e+01 r3=2.5604e+01 p=3.1120e-01 
New pars ( 778): DC=5.7261e+00 r1=-1.4861e+00 r2=6.1962e+01 r3=2.5604e+01 p=3.1120e-01 
New pars ( 779): DC=5.7261e+00 r1=-1.4854e+00 r2=6.1963e+01 r3=2.5604e+01 p=3.1120e-01 
New pars ( 780): DC=5.7261e+00 r1=-1.4854e+00 r2=6.1961e+01 r3=2.5604e+01 p=3.1120e-01 
New pars ( 781): DC=5.7261e+00 r1=-1.4854e+00 r2=6.1962e+01 r3=2.5604e+01 p=3.1122e-01 
New pars ( 782): DC=5.7261e+00 r1=-1.4854e+00 r2=6.1962e+01 r3=2.5604e+01 p=3.1118e-01 
New pars ( 783): DC=5.7261e+00 r1=-1.4854e+00 r2=6.1962e+01 r3=2.5512e+01 p=3.1120e-01 
New pars ( 784): DC=5.7262e+00 r1=-1.4854e+00 r2=6.1962e+01 r3=2.5512e+01 p=3.1120e-01 
New pars ( 785): DC=5.7260e+00 r1=-1.4854e+00 r2=6.1962e+01 r3=2.5512e+01 p=3.1120e-01 
New pars ( 786): DC=5.7261e+00 r1=-1.4847e+00 r2=6.1962e+01 r3=2.5512e+01 p=3.1120e-01 
New pars ( 787): DC=5.7261e+00 r1=-1.4861e+00 r2=6.1962e+01 r3=2.5512e+01 p=3.1120e-01 
New pars ( 788): DC=5.7261e+00 r1=-1.4854e+00 r2=6.1963e+01 r3=2.5512e+01 p=3.1120e-01 
New pars ( 789): DC=5.7261e+00 r1=-1.4854e+00 r2=6.1961e+01 r3=2.5512e+01 p=3.1120e-01 
New pars ( 790): DC=5.7261e+00 r1=-1.4854e+00 r2=6.1962e+01 r3=2.5512e+01 p=3.1122e-01 
New pars ( 791): DC=5.7261e+00 r1=-1.4854e+00 r2=6.1962e+01 r3=2.5512e+01 p=3.1118e-01 
New pars ( 792): DC=5.7278e+00 r1=-1.5094e+00 r2=6.2007e+01 r3=2.5512e+01 p=3.1139e-01 
New pars ( 793): DC=5.7279e+00 r1=-1.5094e+00 r2=6.2007e+01 r3=2.5512e+01 p=3.1139e-01 
New pars ( 794): DC=5.7278e+00 r1=-1.5094e+00 r2=6.2007e+01 r3=2.5512e+01 p=3.1139e-01 
New pars ( 795): DC=5.7278e+00 r1=-1.5087e+00 r2=6.2007e+01 r3=2.5512e+01 p=3.1139e-01 
New pars ( 796): DC=5.7278e+00 r1=-1.5100e+00 r2=6.2007e+01 r3=2.5512e+01 p=3.1139e-01 
New pars ( 797): DC=5.7278e+00 r1=-1.5094e+00 r2=6.2008e+01 r3=2.5512e+01 p=3.1139e-01 
New pars ( 798): DC=5.7278e+00 r1=-1.5094e+00 r2=6.2006e+01 r3=2.5512e+01 p=3.1139e-01 
New pars ( 799): DC=5.7278e+00 r1=-1.5094e+00 r2=6.2007e+01 r3=2.5512e+01 p=3.1141e-01 
New pars ( 800): DC=5.7278e+00 r1=-1.5094e+00 r2=6.2007e+01 r3=2.5512e+01 p=3.1137e-01 
New pars ( 801): DC=5.7272e+00 r1=-1.5039e+00 r2=6.2013e+01 r3=2.5512e+01 p=3.1121e-01 
New pars ( 802): DC=5.7273e+00 r1=-1.5039e+00 r2=6.2013e+01 r3=2.5512e+01 p=3.1121e-01 
New pars ( 803): DC=5.7271e+00 r1=-1.5039e+00 r2=6.2013e+01 r3=2.5512e+01 p=3.1121e-01 
New pars ( 804): DC=5.7272e+00 r1=-1.5032e+00 r2=6.2013e+01 r3=2.5512e+01 p=3.1121e-01 
New pars ( 805): DC=5.7272e+00 r1=-1.5046e+00 r2=6.2013e+01 r3=2.5512e+01 p=3.1121e-01 
New pars ( 806): DC=5.7272e+00 r1=-1.5039e+00 r2=6.2014e+01 r3=2.5512e+01 p=3.1121e-01 
New pars ( 807): DC=5.7272e+00 r1=-1.5039e+00 r2=6.2012e+01 r3=2.5512e+01 p=3.1121e-01 
New pars ( 808): DC=5.7272e+00 r1=-1.5039e+00 r2=6.2013e+01 r3=2.5512e+01 p=3.1123e-01 
New pars ( 809): DC=5.7272e+00 r1=-1.5039e+00 r2=6.2013e+01 r3=2.5512e+01 p=3.1119e-01 
New pars ( 810): DC=5.7327e+00 r1=-1.0662e+00 r2=6.0101e+01 r3=2.7687e+01 p=3.1920e-01 
New pars ( 811): DC=5.7327e+00 r1=-1.0662e+00 r2=6.0101e+01 r3=2.7687e+01 p=3.1920e-01 
New pars ( 812): DC=5.7326e+00 r1=-1.0662e+00 r2=6.0101e+01 r3=2.7687e+01 p=3.1920e-01 
New pars ( 813): DC=5.7327e+00 r1=-1.0655e+00 r2=6.0101e+01 r3=2.7687e+01 p=3.1920e-01 
New pars ( 814): DC=5.7327e+00 r1=-1.0669e+00 r2=6.0101e+01 r3=2.7687e+01 p=3.1920e-01 
New pars ( 815): DC=5.7327e+00 r1=-1.0662e+00 r2=6.0102e+01 r3=2.7687e+01 p=3.1920e-01 
New pars ( 816): DC=5.7327e+00 r1=-1.0662e+00 r2=6.0100e+01 r3=2.7687e+01 p=3.1920e-01 
New pars ( 817): DC=5.7327e+00 r1=-1.0662e+00 r2=6.0101e+01 r3=2.7689e+01 p=3.1920e-01 
New pars ( 818): DC=5.7327e+00 r1=-1.0662e+00 r2=6.0101e+01 r3=2.7685e+01 p=3.1920e-01 
New pars ( 819): DC=5.7327e+00 r1=-1.0544e+00 r2=6.0089e+01 r3=2.7683e+01 p=3.1920e-01 
New pars ( 820): DC=5.7327e+00 r1=-1.0544e+00 r2=6.0089e+01 r3=2.7683e+01 p=3.1920e-01 
New pars ( 821): DC=5.7326e+00 r1=-1.0544e+00 r2=6.0089e+01 r3=2.7683e+01 p=3.1920e-01 
New pars ( 822): DC=5.7327e+00 r1=-1.0537e+00 r2=6.0089e+01 r3=2.7683e+01 p=3.1920e-01 
New pars ( 823): DC=5.7327e+00 r1=-1.0551e+00 r2=6.0089e+01 r3=2.7683e+01 p=3.1920e-01 
New pars ( 824): DC=5.7327e+00 r1=-1.0544e+00 r2=6.0090e+01 r3=2.7683e+01 p=3.1920e-01 
New pars ( 825): DC=5.7327e+00 r1=-1.0544e+00 r2=6.0088e+01 r3=2.7683e+01 p=3.1920e-01 
New pars ( 826): DC=5.7327e+00 r1=-1.0544e+00 r2=6.0089e+01 r3=2.7686e+01 p=3.1920e-01 
New pars ( 827): DC=5.7327e+00 r1=-1.0544e+00 r2=6.0089e+01 r3=2.7681e+01 p=3.1920e-01 
New pars ( 828): DC=5.6684e+00 r1=-1.0396e+00 r2=6.1406e+01 r3=2.7854e+01 p=3.0287e-01 
New pars ( 829): DC=5.6684e+00 r1=-1.0396e+00 r2=6.1406e+01 r3=2.7854e+01 p=3.0287e-01 
New pars ( 830): DC=5.6683e+00 r1=-1.0396e+00 r2=6.1406e+01 r3=2.7854e+01 p=3.0287e-01 
New pars ( 831): DC=5.6684e+00 r1=-1.0389e+00 r2=6.1406e+01 r3=2.7854e+01 p=3.0287e-01 
New pars ( 832): DC=5.6684e+00 r1=-1.0403e+00 r2=6.1406e+01 r3=2.7854e+01 p=3.0287e-01 
New pars ( 833): DC=5.6684e+00 r1=-1.0396e+00 r2=6.1407e+01 r3=2.7854e+01 p=3.0287e-01 
New pars ( 834): DC=5.6684e+00 r1=-1.0396e+00 r2=6.1405e+01 r3=2.7854e+01 p=3.0287e-01 
New pars ( 835): DC=5.6684e+00 r1=-1.0396e+00 r2=6.1406e+01 r3=2.7857e+01 p=3.0287e-01 
New pars ( 836): DC=5.6684e+00 r1=-1.0396e+00 r2=6.1406e+01 r3=2.7852e+01 p=3.0287e-01 
New pars ( 837): DC=5.6681e+00 r1=-1.0423e+00 r2=6.1417e+01 r3=2.7852e+01 p=3.0287e-01 
New pars ( 838): DC=5.6681e+00 r1=-1.0424e+00 r2=6.1418e+01 r3=2.7852e+01 p=3.0287e-01 
New pars ( 839): DC=5.6682e+00 r1=-1.0424e+00 r2=6.1418e+01 r3=2.7852e+01 p=3.0287e-01 
New pars ( 840): DC=5.6681e+00 r1=-1.0424e+00 r2=6.1418e+01 r3=2.7852e+01 p=3.0287e-01 
New pars ( 841): DC=5.6681e+00 r1=-1.0417e+00 r2=6.1418e+01 r3=2.7852e+01 p=3.0287e-01 
New pars ( 842): DC=5.6681e+00 r1=-1.0431e+00 r2=6.1418e+01 r3=2.7852e+01 p=3.0287e-01 
New pars ( 843): DC=5.6681e+00 r1=-1.0424e+00 r2=6.1419e+01 r3=2.7852e+01 p=3.0287e-01 
New pars ( 844): DC=5.6681e+00 r1=-1.0424e+00 r2=6.1417e+01 r3=2.7852e+01 p=3.0287e-01 
New pars ( 845): DC=5.6681e+00 r1=-1.0424e+00 r2=6.1418e+01 r3=2.7854e+01 p=3.0287e-01 
New pars ( 846): DC=5.6681e+00 r1=-1.0424e+00 r2=6.1418e+01 r3=2.7849e+01 p=3.0287e-01 
New pars ( 847): DC=5.6681e+00 r1=-1.0424e+00 r2=6.1418e+01 r3=2.7852e+01 p=3.0300e-01 
New pars ( 848): DC=5.6682e+00 r1=-1.0424e+00 r2=6.1418e+01 r3=2.7852e+01 p=3.0300e-01 
New pars ( 849): DC=5.6681e+00 r1=-1.0424e+00 r2=6.1418e+01 r3=2.7852e+01 p=3.0300e-01 
New pars ( 850): DC=5.6681e+00 r1=-1.0417e+00 r2=6.1418e+01 r3=2.7852e+01 p=3.0300e-01 
New pars ( 851): DC=5.6681e+00 r1=-1.0431e+00 r2=6.1418e+01 r3=2.7852e+01 p=3.0300e-01 
New pars ( 852): DC=5.6681e+00 r1=-1.0424e+00 r2=6.1419e+01 r3=2.7852e+01 p=3.0300e-01 
New pars ( 853): DC=5.6681e+00 r1=-1.0424e+00 r2=6.1417e+01 r3=2.7852e+01 p=3.0300e-01 
New pars ( 854): DC=5.6681e+00 r1=-1.0424e+00 r2=6.1418e+01 r3=2.7854e+01 p=3.0300e-01 
New pars ( 855): DC=5.6681e+00 r1=-1.0424e+00 r2=6.1418e+01 r3=2.7849e+01 p=3.0300e-01 
New pars ( 856): DC=5.6687e+00 r1=-1.0434e+00 r2=6.1408e+01 r3=2.7848e+01 p=3.0300e-01 
New pars ( 857): DC=5.6688e+00 r1=-1.0434e+00 r2=6.1408e+01 r3=2.7848e+01 p=3.0300e-01 
New pars ( 858): DC=5.6686e+00 r1=-1.0434e+00 r2=6.1408e+01 r3=2.7848e+01 p=3.0300e-01 
New pars ( 859): DC=5.6687e+00 r1=-1.0427e+00 r2=6.1408e+01 r3=2.7848e+01 p=3.0300e-01 
New pars ( 860): DC=5.6687e+00 r1=-1.0441e+00 r2=6.1408e+01 r3=2.7848e+01 p=3.0300e-01 
New pars ( 861): DC=5.6687e+00 r1=-1.0434e+00 r2=6.1409e+01 r3=2.7848e+01 p=3.0300e-01 
New pars ( 862): DC=5.6687e+00 r1=-1.0434e+00 r2=6.1407e+01 r3=2.7848e+01 p=3.0300e-01 
New pars ( 863): DC=5.6687e+00 r1=-1.0434e+00 r2=6.1408e+01 r3=2.7850e+01 p=3.0300e-01 
New pars ( 864): DC=5.6687e+00 r1=-1.0434e+00 r2=6.1408e+01 r3=2.7846e+01 p=3.0300e-01 
 PARAMETER NUMBER   8 NOT A VARIABLE. IGNORED.
 THERE ARE NO MINOS ERRORS TO CALCULATE.
 PARAMETER NUMBER   9 NOT A VARIABLE. IGNORED.
 THERE ARE NO MINOS ERRORS TO CALCULATE.
 PARAMETER NUMBER  10 NOT A VARIABLE. IGNORED.
 THERE ARE NO MINOS ERRORS TO CALCULATE.
 PARAMETER NUMBER  11 NOT A VARIABLE. IGNORED.
 THERE ARE NO MINOS ERRORS TO CALCULATE.
 PARAMETER NUMBER  12 NOT A VARIABLE. IGNORED.
 THERE ARE NO MINOS ERRORS TO CALCULATE.
 PARAMETER NUMBER  13 NOT A VARIABLE. IGNORED.
 THERE ARE NO MINOS ERRORS TO CALCULATE.
 PARAMETER NUMBER  14 NOT A VARIABLE. IGNORED.
 THERE ARE NO MINOS ERRORS TO CALCULATE.
 PARAMETER NUMBER  15 NOT A VARIABLE. IGNORED.
 THERE ARE NO MINOS ERRORS TO CALCULATE.
 PARAMETER NUMBER  16 NOT A VARIABLE. IGNORED.
 THERE ARE NO MINOS ERRORS TO CALCULATE.
 PARAMETER NUMBER  17 NOT A VARIABLE. IGNORED.
 THERE ARE NO MINOS ERRORS TO CALCULATE.
 PARAMETER NUMBER  18 NOT A VARIABLE. IGNORED.
 THERE ARE NO MINOS ERRORS TO CALCULATE.
 PARAMETER NUMBER  19 NOT A VARIABLE. IGNORED.
 THERE ARE NO MINOS ERRORS TO CALCULATE.
 PARAMETER NUMBER  20 NOT A VARIABLE. IGNORED.
 THERE ARE NO MINOS ERRORS TO CALCULATE.
 PARAMETER NUMBER  21 NOT A VARIABLE. IGNORED.
 THERE ARE NO MINOS ERRORS TO CALCULATE.
New pars ( 865): DC=5.7005e+00 r1=-1.0529e+00 r2=6.0754e+01 r3=2.7771e+01 p=3.1104e-01 

Fitting done in 620000 clicks (0.620000 seconds).
Fit status = 4000
Cov status = 1

****************************************
Minimizer is Minuit / MigradImproved
Chi2                      =      319.046
NDf                       =          295
Edm                       =  6.28838e-08
NCalls                    =          325
# Cyc's                   =         5486                      	 (fixed)
Bin width                 =          100                      	 (fixed)
DC rate                   =       5.7005   +/-   0.0378367   
Rate 1                    =      -1.0529   +/-   0.479916    
Rate 2                    =      60.7537   +/-   0.955799    
Rate 3                    =      27.7708   +/-   1.47748     
Capt eff                  =     0.311036   +/-   0.00711545  
Capt ret                  =            1                      	 (fixed)
T eff                     =         0.13                      	 (fixed)
U eff                     =         0.13                      	 (fixed)
V eff                     =         0.39                      	 (fixed)
W eff                     =            0                      	 (fixed)
X eff                     =         0.27                      	 (fixed)
Y eff                     =         0.27                      	 (fixed)
Z eff                     =        0.226                      	 (fixed)
T1 loss                   =            0                      	 (fixed)
T2 loss                   =         0.03                      	 (fixed)
T3 loss                   =            0                      	 (fixed)
U1 loss                   =     6.48e-08                      	 (fixed)
U2 loss                   =     6.48e-08                      	 (fixed)
U3 loss                   =     6.48e-08                      	 (fixed)

Covariance Matrix:

            	     DC rate      Rate 1      Rate 2      Rate 3    Capt eff
DC rate     	   0.0014316  -0.0034593  -0.0056079   -0.034326  0.00019322
Rate 1      	  -0.0034593     0.23032    -0.32136     0.16936 -0.00082661
Rate 2      	  -0.0056079    -0.32136     0.91355    -0.67937  -0.0024819
Rate 3      	   -0.034326     0.16936    -0.67937       2.183  -0.0014895
Capt eff    	  0.00019322 -0.00082661  -0.0024819  -0.0014895   5.063e-05

Correlation Matrix:

            	     DC rate      Rate 1      Rate 2      Rate 3    Capt eff
DC rate     	           1    -0.19051    -0.15507    -0.61402     0.71769
Rate 1      	    -0.19051           1    -0.70059     0.23885    -0.24207
Rate 2      	    -0.15507    -0.70059           1    -0.48108    -0.36494
Rate 3      	    -0.61402     0.23885    -0.48108           1    -0.14169
Capt eff    	     0.71769    -0.24207    -0.36494    -0.14169           1

Integrals computed in 330000 clicks (0.330000 seconds).
Errors computed in 1440000 clicks (1.440000 seconds).

~~~~~~~~~~~~~~~~~~~~~~~~~~~~~~~~~~~~~~~~~~~~~~~~~~~~~~~~~~~~~~~~~~~~~
NUMBER OF BETAS DETECTED, by population:
~~~~~~~~~~~~~~~~~~~~~~~~~~~~~~~~~~~~~~~~~~~~~~~~~~~~~~~~~~~~~~~~~~~~~
T1 integral = -4582.8 +/- 2116.7
U1 integral = -4044.6 +/- 1833.9
T2 integral = 227890.8 +/- 5137.2
U2 integral = 232722.5 +/- 4627.8
T3 integral = 37029.6 +/- 2031.2
U3 integral = 329557.9 +/- 5699.9
DC integral = 938188.7 +/- 6227.2
~~~~~~~~~~~~~~~~~~~~~~~~~~~~~~~~~~~~~~~~~~~~~~~~~~~~~~~~~~~~~~~~~~~~~
Sum of above = 1756762.1 +/- 11447.4 <-- no cov in unc
All integral = 1756770.3 +/- 1355.5
~~~~~~~~~~~~~~~~~~~~~~~~~~~~~~~~~~~~~~~~~~~~~~~~~~~~~~~~~~~~~~~~~~~~~


BFit2 done. Timer = 2.12 sec.
Elapsed time = 2.05 sec.

