Timestamp = Mon Apr  6 09:07:36 2015

Importing metadata from CSV files...
Imported 68 BDN cases
Imported 48 BFit cases
Performing BFit with BDN case 137i07 and BFit case 137i07_14

BFit started. Timer = 0.07 sec.

~~~~~~~~~~~~~~~~~~~~~~~~~~~~~~~~~~~~~~~~~~~~~~~~~~~~~~~~~~~~~~~~~~~~~
BETA SINGLES MODEL
~~~~~~~~~~~~~~~~~~~~~~~~~~~~~~~~~~~~~~~~~~~~~~~~~~~~~~~~~~~~~~~~~~~~~
Case: 137i07
File: /music/bpt1/bpt/bdn/shane/137i/rootfiles/137i07.root
Histogram: h_betas_vs_cycle_time
Total cycle time	=    246.000 s
Background time		=    101.000 s
Capture cycle time	=      6.000 s
Last capture time	=      1.000 s
137-Te halflife		=      2.490 s  (lifetime      3.592 s)
137-I halflife		=     24.500 s  (lifetime     35.346 s)
137-Xe halflife		=    229.080 s  (lifetime    330.493 s)
~~~~~~~~~~~~~~~~~~~~~~~~~~~~~~~~~~~~~~~~~~~~~~~~~~~~~~~~~~~~~~~~~~~~~
HISTOGRAM REBINNED
   Number of hist bins = 984
   Number of fn points = 246000
   Number of pts/bin   = 250
~~~~~~~~~~~~~~~~~~~~~~~~~~~~~~~~~~~~~~~~~~~~~~~~~~~~~~~~~~~~~~~~~~~~~
Doing fit with option string: QROMES
~~~~~~~~~~~~~~~~~~~~~~~~~~~~~~~~~~~~~~~~~~~~~~~~~~~~~~~~~~~~~~~~~~~~~
PARAMETER SEED VALUES
~~~~~~~~~~~~~~~~~~~~~~~~~~~~~~~~~~~~~~~~~~~~~~~~~~~~~~~~~~~~~~~~~~~~~
      Par name  Varying?	Par init val and step
~~~~~~~~~~~~~~~~~~~~~~~~~~~~~~~~~~~~~~~~~~~~~~~~~~~~~~~~~~~~~~~~~~~~~
       # Cyc's         0	525 +/- 0.01
     Bin width         0	250 +/- 0.01
       DC rate         1	6.8 +/- 0.001
        Rate 1         1	120 +/- 0.0005
        Rate 2         1	850 +/- 0.0005
        Rate 3         0	0 +/- 0.0005
      Capt eff         1	0.65 +/- 0.02
      Capt ret         0	1 +/- 0.01
         T eff         0	0.13 +/- 0.01
         U eff         0	0.035 +/- 0.001
         V eff         1	1.5 +/- 0.001
         W eff         0	0 +/- 0.001
         X eff         0	1 +/- 0.001
         Y eff         0	0 +/- 0.001
         Z eff         1	0.8 +/- 0.001
       T1 loss         0	0 +/- 0.005
       T2 loss         0	0.0295 +/- 0.001
       T3 loss         0	0 +/- 0.005
       U1 loss         0	2e-10 +/- 0.005
       U2 loss         0	2e-10 +/- 0.005
       U3 loss         0	10000 +/- 0.01
~~~~~~~~~~~~~~~~~~~~~~~~~~~~~~~~~~~~~~~~~~~~~~~~~~~~~~~~~~~~~~~~~~~~~

Ini pars (   0): DC=6.8000e+00 r1=1.2000e+02 r2=8.5000e+02 p=6.5000e-01 epsV=1.5000e+00 epsZ=8.0000e-01 
New pars (   1): DC=6.8002e+00 r1=1.2000e+02 r2=8.5000e+02 p=6.5000e-01 epsV=1.5000e+00 epsZ=8.0000e-01 
New pars (   2): DC=6.7998e+00 r1=1.2000e+02 r2=8.5000e+02 p=6.5000e-01 epsV=1.5000e+00 epsZ=8.0000e-01 
New pars (   3): DC=6.8006e+00 r1=1.2000e+02 r2=8.5000e+02 p=6.5000e-01 epsV=1.5000e+00 epsZ=8.0000e-01 
New pars (   4): DC=6.7994e+00 r1=1.2000e+02 r2=8.5000e+02 p=6.5000e-01 epsV=1.5000e+00 epsZ=8.0000e-01 
New pars (   5): DC=6.8000e+00 r1=1.2000e+02 r2=8.5000e+02 p=6.5000e-01 epsV=1.5000e+00 epsZ=8.0000e-01 
New pars (   6): DC=6.8000e+00 r1=1.2000e+02 r2=8.5000e+02 p=6.5000e-01 epsV=1.5000e+00 epsZ=8.0000e-01 
New pars (   7): DC=6.8000e+00 r1=1.2000e+02 r2=8.5000e+02 p=6.5000e-01 epsV=1.5000e+00 epsZ=8.0000e-01 
New pars (   8): DC=6.8000e+00 r1=1.2000e+02 r2=8.5000e+02 p=6.5000e-01 epsV=1.5000e+00 epsZ=8.0000e-01 
New pars (   9): DC=6.8000e+00 r1=1.2000e+02 r2=8.5000e+02 p=6.5000e-01 epsV=1.5000e+00 epsZ=8.0000e-01 
New pars (  10): DC=6.8000e+00 r1=1.2000e+02 r2=8.5000e+02 p=6.5000e-01 epsV=1.5000e+00 epsZ=8.0000e-01 
New pars (  11): DC=6.8000e+00 r1=1.2000e+02 r2=8.5000e+02 p=6.5349e-01 epsV=1.5000e+00 epsZ=8.0000e-01 
New pars (  12): DC=6.8000e+00 r1=1.2000e+02 r2=8.5000e+02 p=6.4651e-01 epsV=1.5000e+00 epsZ=8.0000e-01 
New pars (  13): DC=6.8000e+00 r1=1.2000e+02 r2=8.5000e+02 p=6.5035e-01 epsV=1.5000e+00 epsZ=8.0000e-01 
New pars (  14): DC=6.8000e+00 r1=1.2000e+02 r2=8.5000e+02 p=6.4965e-01 epsV=1.5000e+00 epsZ=8.0000e-01 
New pars (  15): DC=6.8000e+00 r1=1.2000e+02 r2=8.5000e+02 p=6.5000e-01 epsV=1.5002e+00 epsZ=8.0000e-01 
New pars (  16): DC=6.7994e+00 r1=1.2000e+02 r2=8.5000e+02 p=6.5000e-01 epsV=1.5000e+00 epsZ=8.0000e-01 
New pars (  17): DC=6.7970e+00 r1=1.2000e+02 r2=8.5000e+02 p=6.5000e-01 epsV=1.5000e+00 epsZ=8.0000e-01 
New pars (  18): DC=6.7909e+00 r1=1.2000e+02 r2=8.5000e+02 p=6.5000e-01 epsV=1.5000e+00 epsZ=8.0000e-01 
New pars (  19): DC=6.7728e+00 r1=1.2000e+02 r2=8.5000e+02 p=6.5000e-01 epsV=1.5000e+00 epsZ=8.0000e-01 
New pars (  20): DC=6.7185e+00 r1=1.2000e+02 r2=8.5000e+02 p=6.5000e-01 epsV=1.5000e+00 epsZ=8.0000e-01 
New pars (  21): DC=6.5554e+00 r1=1.2000e+02 r2=8.5000e+02 p=6.5000e-01 epsV=1.5000e+00 epsZ=8.0000e-01 
New pars (  22): DC=6.1960e+00 r1=1.2000e+02 r2=8.5000e+02 p=6.5000e-01 epsV=1.5000e+00 epsZ=8.0000e-01 
New pars (  23): DC=6.1975e+00 r1=1.2000e+02 r2=8.5000e+02 p=6.5000e-01 epsV=1.5000e+00 epsZ=8.0000e-01 
New pars (  24): DC=6.1945e+00 r1=1.2000e+02 r2=8.5000e+02 p=6.5000e-01 epsV=1.5000e+00 epsZ=8.0000e-01 
New pars (  25): DC=6.1987e+00 r1=1.2000e+02 r2=8.5000e+02 p=6.5000e-01 epsV=1.5000e+00 epsZ=8.0000e-01 
New pars (  26): DC=6.1933e+00 r1=1.2000e+02 r2=8.5000e+02 p=6.5000e-01 epsV=1.5000e+00 epsZ=8.0000e-01 
New pars (  27): DC=6.1960e+00 r1=1.2000e+02 r2=8.5000e+02 p=6.5000e-01 epsV=1.5000e+00 epsZ=8.0000e-01 
New pars (  28): DC=6.1960e+00 r1=1.2000e+02 r2=8.5000e+02 p=6.5000e-01 epsV=1.5000e+00 epsZ=8.0000e-01 
New pars (  29): DC=6.1960e+00 r1=1.2000e+02 r2=8.5000e+02 p=6.5000e-01 epsV=1.5000e+00 epsZ=8.0000e-01 
New pars (  30): DC=6.1960e+00 r1=1.2000e+02 r2=8.5000e+02 p=6.5000e-01 epsV=1.5000e+00 epsZ=8.0000e-01 
New pars (  31): DC=6.1960e+00 r1=1.2000e+02 r2=8.5000e+02 p=6.5000e-01 epsV=1.5000e+00 epsZ=8.0000e-01 
New pars (  32): DC=6.1960e+00 r1=1.2000e+02 r2=8.5000e+02 p=6.5000e-01 epsV=1.5000e+00 epsZ=8.0000e-01 
New pars (  33): DC=6.1960e+00 r1=1.2000e+02 r2=8.5000e+02 p=6.5000e-01 epsV=1.5000e+00 epsZ=8.0000e-01 
New pars (  34): DC=6.1960e+00 r1=1.2000e+02 r2=8.5000e+02 p=6.5000e-01 epsV=1.5000e+00 epsZ=8.0000e-01 
New pars (  35): DC=6.1960e+00 r1=1.2000e+02 r2=8.5000e+02 p=6.5014e-01 epsV=1.5000e+00 epsZ=8.0000e-01 
New pars (  36): DC=6.1960e+00 r1=1.2000e+02 r2=8.5000e+02 p=6.4986e-01 epsV=1.5000e+00 epsZ=8.0000e-01 
New pars (  37): DC=6.1960e+00 r1=1.2000e+02 r2=8.5000e+02 p=6.5000e-01 epsV=1.5002e+00 epsZ=8.0000e-01 
New pars (  38): DC=6.1960e+00 r1=1.2000e+02 r2=8.5000e+02 p=6.5000e-01 epsV=1.5000e+00 epsZ=8.0000e-01 
New pars (  39): DC=6.1960e+00 r1=1.2000e+02 r2=8.5000e+02 p=6.5000e-01 epsV=1.5000e+00 epsZ=8.0000e-01 
New pars (  40): DC=6.1960e+00 r1=1.1999e+02 r2=8.5000e+02 p=6.5000e-01 epsV=1.5000e+00 epsZ=8.0000e-01 
New pars (  41): DC=6.1960e+00 r1=1.1998e+02 r2=8.5000e+02 p=6.5000e-01 epsV=1.5000e+00 epsZ=8.0000e-01 
New pars (  42): DC=6.1960e+00 r1=1.1994e+02 r2=8.5000e+02 p=6.5000e-01 epsV=1.5000e+00 epsZ=8.0000e-01 
New pars (  43): DC=6.1960e+00 r1=1.1982e+02 r2=8.5000e+02 p=6.5000e-01 epsV=1.5000e+00 epsZ=8.0000e-01 
New pars (  44): DC=6.1960e+00 r1=1.1954e+02 r2=8.5000e+02 p=6.5000e-01 epsV=1.5000e+00 epsZ=8.0000e-01 
New pars (  45): DC=6.1986e+00 r1=1.1954e+02 r2=8.5000e+02 p=6.5000e-01 epsV=1.5000e+00 epsZ=8.0000e-01 
New pars (  46): DC=6.1934e+00 r1=1.1954e+02 r2=8.5000e+02 p=6.5000e-01 epsV=1.5000e+00 epsZ=8.0000e-01 
New pars (  47): DC=6.1960e+00 r1=1.1955e+02 r2=8.5000e+02 p=6.5000e-01 epsV=1.5000e+00 epsZ=8.0000e-01 
New pars (  48): DC=6.1960e+00 r1=1.1954e+02 r2=8.5000e+02 p=6.5000e-01 epsV=1.5000e+00 epsZ=8.0000e-01 
New pars (  49): DC=6.1960e+00 r1=1.1954e+02 r2=8.5000e+02 p=6.5000e-01 epsV=1.5000e+00 epsZ=8.0000e-01 
New pars (  50): DC=6.1960e+00 r1=1.1954e+02 r2=8.5000e+02 p=6.5000e-01 epsV=1.5000e+00 epsZ=8.0000e-01 
New pars (  51): DC=6.1960e+00 r1=1.1954e+02 r2=8.5000e+02 p=6.5018e-01 epsV=1.5000e+00 epsZ=8.0000e-01 
New pars (  52): DC=6.1960e+00 r1=1.1954e+02 r2=8.5000e+02 p=6.4982e-01 epsV=1.5000e+00 epsZ=8.0000e-01 
New pars (  53): DC=6.1960e+00 r1=1.1954e+02 r2=8.5000e+02 p=6.5000e-01 epsV=1.5007e+00 epsZ=8.0000e-01 
New pars (  54): DC=6.1960e+00 r1=1.1954e+02 r2=8.5000e+02 p=6.5000e-01 epsV=1.5000e+00 epsZ=8.0000e-01 
New pars (  55): DC=6.1960e+00 r1=1.1954e+02 r2=8.5000e+02 p=6.5000e-01 epsV=1.5000e+00 epsZ=8.0000e-01 
New pars (  56): DC=6.1960e+00 r1=1.1953e+02 r2=8.5000e+02 p=6.5000e-01 epsV=1.5000e+00 epsZ=8.0000e-01 
New pars (  57): DC=6.1960e+00 r1=1.1951e+02 r2=8.5000e+02 p=6.5000e-01 epsV=1.5000e+00 epsZ=8.0000e-01 
New pars (  58): DC=6.1960e+00 r1=1.1944e+02 r2=8.5000e+02 p=6.5000e-01 epsV=1.5000e+00 epsZ=8.0000e-01 
New pars (  59): DC=6.1960e+00 r1=1.1923e+02 r2=8.5000e+02 p=6.5000e-01 epsV=1.5000e+00 epsZ=8.0000e-01 
New pars (  60): DC=6.1960e+00 r1=1.1876e+02 r2=8.5000e+02 p=6.5000e-01 epsV=1.5000e+00 epsZ=8.0000e-01 
New pars (  61): DC=6.1985e+00 r1=1.1876e+02 r2=8.5000e+02 p=6.5000e-01 epsV=1.5000e+00 epsZ=8.0000e-01 
New pars (  62): DC=6.1935e+00 r1=1.1876e+02 r2=8.5000e+02 p=6.5000e-01 epsV=1.5000e+00 epsZ=8.0000e-01 
New pars (  63): DC=6.1960e+00 r1=1.1876e+02 r2=8.5000e+02 p=6.5000e-01 epsV=1.5000e+00 epsZ=8.0000e-01 
New pars (  64): DC=6.1960e+00 r1=1.1875e+02 r2=8.5000e+02 p=6.5000e-01 epsV=1.5000e+00 epsZ=8.0000e-01 
New pars (  65): DC=6.1960e+00 r1=1.1876e+02 r2=8.5000e+02 p=6.5000e-01 epsV=1.5000e+00 epsZ=8.0000e-01 
New pars (  66): DC=6.1960e+00 r1=1.1876e+02 r2=8.5000e+02 p=6.5000e-01 epsV=1.5000e+00 epsZ=8.0000e-01 
New pars (  67): DC=6.1960e+00 r1=1.1876e+02 r2=8.5000e+02 p=6.5014e-01 epsV=1.5000e+00 epsZ=8.0000e-01 
New pars (  68): DC=6.1960e+00 r1=1.1876e+02 r2=8.5000e+02 p=6.4986e-01 epsV=1.5000e+00 epsZ=8.0000e-01 
New pars (  69): DC=6.1960e+00 r1=1.1876e+02 r2=8.5000e+02 p=6.5000e-01 epsV=1.5005e+00 epsZ=8.0000e-01 
New pars (  70): DC=6.1960e+00 r1=1.1875e+02 r2=8.5000e+02 p=6.5000e-01 epsV=1.5000e+00 epsZ=8.0000e-01 
New pars (  71): DC=6.1960e+00 r1=1.1875e+02 r2=8.5000e+02 p=6.5000e-01 epsV=1.5000e+00 epsZ=8.0000e-01 
New pars (  72): DC=6.1960e+00 r1=1.1873e+02 r2=8.5000e+02 p=6.5000e-01 epsV=1.5000e+00 epsZ=8.0000e-01 
New pars (  73): DC=6.1960e+00 r1=1.1866e+02 r2=8.5000e+02 p=6.5000e-01 epsV=1.5000e+00 epsZ=8.0000e-01 
New pars (  74): DC=6.1960e+00 r1=1.1848e+02 r2=8.5000e+02 p=6.5000e-01 epsV=1.5000e+00 epsZ=8.0000e-01 
New pars (  75): DC=6.1960e+00 r1=1.1794e+02 r2=8.5000e+02 p=6.5000e-01 epsV=1.5000e+00 epsZ=8.0000e-01 
New pars (  76): DC=6.1960e+00 r1=1.1675e+02 r2=8.5000e+02 p=6.5000e-01 epsV=1.5000e+00 epsZ=8.0000e-01 
New pars (  77): DC=6.1984e+00 r1=1.1675e+02 r2=8.5000e+02 p=6.5000e-01 epsV=1.5000e+00 epsZ=8.0000e-01 
New pars (  78): DC=6.1936e+00 r1=1.1675e+02 r2=8.5000e+02 p=6.5000e-01 epsV=1.5000e+00 epsZ=8.0000e-01 
New pars (  79): DC=6.1960e+00 r1=1.1676e+02 r2=8.5000e+02 p=6.5000e-01 epsV=1.5000e+00 epsZ=8.0000e-01 
New pars (  80): DC=6.1960e+00 r1=1.1675e+02 r2=8.5000e+02 p=6.5000e-01 epsV=1.5000e+00 epsZ=8.0000e-01 
New pars (  81): DC=6.1960e+00 r1=1.1675e+02 r2=8.5000e+02 p=6.5000e-01 epsV=1.5000e+00 epsZ=8.0000e-01 
New pars (  82): DC=6.1960e+00 r1=1.1675e+02 r2=8.5000e+02 p=6.5000e-01 epsV=1.5000e+00 epsZ=8.0000e-01 
New pars (  83): DC=6.1960e+00 r1=1.1675e+02 r2=8.5000e+02 p=6.5015e-01 epsV=1.5000e+00 epsZ=8.0000e-01 
New pars (  84): DC=6.1960e+00 r1=1.1675e+02 r2=8.5000e+02 p=6.4985e-01 epsV=1.5000e+00 epsZ=8.0000e-01 
New pars (  85): DC=6.1960e+00 r1=1.1675e+02 r2=8.5000e+02 p=6.5000e-01 epsV=1.5005e+00 epsZ=8.0000e-01 
New pars (  86): DC=6.1960e+00 r1=1.1675e+02 r2=8.5000e+02 p=6.5000e-01 epsV=1.5000e+00 epsZ=8.0000e-01 
New pars (  87): DC=6.1960e+00 r1=1.1672e+02 r2=8.5000e+02 p=6.5000e-01 epsV=1.5000e+00 epsZ=8.0000e-01 
New pars (  88): DC=6.1960e+00 r1=1.1667e+02 r2=8.5000e+02 p=6.5000e-01 epsV=1.5000e+00 epsZ=8.0000e-01 
New pars (  89): DC=6.1960e+00 r1=1.1652e+02 r2=8.5000e+02 p=6.5000e-01 epsV=1.5000e+00 epsZ=8.0000e-01 
New pars (  90): DC=6.1960e+00 r1=1.1607e+02 r2=8.5000e+02 p=6.5000e-01 epsV=1.5000e+00 epsZ=8.0000e-01 
New pars (  91): DC=6.1960e+00 r1=1.1470e+02 r2=8.5000e+02 p=6.5000e-01 epsV=1.5000e+00 epsZ=8.0000e-01 
New pars (  92): DC=6.1960e+00 r1=1.1168e+02 r2=8.5000e+02 p=6.5000e-01 epsV=1.5000e+00 epsZ=8.0000e-01 
New pars (  93): DC=6.1983e+00 r1=1.1168e+02 r2=8.5000e+02 p=6.5000e-01 epsV=1.5000e+00 epsZ=8.0000e-01 
New pars (  94): DC=6.1937e+00 r1=1.1168e+02 r2=8.5000e+02 p=6.5000e-01 epsV=1.5000e+00 epsZ=8.0000e-01 
New pars (  95): DC=6.1960e+00 r1=1.1169e+02 r2=8.5000e+02 p=6.5000e-01 epsV=1.5000e+00 epsZ=8.0000e-01 
New pars (  96): DC=6.1960e+00 r1=1.1167e+02 r2=8.5000e+02 p=6.5000e-01 epsV=1.5000e+00 epsZ=8.0000e-01 
New pars (  97): DC=6.1960e+00 r1=1.1181e+02 r2=8.5000e+02 p=6.5000e-01 epsV=1.5000e+00 epsZ=8.0000e-01 
New pars (  98): DC=6.1960e+00 r1=1.1155e+02 r2=8.5000e+02 p=6.5000e-01 epsV=1.5000e+00 epsZ=8.0000e-01 
New pars (  99): DC=6.1960e+00 r1=1.1168e+02 r2=8.5001e+02 p=6.5000e-01 epsV=1.5000e+00 epsZ=8.0000e-01 
New pars ( 100): DC=6.1960e+00 r1=1.1168e+02 r2=8.4999e+02 p=6.5000e-01 epsV=1.5000e+00 epsZ=8.0000e-01 
New pars ( 101): DC=6.1960e+00 r1=1.1168e+02 r2=8.5002e+02 p=6.5000e-01 epsV=1.5000e+00 epsZ=8.0000e-01 
New pars ( 102): DC=6.1960e+00 r1=1.1168e+02 r2=8.4998e+02 p=6.5000e-01 epsV=1.5000e+00 epsZ=8.0000e-01 
New pars ( 103): DC=6.1960e+00 r1=1.1168e+02 r2=8.5000e+02 p=6.5013e-01 epsV=1.5000e+00 epsZ=8.0000e-01 
New pars ( 104): DC=6.1960e+00 r1=1.1168e+02 r2=8.5000e+02 p=6.4987e-01 epsV=1.5000e+00 epsZ=8.0000e-01 
New pars ( 105): DC=6.1960e+00 r1=1.1168e+02 r2=8.5000e+02 p=6.5000e-01 epsV=1.5005e+00 epsZ=8.0000e-01 
New pars ( 106): DC=6.1960e+00 r1=1.1168e+02 r2=8.4998e+02 p=6.5000e-01 epsV=1.5000e+00 epsZ=8.0000e-01 
New pars ( 107): DC=6.1960e+00 r1=1.1168e+02 r2=8.4992e+02 p=6.5000e-01 epsV=1.5000e+00 epsZ=8.0000e-01 
New pars ( 108): DC=6.1960e+00 r1=1.1168e+02 r2=8.4975e+02 p=6.5000e-01 epsV=1.5000e+00 epsZ=8.0000e-01 
New pars ( 109): DC=6.1960e+00 r1=1.1168e+02 r2=8.4924e+02 p=6.5000e-01 epsV=1.5000e+00 epsZ=8.0000e-01 
New pars ( 110): DC=6.1960e+00 r1=1.1168e+02 r2=8.4773e+02 p=6.5000e-01 epsV=1.5000e+00 epsZ=8.0000e-01 
New pars ( 111): DC=6.1960e+00 r1=1.1168e+02 r2=8.4320e+02 p=6.5000e-01 epsV=1.5000e+00 epsZ=8.0000e-01 
New pars ( 112): DC=6.1960e+00 r1=1.1168e+02 r2=8.3320e+02 p=6.5000e-01 epsV=1.5000e+00 epsZ=8.0000e-01 
New pars ( 113): DC=6.1981e+00 r1=1.1168e+02 r2=8.3320e+02 p=6.5000e-01 epsV=1.5000e+00 epsZ=8.0000e-01 
New pars ( 114): DC=6.1939e+00 r1=1.1168e+02 r2=8.3320e+02 p=6.5000e-01 epsV=1.5000e+00 epsZ=8.0000e-01 
New pars ( 115): DC=6.1960e+00 r1=1.1171e+02 r2=8.3320e+02 p=6.5000e-01 epsV=1.5000e+00 epsZ=8.0000e-01 
New pars ( 116): DC=6.1960e+00 r1=1.1165e+02 r2=8.3320e+02 p=6.5000e-01 epsV=1.5000e+00 epsZ=8.0000e-01 
New pars ( 117): DC=6.1960e+00 r1=1.1168e+02 r2=8.3323e+02 p=6.5000e-01 epsV=1.5000e+00 epsZ=8.0000e-01 
New pars ( 118): DC=6.1960e+00 r1=1.1168e+02 r2=8.3317e+02 p=6.5000e-01 epsV=1.5000e+00 epsZ=8.0000e-01 
New pars ( 119): DC=6.1960e+00 r1=1.1168e+02 r2=8.3344e+02 p=6.5000e-01 epsV=1.5000e+00 epsZ=8.0000e-01 
New pars ( 120): DC=6.1960e+00 r1=1.1168e+02 r2=8.3296e+02 p=6.5000e-01 epsV=1.5000e+00 epsZ=8.0000e-01 
New pars ( 121): DC=6.1960e+00 r1=1.1168e+02 r2=8.3320e+02 p=6.5014e-01 epsV=1.5000e+00 epsZ=8.0000e-01 
New pars ( 122): DC=6.1960e+00 r1=1.1168e+02 r2=8.3320e+02 p=6.4986e-01 epsV=1.5000e+00 epsZ=8.0000e-01 
New pars ( 123): DC=6.1960e+00 r1=1.1168e+02 r2=8.3320e+02 p=6.5000e-01 epsV=1.5005e+00 epsZ=8.0000e-01 
New pars ( 124): DC=5.6773e+00 r1=4.9373e+01 r2=7.2347e+02 p=3.8069e-01 epsV=9.6502e-01 epsZ=2.2996e-01 
New pars ( 125): DC=6.0722e+00 r1=9.6806e+01 r2=8.0700e+02 p=5.8571e-01 epsV=1.3723e+00 epsZ=6.6392e-01 
New pars ( 126): DC=6.0733e+00 r1=9.6806e+01 r2=8.0700e+02 p=5.8571e-01 epsV=1.3723e+00 epsZ=6.6392e-01 
New pars ( 127): DC=6.0711e+00 r1=9.6806e+01 r2=8.0700e+02 p=5.8571e-01 epsV=1.3723e+00 epsZ=6.6392e-01 
New pars ( 128): DC=6.0722e+00 r1=9.6825e+01 r2=8.0700e+02 p=5.8571e-01 epsV=1.3723e+00 epsZ=6.6392e-01 
New pars ( 129): DC=6.0722e+00 r1=9.6787e+01 r2=8.0700e+02 p=5.8571e-01 epsV=1.3723e+00 epsZ=6.6392e-01 
New pars ( 130): DC=6.0722e+00 r1=9.6819e+01 r2=8.0700e+02 p=5.8571e-01 epsV=1.3723e+00 epsZ=6.6392e-01 
New pars ( 131): DC=6.0722e+00 r1=9.6792e+01 r2=8.0700e+02 p=5.8571e-01 epsV=1.3723e+00 epsZ=6.6392e-01 
New pars ( 132): DC=6.0722e+00 r1=9.6806e+01 r2=8.0704e+02 p=5.8571e-01 epsV=1.3723e+00 epsZ=6.6392e-01 
New pars ( 133): DC=6.0722e+00 r1=9.6806e+01 r2=8.0697e+02 p=5.8571e-01 epsV=1.3723e+00 epsZ=6.6392e-01 
New pars ( 134): DC=6.0722e+00 r1=9.6806e+01 r2=8.0703e+02 p=5.8571e-01 epsV=1.3723e+00 epsZ=6.6392e-01 
New pars ( 135): DC=6.0722e+00 r1=9.6806e+01 r2=8.0698e+02 p=5.8571e-01 epsV=1.3723e+00 epsZ=6.6392e-01 
New pars ( 136): DC=6.0722e+00 r1=9.6806e+01 r2=8.0700e+02 p=5.8578e-01 epsV=1.3723e+00 epsZ=6.6392e-01 
New pars ( 137): DC=6.0722e+00 r1=9.6806e+01 r2=8.0700e+02 p=5.8564e-01 epsV=1.3723e+00 epsZ=6.6392e-01 
New pars ( 138): DC=6.0722e+00 r1=9.6806e+01 r2=8.0700e+02 p=5.8574e-01 epsV=1.3723e+00 epsZ=6.6392e-01 
New pars ( 139): DC=6.0722e+00 r1=9.6806e+01 r2=8.0700e+02 p=5.8568e-01 epsV=1.3723e+00 epsZ=6.6392e-01 
New pars ( 140): DC=6.0722e+00 r1=9.6806e+01 r2=8.0700e+02 p=5.8571e-01 epsV=1.3725e+00 epsZ=6.6392e-01 
New pars ( 141): DC=7.4978e+00 r1=8.9426e+01 r2=8.0388e+02 p=4.9229e-01 epsV=1.5228e+00 epsZ=8.4433e-01 
New pars ( 142): DC=7.2420e+00 r1=9.0750e+01 r2=8.0444e+02 p=5.0906e-01 epsV=1.4958e+00 epsZ=8.1195e-01 
New pars ( 143): DC=7.2422e+00 r1=9.0750e+01 r2=8.0444e+02 p=5.0906e-01 epsV=1.4958e+00 epsZ=8.1195e-01 
New pars ( 144): DC=7.2417e+00 r1=9.0750e+01 r2=8.0444e+02 p=5.0906e-01 epsV=1.4958e+00 epsZ=8.1195e-01 
New pars ( 145): DC=7.2423e+00 r1=9.0750e+01 r2=8.0444e+02 p=5.0906e-01 epsV=1.4958e+00 epsZ=8.1195e-01 
New pars ( 146): DC=7.2416e+00 r1=9.0750e+01 r2=8.0444e+02 p=5.0906e-01 epsV=1.4958e+00 epsZ=8.1195e-01 
New pars ( 147): DC=7.2420e+00 r1=9.0753e+01 r2=8.0444e+02 p=5.0906e-01 epsV=1.4958e+00 epsZ=8.1195e-01 
New pars ( 148): DC=7.2420e+00 r1=9.0748e+01 r2=8.0444e+02 p=5.0906e-01 epsV=1.4958e+00 epsZ=8.1195e-01 
New pars ( 149): DC=7.2420e+00 r1=9.0750e+01 r2=8.0444e+02 p=5.0906e-01 epsV=1.4958e+00 epsZ=8.1195e-01 
New pars ( 150): DC=7.2420e+00 r1=9.0750e+01 r2=8.0444e+02 p=5.0906e-01 epsV=1.4958e+00 epsZ=8.1195e-01 
New pars ( 151): DC=7.2420e+00 r1=9.0750e+01 r2=8.0444e+02 p=5.0906e-01 epsV=1.4958e+00 epsZ=8.1195e-01 
New pars ( 152): DC=7.2420e+00 r1=9.0750e+01 r2=8.0444e+02 p=5.0905e-01 epsV=1.4958e+00 epsZ=8.1195e-01 
New pars ( 153): DC=7.2420e+00 r1=9.0750e+01 r2=8.0444e+02 p=5.0906e-01 epsV=1.4958e+00 epsZ=8.1195e-01 
New pars ( 154): DC=7.2420e+00 r1=9.0750e+01 r2=8.0444e+02 p=5.0905e-01 epsV=1.4958e+00 epsZ=8.1195e-01 
New pars ( 155): DC=7.2420e+00 r1=9.0750e+01 r2=8.0444e+02 p=5.0906e-01 epsV=1.4958e+00 epsZ=8.1195e-01 
New pars ( 156): DC=7.2916e+00 r1=9.1389e+01 r2=8.0286e+02 p=5.0660e-01 epsV=1.4823e+00 epsZ=8.0438e-01 
New pars ( 157): DC=7.3070e+00 r1=9.1588e+01 r2=8.0237e+02 p=5.0583e-01 epsV=1.4781e+00 epsZ=8.0203e-01 
New pars ( 158): DC=7.3073e+00 r1=9.1588e+01 r2=8.0237e+02 p=5.0583e-01 epsV=1.4781e+00 epsZ=8.0203e-01 
New pars ( 159): DC=7.3067e+00 r1=9.1588e+01 r2=8.0237e+02 p=5.0583e-01 epsV=1.4781e+00 epsZ=8.0203e-01 
New pars ( 160): DC=7.3073e+00 r1=9.1588e+01 r2=8.0237e+02 p=5.0583e-01 epsV=1.4781e+00 epsZ=8.0203e-01 
New pars ( 161): DC=7.3068e+00 r1=9.1588e+01 r2=8.0237e+02 p=5.0583e-01 epsV=1.4781e+00 epsZ=8.0203e-01 
New pars ( 162): DC=7.3070e+00 r1=9.1590e+01 r2=8.0237e+02 p=5.0583e-01 epsV=1.4781e+00 epsZ=8.0203e-01 
New pars ( 163): DC=7.3070e+00 r1=9.1586e+01 r2=8.0237e+02 p=5.0583e-01 epsV=1.4781e+00 epsZ=8.0203e-01 
New pars ( 164): DC=7.3070e+00 r1=9.1588e+01 r2=8.0238e+02 p=5.0583e-01 epsV=1.4781e+00 epsZ=8.0203e-01 
New pars ( 165): DC=7.3070e+00 r1=9.1588e+01 r2=8.0237e+02 p=5.0583e-01 epsV=1.4781e+00 epsZ=8.0203e-01 
New pars ( 166): DC=7.3070e+00 r1=9.1588e+01 r2=8.0237e+02 p=5.0583e-01 epsV=1.4781e+00 epsZ=8.0203e-01 
New pars ( 167): DC=7.3070e+00 r1=9.1588e+01 r2=8.0237e+02 p=5.0583e-01 epsV=1.4781e+00 epsZ=8.0203e-01 
New pars ( 168): DC=7.3070e+00 r1=9.1588e+01 r2=8.0237e+02 p=5.0583e-01 epsV=1.4781e+00 epsZ=8.0203e-01 
New pars ( 169): DC=7.3506e+00 r1=9.2675e+01 r2=8.0147e+02 p=5.0470e-01 epsV=1.4773e+00 epsZ=7.9237e-01 
New pars ( 170): DC=7.4991e+00 r1=9.6379e+01 r2=7.9838e+02 p=5.0083e-01 epsV=1.4746e+00 epsZ=7.5949e-01 
New pars ( 171): DC=7.4993e+00 r1=9.6379e+01 r2=7.9838e+02 p=5.0083e-01 epsV=1.4746e+00 epsZ=7.5949e-01 
New pars ( 172): DC=7.4989e+00 r1=9.6379e+01 r2=7.9838e+02 p=5.0083e-01 epsV=1.4746e+00 epsZ=7.5949e-01 
New pars ( 173): DC=7.4994e+00 r1=9.6379e+01 r2=7.9838e+02 p=5.0083e-01 epsV=1.4746e+00 epsZ=7.5949e-01 
New pars ( 174): DC=7.4988e+00 r1=9.6379e+01 r2=7.9838e+02 p=5.0083e-01 epsV=1.4746e+00 epsZ=7.5949e-01 
New pars ( 175): DC=7.4991e+00 r1=9.6381e+01 r2=7.9838e+02 p=5.0083e-01 epsV=1.4746e+00 epsZ=7.5949e-01 
New pars ( 176): DC=7.4991e+00 r1=9.6377e+01 r2=7.9838e+02 p=5.0083e-01 epsV=1.4746e+00 epsZ=7.5949e-01 
New pars ( 177): DC=7.4991e+00 r1=9.6379e+01 r2=7.9838e+02 p=5.0083e-01 epsV=1.4746e+00 epsZ=7.5949e-01 
New pars ( 178): DC=7.4991e+00 r1=9.6379e+01 r2=7.9838e+02 p=5.0083e-01 epsV=1.4746e+00 epsZ=7.5949e-01 
New pars ( 179): DC=7.4991e+00 r1=9.6379e+01 r2=7.9838e+02 p=5.0083e-01 epsV=1.4746e+00 epsZ=7.5949e-01 
New pars ( 180): DC=7.4991e+00 r1=9.6379e+01 r2=7.9838e+02 p=5.0083e-01 epsV=1.4746e+00 epsZ=7.5949e-01 
New pars ( 181): DC=7.4991e+00 r1=9.6379e+01 r2=7.9838e+02 p=5.0083e-01 epsV=1.4746e+00 epsZ=7.5949e-01 
New pars ( 182): DC=7.4991e+00 r1=9.6379e+01 r2=7.9838e+02 p=5.0083e-01 epsV=1.4746e+00 epsZ=7.5949e-01 
New pars ( 183): DC=7.4991e+00 r1=9.6379e+01 r2=7.9838e+02 p=5.0083e-01 epsV=1.4746e+00 epsZ=7.5949e-01 
New pars ( 184): DC=7.4788e+00 r1=9.7833e+01 r2=7.9753e+02 p=5.0088e-01 epsV=1.4729e+00 epsZ=7.4958e-01 
New pars ( 185): DC=7.4611e+00 r1=9.9101e+01 r2=7.9679e+02 p=5.0092e-01 epsV=1.4714e+00 epsZ=7.4094e-01 
New pars ( 186): DC=7.4614e+00 r1=9.9101e+01 r2=7.9679e+02 p=5.0092e-01 epsV=1.4714e+00 epsZ=7.4094e-01 
New pars ( 187): DC=7.4608e+00 r1=9.9101e+01 r2=7.9679e+02 p=5.0092e-01 epsV=1.4714e+00 epsZ=7.4094e-01 
New pars ( 188): DC=7.4613e+00 r1=9.9101e+01 r2=7.9679e+02 p=5.0092e-01 epsV=1.4714e+00 epsZ=7.4094e-01 
New pars ( 189): DC=7.4609e+00 r1=9.9101e+01 r2=7.9679e+02 p=5.0092e-01 epsV=1.4714e+00 epsZ=7.4094e-01 
New pars ( 190): DC=7.4611e+00 r1=9.9103e+01 r2=7.9679e+02 p=5.0092e-01 epsV=1.4714e+00 epsZ=7.4094e-01 
New pars ( 191): DC=7.4611e+00 r1=9.9099e+01 r2=7.9679e+02 p=5.0092e-01 epsV=1.4714e+00 epsZ=7.4094e-01 
New pars ( 192): DC=7.4611e+00 r1=9.9101e+01 r2=7.9679e+02 p=5.0092e-01 epsV=1.4714e+00 epsZ=7.4094e-01 
New pars ( 193): DC=7.4611e+00 r1=9.9101e+01 r2=7.9679e+02 p=5.0092e-01 epsV=1.4714e+00 epsZ=7.4094e-01 
New pars ( 194): DC=7.4611e+00 r1=9.9101e+01 r2=7.9679e+02 p=5.0092e-01 epsV=1.4714e+00 epsZ=7.4094e-01 
New pars ( 195): DC=7.4611e+00 r1=9.9101e+01 r2=7.9679e+02 p=5.0092e-01 epsV=1.4714e+00 epsZ=7.4094e-01 
New pars ( 196): DC=7.4611e+00 r1=9.9101e+01 r2=7.9679e+02 p=5.0092e-01 epsV=1.4714e+00 epsZ=7.4094e-01 
New pars ( 197): DC=7.4370e+00 r1=9.9920e+01 r2=7.9627e+02 p=4.9855e-01 epsV=1.4743e+00 epsZ=7.3924e-01 
New pars ( 198): DC=7.3540e+00 r1=1.0273e+02 r2=7.9448e+02 p=4.9039e-01 epsV=1.4843e+00 epsZ=7.3338e-01 
New pars ( 199): DC=7.3542e+00 r1=1.0273e+02 r2=7.9448e+02 p=4.9039e-01 epsV=1.4843e+00 epsZ=7.3338e-01 
New pars ( 200): DC=7.3538e+00 r1=1.0273e+02 r2=7.9448e+02 p=4.9039e-01 epsV=1.4843e+00 epsZ=7.3338e-01 
New pars ( 201): DC=7.3540e+00 r1=1.0273e+02 r2=7.9448e+02 p=4.9039e-01 epsV=1.4843e+00 epsZ=7.3338e-01 
New pars ( 202): DC=7.3540e+00 r1=1.0273e+02 r2=7.9448e+02 p=4.9039e-01 epsV=1.4843e+00 epsZ=7.3338e-01 
New pars ( 203): DC=7.3540e+00 r1=1.0273e+02 r2=7.9448e+02 p=4.9039e-01 epsV=1.4843e+00 epsZ=7.3338e-01 
New pars ( 204): DC=7.3540e+00 r1=1.0273e+02 r2=7.9448e+02 p=4.9039e-01 epsV=1.4843e+00 epsZ=7.3338e-01 
New pars ( 205): DC=7.3540e+00 r1=1.0273e+02 r2=7.9449e+02 p=4.9039e-01 epsV=1.4843e+00 epsZ=7.3338e-01 
New pars ( 206): DC=7.3540e+00 r1=1.0273e+02 r2=7.9448e+02 p=4.9039e-01 epsV=1.4843e+00 epsZ=7.3338e-01 
New pars ( 207): DC=7.3540e+00 r1=1.0273e+02 r2=7.9448e+02 p=4.9040e-01 epsV=1.4843e+00 epsZ=7.3338e-01 
New pars ( 208): DC=7.3540e+00 r1=1.0273e+02 r2=7.9448e+02 p=4.9039e-01 epsV=1.4843e+00 epsZ=7.3338e-01 
New pars ( 209): DC=7.3540e+00 r1=1.0273e+02 r2=7.9448e+02 p=4.9040e-01 epsV=1.4843e+00 epsZ=7.3338e-01 
New pars ( 210): DC=7.3540e+00 r1=1.0273e+02 r2=7.9448e+02 p=4.9039e-01 epsV=1.4843e+00 epsZ=7.3338e-01 
New pars ( 211): DC=7.3540e+00 r1=1.0273e+02 r2=7.9448e+02 p=4.9039e-01 epsV=1.4843e+00 epsZ=7.3338e-01 
New pars ( 212): DC=7.3526e+00 r1=1.0266e+02 r2=7.9454e+02 p=4.9065e-01 epsV=1.4842e+00 epsZ=7.3412e-01 
New pars ( 213): DC=7.3523e+00 r1=1.0264e+02 r2=7.9455e+02 p=4.9070e-01 epsV=1.4842e+00 epsZ=7.3427e-01 
New pars ( 214): DC=7.3525e+00 r1=1.0264e+02 r2=7.9455e+02 p=4.9070e-01 epsV=1.4842e+00 epsZ=7.3427e-01 
New pars ( 215): DC=7.3520e+00 r1=1.0264e+02 r2=7.9455e+02 p=4.9070e-01 epsV=1.4842e+00 epsZ=7.3427e-01 
New pars ( 216): DC=7.3523e+00 r1=1.0265e+02 r2=7.9455e+02 p=4.9070e-01 epsV=1.4842e+00 epsZ=7.3427e-01 
New pars ( 217): DC=7.3523e+00 r1=1.0264e+02 r2=7.9455e+02 p=4.9070e-01 epsV=1.4842e+00 epsZ=7.3427e-01 
New pars ( 218): DC=7.3523e+00 r1=1.0264e+02 r2=7.9456e+02 p=4.9070e-01 epsV=1.4842e+00 epsZ=7.3427e-01 
New pars ( 219): DC=7.3523e+00 r1=1.0264e+02 r2=7.9455e+02 p=4.9070e-01 epsV=1.4842e+00 epsZ=7.3427e-01 
New pars ( 220): DC=7.3523e+00 r1=1.0264e+02 r2=7.9455e+02 p=4.9070e-01 epsV=1.4842e+00 epsZ=7.3427e-01 
New pars ( 221): DC=7.3523e+00 r1=1.0264e+02 r2=7.9455e+02 p=4.9070e-01 epsV=1.4842e+00 epsZ=7.3427e-01 
New pars ( 222): DC=7.3523e+00 r1=1.0264e+02 r2=7.9455e+02 p=4.9071e-01 epsV=1.4842e+00 epsZ=7.3427e-01 
New pars ( 223): DC=7.3523e+00 r1=1.0264e+02 r2=7.9455e+02 p=4.9070e-01 epsV=1.4842e+00 epsZ=7.3427e-01 
New pars ( 224): DC=7.3523e+00 r1=1.0264e+02 r2=7.9455e+02 p=4.9070e-01 epsV=1.4842e+00 epsZ=7.3427e-01 
New pars ( 225): DC=7.3522e+00 r1=1.0265e+02 r2=7.9454e+02 p=4.9071e-01 epsV=1.4841e+00 epsZ=7.3460e-01 
New pars ( 226): DC=7.3521e+00 r1=1.0266e+02 r2=7.9447e+02 p=4.9074e-01 epsV=1.4836e+00 epsZ=7.3594e-01 
New pars ( 227): DC=7.3519e+00 r1=1.0271e+02 r2=7.9432e+02 p=4.9081e-01 epsV=1.4825e+00 epsZ=7.3928e-01 
New pars ( 228): DC=7.3512e+00 r1=1.0284e+02 r2=7.9385e+02 p=4.9102e-01 epsV=1.4793e+00 epsZ=7.4932e-01 
New pars ( 229): DC=7.3491e+00 r1=1.0324e+02 r2=7.9244e+02 p=4.9166e-01 epsV=1.4695e+00 epsZ=7.7941e-01 
New pars ( 230): DC=7.3480e+00 r1=1.0345e+02 r2=7.9172e+02 p=4.9199e-01 epsV=1.4645e+00 epsZ=7.9478e-01 
New pars ( 231): DC=7.3482e+00 r1=1.0345e+02 r2=7.9172e+02 p=4.9199e-01 epsV=1.4645e+00 epsZ=7.9478e-01 
New pars ( 232): DC=7.3478e+00 r1=1.0345e+02 r2=7.9172e+02 p=4.9199e-01 epsV=1.4645e+00 epsZ=7.9478e-01 
New pars ( 233): DC=7.3480e+00 r1=1.0345e+02 r2=7.9172e+02 p=4.9199e-01 epsV=1.4645e+00 epsZ=7.9478e-01 
New pars ( 234): DC=7.3480e+00 r1=1.0344e+02 r2=7.9172e+02 p=4.9199e-01 epsV=1.4645e+00 epsZ=7.9478e-01 
New pars ( 235): DC=7.3480e+00 r1=1.0345e+02 r2=7.9172e+02 p=4.9199e-01 epsV=1.4645e+00 epsZ=7.9478e-01 
New pars ( 236): DC=7.3480e+00 r1=1.0345e+02 r2=7.9171e+02 p=4.9199e-01 epsV=1.4645e+00 epsZ=7.9478e-01 
New pars ( 237): DC=7.3480e+00 r1=1.0345e+02 r2=7.9172e+02 p=4.9200e-01 epsV=1.4645e+00 epsZ=7.9478e-01 
New pars ( 238): DC=7.3480e+00 r1=1.0345e+02 r2=7.9172e+02 p=4.9198e-01 epsV=1.4645e+00 epsZ=7.9478e-01 
New pars ( 239): DC=7.3480e+00 r1=1.0345e+02 r2=7.9172e+02 p=4.9199e-01 epsV=1.4645e+00 epsZ=7.9478e-01 
New pars ( 240): DC=7.3580e+00 r1=1.0409e+02 r2=7.9051e+02 p=4.9201e-01 epsV=1.4581e+00 epsZ=8.1038e-01 
New pars ( 241): DC=7.3629e+00 r1=1.0441e+02 r2=7.8992e+02 p=4.9201e-01 epsV=1.4550e+00 epsZ=8.1808e-01 
New pars ( 242): DC=7.3631e+00 r1=1.0441e+02 r2=7.8992e+02 p=4.9201e-01 epsV=1.4550e+00 epsZ=8.1808e-01 
New pars ( 243): DC=7.3627e+00 r1=1.0441e+02 r2=7.8992e+02 p=4.9201e-01 epsV=1.4550e+00 epsZ=8.1808e-01 
New pars ( 244): DC=7.3629e+00 r1=1.0442e+02 r2=7.8992e+02 p=4.9201e-01 epsV=1.4550e+00 epsZ=8.1808e-01 
New pars ( 245): DC=7.3629e+00 r1=1.0441e+02 r2=7.8992e+02 p=4.9201e-01 epsV=1.4550e+00 epsZ=8.1808e-01 
New pars ( 246): DC=7.3629e+00 r1=1.0441e+02 r2=7.8993e+02 p=4.9201e-01 epsV=1.4550e+00 epsZ=8.1808e-01 
New pars ( 247): DC=7.3629e+00 r1=1.0441e+02 r2=7.8991e+02 p=4.9201e-01 epsV=1.4550e+00 epsZ=8.1808e-01 
New pars ( 248): DC=7.3629e+00 r1=1.0441e+02 r2=7.8992e+02 p=4.9202e-01 epsV=1.4550e+00 epsZ=8.1808e-01 
New pars ( 249): DC=7.3629e+00 r1=1.0441e+02 r2=7.8992e+02 p=4.9200e-01 epsV=1.4550e+00 epsZ=8.1808e-01 
New pars ( 250): DC=7.3629e+00 r1=1.0441e+02 r2=7.8992e+02 p=4.9201e-01 epsV=1.4550e+00 epsZ=8.1808e-01 
New pars ( 251): DC=7.3626e+00 r1=1.0443e+02 r2=7.8991e+02 p=4.9198e-01 epsV=1.4550e+00 epsZ=8.1788e-01 
New pars ( 252): DC=7.3626e+00 r1=1.0443e+02 r2=7.8991e+02 p=4.9199e-01 epsV=1.4550e+00 epsZ=8.1790e-01 
New pars ( 253): DC=7.3628e+00 r1=1.0443e+02 r2=7.8991e+02 p=4.9198e-01 epsV=1.4550e+00 epsZ=8.1788e-01 
New pars ( 254): DC=7.3624e+00 r1=1.0443e+02 r2=7.8991e+02 p=4.9198e-01 epsV=1.4550e+00 epsZ=8.1788e-01 
New pars ( 255): DC=7.3626e+00 r1=1.0443e+02 r2=7.8991e+02 p=4.9198e-01 epsV=1.4550e+00 epsZ=8.1788e-01 
New pars ( 256): DC=7.3626e+00 r1=1.0443e+02 r2=7.8991e+02 p=4.9198e-01 epsV=1.4550e+00 epsZ=8.1788e-01 
New pars ( 257): DC=7.3626e+00 r1=1.0443e+02 r2=7.8992e+02 p=4.9198e-01 epsV=1.4550e+00 epsZ=8.1788e-01 
New pars ( 258): DC=7.3626e+00 r1=1.0443e+02 r2=7.8991e+02 p=4.9198e-01 epsV=1.4550e+00 epsZ=8.1788e-01 
New pars ( 259): DC=7.3626e+00 r1=1.0443e+02 r2=7.8991e+02 p=4.9200e-01 epsV=1.4550e+00 epsZ=8.1788e-01 
New pars ( 260): DC=7.3626e+00 r1=1.0443e+02 r2=7.8991e+02 p=4.9197e-01 epsV=1.4550e+00 epsZ=8.1788e-01 
New pars ( 261): DC=7.3626e+00 r1=1.0443e+02 r2=7.8991e+02 p=4.9198e-01 epsV=1.4550e+00 epsZ=8.1788e-01 
New pars ( 262): DC=7.3626e+00 r1=1.0443e+02 r2=7.8991e+02 p=4.9199e-01 epsV=1.4550e+00 epsZ=8.1791e-01 
New pars ( 263): DC=7.3626e+00 r1=1.0443e+02 r2=7.8991e+02 p=4.9199e-01 epsV=1.4550e+00 epsZ=8.1789e-01 
New pars ( 264): DC=7.3626e+00 r1=1.0443e+02 r2=7.8991e+02 p=4.9198e-01 epsV=1.4550e+00 epsZ=8.1788e-01 
New pars ( 265): DC=7.3626e+00 r1=1.0443e+02 r2=7.8991e+02 p=4.9198e-01 epsV=1.4550e+00 epsZ=8.1788e-01 
New pars ( 266): DC=7.3628e+00 r1=1.0443e+02 r2=7.8991e+02 p=4.9198e-01 epsV=1.4550e+00 epsZ=8.1788e-01 
New pars ( 267): DC=7.3624e+00 r1=1.0443e+02 r2=7.8991e+02 p=4.9198e-01 epsV=1.4550e+00 epsZ=8.1788e-01 
New pars ( 268): DC=7.3626e+00 r1=1.0443e+02 r2=7.8991e+02 p=4.9198e-01 epsV=1.4550e+00 epsZ=8.1788e-01 
New pars ( 269): DC=7.3626e+00 r1=1.0443e+02 r2=7.8991e+02 p=4.9198e-01 epsV=1.4550e+00 epsZ=8.1788e-01 
New pars ( 270): DC=7.3626e+00 r1=1.0443e+02 r2=7.8992e+02 p=4.9198e-01 epsV=1.4550e+00 epsZ=8.1788e-01 
New pars ( 271): DC=7.3626e+00 r1=1.0443e+02 r2=7.8991e+02 p=4.9198e-01 epsV=1.4550e+00 epsZ=8.1788e-01 
New pars ( 272): DC=7.3626e+00 r1=1.0443e+02 r2=7.8991e+02 p=4.9200e-01 epsV=1.4550e+00 epsZ=8.1788e-01 
New pars ( 273): DC=7.3626e+00 r1=1.0443e+02 r2=7.8991e+02 p=4.9197e-01 epsV=1.4550e+00 epsZ=8.1788e-01 
New pars ( 274): DC=7.3626e+00 r1=1.0443e+02 r2=7.8991e+02 p=4.9198e-01 epsV=1.4550e+00 epsZ=8.1788e-01 
New pars ( 275): DC=7.3626e+00 r1=1.0443e+02 r2=7.8991e+02 p=4.9198e-01 epsV=1.4550e+00 epsZ=8.1788e-01 
New pars ( 276): DC=7.3625e+00 r1=1.0443e+02 r2=7.8991e+02 p=4.9198e-01 epsV=1.4550e+00 epsZ=8.1788e-01 
New pars ( 277): DC=7.3626e+00 r1=1.0443e+02 r2=7.8991e+02 p=4.9198e-01 epsV=1.4550e+00 epsZ=8.1788e-01 
New pars ( 278): DC=7.3626e+00 r1=1.0443e+02 r2=7.8991e+02 p=4.9198e-01 epsV=1.4550e+00 epsZ=8.1788e-01 
New pars ( 279): DC=7.3626e+00 r1=1.0443e+02 r2=7.8991e+02 p=4.9198e-01 epsV=1.4550e+00 epsZ=8.1788e-01 
New pars ( 280): DC=7.3626e+00 r1=1.0443e+02 r2=7.8991e+02 p=4.9198e-01 epsV=1.4550e+00 epsZ=8.1788e-01 
New pars ( 281): DC=7.3626e+00 r1=1.0443e+02 r2=7.8991e+02 p=4.9198e-01 epsV=1.4550e+00 epsZ=8.1788e-01 
New pars ( 282): DC=7.3626e+00 r1=1.0443e+02 r2=7.8991e+02 p=4.9198e-01 epsV=1.4550e+00 epsZ=8.1788e-01 
New pars ( 283): DC=7.3626e+00 r1=1.0443e+02 r2=7.8992e+02 p=4.9198e-01 epsV=1.4550e+00 epsZ=8.1788e-01 
New pars ( 284): DC=7.3626e+00 r1=1.0443e+02 r2=7.8991e+02 p=4.9198e-01 epsV=1.4550e+00 epsZ=8.1788e-01 
New pars ( 285): DC=7.3626e+00 r1=1.0443e+02 r2=7.8991e+02 p=4.9198e-01 epsV=1.4550e+00 epsZ=8.1788e-01 
New pars ( 286): DC=7.3626e+00 r1=1.0443e+02 r2=7.8991e+02 p=4.9198e-01 epsV=1.4550e+00 epsZ=8.1788e-01 
New pars ( 287): DC=7.3626e+00 r1=1.0443e+02 r2=7.8991e+02 p=4.9199e-01 epsV=1.4550e+00 epsZ=8.1788e-01 
New pars ( 288): DC=7.3626e+00 r1=1.0443e+02 r2=7.8991e+02 p=4.9198e-01 epsV=1.4550e+00 epsZ=8.1788e-01 
New pars ( 289): DC=7.3626e+00 r1=1.0443e+02 r2=7.8991e+02 p=4.9199e-01 epsV=1.4550e+00 epsZ=8.1788e-01 
New pars ( 290): DC=7.3626e+00 r1=1.0443e+02 r2=7.8991e+02 p=4.9198e-01 epsV=1.4550e+00 epsZ=8.1788e-01 
New pars ( 291): DC=7.3626e+00 r1=1.0443e+02 r2=7.8991e+02 p=4.9198e-01 epsV=1.4550e+00 epsZ=8.1788e-01 
New pars ( 292): DC=7.3628e+00 r1=1.0443e+02 r2=7.8991e+02 p=4.9198e-01 epsV=1.4550e+00 epsZ=8.1788e-01 
New pars ( 293): DC=7.3628e+00 r1=1.0443e+02 r2=7.8992e+02 p=4.9198e-01 epsV=1.4550e+00 epsZ=8.1788e-01 
New pars ( 294): DC=7.3626e+00 r1=1.0443e+02 r2=7.8992e+02 p=4.9198e-01 epsV=1.4550e+00 epsZ=8.1788e-01 
New pars ( 295): DC=7.3628e+00 r1=1.0443e+02 r2=7.8991e+02 p=4.9200e-01 epsV=1.4550e+00 epsZ=8.1788e-01 
New pars ( 296): DC=7.3626e+00 r1=1.0443e+02 r2=7.8991e+02 p=4.9200e-01 epsV=1.4550e+00 epsZ=8.1788e-01 
New pars ( 297): DC=7.3626e+00 r1=1.0443e+02 r2=7.8992e+02 p=4.9200e-01 epsV=1.4550e+00 epsZ=8.1788e-01 
New pars ( 298): DC=7.3628e+00 r1=1.0443e+02 r2=7.8991e+02 p=4.9198e-01 epsV=1.4550e+00 epsZ=8.1788e-01 
New pars ( 299): DC=7.3626e+00 r1=1.0443e+02 r2=7.8991e+02 p=4.9198e-01 epsV=1.4550e+00 epsZ=8.1788e-01 
New pars ( 300): DC=7.3626e+00 r1=1.0443e+02 r2=7.8992e+02 p=4.9198e-01 epsV=1.4550e+00 epsZ=8.1788e-01 
New pars ( 301): DC=7.3626e+00 r1=1.0443e+02 r2=7.8991e+02 p=4.9200e-01 epsV=1.4550e+00 epsZ=8.1788e-01 
New pars ( 302): DC=7.3628e+00 r1=1.0443e+02 r2=7.8991e+02 p=4.9198e-01 epsV=1.4550e+00 epsZ=8.1795e-01 
New pars ( 303): DC=7.3626e+00 r1=1.0443e+02 r2=7.8991e+02 p=4.9198e-01 epsV=1.4550e+00 epsZ=8.1795e-01 
New pars ( 304): DC=7.3626e+00 r1=1.0443e+02 r2=7.8992e+02 p=4.9198e-01 epsV=1.4550e+00 epsZ=8.1795e-01 
New pars ( 305): DC=7.3626e+00 r1=1.0443e+02 r2=7.8991e+02 p=4.9200e-01 epsV=1.4550e+00 epsZ=8.1795e-01 
New pars ( 306): DC=7.3626e+00 r1=1.0443e+02 r2=7.8991e+02 p=4.9198e-01 epsV=1.4550e+00 epsZ=8.1795e-01 
New pars ( 307): DC=7.3626e+00 r1=1.0443e+02 r2=7.8993e+02 p=4.9198e-01 epsV=1.4550e+00 epsZ=8.1778e-01 
New pars ( 308): DC=7.3626e+00 r1=1.0443e+02 r2=7.8992e+02 p=4.9198e-01 epsV=1.4550e+00 epsZ=8.1788e-01 
New pars ( 309): DC=7.3626e+00 r1=1.0443e+02 r2=7.8991e+02 p=4.9198e-01 epsV=1.4550e+00 epsZ=8.1788e-01 
New pars ( 310): DC=7.3626e+00 r1=1.0443e+02 r2=7.8991e+02 p=4.9198e-01 epsV=1.4550e+00 epsZ=8.1788e-01 
New pars ( 311): DC=7.3626e+00 r1=1.0443e+02 r2=7.8991e+02 p=4.9198e-01 epsV=1.4550e+00 epsZ=8.1788e-01 
New pars ( 312): DC=7.3625e+00 r1=1.0443e+02 r2=7.8991e+02 p=4.9198e-01 epsV=1.4550e+00 epsZ=8.1788e-01 
New pars ( 313): DC=7.3670e+00 r1=1.0443e+02 r2=7.8991e+02 p=4.9198e-01 epsV=1.4550e+00 epsZ=8.1788e-01 
New pars ( 314): DC=7.3581e+00 r1=1.0443e+02 r2=7.8991e+02 p=4.9198e-01 epsV=1.4550e+00 epsZ=8.1788e-01 
New pars ( 315): DC=7.3697e+00 r1=1.0443e+02 r2=7.8991e+02 p=4.9198e-01 epsV=1.4550e+00 epsZ=8.1788e-01 
New pars ( 316): DC=7.3555e+00 r1=1.0443e+02 r2=7.8991e+02 p=4.9198e-01 epsV=1.4550e+00 epsZ=8.1788e-01 
New pars ( 317): DC=7.3626e+00 r1=1.0443e+02 r2=7.8991e+02 p=4.9198e-01 epsV=1.4550e+00 epsZ=8.1788e-01 
New pars ( 318): DC=7.3626e+00 r1=1.0443e+02 r2=7.8991e+02 p=4.9198e-01 epsV=1.4550e+00 epsZ=8.1788e-01 
New pars ( 319): DC=7.3626e+00 r1=1.0449e+02 r2=7.8991e+02 p=4.9198e-01 epsV=1.4550e+00 epsZ=8.1788e-01 
New pars ( 320): DC=7.3626e+00 r1=1.0437e+02 r2=7.8991e+02 p=4.9198e-01 epsV=1.4550e+00 epsZ=8.1788e-01 
New pars ( 321): DC=7.3626e+00 r1=1.0456e+02 r2=7.8991e+02 p=4.9198e-01 epsV=1.4550e+00 epsZ=8.1788e-01 
New pars ( 322): DC=7.3626e+00 r1=1.0430e+02 r2=7.8991e+02 p=4.9198e-01 epsV=1.4550e+00 epsZ=8.1788e-01 
New pars ( 323): DC=7.3626e+00 r1=1.0443e+02 r2=7.8992e+02 p=4.9198e-01 epsV=1.4550e+00 epsZ=8.1788e-01 
New pars ( 324): DC=7.3626e+00 r1=1.0443e+02 r2=7.8991e+02 p=4.9198e-01 epsV=1.4550e+00 epsZ=8.1788e-01 
New pars ( 325): DC=7.3626e+00 r1=1.0443e+02 r2=7.9001e+02 p=4.9198e-01 epsV=1.4550e+00 epsZ=8.1788e-01 
New pars ( 326): DC=7.3626e+00 r1=1.0443e+02 r2=7.8982e+02 p=4.9198e-01 epsV=1.4550e+00 epsZ=8.1788e-01 
New pars ( 327): DC=7.3626e+00 r1=1.0443e+02 r2=7.9016e+02 p=4.9198e-01 epsV=1.4550e+00 epsZ=8.1788e-01 
New pars ( 328): DC=7.3626e+00 r1=1.0443e+02 r2=7.8966e+02 p=4.9198e-01 epsV=1.4550e+00 epsZ=8.1788e-01 
New pars ( 329): DC=7.3626e+00 r1=1.0443e+02 r2=7.8991e+02 p=4.9199e-01 epsV=1.4550e+00 epsZ=8.1788e-01 
New pars ( 330): DC=7.3626e+00 r1=1.0443e+02 r2=7.8991e+02 p=4.9198e-01 epsV=1.4550e+00 epsZ=8.1788e-01 
New pars ( 331): DC=7.3626e+00 r1=1.0443e+02 r2=7.8991e+02 p=4.9210e-01 epsV=1.4550e+00 epsZ=8.1788e-01 
New pars ( 332): DC=7.3626e+00 r1=1.0443e+02 r2=7.8991e+02 p=4.9187e-01 epsV=1.4550e+00 epsZ=8.1788e-01 
New pars ( 333): DC=7.3626e+00 r1=1.0443e+02 r2=7.8991e+02 p=4.9238e-01 epsV=1.4550e+00 epsZ=8.1788e-01 
New pars ( 334): DC=7.3626e+00 r1=1.0443e+02 r2=7.8991e+02 p=4.9159e-01 epsV=1.4550e+00 epsZ=8.1788e-01 
New pars ( 335): DC=7.3626e+00 r1=1.0443e+02 r2=7.8991e+02 p=4.9198e-01 epsV=1.4550e+00 epsZ=8.1788e-01 
New pars ( 336): DC=7.3627e+00 r1=1.0443e+02 r2=7.8991e+02 p=4.9198e-01 epsV=1.4550e+00 epsZ=8.1788e-01 
New pars ( 337): DC=7.3624e+00 r1=1.0443e+02 r2=7.8991e+02 p=4.9198e-01 epsV=1.4550e+00 epsZ=8.1788e-01 
New pars ( 338): DC=7.3626e+00 r1=1.0443e+02 r2=7.8991e+02 p=4.9198e-01 epsV=1.4550e+00 epsZ=8.1788e-01 
New pars ( 339): DC=7.3625e+00 r1=1.0443e+02 r2=7.8991e+02 p=4.9198e-01 epsV=1.4550e+00 epsZ=8.1788e-01 
New pars ( 340): DC=7.3626e+00 r1=1.0443e+02 r2=7.8991e+02 p=4.9198e-01 epsV=1.4550e+00 epsZ=8.1788e-01 
New pars ( 341): DC=7.3626e+00 r1=1.0443e+02 r2=7.8991e+02 p=4.9198e-01 epsV=1.4550e+00 epsZ=8.1788e-01 
New pars ( 342): DC=7.3626e+00 r1=1.0443e+02 r2=7.8991e+02 p=4.9198e-01 epsV=1.4550e+00 epsZ=8.1788e-01 
New pars ( 343): DC=7.3626e+00 r1=1.0443e+02 r2=7.8991e+02 p=4.9198e-01 epsV=1.4550e+00 epsZ=8.1788e-01 
New pars ( 344): DC=7.3626e+00 r1=1.0443e+02 r2=7.8992e+02 p=4.9198e-01 epsV=1.4550e+00 epsZ=8.1788e-01 
New pars ( 345): DC=7.3626e+00 r1=1.0443e+02 r2=7.8991e+02 p=4.9198e-01 epsV=1.4550e+00 epsZ=8.1788e-01 
New pars ( 346): DC=7.3626e+00 r1=1.0443e+02 r2=7.8992e+02 p=4.9198e-01 epsV=1.4550e+00 epsZ=8.1788e-01 
New pars ( 347): DC=7.3626e+00 r1=1.0443e+02 r2=7.8991e+02 p=4.9198e-01 epsV=1.4550e+00 epsZ=8.1788e-01 
New pars ( 348): DC=7.3626e+00 r1=1.0443e+02 r2=7.8991e+02 p=4.9199e-01 epsV=1.4550e+00 epsZ=8.1788e-01 
New pars ( 349): DC=7.3626e+00 r1=1.0443e+02 r2=7.8991e+02 p=4.9198e-01 epsV=1.4550e+00 epsZ=8.1788e-01 
New pars ( 350): DC=7.3626e+00 r1=1.0443e+02 r2=7.8991e+02 p=4.9199e-01 epsV=1.4550e+00 epsZ=8.1788e-01 
New pars ( 351): DC=7.3626e+00 r1=1.0443e+02 r2=7.8991e+02 p=4.9198e-01 epsV=1.4550e+00 epsZ=8.1788e-01 
New pars ( 352): DC=7.3626e+00 r1=1.0443e+02 r2=7.8991e+02 p=4.9198e-01 epsV=1.4550e+00 epsZ=8.1788e-01 
New pars ( 353): DC=7.3697e+00 r1=1.0456e+02 r2=7.8991e+02 p=4.9198e-01 epsV=1.4550e+00 epsZ=8.1788e-01 
New pars ( 354): DC=7.3697e+00 r1=1.0443e+02 r2=7.9016e+02 p=4.9198e-01 epsV=1.4550e+00 epsZ=8.1788e-01 
New pars ( 355): DC=7.3626e+00 r1=1.0456e+02 r2=7.9016e+02 p=4.9198e-01 epsV=1.4550e+00 epsZ=8.1788e-01 
New pars ( 356): DC=7.3697e+00 r1=1.0443e+02 r2=7.8991e+02 p=4.9238e-01 epsV=1.4550e+00 epsZ=8.1788e-01 
New pars ( 357): DC=7.3626e+00 r1=1.0456e+02 r2=7.8991e+02 p=4.9238e-01 epsV=1.4550e+00 epsZ=8.1788e-01 
New pars ( 358): DC=7.3626e+00 r1=1.0443e+02 r2=7.9016e+02 p=4.9238e-01 epsV=1.4550e+00 epsZ=8.1788e-01 
New pars ( 359): DC=7.3697e+00 r1=1.0443e+02 r2=7.8991e+02 p=4.9198e-01 epsV=1.4559e+00 epsZ=8.1788e-01 
New pars ( 360): DC=7.3626e+00 r1=1.0456e+02 r2=7.8991e+02 p=4.9198e-01 epsV=1.4559e+00 epsZ=8.1788e-01 
New pars ( 361): DC=7.3626e+00 r1=1.0443e+02 r2=7.9016e+02 p=4.9198e-01 epsV=1.4559e+00 epsZ=8.1788e-01 
New pars ( 362): DC=7.3626e+00 r1=1.0443e+02 r2=7.8991e+02 p=4.9238e-01 epsV=1.4559e+00 epsZ=8.1788e-01 
New pars ( 363): DC=7.3697e+00 r1=1.0443e+02 r2=7.8991e+02 p=4.9198e-01 epsV=1.4550e+00 epsZ=8.2006e-01 
New pars ( 364): DC=7.3626e+00 r1=1.0456e+02 r2=7.8991e+02 p=4.9198e-01 epsV=1.4550e+00 epsZ=8.2006e-01 
New pars ( 365): DC=7.3626e+00 r1=1.0443e+02 r2=7.9016e+02 p=4.9198e-01 epsV=1.4550e+00 epsZ=8.2006e-01 
New pars ( 366): DC=7.3626e+00 r1=1.0443e+02 r2=7.8991e+02 p=4.9238e-01 epsV=1.4550e+00 epsZ=8.2006e-01 
New pars ( 367): DC=7.3626e+00 r1=1.0443e+02 r2=7.8991e+02 p=4.9198e-01 epsV=1.4559e+00 epsZ=8.2006e-01 

Fitting done in 850000 clicks (0.850000 seconds).
Fit status = 4
Cov status = 2

****************************************
         Invalid FitResult  (status = 4 )
****************************************
Minimizer is Minuit / MigradImproved
Chi2                      =      983.664
NDf                       =          978
Edm                       =  1.68724e-05
NCalls                    =          471
# Cyc's                   =          525                      	 (fixed)
Bin width                 =          250                      	 (fixed)
DC rate                   =      7.36257   +/-   0.0237815   
Rate 1                    =       104.43   +/-   1.18607     
Rate 2                    =      789.914   +/-   5.67087     
Rate 3                    =            0                      	 (fixed)
Capt eff                  =     0.491985   +/-   0.00368835  
Capt ret                  =            1                      	 (fixed)
T eff                     =         0.13                      	 (fixed)
U eff                     =        0.035                      	 (fixed)
V eff                     =        1.455   +/-   0.0203381   
W eff                     =            0                      	 (fixed)
X eff                     =            1                      	 (fixed)
Y eff                     =            0                      	 (fixed)
Z eff                     =     0.817884   +/-   0.0322199   
T1 loss                   =            0                      	 (fixed)
T2 loss                   =       0.0295                      	 (fixed)
T3 loss                   =            0                      	 (fixed)
U1 loss                   =     7.36e-08                      	 (fixed)
U2 loss                   =     7.36e-08                      	 (fixed)
U3 loss                   =        10000                      	 (fixed)

Integrals computed in 380000 clicks (0.380000 seconds).
Errors computed in 960000 clicks (0.960000 seconds).

~~~~~~~~~~~~~~~~~~~~~~~~~~~~~~~~~~~~~~~~~~~~~~~~~~~~~~~~~~~~~~~~~~~~~
NUMBER OF BETAS DETECTED, by population:
~~~~~~~~~~~~~~~~~~~~~~~~~~~~~~~~~~~~~~~~~~~~~~~~~~~~~~~~~~~~~~~~~~~~~
T1 integral = 507714.9 +/- 0.0
U1 integral = 213293.6 +/- 0.0
T2 integral = 1697818.5 +/- 0.0
U2 integral = 2135635.0 +/- 0.0
T3 integral = 0.0 +/- 0.0
U3 integral = 0.1 +/- 0.0
DC integral = 950876.2 +/- 0.0
~~~~~~~~~~~~~~~~~~~~~~~~~~~~~~~~~~~~~~~~~~~~~~~~~~~~~~~~~~~~~~~~~~~~~
Sum of above = 5505338.4 +/- 0.0 <-- no cov in unc
All integral = 5505348.7 +/- 0.0
~~~~~~~~~~~~~~~~~~~~~~~~~~~~~~~~~~~~~~~~~~~~~~~~~~~~~~~~~~~~~~~~~~~~~


BFit2 done. Timer = 3.49 sec.
Elapsed time = 3.42 sec.

