Timestamp = Mon Apr  6 09:06:12 2015

Importing metadata from CSV files...
Imported 68 BDN cases
Imported 48 BFit cases
Performing BFit with BDN case 137i07 and BFit case 137i07_13

BFit started. Timer = 0.06 sec.

~~~~~~~~~~~~~~~~~~~~~~~~~~~~~~~~~~~~~~~~~~~~~~~~~~~~~~~~~~~~~~~~~~~~~
BETA SINGLES MODEL
~~~~~~~~~~~~~~~~~~~~~~~~~~~~~~~~~~~~~~~~~~~~~~~~~~~~~~~~~~~~~~~~~~~~~
Case: 137i07
File: /music/bpt1/bpt/bdn/shane/137i/rootfiles/137i07.root
Histogram: h_betas_vs_cycle_time
Total cycle time	=    246.000 s
Background time		=    101.000 s
Capture cycle time	=      6.000 s
Last capture time	=      1.000 s
137-Te halflife		=      2.490 s  (lifetime      3.592 s)
137-I halflife		=     24.500 s  (lifetime     35.346 s)
137-Xe halflife		=    229.080 s  (lifetime    330.493 s)
~~~~~~~~~~~~~~~~~~~~~~~~~~~~~~~~~~~~~~~~~~~~~~~~~~~~~~~~~~~~~~~~~~~~~
HISTOGRAM REBINNED
   Number of hist bins = 984
   Number of fn points = 246000
   Number of pts/bin   = 250
~~~~~~~~~~~~~~~~~~~~~~~~~~~~~~~~~~~~~~~~~~~~~~~~~~~~~~~~~~~~~~~~~~~~~
Doing fit with option string: QROMES
~~~~~~~~~~~~~~~~~~~~~~~~~~~~~~~~~~~~~~~~~~~~~~~~~~~~~~~~~~~~~~~~~~~~~
PARAMETER SEED VALUES
~~~~~~~~~~~~~~~~~~~~~~~~~~~~~~~~~~~~~~~~~~~~~~~~~~~~~~~~~~~~~~~~~~~~~
      Par name  Varying?	Par init val and step
~~~~~~~~~~~~~~~~~~~~~~~~~~~~~~~~~~~~~~~~~~~~~~~~~~~~~~~~~~~~~~~~~~~~~
       # Cyc's         0	525 +/- 0.01
     Bin width         0	250 +/- 0.01
       DC rate         1	6.8 +/- 0.001
        Rate 1         1	120 +/- 0.0005
        Rate 2         1	850 +/- 0.0005
        Rate 3         0	0 +/- 0.0005
      Capt eff         1	0.65 +/- 0.02
      Capt ret         0	1 +/- 0.01
         T eff         0	0.13 +/- 0.01
         U eff         0	0.035 +/- 0.001
         V eff         1	1.5 +/- 0.001
         W eff         0	0 +/- 0.001
         X eff         0	1 +/- 0.001
         Y eff         0	0 +/- 0.001
         Z eff         1	0.8 +/- 0.001
       T1 loss         0	0 +/- 0.005
       T2 loss         0	0.029 +/- 0.001
       T3 loss         0	0 +/- 0.005
       U1 loss         0	2e-10 +/- 0.005
       U2 loss         0	2e-10 +/- 0.005
       U3 loss         0	10000 +/- 0.01
~~~~~~~~~~~~~~~~~~~~~~~~~~~~~~~~~~~~~~~~~~~~~~~~~~~~~~~~~~~~~~~~~~~~~

Ini pars (   0): DC=6.8000e+00 r1=1.2000e+02 r2=8.5000e+02 p=6.5000e-01 epsV=1.5000e+00 epsZ=8.0000e-01 
New pars (   1): DC=6.8002e+00 r1=1.2000e+02 r2=8.5000e+02 p=6.5000e-01 epsV=1.5000e+00 epsZ=8.0000e-01 
New pars (   2): DC=6.7998e+00 r1=1.2000e+02 r2=8.5000e+02 p=6.5000e-01 epsV=1.5000e+00 epsZ=8.0000e-01 
New pars (   3): DC=6.8006e+00 r1=1.2000e+02 r2=8.5000e+02 p=6.5000e-01 epsV=1.5000e+00 epsZ=8.0000e-01 
New pars (   4): DC=6.7994e+00 r1=1.2000e+02 r2=8.5000e+02 p=6.5000e-01 epsV=1.5000e+00 epsZ=8.0000e-01 
New pars (   5): DC=6.8000e+00 r1=1.2000e+02 r2=8.5000e+02 p=6.5000e-01 epsV=1.5000e+00 epsZ=8.0000e-01 
New pars (   6): DC=6.8000e+00 r1=1.2000e+02 r2=8.5000e+02 p=6.5000e-01 epsV=1.5000e+00 epsZ=8.0000e-01 
New pars (   7): DC=6.8000e+00 r1=1.2000e+02 r2=8.5000e+02 p=6.5000e-01 epsV=1.5000e+00 epsZ=8.0000e-01 
New pars (   8): DC=6.8000e+00 r1=1.2000e+02 r2=8.5000e+02 p=6.5000e-01 epsV=1.5000e+00 epsZ=8.0000e-01 
New pars (   9): DC=6.8000e+00 r1=1.2000e+02 r2=8.5000e+02 p=6.5000e-01 epsV=1.5000e+00 epsZ=8.0000e-01 
New pars (  10): DC=6.8000e+00 r1=1.2000e+02 r2=8.5000e+02 p=6.5000e-01 epsV=1.5000e+00 epsZ=8.0000e-01 
New pars (  11): DC=6.8000e+00 r1=1.2000e+02 r2=8.5000e+02 p=6.5355e-01 epsV=1.5000e+00 epsZ=8.0000e-01 
New pars (  12): DC=6.8000e+00 r1=1.2000e+02 r2=8.5000e+02 p=6.4645e-01 epsV=1.5000e+00 epsZ=8.0000e-01 
New pars (  13): DC=6.8000e+00 r1=1.2000e+02 r2=8.5000e+02 p=6.5036e-01 epsV=1.5000e+00 epsZ=8.0000e-01 
New pars (  14): DC=6.8000e+00 r1=1.2000e+02 r2=8.5000e+02 p=6.4964e-01 epsV=1.5000e+00 epsZ=8.0000e-01 
New pars (  15): DC=6.8000e+00 r1=1.2000e+02 r2=8.5000e+02 p=6.5000e-01 epsV=1.5002e+00 epsZ=8.0000e-01 
New pars (  16): DC=6.7994e+00 r1=1.2000e+02 r2=8.5000e+02 p=6.5000e-01 epsV=1.5000e+00 epsZ=8.0000e-01 
New pars (  17): DC=6.7969e+00 r1=1.2000e+02 r2=8.5000e+02 p=6.5000e-01 epsV=1.5000e+00 epsZ=8.0000e-01 
New pars (  18): DC=6.7907e+00 r1=1.2000e+02 r2=8.5000e+02 p=6.5000e-01 epsV=1.5000e+00 epsZ=8.0000e-01 
New pars (  19): DC=6.7721e+00 r1=1.2000e+02 r2=8.5000e+02 p=6.5000e-01 epsV=1.5000e+00 epsZ=8.0000e-01 
New pars (  20): DC=6.7162e+00 r1=1.2000e+02 r2=8.5000e+02 p=6.5000e-01 epsV=1.5000e+00 epsZ=8.0000e-01 
New pars (  21): DC=6.5487e+00 r1=1.2000e+02 r2=8.5000e+02 p=6.5000e-01 epsV=1.5000e+00 epsZ=8.0000e-01 
New pars (  22): DC=6.1796e+00 r1=1.2000e+02 r2=8.5000e+02 p=6.5000e-01 epsV=1.5000e+00 epsZ=8.0000e-01 
New pars (  23): DC=6.1812e+00 r1=1.2000e+02 r2=8.5000e+02 p=6.5000e-01 epsV=1.5000e+00 epsZ=8.0000e-01 
New pars (  24): DC=6.1780e+00 r1=1.2000e+02 r2=8.5000e+02 p=6.5000e-01 epsV=1.5000e+00 epsZ=8.0000e-01 
New pars (  25): DC=6.1823e+00 r1=1.2000e+02 r2=8.5000e+02 p=6.5000e-01 epsV=1.5000e+00 epsZ=8.0000e-01 
New pars (  26): DC=6.1769e+00 r1=1.2000e+02 r2=8.5000e+02 p=6.5000e-01 epsV=1.5000e+00 epsZ=8.0000e-01 
New pars (  27): DC=6.1796e+00 r1=1.2000e+02 r2=8.5000e+02 p=6.5000e-01 epsV=1.5000e+00 epsZ=8.0000e-01 
New pars (  28): DC=6.1796e+00 r1=1.2000e+02 r2=8.5000e+02 p=6.5000e-01 epsV=1.5000e+00 epsZ=8.0000e-01 
New pars (  29): DC=6.1796e+00 r1=1.2000e+02 r2=8.5000e+02 p=6.5000e-01 epsV=1.5000e+00 epsZ=8.0000e-01 
New pars (  30): DC=6.1796e+00 r1=1.2000e+02 r2=8.5000e+02 p=6.5000e-01 epsV=1.5000e+00 epsZ=8.0000e-01 
New pars (  31): DC=6.1796e+00 r1=1.2000e+02 r2=8.5000e+02 p=6.5000e-01 epsV=1.5000e+00 epsZ=8.0000e-01 
New pars (  32): DC=6.1796e+00 r1=1.2000e+02 r2=8.5000e+02 p=6.5000e-01 epsV=1.5000e+00 epsZ=8.0000e-01 
New pars (  33): DC=6.1796e+00 r1=1.2000e+02 r2=8.5000e+02 p=6.5000e-01 epsV=1.5000e+00 epsZ=8.0000e-01 
New pars (  34): DC=6.1796e+00 r1=1.2000e+02 r2=8.5000e+02 p=6.5000e-01 epsV=1.5000e+00 epsZ=8.0000e-01 
New pars (  35): DC=6.1796e+00 r1=1.2000e+02 r2=8.5000e+02 p=6.5014e-01 epsV=1.5000e+00 epsZ=8.0000e-01 
New pars (  36): DC=6.1796e+00 r1=1.2000e+02 r2=8.5000e+02 p=6.4986e-01 epsV=1.5000e+00 epsZ=8.0000e-01 
New pars (  37): DC=6.1796e+00 r1=1.2000e+02 r2=8.5000e+02 p=6.5000e-01 epsV=1.5002e+00 epsZ=8.0000e-01 
New pars (  38): DC=6.1796e+00 r1=1.2000e+02 r2=8.5000e+02 p=6.5000e-01 epsV=1.5000e+00 epsZ=8.0000e-01 
New pars (  39): DC=6.1796e+00 r1=1.2000e+02 r2=8.5000e+02 p=6.5000e-01 epsV=1.5000e+00 epsZ=8.0000e-01 
New pars (  40): DC=6.1796e+00 r1=1.1999e+02 r2=8.5000e+02 p=6.5000e-01 epsV=1.5000e+00 epsZ=8.0000e-01 
New pars (  41): DC=6.1796e+00 r1=1.1998e+02 r2=8.5000e+02 p=6.5000e-01 epsV=1.5000e+00 epsZ=8.0000e-01 
New pars (  42): DC=6.1796e+00 r1=1.1994e+02 r2=8.5000e+02 p=6.5000e-01 epsV=1.5000e+00 epsZ=8.0000e-01 
New pars (  43): DC=6.1796e+00 r1=1.1981e+02 r2=8.5000e+02 p=6.5000e-01 epsV=1.5000e+00 epsZ=8.0000e-01 
New pars (  44): DC=6.1796e+00 r1=1.1952e+02 r2=8.5000e+02 p=6.5000e-01 epsV=1.5000e+00 epsZ=8.0000e-01 
New pars (  45): DC=6.1822e+00 r1=1.1952e+02 r2=8.5000e+02 p=6.5000e-01 epsV=1.5000e+00 epsZ=8.0000e-01 
New pars (  46): DC=6.1769e+00 r1=1.1952e+02 r2=8.5000e+02 p=6.5000e-01 epsV=1.5000e+00 epsZ=8.0000e-01 
New pars (  47): DC=6.1796e+00 r1=1.1953e+02 r2=8.5000e+02 p=6.5000e-01 epsV=1.5000e+00 epsZ=8.0000e-01 
New pars (  48): DC=6.1796e+00 r1=1.1952e+02 r2=8.5000e+02 p=6.5000e-01 epsV=1.5000e+00 epsZ=8.0000e-01 
New pars (  49): DC=6.1796e+00 r1=1.1952e+02 r2=8.5000e+02 p=6.5000e-01 epsV=1.5000e+00 epsZ=8.0000e-01 
New pars (  50): DC=6.1796e+00 r1=1.1952e+02 r2=8.5000e+02 p=6.5000e-01 epsV=1.5000e+00 epsZ=8.0000e-01 
New pars (  51): DC=6.1796e+00 r1=1.1952e+02 r2=8.5000e+02 p=6.5019e-01 epsV=1.5000e+00 epsZ=8.0000e-01 
New pars (  52): DC=6.1796e+00 r1=1.1952e+02 r2=8.5000e+02 p=6.4981e-01 epsV=1.5000e+00 epsZ=8.0000e-01 
New pars (  53): DC=6.1796e+00 r1=1.1952e+02 r2=8.5000e+02 p=6.5000e-01 epsV=1.5009e+00 epsZ=8.0000e-01 
New pars (  54): DC=6.1796e+00 r1=1.1952e+02 r2=8.5000e+02 p=6.5000e-01 epsV=1.5000e+00 epsZ=8.0000e-01 
New pars (  55): DC=6.1796e+00 r1=1.1952e+02 r2=8.5000e+02 p=6.5000e-01 epsV=1.5000e+00 epsZ=8.0000e-01 
New pars (  56): DC=6.1796e+00 r1=1.1951e+02 r2=8.5000e+02 p=6.5000e-01 epsV=1.5000e+00 epsZ=8.0000e-01 
New pars (  57): DC=6.1796e+00 r1=1.1949e+02 r2=8.5000e+02 p=6.5000e-01 epsV=1.5000e+00 epsZ=8.0000e-01 
New pars (  58): DC=6.1796e+00 r1=1.1941e+02 r2=8.5000e+02 p=6.5000e-01 epsV=1.5000e+00 epsZ=8.0000e-01 
New pars (  59): DC=6.1796e+00 r1=1.1919e+02 r2=8.5000e+02 p=6.5000e-01 epsV=1.5000e+00 epsZ=8.0000e-01 
New pars (  60): DC=6.1796e+00 r1=1.1869e+02 r2=8.5000e+02 p=6.5000e-01 epsV=1.5000e+00 epsZ=8.0000e-01 
New pars (  61): DC=6.1821e+00 r1=1.1869e+02 r2=8.5000e+02 p=6.5000e-01 epsV=1.5000e+00 epsZ=8.0000e-01 
New pars (  62): DC=6.1771e+00 r1=1.1869e+02 r2=8.5000e+02 p=6.5000e-01 epsV=1.5000e+00 epsZ=8.0000e-01 
New pars (  63): DC=6.1796e+00 r1=1.1869e+02 r2=8.5000e+02 p=6.5000e-01 epsV=1.5000e+00 epsZ=8.0000e-01 
New pars (  64): DC=6.1796e+00 r1=1.1869e+02 r2=8.5000e+02 p=6.5000e-01 epsV=1.5000e+00 epsZ=8.0000e-01 
New pars (  65): DC=6.1796e+00 r1=1.1869e+02 r2=8.5000e+02 p=6.5000e-01 epsV=1.5000e+00 epsZ=8.0000e-01 
New pars (  66): DC=6.1796e+00 r1=1.1869e+02 r2=8.5000e+02 p=6.5000e-01 epsV=1.5000e+00 epsZ=8.0000e-01 
New pars (  67): DC=6.1796e+00 r1=1.1869e+02 r2=8.5000e+02 p=6.5014e-01 epsV=1.5000e+00 epsZ=8.0000e-01 
New pars (  68): DC=6.1796e+00 r1=1.1869e+02 r2=8.5000e+02 p=6.4986e-01 epsV=1.5000e+00 epsZ=8.0000e-01 
New pars (  69): DC=6.1796e+00 r1=1.1869e+02 r2=8.5000e+02 p=6.5000e-01 epsV=1.5005e+00 epsZ=8.0000e-01 
New pars (  70): DC=6.1796e+00 r1=1.1869e+02 r2=8.5000e+02 p=6.5000e-01 epsV=1.5000e+00 epsZ=8.0000e-01 
New pars (  71): DC=6.1796e+00 r1=1.1868e+02 r2=8.5000e+02 p=6.5000e-01 epsV=1.5000e+00 epsZ=8.0000e-01 
New pars (  72): DC=6.1796e+00 r1=1.1866e+02 r2=8.5000e+02 p=6.5000e-01 epsV=1.5000e+00 epsZ=8.0000e-01 
New pars (  73): DC=6.1796e+00 r1=1.1859e+02 r2=8.5000e+02 p=6.5000e-01 epsV=1.5000e+00 epsZ=8.0000e-01 
New pars (  74): DC=6.1796e+00 r1=1.1840e+02 r2=8.5000e+02 p=6.5000e-01 epsV=1.5000e+00 epsZ=8.0000e-01 
New pars (  75): DC=6.1796e+00 r1=1.1783e+02 r2=8.5000e+02 p=6.5000e-01 epsV=1.5000e+00 epsZ=8.0000e-01 
New pars (  76): DC=6.1796e+00 r1=1.1655e+02 r2=8.5000e+02 p=6.5000e-01 epsV=1.5000e+00 epsZ=8.0000e-01 
New pars (  77): DC=6.1821e+00 r1=1.1655e+02 r2=8.5000e+02 p=6.5000e-01 epsV=1.5000e+00 epsZ=8.0000e-01 
New pars (  78): DC=6.1771e+00 r1=1.1655e+02 r2=8.5000e+02 p=6.5000e-01 epsV=1.5000e+00 epsZ=8.0000e-01 
New pars (  79): DC=6.1796e+00 r1=1.1656e+02 r2=8.5000e+02 p=6.5000e-01 epsV=1.5000e+00 epsZ=8.0000e-01 
New pars (  80): DC=6.1796e+00 r1=1.1655e+02 r2=8.5000e+02 p=6.5000e-01 epsV=1.5000e+00 epsZ=8.0000e-01 
New pars (  81): DC=6.1796e+00 r1=1.1655e+02 r2=8.5000e+02 p=6.5000e-01 epsV=1.5000e+00 epsZ=8.0000e-01 
New pars (  82): DC=6.1796e+00 r1=1.1655e+02 r2=8.5000e+02 p=6.5000e-01 epsV=1.5000e+00 epsZ=8.0000e-01 
New pars (  83): DC=6.1796e+00 r1=1.1655e+02 r2=8.5000e+02 p=6.5015e-01 epsV=1.5000e+00 epsZ=8.0000e-01 
New pars (  84): DC=6.1796e+00 r1=1.1655e+02 r2=8.5000e+02 p=6.4985e-01 epsV=1.5000e+00 epsZ=8.0000e-01 
New pars (  85): DC=6.1796e+00 r1=1.1655e+02 r2=8.5000e+02 p=6.5000e-01 epsV=1.5005e+00 epsZ=8.0000e-01 
New pars (  86): DC=6.1796e+00 r1=1.1655e+02 r2=8.5000e+02 p=6.5000e-01 epsV=1.5000e+00 epsZ=8.0000e-01 
New pars (  87): DC=6.1796e+00 r1=1.1653e+02 r2=8.5000e+02 p=6.5000e-01 epsV=1.5000e+00 epsZ=8.0000e-01 
New pars (  88): DC=6.1796e+00 r1=1.1647e+02 r2=8.5000e+02 p=6.5000e-01 epsV=1.5000e+00 epsZ=8.0000e-01 
New pars (  89): DC=6.1796e+00 r1=1.1631e+02 r2=8.5000e+02 p=6.5000e-01 epsV=1.5000e+00 epsZ=8.0000e-01 
New pars (  90): DC=6.1796e+00 r1=1.1582e+02 r2=8.5000e+02 p=6.5000e-01 epsV=1.5000e+00 epsZ=8.0000e-01 
New pars (  91): DC=6.1796e+00 r1=1.1434e+02 r2=8.5000e+02 p=6.5000e-01 epsV=1.5000e+00 epsZ=8.0000e-01 
New pars (  92): DC=6.1796e+00 r1=1.1110e+02 r2=8.5000e+02 p=6.5000e-01 epsV=1.5000e+00 epsZ=8.0000e-01 
New pars (  93): DC=6.1819e+00 r1=1.1110e+02 r2=8.5000e+02 p=6.5000e-01 epsV=1.5000e+00 epsZ=8.0000e-01 
New pars (  94): DC=6.1773e+00 r1=1.1110e+02 r2=8.5000e+02 p=6.5000e-01 epsV=1.5000e+00 epsZ=8.0000e-01 
New pars (  95): DC=6.1796e+00 r1=1.1111e+02 r2=8.5000e+02 p=6.5000e-01 epsV=1.5000e+00 epsZ=8.0000e-01 
New pars (  96): DC=6.1796e+00 r1=1.1108e+02 r2=8.5000e+02 p=6.5000e-01 epsV=1.5000e+00 epsZ=8.0000e-01 
New pars (  97): DC=6.1796e+00 r1=1.1119e+02 r2=8.5000e+02 p=6.5000e-01 epsV=1.5000e+00 epsZ=8.0000e-01 
New pars (  98): DC=6.1796e+00 r1=1.1100e+02 r2=8.5000e+02 p=6.5000e-01 epsV=1.5000e+00 epsZ=8.0000e-01 
New pars (  99): DC=6.1796e+00 r1=1.1110e+02 r2=8.5001e+02 p=6.5000e-01 epsV=1.5000e+00 epsZ=8.0000e-01 
New pars ( 100): DC=6.1796e+00 r1=1.1110e+02 r2=8.4999e+02 p=6.5000e-01 epsV=1.5000e+00 epsZ=8.0000e-01 
New pars ( 101): DC=6.1796e+00 r1=1.1110e+02 r2=8.5002e+02 p=6.5000e-01 epsV=1.5000e+00 epsZ=8.0000e-01 
New pars ( 102): DC=6.1796e+00 r1=1.1110e+02 r2=8.4998e+02 p=6.5000e-01 epsV=1.5000e+00 epsZ=8.0000e-01 
New pars ( 103): DC=6.1796e+00 r1=1.1110e+02 r2=8.5000e+02 p=6.5013e-01 epsV=1.5000e+00 epsZ=8.0000e-01 
New pars ( 104): DC=6.1796e+00 r1=1.1110e+02 r2=8.5000e+02 p=6.4987e-01 epsV=1.5000e+00 epsZ=8.0000e-01 
New pars ( 105): DC=6.1796e+00 r1=1.1110e+02 r2=8.5000e+02 p=6.5000e-01 epsV=1.5005e+00 epsZ=8.0000e-01 
New pars ( 106): DC=6.1796e+00 r1=1.1110e+02 r2=8.4998e+02 p=6.5000e-01 epsV=1.5000e+00 epsZ=8.0000e-01 
New pars ( 107): DC=6.1796e+00 r1=1.1110e+02 r2=8.4991e+02 p=6.5000e-01 epsV=1.5000e+00 epsZ=8.0000e-01 
New pars ( 108): DC=6.1796e+00 r1=1.1110e+02 r2=8.4973e+02 p=6.5000e-01 epsV=1.5000e+00 epsZ=8.0000e-01 
New pars ( 109): DC=6.1796e+00 r1=1.1110e+02 r2=8.4919e+02 p=6.5000e-01 epsV=1.5000e+00 epsZ=8.0000e-01 
New pars ( 110): DC=6.1796e+00 r1=1.1110e+02 r2=8.4757e+02 p=6.5000e-01 epsV=1.5000e+00 epsZ=8.0000e-01 
New pars ( 111): DC=6.1796e+00 r1=1.1110e+02 r2=8.4271e+02 p=6.5000e-01 epsV=1.5000e+00 epsZ=8.0000e-01 
New pars ( 112): DC=6.1796e+00 r1=1.1110e+02 r2=8.3199e+02 p=6.5000e-01 epsV=1.5000e+00 epsZ=8.0000e-01 
New pars ( 113): DC=6.1817e+00 r1=1.1110e+02 r2=8.3199e+02 p=6.5000e-01 epsV=1.5000e+00 epsZ=8.0000e-01 
New pars ( 114): DC=6.1775e+00 r1=1.1110e+02 r2=8.3199e+02 p=6.5000e-01 epsV=1.5000e+00 epsZ=8.0000e-01 
New pars ( 115): DC=6.1796e+00 r1=1.1113e+02 r2=8.3199e+02 p=6.5000e-01 epsV=1.5000e+00 epsZ=8.0000e-01 
New pars ( 116): DC=6.1796e+00 r1=1.1106e+02 r2=8.3199e+02 p=6.5000e-01 epsV=1.5000e+00 epsZ=8.0000e-01 
New pars ( 117): DC=6.1796e+00 r1=1.1110e+02 r2=8.3202e+02 p=6.5000e-01 epsV=1.5000e+00 epsZ=8.0000e-01 
New pars ( 118): DC=6.1796e+00 r1=1.1110e+02 r2=8.3196e+02 p=6.5000e-01 epsV=1.5000e+00 epsZ=8.0000e-01 
New pars ( 119): DC=6.1796e+00 r1=1.1110e+02 r2=8.3217e+02 p=6.5000e-01 epsV=1.5000e+00 epsZ=8.0000e-01 
New pars ( 120): DC=6.1796e+00 r1=1.1110e+02 r2=8.3181e+02 p=6.5000e-01 epsV=1.5000e+00 epsZ=8.0000e-01 
New pars ( 121): DC=6.1796e+00 r1=1.1110e+02 r2=8.3199e+02 p=6.5014e-01 epsV=1.5000e+00 epsZ=8.0000e-01 
New pars ( 122): DC=6.1796e+00 r1=1.1110e+02 r2=8.3199e+02 p=6.4986e-01 epsV=1.5000e+00 epsZ=8.0000e-01 
New pars ( 123): DC=6.1796e+00 r1=1.1110e+02 r2=8.3199e+02 p=6.5000e-01 epsV=1.5005e+00 epsZ=8.0000e-01 
New pars ( 124): DC=5.6905e+00 r1=4.9293e+01 r2=7.2107e+02 p=3.8268e-01 epsV=9.7271e-01 epsZ=2.3168e-01 
New pars ( 125): DC=6.0617e+00 r1=9.6202e+01 r2=8.0526e+02 p=5.8557e-01 epsV=1.3729e+00 epsZ=6.6302e-01 
New pars ( 126): DC=6.0629e+00 r1=9.6202e+01 r2=8.0526e+02 p=5.8557e-01 epsV=1.3729e+00 epsZ=6.6302e-01 
New pars ( 127): DC=6.0606e+00 r1=9.6202e+01 r2=8.0526e+02 p=5.8557e-01 epsV=1.3729e+00 epsZ=6.6302e-01 
New pars ( 128): DC=6.0617e+00 r1=9.6221e+01 r2=8.0526e+02 p=5.8557e-01 epsV=1.3729e+00 epsZ=6.6302e-01 
New pars ( 129): DC=6.0617e+00 r1=9.6183e+01 r2=8.0526e+02 p=5.8557e-01 epsV=1.3729e+00 epsZ=6.6302e-01 
New pars ( 130): DC=6.0617e+00 r1=9.6215e+01 r2=8.0526e+02 p=5.8557e-01 epsV=1.3729e+00 epsZ=6.6302e-01 
New pars ( 131): DC=6.0617e+00 r1=9.6188e+01 r2=8.0526e+02 p=5.8557e-01 epsV=1.3729e+00 epsZ=6.6302e-01 
New pars ( 132): DC=6.0617e+00 r1=9.6202e+01 r2=8.0529e+02 p=5.8557e-01 epsV=1.3729e+00 epsZ=6.6302e-01 
New pars ( 133): DC=6.0617e+00 r1=9.6202e+01 r2=8.0522e+02 p=5.8557e-01 epsV=1.3729e+00 epsZ=6.6302e-01 
New pars ( 134): DC=6.0617e+00 r1=9.6202e+01 r2=8.0528e+02 p=5.8557e-01 epsV=1.3729e+00 epsZ=6.6302e-01 
New pars ( 135): DC=6.0617e+00 r1=9.6202e+01 r2=8.0523e+02 p=5.8557e-01 epsV=1.3729e+00 epsZ=6.6302e-01 
New pars ( 136): DC=6.0617e+00 r1=9.6202e+01 r2=8.0526e+02 p=5.8564e-01 epsV=1.3729e+00 epsZ=6.6302e-01 
New pars ( 137): DC=6.0617e+00 r1=9.6202e+01 r2=8.0526e+02 p=5.8550e-01 epsV=1.3729e+00 epsZ=6.6302e-01 
New pars ( 138): DC=6.0617e+00 r1=9.6202e+01 r2=8.0526e+02 p=5.8560e-01 epsV=1.3729e+00 epsZ=6.6302e-01 
New pars ( 139): DC=6.0617e+00 r1=9.6202e+01 r2=8.0526e+02 p=5.8554e-01 epsV=1.3729e+00 epsZ=6.6302e-01 
New pars ( 140): DC=6.0617e+00 r1=9.6202e+01 r2=8.0526e+02 p=5.8557e-01 epsV=1.3731e+00 epsZ=6.6302e-01 
New pars ( 141): DC=7.5068e+00 r1=8.8920e+01 r2=8.0195e+02 p=4.9235e-01 epsV=1.5245e+00 epsZ=8.4582e-01 
New pars ( 142): DC=7.2572e+00 r1=9.0178e+01 r2=8.0252e+02 p=5.0845e-01 epsV=1.4983e+00 epsZ=8.1425e-01 
New pars ( 143): DC=7.2575e+00 r1=9.0178e+01 r2=8.0252e+02 p=5.0845e-01 epsV=1.4983e+00 epsZ=8.1425e-01 
New pars ( 144): DC=7.2570e+00 r1=9.0178e+01 r2=8.0252e+02 p=5.0845e-01 epsV=1.4983e+00 epsZ=8.1425e-01 
New pars ( 145): DC=7.2576e+00 r1=9.0178e+01 r2=8.0252e+02 p=5.0845e-01 epsV=1.4983e+00 epsZ=8.1425e-01 
New pars ( 146): DC=7.2569e+00 r1=9.0178e+01 r2=8.0252e+02 p=5.0845e-01 epsV=1.4983e+00 epsZ=8.1425e-01 
New pars ( 147): DC=7.2572e+00 r1=9.0180e+01 r2=8.0252e+02 p=5.0845e-01 epsV=1.4983e+00 epsZ=8.1425e-01 
New pars ( 148): DC=7.2572e+00 r1=9.0175e+01 r2=8.0252e+02 p=5.0845e-01 epsV=1.4983e+00 epsZ=8.1425e-01 
New pars ( 149): DC=7.2572e+00 r1=9.0178e+01 r2=8.0252e+02 p=5.0845e-01 epsV=1.4983e+00 epsZ=8.1425e-01 
New pars ( 150): DC=7.2572e+00 r1=9.0178e+01 r2=8.0251e+02 p=5.0845e-01 epsV=1.4983e+00 epsZ=8.1425e-01 
New pars ( 151): DC=7.2572e+00 r1=9.0178e+01 r2=8.0252e+02 p=5.0845e-01 epsV=1.4983e+00 epsZ=8.1425e-01 
New pars ( 152): DC=7.2572e+00 r1=9.0178e+01 r2=8.0252e+02 p=5.0845e-01 epsV=1.4983e+00 epsZ=8.1425e-01 
New pars ( 153): DC=7.2572e+00 r1=9.0178e+01 r2=8.0252e+02 p=5.0845e-01 epsV=1.4983e+00 epsZ=8.1425e-01 
New pars ( 154): DC=7.2572e+00 r1=9.0178e+01 r2=8.0252e+02 p=5.0844e-01 epsV=1.4983e+00 epsZ=8.1425e-01 
New pars ( 155): DC=7.2572e+00 r1=9.0178e+01 r2=8.0252e+02 p=5.0845e-01 epsV=1.4983e+00 epsZ=8.1425e-01 
New pars ( 156): DC=7.2572e+00 r1=9.0178e+01 r2=8.0252e+02 p=5.0844e-01 epsV=1.4983e+00 epsZ=8.1425e-01 
New pars ( 157): DC=7.2572e+00 r1=9.0178e+01 r2=8.0252e+02 p=5.0845e-01 epsV=1.4983e+00 epsZ=8.1425e-01 
New pars ( 158): DC=7.3060e+00 r1=9.0896e+01 r2=8.0084e+02 p=5.0577e-01 epsV=1.4848e+00 epsZ=8.0613e-01 
New pars ( 159): DC=7.3225e+00 r1=9.1140e+01 r2=8.0027e+02 p=5.0486e-01 epsV=1.4802e+00 epsZ=8.0338e-01 
New pars ( 160): DC=7.3228e+00 r1=9.1140e+01 r2=8.0027e+02 p=5.0486e-01 epsV=1.4802e+00 epsZ=8.0338e-01 
New pars ( 161): DC=7.3221e+00 r1=9.1140e+01 r2=8.0027e+02 p=5.0486e-01 epsV=1.4802e+00 epsZ=8.0338e-01 
New pars ( 162): DC=7.3227e+00 r1=9.1140e+01 r2=8.0027e+02 p=5.0486e-01 epsV=1.4802e+00 epsZ=8.0338e-01 
New pars ( 163): DC=7.3222e+00 r1=9.1140e+01 r2=8.0027e+02 p=5.0486e-01 epsV=1.4802e+00 epsZ=8.0338e-01 
New pars ( 164): DC=7.3225e+00 r1=9.1142e+01 r2=8.0027e+02 p=5.0486e-01 epsV=1.4802e+00 epsZ=8.0338e-01 
New pars ( 165): DC=7.3225e+00 r1=9.1138e+01 r2=8.0027e+02 p=5.0486e-01 epsV=1.4802e+00 epsZ=8.0338e-01 
New pars ( 166): DC=7.3225e+00 r1=9.1140e+01 r2=8.0027e+02 p=5.0486e-01 epsV=1.4802e+00 epsZ=8.0338e-01 
New pars ( 167): DC=7.3225e+00 r1=9.1140e+01 r2=8.0027e+02 p=5.0486e-01 epsV=1.4802e+00 epsZ=8.0338e-01 
New pars ( 168): DC=7.3225e+00 r1=9.1140e+01 r2=8.0027e+02 p=5.0486e-01 epsV=1.4802e+00 epsZ=8.0338e-01 
New pars ( 169): DC=7.3225e+00 r1=9.1140e+01 r2=8.0027e+02 p=5.0486e-01 epsV=1.4802e+00 epsZ=8.0338e-01 
New pars ( 170): DC=7.3225e+00 r1=9.1140e+01 r2=8.0027e+02 p=5.0486e-01 epsV=1.4802e+00 epsZ=8.0338e-01 
New pars ( 171): DC=7.3658e+00 r1=9.2355e+01 r2=7.9927e+02 p=5.0349e-01 epsV=1.4797e+00 epsZ=7.9281e-01 
New pars ( 172): DC=7.5246e+00 r1=9.6811e+01 r2=7.9561e+02 p=4.9848e-01 epsV=1.4777e+00 epsZ=7.5406e-01 
New pars ( 173): DC=7.5247e+00 r1=9.6811e+01 r2=7.9561e+02 p=4.9848e-01 epsV=1.4777e+00 epsZ=7.5406e-01 
New pars ( 174): DC=7.5244e+00 r1=9.6811e+01 r2=7.9561e+02 p=4.9848e-01 epsV=1.4777e+00 epsZ=7.5406e-01 
New pars ( 175): DC=7.5249e+00 r1=9.6811e+01 r2=7.9561e+02 p=4.9848e-01 epsV=1.4777e+00 epsZ=7.5406e-01 
New pars ( 176): DC=7.5242e+00 r1=9.6811e+01 r2=7.9561e+02 p=4.9848e-01 epsV=1.4777e+00 epsZ=7.5406e-01 
New pars ( 177): DC=7.5246e+00 r1=9.6813e+01 r2=7.9561e+02 p=4.9848e-01 epsV=1.4777e+00 epsZ=7.5406e-01 
New pars ( 178): DC=7.5246e+00 r1=9.6809e+01 r2=7.9561e+02 p=4.9848e-01 epsV=1.4777e+00 epsZ=7.5406e-01 
New pars ( 179): DC=7.5246e+00 r1=9.6811e+01 r2=7.9561e+02 p=4.9848e-01 epsV=1.4777e+00 epsZ=7.5406e-01 
New pars ( 180): DC=7.5246e+00 r1=9.6811e+01 r2=7.9561e+02 p=4.9848e-01 epsV=1.4777e+00 epsZ=7.5406e-01 
New pars ( 181): DC=7.5246e+00 r1=9.6811e+01 r2=7.9561e+02 p=4.9849e-01 epsV=1.4777e+00 epsZ=7.5406e-01 
New pars ( 182): DC=7.5246e+00 r1=9.6811e+01 r2=7.9561e+02 p=4.9848e-01 epsV=1.4777e+00 epsZ=7.5406e-01 
New pars ( 183): DC=7.5246e+00 r1=9.6811e+01 r2=7.9561e+02 p=4.9849e-01 epsV=1.4777e+00 epsZ=7.5406e-01 
New pars ( 184): DC=7.5246e+00 r1=9.6811e+01 r2=7.9561e+02 p=4.9848e-01 epsV=1.4777e+00 epsZ=7.5406e-01 
New pars ( 185): DC=7.5246e+00 r1=9.6811e+01 r2=7.9561e+02 p=4.9848e-01 epsV=1.4777e+00 epsZ=7.5406e-01 
New pars ( 186): DC=7.4990e+00 r1=9.8482e+01 r2=7.9464e+02 p=4.9844e-01 epsV=1.4761e+00 epsZ=7.4259e-01 
New pars ( 187): DC=7.4779e+00 r1=9.9862e+01 r2=7.9383e+02 p=4.9840e-01 epsV=1.4747e+00 epsZ=7.3312e-01 
New pars ( 188): DC=7.4782e+00 r1=9.9862e+01 r2=7.9383e+02 p=4.9840e-01 epsV=1.4747e+00 epsZ=7.3312e-01 
New pars ( 189): DC=7.4776e+00 r1=9.9862e+01 r2=7.9383e+02 p=4.9840e-01 epsV=1.4747e+00 epsZ=7.3312e-01 
New pars ( 190): DC=7.4781e+00 r1=9.9862e+01 r2=7.9383e+02 p=4.9840e-01 epsV=1.4747e+00 epsZ=7.3312e-01 
New pars ( 191): DC=7.4777e+00 r1=9.9862e+01 r2=7.9383e+02 p=4.9840e-01 epsV=1.4747e+00 epsZ=7.3312e-01 
New pars ( 192): DC=7.4779e+00 r1=9.9864e+01 r2=7.9383e+02 p=4.9840e-01 epsV=1.4747e+00 epsZ=7.3312e-01 
New pars ( 193): DC=7.4779e+00 r1=9.9860e+01 r2=7.9383e+02 p=4.9840e-01 epsV=1.4747e+00 epsZ=7.3312e-01 
New pars ( 194): DC=7.4779e+00 r1=9.9862e+01 r2=7.9383e+02 p=4.9840e-01 epsV=1.4747e+00 epsZ=7.3312e-01 
New pars ( 195): DC=7.4779e+00 r1=9.9862e+01 r2=7.9383e+02 p=4.9840e-01 epsV=1.4747e+00 epsZ=7.3312e-01 
New pars ( 196): DC=7.4779e+00 r1=9.9862e+01 r2=7.9383e+02 p=4.9840e-01 epsV=1.4747e+00 epsZ=7.3312e-01 
New pars ( 197): DC=7.4779e+00 r1=9.9862e+01 r2=7.9383e+02 p=4.9840e-01 epsV=1.4747e+00 epsZ=7.3312e-01 
New pars ( 198): DC=7.4779e+00 r1=9.9862e+01 r2=7.9383e+02 p=4.9840e-01 epsV=1.4747e+00 epsZ=7.3312e-01 
New pars ( 199): DC=7.4502e+00 r1=1.0070e+02 r2=7.9331e+02 p=4.9585e-01 epsV=1.4780e+00 epsZ=7.3146e-01 
New pars ( 200): DC=7.3602e+00 r1=1.0345e+02 r2=7.9160e+02 p=4.8756e-01 epsV=1.4890e+00 epsZ=7.2606e-01 
New pars ( 201): DC=7.3604e+00 r1=1.0345e+02 r2=7.9160e+02 p=4.8756e-01 epsV=1.4890e+00 epsZ=7.2606e-01 
New pars ( 202): DC=7.3600e+00 r1=1.0345e+02 r2=7.9160e+02 p=4.8756e-01 epsV=1.4890e+00 epsZ=7.2606e-01 
New pars ( 203): DC=7.3602e+00 r1=1.0345e+02 r2=7.9160e+02 p=4.8756e-01 epsV=1.4890e+00 epsZ=7.2606e-01 
New pars ( 204): DC=7.3602e+00 r1=1.0344e+02 r2=7.9160e+02 p=4.8756e-01 epsV=1.4890e+00 epsZ=7.2606e-01 
New pars ( 205): DC=7.3602e+00 r1=1.0345e+02 r2=7.9160e+02 p=4.8756e-01 epsV=1.4890e+00 epsZ=7.2606e-01 
New pars ( 206): DC=7.3602e+00 r1=1.0344e+02 r2=7.9160e+02 p=4.8756e-01 epsV=1.4890e+00 epsZ=7.2606e-01 
New pars ( 207): DC=7.3602e+00 r1=1.0345e+02 r2=7.9160e+02 p=4.8756e-01 epsV=1.4890e+00 epsZ=7.2606e-01 
New pars ( 208): DC=7.3602e+00 r1=1.0345e+02 r2=7.9160e+02 p=4.8756e-01 epsV=1.4890e+00 epsZ=7.2606e-01 
New pars ( 209): DC=7.3602e+00 r1=1.0345e+02 r2=7.9161e+02 p=4.8756e-01 epsV=1.4890e+00 epsZ=7.2606e-01 
New pars ( 210): DC=7.3602e+00 r1=1.0345e+02 r2=7.9160e+02 p=4.8756e-01 epsV=1.4890e+00 epsZ=7.2606e-01 
New pars ( 211): DC=7.3602e+00 r1=1.0345e+02 r2=7.9160e+02 p=4.8756e-01 epsV=1.4890e+00 epsZ=7.2606e-01 
New pars ( 212): DC=7.3602e+00 r1=1.0345e+02 r2=7.9160e+02 p=4.8756e-01 epsV=1.4890e+00 epsZ=7.2606e-01 
New pars ( 213): DC=7.3602e+00 r1=1.0345e+02 r2=7.9160e+02 p=4.8757e-01 epsV=1.4890e+00 epsZ=7.2606e-01 
New pars ( 214): DC=7.3602e+00 r1=1.0345e+02 r2=7.9160e+02 p=4.8756e-01 epsV=1.4890e+00 epsZ=7.2606e-01 
New pars ( 215): DC=7.3602e+00 r1=1.0345e+02 r2=7.9160e+02 p=4.8756e-01 epsV=1.4890e+00 epsZ=7.2606e-01 
New pars ( 216): DC=7.3587e+00 r1=1.0333e+02 r2=7.9169e+02 p=4.8789e-01 epsV=1.4888e+00 epsZ=7.2696e-01 
New pars ( 217): DC=7.3586e+00 r1=1.0332e+02 r2=7.9170e+02 p=4.8792e-01 epsV=1.4888e+00 epsZ=7.2704e-01 
New pars ( 218): DC=7.3588e+00 r1=1.0332e+02 r2=7.9170e+02 p=4.8792e-01 epsV=1.4888e+00 epsZ=7.2704e-01 
New pars ( 219): DC=7.3583e+00 r1=1.0332e+02 r2=7.9170e+02 p=4.8792e-01 epsV=1.4888e+00 epsZ=7.2704e-01 
New pars ( 220): DC=7.3586e+00 r1=1.0332e+02 r2=7.9170e+02 p=4.8792e-01 epsV=1.4888e+00 epsZ=7.2704e-01 
New pars ( 221): DC=7.3586e+00 r1=1.0332e+02 r2=7.9170e+02 p=4.8792e-01 epsV=1.4888e+00 epsZ=7.2704e-01 
New pars ( 222): DC=7.3586e+00 r1=1.0332e+02 r2=7.9171e+02 p=4.8792e-01 epsV=1.4888e+00 epsZ=7.2704e-01 
New pars ( 223): DC=7.3586e+00 r1=1.0332e+02 r2=7.9170e+02 p=4.8792e-01 epsV=1.4888e+00 epsZ=7.2704e-01 
New pars ( 224): DC=7.3586e+00 r1=1.0332e+02 r2=7.9170e+02 p=4.8792e-01 epsV=1.4888e+00 epsZ=7.2704e-01 
New pars ( 225): DC=7.3586e+00 r1=1.0332e+02 r2=7.9170e+02 p=4.8792e-01 epsV=1.4888e+00 epsZ=7.2704e-01 
New pars ( 226): DC=7.3586e+00 r1=1.0332e+02 r2=7.9170e+02 p=4.8792e-01 epsV=1.4888e+00 epsZ=7.2704e-01 
New pars ( 227): DC=7.3586e+00 r1=1.0332e+02 r2=7.9170e+02 p=4.8791e-01 epsV=1.4888e+00 epsZ=7.2704e-01 
New pars ( 228): DC=7.3586e+00 r1=1.0332e+02 r2=7.9170e+02 p=4.8792e-01 epsV=1.4888e+00 epsZ=7.2704e-01 
New pars ( 229): DC=7.3585e+00 r1=1.0332e+02 r2=7.9169e+02 p=4.8792e-01 epsV=1.4887e+00 epsZ=7.2733e-01 
New pars ( 230): DC=7.3582e+00 r1=1.0333e+02 r2=7.9164e+02 p=4.8794e-01 epsV=1.4884e+00 epsZ=7.2848e-01 
New pars ( 231): DC=7.3576e+00 r1=1.0336e+02 r2=7.9152e+02 p=4.8799e-01 epsV=1.4876e+00 epsZ=7.3137e-01 
New pars ( 232): DC=7.3555e+00 r1=1.0345e+02 r2=7.9116e+02 p=4.8814e-01 epsV=1.4853e+00 epsZ=7.4004e-01 
New pars ( 233): DC=7.3520e+00 r1=1.0360e+02 r2=7.9052e+02 p=4.8840e-01 epsV=1.4810e+00 epsZ=7.5554e-01 
New pars ( 234): DC=7.3522e+00 r1=1.0360e+02 r2=7.9052e+02 p=4.8840e-01 epsV=1.4810e+00 epsZ=7.5554e-01 
New pars ( 235): DC=7.3517e+00 r1=1.0360e+02 r2=7.9052e+02 p=4.8840e-01 epsV=1.4810e+00 epsZ=7.5554e-01 
New pars ( 236): DC=7.3520e+00 r1=1.0360e+02 r2=7.9052e+02 p=4.8840e-01 epsV=1.4810e+00 epsZ=7.5554e-01 
New pars ( 237): DC=7.3520e+00 r1=1.0359e+02 r2=7.9052e+02 p=4.8840e-01 epsV=1.4810e+00 epsZ=7.5554e-01 
New pars ( 238): DC=7.3520e+00 r1=1.0360e+02 r2=7.9053e+02 p=4.8840e-01 epsV=1.4810e+00 epsZ=7.5554e-01 
New pars ( 239): DC=7.3520e+00 r1=1.0360e+02 r2=7.9051e+02 p=4.8840e-01 epsV=1.4810e+00 epsZ=7.5554e-01 
New pars ( 240): DC=7.3520e+00 r1=1.0360e+02 r2=7.9052e+02 p=4.8841e-01 epsV=1.4810e+00 epsZ=7.5554e-01 
New pars ( 241): DC=7.3520e+00 r1=1.0360e+02 r2=7.9052e+02 p=4.8839e-01 epsV=1.4810e+00 epsZ=7.5554e-01 
New pars ( 242): DC=7.3520e+00 r1=1.0360e+02 r2=7.9052e+02 p=4.8841e-01 epsV=1.4810e+00 epsZ=7.5554e-01 
New pars ( 243): DC=7.3520e+00 r1=1.0360e+02 r2=7.9052e+02 p=4.8839e-01 epsV=1.4810e+00 epsZ=7.5554e-01 
New pars ( 244): DC=7.3520e+00 r1=1.0360e+02 r2=7.9052e+02 p=4.8840e-01 epsV=1.4811e+00 epsZ=7.5554e-01 
New pars ( 245): DC=7.3576e+00 r1=1.0401e+02 r2=7.8960e+02 p=4.8859e-01 epsV=1.4756e+00 epsZ=7.6945e-01 
New pars ( 246): DC=7.3663e+00 r1=1.0466e+02 r2=7.8818e+02 p=4.8889e-01 epsV=1.4672e+00 epsZ=7.9093e-01 
New pars ( 247): DC=7.3665e+00 r1=1.0466e+02 r2=7.8818e+02 p=4.8889e-01 epsV=1.4672e+00 epsZ=7.9093e-01 
New pars ( 248): DC=7.3661e+00 r1=1.0466e+02 r2=7.8818e+02 p=4.8889e-01 epsV=1.4672e+00 epsZ=7.9093e-01 
New pars ( 249): DC=7.3663e+00 r1=1.0466e+02 r2=7.8818e+02 p=4.8889e-01 epsV=1.4672e+00 epsZ=7.9093e-01 
New pars ( 250): DC=7.3663e+00 r1=1.0465e+02 r2=7.8818e+02 p=4.8889e-01 epsV=1.4672e+00 epsZ=7.9093e-01 
New pars ( 251): DC=7.3663e+00 r1=1.0466e+02 r2=7.8819e+02 p=4.8889e-01 epsV=1.4672e+00 epsZ=7.9093e-01 
New pars ( 252): DC=7.3663e+00 r1=1.0466e+02 r2=7.8818e+02 p=4.8889e-01 epsV=1.4672e+00 epsZ=7.9093e-01 
New pars ( 253): DC=7.3663e+00 r1=1.0466e+02 r2=7.8818e+02 p=4.8890e-01 epsV=1.4672e+00 epsZ=7.9093e-01 
New pars ( 254): DC=7.3663e+00 r1=1.0466e+02 r2=7.8818e+02 p=4.8888e-01 epsV=1.4672e+00 epsZ=7.9093e-01 
New pars ( 255): DC=7.3663e+00 r1=1.0466e+02 r2=7.8818e+02 p=4.8889e-01 epsV=1.4672e+00 epsZ=7.9093e-01 
New pars ( 256): DC=7.3662e+00 r1=1.0467e+02 r2=7.8816e+02 p=4.8893e-01 epsV=1.4670e+00 epsZ=7.9147e-01 
New pars ( 257): DC=7.3662e+00 r1=1.0467e+02 r2=7.8816e+02 p=4.8893e-01 epsV=1.4670e+00 epsZ=7.9145e-01 
New pars ( 258): DC=7.3665e+00 r1=1.0467e+02 r2=7.8816e+02 p=4.8893e-01 epsV=1.4670e+00 epsZ=7.9147e-01 
New pars ( 259): DC=7.3660e+00 r1=1.0467e+02 r2=7.8816e+02 p=4.8893e-01 epsV=1.4670e+00 epsZ=7.9147e-01 
New pars ( 260): DC=7.3662e+00 r1=1.0467e+02 r2=7.8816e+02 p=4.8893e-01 epsV=1.4670e+00 epsZ=7.9147e-01 
New pars ( 261): DC=7.3662e+00 r1=1.0467e+02 r2=7.8816e+02 p=4.8893e-01 epsV=1.4670e+00 epsZ=7.9147e-01 
New pars ( 262): DC=7.3662e+00 r1=1.0467e+02 r2=7.8816e+02 p=4.8893e-01 epsV=1.4670e+00 epsZ=7.9147e-01 
New pars ( 263): DC=7.3662e+00 r1=1.0467e+02 r2=7.8815e+02 p=4.8893e-01 epsV=1.4670e+00 epsZ=7.9147e-01 
New pars ( 264): DC=7.3662e+00 r1=1.0467e+02 r2=7.8816e+02 p=4.8894e-01 epsV=1.4670e+00 epsZ=7.9147e-01 
New pars ( 265): DC=7.3662e+00 r1=1.0467e+02 r2=7.8816e+02 p=4.8892e-01 epsV=1.4670e+00 epsZ=7.9147e-01 
New pars ( 266): DC=7.3662e+00 r1=1.0467e+02 r2=7.8816e+02 p=4.8893e-01 epsV=1.4670e+00 epsZ=7.9147e-01 
New pars ( 267): DC=7.3662e+00 r1=1.0467e+02 r2=7.8816e+02 p=4.8893e-01 epsV=1.4670e+00 epsZ=7.9147e-01 
New pars ( 268): DC=7.3662e+00 r1=1.0467e+02 r2=7.8816e+02 p=4.8893e-01 epsV=1.4670e+00 epsZ=7.9147e-01 
New pars ( 269): DC=7.3662e+00 r1=1.0467e+02 r2=7.8816e+02 p=4.8893e-01 epsV=1.4670e+00 epsZ=7.9147e-01 
New pars ( 270): DC=7.3662e+00 r1=1.0467e+02 r2=7.8816e+02 p=4.8893e-01 epsV=1.4670e+00 epsZ=7.9147e-01 
New pars ( 271): DC=7.3665e+00 r1=1.0467e+02 r2=7.8816e+02 p=4.8893e-01 epsV=1.4670e+00 epsZ=7.9147e-01 
New pars ( 272): DC=7.3660e+00 r1=1.0467e+02 r2=7.8816e+02 p=4.8893e-01 epsV=1.4670e+00 epsZ=7.9147e-01 
New pars ( 273): DC=7.3662e+00 r1=1.0467e+02 r2=7.8816e+02 p=4.8893e-01 epsV=1.4670e+00 epsZ=7.9147e-01 
New pars ( 274): DC=7.3662e+00 r1=1.0467e+02 r2=7.8816e+02 p=4.8893e-01 epsV=1.4670e+00 epsZ=7.9147e-01 
New pars ( 275): DC=7.3662e+00 r1=1.0467e+02 r2=7.8816e+02 p=4.8893e-01 epsV=1.4670e+00 epsZ=7.9147e-01 
New pars ( 276): DC=7.3662e+00 r1=1.0467e+02 r2=7.8815e+02 p=4.8893e-01 epsV=1.4670e+00 epsZ=7.9147e-01 
New pars ( 277): DC=7.3662e+00 r1=1.0467e+02 r2=7.8816e+02 p=4.8894e-01 epsV=1.4670e+00 epsZ=7.9147e-01 
New pars ( 278): DC=7.3662e+00 r1=1.0467e+02 r2=7.8816e+02 p=4.8892e-01 epsV=1.4670e+00 epsZ=7.9147e-01 
New pars ( 279): DC=7.3662e+00 r1=1.0467e+02 r2=7.8816e+02 p=4.8893e-01 epsV=1.4670e+00 epsZ=7.9147e-01 
New pars ( 280): DC=7.3663e+00 r1=1.0467e+02 r2=7.8816e+02 p=4.8893e-01 epsV=1.4670e+00 epsZ=7.9147e-01 
New pars ( 281): DC=7.3662e+00 r1=1.0467e+02 r2=7.8816e+02 p=4.8893e-01 epsV=1.4670e+00 epsZ=7.9147e-01 
New pars ( 282): DC=7.3663e+00 r1=1.0467e+02 r2=7.8816e+02 p=4.8893e-01 epsV=1.4670e+00 epsZ=7.9147e-01 
New pars ( 283): DC=7.3662e+00 r1=1.0467e+02 r2=7.8816e+02 p=4.8893e-01 epsV=1.4670e+00 epsZ=7.9147e-01 
New pars ( 284): DC=7.3662e+00 r1=1.0467e+02 r2=7.8816e+02 p=4.8893e-01 epsV=1.4670e+00 epsZ=7.9147e-01 
New pars ( 285): DC=7.3662e+00 r1=1.0467e+02 r2=7.8816e+02 p=4.8893e-01 epsV=1.4670e+00 epsZ=7.9147e-01 
New pars ( 286): DC=7.3662e+00 r1=1.0467e+02 r2=7.8816e+02 p=4.8893e-01 epsV=1.4670e+00 epsZ=7.9147e-01 
New pars ( 287): DC=7.3662e+00 r1=1.0467e+02 r2=7.8816e+02 p=4.8893e-01 epsV=1.4670e+00 epsZ=7.9147e-01 
New pars ( 288): DC=7.3662e+00 r1=1.0467e+02 r2=7.8816e+02 p=4.8893e-01 epsV=1.4670e+00 epsZ=7.9147e-01 
New pars ( 289): DC=7.3662e+00 r1=1.0467e+02 r2=7.8815e+02 p=4.8893e-01 epsV=1.4670e+00 epsZ=7.9147e-01 
New pars ( 290): DC=7.3662e+00 r1=1.0467e+02 r2=7.8816e+02 p=4.8893e-01 epsV=1.4670e+00 epsZ=7.9147e-01 
New pars ( 291): DC=7.3662e+00 r1=1.0467e+02 r2=7.8816e+02 p=4.8893e-01 epsV=1.4670e+00 epsZ=7.9147e-01 
New pars ( 292): DC=7.3662e+00 r1=1.0467e+02 r2=7.8816e+02 p=4.8893e-01 epsV=1.4670e+00 epsZ=7.9147e-01 
New pars ( 293): DC=7.3662e+00 r1=1.0467e+02 r2=7.8816e+02 p=4.8893e-01 epsV=1.4670e+00 epsZ=7.9147e-01 
New pars ( 294): DC=7.3662e+00 r1=1.0467e+02 r2=7.8816e+02 p=4.8893e-01 epsV=1.4670e+00 epsZ=7.9147e-01 
New pars ( 295): DC=7.3662e+00 r1=1.0467e+02 r2=7.8816e+02 p=4.8893e-01 epsV=1.4670e+00 epsZ=7.9147e-01 
New pars ( 296): DC=7.3662e+00 r1=1.0467e+02 r2=7.8816e+02 p=4.8893e-01 epsV=1.4670e+00 epsZ=7.9147e-01 
New pars ( 297): DC=7.3665e+00 r1=1.0467e+02 r2=7.8816e+02 p=4.8893e-01 epsV=1.4670e+00 epsZ=7.9147e-01 
New pars ( 298): DC=7.3665e+00 r1=1.0467e+02 r2=7.8816e+02 p=4.8893e-01 epsV=1.4670e+00 epsZ=7.9147e-01 
New pars ( 299): DC=7.3662e+00 r1=1.0467e+02 r2=7.8816e+02 p=4.8893e-01 epsV=1.4670e+00 epsZ=7.9147e-01 
New pars ( 300): DC=7.3665e+00 r1=1.0467e+02 r2=7.8816e+02 p=4.8894e-01 epsV=1.4670e+00 epsZ=7.9147e-01 
New pars ( 301): DC=7.3662e+00 r1=1.0467e+02 r2=7.8816e+02 p=4.8894e-01 epsV=1.4670e+00 epsZ=7.9147e-01 
New pars ( 302): DC=7.3662e+00 r1=1.0467e+02 r2=7.8816e+02 p=4.8894e-01 epsV=1.4670e+00 epsZ=7.9147e-01 
New pars ( 303): DC=7.3665e+00 r1=1.0467e+02 r2=7.8816e+02 p=4.8893e-01 epsV=1.4670e+00 epsZ=7.9147e-01 
New pars ( 304): DC=7.3662e+00 r1=1.0467e+02 r2=7.8816e+02 p=4.8893e-01 epsV=1.4670e+00 epsZ=7.9147e-01 
New pars ( 305): DC=7.3662e+00 r1=1.0467e+02 r2=7.8816e+02 p=4.8893e-01 epsV=1.4670e+00 epsZ=7.9147e-01 
New pars ( 306): DC=7.3662e+00 r1=1.0467e+02 r2=7.8816e+02 p=4.8894e-01 epsV=1.4670e+00 epsZ=7.9147e-01 
New pars ( 307): DC=7.3665e+00 r1=1.0467e+02 r2=7.8816e+02 p=4.8893e-01 epsV=1.4670e+00 epsZ=7.9154e-01 
New pars ( 308): DC=7.3662e+00 r1=1.0467e+02 r2=7.8816e+02 p=4.8893e-01 epsV=1.4670e+00 epsZ=7.9154e-01 
New pars ( 309): DC=7.3662e+00 r1=1.0467e+02 r2=7.8816e+02 p=4.8893e-01 epsV=1.4670e+00 epsZ=7.9154e-01 
New pars ( 310): DC=7.3662e+00 r1=1.0467e+02 r2=7.8816e+02 p=4.8894e-01 epsV=1.4670e+00 epsZ=7.9154e-01 
New pars ( 311): DC=7.3662e+00 r1=1.0467e+02 r2=7.8816e+02 p=4.8893e-01 epsV=1.4670e+00 epsZ=7.9154e-01 
New pars ( 312): DC=7.3662e+00 r1=1.0467e+02 r2=7.8816e+02 p=4.8893e-01 epsV=1.4670e+00 epsZ=7.9147e-01 
New pars ( 313): DC=7.3662e+00 r1=1.0467e+02 r2=7.8816e+02 p=4.8893e-01 epsV=1.4670e+00 epsZ=7.9147e-01 
New pars ( 314): DC=7.3662e+00 r1=1.0467e+02 r2=7.8816e+02 p=4.8893e-01 epsV=1.4670e+00 epsZ=7.9147e-01 
New pars ( 315): DC=7.3663e+00 r1=1.0467e+02 r2=7.8816e+02 p=4.8893e-01 epsV=1.4670e+00 epsZ=7.9147e-01 
New pars ( 316): DC=7.3662e+00 r1=1.0467e+02 r2=7.8816e+02 p=4.8893e-01 epsV=1.4670e+00 epsZ=7.9147e-01 
New pars ( 317): DC=7.3707e+00 r1=1.0467e+02 r2=7.8816e+02 p=4.8893e-01 epsV=1.4670e+00 epsZ=7.9147e-01 
New pars ( 318): DC=7.3618e+00 r1=1.0467e+02 r2=7.8816e+02 p=4.8893e-01 epsV=1.4670e+00 epsZ=7.9147e-01 
New pars ( 319): DC=7.3733e+00 r1=1.0467e+02 r2=7.8816e+02 p=4.8893e-01 epsV=1.4670e+00 epsZ=7.9147e-01 
New pars ( 320): DC=7.3592e+00 r1=1.0467e+02 r2=7.8816e+02 p=4.8893e-01 epsV=1.4670e+00 epsZ=7.9147e-01 
New pars ( 321): DC=7.3662e+00 r1=1.0467e+02 r2=7.8816e+02 p=4.8893e-01 epsV=1.4670e+00 epsZ=7.9147e-01 
New pars ( 322): DC=7.3662e+00 r1=1.0467e+02 r2=7.8816e+02 p=4.8893e-01 epsV=1.4670e+00 epsZ=7.9147e-01 
New pars ( 323): DC=7.3662e+00 r1=1.0473e+02 r2=7.8816e+02 p=4.8893e-01 epsV=1.4670e+00 epsZ=7.9147e-01 
New pars ( 324): DC=7.3662e+00 r1=1.0461e+02 r2=7.8816e+02 p=4.8893e-01 epsV=1.4670e+00 epsZ=7.9147e-01 
New pars ( 325): DC=7.3662e+00 r1=1.0480e+02 r2=7.8816e+02 p=4.8893e-01 epsV=1.4670e+00 epsZ=7.9147e-01 
New pars ( 326): DC=7.3662e+00 r1=1.0454e+02 r2=7.8816e+02 p=4.8893e-01 epsV=1.4670e+00 epsZ=7.9147e-01 
New pars ( 327): DC=7.3662e+00 r1=1.0467e+02 r2=7.8816e+02 p=4.8893e-01 epsV=1.4670e+00 epsZ=7.9147e-01 
New pars ( 328): DC=7.3662e+00 r1=1.0467e+02 r2=7.8815e+02 p=4.8893e-01 epsV=1.4670e+00 epsZ=7.9147e-01 
New pars ( 329): DC=7.3662e+00 r1=1.0467e+02 r2=7.8824e+02 p=4.8893e-01 epsV=1.4670e+00 epsZ=7.9147e-01 
New pars ( 330): DC=7.3662e+00 r1=1.0467e+02 r2=7.8807e+02 p=4.8893e-01 epsV=1.4670e+00 epsZ=7.9147e-01 
New pars ( 331): DC=7.3662e+00 r1=1.0467e+02 r2=7.8841e+02 p=4.8893e-01 epsV=1.4670e+00 epsZ=7.9147e-01 
New pars ( 332): DC=7.3662e+00 r1=1.0467e+02 r2=7.8791e+02 p=4.8893e-01 epsV=1.4670e+00 epsZ=7.9147e-01 
New pars ( 333): DC=7.3662e+00 r1=1.0467e+02 r2=7.8816e+02 p=4.8893e-01 epsV=1.4670e+00 epsZ=7.9147e-01 
New pars ( 334): DC=7.3662e+00 r1=1.0467e+02 r2=7.8816e+02 p=4.8893e-01 epsV=1.4670e+00 epsZ=7.9147e-01 
New pars ( 335): DC=7.3662e+00 r1=1.0467e+02 r2=7.8816e+02 p=4.8905e-01 epsV=1.4670e+00 epsZ=7.9147e-01 
New pars ( 336): DC=7.3662e+00 r1=1.0467e+02 r2=7.8816e+02 p=4.8881e-01 epsV=1.4670e+00 epsZ=7.9147e-01 
New pars ( 337): DC=7.3662e+00 r1=1.0467e+02 r2=7.8816e+02 p=4.8933e-01 epsV=1.4670e+00 epsZ=7.9147e-01 
New pars ( 338): DC=7.3662e+00 r1=1.0467e+02 r2=7.8816e+02 p=4.8853e-01 epsV=1.4670e+00 epsZ=7.9147e-01 
New pars ( 339): DC=7.3662e+00 r1=1.0467e+02 r2=7.8816e+02 p=4.8893e-01 epsV=1.4670e+00 epsZ=7.9147e-01 
New pars ( 340): DC=7.3664e+00 r1=1.0467e+02 r2=7.8816e+02 p=4.8893e-01 epsV=1.4670e+00 epsZ=7.9147e-01 
New pars ( 341): DC=7.3661e+00 r1=1.0467e+02 r2=7.8816e+02 p=4.8893e-01 epsV=1.4670e+00 epsZ=7.9147e-01 
New pars ( 342): DC=7.3663e+00 r1=1.0467e+02 r2=7.8816e+02 p=4.8893e-01 epsV=1.4670e+00 epsZ=7.9147e-01 
New pars ( 343): DC=7.3662e+00 r1=1.0467e+02 r2=7.8816e+02 p=4.8893e-01 epsV=1.4670e+00 epsZ=7.9147e-01 
New pars ( 344): DC=7.3662e+00 r1=1.0467e+02 r2=7.8816e+02 p=4.8893e-01 epsV=1.4670e+00 epsZ=7.9147e-01 
New pars ( 345): DC=7.3662e+00 r1=1.0467e+02 r2=7.8816e+02 p=4.8893e-01 epsV=1.4670e+00 epsZ=7.9147e-01 
New pars ( 346): DC=7.3662e+00 r1=1.0467e+02 r2=7.8816e+02 p=4.8893e-01 epsV=1.4670e+00 epsZ=7.9147e-01 
New pars ( 347): DC=7.3662e+00 r1=1.0467e+02 r2=7.8816e+02 p=4.8893e-01 epsV=1.4670e+00 epsZ=7.9147e-01 
New pars ( 348): DC=7.3662e+00 r1=1.0467e+02 r2=7.8816e+02 p=4.8893e-01 epsV=1.4670e+00 epsZ=7.9147e-01 
New pars ( 349): DC=7.3662e+00 r1=1.0467e+02 r2=7.8815e+02 p=4.8893e-01 epsV=1.4670e+00 epsZ=7.9147e-01 
New pars ( 350): DC=7.3662e+00 r1=1.0467e+02 r2=7.8816e+02 p=4.8893e-01 epsV=1.4670e+00 epsZ=7.9147e-01 
New pars ( 351): DC=7.3662e+00 r1=1.0467e+02 r2=7.8815e+02 p=4.8893e-01 epsV=1.4670e+00 epsZ=7.9147e-01 
New pars ( 352): DC=7.3662e+00 r1=1.0467e+02 r2=7.8816e+02 p=4.8894e-01 epsV=1.4670e+00 epsZ=7.9147e-01 
New pars ( 353): DC=7.3662e+00 r1=1.0467e+02 r2=7.8816e+02 p=4.8892e-01 epsV=1.4670e+00 epsZ=7.9147e-01 
New pars ( 354): DC=7.3662e+00 r1=1.0467e+02 r2=7.8816e+02 p=4.8893e-01 epsV=1.4670e+00 epsZ=7.9147e-01 
New pars ( 355): DC=7.3662e+00 r1=1.0467e+02 r2=7.8816e+02 p=4.8893e-01 epsV=1.4670e+00 epsZ=7.9147e-01 
New pars ( 356): DC=7.3662e+00 r1=1.0467e+02 r2=7.8816e+02 p=4.8893e-01 epsV=1.4670e+00 epsZ=7.9147e-01 
New pars ( 357): DC=7.3733e+00 r1=1.0480e+02 r2=7.8816e+02 p=4.8893e-01 epsV=1.4670e+00 epsZ=7.9147e-01 
New pars ( 358): DC=7.3733e+00 r1=1.0467e+02 r2=7.8841e+02 p=4.8893e-01 epsV=1.4670e+00 epsZ=7.9147e-01 
New pars ( 359): DC=7.3662e+00 r1=1.0480e+02 r2=7.8841e+02 p=4.8893e-01 epsV=1.4670e+00 epsZ=7.9147e-01 
New pars ( 360): DC=7.3733e+00 r1=1.0467e+02 r2=7.8816e+02 p=4.8933e-01 epsV=1.4670e+00 epsZ=7.9147e-01 
New pars ( 361): DC=7.3662e+00 r1=1.0480e+02 r2=7.8816e+02 p=4.8933e-01 epsV=1.4670e+00 epsZ=7.9147e-01 
New pars ( 362): DC=7.3662e+00 r1=1.0467e+02 r2=7.8841e+02 p=4.8933e-01 epsV=1.4670e+00 epsZ=7.9147e-01 
New pars ( 363): DC=7.3733e+00 r1=1.0467e+02 r2=7.8816e+02 p=4.8893e-01 epsV=1.4679e+00 epsZ=7.9147e-01 
New pars ( 364): DC=7.3662e+00 r1=1.0480e+02 r2=7.8816e+02 p=4.8893e-01 epsV=1.4679e+00 epsZ=7.9147e-01 
New pars ( 365): DC=7.3662e+00 r1=1.0467e+02 r2=7.8841e+02 p=4.8893e-01 epsV=1.4679e+00 epsZ=7.9147e-01 
New pars ( 366): DC=7.3662e+00 r1=1.0467e+02 r2=7.8816e+02 p=4.8933e-01 epsV=1.4679e+00 epsZ=7.9147e-01 
New pars ( 367): DC=7.3733e+00 r1=1.0467e+02 r2=7.8816e+02 p=4.8893e-01 epsV=1.4670e+00 epsZ=7.9383e-01 
New pars ( 368): DC=7.3662e+00 r1=1.0480e+02 r2=7.8816e+02 p=4.8893e-01 epsV=1.4670e+00 epsZ=7.9383e-01 
New pars ( 369): DC=7.3662e+00 r1=1.0467e+02 r2=7.8841e+02 p=4.8893e-01 epsV=1.4670e+00 epsZ=7.9383e-01 
New pars ( 370): DC=7.3662e+00 r1=1.0467e+02 r2=7.8816e+02 p=4.8933e-01 epsV=1.4670e+00 epsZ=7.9383e-01 
New pars ( 371): DC=7.3662e+00 r1=1.0467e+02 r2=7.8816e+02 p=4.8893e-01 epsV=1.4679e+00 epsZ=7.9383e-01 

Fitting done in 850000 clicks (0.850000 seconds).
Fit status = 4
Cov status = 2

****************************************
         Invalid FitResult  (status = 4 )
****************************************
Minimizer is Minuit / MigradImproved
Chi2                      =      983.345
NDf                       =          978
Edm                       =  1.35064e-05
NCalls                    =          471
# Cyc's                   =          525                      	 (fixed)
Bin width                 =          250                      	 (fixed)
DC rate                   =      7.36625   +/-   0.023784    
Rate 1                    =      104.671   +/-   1.18648     
Rate 2                    =      788.156   +/-   5.64777     
Rate 3                    =            0                      	 (fixed)
Capt eff                  =      0.48893   +/-   0.00366146  
Capt ret                  =            1                      	 (fixed)
T eff                     =         0.13                      	 (fixed)
U eff                     =        0.035                      	 (fixed)
V eff                     =        1.467   +/-   0.0203562   
W eff                     =            0                      	 (fixed)
X eff                     =            1                      	 (fixed)
Y eff                     =            0                      	 (fixed)
Z eff                     =     0.791474   +/-   0.0327335   
T1 loss                   =            0                      	 (fixed)
T2 loss                   =        0.029                      	 (fixed)
T3 loss                   =            0                      	 (fixed)
U1 loss                   =     7.44e-08                      	 (fixed)
U2 loss                   =     7.44e-08                      	 (fixed)
U3 loss                   =        10000                      	 (fixed)

Integrals computed in 370000 clicks (0.370000 seconds).
Errors computed in 960000 clicks (0.960000 seconds).

~~~~~~~~~~~~~~~~~~~~~~~~~~~~~~~~~~~~~~~~~~~~~~~~~~~~~~~~~~~~~~~~~~~~~
NUMBER OF BETAS DETECTED, by population:
~~~~~~~~~~~~~~~~~~~~~~~~~~~~~~~~~~~~~~~~~~~~~~~~~~~~~~~~~~~~~~~~~~~~~
T1 integral = 505723.1 +/- 0.0
U1 integral = 216843.1 +/- 0.0
T2 integral = 1696248.2 +/- 0.0
U2 integral = 2135186.3 +/- 0.0
T3 integral = 0.0 +/- 0.0
U3 integral = 0.1 +/- 0.0
DC integral = 951350.9 +/- 0.0
~~~~~~~~~~~~~~~~~~~~~~~~~~~~~~~~~~~~~~~~~~~~~~~~~~~~~~~~~~~~~~~~~~~~~
Sum of above = 5505351.8 +/- 0.0 <-- no cov in unc
All integral = 5505362.3 +/- 0.0
~~~~~~~~~~~~~~~~~~~~~~~~~~~~~~~~~~~~~~~~~~~~~~~~~~~~~~~~~~~~~~~~~~~~~


BFit2 done. Timer = 3.47 sec.
Elapsed time = 3.41 sec.

