Timestamp = Fri Apr 17 10:54:16 2015

Importing metadata from CSV files...
Imported 68 BDN cases
Imported 243 BFit cases
Performing BFit with BDN case 135sb08 and BFit case 135sb08_02

BFit started. Timer = 0.07 sec.

~~~~~~~~~~~~~~~~~~~~~~~~~~~~~~~~~~~~~~~~~~~~~~~~~~~~~~~~~~~~~~~~~~~~~
BETA SINGLES MODEL
~~~~~~~~~~~~~~~~~~~~~~~~~~~~~~~~~~~~~~~~~~~~~~~~~~~~~~~~~~~~~~~~~~~~~
Case: 135sb08
File: /music/bpt1/bpt/bdn/shane/135sb/rootfiles/135sb08.root
Histogram: h_betas_vs_cycle_time
Total cycle time	=     30.000 s
Background time		=     10.100 s
Capture cycle time	=      1.000 s
Last capture time	=      0.900 s
135-Sn halflife		=      0.530 s  (lifetime      0.765 s)
135-Sb halflife		=      1.679 s  (lifetime      2.422 s)
135-Te halflife		=     19.000 s  (lifetime     27.411 s)
~~~~~~~~~~~~~~~~~~~~~~~~~~~~~~~~~~~~~~~~~~~~~~~~~~~~~~~~~~~~~~~~~~~~~
HISTOGRAM REBINNED
   Number of hist bins = 300
   Number of fn points = 30000
   Number of pts/bin   = 100
~~~~~~~~~~~~~~~~~~~~~~~~~~~~~~~~~~~~~~~~~~~~~~~~~~~~~~~~~~~~~~~~~~~~~
Doing fit with option string: QROMES
~~~~~~~~~~~~~~~~~~~~~~~~~~~~~~~~~~~~~~~~~~~~~~~~~~~~~~~~~~~~~~~~~~~~~
PARAMETER SEED VALUES
~~~~~~~~~~~~~~~~~~~~~~~~~~~~~~~~~~~~~~~~~~~~~~~~~~~~~~~~~~~~~~~~~~~~~
      Par name  Varying?	Par init val and step
~~~~~~~~~~~~~~~~~~~~~~~~~~~~~~~~~~~~~~~~~~~~~~~~~~~~~~~~~~~~~~~~~~~~~
       # Cyc's         0	5486 +/- 0.01
     Bin width         0	100 +/- 0.01
       DC rate         1	6.5 +/- 0.1
        Rate 1         0	0 +/- 0.0005
        Rate 2         1	0.05 +/- 0.0005
        Rate 3         1	0 +/- 5e-05
      Capt eff         1	0.496 +/- 0.01
      Capt ret         0	1 +/- 0.01
         T eff         0	0.87 +/- 0.01
         U eff         0	0.13 +/- 0.01
         V eff         0	0.61 +/- 0.01
         W eff         0	1 +/- 0.001
         X eff         0	0.73 +/- 0.01
         Y eff         0	1 +/- 0.01
         Z eff         0	0.774 +/- 0.03
       T1 loss         0	0 +/- 0.005
       T2 loss         0	0.03 +/- 0.001
       T3 loss         0	0 +/- 0.001
       U1 loss         0	2e-10 +/- 0.005
       U2 loss         0	2e-10 +/- 0.005
       U3 loss         0	2e-10 +/- 0.01
~~~~~~~~~~~~~~~~~~~~~~~~~~~~~~~~~~~~~~~~~~~~~~~~~~~~~~~~~~~~~~~~~~~~~

Ini pars (   0): DC=6.5000e+00 r2=5.0000e-02 r3=0.0000e+00 p=4.9600e-01 
New pars (   1): DC=6.5061e+00 r2=5.0000e-02 r3=0.0000e+00 p=4.9600e-01 
New pars (   2): DC=6.4939e+00 r2=5.0000e-02 r3=0.0000e+00 p=4.9600e-01 
New pars (   3): DC=6.5006e+00 r2=5.0000e-02 r3=0.0000e+00 p=4.9600e-01 
New pars (   4): DC=6.4994e+00 r2=5.0000e-02 r3=0.0000e+00 p=4.9600e-01 
New pars (   5): DC=6.5000e+00 r2=5.0031e-02 r3=0.0000e+00 p=4.9600e-01 
New pars (   6): DC=6.5000e+00 r2=4.9969e-02 r3=0.0000e+00 p=4.9600e-01 
New pars (   7): DC=6.5000e+00 r2=5.0007e-02 r3=0.0000e+00 p=4.9600e-01 
New pars (   8): DC=6.5000e+00 r2=4.9993e-02 r3=0.0000e+00 p=4.9600e-01 
New pars (   9): DC=6.5000e+00 r2=5.0000e-02 r3=3.0531e-06 p=4.9600e-01 
New pars (  10): DC=6.5000e+00 r2=5.0000e-02 r3=-3.0531e-06 p=4.9600e-01 
New pars (  11): DC=6.5000e+00 r2=5.0000e-02 r3=1.6162e-05 p=4.9600e-01 
New pars (  12): DC=6.5000e+00 r2=5.0000e-02 r3=-1.6162e-05 p=4.9600e-01 
New pars (  13): DC=6.5000e+00 r2=5.0000e-02 r3=0.0000e+00 p=4.9661e-01 
New pars (  14): DC=6.5000e+00 r2=5.0000e-02 r3=0.0000e+00 p=4.9539e-01 
New pars (  15): DC=6.5000e+00 r2=5.0000e-02 r3=0.0000e+00 p=4.9615e-01 
New pars (  16): DC=6.5000e+00 r2=5.0000e-02 r3=0.0000e+00 p=4.9585e-01 
New pars (  17): DC=7.4445e+00 r2=6.2778e-02 r3=3.1416e-02 p=7.4833e-01 
New pars (  18): DC=6.7339e+00 r2=5.3164e-02 r3=7.7790e-03 p=5.5848e-01 
New pars (  19): DC=6.7341e+00 r2=5.3164e-02 r3=7.7790e-03 p=5.5848e-01 
New pars (  20): DC=6.7337e+00 r2=5.3164e-02 r3=7.7790e-03 p=5.5848e-01 
New pars (  21): DC=6.7339e+00 r2=5.3167e-02 r3=7.7790e-03 p=5.5848e-01 
New pars (  22): DC=6.7339e+00 r2=5.3161e-02 r3=7.7790e-03 p=5.5848e-01 
New pars (  23): DC=6.7339e+00 r2=5.3164e-02 r3=7.7852e-03 p=5.5848e-01 
New pars (  24): DC=6.7339e+00 r2=5.3164e-02 r3=7.7729e-03 p=5.5848e-01 
New pars (  25): DC=6.7339e+00 r2=5.3164e-02 r3=7.7790e-03 p=5.5854e-01 
New pars (  26): DC=6.7339e+00 r2=5.3164e-02 r3=7.7790e-03 p=5.5842e-01 
New pars (  27): DC=6.8496e+00 r2=5.2825e-02 r3=9.3244e-03 p=5.3720e-01 
New pars (  28): DC=7.0713e+00 r2=5.2174e-02 r3=1.2285e-02 p=4.9644e-01 
New pars (  29): DC=7.0714e+00 r2=5.2174e-02 r3=1.2285e-02 p=4.9644e-01 
New pars (  30): DC=7.0712e+00 r2=5.2174e-02 r3=1.2285e-02 p=4.9644e-01 
New pars (  31): DC=7.0713e+00 r2=5.2176e-02 r3=1.2285e-02 p=4.9644e-01 
New pars (  32): DC=7.0713e+00 r2=5.2172e-02 r3=1.2285e-02 p=4.9644e-01 
New pars (  33): DC=7.0713e+00 r2=5.2174e-02 r3=1.2290e-02 p=4.9644e-01 
New pars (  34): DC=7.0713e+00 r2=5.2174e-02 r3=1.2281e-02 p=4.9644e-01 
New pars (  35): DC=7.0713e+00 r2=5.2174e-02 r3=1.2285e-02 p=4.9648e-01 
New pars (  36): DC=7.0713e+00 r2=5.2174e-02 r3=1.2285e-02 p=4.9640e-01 
New pars (  37): DC=7.0983e+00 r2=5.1618e-02 r3=1.2885e-02 p=4.7153e-01 
New pars (  38): DC=7.1112e+00 r2=5.1350e-02 r3=1.3174e-02 p=4.5954e-01 
New pars (  39): DC=7.1113e+00 r2=5.1350e-02 r3=1.3174e-02 p=4.5954e-01 
New pars (  40): DC=7.1111e+00 r2=5.1350e-02 r3=1.3174e-02 p=4.5954e-01 
New pars (  41): DC=7.1112e+00 r2=5.1352e-02 r3=1.3174e-02 p=4.5954e-01 
New pars (  42): DC=7.1112e+00 r2=5.1348e-02 r3=1.3174e-02 p=4.5954e-01 
New pars (  43): DC=7.1112e+00 r2=5.1350e-02 r3=1.3178e-02 p=4.5954e-01 
New pars (  44): DC=7.1112e+00 r2=5.1350e-02 r3=1.3170e-02 p=4.5954e-01 
New pars (  45): DC=7.1112e+00 r2=5.1350e-02 r3=1.3174e-02 p=4.5958e-01 
New pars (  46): DC=7.1112e+00 r2=5.1350e-02 r3=1.3174e-02 p=4.5951e-01 
New pars (  47): DC=7.1012e+00 r2=5.1395e-02 r3=1.4060e-02 p=4.5316e-01 
New pars (  48): DC=7.0611e+00 r2=5.1572e-02 r3=1.7604e-02 p=4.2760e-01 
New pars (  49): DC=6.9609e+00 r2=5.2016e-02 r3=2.6462e-02 p=3.6370e-01 
New pars (  50): DC=6.9610e+00 r2=5.2016e-02 r3=2.6462e-02 p=3.6370e-01 
New pars (  51): DC=6.9608e+00 r2=5.2016e-02 r3=2.6462e-02 p=3.6370e-01 
New pars (  52): DC=6.9609e+00 r2=5.2018e-02 r3=2.6462e-02 p=3.6370e-01 
New pars (  53): DC=6.9609e+00 r2=5.2014e-02 r3=2.6462e-02 p=3.6370e-01 
New pars (  54): DC=6.9609e+00 r2=5.2016e-02 r3=2.6466e-02 p=3.6370e-01 
New pars (  55): DC=6.9609e+00 r2=5.2016e-02 r3=2.6459e-02 p=3.6370e-01 
New pars (  56): DC=6.9609e+00 r2=5.2016e-02 r3=2.6462e-02 p=3.6373e-01 
New pars (  57): DC=6.9609e+00 r2=5.2016e-02 r3=2.6462e-02 p=3.6367e-01 
New pars (  58): DC=6.7680e+00 r2=5.3030e-02 r3=3.1307e-02 p=3.5282e-01 
New pars (  59): DC=6.5427e+00 r2=5.4215e-02 r3=3.6967e-02 p=3.4010e-01 
New pars (  60): DC=6.5148e+00 r2=5.4362e-02 r3=3.7667e-02 p=3.3853e-01 
New pars (  61): DC=6.5149e+00 r2=5.4362e-02 r3=3.7667e-02 p=3.3853e-01 
New pars (  62): DC=6.5147e+00 r2=5.4362e-02 r3=3.7667e-02 p=3.3853e-01 
New pars (  63): DC=6.5148e+00 r2=5.4363e-02 r3=3.7667e-02 p=3.3853e-01 
New pars (  64): DC=6.5148e+00 r2=5.4361e-02 r3=3.7667e-02 p=3.3853e-01 
New pars (  65): DC=6.5148e+00 r2=5.4362e-02 r3=3.7670e-02 p=3.3853e-01 
New pars (  66): DC=6.5148e+00 r2=5.4362e-02 r3=3.7665e-02 p=3.3853e-01 
New pars (  67): DC=6.5148e+00 r2=5.4362e-02 r3=3.7667e-02 p=3.3856e-01 
New pars (  68): DC=6.5148e+00 r2=5.4362e-02 r3=3.7667e-02 p=3.3851e-01 
New pars (  69): DC=6.3234e+00 r2=5.5477e-02 r3=4.7575e-02 p=2.8658e-01 
New pars (  70): DC=6.3235e+00 r2=5.5477e-02 r3=4.7575e-02 p=2.8658e-01 
New pars (  71): DC=6.3233e+00 r2=5.5477e-02 r3=4.7575e-02 p=2.8658e-01 
New pars (  72): DC=6.3234e+00 r2=5.5478e-02 r3=4.7575e-02 p=2.8658e-01 
New pars (  73): DC=6.3234e+00 r2=5.5476e-02 r3=4.7575e-02 p=2.8658e-01 
New pars (  74): DC=6.3234e+00 r2=5.5477e-02 r3=4.7578e-02 p=2.8658e-01 
New pars (  75): DC=6.3234e+00 r2=5.5477e-02 r3=4.7573e-02 p=2.8658e-01 
New pars (  76): DC=6.3234e+00 r2=5.5477e-02 r3=4.7575e-02 p=2.8660e-01 
New pars (  77): DC=6.3234e+00 r2=5.5477e-02 r3=4.7575e-02 p=2.8656e-01 
New pars (  78): DC=6.2722e+00 r2=5.5837e-02 r3=4.8974e-02 p=2.8658e-01 
New pars (  79): DC=6.2507e+00 r2=5.5988e-02 r3=4.9561e-02 p=2.8659e-01 
New pars (  80): DC=6.2508e+00 r2=5.5988e-02 r3=4.9561e-02 p=2.8659e-01 
New pars (  81): DC=6.2507e+00 r2=5.5988e-02 r3=4.9561e-02 p=2.8659e-01 
New pars (  82): DC=6.2507e+00 r2=5.5989e-02 r3=4.9561e-02 p=2.8659e-01 
New pars (  83): DC=6.2507e+00 r2=5.5986e-02 r3=4.9561e-02 p=2.8659e-01 
New pars (  84): DC=6.2507e+00 r2=5.5988e-02 r3=4.9564e-02 p=2.8659e-01 
New pars (  85): DC=6.2507e+00 r2=5.5988e-02 r3=4.9559e-02 p=2.8659e-01 
New pars (  86): DC=6.2507e+00 r2=5.5988e-02 r3=4.9561e-02 p=2.8660e-01 
New pars (  87): DC=6.2507e+00 r2=5.5988e-02 r3=4.9561e-02 p=2.8657e-01 
New pars (  88): DC=6.1879e+00 r2=5.6371e-02 r3=5.1697e-02 p=2.7708e-01 
New pars (  89): DC=6.1713e+00 r2=5.6472e-02 r3=5.2260e-02 p=2.7457e-01 
New pars (  90): DC=6.1714e+00 r2=5.6472e-02 r3=5.2260e-02 p=2.7457e-01 
New pars (  91): DC=6.1712e+00 r2=5.6472e-02 r3=5.2260e-02 p=2.7457e-01 
New pars (  92): DC=6.1713e+00 r2=5.6474e-02 r3=5.2260e-02 p=2.7457e-01 
New pars (  93): DC=6.1713e+00 r2=5.6471e-02 r3=5.2260e-02 p=2.7457e-01 
New pars (  94): DC=6.1713e+00 r2=5.6472e-02 r3=5.2262e-02 p=2.7457e-01 
New pars (  95): DC=6.1713e+00 r2=5.6472e-02 r3=5.2258e-02 p=2.7457e-01 
New pars (  96): DC=6.1713e+00 r2=5.6472e-02 r3=5.2260e-02 p=2.7459e-01 
New pars (  97): DC=6.1713e+00 r2=5.6472e-02 r3=5.2260e-02 p=2.7455e-01 
New pars (  98): DC=6.1697e+00 r2=5.6524e-02 r3=5.2128e-02 p=2.7512e-01 
New pars (  99): DC=6.1682e+00 r2=5.6576e-02 r3=5.1997e-02 p=2.7565e-01 
New pars ( 100): DC=6.1682e+00 r2=5.6576e-02 r3=5.1997e-02 p=2.7565e-01 
New pars ( 101): DC=6.1681e+00 r2=5.6576e-02 r3=5.1997e-02 p=2.7565e-01 
New pars ( 102): DC=6.1682e+00 r2=5.6577e-02 r3=5.1997e-02 p=2.7565e-01 
New pars ( 103): DC=6.1682e+00 r2=5.6575e-02 r3=5.1997e-02 p=2.7565e-01 
New pars ( 104): DC=6.1682e+00 r2=5.6576e-02 r3=5.1999e-02 p=2.7565e-01 
New pars ( 105): DC=6.1682e+00 r2=5.6576e-02 r3=5.1994e-02 p=2.7565e-01 
New pars ( 106): DC=6.1682e+00 r2=5.6576e-02 r3=5.1997e-02 p=2.7567e-01 
New pars ( 107): DC=6.1682e+00 r2=5.6576e-02 r3=5.1997e-02 p=2.7563e-01 
New pars ( 108): DC=6.1679e+00 r2=5.6622e-02 r3=5.1970e-02 p=2.7531e-01 
New pars ( 109): DC=6.1667e+00 r2=5.6807e-02 r3=5.1861e-02 p=2.7394e-01 
New pars ( 110): DC=6.1637e+00 r2=5.7269e-02 r3=5.1588e-02 p=2.7051e-01 
New pars ( 111): DC=6.1548e+00 r2=5.8656e-02 r3=5.0771e-02 p=2.6022e-01 
New pars ( 112): DC=6.1533e+00 r2=5.8897e-02 r3=5.0629e-02 p=2.5844e-01 
New pars ( 113): DC=6.1534e+00 r2=5.8897e-02 r3=5.0629e-02 p=2.5844e-01 
New pars ( 114): DC=6.1532e+00 r2=5.8897e-02 r3=5.0629e-02 p=2.5844e-01 
New pars ( 115): DC=6.1533e+00 r2=5.8898e-02 r3=5.0629e-02 p=2.5844e-01 
New pars ( 116): DC=6.1533e+00 r2=5.8895e-02 r3=5.0629e-02 p=2.5844e-01 
New pars ( 117): DC=6.1533e+00 r2=5.8897e-02 r3=5.0632e-02 p=2.5844e-01 
New pars ( 118): DC=6.1533e+00 r2=5.8897e-02 r3=5.0627e-02 p=2.5844e-01 
New pars ( 119): DC=6.1533e+00 r2=5.8897e-02 r3=5.0629e-02 p=2.5846e-01 
New pars ( 120): DC=6.1533e+00 r2=5.8897e-02 r3=5.0629e-02 p=2.5842e-01 
New pars ( 121): DC=6.1923e+00 r2=5.8897e-02 r3=4.9147e-02 p=2.6097e-01 
New pars ( 122): DC=6.2031e+00 r2=5.8898e-02 r3=4.8737e-02 p=2.6167e-01 
New pars ( 123): DC=6.2032e+00 r2=5.8898e-02 r3=4.8737e-02 p=2.6167e-01 
New pars ( 124): DC=6.2030e+00 r2=5.8898e-02 r3=4.8737e-02 p=2.6167e-01 
New pars ( 125): DC=6.2031e+00 r2=5.8899e-02 r3=4.8737e-02 p=2.6167e-01 
New pars ( 126): DC=6.2031e+00 r2=5.8896e-02 r3=4.8737e-02 p=2.6167e-01 
New pars ( 127): DC=6.2031e+00 r2=5.8898e-02 r3=4.8739e-02 p=2.6167e-01 
New pars ( 128): DC=6.2031e+00 r2=5.8898e-02 r3=4.8735e-02 p=2.6167e-01 
New pars ( 129): DC=6.2031e+00 r2=5.8898e-02 r3=4.8737e-02 p=2.6169e-01 
New pars ( 130): DC=6.2031e+00 r2=5.8898e-02 r3=4.8737e-02 p=2.6166e-01 
New pars ( 131): DC=6.2009e+00 r2=5.8923e-02 r3=4.8799e-02 p=2.6104e-01 
New pars ( 132): DC=6.2012e+00 r2=5.8919e-02 r3=4.8790e-02 p=2.6113e-01 
New pars ( 133): DC=6.2013e+00 r2=5.8919e-02 r3=4.8790e-02 p=2.6113e-01 
New pars ( 134): DC=6.2011e+00 r2=5.8919e-02 r3=4.8790e-02 p=2.6113e-01 
New pars ( 135): DC=6.2012e+00 r2=5.8920e-02 r3=4.8790e-02 p=2.6113e-01 
New pars ( 136): DC=6.2012e+00 r2=5.8918e-02 r3=4.8790e-02 p=2.6113e-01 
New pars ( 137): DC=6.2012e+00 r2=5.8919e-02 r3=4.8792e-02 p=2.6113e-01 
New pars ( 138): DC=6.2012e+00 r2=5.8919e-02 r3=4.8787e-02 p=2.6113e-01 
New pars ( 139): DC=6.2012e+00 r2=5.8919e-02 r3=4.8790e-02 p=2.6115e-01 
New pars ( 140): DC=6.2012e+00 r2=5.8919e-02 r3=4.8790e-02 p=2.6111e-01 
New pars ( 141): DC=6.2012e+00 r2=5.8913e-02 r3=4.8794e-02 p=2.6117e-01 
New pars ( 142): DC=6.2012e+00 r2=5.8913e-02 r3=4.8795e-02 p=2.6117e-01 
New pars ( 143): DC=6.2013e+00 r2=5.8913e-02 r3=4.8795e-02 p=2.6117e-01 
New pars ( 144): DC=6.2011e+00 r2=5.8913e-02 r3=4.8795e-02 p=2.6117e-01 
New pars ( 145): DC=6.2012e+00 r2=5.8914e-02 r3=4.8795e-02 p=2.6117e-01 
New pars ( 146): DC=6.2012e+00 r2=5.8911e-02 r3=4.8795e-02 p=2.6117e-01 
New pars ( 147): DC=6.2012e+00 r2=5.8913e-02 r3=4.8797e-02 p=2.6117e-01 
New pars ( 148): DC=6.2012e+00 r2=5.8913e-02 r3=4.8792e-02 p=2.6117e-01 
New pars ( 149): DC=6.2012e+00 r2=5.8913e-02 r3=4.8795e-02 p=2.6119e-01 
New pars ( 150): DC=6.2012e+00 r2=5.8913e-02 r3=4.8795e-02 p=2.6116e-01 
New pars ( 151): DC=6.2012e+00 r2=5.8913e-02 r3=4.8795e-02 p=2.6117e-01 
New pars ( 152): DC=6.2013e+00 r2=5.8913e-02 r3=4.8795e-02 p=2.6117e-01 
New pars ( 153): DC=6.2011e+00 r2=5.8913e-02 r3=4.8795e-02 p=2.6117e-01 
New pars ( 154): DC=6.2012e+00 r2=5.8914e-02 r3=4.8795e-02 p=2.6117e-01 
New pars ( 155): DC=6.2012e+00 r2=5.8911e-02 r3=4.8795e-02 p=2.6117e-01 
New pars ( 156): DC=6.2012e+00 r2=5.8913e-02 r3=4.8797e-02 p=2.6117e-01 
New pars ( 157): DC=6.2012e+00 r2=5.8913e-02 r3=4.8792e-02 p=2.6117e-01 
New pars ( 158): DC=6.2012e+00 r2=5.8913e-02 r3=4.8795e-02 p=2.6119e-01 
New pars ( 159): DC=6.2012e+00 r2=5.8913e-02 r3=4.8795e-02 p=2.6116e-01 
New pars ( 160): DC=6.2012e+00 r2=5.8913e-02 r3=4.8795e-02 p=2.6117e-01 
New pars ( 161): DC=6.2012e+00 r2=5.8913e-02 r3=4.8795e-02 p=2.6117e-01 
New pars ( 162): DC=6.2012e+00 r2=5.8913e-02 r3=4.8795e-02 p=2.6117e-01 
New pars ( 163): DC=6.2012e+00 r2=5.8912e-02 r3=4.8795e-02 p=2.6117e-01 
New pars ( 164): DC=6.2012e+00 r2=5.8913e-02 r3=4.8795e-02 p=2.6117e-01 
New pars ( 165): DC=6.2012e+00 r2=5.8913e-02 r3=4.8794e-02 p=2.6117e-01 
New pars ( 166): DC=6.2012e+00 r2=5.8913e-02 r3=4.8795e-02 p=2.6118e-01 
New pars ( 167): DC=6.2012e+00 r2=5.8913e-02 r3=4.8795e-02 p=2.6117e-01 
New pars ( 168): DC=6.2013e+00 r2=5.8914e-02 r3=4.8795e-02 p=2.6117e-01 
New pars ( 169): DC=6.2013e+00 r2=5.8913e-02 r3=4.8797e-02 p=2.6117e-01 
New pars ( 170): DC=6.2012e+00 r2=5.8914e-02 r3=4.8797e-02 p=2.6117e-01 
New pars ( 171): DC=6.2013e+00 r2=5.8913e-02 r3=4.8795e-02 p=2.6119e-01 
New pars ( 172): DC=6.2012e+00 r2=5.8914e-02 r3=4.8795e-02 p=2.6119e-01 
New pars ( 173): DC=6.2012e+00 r2=5.8913e-02 r3=4.8797e-02 p=2.6119e-01 
New pars ( 174): DC=6.1492e+00 r2=5.7840e-02 r3=5.1359e-02 p=2.6770e-01 
New pars ( 175): DC=6.1585e+00 r2=5.7840e-02 r3=5.1359e-02 p=2.6770e-01 
New pars ( 176): DC=6.1492e+00 r2=5.7817e-02 r3=5.1359e-02 p=2.6770e-01 
New pars ( 177): DC=6.1492e+00 r2=5.7840e-02 r3=5.1090e-02 p=2.6770e-01 
New pars ( 178): DC=6.1492e+00 r2=5.7840e-02 r3=5.1359e-02 p=2.6143e-01 
New pars ( 179): DC=6.1538e+00 r2=5.7828e-02 r3=5.1627e-02 p=2.6457e-01 
New pars ( 180): DC=6.1562e+00 r2=5.7857e-02 r3=5.1493e-02 p=2.6300e-01 
New pars ( 181): DC=6.1492e+00 r2=5.7840e-02 r3=5.1359e-02 p=2.6770e-01 
New pars ( 182): DC=6.2012e+00 r2=5.8913e-02 r3=4.8795e-02 p=2.6117e-01 
New pars ( 183): DC=6.2012e+00 r2=5.8913e-02 r3=4.8795e-02 p=2.6117e-01 
New pars ( 184): DC=6.2012e+00 r2=5.8913e-02 r3=4.8795e-02 p=2.6117e-01 
New pars ( 185): DC=6.2012e+00 r2=5.8913e-02 r3=4.8795e-02 p=2.6117e-01 
New pars ( 186): DC=6.2012e+00 r2=5.8912e-02 r3=4.8795e-02 p=2.6117e-01 
New pars ( 187): DC=6.2012e+00 r2=5.8913e-02 r3=4.8795e-02 p=2.6117e-01 
New pars ( 188): DC=6.2012e+00 r2=5.8913e-02 r3=4.8794e-02 p=2.6117e-01 
New pars ( 189): DC=6.2012e+00 r2=5.8913e-02 r3=4.8795e-02 p=2.6118e-01 
New pars ( 190): DC=6.2012e+00 r2=5.8913e-02 r3=4.8795e-02 p=2.6117e-01 
New pars ( 191): DC=6.2012e+00 r2=5.8913e-02 r3=4.8795e-02 p=2.6117e-01 
New pars ( 192): DC=6.2012e+00 r2=5.8913e-02 r3=4.8795e-02 p=2.6117e-01 
New pars ( 193): DC=6.2012e+00 r2=5.8913e-02 r3=4.8795e-02 p=2.6117e-01 
New pars ( 194): DC=6.2012e+00 r2=5.8913e-02 r3=4.8795e-02 p=2.6117e-01 
New pars ( 195): DC=6.2012e+00 r2=5.8913e-02 r3=4.8795e-02 p=2.6117e-01 
New pars ( 196): DC=6.2012e+00 r2=5.8913e-02 r3=4.8794e-02 p=2.6117e-01 
New pars ( 197): DC=6.2012e+00 r2=5.8913e-02 r3=4.8795e-02 p=2.6117e-01 
New pars ( 198): DC=6.2012e+00 r2=5.8913e-02 r3=4.8795e-02 p=2.6117e-01 
New pars ( 199): DC=6.2012e+00 r2=5.8913e-02 r3=4.8795e-02 p=2.6117e-01 
New pars ( 200): DC=6.2012e+00 r2=5.8913e-02 r3=4.8795e-02 p=2.6117e-01 
New pars ( 201): DC=6.2012e+00 r2=5.8913e-02 r3=4.8795e-02 p=2.6117e-01 
New pars ( 202): DC=6.2012e+00 r2=5.8913e-02 r3=4.8795e-02 p=2.6118e-01 
New pars ( 203): DC=6.2012e+00 r2=5.8913e-02 r3=4.8795e-02 p=2.6118e-01 
New pars ( 204): DC=6.2012e+00 r2=5.8913e-02 r3=4.8795e-02 p=2.6118e-01 
 PARAMETER NUMBER   1 NOT A VARIABLE. IGNORED.
 THERE ARE NO MINOS ERRORS TO CALCULATE.
 PARAMETER NUMBER   2 NOT A VARIABLE. IGNORED.
 THERE ARE NO MINOS ERRORS TO CALCULATE.
New pars ( 205): DC=6.2494e+00 r2=5.8812e-02 r3=4.7032e-02 p=2.6546e-01 
New pars ( 206): DC=6.2494e+00 r2=5.8812e-02 r3=4.7032e-02 p=2.6546e-01 
New pars ( 207): DC=6.2494e+00 r2=5.8811e-02 r3=4.7032e-02 p=2.6546e-01 
New pars ( 208): DC=6.2494e+00 r2=5.8813e-02 r3=4.7032e-02 p=2.6546e-01 
New pars ( 209): DC=6.2494e+00 r2=5.8811e-02 r3=4.7032e-02 p=2.6546e-01 
New pars ( 210): DC=6.2494e+00 r2=5.8812e-02 r3=4.7033e-02 p=2.6546e-01 
New pars ( 211): DC=6.2494e+00 r2=5.8812e-02 r3=4.7031e-02 p=2.6546e-01 
New pars ( 212): DC=6.2494e+00 r2=5.8812e-02 r3=4.7032e-02 p=2.6547e-01 
New pars ( 213): DC=6.2494e+00 r2=5.8812e-02 r3=4.7032e-02 p=2.6546e-01 
New pars ( 214): DC=6.2494e+00 r2=5.8812e-02 r3=4.7032e-02 p=2.6548e-01 
New pars ( 215): DC=6.2494e+00 r2=5.8812e-02 r3=4.7032e-02 p=2.6545e-01 
New pars ( 216): DC=6.2494e+00 r2=5.8813e-02 r3=4.7026e-02 p=2.6550e-01 
New pars ( 217): DC=6.2494e+00 r2=5.8814e-02 r3=4.7026e-02 p=2.6550e-01 
New pars ( 218): DC=6.2494e+00 r2=5.8811e-02 r3=4.7026e-02 p=2.6550e-01 
New pars ( 219): DC=6.2494e+00 r2=5.8813e-02 r3=4.7028e-02 p=2.6550e-01 
New pars ( 220): DC=6.2494e+00 r2=5.8813e-02 r3=4.7024e-02 p=2.6550e-01 
New pars ( 221): DC=6.2494e+00 r2=5.8813e-02 r3=4.7026e-02 p=2.6552e-01 
New pars ( 222): DC=6.2494e+00 r2=5.8813e-02 r3=4.7026e-02 p=2.6548e-01 
New pars ( 223): DC=6.2490e+00 r2=5.8813e-02 r3=4.7026e-02 p=2.6550e-01 
New pars ( 224): DC=6.2490e+00 r2=5.8814e-02 r3=4.7026e-02 p=2.6550e-01 
New pars ( 225): DC=6.2490e+00 r2=5.8811e-02 r3=4.7026e-02 p=2.6550e-01 
New pars ( 226): DC=6.2490e+00 r2=5.8813e-02 r3=4.7028e-02 p=2.6550e-01 
New pars ( 227): DC=6.2490e+00 r2=5.8813e-02 r3=4.7024e-02 p=2.6550e-01 
New pars ( 228): DC=6.2490e+00 r2=5.8813e-02 r3=4.7026e-02 p=2.6552e-01 
New pars ( 229): DC=6.2490e+00 r2=5.8813e-02 r3=4.7026e-02 p=2.6548e-01 
New pars ( 230): DC=6.2490e+00 r2=5.8814e-02 r3=4.7039e-02 p=2.6546e-01 
New pars ( 231): DC=6.2490e+00 r2=5.8816e-02 r3=4.7039e-02 p=2.6546e-01 
New pars ( 232): DC=6.2490e+00 r2=5.8813e-02 r3=4.7039e-02 p=2.6546e-01 
New pars ( 233): DC=6.2490e+00 r2=5.8814e-02 r3=4.7042e-02 p=2.6546e-01 
New pars ( 234): DC=6.2490e+00 r2=5.8814e-02 r3=4.7037e-02 p=2.6546e-01 
New pars ( 235): DC=6.2490e+00 r2=5.8814e-02 r3=4.7039e-02 p=2.6548e-01 
New pars ( 236): DC=6.2490e+00 r2=5.8814e-02 r3=4.7039e-02 p=2.6545e-01 
New pars ( 237): DC=6.1530e+00 r2=5.9013e-02 r3=5.0557e-02 p=2.5688e-01 
New pars ( 238): DC=6.1530e+00 r2=5.9015e-02 r3=5.0557e-02 p=2.5688e-01 
New pars ( 239): DC=6.1530e+00 r2=5.9012e-02 r3=5.0557e-02 p=2.5688e-01 
New pars ( 240): DC=6.1530e+00 r2=5.9013e-02 r3=5.0560e-02 p=2.5688e-01 
New pars ( 241): DC=6.1530e+00 r2=5.9013e-02 r3=5.0555e-02 p=2.5688e-01 
New pars ( 242): DC=6.1530e+00 r2=5.9013e-02 r3=5.0557e-02 p=2.5690e-01 
New pars ( 243): DC=6.1530e+00 r2=5.9013e-02 r3=5.0557e-02 p=2.5687e-01 
New pars ( 244): DC=6.1530e+00 r2=5.9013e-02 r3=5.0553e-02 p=2.5694e-01 
New pars ( 245): DC=6.1530e+00 r2=5.9013e-02 r3=5.0553e-02 p=2.5693e-01 
New pars ( 246): DC=6.1530e+00 r2=5.9014e-02 r3=5.0553e-02 p=2.5693e-01 
New pars ( 247): DC=6.1530e+00 r2=5.9011e-02 r3=5.0553e-02 p=2.5693e-01 
New pars ( 248): DC=6.1530e+00 r2=5.9013e-02 r3=5.0555e-02 p=2.5693e-01 
New pars ( 249): DC=6.1530e+00 r2=5.9013e-02 r3=5.0551e-02 p=2.5693e-01 
New pars ( 250): DC=6.1530e+00 r2=5.9013e-02 r3=5.0553e-02 p=2.5695e-01 
New pars ( 251): DC=6.1530e+00 r2=5.9013e-02 r3=5.0553e-02 p=2.5692e-01 
New pars ( 252): DC=6.1527e+00 r2=5.9013e-02 r3=5.0553e-02 p=2.5693e-01 
New pars ( 253): DC=6.1527e+00 r2=5.9014e-02 r3=5.0553e-02 p=2.5693e-01 
New pars ( 254): DC=6.1527e+00 r2=5.9011e-02 r3=5.0553e-02 p=2.5693e-01 
New pars ( 255): DC=6.1527e+00 r2=5.9013e-02 r3=5.0555e-02 p=2.5693e-01 
New pars ( 256): DC=6.1527e+00 r2=5.9013e-02 r3=5.0551e-02 p=2.5693e-01 
New pars ( 257): DC=6.1527e+00 r2=5.9013e-02 r3=5.0553e-02 p=2.5695e-01 
New pars ( 258): DC=6.1527e+00 r2=5.9013e-02 r3=5.0553e-02 p=2.5692e-01 
New pars ( 259): DC=6.1527e+00 r2=5.9012e-02 r3=5.0568e-02 p=2.5691e-01 
New pars ( 260): DC=6.1527e+00 r2=5.9013e-02 r3=5.0568e-02 p=2.5691e-01 
New pars ( 261): DC=6.1527e+00 r2=5.9011e-02 r3=5.0568e-02 p=2.5691e-01 
New pars ( 262): DC=6.1527e+00 r2=5.9012e-02 r3=5.0570e-02 p=2.5691e-01 
New pars ( 263): DC=6.1527e+00 r2=5.9012e-02 r3=5.0565e-02 p=2.5691e-01 
New pars ( 264): DC=6.1527e+00 r2=5.9012e-02 r3=5.0568e-02 p=2.5693e-01 
New pars ( 265): DC=6.1527e+00 r2=5.9012e-02 r3=5.0568e-02 p=2.5689e-01 
New pars ( 266): DC=6.1527e+00 r2=5.9014e-02 r3=5.0566e-02 p=2.5690e-01 
New pars ( 267): DC=6.1527e+00 r2=5.9015e-02 r3=5.0566e-02 p=2.5690e-01 
New pars ( 268): DC=6.1527e+00 r2=5.9013e-02 r3=5.0566e-02 p=2.5690e-01 
New pars ( 269): DC=6.1527e+00 r2=5.9014e-02 r3=5.0568e-02 p=2.5690e-01 
New pars ( 270): DC=6.1527e+00 r2=5.9014e-02 r3=5.0564e-02 p=2.5690e-01 
New pars ( 271): DC=6.1527e+00 r2=5.9014e-02 r3=5.0566e-02 p=2.5691e-01 
New pars ( 272): DC=6.1527e+00 r2=5.9014e-02 r3=5.0566e-02 p=2.5688e-01 
 PARAMETER NUMBER   4 NOT A VARIABLE. IGNORED.
 THERE ARE NO MINOS ERRORS TO CALCULATE.
New pars ( 273): DC=6.1955e+00 r2=5.9755e-02 r3=4.8293e-02 p=2.5501e-01 
New pars ( 274): DC=6.1955e+00 r2=5.9755e-02 r3=4.8293e-02 p=2.5501e-01 
New pars ( 275): DC=6.1954e+00 r2=5.9755e-02 r3=4.8293e-02 p=2.5501e-01 
New pars ( 276): DC=6.1955e+00 r2=5.9755e-02 r3=4.8293e-02 p=2.5501e-01 
New pars ( 277): DC=6.1954e+00 r2=5.9755e-02 r3=4.8293e-02 p=2.5501e-01 
New pars ( 278): DC=6.1955e+00 r2=5.9755e-02 r3=4.8296e-02 p=2.5501e-01 
New pars ( 279): DC=6.1955e+00 r2=5.9755e-02 r3=4.8291e-02 p=2.5501e-01 
New pars ( 280): DC=6.1955e+00 r2=5.9755e-02 r3=4.8293e-02 p=2.5502e-01 
New pars ( 281): DC=6.1955e+00 r2=5.9755e-02 r3=4.8293e-02 p=2.5499e-01 
New pars ( 282): DC=6.1960e+00 r2=5.9755e-02 r3=4.8279e-02 p=2.5508e-01 
New pars ( 283): DC=6.1961e+00 r2=5.9755e-02 r3=4.8279e-02 p=2.5508e-01 
New pars ( 284): DC=6.1960e+00 r2=5.9755e-02 r3=4.8279e-02 p=2.5508e-01 
New pars ( 285): DC=6.1960e+00 r2=5.9755e-02 r3=4.8281e-02 p=2.5508e-01 
New pars ( 286): DC=6.1960e+00 r2=5.9755e-02 r3=4.8276e-02 p=2.5508e-01 
New pars ( 287): DC=6.1960e+00 r2=5.9755e-02 r3=4.8279e-02 p=2.5510e-01 
New pars ( 288): DC=6.1960e+00 r2=5.9755e-02 r3=4.8279e-02 p=2.5506e-01 
New pars ( 289): DC=6.2070e+00 r2=5.8071e-02 r3=4.9296e-02 p=2.6734e-01 
New pars ( 290): DC=6.2071e+00 r2=5.8071e-02 r3=4.9296e-02 p=2.6734e-01 
New pars ( 291): DC=6.2069e+00 r2=5.8071e-02 r3=4.9296e-02 p=2.6734e-01 
New pars ( 292): DC=6.2070e+00 r2=5.8071e-02 r3=4.9298e-02 p=2.6734e-01 
New pars ( 293): DC=6.2070e+00 r2=5.8071e-02 r3=4.9293e-02 p=2.6734e-01 
New pars ( 294): DC=6.2070e+00 r2=5.8071e-02 r3=4.9296e-02 p=2.6736e-01 
New pars ( 295): DC=6.2070e+00 r2=5.8071e-02 r3=4.9296e-02 p=2.6733e-01 
New pars ( 296): DC=6.2074e+00 r2=5.8071e-02 r3=4.9286e-02 p=2.6740e-01 
New pars ( 297): DC=6.2075e+00 r2=5.8071e-02 r3=4.9286e-02 p=2.6740e-01 
New pars ( 298): DC=6.2074e+00 r2=5.8071e-02 r3=4.9286e-02 p=2.6740e-01 
New pars ( 299): DC=6.2074e+00 r2=5.8071e-02 r3=4.9289e-02 p=2.6740e-01 
New pars ( 300): DC=6.2074e+00 r2=5.8071e-02 r3=4.9284e-02 p=2.6740e-01 
New pars ( 301): DC=6.2074e+00 r2=5.8071e-02 r3=4.9286e-02 p=2.6741e-01 
New pars ( 302): DC=6.2074e+00 r2=5.8071e-02 r3=4.9286e-02 p=2.6738e-01 
New pars ( 303): DC=6.2075e+00 r2=5.8071e-02 r3=4.9283e-02 p=2.6741e-01 
New pars ( 304): DC=6.2076e+00 r2=5.8071e-02 r3=4.9283e-02 p=2.6741e-01 
New pars ( 305): DC=6.2074e+00 r2=5.8071e-02 r3=4.9283e-02 p=2.6741e-01 
New pars ( 306): DC=6.2075e+00 r2=5.8071e-02 r3=4.9285e-02 p=2.6741e-01 
New pars ( 307): DC=6.2075e+00 r2=5.8071e-02 r3=4.9281e-02 p=2.6741e-01 
New pars ( 308): DC=6.2075e+00 r2=5.8071e-02 r3=4.9283e-02 p=2.6743e-01 
New pars ( 309): DC=6.2075e+00 r2=5.8071e-02 r3=4.9283e-02 p=2.6739e-01 
New pars ( 310): DC=6.1575e+00 r2=5.8696e-02 r3=5.0739e-02 p=2.5891e-01 
New pars ( 311): DC=6.1576e+00 r2=5.8696e-02 r3=5.0739e-02 p=2.5891e-01 
New pars ( 312): DC=6.1575e+00 r2=5.8696e-02 r3=5.0739e-02 p=2.5891e-01 
New pars ( 313): DC=6.1575e+00 r2=5.8697e-02 r3=5.0739e-02 p=2.5891e-01 
New pars ( 314): DC=6.1575e+00 r2=5.8694e-02 r3=5.0739e-02 p=2.5891e-01 
New pars ( 315): DC=6.1575e+00 r2=5.8696e-02 r3=5.0739e-02 p=2.5893e-01 
New pars ( 316): DC=6.1575e+00 r2=5.8696e-02 r3=5.0739e-02 p=2.5889e-01 
New pars ( 317): DC=6.1573e+00 r2=5.8701e-02 r3=5.0739e-02 p=2.5888e-01 
New pars ( 318): DC=6.1574e+00 r2=5.8701e-02 r3=5.0739e-02 p=2.5888e-01 
New pars ( 319): DC=6.1572e+00 r2=5.8701e-02 r3=5.0739e-02 p=2.5888e-01 
New pars ( 320): DC=6.1573e+00 r2=5.8703e-02 r3=5.0739e-02 p=2.5888e-01 
New pars ( 321): DC=6.1573e+00 r2=5.8700e-02 r3=5.0739e-02 p=2.5888e-01 
New pars ( 322): DC=6.1573e+00 r2=5.8701e-02 r3=5.0739e-02 p=2.5889e-01 
New pars ( 323): DC=6.1573e+00 r2=5.8701e-02 r3=5.0739e-02 p=2.5886e-01 
New pars ( 324): DC=6.2449e+00 r2=5.9130e-02 r3=4.6850e-02 p=2.6344e-01 
New pars ( 325): DC=6.2450e+00 r2=5.9130e-02 r3=4.6850e-02 p=2.6344e-01 
New pars ( 326): DC=6.2448e+00 r2=5.9130e-02 r3=4.6850e-02 p=2.6344e-01 
New pars ( 327): DC=6.2449e+00 r2=5.9131e-02 r3=4.6850e-02 p=2.6344e-01 
New pars ( 328): DC=6.2449e+00 r2=5.9128e-02 r3=4.6850e-02 p=2.6344e-01 
New pars ( 329): DC=6.2449e+00 r2=5.9130e-02 r3=4.6850e-02 p=2.6345e-01 
New pars ( 330): DC=6.2449e+00 r2=5.9130e-02 r3=4.6850e-02 p=2.6342e-01 
New pars ( 331): DC=6.2446e+00 r2=5.9137e-02 r3=4.6850e-02 p=2.6339e-01 
New pars ( 332): DC=6.2447e+00 r2=5.9137e-02 r3=4.6850e-02 p=2.6339e-01 
New pars ( 333): DC=6.2446e+00 r2=5.9137e-02 r3=4.6850e-02 p=2.6339e-01 
New pars ( 334): DC=6.2446e+00 r2=5.9138e-02 r3=4.6850e-02 p=2.6339e-01 
New pars ( 335): DC=6.2446e+00 r2=5.9135e-02 r3=4.6850e-02 p=2.6339e-01 
New pars ( 336): DC=6.2446e+00 r2=5.9137e-02 r3=4.6850e-02 p=2.6341e-01 
New pars ( 337): DC=6.2446e+00 r2=5.9137e-02 r3=4.6850e-02 p=2.6337e-01 
New pars ( 338): DC=6.2279e+00 r2=5.8242e-02 r3=4.8226e-02 p=2.6892e-01 
New pars ( 339): DC=6.2280e+00 r2=5.8242e-02 r3=4.8226e-02 p=2.6892e-01 
New pars ( 340): DC=6.2278e+00 r2=5.8242e-02 r3=4.8226e-02 p=2.6892e-01 
New pars ( 341): DC=6.2279e+00 r2=5.8243e-02 r3=4.8226e-02 p=2.6892e-01 
New pars ( 342): DC=6.2279e+00 r2=5.8241e-02 r3=4.8226e-02 p=2.6892e-01 
New pars ( 343): DC=6.2279e+00 r2=5.8242e-02 r3=4.8228e-02 p=2.6892e-01 
New pars ( 344): DC=6.2279e+00 r2=5.8242e-02 r3=4.8224e-02 p=2.6892e-01 
New pars ( 345): DC=6.2279e+00 r2=5.8252e-02 r3=4.8219e-02 p=2.6892e-01 
New pars ( 346): DC=6.2280e+00 r2=5.8252e-02 r3=4.8219e-02 p=2.6892e-01 
New pars ( 347): DC=6.2278e+00 r2=5.8252e-02 r3=4.8219e-02 p=2.6892e-01 
New pars ( 348): DC=6.2279e+00 r2=5.8253e-02 r3=4.8219e-02 p=2.6892e-01 
New pars ( 349): DC=6.2279e+00 r2=5.8251e-02 r3=4.8219e-02 p=2.6892e-01 
New pars ( 350): DC=6.2279e+00 r2=5.8252e-02 r3=4.8221e-02 p=2.6892e-01 
New pars ( 351): DC=6.2279e+00 r2=5.8252e-02 r3=4.8217e-02 p=2.6892e-01 
New pars ( 352): DC=6.2279e+00 r2=5.8252e-02 r3=4.8219e-02 p=2.6901e-01 
New pars ( 353): DC=6.2280e+00 r2=5.8252e-02 r3=4.8219e-02 p=2.6901e-01 
New pars ( 354): DC=6.2278e+00 r2=5.8252e-02 r3=4.8219e-02 p=2.6901e-01 
New pars ( 355): DC=6.2279e+00 r2=5.8253e-02 r3=4.8219e-02 p=2.6901e-01 
New pars ( 356): DC=6.2279e+00 r2=5.8251e-02 r3=4.8219e-02 p=2.6901e-01 
New pars ( 357): DC=6.2279e+00 r2=5.8252e-02 r3=4.8221e-02 p=2.6901e-01 
New pars ( 358): DC=6.2279e+00 r2=5.8252e-02 r3=4.8217e-02 p=2.6901e-01 
New pars ( 359): DC=6.2282e+00 r2=5.8244e-02 r3=4.8213e-02 p=2.6901e-01 
New pars ( 360): DC=6.2283e+00 r2=5.8244e-02 r3=4.8213e-02 p=2.6901e-01 
New pars ( 361): DC=6.2281e+00 r2=5.8244e-02 r3=4.8213e-02 p=2.6901e-01 
New pars ( 362): DC=6.2282e+00 r2=5.8246e-02 r3=4.8213e-02 p=2.6901e-01 
New pars ( 363): DC=6.2282e+00 r2=5.8243e-02 r3=4.8213e-02 p=2.6901e-01 
New pars ( 364): DC=6.2282e+00 r2=5.8244e-02 r3=4.8216e-02 p=2.6901e-01 
New pars ( 365): DC=6.2282e+00 r2=5.8244e-02 r3=4.8211e-02 p=2.6901e-01 
New pars ( 366): DC=6.1745e+00 r2=5.9583e-02 r3=4.9363e-02 p=2.5343e-01 
New pars ( 367): DC=6.1746e+00 r2=5.9583e-02 r3=4.9363e-02 p=2.5343e-01 
New pars ( 368): DC=6.1745e+00 r2=5.9583e-02 r3=4.9363e-02 p=2.5343e-01 
New pars ( 369): DC=6.1745e+00 r2=5.9585e-02 r3=4.9363e-02 p=2.5343e-01 
New pars ( 370): DC=6.1745e+00 r2=5.9582e-02 r3=4.9363e-02 p=2.5343e-01 
New pars ( 371): DC=6.1745e+00 r2=5.9583e-02 r3=4.9365e-02 p=2.5343e-01 
New pars ( 372): DC=6.1745e+00 r2=5.9583e-02 r3=4.9361e-02 p=2.5343e-01 
New pars ( 373): DC=6.1745e+00 r2=5.9592e-02 r3=4.9359e-02 p=2.5343e-01 
New pars ( 374): DC=6.1745e+00 r2=5.9593e-02 r3=4.9359e-02 p=2.5343e-01 
New pars ( 375): DC=6.1746e+00 r2=5.9593e-02 r3=4.9359e-02 p=2.5343e-01 
New pars ( 376): DC=6.1744e+00 r2=5.9593e-02 r3=4.9359e-02 p=2.5343e-01 
New pars ( 377): DC=6.1745e+00 r2=5.9594e-02 r3=4.9359e-02 p=2.5343e-01 
New pars ( 378): DC=6.1745e+00 r2=5.9591e-02 r3=4.9359e-02 p=2.5343e-01 
New pars ( 379): DC=6.1745e+00 r2=5.9593e-02 r3=4.9361e-02 p=2.5343e-01 
New pars ( 380): DC=6.1745e+00 r2=5.9593e-02 r3=4.9356e-02 p=2.5343e-01 
New pars ( 381): DC=6.1745e+00 r2=5.9593e-02 r3=4.9359e-02 p=2.5352e-01 
New pars ( 382): DC=6.1746e+00 r2=5.9593e-02 r3=4.9359e-02 p=2.5352e-01 
New pars ( 383): DC=6.1744e+00 r2=5.9593e-02 r3=4.9359e-02 p=2.5352e-01 
New pars ( 384): DC=6.1745e+00 r2=5.9594e-02 r3=4.9359e-02 p=2.5352e-01 
New pars ( 385): DC=6.1745e+00 r2=5.9591e-02 r3=4.9359e-02 p=2.5352e-01 
New pars ( 386): DC=6.1745e+00 r2=5.9593e-02 r3=4.9361e-02 p=2.5352e-01 
New pars ( 387): DC=6.1745e+00 r2=5.9593e-02 r3=4.9356e-02 p=2.5352e-01 
New pars ( 388): DC=6.1748e+00 r2=5.9585e-02 r3=4.9351e-02 p=2.5352e-01 
New pars ( 389): DC=6.1749e+00 r2=5.9585e-02 r3=4.9351e-02 p=2.5352e-01 
New pars ( 390): DC=6.1747e+00 r2=5.9585e-02 r3=4.9351e-02 p=2.5352e-01 
New pars ( 391): DC=6.1748e+00 r2=5.9587e-02 r3=4.9351e-02 p=2.5352e-01 
New pars ( 392): DC=6.1748e+00 r2=5.9584e-02 r3=4.9351e-02 p=2.5352e-01 
New pars ( 393): DC=6.1748e+00 r2=5.9585e-02 r3=4.9353e-02 p=2.5352e-01 
New pars ( 394): DC=6.1748e+00 r2=5.9585e-02 r3=4.9348e-02 p=2.5352e-01 
 PARAMETER NUMBER   8 NOT A VARIABLE. IGNORED.
 THERE ARE NO MINOS ERRORS TO CALCULATE.
 PARAMETER NUMBER   9 NOT A VARIABLE. IGNORED.
 THERE ARE NO MINOS ERRORS TO CALCULATE.
 PARAMETER NUMBER  10 NOT A VARIABLE. IGNORED.
 THERE ARE NO MINOS ERRORS TO CALCULATE.
 PARAMETER NUMBER  11 NOT A VARIABLE. IGNORED.
 THERE ARE NO MINOS ERRORS TO CALCULATE.
 PARAMETER NUMBER  12 NOT A VARIABLE. IGNORED.
 THERE ARE NO MINOS ERRORS TO CALCULATE.
 PARAMETER NUMBER  13 NOT A VARIABLE. IGNORED.
 THERE ARE NO MINOS ERRORS TO CALCULATE.
 PARAMETER NUMBER  14 NOT A VARIABLE. IGNORED.
 THERE ARE NO MINOS ERRORS TO CALCULATE.
 PARAMETER NUMBER  15 NOT A VARIABLE. IGNORED.
 THERE ARE NO MINOS ERRORS TO CALCULATE.
 PARAMETER NUMBER  16 NOT A VARIABLE. IGNORED.
 THERE ARE NO MINOS ERRORS TO CALCULATE.
 PARAMETER NUMBER  17 NOT A VARIABLE. IGNORED.
 THERE ARE NO MINOS ERRORS TO CALCULATE.
 PARAMETER NUMBER  18 NOT A VARIABLE. IGNORED.
 THERE ARE NO MINOS ERRORS TO CALCULATE.
 PARAMETER NUMBER  19 NOT A VARIABLE. IGNORED.
 THERE ARE NO MINOS ERRORS TO CALCULATE.
 PARAMETER NUMBER  20 NOT A VARIABLE. IGNORED.
 THERE ARE NO MINOS ERRORS TO CALCULATE.
 PARAMETER NUMBER  21 NOT A VARIABLE. IGNORED.
 THERE ARE NO MINOS ERRORS TO CALCULATE.
New pars ( 395): DC=6.2012e+00 r2=5.8913e-02 r3=4.8795e-02 p=2.6117e-01 

Fitting done in 340000 clicks (0.340000 seconds).
Fit status = 4000
Cov status = 1
Fit valid? = 1

****************************************
Minimizer is Minuit / MigradImproved
Chi2                      =      334.854
NDf                       =          296
Edm                       =  4.89428e-07
NCalls                    =          182
# Cyc's                   =         5486                      	 (fixed)
Bin width                 =          100                      	 (fixed)
DC rate                   =      6.20122   +/-   0.0481843   
Rate 1                    =            0                      	 (fixed)
Rate 2                    =    0.0589126   +/-   0.000842526 
Rate 3                    =    0.0487945   +/-   0.00194445  
Capt eff                  =     0.261174   +/-   0.00774844  
Capt ret                  =            1                      	 (fixed)
T eff                     =         0.87                      	 (fixed)
U eff                     =         0.13                      	 (fixed)
V eff                     =         0.61                      	 (fixed)
W eff                     =            1                      	 (fixed)
X eff                     =         0.73                      	 (fixed)
Y eff                     =            1                      	 (fixed)
Z eff                     =        0.774                      	 (fixed)
T1 loss                   =            0                      	 (fixed)
T2 loss                   =         0.03                      	 (fixed)
T3 loss                   =            0                      	 (fixed)
U1 loss                   =        2e-10                      	 (fixed)
U2 loss                   =        2e-10                      	 (fixed)
U3 loss                   =        2e-10                      	 (fixed)

Covariance Matrix:

            	     DC rate      Rate 2      Rate 3    Capt eff
DC rate     	   0.0023217 -4.8746e-06 -8.4929e-05  0.00020686
Rate 2      	 -4.8746e-06  7.0985e-07 -4.2173e-07 -5.2018e-06
Rate 3      	 -8.4929e-05 -4.2173e-07  3.7809e-06 -4.4021e-06
Capt eff    	  0.00020686 -5.2018e-06 -4.4021e-06  6.0038e-05

Correlation Matrix:

            	     DC rate      Rate 2      Rate 3    Capt eff
DC rate     	           1    -0.12007    -0.90647     0.55406
Rate 2      	    -0.12007           1    -0.25742    -0.79681
Rate 3      	    -0.90647    -0.25742           1    -0.29218
Capt eff    	     0.55406    -0.79681    -0.29218           1

Integrals computed in 300000 clicks (0.300000 seconds).
Errors computed in 960000 clicks (0.960000 seconds).

~~~~~~~~~~~~~~~~~~~~~~~~~~~~~~~~~~~~~~~~~~~~~~~~~~~~~~~~~~~~~~~~~~~~~
NUMBER OF BETAS DETECTED, by population:
~~~~~~~~~~~~~~~~~~~~~~~~~~~~~~~~~~~~~~~~~~~~~~~~~~~~~~~~~~~~~~~~~~~~~
T1 integral = 0.0 +/- 0.0
U1 integral = 0.0 +/- 0.0
T2 integral = 185559.2 +/- 3750.6
U2 integral = 245340.2 +/- 5658.6
T3 integral = 54632.6 +/- 2303.2
U3 integral = 250615.0 +/- 8087.9
DC integral = 1020596.6 +/- 7930.2
~~~~~~~~~~~~~~~~~~~~~~~~~~~~~~~~~~~~~~~~~~~~~~~~~~~~~~~~~~~~~~~~~~~~~
Sum of above = 1756743.6 +/- 13405.0 <-- no cov in unc
All integral = 1756743.6 +/- 1353.0
~~~~~~~~~~~~~~~~~~~~~~~~~~~~~~~~~~~~~~~~~~~~~~~~~~~~~~~~~~~~~~~~~~~~~


BFit2 done. Timer = 1.6 sec.
Elapsed time = 1.53 sec.

