Timestamp = Wed Apr 15 22:05:11 2015

Importing metadata from CSV files...
Imported 68 BDN cases
Imported 105 BFit cases
Performing BFit with BDN case 134sb0103 and BFit case 134sb0103_07

BFit started. Timer = 0.05 sec.

~~~~~~~~~~~~~~~~~~~~~~~~~~~~~~~~~~~~~~~~~~~~~~~~~~~~~~~~~~~~~~~~~~~~~
BETA SINGLES MODEL
~~~~~~~~~~~~~~~~~~~~~~~~~~~~~~~~~~~~~~~~~~~~~~~~~~~~~~~~~~~~~~~~~~~~~
Case: 134sb0103
File: /music/bpt1/bpt/bdn/shane/134sb/rootfiles/134sb0103.root
Histogram: h_betas_vs_cycle_time
Total cycle time	=     10.200 s
Background time		=      4.300 s
Capture cycle time	=      0.600 s
Last capture time	=      0.500 s
134-Sn halflife		=      1.050 s  (lifetime      1.515 s)
134-Sb halflife		=      0.780 s  (lifetime      1.125 s)
134-Sb-m halflife		=     10.070 s  (lifetime     14.528 s)
~~~~~~~~~~~~~~~~~~~~~~~~~~~~~~~~~~~~~~~~~~~~~~~~~~~~~~~~~~~~~~~~~~~~~
HISTOGRAM REBINNED
   Number of hist bins = 408
   Number of fn points = 10200
   Number of pts/bin   = 25
~~~~~~~~~~~~~~~~~~~~~~~~~~~~~~~~~~~~~~~~~~~~~~~~~~~~~~~~~~~~~~~~~~~~~
Doing fit with option string: QROMESLL
~~~~~~~~~~~~~~~~~~~~~~~~~~~~~~~~~~~~~~~~~~~~~~~~~~~~~~~~~~~~~~~~~~~~~
PARAMETER SEED VALUES
~~~~~~~~~~~~~~~~~~~~~~~~~~~~~~~~~~~~~~~~~~~~~~~~~~~~~~~~~~~~~~~~~~~~~
      Par name  Varying?	Par init val and step
~~~~~~~~~~~~~~~~~~~~~~~~~~~~~~~~~~~~~~~~~~~~~~~~~~~~~~~~~~~~~~~~~~~~~
       # Cyc's         0	11518 +/- 0.01
     Bin width         0	25 +/- 0.01
       DC rate         1	12.8 +/- 0.1
        Rate 1         0	0 +/- 0.004
        Rate 2         1	0.0405 +/- 0.00024
        Rate 3         1	0.1036 +/- 0.0002
      Capt eff         0	0.6 +/- 0.0075
      Capt ret         0	1 +/- 0.01
         T eff         0	0.87 +/- 0.01
         U eff         0	1 +/- 0.01
         V eff         1	0.844 +/- 0.01
         W eff         0	0 +/- 0.01
         X eff         0	1 +/- 0.01
         Y eff         0	1 +/- 0.01
         Z eff         1	0.9 +/- 0.01
       T1 loss         0	0 +/- 0.01
       T2 loss         0	0.0263 +/- 0.01
       T3 loss         0	0.0263 +/- 0.01
       U1 loss         0	2e-10 +/- 0.01
       U2 loss         0	2e-10 +/- 0.01
       U3 loss         0	2e-10 +/- 0.01
~~~~~~~~~~~~~~~~~~~~~~~~~~~~~~~~~~~~~~~~~~~~~~~~~~~~~~~~~~~~~~~~~~~~~
134-Sb data detected. Forcing gammaT3 = gammaT2. YOU SHOULD GUARANTEE THAT X3 = Y3 = 0. You can set epsX = epsY = 0.

Ini pars (   0): DC=1.2800e+01 r2=4.0500e-02 r3=1.0360e-01 epsV=8.4400e-01 epsZ=9.0000e-01 
New pars (   1): DC=1.2801e+01 r2=4.0500e-02 r3=1.0360e-01 epsV=8.4400e-01 epsZ=9.0000e-01 
New pars (   2): DC=1.2799e+01 r2=4.0500e-02 r3=1.0360e-01 epsV=8.4400e-01 epsZ=9.0000e-01 
New pars (   3): DC=1.2800e+01 r2=4.0500e-02 r3=1.0360e-01 epsV=8.4400e-01 epsZ=9.0000e-01 
New pars (   4): DC=1.2800e+01 r2=4.0500e-02 r3=1.0360e-01 epsV=8.4400e-01 epsZ=9.0000e-01 
New pars (   5): DC=1.2800e+01 r2=4.0502e-02 r3=1.0360e-01 epsV=8.4400e-01 epsZ=9.0000e-01 
New pars (   6): DC=1.2800e+01 r2=4.0498e-02 r3=1.0360e-01 epsV=8.4400e-01 epsZ=9.0000e-01 
New pars (   7): DC=1.2800e+01 r2=4.0502e-02 r3=1.0360e-01 epsV=8.4400e-01 epsZ=9.0000e-01 
New pars (   8): DC=1.2800e+01 r2=4.0498e-02 r3=1.0360e-01 epsV=8.4400e-01 epsZ=9.0000e-01 
New pars (   9): DC=1.2800e+01 r2=4.0500e-02 r3=1.0360e-01 epsV=8.4400e-01 epsZ=9.0000e-01 
New pars (  10): DC=1.2800e+01 r2=4.0500e-02 r3=1.0360e-01 epsV=8.4400e-01 epsZ=9.0000e-01 
New pars (  11): DC=1.2800e+01 r2=4.0500e-02 r3=1.0360e-01 epsV=8.4400e-01 epsZ=9.0000e-01 
New pars (  12): DC=1.2800e+01 r2=4.0500e-02 r3=1.0360e-01 epsV=8.4400e-01 epsZ=9.0000e-01 
New pars (  13): DC=1.2800e+01 r2=4.0500e-02 r3=1.0360e-01 epsV=8.4410e-01 epsZ=9.0000e-01 
New pars (  14): DC=1.2640e+01 r2=3.9462e-02 r3=1.0051e-01 epsV=8.4840e-01 epsZ=9.5425e-01 
New pars (  15): DC=1.2765e+01 r2=4.0275e-02 r3=1.0293e-01 epsV=8.4495e-01 epsZ=9.1177e-01 
New pars (  16): DC=1.2766e+01 r2=4.0275e-02 r3=1.0293e-01 epsV=8.4495e-01 epsZ=9.1177e-01 
New pars (  17): DC=1.2765e+01 r2=4.0275e-02 r3=1.0293e-01 epsV=8.4495e-01 epsZ=9.1177e-01 
New pars (  18): DC=1.2765e+01 r2=4.0276e-02 r3=1.0293e-01 epsV=8.4495e-01 epsZ=9.1177e-01 
New pars (  19): DC=1.2765e+01 r2=4.0273e-02 r3=1.0293e-01 epsV=8.4495e-01 epsZ=9.1177e-01 
New pars (  20): DC=1.2765e+01 r2=4.0275e-02 r3=1.0293e-01 epsV=8.4495e-01 epsZ=9.1177e-01 
New pars (  21): DC=1.2765e+01 r2=4.0275e-02 r3=1.0293e-01 epsV=8.4495e-01 epsZ=9.1177e-01 
New pars (  22): DC=1.2765e+01 r2=4.0275e-02 r3=1.0293e-01 epsV=8.4496e-01 epsZ=9.1177e-01 
New pars (  23): DC=1.2749e+01 r2=4.0670e-02 r3=1.0294e-01 epsV=8.4501e-01 epsZ=9.1605e-01 
New pars (  24): DC=1.2712e+01 r2=4.1562e-02 r3=1.0296e-01 epsV=8.4513e-01 epsZ=9.2570e-01 
New pars (  25): DC=1.2712e+01 r2=4.1562e-02 r3=1.0296e-01 epsV=8.4513e-01 epsZ=9.2570e-01 
New pars (  26): DC=1.2712e+01 r2=4.1562e-02 r3=1.0296e-01 epsV=8.4513e-01 epsZ=9.2570e-01 
New pars (  27): DC=1.2712e+01 r2=4.1563e-02 r3=1.0296e-01 epsV=8.4513e-01 epsZ=9.2570e-01 
New pars (  28): DC=1.2712e+01 r2=4.1560e-02 r3=1.0296e-01 epsV=8.4513e-01 epsZ=9.2570e-01 
New pars (  29): DC=1.2712e+01 r2=4.1562e-02 r3=1.0296e-01 epsV=8.4513e-01 epsZ=9.2570e-01 
New pars (  30): DC=1.2712e+01 r2=4.1562e-02 r3=1.0296e-01 epsV=8.4513e-01 epsZ=9.2570e-01 
New pars (  31): DC=1.2712e+01 r2=4.1562e-02 r3=1.0296e-01 epsV=8.4513e-01 epsZ=9.2570e-01 
New pars (  32): DC=1.2712e+01 r2=4.1561e-02 r3=1.0300e-01 epsV=8.4517e-01 epsZ=9.2577e-01 
New pars (  33): DC=1.2709e+01 r2=4.1559e-02 r3=1.0316e-01 epsV=8.4534e-01 epsZ=9.2601e-01 
New pars (  34): DC=1.2703e+01 r2=4.1555e-02 r3=1.0357e-01 epsV=8.4576e-01 epsZ=9.2664e-01 
New pars (  35): DC=1.2692e+01 r2=4.1545e-02 r3=1.0433e-01 epsV=8.4656e-01 epsZ=9.2782e-01 
New pars (  36): DC=1.2692e+01 r2=4.1545e-02 r3=1.0433e-01 epsV=8.4656e-01 epsZ=9.2782e-01 
New pars (  37): DC=1.2692e+01 r2=4.1545e-02 r3=1.0433e-01 epsV=8.4656e-01 epsZ=9.2782e-01 
New pars (  38): DC=1.2692e+01 r2=4.1547e-02 r3=1.0433e-01 epsV=8.4656e-01 epsZ=9.2782e-01 
New pars (  39): DC=1.2692e+01 r2=4.1544e-02 r3=1.0433e-01 epsV=8.4656e-01 epsZ=9.2782e-01 
New pars (  40): DC=1.2692e+01 r2=4.1545e-02 r3=1.0434e-01 epsV=8.4656e-01 epsZ=9.2782e-01 
New pars (  41): DC=1.2692e+01 r2=4.1545e-02 r3=1.0433e-01 epsV=8.4656e-01 epsZ=9.2782e-01 
New pars (  42): DC=1.2692e+01 r2=4.1545e-02 r3=1.0433e-01 epsV=8.4657e-01 epsZ=9.2782e-01 
New pars (  43): DC=1.2683e+01 r2=4.1492e-02 r3=1.0534e-01 epsV=8.4748e-01 epsZ=9.2769e-01 
New pars (  44): DC=1.2648e+01 r2=4.1283e-02 r3=1.0931e-01 epsV=8.5108e-01 epsZ=9.2717e-01 
New pars (  45): DC=1.2641e+01 r2=4.1242e-02 r3=1.1008e-01 epsV=8.5178e-01 epsZ=9.2707e-01 
New pars (  46): DC=1.2637e+01 r2=4.1216e-02 r3=1.1056e-01 epsV=8.5222e-01 epsZ=9.2701e-01 
New pars (  47): DC=1.2637e+01 r2=4.1216e-02 r3=1.1056e-01 epsV=8.5222e-01 epsZ=9.2701e-01 
New pars (  48): DC=1.2637e+01 r2=4.1216e-02 r3=1.1056e-01 epsV=8.5222e-01 epsZ=9.2701e-01 
New pars (  49): DC=1.2637e+01 r2=4.1218e-02 r3=1.1056e-01 epsV=8.5222e-01 epsZ=9.2701e-01 
New pars (  50): DC=1.2637e+01 r2=4.1215e-02 r3=1.1056e-01 epsV=8.5222e-01 epsZ=9.2701e-01 
New pars (  51): DC=1.2637e+01 r2=4.1216e-02 r3=1.1057e-01 epsV=8.5222e-01 epsZ=9.2701e-01 
New pars (  52): DC=1.2637e+01 r2=4.1216e-02 r3=1.1056e-01 epsV=8.5222e-01 epsZ=9.2701e-01 
New pars (  53): DC=1.2637e+01 r2=4.1216e-02 r3=1.1056e-01 epsV=8.5222e-01 epsZ=9.2701e-01 
New pars (  54): DC=1.2639e+01 r2=4.1244e-02 r3=1.1043e-01 epsV=8.5206e-01 epsZ=9.2696e-01 
New pars (  55): DC=1.2639e+01 r2=4.1238e-02 r3=1.1046e-01 epsV=8.5209e-01 epsZ=9.2697e-01 
New pars (  56): DC=1.2639e+01 r2=4.1238e-02 r3=1.1046e-01 epsV=8.5209e-01 epsZ=9.2697e-01 
New pars (  57): DC=1.2639e+01 r2=4.1238e-02 r3=1.1046e-01 epsV=8.5209e-01 epsZ=9.2697e-01 
New pars (  58): DC=1.2639e+01 r2=4.1240e-02 r3=1.1046e-01 epsV=8.5209e-01 epsZ=9.2697e-01 
New pars (  59): DC=1.2639e+01 r2=4.1237e-02 r3=1.1046e-01 epsV=8.5209e-01 epsZ=9.2697e-01 
New pars (  60): DC=1.2639e+01 r2=4.1238e-02 r3=1.1046e-01 epsV=8.5209e-01 epsZ=9.2697e-01 
New pars (  61): DC=1.2639e+01 r2=4.1238e-02 r3=1.1045e-01 epsV=8.5209e-01 epsZ=9.2697e-01 
New pars (  62): DC=1.2639e+01 r2=4.1238e-02 r3=1.1046e-01 epsV=8.5210e-01 epsZ=9.2697e-01 
New pars (  63): DC=1.2637e+01 r2=4.1245e-02 r3=1.1062e-01 epsV=8.5225e-01 epsZ=9.2724e-01 
New pars (  64): DC=1.2636e+01 r2=4.1250e-02 r3=1.1076e-01 epsV=8.5239e-01 epsZ=9.2747e-01 
New pars (  65): DC=1.2636e+01 r2=4.1250e-02 r3=1.1076e-01 epsV=8.5239e-01 epsZ=9.2747e-01 
New pars (  66): DC=1.2636e+01 r2=4.1250e-02 r3=1.1076e-01 epsV=8.5239e-01 epsZ=9.2747e-01 
New pars (  67): DC=1.2636e+01 r2=4.1251e-02 r3=1.1076e-01 epsV=8.5239e-01 epsZ=9.2747e-01 
New pars (  68): DC=1.2636e+01 r2=4.1248e-02 r3=1.1076e-01 epsV=8.5239e-01 epsZ=9.2747e-01 
New pars (  69): DC=1.2636e+01 r2=4.1250e-02 r3=1.1076e-01 epsV=8.5239e-01 epsZ=9.2747e-01 
New pars (  70): DC=1.2636e+01 r2=4.1250e-02 r3=1.1076e-01 epsV=8.5239e-01 epsZ=9.2747e-01 
New pars (  71): DC=1.2636e+01 r2=4.1250e-02 r3=1.1076e-01 epsV=8.5239e-01 epsZ=9.2747e-01 
New pars (  72): DC=1.2637e+01 r2=4.1247e-02 r3=1.1081e-01 epsV=8.5244e-01 epsZ=9.2768e-01 
New pars (  73): DC=1.2640e+01 r2=4.1236e-02 r3=1.1099e-01 epsV=8.5266e-01 epsZ=9.2851e-01 
New pars (  74): DC=1.2649e+01 r2=4.1209e-02 r3=1.1144e-01 epsV=8.5320e-01 epsZ=9.3059e-01 
New pars (  75): DC=1.2649e+01 r2=4.1209e-02 r3=1.1144e-01 epsV=8.5320e-01 epsZ=9.3059e-01 
New pars (  76): DC=1.2648e+01 r2=4.1209e-02 r3=1.1144e-01 epsV=8.5320e-01 epsZ=9.3059e-01 
New pars (  77): DC=1.2649e+01 r2=4.1210e-02 r3=1.1144e-01 epsV=8.5320e-01 epsZ=9.3059e-01 
New pars (  78): DC=1.2649e+01 r2=4.1207e-02 r3=1.1144e-01 epsV=8.5320e-01 epsZ=9.3059e-01 
New pars (  79): DC=1.2649e+01 r2=4.1209e-02 r3=1.1145e-01 epsV=8.5320e-01 epsZ=9.3059e-01 
New pars (  80): DC=1.2649e+01 r2=4.1209e-02 r3=1.1144e-01 epsV=8.5320e-01 epsZ=9.3059e-01 
New pars (  81): DC=1.2649e+01 r2=4.1209e-02 r3=1.1144e-01 epsV=8.5321e-01 epsZ=9.3059e-01 
New pars (  82): DC=1.2659e+01 r2=4.1240e-02 r3=1.1141e-01 epsV=8.5331e-01 epsZ=9.3309e-01 
New pars (  83): DC=1.2700e+01 r2=4.1362e-02 r3=1.1130e-01 epsV=8.5373e-01 epsZ=9.4271e-01 
New pars (  84): DC=1.2700e+01 r2=4.1362e-02 r3=1.1130e-01 epsV=8.5373e-01 epsZ=9.4271e-01 
New pars (  85): DC=1.2700e+01 r2=4.1362e-02 r3=1.1130e-01 epsV=8.5373e-01 epsZ=9.4271e-01 
New pars (  86): DC=1.2700e+01 r2=4.1364e-02 r3=1.1130e-01 epsV=8.5373e-01 epsZ=9.4271e-01 
New pars (  87): DC=1.2700e+01 r2=4.1361e-02 r3=1.1130e-01 epsV=8.5373e-01 epsZ=9.4271e-01 
New pars (  88): DC=1.2700e+01 r2=4.1362e-02 r3=1.1130e-01 epsV=8.5373e-01 epsZ=9.4271e-01 
New pars (  89): DC=1.2700e+01 r2=4.1362e-02 r3=1.1130e-01 epsV=8.5373e-01 epsZ=9.4271e-01 
New pars (  90): DC=1.2700e+01 r2=4.1362e-02 r3=1.1130e-01 epsV=8.5373e-01 epsZ=9.4271e-01 
New pars (  91): DC=1.2700e+01 r2=4.1365e-02 r3=1.1116e-01 epsV=8.5358e-01 epsZ=9.4239e-01 
New pars (  92): DC=1.2700e+01 r2=4.1365e-02 r3=1.1113e-01 epsV=8.5355e-01 epsZ=9.4233e-01 
New pars (  93): DC=1.2700e+01 r2=4.1365e-02 r3=1.1113e-01 epsV=8.5355e-01 epsZ=9.4233e-01 
New pars (  94): DC=1.2699e+01 r2=4.1365e-02 r3=1.1113e-01 epsV=8.5355e-01 epsZ=9.4233e-01 
New pars (  95): DC=1.2700e+01 r2=4.1367e-02 r3=1.1113e-01 epsV=8.5355e-01 epsZ=9.4233e-01 
New pars (  96): DC=1.2700e+01 r2=4.1364e-02 r3=1.1113e-01 epsV=8.5355e-01 epsZ=9.4233e-01 
New pars (  97): DC=1.2700e+01 r2=4.1365e-02 r3=1.1113e-01 epsV=8.5355e-01 epsZ=9.4233e-01 
New pars (  98): DC=1.2700e+01 r2=4.1365e-02 r3=1.1112e-01 epsV=8.5355e-01 epsZ=9.4233e-01 
New pars (  99): DC=1.2700e+01 r2=4.1365e-02 r3=1.1113e-01 epsV=8.5356e-01 epsZ=9.4233e-01 
New pars ( 100): DC=1.2700e+01 r2=4.1366e-02 r3=1.1113e-01 epsV=8.5356e-01 epsZ=9.4236e-01 
New pars ( 101): DC=1.2700e+01 r2=4.1366e-02 r3=1.1113e-01 epsV=8.5357e-01 epsZ=9.4238e-01 
New pars ( 102): DC=1.2700e+01 r2=4.1366e-02 r3=1.1113e-01 epsV=8.5357e-01 epsZ=9.4238e-01 
New pars ( 103): DC=1.2700e+01 r2=4.1366e-02 r3=1.1113e-01 epsV=8.5357e-01 epsZ=9.4238e-01 
New pars ( 104): DC=1.2700e+01 r2=4.1367e-02 r3=1.1113e-01 epsV=8.5357e-01 epsZ=9.4238e-01 
New pars ( 105): DC=1.2700e+01 r2=4.1364e-02 r3=1.1113e-01 epsV=8.5357e-01 epsZ=9.4238e-01 
New pars ( 106): DC=1.2700e+01 r2=4.1366e-02 r3=1.1114e-01 epsV=8.5357e-01 epsZ=9.4238e-01 
New pars ( 107): DC=1.2700e+01 r2=4.1366e-02 r3=1.1113e-01 epsV=8.5357e-01 epsZ=9.4238e-01 
New pars ( 108): DC=1.2700e+01 r2=4.1366e-02 r3=1.1113e-01 epsV=8.5357e-01 epsZ=9.4238e-01 
New pars ( 109): DC=1.2700e+01 r2=4.1366e-02 r3=1.1113e-01 epsV=8.5357e-01 epsZ=9.4238e-01 
New pars ( 110): DC=1.2700e+01 r2=4.1366e-02 r3=1.1113e-01 epsV=8.5357e-01 epsZ=9.4236e-01 
New pars ( 111): DC=1.2700e+01 r2=4.1367e-02 r3=1.1113e-01 epsV=8.5357e-01 epsZ=9.4232e-01 
New pars ( 112): DC=1.2701e+01 r2=4.1370e-02 r3=1.1111e-01 epsV=8.5359e-01 epsZ=9.4220e-01 
New pars ( 113): DC=1.2702e+01 r2=4.1375e-02 r3=1.1109e-01 epsV=8.5361e-01 epsZ=9.4201e-01 
New pars ( 114): DC=1.2702e+01 r2=4.1375e-02 r3=1.1109e-01 epsV=8.5361e-01 epsZ=9.4201e-01 
New pars ( 115): DC=1.2701e+01 r2=4.1375e-02 r3=1.1109e-01 epsV=8.5361e-01 epsZ=9.4201e-01 
New pars ( 116): DC=1.2702e+01 r2=4.1376e-02 r3=1.1109e-01 epsV=8.5361e-01 epsZ=9.4201e-01 
New pars ( 117): DC=1.2702e+01 r2=4.1373e-02 r3=1.1109e-01 epsV=8.5361e-01 epsZ=9.4201e-01 
New pars ( 118): DC=1.2702e+01 r2=4.1375e-02 r3=1.1109e-01 epsV=8.5361e-01 epsZ=9.4201e-01 
New pars ( 119): DC=1.2702e+01 r2=4.1375e-02 r3=1.1109e-01 epsV=8.5361e-01 epsZ=9.4201e-01 
New pars ( 120): DC=1.2702e+01 r2=4.1375e-02 r3=1.1109e-01 epsV=8.5361e-01 epsZ=9.4201e-01 
New pars ( 121): DC=1.2702e+01 r2=4.1375e-02 r3=1.1109e-01 epsV=8.5361e-01 epsZ=9.4201e-01 
New pars ( 122): DC=1.2702e+01 r2=4.1375e-02 r3=1.1109e-01 epsV=8.5361e-01 epsZ=9.4198e-01 
New pars ( 123): DC=1.2702e+01 r2=4.1376e-02 r3=1.1109e-01 epsV=8.5362e-01 epsZ=9.4192e-01 
New pars ( 124): DC=1.2702e+01 r2=4.1379e-02 r3=1.1108e-01 epsV=8.5363e-01 epsZ=9.4172e-01 
New pars ( 125): DC=1.2702e+01 r2=4.1387e-02 r3=1.1106e-01 epsV=8.5368e-01 epsZ=9.4114e-01 
New pars ( 126): DC=1.2703e+01 r2=4.1413e-02 r3=1.1100e-01 epsV=8.5383e-01 epsZ=9.3938e-01 
New pars ( 127): DC=1.2705e+01 r2=4.1469e-02 r3=1.1085e-01 epsV=8.5417e-01 epsZ=9.3552e-01 
New pars ( 128): DC=1.2705e+01 r2=4.1469e-02 r3=1.1085e-01 epsV=8.5417e-01 epsZ=9.3552e-01 
New pars ( 129): DC=1.2705e+01 r2=4.1469e-02 r3=1.1085e-01 epsV=8.5417e-01 epsZ=9.3552e-01 
New pars ( 130): DC=1.2705e+01 r2=4.1470e-02 r3=1.1085e-01 epsV=8.5417e-01 epsZ=9.3552e-01 
New pars ( 131): DC=1.2705e+01 r2=4.1467e-02 r3=1.1085e-01 epsV=8.5417e-01 epsZ=9.3552e-01 
New pars ( 132): DC=1.2705e+01 r2=4.1469e-02 r3=1.1086e-01 epsV=8.5417e-01 epsZ=9.3552e-01 
New pars ( 133): DC=1.2705e+01 r2=4.1469e-02 r3=1.1085e-01 epsV=8.5417e-01 epsZ=9.3552e-01 
New pars ( 134): DC=1.2705e+01 r2=4.1469e-02 r3=1.1085e-01 epsV=8.5417e-01 epsZ=9.3552e-01 
New pars ( 135): DC=1.2725e+01 r2=4.1978e-02 r3=1.0964e-01 epsV=8.5722e-01 epsZ=9.0098e-01 
New pars ( 136): DC=1.2723e+01 r2=4.1943e-02 r3=1.0972e-01 epsV=8.5702e-01 epsZ=9.0330e-01 
New pars ( 137): DC=1.2723e+01 r2=4.1943e-02 r3=1.0972e-01 epsV=8.5702e-01 epsZ=9.0330e-01 
New pars ( 138): DC=1.2723e+01 r2=4.1943e-02 r3=1.0972e-01 epsV=8.5702e-01 epsZ=9.0330e-01 
New pars ( 139): DC=1.2723e+01 r2=4.1945e-02 r3=1.0972e-01 epsV=8.5702e-01 epsZ=9.0330e-01 
New pars ( 140): DC=1.2723e+01 r2=4.1942e-02 r3=1.0972e-01 epsV=8.5702e-01 epsZ=9.0330e-01 
New pars ( 141): DC=1.2723e+01 r2=4.1943e-02 r3=1.0972e-01 epsV=8.5702e-01 epsZ=9.0330e-01 
New pars ( 142): DC=1.2723e+01 r2=4.1943e-02 r3=1.0972e-01 epsV=8.5702e-01 epsZ=9.0330e-01 
New pars ( 143): DC=1.2723e+01 r2=4.1943e-02 r3=1.0972e-01 epsV=8.5702e-01 epsZ=9.0330e-01 
New pars ( 144): DC=1.2724e+01 r2=4.1948e-02 r3=1.0972e-01 epsV=8.5704e-01 epsZ=9.0311e-01 
New pars ( 145): DC=1.2724e+01 r2=4.1948e-02 r3=1.0972e-01 epsV=8.5704e-01 epsZ=9.0309e-01 
New pars ( 146): DC=1.2724e+01 r2=4.1948e-02 r3=1.0972e-01 epsV=8.5704e-01 epsZ=9.0309e-01 
New pars ( 147): DC=1.2723e+01 r2=4.1948e-02 r3=1.0972e-01 epsV=8.5704e-01 epsZ=9.0309e-01 
New pars ( 148): DC=1.2724e+01 r2=4.1950e-02 r3=1.0972e-01 epsV=8.5704e-01 epsZ=9.0309e-01 
New pars ( 149): DC=1.2724e+01 r2=4.1946e-02 r3=1.0972e-01 epsV=8.5704e-01 epsZ=9.0309e-01 
New pars ( 150): DC=1.2724e+01 r2=4.1948e-02 r3=1.0972e-01 epsV=8.5704e-01 epsZ=9.0309e-01 
New pars ( 151): DC=1.2724e+01 r2=4.1948e-02 r3=1.0972e-01 epsV=8.5704e-01 epsZ=9.0309e-01 
New pars ( 152): DC=1.2724e+01 r2=4.1948e-02 r3=1.0972e-01 epsV=8.5705e-01 epsZ=9.0309e-01 
New pars ( 153): DC=1.2724e+01 r2=4.1966e-02 r3=1.0967e-01 epsV=8.5714e-01 epsZ=9.0183e-01 
New pars ( 154): DC=1.2724e+01 r2=4.1967e-02 r3=1.0966e-01 epsV=8.5715e-01 epsZ=9.0176e-01 
New pars ( 155): DC=1.2724e+01 r2=4.1967e-02 r3=1.0966e-01 epsV=8.5715e-01 epsZ=9.0176e-01 
New pars ( 156): DC=1.2724e+01 r2=4.1967e-02 r3=1.0966e-01 epsV=8.5715e-01 epsZ=9.0176e-01 
New pars ( 157): DC=1.2724e+01 r2=4.1969e-02 r3=1.0966e-01 epsV=8.5715e-01 epsZ=9.0176e-01 
New pars ( 158): DC=1.2724e+01 r2=4.1966e-02 r3=1.0966e-01 epsV=8.5715e-01 epsZ=9.0176e-01 
New pars ( 159): DC=1.2724e+01 r2=4.1967e-02 r3=1.0967e-01 epsV=8.5715e-01 epsZ=9.0176e-01 
New pars ( 160): DC=1.2724e+01 r2=4.1967e-02 r3=1.0966e-01 epsV=8.5715e-01 epsZ=9.0176e-01 
New pars ( 161): DC=1.2724e+01 r2=4.1967e-02 r3=1.0966e-01 epsV=8.5715e-01 epsZ=9.0176e-01 
New pars ( 162): DC=1.2724e+01 r2=4.1967e-02 r3=1.0966e-01 epsV=8.5715e-01 epsZ=9.0176e-01 
New pars ( 163): DC=1.2724e+01 r2=4.1967e-02 r3=1.0966e-01 epsV=8.5715e-01 epsZ=9.0176e-01 
New pars ( 164): DC=1.2724e+01 r2=4.1969e-02 r3=1.0966e-01 epsV=8.5715e-01 epsZ=9.0176e-01 
New pars ( 165): DC=1.2724e+01 r2=4.1966e-02 r3=1.0966e-01 epsV=8.5715e-01 epsZ=9.0176e-01 
New pars ( 166): DC=1.2724e+01 r2=4.1967e-02 r3=1.0967e-01 epsV=8.5715e-01 epsZ=9.0176e-01 
New pars ( 167): DC=1.2724e+01 r2=4.1967e-02 r3=1.0966e-01 epsV=8.5715e-01 epsZ=9.0176e-01 
New pars ( 168): DC=1.2724e+01 r2=4.1967e-02 r3=1.0966e-01 epsV=8.5715e-01 epsZ=9.0176e-01 
New pars ( 169): DC=1.2724e+01 r2=4.1967e-02 r3=1.0966e-01 epsV=8.5715e-01 epsZ=9.0176e-01 
New pars ( 170): DC=1.2724e+01 r2=4.1967e-02 r3=1.0966e-01 epsV=8.5715e-01 epsZ=9.0176e-01 
New pars ( 171): DC=1.2724e+01 r2=4.1968e-02 r3=1.0966e-01 epsV=8.5715e-01 epsZ=9.0176e-01 
New pars ( 172): DC=1.2724e+01 r2=4.1967e-02 r3=1.0966e-01 epsV=8.5715e-01 epsZ=9.0176e-01 
New pars ( 173): DC=1.2724e+01 r2=4.1967e-02 r3=1.0967e-01 epsV=8.5715e-01 epsZ=9.0176e-01 
New pars ( 174): DC=1.2724e+01 r2=4.1967e-02 r3=1.0966e-01 epsV=8.5715e-01 epsZ=9.0176e-01 
New pars ( 175): DC=1.2724e+01 r2=4.1967e-02 r3=1.0966e-01 epsV=8.5715e-01 epsZ=9.0176e-01 
New pars ( 176): DC=1.2724e+01 r2=4.1969e-02 r3=1.0966e-01 epsV=8.5715e-01 epsZ=9.0176e-01 
New pars ( 177): DC=1.2724e+01 r2=4.1967e-02 r3=1.0967e-01 epsV=8.5715e-01 epsZ=9.0176e-01 
New pars ( 178): DC=1.2724e+01 r2=4.1969e-02 r3=1.0967e-01 epsV=8.5715e-01 epsZ=9.0176e-01 
New pars ( 179): DC=1.2724e+01 r2=4.1967e-02 r3=1.0966e-01 epsV=8.5715e-01 epsZ=9.0176e-01 
New pars ( 180): DC=1.2724e+01 r2=4.1969e-02 r3=1.0966e-01 epsV=8.5715e-01 epsZ=9.0176e-01 
New pars ( 181): DC=1.2724e+01 r2=4.1967e-02 r3=1.0967e-01 epsV=8.5715e-01 epsZ=9.0176e-01 
New pars ( 182): DC=1.2724e+01 r2=4.1967e-02 r3=1.0966e-01 epsV=8.5715e-01 epsZ=9.0180e-01 
New pars ( 183): DC=1.2724e+01 r2=4.1969e-02 r3=1.0966e-01 epsV=8.5715e-01 epsZ=9.0180e-01 
New pars ( 184): DC=1.2724e+01 r2=4.1967e-02 r3=1.0967e-01 epsV=8.5715e-01 epsZ=9.0180e-01 
New pars ( 185): DC=1.2724e+01 r2=4.1967e-02 r3=1.0966e-01 epsV=8.5715e-01 epsZ=9.0180e-01 
New pars ( 186): DC=1.2539e+01 r2=3.7616e-02 r3=1.2136e-01 epsV=8.7439e-01 epsZ=8.1261e-01 
New pars ( 187): DC=1.2534e+01 r2=3.7616e-02 r3=1.2136e-01 epsV=8.7439e-01 epsZ=8.1261e-01 
New pars ( 188): DC=1.2539e+01 r2=3.7145e-02 r3=1.2136e-01 epsV=8.7439e-01 epsZ=8.1261e-01 
New pars ( 189): DC=1.2539e+01 r2=3.7616e-02 r3=1.1418e-01 epsV=8.7439e-01 epsZ=8.1261e-01 
New pars ( 190): DC=1.2539e+01 r2=3.7616e-02 r3=1.2136e-01 epsV=8.9193e-01 epsZ=8.1261e-01 
New pars ( 191): DC=1.2537e+01 r2=3.7428e-02 r3=1.1849e-01 epsV=8.5684e-01 epsZ=8.1521e-01 
New pars ( 192): DC=1.2537e+01 r2=3.7475e-02 r3=1.1920e-01 epsV=8.6562e-01 epsZ=8.1456e-01 
New pars ( 193): DC=1.2536e+01 r2=3.7371e-02 r3=1.1762e-01 epsV=8.7088e-01 epsZ=8.0689e-01 
New pars ( 194): DC=1.2537e+01 r2=3.7475e-02 r3=1.1920e-01 epsV=8.6562e-01 epsZ=8.1456e-01 
New pars ( 195): DC=1.2724e+01 r2=4.1967e-02 r3=1.0966e-01 epsV=8.5715e-01 epsZ=9.0176e-01 
New pars ( 196): DC=1.2724e+01 r2=4.1967e-02 r3=1.0966e-01 epsV=8.5715e-01 epsZ=9.0176e-01 
New pars ( 197): DC=1.2724e+01 r2=4.1967e-02 r3=1.0966e-01 epsV=8.5715e-01 epsZ=9.0176e-01 
New pars ( 198): DC=1.2724e+01 r2=4.1968e-02 r3=1.0966e-01 epsV=8.5715e-01 epsZ=9.0176e-01 
New pars ( 199): DC=1.2724e+01 r2=4.1967e-02 r3=1.0966e-01 epsV=8.5715e-01 epsZ=9.0176e-01 
New pars ( 200): DC=1.2724e+01 r2=4.1967e-02 r3=1.0967e-01 epsV=8.5715e-01 epsZ=9.0176e-01 
New pars ( 201): DC=1.2724e+01 r2=4.1967e-02 r3=1.0966e-01 epsV=8.5715e-01 epsZ=9.0176e-01 
New pars ( 202): DC=1.2724e+01 r2=4.1967e-02 r3=1.0966e-01 epsV=8.5715e-01 epsZ=9.0176e-01 
New pars ( 203): DC=1.2724e+01 r2=4.1967e-02 r3=1.0966e-01 epsV=8.5715e-01 epsZ=9.0176e-01 
New pars ( 204): DC=1.2724e+01 r2=4.1967e-02 r3=1.0966e-01 epsV=8.5715e-01 epsZ=9.0176e-01 
New pars ( 205): DC=1.2724e+01 r2=4.1967e-02 r3=1.0966e-01 epsV=8.5715e-01 epsZ=9.0176e-01 
New pars ( 206): DC=1.2724e+01 r2=4.1967e-02 r3=1.0966e-01 epsV=8.5715e-01 epsZ=9.0176e-01 
New pars ( 207): DC=1.2724e+01 r2=4.1967e-02 r3=1.0966e-01 epsV=8.5715e-01 epsZ=9.0176e-01 
New pars ( 208): DC=1.2724e+01 r2=4.1967e-02 r3=1.0966e-01 epsV=8.5715e-01 epsZ=9.0176e-01 
New pars ( 209): DC=1.2724e+01 r2=4.1967e-02 r3=1.0966e-01 epsV=8.5715e-01 epsZ=9.0176e-01 
New pars ( 210): DC=1.2724e+01 r2=4.1968e-02 r3=1.0966e-01 epsV=8.5715e-01 epsZ=9.0176e-01 
New pars ( 211): DC=1.2724e+01 r2=4.1967e-02 r3=1.0967e-01 epsV=8.5715e-01 epsZ=9.0176e-01 
New pars ( 212): DC=1.2724e+01 r2=4.1968e-02 r3=1.0967e-01 epsV=8.5715e-01 epsZ=9.0176e-01 
New pars ( 213): DC=1.2724e+01 r2=4.1967e-02 r3=1.0966e-01 epsV=8.5715e-01 epsZ=9.0176e-01 
New pars ( 214): DC=1.2724e+01 r2=4.1968e-02 r3=1.0966e-01 epsV=8.5715e-01 epsZ=9.0176e-01 
New pars ( 215): DC=1.2724e+01 r2=4.1967e-02 r3=1.0967e-01 epsV=8.5715e-01 epsZ=9.0176e-01 
New pars ( 216): DC=1.2724e+01 r2=4.1967e-02 r3=1.0966e-01 epsV=8.5715e-01 epsZ=9.0177e-01 
New pars ( 217): DC=1.2724e+01 r2=4.1968e-02 r3=1.0966e-01 epsV=8.5715e-01 epsZ=9.0177e-01 
New pars ( 218): DC=1.2724e+01 r2=4.1967e-02 r3=1.0967e-01 epsV=8.5715e-01 epsZ=9.0177e-01 
New pars ( 219): DC=1.2724e+01 r2=4.1967e-02 r3=1.0966e-01 epsV=8.5715e-01 epsZ=9.0177e-01 
 PARAMETER NUMBER   1 NOT A VARIABLE. IGNORED.
 THERE ARE NO MINOS ERRORS TO CALCULATE.
 PARAMETER NUMBER   2 NOT A VARIABLE. IGNORED.
 THERE ARE NO MINOS ERRORS TO CALCULATE.
New pars ( 220): DC=1.2894e+01 r2=4.4807e-02 r3=1.0284e-01 epsV=8.7378e-01 epsZ=7.3143e-01 
New pars ( 221): DC=1.2894e+01 r2=4.4808e-02 r3=1.0284e-01 epsV=8.7378e-01 epsZ=7.3143e-01 
New pars ( 222): DC=1.2894e+01 r2=4.4807e-02 r3=1.0284e-01 epsV=8.7378e-01 epsZ=7.3143e-01 
New pars ( 223): DC=1.2894e+01 r2=4.4809e-02 r3=1.0284e-01 epsV=8.7378e-01 epsZ=7.3143e-01 
New pars ( 224): DC=1.2894e+01 r2=4.4806e-02 r3=1.0284e-01 epsV=8.7378e-01 epsZ=7.3143e-01 
New pars ( 225): DC=1.2894e+01 r2=4.4807e-02 r3=1.0284e-01 epsV=8.7378e-01 epsZ=7.3143e-01 
New pars ( 226): DC=1.2894e+01 r2=4.4807e-02 r3=1.0284e-01 epsV=8.7378e-01 epsZ=7.3143e-01 
New pars ( 227): DC=1.2894e+01 r2=4.4807e-02 r3=1.0284e-01 epsV=8.7378e-01 epsZ=7.3143e-01 
New pars ( 228): DC=1.2894e+01 r2=4.4807e-02 r3=1.0283e-01 epsV=8.7378e-01 epsZ=7.3143e-01 
New pars ( 229): DC=1.2894e+01 r2=4.4807e-02 r3=1.0284e-01 epsV=8.7378e-01 epsZ=7.3143e-01 
New pars ( 230): DC=1.2894e+01 r2=4.3038e-02 r3=1.0809e-01 epsV=8.6356e-01 epsZ=8.8165e-01 
New pars ( 231): DC=1.2894e+01 r2=4.4141e-02 r3=1.0481e-01 epsV=8.6993e-01 epsZ=7.8797e-01 
New pars ( 232): DC=1.2894e+01 r2=4.4143e-02 r3=1.0481e-01 epsV=8.6993e-01 epsZ=7.8797e-01 
New pars ( 233): DC=1.2894e+01 r2=4.4140e-02 r3=1.0481e-01 epsV=8.6993e-01 epsZ=7.8797e-01 
New pars ( 234): DC=1.2894e+01 r2=4.4141e-02 r3=1.0482e-01 epsV=8.6993e-01 epsZ=7.8797e-01 
New pars ( 235): DC=1.2894e+01 r2=4.4141e-02 r3=1.0481e-01 epsV=8.6993e-01 epsZ=7.8797e-01 
New pars ( 236): DC=1.2894e+01 r2=4.4141e-02 r3=1.0481e-01 epsV=8.6993e-01 epsZ=7.8797e-01 
New pars ( 237): DC=1.2894e+01 r2=4.4413e-02 r3=1.0395e-01 epsV=8.7118e-01 epsZ=7.6696e-01 
New pars ( 238): DC=1.2894e+01 r2=4.4683e-02 r3=1.0310e-01 epsV=8.7243e-01 epsZ=7.4608e-01 
New pars ( 239): DC=1.2894e+01 r2=4.4629e-02 r3=1.0327e-01 epsV=8.7218e-01 epsZ=7.5023e-01 
New pars ( 240): DC=1.2894e+01 r2=4.4631e-02 r3=1.0327e-01 epsV=8.7218e-01 epsZ=7.5023e-01 
New pars ( 241): DC=1.2894e+01 r2=4.4627e-02 r3=1.0327e-01 epsV=8.7218e-01 epsZ=7.5023e-01 
New pars ( 242): DC=1.2894e+01 r2=4.4629e-02 r3=1.0327e-01 epsV=8.7218e-01 epsZ=7.5023e-01 
New pars ( 243): DC=1.2894e+01 r2=4.4629e-02 r3=1.0327e-01 epsV=8.7218e-01 epsZ=7.5023e-01 
New pars ( 244): DC=1.2894e+01 r2=4.4629e-02 r3=1.0327e-01 epsV=8.7218e-01 epsZ=7.5023e-01 
New pars ( 245): DC=1.2894e+01 r2=4.4703e-02 r3=1.0313e-01 epsV=8.7274e-01 epsZ=7.4293e-01 
New pars ( 246): DC=1.2894e+01 r2=4.4753e-02 r3=1.0303e-01 epsV=8.7312e-01 epsZ=7.3800e-01 
New pars ( 247): DC=1.2894e+01 r2=4.4755e-02 r3=1.0303e-01 epsV=8.7312e-01 epsZ=7.3800e-01 
New pars ( 248): DC=1.2894e+01 r2=4.4751e-02 r3=1.0303e-01 epsV=8.7312e-01 epsZ=7.3800e-01 
New pars ( 249): DC=1.2894e+01 r2=4.4753e-02 r3=1.0304e-01 epsV=8.7312e-01 epsZ=7.3800e-01 
New pars ( 250): DC=1.2894e+01 r2=4.4753e-02 r3=1.0303e-01 epsV=8.7312e-01 epsZ=7.3800e-01 
New pars ( 251): DC=1.2894e+01 r2=4.4753e-02 r3=1.0303e-01 epsV=8.7312e-01 epsZ=7.3800e-01 
New pars ( 252): DC=1.2894e+01 r2=4.4776e-02 r3=1.0287e-01 epsV=8.7310e-01 epsZ=7.3622e-01 
New pars ( 253): DC=1.2894e+01 r2=4.4778e-02 r3=1.0285e-01 epsV=8.7310e-01 epsZ=7.3603e-01 
New pars ( 254): DC=1.2894e+01 r2=4.4780e-02 r3=1.0285e-01 epsV=8.7310e-01 epsZ=7.3603e-01 
New pars ( 255): DC=1.2894e+01 r2=4.4776e-02 r3=1.0285e-01 epsV=8.7310e-01 epsZ=7.3603e-01 
New pars ( 256): DC=1.2894e+01 r2=4.4778e-02 r3=1.0286e-01 epsV=8.7310e-01 epsZ=7.3603e-01 
New pars ( 257): DC=1.2894e+01 r2=4.4778e-02 r3=1.0285e-01 epsV=8.7310e-01 epsZ=7.3603e-01 
New pars ( 258): DC=1.2894e+01 r2=4.4778e-02 r3=1.0285e-01 epsV=8.7310e-01 epsZ=7.3603e-01 
New pars ( 259): DC=1.2894e+01 r2=4.4784e-02 r3=1.0283e-01 epsV=8.7313e-01 epsZ=7.3548e-01 
New pars ( 260): DC=1.2894e+01 r2=4.4783e-02 r3=1.0284e-01 epsV=8.7313e-01 epsZ=7.3553e-01 
New pars ( 261): DC=1.2894e+01 r2=4.4785e-02 r3=1.0284e-01 epsV=8.7313e-01 epsZ=7.3553e-01 
New pars ( 262): DC=1.2894e+01 r2=4.4782e-02 r3=1.0284e-01 epsV=8.7313e-01 epsZ=7.3553e-01 
New pars ( 263): DC=1.2894e+01 r2=4.4783e-02 r3=1.0284e-01 epsV=8.7313e-01 epsZ=7.3553e-01 
New pars ( 264): DC=1.2894e+01 r2=4.4783e-02 r3=1.0283e-01 epsV=8.7313e-01 epsZ=7.3553e-01 
New pars ( 265): DC=1.2894e+01 r2=4.4783e-02 r3=1.0284e-01 epsV=8.7313e-01 epsZ=7.3553e-01 
New pars ( 266): DC=1.2891e+01 r2=4.4783e-02 r3=1.0284e-01 epsV=8.7313e-01 epsZ=7.3553e-01 
New pars ( 267): DC=1.2891e+01 r2=4.4785e-02 r3=1.0284e-01 epsV=8.7313e-01 epsZ=7.3553e-01 
New pars ( 268): DC=1.2891e+01 r2=4.4782e-02 r3=1.0284e-01 epsV=8.7313e-01 epsZ=7.3553e-01 
New pars ( 269): DC=1.2891e+01 r2=4.4783e-02 r3=1.0284e-01 epsV=8.7313e-01 epsZ=7.3553e-01 
New pars ( 270): DC=1.2891e+01 r2=4.4783e-02 r3=1.0283e-01 epsV=8.7313e-01 epsZ=7.3553e-01 
New pars ( 271): DC=1.2891e+01 r2=4.4783e-02 r3=1.0284e-01 epsV=8.7313e-01 epsZ=7.3553e-01 
New pars ( 272): DC=1.2891e+01 r2=4.4712e-02 r3=1.0302e-01 epsV=8.7277e-01 epsZ=7.3958e-01 
New pars ( 273): DC=1.2891e+01 r2=4.4716e-02 r3=1.0301e-01 epsV=8.7279e-01 epsZ=7.3933e-01 
New pars ( 274): DC=1.2891e+01 r2=4.4718e-02 r3=1.0301e-01 epsV=8.7279e-01 epsZ=7.3933e-01 
New pars ( 275): DC=1.2891e+01 r2=4.4715e-02 r3=1.0301e-01 epsV=8.7279e-01 epsZ=7.3933e-01 
New pars ( 276): DC=1.2891e+01 r2=4.4716e-02 r3=1.0301e-01 epsV=8.7279e-01 epsZ=7.3933e-01 
New pars ( 277): DC=1.2891e+01 r2=4.4716e-02 r3=1.0300e-01 epsV=8.7279e-01 epsZ=7.3933e-01 
New pars ( 278): DC=1.2891e+01 r2=4.4716e-02 r3=1.0301e-01 epsV=8.7279e-01 epsZ=7.3933e-01 
New pars ( 279): DC=1.2891e+01 r2=4.4722e-02 r3=1.0299e-01 epsV=8.7279e-01 epsZ=7.3913e-01 
New pars ( 280): DC=1.2891e+01 r2=4.4722e-02 r3=1.0298e-01 epsV=8.7279e-01 epsZ=7.3912e-01 
New pars ( 281): DC=1.2891e+01 r2=4.4724e-02 r3=1.0298e-01 epsV=8.7279e-01 epsZ=7.3912e-01 
New pars ( 282): DC=1.2891e+01 r2=4.4721e-02 r3=1.0298e-01 epsV=8.7279e-01 epsZ=7.3912e-01 
New pars ( 283): DC=1.2891e+01 r2=4.4722e-02 r3=1.0299e-01 epsV=8.7279e-01 epsZ=7.3912e-01 
New pars ( 284): DC=1.2891e+01 r2=4.4722e-02 r3=1.0298e-01 epsV=8.7279e-01 epsZ=7.3912e-01 
New pars ( 285): DC=1.2891e+01 r2=4.4722e-02 r3=1.0298e-01 epsV=8.7279e-01 epsZ=7.3912e-01 
New pars ( 286): DC=1.2554e+01 r2=3.9128e-02 r3=1.1649e-01 epsV=8.4052e-01 epsZ=1.0721e+00 
New pars ( 287): DC=1.2554e+01 r2=3.9129e-02 r3=1.1649e-01 epsV=8.4052e-01 epsZ=1.0721e+00 
New pars ( 288): DC=1.2554e+01 r2=3.9126e-02 r3=1.1649e-01 epsV=8.4052e-01 epsZ=1.0721e+00 
New pars ( 289): DC=1.2554e+01 r2=3.9128e-02 r3=1.1650e-01 epsV=8.4052e-01 epsZ=1.0721e+00 
New pars ( 290): DC=1.2554e+01 r2=3.9128e-02 r3=1.1649e-01 epsV=8.4052e-01 epsZ=1.0721e+00 
New pars ( 291): DC=1.2554e+01 r2=3.9128e-02 r3=1.1649e-01 epsV=8.4052e-01 epsZ=1.0721e+00 
New pars ( 292): DC=1.2554e+01 r2=4.2431e-02 r3=1.0600e-01 epsV=8.5700e-01 epsZ=7.9179e-01 
New pars ( 293): DC=1.2554e+01 r2=3.9872e-02 r3=1.1413e-01 epsV=8.4423e-01 epsZ=1.0089e+00 
New pars ( 294): DC=1.2554e+01 r2=3.9508e-02 r3=1.1529e-01 epsV=8.4241e-01 epsZ=1.0398e+00 
New pars ( 295): DC=1.2554e+01 r2=3.9509e-02 r3=1.1529e-01 epsV=8.4241e-01 epsZ=1.0398e+00 
New pars ( 296): DC=1.2554e+01 r2=3.9506e-02 r3=1.1529e-01 epsV=8.4241e-01 epsZ=1.0398e+00 
New pars ( 297): DC=1.2554e+01 r2=3.9508e-02 r3=1.1529e-01 epsV=8.4241e-01 epsZ=1.0398e+00 
New pars ( 298): DC=1.2554e+01 r2=3.9508e-02 r3=1.1528e-01 epsV=8.4241e-01 epsZ=1.0398e+00 
New pars ( 299): DC=1.2554e+01 r2=3.9508e-02 r3=1.1529e-01 epsV=8.4242e-01 epsZ=1.0398e+00 
New pars ( 300): DC=1.2554e+01 r2=3.9501e-02 r3=1.1542e-01 epsV=8.4217e-01 epsZ=1.0443e+00 
New pars ( 301): DC=1.2554e+01 r2=3.9503e-02 r3=1.1542e-01 epsV=8.4217e-01 epsZ=1.0443e+00 
New pars ( 302): DC=1.2554e+01 r2=3.9500e-02 r3=1.1542e-01 epsV=8.4217e-01 epsZ=1.0443e+00 
New pars ( 303): DC=1.2554e+01 r2=3.9501e-02 r3=1.1542e-01 epsV=8.4217e-01 epsZ=1.0443e+00 
New pars ( 304): DC=1.2554e+01 r2=3.9501e-02 r3=1.1541e-01 epsV=8.4217e-01 epsZ=1.0443e+00 
New pars ( 305): DC=1.2554e+01 r2=3.9501e-02 r3=1.1542e-01 epsV=8.4218e-01 epsZ=1.0443e+00 
New pars ( 306): DC=1.2554e+01 r2=3.9451e-02 r3=1.1545e-01 epsV=8.4175e-01 epsZ=1.0485e+00 
New pars ( 307): DC=1.2554e+01 r2=3.9383e-02 r3=1.1550e-01 epsV=8.4119e-01 epsZ=1.0541e+00 
New pars ( 308): DC=1.2554e+01 r2=3.9384e-02 r3=1.1550e-01 epsV=8.4119e-01 epsZ=1.0541e+00 
New pars ( 309): DC=1.2554e+01 r2=3.9381e-02 r3=1.1550e-01 epsV=8.4119e-01 epsZ=1.0541e+00 
New pars ( 310): DC=1.2554e+01 r2=3.9383e-02 r3=1.1550e-01 epsV=8.4119e-01 epsZ=1.0541e+00 
New pars ( 311): DC=1.2554e+01 r2=3.9383e-02 r3=1.1550e-01 epsV=8.4119e-01 epsZ=1.0541e+00 
New pars ( 312): DC=1.2554e+01 r2=3.9383e-02 r3=1.1550e-01 epsV=8.4119e-01 epsZ=1.0541e+00 
New pars ( 313): DC=1.2554e+01 r2=3.9355e-02 r3=1.1560e-01 epsV=8.4104e-01 epsZ=1.0564e+00 
New pars ( 314): DC=1.2554e+01 r2=3.9288e-02 r3=1.1585e-01 epsV=8.4069e-01 epsZ=1.0621e+00 
New pars ( 315): DC=1.2554e+01 r2=3.9290e-02 r3=1.1585e-01 epsV=8.4069e-01 epsZ=1.0621e+00 
New pars ( 316): DC=1.2554e+01 r2=3.9287e-02 r3=1.1585e-01 epsV=8.4069e-01 epsZ=1.0621e+00 
New pars ( 317): DC=1.2554e+01 r2=3.9288e-02 r3=1.1585e-01 epsV=8.4069e-01 epsZ=1.0621e+00 
New pars ( 318): DC=1.2554e+01 r2=3.9288e-02 r3=1.1585e-01 epsV=8.4069e-01 epsZ=1.0621e+00 
New pars ( 319): DC=1.2554e+01 r2=3.9288e-02 r3=1.1585e-01 epsV=8.4070e-01 epsZ=1.0621e+00 
New pars ( 320): DC=1.2554e+01 r2=3.9262e-02 r3=1.1595e-01 epsV=8.4059e-01 epsZ=1.0641e+00 
New pars ( 321): DC=1.2554e+01 r2=3.9254e-02 r3=1.1598e-01 epsV=8.4056e-01 epsZ=1.0647e+00 
New pars ( 322): DC=1.2554e+01 r2=3.9255e-02 r3=1.1598e-01 epsV=8.4056e-01 epsZ=1.0647e+00 
New pars ( 323): DC=1.2554e+01 r2=3.9252e-02 r3=1.1598e-01 epsV=8.4056e-01 epsZ=1.0647e+00 
New pars ( 324): DC=1.2554e+01 r2=3.9254e-02 r3=1.1598e-01 epsV=8.4056e-01 epsZ=1.0647e+00 
New pars ( 325): DC=1.2554e+01 r2=3.9254e-02 r3=1.1598e-01 epsV=8.4056e-01 epsZ=1.0647e+00 
New pars ( 326): DC=1.2554e+01 r2=3.9254e-02 r3=1.1598e-01 epsV=8.4057e-01 epsZ=1.0647e+00 
New pars ( 327): DC=1.2554e+01 r2=3.9256e-02 r3=1.1598e-01 epsV=8.4058e-01 epsZ=1.0644e+00 
New pars ( 328): DC=1.2554e+01 r2=3.9258e-02 r3=1.1598e-01 epsV=8.4058e-01 epsZ=1.0644e+00 
New pars ( 329): DC=1.2554e+01 r2=3.9255e-02 r3=1.1598e-01 epsV=8.4058e-01 epsZ=1.0644e+00 
New pars ( 330): DC=1.2554e+01 r2=3.9256e-02 r3=1.1598e-01 epsV=8.4058e-01 epsZ=1.0644e+00 
New pars ( 331): DC=1.2554e+01 r2=3.9256e-02 r3=1.1598e-01 epsV=8.4058e-01 epsZ=1.0644e+00 
New pars ( 332): DC=1.2554e+01 r2=3.9256e-02 r3=1.1598e-01 epsV=8.4059e-01 epsZ=1.0644e+00 
New pars ( 333): DC=1.2553e+01 r2=3.9256e-02 r3=1.1598e-01 epsV=8.4058e-01 epsZ=1.0644e+00 
New pars ( 334): DC=1.2553e+01 r2=3.9258e-02 r3=1.1598e-01 epsV=8.4058e-01 epsZ=1.0644e+00 
New pars ( 335): DC=1.2553e+01 r2=3.9255e-02 r3=1.1598e-01 epsV=8.4058e-01 epsZ=1.0644e+00 
New pars ( 336): DC=1.2553e+01 r2=3.9256e-02 r3=1.1598e-01 epsV=8.4058e-01 epsZ=1.0644e+00 
New pars ( 337): DC=1.2553e+01 r2=3.9256e-02 r3=1.1598e-01 epsV=8.4058e-01 epsZ=1.0644e+00 
New pars ( 338): DC=1.2553e+01 r2=3.9256e-02 r3=1.1598e-01 epsV=8.4059e-01 epsZ=1.0644e+00 
New pars ( 339): DC=1.2553e+01 r2=3.9239e-02 r3=1.1601e-01 epsV=8.4046e-01 epsZ=1.0654e+00 
New pars ( 340): DC=1.2553e+01 r2=3.9240e-02 r3=1.1601e-01 epsV=8.4046e-01 epsZ=1.0654e+00 
New pars ( 341): DC=1.2553e+01 r2=3.9237e-02 r3=1.1601e-01 epsV=8.4046e-01 epsZ=1.0654e+00 
New pars ( 342): DC=1.2553e+01 r2=3.9239e-02 r3=1.1601e-01 epsV=8.4046e-01 epsZ=1.0654e+00 
New pars ( 343): DC=1.2553e+01 r2=3.9239e-02 r3=1.1600e-01 epsV=8.4046e-01 epsZ=1.0654e+00 
New pars ( 344): DC=1.2553e+01 r2=3.9239e-02 r3=1.1601e-01 epsV=8.4047e-01 epsZ=1.0654e+00 
New pars ( 345): DC=1.2553e+01 r2=3.9234e-02 r3=1.1603e-01 epsV=8.4044e-01 epsZ=1.0658e+00 
New pars ( 346): DC=1.2553e+01 r2=3.9235e-02 r3=1.1603e-01 epsV=8.4044e-01 epsZ=1.0658e+00 
New pars ( 347): DC=1.2553e+01 r2=3.9232e-02 r3=1.1603e-01 epsV=8.4044e-01 epsZ=1.0658e+00 
New pars ( 348): DC=1.2553e+01 r2=3.9234e-02 r3=1.1603e-01 epsV=8.4044e-01 epsZ=1.0658e+00 
New pars ( 349): DC=1.2553e+01 r2=3.9234e-02 r3=1.1603e-01 epsV=8.4044e-01 epsZ=1.0658e+00 
New pars ( 350): DC=1.2553e+01 r2=3.9234e-02 r3=1.1603e-01 epsV=8.4044e-01 epsZ=1.0658e+00 
 PARAMETER NUMBER   4 NOT A VARIABLE. IGNORED.
 THERE ARE NO MINOS ERRORS TO CALCULATE.
New pars ( 351): DC=1.2866e+01 r2=4.5378e-02 r3=1.0123e-01 epsV=8.7703e-01 epsZ=6.7463e-01 
New pars ( 352): DC=1.2866e+01 r2=4.5378e-02 r3=1.0123e-01 epsV=8.7703e-01 epsZ=6.7463e-01 
New pars ( 353): DC=1.2866e+01 r2=4.5378e-02 r3=1.0123e-01 epsV=8.7703e-01 epsZ=6.7463e-01 
New pars ( 354): DC=1.2866e+01 r2=4.5378e-02 r3=1.0123e-01 epsV=8.7703e-01 epsZ=6.7463e-01 
New pars ( 355): DC=1.2866e+01 r2=4.5378e-02 r3=1.0123e-01 epsV=8.7703e-01 epsZ=6.7463e-01 
New pars ( 356): DC=1.2866e+01 r2=4.5378e-02 r3=1.0123e-01 epsV=8.7703e-01 epsZ=6.7463e-01 
New pars ( 357): DC=1.2866e+01 r2=4.5378e-02 r3=1.0123e-01 epsV=8.7703e-01 epsZ=6.7463e-01 
New pars ( 358): DC=1.2866e+01 r2=4.5378e-02 r3=1.0123e-01 epsV=8.7704e-01 epsZ=6.7463e-01 
New pars ( 359): DC=1.2928e+01 r2=4.5378e-02 r3=1.0370e-01 epsV=8.7852e-01 epsZ=7.0769e-01 
New pars ( 360): DC=1.2900e+01 r2=4.5378e-02 r3=1.0259e-01 epsV=8.7785e-01 epsZ=6.9273e-01 
New pars ( 361): DC=1.2900e+01 r2=4.5378e-02 r3=1.0259e-01 epsV=8.7785e-01 epsZ=6.9273e-01 
New pars ( 362): DC=1.2900e+01 r2=4.5378e-02 r3=1.0259e-01 epsV=8.7785e-01 epsZ=6.9273e-01 
New pars ( 363): DC=1.2900e+01 r2=4.5378e-02 r3=1.0259e-01 epsV=8.7785e-01 epsZ=6.9273e-01 
New pars ( 364): DC=1.2900e+01 r2=4.5378e-02 r3=1.0258e-01 epsV=8.7785e-01 epsZ=6.9273e-01 
New pars ( 365): DC=1.2900e+01 r2=4.5378e-02 r3=1.0259e-01 epsV=8.7785e-01 epsZ=6.9273e-01 
New pars ( 366): DC=1.2882e+01 r2=4.5378e-02 r3=1.0185e-01 epsV=8.7672e-01 epsZ=6.8798e-01 
New pars ( 367): DC=1.2877e+01 r2=4.5378e-02 r3=1.0167e-01 epsV=8.7644e-01 epsZ=6.8682e-01 
New pars ( 368): DC=1.2878e+01 r2=4.5378e-02 r3=1.0167e-01 epsV=8.7644e-01 epsZ=6.8682e-01 
New pars ( 369): DC=1.2877e+01 r2=4.5378e-02 r3=1.0167e-01 epsV=8.7644e-01 epsZ=6.8682e-01 
New pars ( 370): DC=1.2877e+01 r2=4.5378e-02 r3=1.0167e-01 epsV=8.7644e-01 epsZ=6.8682e-01 
New pars ( 371): DC=1.2877e+01 r2=4.5378e-02 r3=1.0166e-01 epsV=8.7644e-01 epsZ=6.8682e-01 
New pars ( 372): DC=1.2877e+01 r2=4.5378e-02 r3=1.0167e-01 epsV=8.7644e-01 epsZ=6.8682e-01 
New pars ( 373): DC=1.2871e+01 r2=4.5378e-02 r3=1.0143e-01 epsV=8.7654e-01 epsZ=6.7948e-01 
New pars ( 374): DC=1.2868e+01 r2=4.5378e-02 r3=1.0134e-01 epsV=8.7657e-01 epsZ=6.7679e-01 
New pars ( 375): DC=1.2868e+01 r2=4.5378e-02 r3=1.0134e-01 epsV=8.7657e-01 epsZ=6.7679e-01 
New pars ( 376): DC=1.2868e+01 r2=4.5378e-02 r3=1.0134e-01 epsV=8.7657e-01 epsZ=6.7679e-01 
New pars ( 377): DC=1.2868e+01 r2=4.5378e-02 r3=1.0134e-01 epsV=8.7657e-01 epsZ=6.7679e-01 
New pars ( 378): DC=1.2868e+01 r2=4.5378e-02 r3=1.0133e-01 epsV=8.7657e-01 epsZ=6.7679e-01 
New pars ( 379): DC=1.2868e+01 r2=4.5378e-02 r3=1.0134e-01 epsV=8.7658e-01 epsZ=6.7679e-01 
New pars ( 380): DC=1.2870e+01 r2=4.5378e-02 r3=1.0127e-01 epsV=8.7651e-01 epsZ=6.7718e-01 
New pars ( 381): DC=1.2870e+01 r2=4.5378e-02 r3=1.0127e-01 epsV=8.7650e-01 epsZ=6.7721e-01 
New pars ( 382): DC=1.2870e+01 r2=4.5378e-02 r3=1.0127e-01 epsV=8.7650e-01 epsZ=6.7721e-01 
New pars ( 383): DC=1.2870e+01 r2=4.5378e-02 r3=1.0127e-01 epsV=8.7650e-01 epsZ=6.7721e-01 
New pars ( 384): DC=1.2870e+01 r2=4.5378e-02 r3=1.0127e-01 epsV=8.7650e-01 epsZ=6.7721e-01 
New pars ( 385): DC=1.2870e+01 r2=4.5378e-02 r3=1.0127e-01 epsV=8.7650e-01 epsZ=6.7721e-01 
New pars ( 386): DC=1.2870e+01 r2=4.5378e-02 r3=1.0127e-01 epsV=8.7651e-01 epsZ=6.7721e-01 
New pars ( 387): DC=1.2870e+01 r2=4.5378e-02 r3=1.0127e-01 epsV=8.7650e-01 epsZ=6.7715e-01 
New pars ( 388): DC=1.2870e+01 r2=4.5378e-02 r3=1.0126e-01 epsV=8.7650e-01 epsZ=6.7714e-01 
New pars ( 389): DC=1.2870e+01 r2=4.5378e-02 r3=1.0126e-01 epsV=8.7650e-01 epsZ=6.7714e-01 
New pars ( 390): DC=1.2870e+01 r2=4.5378e-02 r3=1.0126e-01 epsV=8.7650e-01 epsZ=6.7714e-01 
New pars ( 391): DC=1.2870e+01 r2=4.5378e-02 r3=1.0127e-01 epsV=8.7650e-01 epsZ=6.7714e-01 
New pars ( 392): DC=1.2870e+01 r2=4.5378e-02 r3=1.0126e-01 epsV=8.7650e-01 epsZ=6.7714e-01 
New pars ( 393): DC=1.2870e+01 r2=4.5378e-02 r3=1.0126e-01 epsV=8.7650e-01 epsZ=6.7714e-01 
New pars ( 394): DC=1.2870e+01 r2=4.5247e-02 r3=1.0126e-01 epsV=8.7650e-01 epsZ=6.7714e-01 
New pars ( 395): DC=1.2870e+01 r2=4.5247e-02 r3=1.0126e-01 epsV=8.7650e-01 epsZ=6.7714e-01 
New pars ( 396): DC=1.2870e+01 r2=4.5247e-02 r3=1.0126e-01 epsV=8.7650e-01 epsZ=6.7714e-01 
New pars ( 397): DC=1.2870e+01 r2=4.5247e-02 r3=1.0127e-01 epsV=8.7650e-01 epsZ=6.7714e-01 
New pars ( 398): DC=1.2870e+01 r2=4.5247e-02 r3=1.0126e-01 epsV=8.7650e-01 epsZ=6.7714e-01 
New pars ( 399): DC=1.2870e+01 r2=4.5247e-02 r3=1.0126e-01 epsV=8.7650e-01 epsZ=6.7714e-01 
New pars ( 400): DC=1.2864e+01 r2=4.5247e-02 r3=1.0165e-01 epsV=8.7585e-01 epsZ=6.8570e-01 
New pars ( 401): DC=1.2864e+01 r2=4.5247e-02 r3=1.0165e-01 epsV=8.7585e-01 epsZ=6.8570e-01 
New pars ( 402): DC=1.2864e+01 r2=4.5247e-02 r3=1.0165e-01 epsV=8.7585e-01 epsZ=6.8570e-01 
New pars ( 403): DC=1.2864e+01 r2=4.5247e-02 r3=1.0165e-01 epsV=8.7585e-01 epsZ=6.8570e-01 
New pars ( 404): DC=1.2864e+01 r2=4.5247e-02 r3=1.0165e-01 epsV=8.7585e-01 epsZ=6.8570e-01 
New pars ( 405): DC=1.2864e+01 r2=4.5247e-02 r3=1.0165e-01 epsV=8.7585e-01 epsZ=6.8570e-01 
New pars ( 406): DC=1.2864e+01 r2=4.5247e-02 r3=1.0159e-01 epsV=8.7578e-01 epsZ=6.8574e-01 
New pars ( 407): DC=1.2864e+01 r2=4.5247e-02 r3=1.0159e-01 epsV=8.7578e-01 epsZ=6.8574e-01 
New pars ( 408): DC=1.2864e+01 r2=4.5247e-02 r3=1.0159e-01 epsV=8.7578e-01 epsZ=6.8574e-01 
New pars ( 409): DC=1.2864e+01 r2=4.5247e-02 r3=1.0159e-01 epsV=8.7578e-01 epsZ=6.8574e-01 
New pars ( 410): DC=1.2864e+01 r2=4.5247e-02 r3=1.0159e-01 epsV=8.7578e-01 epsZ=6.8574e-01 
New pars ( 411): DC=1.2864e+01 r2=4.5247e-02 r3=1.0159e-01 epsV=8.7578e-01 epsZ=6.8574e-01 
New pars ( 412): DC=1.2583e+01 r2=3.8557e-02 r3=1.1810e-01 epsV=8.3726e-01 epsZ=1.1289e+00 
New pars ( 413): DC=1.2583e+01 r2=3.8557e-02 r3=1.1810e-01 epsV=8.3726e-01 epsZ=1.1289e+00 
New pars ( 414): DC=1.2583e+01 r2=3.8557e-02 r3=1.1810e-01 epsV=8.3726e-01 epsZ=1.1289e+00 
New pars ( 415): DC=1.2583e+01 r2=3.8557e-02 r3=1.1810e-01 epsV=8.3726e-01 epsZ=1.1289e+00 
New pars ( 416): DC=1.2583e+01 r2=3.8557e-02 r3=1.1809e-01 epsV=8.3726e-01 epsZ=1.1289e+00 
New pars ( 417): DC=1.2583e+01 r2=3.8557e-02 r3=1.1810e-01 epsV=8.3726e-01 epsZ=1.1289e+00 
New pars ( 418): DC=1.2480e+01 r2=3.8557e-02 r3=1.1251e-01 epsV=8.3267e-01 epsZ=1.0546e+00 
New pars ( 419): DC=1.2554e+01 r2=3.8557e-02 r3=1.1655e-01 epsV=8.3599e-01 epsZ=1.1083e+00 
New pars ( 420): DC=1.2555e+01 r2=3.8557e-02 r3=1.1655e-01 epsV=8.3599e-01 epsZ=1.1083e+00 
New pars ( 421): DC=1.2554e+01 r2=3.8557e-02 r3=1.1655e-01 epsV=8.3599e-01 epsZ=1.1083e+00 
New pars ( 422): DC=1.2554e+01 r2=3.8557e-02 r3=1.1655e-01 epsV=8.3599e-01 epsZ=1.1083e+00 
New pars ( 423): DC=1.2554e+01 r2=3.8557e-02 r3=1.1655e-01 epsV=8.3599e-01 epsZ=1.1083e+00 
New pars ( 424): DC=1.2554e+01 r2=3.8557e-02 r3=1.1655e-01 epsV=8.3599e-01 epsZ=1.1083e+00 
New pars ( 425): DC=1.2555e+01 r2=3.8557e-02 r3=1.1725e-01 epsV=8.3586e-01 epsZ=1.1200e+00 
New pars ( 426): DC=1.2555e+01 r2=3.8557e-02 r3=1.1745e-01 epsV=8.3582e-01 epsZ=1.1233e+00 
New pars ( 427): DC=1.2555e+01 r2=3.8557e-02 r3=1.1745e-01 epsV=8.3582e-01 epsZ=1.1233e+00 
New pars ( 428): DC=1.2555e+01 r2=3.8557e-02 r3=1.1745e-01 epsV=8.3582e-01 epsZ=1.1233e+00 
New pars ( 429): DC=1.2555e+01 r2=3.8557e-02 r3=1.1746e-01 epsV=8.3582e-01 epsZ=1.1233e+00 
New pars ( 430): DC=1.2555e+01 r2=3.8557e-02 r3=1.1745e-01 epsV=8.3582e-01 epsZ=1.1233e+00 
New pars ( 431): DC=1.2555e+01 r2=3.8557e-02 r3=1.1745e-01 epsV=8.3582e-01 epsZ=1.1233e+00 
New pars ( 432): DC=1.2566e+01 r2=3.8557e-02 r3=1.1751e-01 epsV=8.3589e-01 epsZ=1.1264e+00 
New pars ( 433): DC=1.2580e+01 r2=3.8557e-02 r3=1.1759e-01 epsV=8.3597e-01 epsZ=1.1307e+00 
New pars ( 434): DC=1.2580e+01 r2=3.8557e-02 r3=1.1759e-01 epsV=8.3597e-01 epsZ=1.1307e+00 
New pars ( 435): DC=1.2580e+01 r2=3.8557e-02 r3=1.1759e-01 epsV=8.3597e-01 epsZ=1.1307e+00 
New pars ( 436): DC=1.2580e+01 r2=3.8557e-02 r3=1.1759e-01 epsV=8.3597e-01 epsZ=1.1307e+00 
New pars ( 437): DC=1.2580e+01 r2=3.8557e-02 r3=1.1758e-01 epsV=8.3597e-01 epsZ=1.1307e+00 
New pars ( 438): DC=1.2580e+01 r2=3.8557e-02 r3=1.1759e-01 epsV=8.3598e-01 epsZ=1.1307e+00 
New pars ( 439): DC=1.2579e+01 r2=3.8557e-02 r3=1.1778e-01 epsV=8.3624e-01 epsZ=1.1298e+00 
New pars ( 440): DC=1.2578e+01 r2=3.8557e-02 r3=1.1787e-01 epsV=8.3636e-01 epsZ=1.1294e+00 
New pars ( 441): DC=1.2578e+01 r2=3.8557e-02 r3=1.1787e-01 epsV=8.3636e-01 epsZ=1.1294e+00 
New pars ( 442): DC=1.2578e+01 r2=3.8557e-02 r3=1.1787e-01 epsV=8.3636e-01 epsZ=1.1294e+00 
New pars ( 443): DC=1.2578e+01 r2=3.8557e-02 r3=1.1788e-01 epsV=8.3636e-01 epsZ=1.1294e+00 
New pars ( 444): DC=1.2578e+01 r2=3.8557e-02 r3=1.1787e-01 epsV=8.3636e-01 epsZ=1.1294e+00 
New pars ( 445): DC=1.2578e+01 r2=3.8557e-02 r3=1.1787e-01 epsV=8.3636e-01 epsZ=1.1294e+00 
New pars ( 446): DC=1.2579e+01 r2=3.8557e-02 r3=1.1790e-01 epsV=8.3640e-01 epsZ=1.1294e+00 
New pars ( 447): DC=1.2579e+01 r2=3.8557e-02 r3=1.1790e-01 epsV=8.3641e-01 epsZ=1.1294e+00 
New pars ( 448): DC=1.2579e+01 r2=3.8557e-02 r3=1.1790e-01 epsV=8.3641e-01 epsZ=1.1294e+00 
New pars ( 449): DC=1.2579e+01 r2=3.8557e-02 r3=1.1790e-01 epsV=8.3641e-01 epsZ=1.1294e+00 
New pars ( 450): DC=1.2579e+01 r2=3.8557e-02 r3=1.1790e-01 epsV=8.3641e-01 epsZ=1.1294e+00 
New pars ( 451): DC=1.2579e+01 r2=3.8557e-02 r3=1.1790e-01 epsV=8.3641e-01 epsZ=1.1294e+00 
New pars ( 452): DC=1.2579e+01 r2=3.8557e-02 r3=1.1790e-01 epsV=8.3641e-01 epsZ=1.1294e+00 
New pars ( 453): DC=1.2579e+01 r2=3.8670e-02 r3=1.1790e-01 epsV=8.3641e-01 epsZ=1.1294e+00 
New pars ( 454): DC=1.2579e+01 r2=3.8670e-02 r3=1.1790e-01 epsV=8.3641e-01 epsZ=1.1294e+00 
New pars ( 455): DC=1.2579e+01 r2=3.8670e-02 r3=1.1790e-01 epsV=8.3641e-01 epsZ=1.1294e+00 
New pars ( 456): DC=1.2579e+01 r2=3.8670e-02 r3=1.1790e-01 epsV=8.3641e-01 epsZ=1.1294e+00 
New pars ( 457): DC=1.2579e+01 r2=3.8670e-02 r3=1.1790e-01 epsV=8.3641e-01 epsZ=1.1294e+00 
New pars ( 458): DC=1.2579e+01 r2=3.8670e-02 r3=1.1790e-01 epsV=8.3641e-01 epsZ=1.1294e+00 
New pars ( 459): DC=1.2585e+01 r2=3.8670e-02 r3=1.1768e-01 epsV=8.3720e-01 epsZ=1.1220e+00 
New pars ( 460): DC=1.2585e+01 r2=3.8670e-02 r3=1.1768e-01 epsV=8.3720e-01 epsZ=1.1220e+00 
New pars ( 461): DC=1.2585e+01 r2=3.8670e-02 r3=1.1768e-01 epsV=8.3720e-01 epsZ=1.1220e+00 
New pars ( 462): DC=1.2585e+01 r2=3.8670e-02 r3=1.1768e-01 epsV=8.3720e-01 epsZ=1.1220e+00 
New pars ( 463): DC=1.2585e+01 r2=3.8670e-02 r3=1.1768e-01 epsV=8.3720e-01 epsZ=1.1220e+00 
New pars ( 464): DC=1.2585e+01 r2=3.8670e-02 r3=1.1768e-01 epsV=8.3720e-01 epsZ=1.1220e+00 
New pars ( 465): DC=1.2584e+01 r2=3.8670e-02 r3=1.1763e-01 epsV=8.3712e-01 epsZ=1.1218e+00 
New pars ( 466): DC=1.2584e+01 r2=3.8670e-02 r3=1.1763e-01 epsV=8.3712e-01 epsZ=1.1218e+00 
New pars ( 467): DC=1.2584e+01 r2=3.8670e-02 r3=1.1763e-01 epsV=8.3712e-01 epsZ=1.1218e+00 
New pars ( 468): DC=1.2584e+01 r2=3.8670e-02 r3=1.1763e-01 epsV=8.3712e-01 epsZ=1.1218e+00 
New pars ( 469): DC=1.2584e+01 r2=3.8670e-02 r3=1.1763e-01 epsV=8.3712e-01 epsZ=1.1218e+00 
New pars ( 470): DC=1.2584e+01 r2=3.8670e-02 r3=1.1763e-01 epsV=8.3713e-01 epsZ=1.1218e+00 
New pars ( 471): DC=1.2595e+01 r2=3.8764e-02 r3=1.1864e-01 epsV=8.3958e-01 epsZ=1.1185e+00 
New pars ( 472): DC=1.2595e+01 r2=3.8764e-02 r3=1.1864e-01 epsV=8.3958e-01 epsZ=1.1185e+00 
New pars ( 473): DC=1.2595e+01 r2=3.8764e-02 r3=1.1864e-01 epsV=8.3958e-01 epsZ=1.1185e+00 
New pars ( 474): DC=1.2595e+01 r2=3.8765e-02 r3=1.1864e-01 epsV=8.3958e-01 epsZ=1.1185e+00 
New pars ( 475): DC=1.2595e+01 r2=3.8762e-02 r3=1.1864e-01 epsV=8.3958e-01 epsZ=1.1185e+00 
New pars ( 476): DC=1.2595e+01 r2=3.8764e-02 r3=1.1864e-01 epsV=8.3959e-01 epsZ=1.1185e+00 
New pars ( 477): DC=1.2550e+01 r2=3.9037e-02 r3=1.1864e-01 epsV=8.4210e-01 epsZ=1.0749e+00 
New pars ( 478): DC=1.2566e+01 r2=3.8941e-02 r3=1.1864e-01 epsV=8.4122e-01 epsZ=1.0902e+00 
New pars ( 479): DC=1.2566e+01 r2=3.8941e-02 r3=1.1864e-01 epsV=8.4122e-01 epsZ=1.0902e+00 
New pars ( 480): DC=1.2566e+01 r2=3.8941e-02 r3=1.1864e-01 epsV=8.4122e-01 epsZ=1.0902e+00 
New pars ( 481): DC=1.2566e+01 r2=3.8942e-02 r3=1.1864e-01 epsV=8.4122e-01 epsZ=1.0902e+00 
New pars ( 482): DC=1.2566e+01 r2=3.8939e-02 r3=1.1864e-01 epsV=8.4122e-01 epsZ=1.0902e+00 
New pars ( 483): DC=1.2566e+01 r2=3.8941e-02 r3=1.1864e-01 epsV=8.4122e-01 epsZ=1.0902e+00 
New pars ( 484): DC=1.2584e+01 r2=3.8813e-02 r3=1.1864e-01 epsV=8.3980e-01 epsZ=1.1084e+00 
New pars ( 485): DC=1.2593e+01 r2=3.8745e-02 r3=1.1864e-01 epsV=8.3904e-01 epsZ=1.1181e+00 
New pars ( 486): DC=1.2593e+01 r2=3.8745e-02 r3=1.1864e-01 epsV=8.3904e-01 epsZ=1.1181e+00 
New pars ( 487): DC=1.2593e+01 r2=3.8745e-02 r3=1.1864e-01 epsV=8.3904e-01 epsZ=1.1181e+00 
New pars ( 488): DC=1.2593e+01 r2=3.8746e-02 r3=1.1864e-01 epsV=8.3904e-01 epsZ=1.1181e+00 
New pars ( 489): DC=1.2593e+01 r2=3.8743e-02 r3=1.1864e-01 epsV=8.3904e-01 epsZ=1.1181e+00 
New pars ( 490): DC=1.2593e+01 r2=3.8745e-02 r3=1.1864e-01 epsV=8.3904e-01 epsZ=1.1181e+00 
New pars ( 491): DC=1.2593e+01 r2=3.8736e-02 r3=1.1864e-01 epsV=8.3896e-01 epsZ=1.1188e+00 
New pars ( 492): DC=1.2593e+01 r2=3.8734e-02 r3=1.1864e-01 epsV=8.3893e-01 epsZ=1.1190e+00 
New pars ( 493): DC=1.2593e+01 r2=3.8734e-02 r3=1.1864e-01 epsV=8.3893e-01 epsZ=1.1190e+00 
New pars ( 494): DC=1.2593e+01 r2=3.8734e-02 r3=1.1864e-01 epsV=8.3893e-01 epsZ=1.1190e+00 
New pars ( 495): DC=1.2593e+01 r2=3.8735e-02 r3=1.1864e-01 epsV=8.3893e-01 epsZ=1.1190e+00 
New pars ( 496): DC=1.2593e+01 r2=3.8732e-02 r3=1.1864e-01 epsV=8.3893e-01 epsZ=1.1190e+00 
New pars ( 497): DC=1.2593e+01 r2=3.8734e-02 r3=1.1864e-01 epsV=8.3893e-01 epsZ=1.1190e+00 
New pars ( 498): DC=1.2593e+01 r2=3.8734e-02 r3=1.1820e-01 epsV=8.3893e-01 epsZ=1.1190e+00 
New pars ( 499): DC=1.2593e+01 r2=3.8734e-02 r3=1.1820e-01 epsV=8.3893e-01 epsZ=1.1190e+00 
New pars ( 500): DC=1.2593e+01 r2=3.8734e-02 r3=1.1820e-01 epsV=8.3893e-01 epsZ=1.1190e+00 
New pars ( 501): DC=1.2593e+01 r2=3.8735e-02 r3=1.1820e-01 epsV=8.3893e-01 epsZ=1.1190e+00 
New pars ( 502): DC=1.2593e+01 r2=3.8732e-02 r3=1.1820e-01 epsV=8.3893e-01 epsZ=1.1190e+00 
New pars ( 503): DC=1.2593e+01 r2=3.8734e-02 r3=1.1820e-01 epsV=8.3893e-01 epsZ=1.1190e+00 
New pars ( 504): DC=1.2608e+01 r2=3.8968e-02 r3=1.1820e-01 epsV=8.4041e-01 epsZ=1.1064e+00 
New pars ( 505): DC=1.2608e+01 r2=3.8968e-02 r3=1.1820e-01 epsV=8.4041e-01 epsZ=1.1064e+00 
New pars ( 506): DC=1.2608e+01 r2=3.8968e-02 r3=1.1820e-01 epsV=8.4041e-01 epsZ=1.1064e+00 
New pars ( 507): DC=1.2608e+01 r2=3.8969e-02 r3=1.1820e-01 epsV=8.4041e-01 epsZ=1.1064e+00 
New pars ( 508): DC=1.2608e+01 r2=3.8966e-02 r3=1.1820e-01 epsV=8.4041e-01 epsZ=1.1064e+00 
New pars ( 509): DC=1.2608e+01 r2=3.8968e-02 r3=1.1820e-01 epsV=8.4041e-01 epsZ=1.1064e+00 
New pars ( 510): DC=1.2599e+01 r2=3.8883e-02 r3=1.1820e-01 epsV=8.3980e-01 epsZ=1.1084e+00 
New pars ( 511): DC=1.2600e+01 r2=3.8898e-02 r3=1.1820e-01 epsV=8.3990e-01 epsZ=1.1080e+00 
New pars ( 512): DC=1.2600e+01 r2=3.8898e-02 r3=1.1820e-01 epsV=8.3990e-01 epsZ=1.1080e+00 
New pars ( 513): DC=1.2600e+01 r2=3.8898e-02 r3=1.1820e-01 epsV=8.3990e-01 epsZ=1.1080e+00 
New pars ( 514): DC=1.2600e+01 r2=3.8900e-02 r3=1.1820e-01 epsV=8.3990e-01 epsZ=1.1080e+00 
New pars ( 515): DC=1.2600e+01 r2=3.8897e-02 r3=1.1820e-01 epsV=8.3990e-01 epsZ=1.1080e+00 
New pars ( 516): DC=1.2600e+01 r2=3.8898e-02 r3=1.1820e-01 epsV=8.3991e-01 epsZ=1.1080e+00 
New pars ( 517): DC=1.2599e+01 r2=3.8895e-02 r3=1.1820e-01 epsV=8.3986e-01 epsZ=1.1082e+00 
New pars ( 518): DC=1.2599e+01 r2=3.8895e-02 r3=1.1820e-01 epsV=8.3986e-01 epsZ=1.1082e+00 
New pars ( 519): DC=1.2599e+01 r2=3.8895e-02 r3=1.1820e-01 epsV=8.3986e-01 epsZ=1.1082e+00 
New pars ( 520): DC=1.2599e+01 r2=3.8896e-02 r3=1.1820e-01 epsV=8.3986e-01 epsZ=1.1082e+00 
New pars ( 521): DC=1.2599e+01 r2=3.8893e-02 r3=1.1820e-01 epsV=8.3986e-01 epsZ=1.1082e+00 
New pars ( 522): DC=1.2599e+01 r2=3.8895e-02 r3=1.1820e-01 epsV=8.3986e-01 epsZ=1.1082e+00 
New pars ( 523): DC=1.2853e+01 r2=4.5171e-02 r3=1.0069e-01 epsV=8.7471e-01 epsZ=6.8497e-01 
New pars ( 524): DC=1.2854e+01 r2=4.5171e-02 r3=1.0069e-01 epsV=8.7471e-01 epsZ=6.8497e-01 
New pars ( 525): DC=1.2853e+01 r2=4.5171e-02 r3=1.0069e-01 epsV=8.7471e-01 epsZ=6.8497e-01 
New pars ( 526): DC=1.2853e+01 r2=4.5173e-02 r3=1.0069e-01 epsV=8.7471e-01 epsZ=6.8497e-01 
New pars ( 527): DC=1.2853e+01 r2=4.5170e-02 r3=1.0069e-01 epsV=8.7471e-01 epsZ=6.8497e-01 
New pars ( 528): DC=1.2853e+01 r2=4.5171e-02 r3=1.0069e-01 epsV=8.7471e-01 epsZ=6.8497e-01 
New pars ( 529): DC=1.2937e+01 r2=4.4483e-02 r3=1.0069e-01 epsV=8.6703e-01 epsZ=7.7686e-01 
New pars ( 530): DC=1.2888e+01 r2=4.4891e-02 r3=1.0069e-01 epsV=8.7158e-01 epsZ=7.2244e-01 
New pars ( 531): DC=1.2888e+01 r2=4.4891e-02 r3=1.0069e-01 epsV=8.7158e-01 epsZ=7.2244e-01 
New pars ( 532): DC=1.2888e+01 r2=4.4891e-02 r3=1.0069e-01 epsV=8.7158e-01 epsZ=7.2244e-01 
New pars ( 533): DC=1.2888e+01 r2=4.4892e-02 r3=1.0069e-01 epsV=8.7158e-01 epsZ=7.2244e-01 
New pars ( 534): DC=1.2888e+01 r2=4.4889e-02 r3=1.0069e-01 epsV=8.7158e-01 epsZ=7.2244e-01 
New pars ( 535): DC=1.2888e+01 r2=4.4891e-02 r3=1.0069e-01 epsV=8.7158e-01 epsZ=7.2244e-01 
New pars ( 536): DC=1.2887e+01 r2=4.5068e-02 r3=1.0069e-01 epsV=8.7336e-01 epsZ=7.0463e-01 
New pars ( 537): DC=1.2885e+01 r2=4.5241e-02 r3=1.0069e-01 epsV=8.7510e-01 epsZ=6.8718e-01 
New pars ( 538): DC=1.2886e+01 r2=4.5241e-02 r3=1.0069e-01 epsV=8.7510e-01 epsZ=6.8718e-01 
New pars ( 539): DC=1.2885e+01 r2=4.5241e-02 r3=1.0069e-01 epsV=8.7510e-01 epsZ=6.8718e-01 
New pars ( 540): DC=1.2885e+01 r2=4.5242e-02 r3=1.0069e-01 epsV=8.7510e-01 epsZ=6.8718e-01 
New pars ( 541): DC=1.2885e+01 r2=4.5239e-02 r3=1.0069e-01 epsV=8.7510e-01 epsZ=6.8718e-01 
New pars ( 542): DC=1.2885e+01 r2=4.5241e-02 r3=1.0069e-01 epsV=8.7510e-01 epsZ=6.8718e-01 
New pars ( 543): DC=1.2846e+01 r2=4.5118e-02 r3=1.0069e-01 epsV=8.7381e-01 epsZ=6.8546e-01 
New pars ( 544): DC=1.2859e+01 r2=4.5159e-02 r3=1.0069e-01 epsV=8.7423e-01 epsZ=6.8603e-01 
New pars ( 545): DC=1.2859e+01 r2=4.5159e-02 r3=1.0069e-01 epsV=8.7423e-01 epsZ=6.8603e-01 
New pars ( 546): DC=1.2859e+01 r2=4.5159e-02 r3=1.0069e-01 epsV=8.7423e-01 epsZ=6.8603e-01 
New pars ( 547): DC=1.2859e+01 r2=4.5160e-02 r3=1.0069e-01 epsV=8.7423e-01 epsZ=6.8603e-01 
New pars ( 548): DC=1.2859e+01 r2=4.5157e-02 r3=1.0069e-01 epsV=8.7423e-01 epsZ=6.8603e-01 
New pars ( 549): DC=1.2859e+01 r2=4.5159e-02 r3=1.0069e-01 epsV=8.7424e-01 epsZ=6.8603e-01 
New pars ( 550): DC=1.2859e+01 r2=4.5148e-02 r3=1.0069e-01 epsV=8.7416e-01 epsZ=6.8659e-01 
New pars ( 551): DC=1.2859e+01 r2=4.5144e-02 r3=1.0069e-01 epsV=8.7413e-01 epsZ=6.8678e-01 
New pars ( 552): DC=1.2859e+01 r2=4.5144e-02 r3=1.0069e-01 epsV=8.7413e-01 epsZ=6.8678e-01 
New pars ( 553): DC=1.2859e+01 r2=4.5144e-02 r3=1.0069e-01 epsV=8.7413e-01 epsZ=6.8678e-01 
New pars ( 554): DC=1.2859e+01 r2=4.5146e-02 r3=1.0069e-01 epsV=8.7413e-01 epsZ=6.8678e-01 
New pars ( 555): DC=1.2859e+01 r2=4.5143e-02 r3=1.0069e-01 epsV=8.7413e-01 epsZ=6.8678e-01 
New pars ( 556): DC=1.2859e+01 r2=4.5144e-02 r3=1.0069e-01 epsV=8.7413e-01 epsZ=6.8678e-01 
New pars ( 557): DC=1.2858e+01 r2=4.5141e-02 r3=1.0069e-01 epsV=8.7411e-01 epsZ=6.8683e-01 
New pars ( 558): DC=1.2858e+01 r2=4.5140e-02 r3=1.0069e-01 epsV=8.7411e-01 epsZ=6.8685e-01 
New pars ( 559): DC=1.2859e+01 r2=4.5140e-02 r3=1.0069e-01 epsV=8.7411e-01 epsZ=6.8685e-01 
New pars ( 560): DC=1.2858e+01 r2=4.5140e-02 r3=1.0069e-01 epsV=8.7411e-01 epsZ=6.8685e-01 
New pars ( 561): DC=1.2858e+01 r2=4.5142e-02 r3=1.0069e-01 epsV=8.7411e-01 epsZ=6.8685e-01 
New pars ( 562): DC=1.2858e+01 r2=4.5139e-02 r3=1.0069e-01 epsV=8.7411e-01 epsZ=6.8685e-01 
New pars ( 563): DC=1.2858e+01 r2=4.5140e-02 r3=1.0069e-01 epsV=8.7411e-01 epsZ=6.8685e-01 
New pars ( 564): DC=1.2858e+01 r2=4.5140e-02 r3=1.0100e-01 epsV=8.7411e-01 epsZ=6.8685e-01 
New pars ( 565): DC=1.2859e+01 r2=4.5140e-02 r3=1.0100e-01 epsV=8.7411e-01 epsZ=6.8685e-01 
New pars ( 566): DC=1.2858e+01 r2=4.5140e-02 r3=1.0100e-01 epsV=8.7411e-01 epsZ=6.8685e-01 
New pars ( 567): DC=1.2858e+01 r2=4.5142e-02 r3=1.0100e-01 epsV=8.7411e-01 epsZ=6.8685e-01 
New pars ( 568): DC=1.2858e+01 r2=4.5139e-02 r3=1.0100e-01 epsV=8.7411e-01 epsZ=6.8685e-01 
New pars ( 569): DC=1.2858e+01 r2=4.5140e-02 r3=1.0100e-01 epsV=8.7411e-01 epsZ=6.8685e-01 
New pars ( 570): DC=1.2856e+01 r2=4.5048e-02 r3=1.0100e-01 epsV=8.7366e-01 epsZ=6.9412e-01 
New pars ( 571): DC=1.2856e+01 r2=4.5048e-02 r3=1.0100e-01 epsV=8.7366e-01 epsZ=6.9412e-01 
New pars ( 572): DC=1.2856e+01 r2=4.5048e-02 r3=1.0100e-01 epsV=8.7366e-01 epsZ=6.9412e-01 
New pars ( 573): DC=1.2856e+01 r2=4.5050e-02 r3=1.0100e-01 epsV=8.7366e-01 epsZ=6.9412e-01 
New pars ( 574): DC=1.2856e+01 r2=4.5047e-02 r3=1.0100e-01 epsV=8.7366e-01 epsZ=6.9412e-01 
New pars ( 575): DC=1.2856e+01 r2=4.5048e-02 r3=1.0100e-01 epsV=8.7367e-01 epsZ=6.9412e-01 
New pars ( 576): DC=1.2854e+01 r2=4.5031e-02 r3=1.0100e-01 epsV=8.7354e-01 epsZ=6.9434e-01 
New pars ( 577): DC=1.2854e+01 r2=4.5031e-02 r3=1.0100e-01 epsV=8.7354e-01 epsZ=6.9434e-01 
New pars ( 578): DC=1.2853e+01 r2=4.5031e-02 r3=1.0100e-01 epsV=8.7354e-01 epsZ=6.9434e-01 
New pars ( 579): DC=1.2854e+01 r2=4.5032e-02 r3=1.0100e-01 epsV=8.7354e-01 epsZ=6.9434e-01 
New pars ( 580): DC=1.2854e+01 r2=4.5029e-02 r3=1.0100e-01 epsV=8.7354e-01 epsZ=6.9434e-01 
New pars ( 581): DC=1.2854e+01 r2=4.5031e-02 r3=1.0100e-01 epsV=8.7354e-01 epsZ=6.9434e-01 
 PARAMETER NUMBER   7 NOT A VARIABLE. IGNORED.
 THERE ARE NO MINOS ERRORS TO CALCULATE.
 PARAMETER NUMBER   8 NOT A VARIABLE. IGNORED.
 THERE ARE NO MINOS ERRORS TO CALCULATE.
 PARAMETER NUMBER   9 NOT A VARIABLE. IGNORED.
 THERE ARE NO MINOS ERRORS TO CALCULATE.
 PARAMETER NUMBER  10 NOT A VARIABLE. IGNORED.
 THERE ARE NO MINOS ERRORS TO CALCULATE.
New pars ( 582): DC=1.2864e+01 r2=4.5314e-02 r3=1.0189e-01 epsV=8.7742e-01 epsZ=6.7748e-01 
New pars ( 583): DC=1.2864e+01 r2=4.5314e-02 r3=1.0189e-01 epsV=8.7742e-01 epsZ=6.7748e-01 
New pars ( 584): DC=1.2863e+01 r2=4.5314e-02 r3=1.0189e-01 epsV=8.7742e-01 epsZ=6.7748e-01 
New pars ( 585): DC=1.2864e+01 r2=4.5315e-02 r3=1.0189e-01 epsV=8.7742e-01 epsZ=6.7748e-01 
New pars ( 586): DC=1.2864e+01 r2=4.5312e-02 r3=1.0189e-01 epsV=8.7742e-01 epsZ=6.7748e-01 
New pars ( 587): DC=1.2864e+01 r2=4.5314e-02 r3=1.0189e-01 epsV=8.7742e-01 epsZ=6.7748e-01 
New pars ( 588): DC=1.2864e+01 r2=4.5314e-02 r3=1.0188e-01 epsV=8.7742e-01 epsZ=6.7748e-01 
New pars ( 589): DC=1.2864e+01 r2=4.5314e-02 r3=1.0189e-01 epsV=8.7742e-01 epsZ=6.7752e-01 
New pars ( 590): DC=1.2893e+01 r2=4.4786e-02 r3=1.0649e-01 epsV=8.7742e-01 epsZ=7.3616e-01 
New pars ( 591): DC=1.2877e+01 r2=4.5067e-02 r3=1.0403e-01 epsV=8.7742e-01 epsZ=7.0488e-01 
New pars ( 592): DC=1.2877e+01 r2=4.5067e-02 r3=1.0403e-01 epsV=8.7742e-01 epsZ=7.0488e-01 
New pars ( 593): DC=1.2877e+01 r2=4.5067e-02 r3=1.0403e-01 epsV=8.7742e-01 epsZ=7.0488e-01 
New pars ( 594): DC=1.2877e+01 r2=4.5069e-02 r3=1.0403e-01 epsV=8.7742e-01 epsZ=7.0488e-01 
New pars ( 595): DC=1.2877e+01 r2=4.5066e-02 r3=1.0403e-01 epsV=8.7742e-01 epsZ=7.0488e-01 
New pars ( 596): DC=1.2877e+01 r2=4.5067e-02 r3=1.0404e-01 epsV=8.7742e-01 epsZ=7.0488e-01 
New pars ( 597): DC=1.2877e+01 r2=4.5067e-02 r3=1.0403e-01 epsV=8.7742e-01 epsZ=7.0488e-01 
New pars ( 598): DC=1.2877e+01 r2=4.5067e-02 r3=1.0403e-01 epsV=8.7742e-01 epsZ=7.0493e-01 
New pars ( 599): DC=1.2873e+01 r2=4.5254e-02 r3=1.0298e-01 epsV=8.7742e-01 epsZ=6.9134e-01 
New pars ( 600): DC=1.2871e+01 r2=4.5370e-02 r3=1.0232e-01 epsV=8.7742e-01 epsZ=6.8291e-01 
New pars ( 601): DC=1.2871e+01 r2=4.5370e-02 r3=1.0232e-01 epsV=8.7742e-01 epsZ=6.8291e-01 
New pars ( 602): DC=1.2871e+01 r2=4.5370e-02 r3=1.0232e-01 epsV=8.7742e-01 epsZ=6.8291e-01 
New pars ( 603): DC=1.2871e+01 r2=4.5371e-02 r3=1.0232e-01 epsV=8.7742e-01 epsZ=6.8291e-01 
New pars ( 604): DC=1.2871e+01 r2=4.5368e-02 r3=1.0232e-01 epsV=8.7742e-01 epsZ=6.8291e-01 
New pars ( 605): DC=1.2871e+01 r2=4.5370e-02 r3=1.0233e-01 epsV=8.7742e-01 epsZ=6.8291e-01 
New pars ( 606): DC=1.2871e+01 r2=4.5370e-02 r3=1.0232e-01 epsV=8.7742e-01 epsZ=6.8291e-01 
New pars ( 607): DC=1.2871e+01 r2=4.5370e-02 r3=1.0232e-01 epsV=8.7742e-01 epsZ=6.8296e-01 
New pars ( 608): DC=1.2871e+01 r2=4.5394e-02 r3=1.0193e-01 epsV=8.7742e-01 epsZ=6.7735e-01 
New pars ( 609): DC=1.2871e+01 r2=4.5407e-02 r3=1.0172e-01 epsV=8.7742e-01 epsZ=6.7448e-01 
New pars ( 610): DC=1.2871e+01 r2=4.5407e-02 r3=1.0172e-01 epsV=8.7742e-01 epsZ=6.7448e-01 
New pars ( 611): DC=1.2871e+01 r2=4.5407e-02 r3=1.0172e-01 epsV=8.7742e-01 epsZ=6.7448e-01 
New pars ( 612): DC=1.2871e+01 r2=4.5409e-02 r3=1.0172e-01 epsV=8.7742e-01 epsZ=6.7448e-01 
New pars ( 613): DC=1.2871e+01 r2=4.5406e-02 r3=1.0172e-01 epsV=8.7742e-01 epsZ=6.7448e-01 
New pars ( 614): DC=1.2871e+01 r2=4.5407e-02 r3=1.0173e-01 epsV=8.7742e-01 epsZ=6.7448e-01 
New pars ( 615): DC=1.2871e+01 r2=4.5407e-02 r3=1.0172e-01 epsV=8.7742e-01 epsZ=6.7448e-01 
New pars ( 616): DC=1.2871e+01 r2=4.5407e-02 r3=1.0172e-01 epsV=8.7742e-01 epsZ=6.7452e-01 
New pars ( 617): DC=1.2870e+01 r2=4.5405e-02 r3=1.0174e-01 epsV=8.7742e-01 epsZ=6.7429e-01 
New pars ( 618): DC=1.2870e+01 r2=4.5405e-02 r3=1.0174e-01 epsV=8.7742e-01 epsZ=6.7429e-01 
New pars ( 619): DC=1.2870e+01 r2=4.5405e-02 r3=1.0174e-01 epsV=8.7742e-01 epsZ=6.7429e-01 
New pars ( 620): DC=1.2870e+01 r2=4.5407e-02 r3=1.0174e-01 epsV=8.7742e-01 epsZ=6.7429e-01 
New pars ( 621): DC=1.2870e+01 r2=4.5404e-02 r3=1.0174e-01 epsV=8.7742e-01 epsZ=6.7429e-01 
New pars ( 622): DC=1.2870e+01 r2=4.5405e-02 r3=1.0174e-01 epsV=8.7742e-01 epsZ=6.7429e-01 
New pars ( 623): DC=1.2870e+01 r2=4.5405e-02 r3=1.0173e-01 epsV=8.7742e-01 epsZ=6.7429e-01 
New pars ( 624): DC=1.2870e+01 r2=4.5405e-02 r3=1.0174e-01 epsV=8.7742e-01 epsZ=6.7434e-01 
New pars ( 625): DC=1.2870e+01 r2=4.5408e-02 r3=1.0172e-01 epsV=8.7742e-01 epsZ=6.7407e-01 
New pars ( 626): DC=1.2870e+01 r2=4.5408e-02 r3=1.0172e-01 epsV=8.7742e-01 epsZ=6.7407e-01 
New pars ( 627): DC=1.2870e+01 r2=4.5408e-02 r3=1.0172e-01 epsV=8.7742e-01 epsZ=6.7407e-01 
New pars ( 628): DC=1.2870e+01 r2=4.5410e-02 r3=1.0172e-01 epsV=8.7742e-01 epsZ=6.7407e-01 
New pars ( 629): DC=1.2870e+01 r2=4.5406e-02 r3=1.0172e-01 epsV=8.7742e-01 epsZ=6.7407e-01 
New pars ( 630): DC=1.2870e+01 r2=4.5408e-02 r3=1.0172e-01 epsV=8.7742e-01 epsZ=6.7407e-01 
New pars ( 631): DC=1.2870e+01 r2=4.5408e-02 r3=1.0172e-01 epsV=8.7742e-01 epsZ=6.7407e-01 
New pars ( 632): DC=1.2870e+01 r2=4.5408e-02 r3=1.0172e-01 epsV=8.7742e-01 epsZ=6.7411e-01 
New pars ( 633): DC=1.2870e+01 r2=4.5408e-02 r3=1.0172e-01 epsV=8.7608e-01 epsZ=6.7407e-01 
New pars ( 634): DC=1.2870e+01 r2=4.5408e-02 r3=1.0172e-01 epsV=8.7608e-01 epsZ=6.7407e-01 
New pars ( 635): DC=1.2870e+01 r2=4.5410e-02 r3=1.0172e-01 epsV=8.7608e-01 epsZ=6.7407e-01 
New pars ( 636): DC=1.2870e+01 r2=4.5406e-02 r3=1.0172e-01 epsV=8.7608e-01 epsZ=6.7407e-01 
New pars ( 637): DC=1.2870e+01 r2=4.5408e-02 r3=1.0172e-01 epsV=8.7608e-01 epsZ=6.7407e-01 
New pars ( 638): DC=1.2870e+01 r2=4.5408e-02 r3=1.0172e-01 epsV=8.7608e-01 epsZ=6.7407e-01 
New pars ( 639): DC=1.2870e+01 r2=4.5408e-02 r3=1.0172e-01 epsV=8.7608e-01 epsZ=6.7411e-01 
New pars ( 640): DC=1.2861e+01 r2=4.5337e-02 r3=1.0096e-01 epsV=8.7608e-01 epsZ=6.7338e-01 
New pars ( 641): DC=1.2861e+01 r2=4.5337e-02 r3=1.0096e-01 epsV=8.7608e-01 epsZ=6.7338e-01 
New pars ( 642): DC=1.2861e+01 r2=4.5337e-02 r3=1.0096e-01 epsV=8.7608e-01 epsZ=6.7338e-01 
New pars ( 643): DC=1.2861e+01 r2=4.5338e-02 r3=1.0096e-01 epsV=8.7608e-01 epsZ=6.7338e-01 
New pars ( 644): DC=1.2861e+01 r2=4.5335e-02 r3=1.0096e-01 epsV=8.7608e-01 epsZ=6.7338e-01 
New pars ( 645): DC=1.2861e+01 r2=4.5337e-02 r3=1.0096e-01 epsV=8.7608e-01 epsZ=6.7338e-01 
New pars ( 646): DC=1.2861e+01 r2=4.5337e-02 r3=1.0096e-01 epsV=8.7608e-01 epsZ=6.7338e-01 
New pars ( 647): DC=1.2861e+01 r2=4.5337e-02 r3=1.0096e-01 epsV=8.7608e-01 epsZ=6.7343e-01 
New pars ( 648): DC=1.2860e+01 r2=4.5175e-02 r3=1.0224e-01 epsV=8.7608e-01 epsZ=6.8926e-01 
New pars ( 649): DC=1.2860e+01 r2=4.5175e-02 r3=1.0224e-01 epsV=8.7608e-01 epsZ=6.8926e-01 
New pars ( 650): DC=1.2860e+01 r2=4.5175e-02 r3=1.0224e-01 epsV=8.7608e-01 epsZ=6.8926e-01 
New pars ( 651): DC=1.2860e+01 r2=4.5176e-02 r3=1.0224e-01 epsV=8.7608e-01 epsZ=6.8926e-01 
New pars ( 652): DC=1.2860e+01 r2=4.5173e-02 r3=1.0224e-01 epsV=8.7608e-01 epsZ=6.8926e-01 
New pars ( 653): DC=1.2860e+01 r2=4.5175e-02 r3=1.0225e-01 epsV=8.7608e-01 epsZ=6.8926e-01 
New pars ( 654): DC=1.2860e+01 r2=4.5175e-02 r3=1.0224e-01 epsV=8.7608e-01 epsZ=6.8926e-01 
New pars ( 655): DC=1.2860e+01 r2=4.5175e-02 r3=1.0224e-01 epsV=8.7608e-01 epsZ=6.8931e-01 
New pars ( 656): DC=1.2860e+01 r2=4.5175e-02 r3=1.0225e-01 epsV=8.7608e-01 epsZ=6.8935e-01 
New pars ( 657): DC=1.2860e+01 r2=4.5175e-02 r3=1.0225e-01 epsV=8.7608e-01 epsZ=6.8935e-01 
New pars ( 658): DC=1.2860e+01 r2=4.5175e-02 r3=1.0225e-01 epsV=8.7608e-01 epsZ=6.8935e-01 
New pars ( 659): DC=1.2860e+01 r2=4.5177e-02 r3=1.0225e-01 epsV=8.7608e-01 epsZ=6.8935e-01 
New pars ( 660): DC=1.2860e+01 r2=4.5174e-02 r3=1.0225e-01 epsV=8.7608e-01 epsZ=6.8935e-01 
New pars ( 661): DC=1.2860e+01 r2=4.5175e-02 r3=1.0226e-01 epsV=8.7608e-01 epsZ=6.8935e-01 
New pars ( 662): DC=1.2860e+01 r2=4.5175e-02 r3=1.0225e-01 epsV=8.7608e-01 epsZ=6.8935e-01 
New pars ( 663): DC=1.2860e+01 r2=4.5175e-02 r3=1.0225e-01 epsV=8.7608e-01 epsZ=6.8939e-01 
New pars ( 664): DC=1.2585e+01 r2=3.8621e-02 r3=1.1744e-01 epsV=8.3687e-01 epsZ=1.1260e+00 
New pars ( 665): DC=1.2585e+01 r2=3.8621e-02 r3=1.1744e-01 epsV=8.3687e-01 epsZ=1.1260e+00 
New pars ( 666): DC=1.2585e+01 r2=3.8621e-02 r3=1.1744e-01 epsV=8.3687e-01 epsZ=1.1260e+00 
New pars ( 667): DC=1.2585e+01 r2=3.8623e-02 r3=1.1744e-01 epsV=8.3687e-01 epsZ=1.1260e+00 
New pars ( 668): DC=1.2585e+01 r2=3.8619e-02 r3=1.1744e-01 epsV=8.3687e-01 epsZ=1.1260e+00 
New pars ( 669): DC=1.2585e+01 r2=3.8621e-02 r3=1.1745e-01 epsV=8.3687e-01 epsZ=1.1260e+00 
New pars ( 670): DC=1.2585e+01 r2=3.8621e-02 r3=1.1744e-01 epsV=8.3687e-01 epsZ=1.1260e+00 
New pars ( 671): DC=1.2585e+01 r2=3.8621e-02 r3=1.1744e-01 epsV=8.3687e-01 epsZ=1.1261e+00 
New pars ( 672): DC=1.2566e+01 r2=3.9934e-02 r3=1.0711e-01 epsV=8.3687e-01 epsZ=9.8458e-01 
New pars ( 673): DC=1.2580e+01 r2=3.8985e-02 r3=1.1458e-01 epsV=8.3687e-01 epsZ=1.0869e+00 
New pars ( 674): DC=1.2581e+01 r2=3.8881e-02 r3=1.1540e-01 epsV=8.3687e-01 epsZ=1.0980e+00 
New pars ( 675): DC=1.2581e+01 r2=3.8881e-02 r3=1.1540e-01 epsV=8.3687e-01 epsZ=1.0980e+00 
New pars ( 676): DC=1.2581e+01 r2=3.8881e-02 r3=1.1540e-01 epsV=8.3687e-01 epsZ=1.0980e+00 
New pars ( 677): DC=1.2581e+01 r2=3.8883e-02 r3=1.1540e-01 epsV=8.3687e-01 epsZ=1.0980e+00 
New pars ( 678): DC=1.2581e+01 r2=3.8880e-02 r3=1.1540e-01 epsV=8.3687e-01 epsZ=1.0980e+00 
New pars ( 679): DC=1.2581e+01 r2=3.8881e-02 r3=1.1540e-01 epsV=8.3687e-01 epsZ=1.0980e+00 
New pars ( 680): DC=1.2581e+01 r2=3.8881e-02 r3=1.1539e-01 epsV=8.3687e-01 epsZ=1.0980e+00 
New pars ( 681): DC=1.2581e+01 r2=3.8881e-02 r3=1.1540e-01 epsV=8.3687e-01 epsZ=1.0981e+00 
New pars ( 682): DC=1.2582e+01 r2=3.8914e-02 r3=1.1592e-01 epsV=8.3687e-01 epsZ=1.1064e+00 
New pars ( 683): DC=1.2582e+01 r2=3.8914e-02 r3=1.1592e-01 epsV=8.3687e-01 epsZ=1.1064e+00 
New pars ( 684): DC=1.2582e+01 r2=3.8914e-02 r3=1.1592e-01 epsV=8.3687e-01 epsZ=1.1064e+00 
New pars ( 685): DC=1.2582e+01 r2=3.8915e-02 r3=1.1592e-01 epsV=8.3687e-01 epsZ=1.1064e+00 
New pars ( 686): DC=1.2582e+01 r2=3.8912e-02 r3=1.1592e-01 epsV=8.3687e-01 epsZ=1.1064e+00 
New pars ( 687): DC=1.2582e+01 r2=3.8914e-02 r3=1.1592e-01 epsV=8.3687e-01 epsZ=1.1064e+00 
New pars ( 688): DC=1.2582e+01 r2=3.8914e-02 r3=1.1591e-01 epsV=8.3687e-01 epsZ=1.1064e+00 
New pars ( 689): DC=1.2582e+01 r2=3.8914e-02 r3=1.1592e-01 epsV=8.3687e-01 epsZ=1.1064e+00 
New pars ( 690): DC=1.2581e+01 r2=3.8867e-02 r3=1.1619e-01 epsV=8.3687e-01 epsZ=1.1090e+00 
New pars ( 691): DC=1.2580e+01 r2=3.8801e-02 r3=1.1659e-01 epsV=8.3687e-01 epsZ=1.1128e+00 
New pars ( 692): DC=1.2580e+01 r2=3.8801e-02 r3=1.1659e-01 epsV=8.3687e-01 epsZ=1.1128e+00 
New pars ( 693): DC=1.2580e+01 r2=3.8801e-02 r3=1.1659e-01 epsV=8.3687e-01 epsZ=1.1128e+00 
New pars ( 694): DC=1.2580e+01 r2=3.8803e-02 r3=1.1659e-01 epsV=8.3687e-01 epsZ=1.1128e+00 
New pars ( 695): DC=1.2580e+01 r2=3.8800e-02 r3=1.1659e-01 epsV=8.3687e-01 epsZ=1.1128e+00 
New pars ( 696): DC=1.2580e+01 r2=3.8801e-02 r3=1.1659e-01 epsV=8.3687e-01 epsZ=1.1128e+00 
New pars ( 697): DC=1.2580e+01 r2=3.8801e-02 r3=1.1658e-01 epsV=8.3687e-01 epsZ=1.1128e+00 
New pars ( 698): DC=1.2580e+01 r2=3.8801e-02 r3=1.1659e-01 epsV=8.3687e-01 epsZ=1.1129e+00 
New pars ( 699): DC=1.2583e+01 r2=3.8790e-02 r3=1.1668e-01 epsV=8.3687e-01 epsZ=1.1145e+00 
New pars ( 700): DC=1.2586e+01 r2=3.8778e-02 r3=1.1679e-01 epsV=8.3687e-01 epsZ=1.1164e+00 
New pars ( 701): DC=1.2586e+01 r2=3.8778e-02 r3=1.1679e-01 epsV=8.3687e-01 epsZ=1.1164e+00 
New pars ( 702): DC=1.2586e+01 r2=3.8778e-02 r3=1.1679e-01 epsV=8.3687e-01 epsZ=1.1164e+00 
New pars ( 703): DC=1.2586e+01 r2=3.8779e-02 r3=1.1679e-01 epsV=8.3687e-01 epsZ=1.1164e+00 
New pars ( 704): DC=1.2586e+01 r2=3.8776e-02 r3=1.1679e-01 epsV=8.3687e-01 epsZ=1.1164e+00 
New pars ( 705): DC=1.2586e+01 r2=3.8778e-02 r3=1.1680e-01 epsV=8.3687e-01 epsZ=1.1164e+00 
New pars ( 706): DC=1.2586e+01 r2=3.8778e-02 r3=1.1679e-01 epsV=8.3687e-01 epsZ=1.1164e+00 
New pars ( 707): DC=1.2586e+01 r2=3.8778e-02 r3=1.1679e-01 epsV=8.3687e-01 epsZ=1.1164e+00 
New pars ( 708): DC=1.2586e+01 r2=3.8769e-02 r3=1.1687e-01 epsV=8.3687e-01 epsZ=1.1172e+00 
New pars ( 709): DC=1.2586e+01 r2=3.8769e-02 r3=1.1687e-01 epsV=8.3687e-01 epsZ=1.1172e+00 
New pars ( 710): DC=1.2586e+01 r2=3.8769e-02 r3=1.1687e-01 epsV=8.3687e-01 epsZ=1.1172e+00 
New pars ( 711): DC=1.2586e+01 r2=3.8771e-02 r3=1.1687e-01 epsV=8.3687e-01 epsZ=1.1172e+00 
New pars ( 712): DC=1.2586e+01 r2=3.8768e-02 r3=1.1687e-01 epsV=8.3687e-01 epsZ=1.1172e+00 
New pars ( 713): DC=1.2586e+01 r2=3.8769e-02 r3=1.1687e-01 epsV=8.3687e-01 epsZ=1.1172e+00 
New pars ( 714): DC=1.2586e+01 r2=3.8769e-02 r3=1.1686e-01 epsV=8.3687e-01 epsZ=1.1172e+00 
New pars ( 715): DC=1.2586e+01 r2=3.8769e-02 r3=1.1687e-01 epsV=8.3687e-01 epsZ=1.1172e+00 
New pars ( 716): DC=1.2586e+01 r2=3.8769e-02 r3=1.1687e-01 epsV=8.3667e-01 epsZ=1.1172e+00 
New pars ( 717): DC=1.2586e+01 r2=3.8769e-02 r3=1.1687e-01 epsV=8.3667e-01 epsZ=1.1172e+00 
New pars ( 718): DC=1.2586e+01 r2=3.8771e-02 r3=1.1687e-01 epsV=8.3667e-01 epsZ=1.1172e+00 
New pars ( 719): DC=1.2586e+01 r2=3.8768e-02 r3=1.1687e-01 epsV=8.3667e-01 epsZ=1.1172e+00 
New pars ( 720): DC=1.2586e+01 r2=3.8769e-02 r3=1.1687e-01 epsV=8.3667e-01 epsZ=1.1172e+00 
New pars ( 721): DC=1.2586e+01 r2=3.8769e-02 r3=1.1686e-01 epsV=8.3667e-01 epsZ=1.1172e+00 
New pars ( 722): DC=1.2586e+01 r2=3.8769e-02 r3=1.1687e-01 epsV=8.3667e-01 epsZ=1.1172e+00 
New pars ( 723): DC=1.2584e+01 r2=3.8736e-02 r3=1.1694e-01 epsV=8.3667e-01 epsZ=1.1193e+00 
New pars ( 724): DC=1.2585e+01 r2=3.8736e-02 r3=1.1694e-01 epsV=8.3667e-01 epsZ=1.1193e+00 
New pars ( 725): DC=1.2584e+01 r2=3.8736e-02 r3=1.1694e-01 epsV=8.3667e-01 epsZ=1.1193e+00 
New pars ( 726): DC=1.2584e+01 r2=3.8737e-02 r3=1.1694e-01 epsV=8.3667e-01 epsZ=1.1193e+00 
New pars ( 727): DC=1.2584e+01 r2=3.8734e-02 r3=1.1694e-01 epsV=8.3667e-01 epsZ=1.1193e+00 
New pars ( 728): DC=1.2584e+01 r2=3.8736e-02 r3=1.1695e-01 epsV=8.3667e-01 epsZ=1.1193e+00 
New pars ( 729): DC=1.2584e+01 r2=3.8736e-02 r3=1.1694e-01 epsV=8.3667e-01 epsZ=1.1193e+00 
New pars ( 730): DC=1.2584e+01 r2=3.8736e-02 r3=1.1694e-01 epsV=8.3667e-01 epsZ=1.1193e+00 
New pars ( 731): DC=1.2585e+01 r2=3.8738e-02 r3=1.1693e-01 epsV=8.3667e-01 epsZ=1.1193e+00 
New pars ( 732): DC=1.2585e+01 r2=3.8738e-02 r3=1.1693e-01 epsV=8.3667e-01 epsZ=1.1193e+00 
New pars ( 733): DC=1.2584e+01 r2=3.8738e-02 r3=1.1693e-01 epsV=8.3667e-01 epsZ=1.1193e+00 
New pars ( 734): DC=1.2585e+01 r2=3.8740e-02 r3=1.1693e-01 epsV=8.3667e-01 epsZ=1.1193e+00 
New pars ( 735): DC=1.2585e+01 r2=3.8737e-02 r3=1.1693e-01 epsV=8.3667e-01 epsZ=1.1193e+00 
New pars ( 736): DC=1.2585e+01 r2=3.8738e-02 r3=1.1694e-01 epsV=8.3667e-01 epsZ=1.1193e+00 
New pars ( 737): DC=1.2585e+01 r2=3.8738e-02 r3=1.1693e-01 epsV=8.3667e-01 epsZ=1.1193e+00 
New pars ( 738): DC=1.2585e+01 r2=3.8738e-02 r3=1.1693e-01 epsV=8.3667e-01 epsZ=1.1193e+00 
 PARAMETER NUMBER  12 NOT A VARIABLE. IGNORED.
 THERE ARE NO MINOS ERRORS TO CALCULATE.
 PARAMETER NUMBER  13 NOT A VARIABLE. IGNORED.
 THERE ARE NO MINOS ERRORS TO CALCULATE.
 PARAMETER NUMBER  14 NOT A VARIABLE. IGNORED.
 THERE ARE NO MINOS ERRORS TO CALCULATE.
New pars ( 739): DC=1.2599e+01 r2=3.8615e-02 r3=1.1809e-01 epsV=8.3747e-01 epsZ=1.1329e+00 
New pars ( 740): DC=1.2599e+01 r2=3.8615e-02 r3=1.1809e-01 epsV=8.3747e-01 epsZ=1.1329e+00 
New pars ( 741): DC=1.2599e+01 r2=3.8615e-02 r3=1.1809e-01 epsV=8.3747e-01 epsZ=1.1329e+00 
New pars ( 742): DC=1.2599e+01 r2=3.8617e-02 r3=1.1809e-01 epsV=8.3747e-01 epsZ=1.1329e+00 
New pars ( 743): DC=1.2599e+01 r2=3.8614e-02 r3=1.1809e-01 epsV=8.3747e-01 epsZ=1.1329e+00 
New pars ( 744): DC=1.2599e+01 r2=3.8615e-02 r3=1.1809e-01 epsV=8.3747e-01 epsZ=1.1329e+00 
New pars ( 745): DC=1.2599e+01 r2=3.8615e-02 r3=1.1808e-01 epsV=8.3747e-01 epsZ=1.1329e+00 
New pars ( 746): DC=1.2599e+01 r2=3.8615e-02 r3=1.1809e-01 epsV=8.3748e-01 epsZ=1.1329e+00 
New pars ( 747): DC=1.2583e+01 r2=3.8552e-02 r3=1.1571e-01 epsV=8.3345e-01 epsZ=1.1329e+00 
New pars ( 748): DC=1.2589e+01 r2=3.8575e-02 r3=1.1658e-01 epsV=8.3493e-01 epsZ=1.1329e+00 
New pars ( 749): DC=1.2589e+01 r2=3.8575e-02 r3=1.1658e-01 epsV=8.3493e-01 epsZ=1.1329e+00 
New pars ( 750): DC=1.2589e+01 r2=3.8575e-02 r3=1.1658e-01 epsV=8.3493e-01 epsZ=1.1329e+00 
New pars ( 751): DC=1.2589e+01 r2=3.8577e-02 r3=1.1658e-01 epsV=8.3493e-01 epsZ=1.1329e+00 
New pars ( 752): DC=1.2589e+01 r2=3.8574e-02 r3=1.1658e-01 epsV=8.3493e-01 epsZ=1.1329e+00 
New pars ( 753): DC=1.2589e+01 r2=3.8575e-02 r3=1.1659e-01 epsV=8.3493e-01 epsZ=1.1329e+00 
New pars ( 754): DC=1.2589e+01 r2=3.8575e-02 r3=1.1658e-01 epsV=8.3493e-01 epsZ=1.1329e+00 
New pars ( 755): DC=1.2589e+01 r2=3.8575e-02 r3=1.1658e-01 epsV=8.3493e-01 epsZ=1.1329e+00 
New pars ( 756): DC=1.2594e+01 r2=3.8649e-02 r3=1.1735e-01 epsV=8.3605e-01 epsZ=1.1329e+00 
New pars ( 757): DC=1.2594e+01 r2=3.8655e-02 r3=1.1740e-01 epsV=8.3613e-01 epsZ=1.1329e+00 
New pars ( 758): DC=1.2594e+01 r2=3.8655e-02 r3=1.1740e-01 epsV=8.3613e-01 epsZ=1.1329e+00 
New pars ( 759): DC=1.2594e+01 r2=3.8655e-02 r3=1.1740e-01 epsV=8.3613e-01 epsZ=1.1329e+00 
New pars ( 760): DC=1.2594e+01 r2=3.8656e-02 r3=1.1740e-01 epsV=8.3613e-01 epsZ=1.1329e+00 
New pars ( 761): DC=1.2594e+01 r2=3.8653e-02 r3=1.1740e-01 epsV=8.3613e-01 epsZ=1.1329e+00 
New pars ( 762): DC=1.2594e+01 r2=3.8655e-02 r3=1.1741e-01 epsV=8.3613e-01 epsZ=1.1329e+00 
New pars ( 763): DC=1.2594e+01 r2=3.8655e-02 r3=1.1740e-01 epsV=8.3613e-01 epsZ=1.1329e+00 
New pars ( 764): DC=1.2594e+01 r2=3.8655e-02 r3=1.1740e-01 epsV=8.3613e-01 epsZ=1.1329e+00 
New pars ( 765): DC=1.2593e+01 r2=3.8619e-02 r3=1.1771e-01 epsV=8.3638e-01 epsZ=1.1329e+00 
New pars ( 766): DC=1.2592e+01 r2=3.8605e-02 r3=1.1782e-01 epsV=8.3648e-01 epsZ=1.1329e+00 
New pars ( 767): DC=1.2593e+01 r2=3.8605e-02 r3=1.1782e-01 epsV=8.3648e-01 epsZ=1.1329e+00 
New pars ( 768): DC=1.2592e+01 r2=3.8605e-02 r3=1.1782e-01 epsV=8.3648e-01 epsZ=1.1329e+00 
New pars ( 769): DC=1.2592e+01 r2=3.8606e-02 r3=1.1782e-01 epsV=8.3648e-01 epsZ=1.1329e+00 
New pars ( 770): DC=1.2592e+01 r2=3.8603e-02 r3=1.1782e-01 epsV=8.3648e-01 epsZ=1.1329e+00 
New pars ( 771): DC=1.2592e+01 r2=3.8605e-02 r3=1.1783e-01 epsV=8.3648e-01 epsZ=1.1329e+00 
New pars ( 772): DC=1.2592e+01 r2=3.8605e-02 r3=1.1782e-01 epsV=8.3648e-01 epsZ=1.1329e+00 
New pars ( 773): DC=1.2592e+01 r2=3.8605e-02 r3=1.1782e-01 epsV=8.3648e-01 epsZ=1.1329e+00 
New pars ( 774): DC=1.2596e+01 r2=3.8616e-02 r3=1.1781e-01 epsV=8.3657e-01 epsZ=1.1329e+00 
New pars ( 775): DC=1.2596e+01 r2=3.8618e-02 r3=1.1781e-01 epsV=8.3658e-01 epsZ=1.1329e+00 
New pars ( 776): DC=1.2596e+01 r2=3.8618e-02 r3=1.1781e-01 epsV=8.3658e-01 epsZ=1.1329e+00 
New pars ( 777): DC=1.2596e+01 r2=3.8618e-02 r3=1.1781e-01 epsV=8.3658e-01 epsZ=1.1329e+00 
New pars ( 778): DC=1.2596e+01 r2=3.8620e-02 r3=1.1781e-01 epsV=8.3658e-01 epsZ=1.1329e+00 
New pars ( 779): DC=1.2596e+01 r2=3.8616e-02 r3=1.1781e-01 epsV=8.3658e-01 epsZ=1.1329e+00 
New pars ( 780): DC=1.2596e+01 r2=3.8618e-02 r3=1.1781e-01 epsV=8.3658e-01 epsZ=1.1329e+00 
New pars ( 781): DC=1.2596e+01 r2=3.8618e-02 r3=1.1780e-01 epsV=8.3658e-01 epsZ=1.1329e+00 
New pars ( 782): DC=1.2596e+01 r2=3.8618e-02 r3=1.1781e-01 epsV=8.3658e-01 epsZ=1.1329e+00 
New pars ( 783): DC=1.2596e+01 r2=3.8618e-02 r3=1.1781e-01 epsV=8.3658e-01 epsZ=1.1255e+00 
New pars ( 784): DC=1.2596e+01 r2=3.8618e-02 r3=1.1781e-01 epsV=8.3658e-01 epsZ=1.1255e+00 
New pars ( 785): DC=1.2596e+01 r2=3.8620e-02 r3=1.1781e-01 epsV=8.3658e-01 epsZ=1.1255e+00 
New pars ( 786): DC=1.2596e+01 r2=3.8616e-02 r3=1.1781e-01 epsV=8.3658e-01 epsZ=1.1255e+00 
New pars ( 787): DC=1.2596e+01 r2=3.8618e-02 r3=1.1781e-01 epsV=8.3658e-01 epsZ=1.1255e+00 
New pars ( 788): DC=1.2596e+01 r2=3.8618e-02 r3=1.1780e-01 epsV=8.3658e-01 epsZ=1.1255e+00 
New pars ( 789): DC=1.2596e+01 r2=3.8618e-02 r3=1.1781e-01 epsV=8.3658e-01 epsZ=1.1255e+00 
New pars ( 790): DC=1.2601e+01 r2=3.8739e-02 r3=1.1756e-01 epsV=8.3729e-01 epsZ=1.1255e+00 
New pars ( 791): DC=1.2601e+01 r2=3.8739e-02 r3=1.1756e-01 epsV=8.3729e-01 epsZ=1.1255e+00 
New pars ( 792): DC=1.2601e+01 r2=3.8739e-02 r3=1.1756e-01 epsV=8.3729e-01 epsZ=1.1255e+00 
New pars ( 793): DC=1.2601e+01 r2=3.8741e-02 r3=1.1756e-01 epsV=8.3729e-01 epsZ=1.1255e+00 
New pars ( 794): DC=1.2601e+01 r2=3.8738e-02 r3=1.1756e-01 epsV=8.3729e-01 epsZ=1.1255e+00 
New pars ( 795): DC=1.2601e+01 r2=3.8739e-02 r3=1.1756e-01 epsV=8.3729e-01 epsZ=1.1255e+00 
New pars ( 796): DC=1.2601e+01 r2=3.8739e-02 r3=1.1755e-01 epsV=8.3729e-01 epsZ=1.1255e+00 
New pars ( 797): DC=1.2601e+01 r2=3.8739e-02 r3=1.1756e-01 epsV=8.3729e-01 epsZ=1.1255e+00 
New pars ( 798): DC=1.2600e+01 r2=3.8723e-02 r3=1.1757e-01 epsV=8.3727e-01 epsZ=1.1255e+00 
New pars ( 799): DC=1.2600e+01 r2=3.8723e-02 r3=1.1757e-01 epsV=8.3727e-01 epsZ=1.1255e+00 
New pars ( 800): DC=1.2600e+01 r2=3.8723e-02 r3=1.1757e-01 epsV=8.3727e-01 epsZ=1.1255e+00 
New pars ( 801): DC=1.2600e+01 r2=3.8725e-02 r3=1.1757e-01 epsV=8.3727e-01 epsZ=1.1255e+00 
New pars ( 802): DC=1.2600e+01 r2=3.8722e-02 r3=1.1757e-01 epsV=8.3727e-01 epsZ=1.1255e+00 
New pars ( 803): DC=1.2600e+01 r2=3.8723e-02 r3=1.1757e-01 epsV=8.3727e-01 epsZ=1.1255e+00 
New pars ( 804): DC=1.2600e+01 r2=3.8723e-02 r3=1.1756e-01 epsV=8.3727e-01 epsZ=1.1255e+00 
New pars ( 805): DC=1.2600e+01 r2=3.8723e-02 r3=1.1757e-01 epsV=8.3727e-01 epsZ=1.1255e+00 
New pars ( 806): DC=1.2600e+01 r2=3.8724e-02 r3=1.1755e-01 epsV=8.3725e-01 epsZ=1.1255e+00 
New pars ( 807): DC=1.2600e+01 r2=3.8724e-02 r3=1.1755e-01 epsV=8.3725e-01 epsZ=1.1255e+00 
New pars ( 808): DC=1.2600e+01 r2=3.8724e-02 r3=1.1755e-01 epsV=8.3725e-01 epsZ=1.1255e+00 
New pars ( 809): DC=1.2600e+01 r2=3.8725e-02 r3=1.1755e-01 epsV=8.3725e-01 epsZ=1.1255e+00 
New pars ( 810): DC=1.2600e+01 r2=3.8722e-02 r3=1.1755e-01 epsV=8.3725e-01 epsZ=1.1255e+00 
New pars ( 811): DC=1.2600e+01 r2=3.8724e-02 r3=1.1756e-01 epsV=8.3725e-01 epsZ=1.1255e+00 
New pars ( 812): DC=1.2600e+01 r2=3.8724e-02 r3=1.1755e-01 epsV=8.3725e-01 epsZ=1.1255e+00 
New pars ( 813): DC=1.2600e+01 r2=3.8724e-02 r3=1.1755e-01 epsV=8.3726e-01 epsZ=1.1255e+00 
New pars ( 814): DC=1.2849e+01 r2=4.5319e-02 r3=1.0124e-01 epsV=8.7682e-01 epsZ=6.7065e-01 
New pars ( 815): DC=1.2850e+01 r2=4.5319e-02 r3=1.0124e-01 epsV=8.7682e-01 epsZ=6.7065e-01 
New pars ( 816): DC=1.2849e+01 r2=4.5319e-02 r3=1.0124e-01 epsV=8.7682e-01 epsZ=6.7065e-01 
New pars ( 817): DC=1.2849e+01 r2=4.5321e-02 r3=1.0124e-01 epsV=8.7682e-01 epsZ=6.7065e-01 
New pars ( 818): DC=1.2849e+01 r2=4.5318e-02 r3=1.0124e-01 epsV=8.7682e-01 epsZ=6.7065e-01 
New pars ( 819): DC=1.2849e+01 r2=4.5319e-02 r3=1.0125e-01 epsV=8.7682e-01 epsZ=6.7065e-01 
New pars ( 820): DC=1.2849e+01 r2=4.5319e-02 r3=1.0124e-01 epsV=8.7682e-01 epsZ=6.7065e-01 
New pars ( 821): DC=1.2849e+01 r2=4.5319e-02 r3=1.0124e-01 epsV=8.7682e-01 epsZ=6.7065e-01 
New pars ( 822): DC=1.2892e+01 r2=4.5375e-02 r3=1.0539e-01 epsV=8.8252e-01 epsZ=6.7065e-01 
New pars ( 823): DC=1.2865e+01 r2=4.5340e-02 r3=1.0278e-01 epsV=8.7893e-01 epsZ=6.7065e-01 
New pars ( 824): DC=1.2865e+01 r2=4.5340e-02 r3=1.0278e-01 epsV=8.7893e-01 epsZ=6.7065e-01 
New pars ( 825): DC=1.2865e+01 r2=4.5340e-02 r3=1.0278e-01 epsV=8.7893e-01 epsZ=6.7065e-01 
New pars ( 826): DC=1.2865e+01 r2=4.5342e-02 r3=1.0278e-01 epsV=8.7893e-01 epsZ=6.7065e-01 
New pars ( 827): DC=1.2865e+01 r2=4.5338e-02 r3=1.0278e-01 epsV=8.7893e-01 epsZ=6.7065e-01 
New pars ( 828): DC=1.2865e+01 r2=4.5340e-02 r3=1.0278e-01 epsV=8.7893e-01 epsZ=6.7065e-01 
New pars ( 829): DC=1.2865e+01 r2=4.5340e-02 r3=1.0278e-01 epsV=8.7893e-01 epsZ=6.7065e-01 
New pars ( 830): DC=1.2865e+01 r2=4.5340e-02 r3=1.0278e-01 epsV=8.7894e-01 epsZ=6.7065e-01 
New pars ( 831): DC=1.2846e+01 r2=4.5336e-02 r3=1.0222e-01 epsV=8.7756e-01 epsZ=6.7065e-01 
New pars ( 832): DC=1.2839e+01 r2=4.5335e-02 r3=1.0204e-01 epsV=8.7711e-01 epsZ=6.7065e-01 
New pars ( 833): DC=1.2839e+01 r2=4.5335e-02 r3=1.0204e-01 epsV=8.7711e-01 epsZ=6.7065e-01 
New pars ( 834): DC=1.2839e+01 r2=4.5335e-02 r3=1.0204e-01 epsV=8.7711e-01 epsZ=6.7065e-01 
New pars ( 835): DC=1.2839e+01 r2=4.5337e-02 r3=1.0204e-01 epsV=8.7711e-01 epsZ=6.7065e-01 
New pars ( 836): DC=1.2839e+01 r2=4.5334e-02 r3=1.0204e-01 epsV=8.7711e-01 epsZ=6.7065e-01 
New pars ( 837): DC=1.2839e+01 r2=4.5335e-02 r3=1.0204e-01 epsV=8.7711e-01 epsZ=6.7065e-01 
New pars ( 838): DC=1.2839e+01 r2=4.5335e-02 r3=1.0203e-01 epsV=8.7711e-01 epsZ=6.7065e-01 
New pars ( 839): DC=1.2839e+01 r2=4.5335e-02 r3=1.0204e-01 epsV=8.7712e-01 epsZ=6.7065e-01 
New pars ( 840): DC=1.2856e+01 r2=4.5388e-02 r3=1.0141e-01 epsV=8.7688e-01 epsZ=6.7065e-01 
New pars ( 841): DC=1.2862e+01 r2=4.5408e-02 r3=1.0118e-01 epsV=8.7679e-01 epsZ=6.7065e-01 
New pars ( 842): DC=1.2863e+01 r2=4.5408e-02 r3=1.0118e-01 epsV=8.7679e-01 epsZ=6.7065e-01 
New pars ( 843): DC=1.2862e+01 r2=4.5408e-02 r3=1.0118e-01 epsV=8.7679e-01 epsZ=6.7065e-01 
New pars ( 844): DC=1.2862e+01 r2=4.5409e-02 r3=1.0118e-01 epsV=8.7679e-01 epsZ=6.7065e-01 
New pars ( 845): DC=1.2862e+01 r2=4.5406e-02 r3=1.0118e-01 epsV=8.7679e-01 epsZ=6.7065e-01 
New pars ( 846): DC=1.2862e+01 r2=4.5408e-02 r3=1.0118e-01 epsV=8.7679e-01 epsZ=6.7065e-01 
New pars ( 847): DC=1.2862e+01 r2=4.5408e-02 r3=1.0118e-01 epsV=8.7679e-01 epsZ=6.7065e-01 
New pars ( 848): DC=1.2862e+01 r2=4.5408e-02 r3=1.0118e-01 epsV=8.7679e-01 epsZ=6.7065e-01 
New pars ( 849): DC=1.2857e+01 r2=4.5360e-02 r3=1.0118e-01 epsV=8.7652e-01 epsZ=6.7065e-01 
New pars ( 850): DC=1.2853e+01 r2=4.5328e-02 r3=1.0118e-01 epsV=8.7634e-01 epsZ=6.7065e-01 
New pars ( 851): DC=1.2853e+01 r2=4.5328e-02 r3=1.0118e-01 epsV=8.7634e-01 epsZ=6.7065e-01 
New pars ( 852): DC=1.2853e+01 r2=4.5328e-02 r3=1.0118e-01 epsV=8.7634e-01 epsZ=6.7065e-01 
New pars ( 853): DC=1.2853e+01 r2=4.5330e-02 r3=1.0118e-01 epsV=8.7634e-01 epsZ=6.7065e-01 
New pars ( 854): DC=1.2853e+01 r2=4.5326e-02 r3=1.0118e-01 epsV=8.7634e-01 epsZ=6.7065e-01 
New pars ( 855): DC=1.2853e+01 r2=4.5328e-02 r3=1.0118e-01 epsV=8.7634e-01 epsZ=6.7065e-01 
New pars ( 856): DC=1.2853e+01 r2=4.5328e-02 r3=1.0117e-01 epsV=8.7634e-01 epsZ=6.7065e-01 
New pars ( 857): DC=1.2853e+01 r2=4.5328e-02 r3=1.0118e-01 epsV=8.7634e-01 epsZ=6.7065e-01 
New pars ( 858): DC=1.2853e+01 r2=4.5325e-02 r3=1.0115e-01 epsV=8.7629e-01 epsZ=6.7065e-01 
New pars ( 859): DC=1.2853e+01 r2=4.5325e-02 r3=1.0115e-01 epsV=8.7629e-01 epsZ=6.7065e-01 
New pars ( 860): DC=1.2853e+01 r2=4.5325e-02 r3=1.0115e-01 epsV=8.7629e-01 epsZ=6.7065e-01 
New pars ( 861): DC=1.2853e+01 r2=4.5327e-02 r3=1.0115e-01 epsV=8.7629e-01 epsZ=6.7065e-01 
New pars ( 862): DC=1.2853e+01 r2=4.5324e-02 r3=1.0115e-01 epsV=8.7629e-01 epsZ=6.7065e-01 
New pars ( 863): DC=1.2853e+01 r2=4.5325e-02 r3=1.0116e-01 epsV=8.7629e-01 epsZ=6.7065e-01 
New pars ( 864): DC=1.2853e+01 r2=4.5325e-02 r3=1.0115e-01 epsV=8.7629e-01 epsZ=6.7065e-01 
New pars ( 865): DC=1.2853e+01 r2=4.5325e-02 r3=1.0115e-01 epsV=8.7630e-01 epsZ=6.7065e-01 
New pars ( 866): DC=1.2853e+01 r2=4.5325e-02 r3=1.0115e-01 epsV=8.7629e-01 epsZ=6.8097e-01 
New pars ( 867): DC=1.2853e+01 r2=4.5325e-02 r3=1.0115e-01 epsV=8.7629e-01 epsZ=6.8097e-01 
New pars ( 868): DC=1.2853e+01 r2=4.5327e-02 r3=1.0115e-01 epsV=8.7629e-01 epsZ=6.8097e-01 
New pars ( 869): DC=1.2853e+01 r2=4.5324e-02 r3=1.0115e-01 epsV=8.7629e-01 epsZ=6.8097e-01 
New pars ( 870): DC=1.2853e+01 r2=4.5325e-02 r3=1.0116e-01 epsV=8.7629e-01 epsZ=6.8097e-01 
New pars ( 871): DC=1.2853e+01 r2=4.5325e-02 r3=1.0115e-01 epsV=8.7629e-01 epsZ=6.8097e-01 
New pars ( 872): DC=1.2853e+01 r2=4.5325e-02 r3=1.0115e-01 epsV=8.7630e-01 epsZ=6.8097e-01 
New pars ( 873): DC=1.2851e+01 r2=4.5178e-02 r3=1.0138e-01 epsV=8.7540e-01 epsZ=6.8097e-01 
New pars ( 874): DC=1.2851e+01 r2=4.5178e-02 r3=1.0138e-01 epsV=8.7540e-01 epsZ=6.8097e-01 
New pars ( 875): DC=1.2851e+01 r2=4.5178e-02 r3=1.0138e-01 epsV=8.7540e-01 epsZ=6.8097e-01 
New pars ( 876): DC=1.2851e+01 r2=4.5179e-02 r3=1.0138e-01 epsV=8.7540e-01 epsZ=6.8097e-01 
New pars ( 877): DC=1.2851e+01 r2=4.5176e-02 r3=1.0138e-01 epsV=8.7540e-01 epsZ=6.8097e-01 
New pars ( 878): DC=1.2851e+01 r2=4.5178e-02 r3=1.0138e-01 epsV=8.7540e-01 epsZ=6.8097e-01 
New pars ( 879): DC=1.2851e+01 r2=4.5178e-02 r3=1.0137e-01 epsV=8.7540e-01 epsZ=6.8097e-01 
New pars ( 880): DC=1.2851e+01 r2=4.5178e-02 r3=1.0138e-01 epsV=8.7540e-01 epsZ=6.8097e-01 
New pars ( 881): DC=1.2847e+01 r2=4.5176e-02 r3=1.0155e-01 epsV=8.7548e-01 epsZ=6.8097e-01 
New pars ( 882): DC=1.2847e+01 r2=4.5176e-02 r3=1.0155e-01 epsV=8.7548e-01 epsZ=6.8097e-01 
New pars ( 883): DC=1.2847e+01 r2=4.5176e-02 r3=1.0155e-01 epsV=8.7548e-01 epsZ=6.8097e-01 
New pars ( 884): DC=1.2847e+01 r2=4.5178e-02 r3=1.0155e-01 epsV=8.7548e-01 epsZ=6.8097e-01 
New pars ( 885): DC=1.2847e+01 r2=4.5174e-02 r3=1.0155e-01 epsV=8.7548e-01 epsZ=6.8097e-01 
New pars ( 886): DC=1.2847e+01 r2=4.5176e-02 r3=1.0155e-01 epsV=8.7548e-01 epsZ=6.8097e-01 
New pars ( 887): DC=1.2847e+01 r2=4.5176e-02 r3=1.0155e-01 epsV=8.7548e-01 epsZ=6.8097e-01 
New pars ( 888): DC=1.2847e+01 r2=4.5176e-02 r3=1.0155e-01 epsV=8.7548e-01 epsZ=6.8097e-01 
New pars ( 889): DC=1.2847e+01 r2=4.5176e-02 r3=1.0154e-01 epsV=8.7547e-01 epsZ=6.8097e-01 
New pars ( 890): DC=1.2847e+01 r2=4.5176e-02 r3=1.0154e-01 epsV=8.7547e-01 epsZ=6.8097e-01 
New pars ( 891): DC=1.2847e+01 r2=4.5176e-02 r3=1.0154e-01 epsV=8.7547e-01 epsZ=6.8097e-01 
New pars ( 892): DC=1.2847e+01 r2=4.5178e-02 r3=1.0154e-01 epsV=8.7547e-01 epsZ=6.8097e-01 
New pars ( 893): DC=1.2847e+01 r2=4.5174e-02 r3=1.0154e-01 epsV=8.7547e-01 epsZ=6.8097e-01 
New pars ( 894): DC=1.2847e+01 r2=4.5176e-02 r3=1.0154e-01 epsV=8.7547e-01 epsZ=6.8097e-01 
New pars ( 895): DC=1.2847e+01 r2=4.5176e-02 r3=1.0154e-01 epsV=8.7547e-01 epsZ=6.8097e-01 
New pars ( 896): DC=1.2847e+01 r2=4.5176e-02 r3=1.0154e-01 epsV=8.7547e-01 epsZ=6.8097e-01 
 PARAMETER NUMBER  16 NOT A VARIABLE. IGNORED.
 THERE ARE NO MINOS ERRORS TO CALCULATE.
 PARAMETER NUMBER  17 NOT A VARIABLE. IGNORED.
 THERE ARE NO MINOS ERRORS TO CALCULATE.
 PARAMETER NUMBER  18 NOT A VARIABLE. IGNORED.
 THERE ARE NO MINOS ERRORS TO CALCULATE.
 PARAMETER NUMBER  19 NOT A VARIABLE. IGNORED.
 THERE ARE NO MINOS ERRORS TO CALCULATE.
 PARAMETER NUMBER  20 NOT A VARIABLE. IGNORED.
 THERE ARE NO MINOS ERRORS TO CALCULATE.
 PARAMETER NUMBER  21 NOT A VARIABLE. IGNORED.
 THERE ARE NO MINOS ERRORS TO CALCULATE.
New pars ( 897): DC=1.2724e+01 r2=4.1967e-02 r3=1.0966e-01 epsV=8.5715e-01 epsZ=9.0176e-01 

Fitting done in 940000 clicks (0.940000 seconds).
Fit status = 4000
Cov status = 1
Fit valid? = 1

****************************************
Minimizer is Minuit / MigradImproved
MinFCN                    =      217.092
Chi2                      =      416.907
NDf                       =          403
Edm                       =  1.36947e-07
NCalls                    =          255
# Cyc's                   =        11518                      	 (fixed)
Bin width                 =           25                      	 (fixed)
DC rate                   =      12.7243   +/-   0.17178     
Rate 1                    =            0                      	 (fixed)
Rate 2                    =    0.0419674   +/-   0.00341703  
Rate 3                    =     0.109665   +/-   0.00886582  
Capt eff                  =          0.6                      	 (fixed)
Capt ret                  =            1                      	 (fixed)
T eff                     =         0.87                      	 (fixed)
U eff                     =            1                      	 (fixed)
V eff                     =     0.857146   +/-   0.0204565   
W eff                     =            0                      	 (fixed)
X eff                     =            1                      	 (fixed)
Y eff                     =            1                      	 (fixed)
Z eff                     =      0.90176   +/-   0.23059     
T1 loss                   =            0                      	 (fixed)
T2 loss                   =       0.0263                      	 (fixed)
T3 loss                   =       0.0263                      	 (fixed)
U1 loss                   =        2e-10                      	 (fixed)
U2 loss                   =        2e-10                      	 (fixed)
U3 loss                   =        2e-10                      	 (fixed)

Covariance Matrix:

            	     DC rate      Rate 2      Rate 3       V eff       Z eff
DC rate     	    0.029508  0.00049204  -0.0011666   0.0029018   -0.029481
Rate 2      	  0.00049204  1.1676e-05 -2.8416e-05  6.8601e-05 -0.00077443
Rate 3      	  -0.0011666 -2.8416e-05  7.8603e-05 -0.00015695   0.0019146
V eff       	   0.0029018  6.8601e-05 -0.00015695  0.00041847  -0.0045802
Z eff       	   -0.029481 -0.00077443   0.0019146  -0.0045802    0.053172

Correlation Matrix:

            	     DC rate      Rate 2      Rate 3       V eff       Z eff
DC rate     	           1     0.83827    -0.76597     0.82578    -0.74427
Rate 2      	     0.83827           1    -0.93799     0.98141    -0.98287
Rate 3      	    -0.76597    -0.93799           1    -0.86536     0.93654
V eff       	     0.82578     0.98141    -0.86536           1    -0.97099
Z eff       	    -0.74427    -0.98287     0.93654    -0.97099           1

Integrals computed in 260000 clicks (0.260000 seconds).
Other integrals computed in 950000 clicks (0.950000 seconds).
Errors computed in 640000 clicks (0.640000 seconds).

~~~~~~~~~~~~~~~~~~~~~~~~~~~~~~~~~~~~~~~~~~~~~~~~~~~~~~~~~~~~~~~~~~~~~
NUMBER OF BETAS DETECTED, by population:
~~~~~~~~~~~~~~~~~~~~~~~~~~~~~~~~~~~~~~~~~~~~~~~~~~~~~~~~~~~~~~~~~~~~~
T1 integral = 0.0 +/- 0.0
U1 integral = 0.0 +/- 0.0
T2 integral = 187209.8 +/- 15242.8
U2 integral = 170105.8 +/- 4595.4
T3 integral = 108053.4 +/- 8735.6
U3 integral = 464282.7 +/- 26078.6
DC integral = 1494894.1 +/- 20181.3
~~~~~~~~~~~~~~~~~~~~~~~~~~~~~~~~~~~~~~~~~~~~~~~~~~~~~~~~~~~~~~~~~~~~~
Sum of above = 2424545.8 +/- 37645.0 <-- no cov in unc
All integral = 2424545.8 +/- 1557.3
~~~~~~~~~~~~~~~~~~~~~~~~~~~~~~~~~~~~~~~~~~~~~~~~~~~~~~~~~~~~~~~~~~~~~
U1 with trap emtpy = 0.0; trap full = 0.0
U2 with trap emtpy = 25907.2; trap full = 144184.1
U3 with trap emtpy = 191420.4; trap full = 272859.3
~~~~~~~~~~~~~~~~~~~~~~~~~~~~~~~~~~~~~~~~~~~~~~~~~~~~~~~~~~~~~~~~~~~~~


BFit2 done. Timer = 1.73 sec.
Elapsed time = 1.68 sec.

