Timestamp = Fri Apr 17 10:54:45 2015

Importing metadata from CSV files...
Imported 68 BDN cases
Imported 243 BFit cases
Performing BFit with BDN case 135sb08 and BFit case 135sb08Br_02

BFit started. Timer = 0.06 sec.

~~~~~~~~~~~~~~~~~~~~~~~~~~~~~~~~~~~~~~~~~~~~~~~~~~~~~~~~~~~~~~~~~~~~~
BETA SINGLES MODEL
~~~~~~~~~~~~~~~~~~~~~~~~~~~~~~~~~~~~~~~~~~~~~~~~~~~~~~~~~~~~~~~~~~~~~
Case: 135sb08
File: /music/bpt1/bpt/bdn/shane/135sb/rootfiles/135sb08.root
Histogram: h_slow_vs_cycle_time
Total cycle time	=     30.000 s
Background time		=     10.100 s
Capture cycle time	=      1.000 s
Last capture time	=      0.900 s
135-Sn halflife		=      0.530 s  (lifetime      0.765 s)
135-Sb halflife		=      1.679 s  (lifetime      2.422 s)
135-Te halflife		=     19.000 s  (lifetime     27.411 s)
~~~~~~~~~~~~~~~~~~~~~~~~~~~~~~~~~~~~~~~~~~~~~~~~~~~~~~~~~~~~~~~~~~~~~
HISTOGRAM REBINNED
   Number of hist bins = 300
   Number of fn points = 30000
   Number of pts/bin   = 100
~~~~~~~~~~~~~~~~~~~~~~~~~~~~~~~~~~~~~~~~~~~~~~~~~~~~~~~~~~~~~~~~~~~~~
Doing fit with option string: QROMESLL
~~~~~~~~~~~~~~~~~~~~~~~~~~~~~~~~~~~~~~~~~~~~~~~~~~~~~~~~~~~~~~~~~~~~~
PARAMETER SEED VALUES
~~~~~~~~~~~~~~~~~~~~~~~~~~~~~~~~~~~~~~~~~~~~~~~~~~~~~~~~~~~~~~~~~~~~~
      Par name  Varying?	Par init val and step
~~~~~~~~~~~~~~~~~~~~~~~~~~~~~~~~~~~~~~~~~~~~~~~~~~~~~~~~~~~~~~~~~~~~~
       # Cyc's         0	5486 +/- 0.01
     Bin width         0	100 +/- 0.01
       DC rate         1	0.002 +/- 0.0001
        Rate 1         0	0 +/- 1e-05
        Rate 2         1	0.019 +/- 1e-05
        Rate 3         1	0 +/- 1e-05
      Capt eff         0	0.6 +/- 0.01
      Capt ret         0	1 +/- 0.01
         T eff         0	0.99 +/- 0.0005
         U eff         0	1 +/- 0.01
         V eff         0	1 +/- 0.01
         W eff         0	1 +/- 0.01
         X eff         0	1 +/- 0.01
         Y eff         0	1 +/- 0.01
         Z eff         0	1 +/- 0.01
       T1 loss         0	0 +/- 0.01
       T2 loss         0	0 +/- 0.001
       T3 loss         0	0 +/- 0.01
       U1 loss         0	2e-10 +/- 0.01
       U2 loss         0	2e-10 +/- 0.01
       U3 loss         0	2e-10 +/- 0.01
~~~~~~~~~~~~~~~~~~~~~~~~~~~~~~~~~~~~~~~~~~~~~~~~~~~~~~~~~~~~~~~~~~~~~

Ini pars (   0): DC=2.0000e-03 r2=1.9000e-02 r3=0.0000e+00 
New pars (   1): DC=2.0010e-03 r2=1.9000e-02 r3=0.0000e+00 
New pars (   2): DC=1.9990e-03 r2=1.9000e-02 r3=0.0000e+00 
New pars (   3): DC=2.0016e-03 r2=1.9000e-02 r3=0.0000e+00 
New pars (   4): DC=1.9984e-03 r2=1.9000e-02 r3=0.0000e+00 
New pars (   5): DC=2.0000e-03 r2=1.9000e-02 r3=0.0000e+00 
New pars (   6): DC=2.0000e-03 r2=1.9000e-02 r3=0.0000e+00 
New pars (   7): DC=2.0000e-03 r2=1.9001e-02 r3=0.0000e+00 
New pars (   8): DC=2.0000e-03 r2=1.8999e-02 r3=0.0000e+00 
New pars (   9): DC=2.0000e-03 r2=1.9000e-02 r3=1.0000e-07 
New pars (  10): DC=2.0000e-03 r2=1.9000e-02 r3=-1.0000e-07 
New pars (  11): DC=2.0000e-03 r2=1.9000e-02 r3=1.0000e-06 
New pars (  12): DC=2.0000e-03 r2=1.9000e-02 r3=-1.0000e-06 
New pars (  13): DC=2.2138e-03 r2=1.9431e-02 r3=1.4780e-03 
New pars (  14): DC=2.1123e-03 r2=1.9226e-02 r3=7.7629e-04 
New pars (  15): DC=2.1139e-03 r2=1.9226e-02 r3=7.7629e-04 
New pars (  16): DC=2.1107e-03 r2=1.9226e-02 r3=7.7629e-04 
New pars (  17): DC=2.1123e-03 r2=1.9228e-02 r3=7.7629e-04 
New pars (  18): DC=2.1123e-03 r2=1.9225e-02 r3=7.7629e-04 
New pars (  19): DC=2.1123e-03 r2=1.9226e-02 r3=7.8062e-04 
New pars (  20): DC=2.1123e-03 r2=1.9226e-02 r3=7.7196e-04 
New pars (  21): DC=2.1364e-03 r2=1.9170e-02 r3=8.9699e-04 
New pars (  22): DC=2.2329e-03 r2=1.8942e-02 r3=1.3798e-03 
New pars (  23): DC=2.2813e-03 r2=1.8828e-02 r3=1.6223e-03 
New pars (  24): DC=2.2830e-03 r2=1.8828e-02 r3=1.6223e-03 
New pars (  25): DC=2.2797e-03 r2=1.8828e-02 r3=1.6223e-03 
New pars (  26): DC=2.2813e-03 r2=1.8829e-02 r3=1.6223e-03 
New pars (  27): DC=2.2813e-03 r2=1.8826e-02 r3=1.6223e-03 
New pars (  28): DC=2.2813e-03 r2=1.8828e-02 r3=1.6267e-03 
New pars (  29): DC=2.2813e-03 r2=1.8828e-02 r3=1.6178e-03 
New pars (  30): DC=2.2453e-03 r2=1.8671e-02 r3=2.1436e-03 
New pars (  31): DC=2.1771e-03 r2=1.8375e-02 r3=3.1316e-03 
New pars (  32): DC=2.1788e-03 r2=1.8375e-02 r3=3.1316e-03 
New pars (  33): DC=2.1753e-03 r2=1.8375e-02 r3=3.1316e-03 
New pars (  34): DC=2.1771e-03 r2=1.8376e-02 r3=3.1316e-03 
New pars (  35): DC=2.1771e-03 r2=1.8373e-02 r3=3.1316e-03 
New pars (  36): DC=2.1771e-03 r2=1.8375e-02 r3=3.1360e-03 
New pars (  37): DC=2.1771e-03 r2=1.8375e-02 r3=3.1271e-03 
New pars (  38): DC=2.1589e-03 r2=1.8383e-02 r3=3.0747e-03 
New pars (  39): DC=2.1606e-03 r2=1.8383e-02 r3=3.0747e-03 
New pars (  40): DC=2.1572e-03 r2=1.8383e-02 r3=3.0747e-03 
New pars (  41): DC=2.1589e-03 r2=1.8385e-02 r3=3.0747e-03 
New pars (  42): DC=2.1589e-03 r2=1.8382e-02 r3=3.0747e-03 
New pars (  43): DC=2.1589e-03 r2=1.8383e-02 r3=3.0792e-03 
New pars (  44): DC=2.1589e-03 r2=1.8383e-02 r3=3.0702e-03 
New pars (  45): DC=2.1586e-03 r2=1.8383e-02 r3=3.0704e-03 
New pars (  46): DC=2.1603e-03 r2=1.8383e-02 r3=3.0704e-03 
New pars (  47): DC=2.1570e-03 r2=1.8383e-02 r3=3.0704e-03 
New pars (  48): DC=2.1586e-03 r2=1.8385e-02 r3=3.0704e-03 
New pars (  49): DC=2.1586e-03 r2=1.8382e-02 r3=3.0704e-03 
New pars (  50): DC=2.1586e-03 r2=1.8383e-02 r3=3.0749e-03 
New pars (  51): DC=2.1586e-03 r2=1.8383e-02 r3=3.0659e-03 
New pars (  52): DC=2.1586e-03 r2=1.8383e-02 r3=3.0704e-03 
New pars (  53): DC=2.1603e-03 r2=1.8383e-02 r3=3.0704e-03 
New pars (  54): DC=2.1570e-03 r2=1.8383e-02 r3=3.0704e-03 
New pars (  55): DC=2.1586e-03 r2=1.8385e-02 r3=3.0704e-03 
New pars (  56): DC=2.1586e-03 r2=1.8382e-02 r3=3.0704e-03 
New pars (  57): DC=2.1586e-03 r2=1.8383e-02 r3=3.0749e-03 
New pars (  58): DC=2.1586e-03 r2=1.8383e-02 r3=3.0659e-03 
New pars (  59): DC=2.1590e-03 r2=1.8383e-02 r3=3.0704e-03 
New pars (  60): DC=2.1583e-03 r2=1.8383e-02 r3=3.0704e-03 
New pars (  61): DC=2.1587e-03 r2=1.8383e-02 r3=3.0704e-03 
New pars (  62): DC=2.1586e-03 r2=1.8383e-02 r3=3.0704e-03 
New pars (  63): DC=2.1586e-03 r2=1.8384e-02 r3=3.0704e-03 
New pars (  64): DC=2.1586e-03 r2=1.8383e-02 r3=3.0704e-03 
New pars (  65): DC=2.1586e-03 r2=1.8383e-02 r3=3.0713e-03 
New pars (  66): DC=2.1586e-03 r2=1.8383e-02 r3=3.0695e-03 
New pars (  67): DC=2.1603e-03 r2=1.8385e-02 r3=3.0704e-03 
New pars (  68): DC=2.1603e-03 r2=1.8383e-02 r3=3.0749e-03 
New pars (  69): DC=2.1586e-03 r2=1.8385e-02 r3=3.0749e-03 
New pars (  70): DC=1.9458e-03 r2=1.7724e-02 r3=4.9831e-03 
New pars (  71): DC=1.8627e-03 r2=1.7724e-02 r3=4.9831e-03 
New pars (  72): DC=1.9458e-03 r2=1.7824e-02 r3=4.9831e-03 
New pars (  73): DC=1.9458e-03 r2=1.7724e-02 r3=4.9435e-03 
New pars (  74): DC=2.0288e-03 r2=1.7791e-02 r3=4.9567e-03 
New pars (  75): DC=2.1119e-03 r2=1.7824e-02 r3=4.9435e-03 
New pars (  76): DC=2.0565e-03 r2=1.7858e-02 r3=4.9962e-03 
New pars (  77): DC=2.1119e-03 r2=1.7824e-02 r3=4.9435e-03 
New pars (  78): DC=2.1586e-03 r2=1.8383e-02 r3=3.0704e-03 
New pars (  79): DC=2.1587e-03 r2=1.8383e-02 r3=3.0704e-03 
New pars (  80): DC=2.1586e-03 r2=1.8383e-02 r3=3.0704e-03 
New pars (  81): DC=2.1586e-03 r2=1.8384e-02 r3=3.0704e-03 
New pars (  82): DC=2.1586e-03 r2=1.8383e-02 r3=3.0704e-03 
New pars (  83): DC=2.1586e-03 r2=1.8383e-02 r3=3.0713e-03 
New pars (  84): DC=2.1586e-03 r2=1.8383e-02 r3=3.0695e-03 
New pars (  85): DC=2.1586e-03 r2=1.8383e-02 r3=3.0704e-03 
New pars (  86): DC=2.1586e-03 r2=1.8383e-02 r3=3.0704e-03 
New pars (  87): DC=2.1586e-03 r2=1.8383e-02 r3=3.0704e-03 
New pars (  88): DC=2.1586e-03 r2=1.8383e-02 r3=3.0704e-03 
New pars (  89): DC=2.1586e-03 r2=1.8383e-02 r3=3.0706e-03 
New pars (  90): DC=2.1586e-03 r2=1.8383e-02 r3=3.0702e-03 
New pars (  91): DC=2.1587e-03 r2=1.8384e-02 r3=3.0704e-03 
New pars (  92): DC=2.1587e-03 r2=1.8383e-02 r3=3.0713e-03 
New pars (  93): DC=2.1586e-03 r2=1.8384e-02 r3=3.0713e-03 
 PARAMETER NUMBER   1 NOT A VARIABLE. IGNORED.
 THERE ARE NO MINOS ERRORS TO CALCULATE.
 PARAMETER NUMBER   2 NOT A VARIABLE. IGNORED.
 THERE ARE NO MINOS ERRORS TO CALCULATE.
New pars (  94): DC=2.3557e-03 r2=1.8336e-02 r3=3.1045e-03 
New pars (  95): DC=2.3557e-03 r2=1.8336e-02 r3=3.1045e-03 
New pars (  96): DC=2.3557e-03 r2=1.8335e-02 r3=3.1045e-03 
New pars (  97): DC=2.3557e-03 r2=1.8336e-02 r3=3.1063e-03 
New pars (  98): DC=2.3557e-03 r2=1.8336e-02 r3=3.1027e-03 
New pars (  99): DC=2.3557e-03 r2=1.8336e-02 r3=3.1045e-03 
New pars ( 100): DC=2.3557e-03 r2=1.8337e-02 r3=3.1045e-03 
New pars ( 101): DC=2.3557e-03 r2=1.8334e-02 r3=3.1045e-03 
New pars ( 102): DC=2.3557e-03 r2=1.8336e-02 r3=3.1090e-03 
New pars ( 103): DC=2.3557e-03 r2=1.8336e-02 r3=3.1000e-03 
New pars ( 104): DC=2.3616e-03 r2=1.8336e-02 r3=3.1045e-03 
New pars ( 105): DC=2.3616e-03 r2=1.8337e-02 r3=3.1045e-03 
New pars ( 106): DC=2.3616e-03 r2=1.8334e-02 r3=3.1045e-03 
New pars ( 107): DC=2.3616e-03 r2=1.8336e-02 r3=3.1090e-03 
New pars ( 108): DC=2.3616e-03 r2=1.8336e-02 r3=3.1000e-03 
New pars ( 109): DC=2.3616e-03 r2=1.8334e-02 r3=3.1055e-03 
New pars ( 110): DC=2.3616e-03 r2=1.8336e-02 r3=3.1055e-03 
New pars ( 111): DC=2.3616e-03 r2=1.8333e-02 r3=3.1055e-03 
New pars ( 112): DC=2.3616e-03 r2=1.8334e-02 r3=3.1100e-03 
New pars ( 113): DC=2.3616e-03 r2=1.8334e-02 r3=3.1010e-03 
New pars ( 114): DC=1.9615e-03 r2=1.8431e-02 r3=3.0363e-03 
New pars ( 115): DC=1.9615e-03 r2=1.8433e-02 r3=3.0363e-03 
New pars ( 116): DC=1.9615e-03 r2=1.8430e-02 r3=3.0363e-03 
New pars ( 117): DC=1.9615e-03 r2=1.8431e-02 r3=3.0408e-03 
New pars ( 118): DC=1.9615e-03 r2=1.8431e-02 r3=3.0319e-03 
New pars ( 119): DC=1.9615e-03 r2=1.8431e-02 r3=3.0363e-03 
New pars ( 120): DC=1.9615e-03 r2=1.8433e-02 r3=3.0363e-03 
New pars ( 121): DC=1.9615e-03 r2=1.8430e-02 r3=3.0363e-03 
New pars ( 122): DC=1.9615e-03 r2=1.8431e-02 r3=3.0408e-03 
New pars ( 123): DC=1.9615e-03 r2=1.8431e-02 r3=3.0318e-03 
New pars ( 124): DC=1.9677e-03 r2=1.8431e-02 r3=3.0363e-03 
New pars ( 125): DC=1.9677e-03 r2=1.8433e-02 r3=3.0363e-03 
New pars ( 126): DC=1.9677e-03 r2=1.8430e-02 r3=3.0363e-03 
New pars ( 127): DC=1.9677e-03 r2=1.8431e-02 r3=3.0408e-03 
New pars ( 128): DC=1.9677e-03 r2=1.8431e-02 r3=3.0318e-03 
New pars ( 129): DC=1.9677e-03 r2=1.8430e-02 r3=3.0373e-03 
New pars ( 130): DC=1.9677e-03 r2=1.8431e-02 r3=3.0373e-03 
New pars ( 131): DC=1.9677e-03 r2=1.8428e-02 r3=3.0373e-03 
New pars ( 132): DC=1.9677e-03 r2=1.8430e-02 r3=3.0418e-03 
New pars ( 133): DC=1.9677e-03 r2=1.8430e-02 r3=3.0329e-03 
 PARAMETER NUMBER   4 NOT A VARIABLE. IGNORED.
 THERE ARE NO MINOS ERRORS TO CALCULATE.
New pars ( 134): DC=2.1405e-03 r2=1.8902e-02 r3=1.7159e-03 
New pars ( 135): DC=2.1406e-03 r2=1.8902e-02 r3=1.7159e-03 
New pars ( 136): DC=2.1403e-03 r2=1.8902e-02 r3=1.7159e-03 
New pars ( 137): DC=2.1405e-03 r2=1.8902e-02 r3=1.7204e-03 
New pars ( 138): DC=2.1405e-03 r2=1.8902e-02 r3=1.7115e-03 
New pars ( 139): DC=2.1408e-03 r2=1.8902e-02 r3=1.7191e-03 
New pars ( 140): DC=2.1422e-03 r2=1.8902e-02 r3=1.7191e-03 
New pars ( 141): DC=2.1395e-03 r2=1.8902e-02 r3=1.7191e-03 
New pars ( 142): DC=2.1408e-03 r2=1.8902e-02 r3=1.7235e-03 
New pars ( 143): DC=2.1408e-03 r2=1.8902e-02 r3=1.7146e-03 
New pars ( 144): DC=2.1768e-03 r2=1.7865e-02 r3=4.4249e-03 
New pars ( 145): DC=2.1785e-03 r2=1.7865e-02 r3=4.4249e-03 
New pars ( 146): DC=2.1751e-03 r2=1.7865e-02 r3=4.4249e-03 
New pars ( 147): DC=2.1768e-03 r2=1.7865e-02 r3=4.4293e-03 
New pars ( 148): DC=2.1768e-03 r2=1.7865e-02 r3=4.4204e-03 
New pars ( 149): DC=2.1771e-03 r2=1.7865e-02 r3=4.4281e-03 
New pars ( 150): DC=2.1788e-03 r2=1.7865e-02 r3=4.4281e-03 
New pars ( 151): DC=2.1754e-03 r2=1.7865e-02 r3=4.4281e-03 
New pars ( 152): DC=2.1771e-03 r2=1.7865e-02 r3=4.4326e-03 
New pars ( 153): DC=2.1771e-03 r2=1.7865e-02 r3=4.4236e-03 
New pars ( 154): DC=2.1633e-03 r2=1.7900e-02 r3=4.5222e-03 
New pars ( 155): DC=2.1650e-03 r2=1.7900e-02 r3=4.5222e-03 
New pars ( 156): DC=2.1616e-03 r2=1.7900e-02 r3=4.5222e-03 
New pars ( 157): DC=2.1633e-03 r2=1.7902e-02 r3=4.5222e-03 
New pars ( 158): DC=2.1633e-03 r2=1.7898e-02 r3=4.5222e-03 
New pars ( 159): DC=2.1633e-03 r2=1.7902e-02 r3=4.5222e-03 
New pars ( 160): DC=2.1650e-03 r2=1.7902e-02 r3=4.5222e-03 
New pars ( 161): DC=2.1616e-03 r2=1.7902e-02 r3=4.5222e-03 
New pars ( 162): DC=2.1633e-03 r2=1.7903e-02 r3=4.5222e-03 
New pars ( 163): DC=2.1633e-03 r2=1.7900e-02 r3=4.5222e-03 
New pars ( 164): DC=2.1540e-03 r2=1.8867e-02 r3=1.6186e-03 
New pars ( 165): DC=2.1557e-03 r2=1.8867e-02 r3=1.6186e-03 
New pars ( 166): DC=2.1523e-03 r2=1.8867e-02 r3=1.6186e-03 
New pars ( 167): DC=2.1540e-03 r2=1.8869e-02 r3=1.6186e-03 
New pars ( 168): DC=2.1540e-03 r2=1.8865e-02 r3=1.6186e-03 
New pars ( 169): DC=2.1541e-03 r2=1.8869e-02 r3=1.6186e-03 
New pars ( 170): DC=2.1557e-03 r2=1.8869e-02 r3=1.6186e-03 
New pars ( 171): DC=2.1524e-03 r2=1.8869e-02 r3=1.6186e-03 
New pars ( 172): DC=2.1541e-03 r2=1.8870e-02 r3=1.6186e-03 
New pars ( 173): DC=2.1541e-03 r2=1.8867e-02 r3=1.6186e-03 
 PARAMETER NUMBER   7 NOT A VARIABLE. IGNORED.
 THERE ARE NO MINOS ERRORS TO CALCULATE.
 PARAMETER NUMBER   8 NOT A VARIABLE. IGNORED.
 THERE ARE NO MINOS ERRORS TO CALCULATE.
 PARAMETER NUMBER   9 NOT A VARIABLE. IGNORED.
 THERE ARE NO MINOS ERRORS TO CALCULATE.
 PARAMETER NUMBER  10 NOT A VARIABLE. IGNORED.
 THERE ARE NO MINOS ERRORS TO CALCULATE.
 PARAMETER NUMBER  11 NOT A VARIABLE. IGNORED.
 THERE ARE NO MINOS ERRORS TO CALCULATE.
 PARAMETER NUMBER  12 NOT A VARIABLE. IGNORED.
 THERE ARE NO MINOS ERRORS TO CALCULATE.
 PARAMETER NUMBER  13 NOT A VARIABLE. IGNORED.
 THERE ARE NO MINOS ERRORS TO CALCULATE.
 PARAMETER NUMBER  14 NOT A VARIABLE. IGNORED.
 THERE ARE NO MINOS ERRORS TO CALCULATE.
 PARAMETER NUMBER  15 NOT A VARIABLE. IGNORED.
 THERE ARE NO MINOS ERRORS TO CALCULATE.
 PARAMETER NUMBER  16 NOT A VARIABLE. IGNORED.
 THERE ARE NO MINOS ERRORS TO CALCULATE.
 PARAMETER NUMBER  17 NOT A VARIABLE. IGNORED.
 THERE ARE NO MINOS ERRORS TO CALCULATE.
 PARAMETER NUMBER  18 NOT A VARIABLE. IGNORED.
 THERE ARE NO MINOS ERRORS TO CALCULATE.
 PARAMETER NUMBER  19 NOT A VARIABLE. IGNORED.
 THERE ARE NO MINOS ERRORS TO CALCULATE.
 PARAMETER NUMBER  20 NOT A VARIABLE. IGNORED.
 THERE ARE NO MINOS ERRORS TO CALCULATE.
 PARAMETER NUMBER  21 NOT A VARIABLE. IGNORED.
 THERE ARE NO MINOS ERRORS TO CALCULATE.
New pars ( 174): DC=2.1586e-03 r2=1.8383e-02 r3=3.0704e-03 

Fitting done in 210000 clicks (0.210000 seconds).
Fit status = 4000
Cov status = 1
Fit valid? = 1

****************************************
Minimizer is Minuit / MigradImproved
MinFCN                    =       157.63
Chi2                      =      270.886
NDf                       =          297
Edm                       =  6.88138e-09
NCalls                    =           78
# Cyc's                   =         5486                      	 (fixed)
Bin width                 =          100                      	 (fixed)
DC rate                   =   0.00215864   +/-   0.00019709  
Rate 1                    =            0                      	 (fixed)
Rate 2                    =    0.0183834   +/-   0.000517795 
Rate 3                    =   0.00307041   +/-   0.0014505   
Capt eff                  =          0.6                      	 (fixed)
Capt ret                  =            1                      	 (fixed)
T eff                     =         0.99                      	 (fixed)
U eff                     =            1                      	 (fixed)
V eff                     =            1                      	 (fixed)
W eff                     =            1                      	 (fixed)
X eff                     =            1                      	 (fixed)
Y eff                     =            1                      	 (fixed)
Z eff                     =            1                      	 (fixed)
T1 loss                   =            0                      	 (fixed)
T2 loss                   =            0                      	 (fixed)
T3 loss                   =            0                      	 (fixed)
U1 loss                   =        2e-10                      	 (fixed)
U2 loss                   =        2e-10                      	 (fixed)
U3 loss                   =        2e-10                      	 (fixed)

Covariance Matrix:

            	     DC rate      Rate 2      Rate 3
DC rate     	  3.8844e-08 -9.3978e-09  6.6827e-09
Rate 2      	 -9.3978e-09  2.6811e-07 -7.0059e-07
Rate 3      	  6.6827e-09 -7.0059e-07   2.104e-06

Correlation Matrix:

            	     DC rate      Rate 2      Rate 3
DC rate     	           1   -0.092089    0.023376
Rate 2      	   -0.092089           1     -0.9328
Rate 3      	    0.023376     -0.9328           1

Integrals computed in 260000 clicks (0.260000 seconds).
Errors computed in 510000 clicks (0.510000 seconds).

~~~~~~~~~~~~~~~~~~~~~~~~~~~~~~~~~~~~~~~~~~~~~~~~~~~~~~~~~~~~~~~~~~~~~
NUMBER OF BETAS DETECTED, by population:
~~~~~~~~~~~~~~~~~~~~~~~~~~~~~~~~~~~~~~~~~~~~~~~~~~~~~~~~~~~~~~~~~~~~~
T1 integral = 0.0 +/- 0.0
U1 integral = 0.0 +/- 0.0
T2 integral = 10877.0 +/- 306.4
U2 integral = 0.0 +/- 0.0
T3 integral = 607.5 +/- 287.0
U3 integral = 0.0 +/- 0.0
DC integral = 355.3 +/- 32.4
~~~~~~~~~~~~~~~~~~~~~~~~~~~~~~~~~~~~~~~~~~~~~~~~~~~~~~~~~~~~~~~~~~~~~
Sum of above = 11839.8 +/- 421.0 <-- no cov in unc
All integral = 11839.8 +/- 108.9
~~~~~~~~~~~~~~~~~~~~~~~~~~~~~~~~~~~~~~~~~~~~~~~~~~~~~~~~~~~~~~~~~~~~~


BFit2 done. Timer = 1.08 sec.
Elapsed time = 1.02 sec.

