Timestamp = Mon Apr 13 11:22:43 2015

Importing metadata from CSV files...
Imported 68 BDN cases
Imported 105 BFit cases
Performing BFit with BDN case 134sb02 and BFit case 134sb02_10

BFit started. Timer = 0.06 sec.

~~~~~~~~~~~~~~~~~~~~~~~~~~~~~~~~~~~~~~~~~~~~~~~~~~~~~~~~~~~~~~~~~~~~~
BETA SINGLES MODEL
~~~~~~~~~~~~~~~~~~~~~~~~~~~~~~~~~~~~~~~~~~~~~~~~~~~~~~~~~~~~~~~~~~~~~
Case: 134sb02
File: /music/bpt1/bpt/bdn/shane/134sb/rootfiles/134sb02.root
Histogram: h_betas_vs_cycle_time
Total cycle time	=     90.000 s
Background time		=     30.100 s
Capture cycle time	=      6.000 s
Last capture time	=      0.000 s
134-Sn halflife		=      1.050 s  (lifetime      1.515 s)
134-Sb halflife		=      0.780 s  (lifetime      1.125 s)
134-Sb-m halflife		=     10.070 s  (lifetime     14.528 s)
~~~~~~~~~~~~~~~~~~~~~~~~~~~~~~~~~~~~~~~~~~~~~~~~~~~~~~~~~~~~~~~~~~~~~
HISTOGRAM REBINNED
   Number of hist bins = 900
   Number of fn points = 90000
   Number of pts/bin   = 100
~~~~~~~~~~~~~~~~~~~~~~~~~~~~~~~~~~~~~~~~~~~~~~~~~~~~~~~~~~~~~~~~~~~~~
Doing fit with option string: QROMESLL
~~~~~~~~~~~~~~~~~~~~~~~~~~~~~~~~~~~~~~~~~~~~~~~~~~~~~~~~~~~~~~~~~~~~~
PARAMETER SEED VALUES
~~~~~~~~~~~~~~~~~~~~~~~~~~~~~~~~~~~~~~~~~~~~~~~~~~~~~~~~~~~~~~~~~~~~~
      Par name  Varying?	Par init val and step
~~~~~~~~~~~~~~~~~~~~~~~~~~~~~~~~~~~~~~~~~~~~~~~~~~~~~~~~~~~~~~~~~~~~~
       # Cyc's         0	244 +/- 0.01
     Bin width         0	100 +/- 0.01
       DC rate         1	16 +/- 0.1
        Rate 1         0	0 +/- 0.0001
        Rate 2         1	0.006 +/- 0.0001
        Rate 3         1	0.1 +/- 0.0001
      Capt eff         0	0.65 +/- 0.01
      Capt ret         0	1 +/- 0.01
         T eff         0	0.87 +/- 0.001
         U eff         0	1 +/- 0.01
         V eff         1	0.9 +/- 0.0001
         W eff         0	0 +/- 0.0001
         X eff         0	1 +/- 0.0001
         Y eff         0	1 +/- 0.0001
         Z eff         1	0.9 +/- 0.0001
       T1 loss         0	0 +/- 0.01
       T2 loss         0	0.0474 +/- 0.01
       T3 loss         0	0.0474 +/- 0.01
       U1 loss         0	2e-10 +/- 0.01
       U2 loss         0	2e-10 +/- 0.01
       U3 loss         0	2e-10 +/- 0.01
~~~~~~~~~~~~~~~~~~~~~~~~~~~~~~~~~~~~~~~~~~~~~~~~~~~~~~~~~~~~~~~~~~~~~
134-Sb data detected. Forcing gammaT3 = gammaT2. YOU SHOULD GUARANTEE THAT X3 = Y3 = 0. You can set epsX = epsY = 0.

Ini pars (   0): DC=1.6000e+01 r2=6.0000e-03 r3=1.0000e-01 epsV=9.0000e-01 epsZ=9.0000e-01 
New pars (   1): DC=1.6003e+01 r2=6.0000e-03 r3=1.0000e-01 epsV=9.0000e-01 epsZ=9.0000e-01 
New pars (   2): DC=1.5997e+01 r2=6.0000e-03 r3=1.0000e-01 epsV=9.0000e-01 epsZ=9.0000e-01 
New pars (   3): DC=1.6001e+01 r2=6.0000e-03 r3=1.0000e-01 epsV=9.0000e-01 epsZ=9.0000e-01 
New pars (   4): DC=1.5999e+01 r2=6.0000e-03 r3=1.0000e-01 epsV=9.0000e-01 epsZ=9.0000e-01 
New pars (   5): DC=1.6000e+01 r2=6.0027e-03 r3=1.0000e-01 epsV=9.0000e-01 epsZ=9.0000e-01 
New pars (   6): DC=1.6000e+01 r2=5.9973e-03 r3=1.0000e-01 epsV=9.0000e-01 epsZ=9.0000e-01 
New pars (   7): DC=1.6000e+01 r2=6.0081e-03 r3=1.0000e-01 epsV=9.0000e-01 epsZ=9.0000e-01 
New pars (   8): DC=1.6000e+01 r2=5.9919e-03 r3=1.0000e-01 epsV=9.0000e-01 epsZ=9.0000e-01 
New pars (   9): DC=1.6000e+01 r2=6.0000e-03 r3=1.0000e-01 epsV=9.0000e-01 epsZ=9.0000e-01 
New pars (  10): DC=1.6000e+01 r2=6.0000e-03 r3=9.9997e-02 epsV=9.0000e-01 epsZ=9.0000e-01 
New pars (  11): DC=1.6000e+01 r2=6.0000e-03 r3=1.0002e-01 epsV=9.0000e-01 epsZ=9.0000e-01 
New pars (  12): DC=1.6000e+01 r2=6.0000e-03 r3=9.9984e-02 epsV=9.0000e-01 epsZ=9.0000e-01 
New pars (  13): DC=1.6000e+01 r2=6.0000e-03 r3=1.0000e-01 epsV=9.0000e-01 epsZ=9.0000e-01 
New pars (  14): DC=1.7310e+01 r2=1.8762e-02 r3=1.2576e-01 epsV=8.2732e-01 epsZ=8.0667e-01 
New pars (  15): DC=1.6339e+01 r2=9.3038e-03 r3=1.0667e-01 epsV=8.8119e-01 epsZ=8.7584e-01 
New pars (  16): DC=1.6340e+01 r2=9.3038e-03 r3=1.0667e-01 epsV=8.8119e-01 epsZ=8.7584e-01 
New pars (  17): DC=1.6338e+01 r2=9.3038e-03 r3=1.0667e-01 epsV=8.8119e-01 epsZ=8.7584e-01 
New pars (  18): DC=1.6339e+01 r2=9.3085e-03 r3=1.0667e-01 epsV=8.8119e-01 epsZ=8.7584e-01 
New pars (  19): DC=1.6339e+01 r2=9.2990e-03 r3=1.0667e-01 epsV=8.8119e-01 epsZ=8.7584e-01 
New pars (  20): DC=1.6339e+01 r2=9.3038e-03 r3=1.0668e-01 epsV=8.8119e-01 epsZ=8.7584e-01 
New pars (  21): DC=1.6339e+01 r2=9.3038e-03 r3=1.0666e-01 epsV=8.8119e-01 epsZ=8.7584e-01 
New pars (  22): DC=1.6339e+01 r2=9.3038e-03 r3=1.0667e-01 epsV=8.8121e-01 epsZ=8.7584e-01 
New pars (  23): DC=1.5970e+01 r2=1.3045e-02 r3=1.0778e-01 epsV=8.7884e-01 epsZ=8.8703e-01 
New pars (  24): DC=1.5647e+01 r2=1.6326e-02 r3=1.0875e-01 epsV=8.7678e-01 epsZ=8.9686e-01 
New pars (  25): DC=1.5647e+01 r2=1.6326e-02 r3=1.0875e-01 epsV=8.7678e-01 epsZ=8.9686e-01 
New pars (  26): DC=1.5646e+01 r2=1.6326e-02 r3=1.0875e-01 epsV=8.7678e-01 epsZ=8.9686e-01 
New pars (  27): DC=1.5647e+01 r2=1.6330e-02 r3=1.0875e-01 epsV=8.7678e-01 epsZ=8.9686e-01 
New pars (  28): DC=1.5647e+01 r2=1.6322e-02 r3=1.0875e-01 epsV=8.7678e-01 epsZ=8.9686e-01 
New pars (  29): DC=1.5647e+01 r2=1.6326e-02 r3=1.0876e-01 epsV=8.7678e-01 epsZ=8.9686e-01 
New pars (  30): DC=1.5647e+01 r2=1.6326e-02 r3=1.0875e-01 epsV=8.7678e-01 epsZ=8.9686e-01 
New pars (  31): DC=1.5647e+01 r2=1.6326e-02 r3=1.0875e-01 epsV=8.7680e-01 epsZ=8.9686e-01 
New pars (  32): DC=1.5529e+01 r2=1.6024e-02 r3=1.0996e-01 epsV=8.7618e-01 epsZ=8.9664e-01 
New pars (  33): DC=1.5060e+01 r2=1.4814e-02 r3=1.1480e-01 epsV=8.7381e-01 epsZ=8.9576e-01 
New pars (  34): DC=1.4871e+01 r2=1.4326e-02 r3=1.1675e-01 epsV=8.7286e-01 epsZ=8.9541e-01 
New pars (  35): DC=1.4871e+01 r2=1.4326e-02 r3=1.1675e-01 epsV=8.7286e-01 epsZ=8.9541e-01 
New pars (  36): DC=1.4870e+01 r2=1.4326e-02 r3=1.1675e-01 epsV=8.7286e-01 epsZ=8.9541e-01 
New pars (  37): DC=1.4871e+01 r2=1.4329e-02 r3=1.1675e-01 epsV=8.7286e-01 epsZ=8.9541e-01 
New pars (  38): DC=1.4871e+01 r2=1.4322e-02 r3=1.1675e-01 epsV=8.7286e-01 epsZ=8.9541e-01 
New pars (  39): DC=1.4871e+01 r2=1.4326e-02 r3=1.1676e-01 epsV=8.7286e-01 epsZ=8.9541e-01 
New pars (  40): DC=1.4871e+01 r2=1.4326e-02 r3=1.1675e-01 epsV=8.7286e-01 epsZ=8.9541e-01 
New pars (  41): DC=1.4871e+01 r2=1.4326e-02 r3=1.1675e-01 epsV=8.7287e-01 epsZ=8.9541e-01 
New pars (  42): DC=1.4863e+01 r2=1.3877e-02 r3=1.1797e-01 epsV=8.7139e-01 epsZ=8.9469e-01 
New pars (  43): DC=1.4862e+01 r2=1.3823e-02 r3=1.1811e-01 epsV=8.7121e-01 epsZ=8.9461e-01 
New pars (  44): DC=1.4862e+01 r2=1.3823e-02 r3=1.1811e-01 epsV=8.7121e-01 epsZ=8.9461e-01 
New pars (  45): DC=1.4861e+01 r2=1.3823e-02 r3=1.1811e-01 epsV=8.7121e-01 epsZ=8.9461e-01 
New pars (  46): DC=1.4862e+01 r2=1.3827e-02 r3=1.1811e-01 epsV=8.7121e-01 epsZ=8.9461e-01 
New pars (  47): DC=1.4862e+01 r2=1.3819e-02 r3=1.1811e-01 epsV=8.7121e-01 epsZ=8.9461e-01 
New pars (  48): DC=1.4862e+01 r2=1.3823e-02 r3=1.1812e-01 epsV=8.7121e-01 epsZ=8.9461e-01 
New pars (  49): DC=1.4862e+01 r2=1.3823e-02 r3=1.1811e-01 epsV=8.7121e-01 epsZ=8.9461e-01 
New pars (  50): DC=1.4862e+01 r2=1.3823e-02 r3=1.1811e-01 epsV=8.7123e-01 epsZ=8.9461e-01 
New pars (  51): DC=1.4874e+01 r2=1.3765e-02 r3=1.1852e-01 epsV=8.7115e-01 epsZ=8.9672e-01 
New pars (  52): DC=1.4926e+01 r2=1.3533e-02 r3=1.2013e-01 epsV=8.7093e-01 epsZ=9.0516e-01 
New pars (  53): DC=1.5054e+01 r2=1.2952e-02 r3=1.2418e-01 epsV=8.7035e-01 epsZ=9.2626e-01 
New pars (  54): DC=1.5287e+01 r2=1.1898e-02 r3=1.3152e-01 epsV=8.6932e-01 epsZ=9.6456e-01 
New pars (  55): DC=1.5175e+01 r2=1.2403e-02 r3=1.2800e-01 epsV=8.6981e-01 epsZ=9.4621e-01 
New pars (  56): DC=1.5176e+01 r2=1.2403e-02 r3=1.2800e-01 epsV=8.6981e-01 epsZ=9.4621e-01 
New pars (  57): DC=1.5175e+01 r2=1.2403e-02 r3=1.2800e-01 epsV=8.6981e-01 epsZ=9.4621e-01 
New pars (  58): DC=1.5175e+01 r2=1.2407e-02 r3=1.2800e-01 epsV=8.6981e-01 epsZ=9.4621e-01 
New pars (  59): DC=1.5175e+01 r2=1.2400e-02 r3=1.2800e-01 epsV=8.6981e-01 epsZ=9.4621e-01 
New pars (  60): DC=1.5175e+01 r2=1.2403e-02 r3=1.2801e-01 epsV=8.6981e-01 epsZ=9.4621e-01 
New pars (  61): DC=1.5175e+01 r2=1.2403e-02 r3=1.2799e-01 epsV=8.6981e-01 epsZ=9.4621e-01 
New pars (  62): DC=1.5175e+01 r2=1.2403e-02 r3=1.2800e-01 epsV=8.6983e-01 epsZ=9.4621e-01 
New pars (  63): DC=1.5151e+01 r2=1.1880e-02 r3=1.3141e-01 epsV=8.6766e-01 epsZ=9.5574e-01 
New pars (  64): DC=1.5137e+01 r2=1.1591e-02 r3=1.3331e-01 epsV=8.6647e-01 epsZ=9.6103e-01 
New pars (  65): DC=1.5138e+01 r2=1.1591e-02 r3=1.3331e-01 epsV=8.6647e-01 epsZ=9.6103e-01 
New pars (  66): DC=1.5137e+01 r2=1.1591e-02 r3=1.3331e-01 epsV=8.6647e-01 epsZ=9.6103e-01 
New pars (  67): DC=1.5137e+01 r2=1.1594e-02 r3=1.3331e-01 epsV=8.6647e-01 epsZ=9.6103e-01 
New pars (  68): DC=1.5137e+01 r2=1.1587e-02 r3=1.3331e-01 epsV=8.6647e-01 epsZ=9.6103e-01 
New pars (  69): DC=1.5137e+01 r2=1.1591e-02 r3=1.3331e-01 epsV=8.6647e-01 epsZ=9.6103e-01 
New pars (  70): DC=1.5137e+01 r2=1.1591e-02 r3=1.3330e-01 epsV=8.6647e-01 epsZ=9.6103e-01 
New pars (  71): DC=1.5137e+01 r2=1.1591e-02 r3=1.3331e-01 epsV=8.6648e-01 epsZ=9.6103e-01 
New pars (  72): DC=1.5148e+01 r2=1.1592e-02 r3=1.3297e-01 epsV=8.6639e-01 epsZ=9.5911e-01 
New pars (  73): DC=1.5143e+01 r2=1.1591e-02 r3=1.3310e-01 epsV=8.6642e-01 epsZ=9.5989e-01 
New pars (  74): DC=1.5144e+01 r2=1.1591e-02 r3=1.3310e-01 epsV=8.6642e-01 epsZ=9.5989e-01 
New pars (  75): DC=1.5143e+01 r2=1.1591e-02 r3=1.3310e-01 epsV=8.6642e-01 epsZ=9.5989e-01 
New pars (  76): DC=1.5143e+01 r2=1.1595e-02 r3=1.3310e-01 epsV=8.6642e-01 epsZ=9.5989e-01 
New pars (  77): DC=1.5143e+01 r2=1.1588e-02 r3=1.3310e-01 epsV=8.6642e-01 epsZ=9.5989e-01 
New pars (  78): DC=1.5143e+01 r2=1.1591e-02 r3=1.3311e-01 epsV=8.6642e-01 epsZ=9.5989e-01 
New pars (  79): DC=1.5143e+01 r2=1.1591e-02 r3=1.3310e-01 epsV=8.6642e-01 epsZ=9.5989e-01 
New pars (  80): DC=1.5143e+01 r2=1.1591e-02 r3=1.3310e-01 epsV=8.6644e-01 epsZ=9.5989e-01 
New pars (  81): DC=1.5156e+01 r2=1.1536e-02 r3=1.3338e-01 epsV=8.6640e-01 epsZ=9.6108e-01 
New pars (  82): DC=1.5157e+01 r2=1.1530e-02 r3=1.3341e-01 epsV=8.6640e-01 epsZ=9.6122e-01 
New pars (  83): DC=1.5158e+01 r2=1.1530e-02 r3=1.3341e-01 epsV=8.6640e-01 epsZ=9.6122e-01 
New pars (  84): DC=1.5157e+01 r2=1.1530e-02 r3=1.3341e-01 epsV=8.6640e-01 epsZ=9.6122e-01 
New pars (  85): DC=1.5157e+01 r2=1.1533e-02 r3=1.3341e-01 epsV=8.6640e-01 epsZ=9.6122e-01 
New pars (  86): DC=1.5157e+01 r2=1.1526e-02 r3=1.3341e-01 epsV=8.6640e-01 epsZ=9.6122e-01 
New pars (  87): DC=1.5157e+01 r2=1.1530e-02 r3=1.3342e-01 epsV=8.6640e-01 epsZ=9.6122e-01 
New pars (  88): DC=1.5157e+01 r2=1.1530e-02 r3=1.3340e-01 epsV=8.6640e-01 epsZ=9.6122e-01 
New pars (  89): DC=1.5157e+01 r2=1.1530e-02 r3=1.3341e-01 epsV=8.6642e-01 epsZ=9.6122e-01 
New pars (  90): DC=1.5157e+01 r2=1.1532e-02 r3=1.3345e-01 epsV=8.6646e-01 epsZ=9.6123e-01 
New pars (  91): DC=1.5156e+01 r2=1.1540e-02 r3=1.3359e-01 epsV=8.6669e-01 epsZ=9.6127e-01 
New pars (  92): DC=1.5153e+01 r2=1.1560e-02 r3=1.3393e-01 epsV=8.6725e-01 epsZ=9.6137e-01 
New pars (  93): DC=1.5152e+01 r2=1.1571e-02 r3=1.3413e-01 epsV=8.6757e-01 epsZ=9.6143e-01 
New pars (  94): DC=1.5153e+01 r2=1.1571e-02 r3=1.3413e-01 epsV=8.6757e-01 epsZ=9.6143e-01 
New pars (  95): DC=1.5152e+01 r2=1.1571e-02 r3=1.3413e-01 epsV=8.6757e-01 epsZ=9.6143e-01 
New pars (  96): DC=1.5152e+01 r2=1.1575e-02 r3=1.3413e-01 epsV=8.6757e-01 epsZ=9.6143e-01 
New pars (  97): DC=1.5152e+01 r2=1.1568e-02 r3=1.3413e-01 epsV=8.6757e-01 epsZ=9.6143e-01 
New pars (  98): DC=1.5152e+01 r2=1.1571e-02 r3=1.3414e-01 epsV=8.6757e-01 epsZ=9.6143e-01 
New pars (  99): DC=1.5152e+01 r2=1.1571e-02 r3=1.3413e-01 epsV=8.6757e-01 epsZ=9.6143e-01 
New pars ( 100): DC=1.5152e+01 r2=1.1571e-02 r3=1.3413e-01 epsV=8.6759e-01 epsZ=9.6143e-01 
New pars ( 101): DC=1.5156e+01 r2=1.1627e-02 r3=1.3443e-01 epsV=8.6895e-01 epsZ=9.6059e-01 
New pars ( 102): DC=1.5172e+01 r2=1.1848e-02 r3=1.3563e-01 epsV=8.7446e-01 epsZ=9.5726e-01 
New pars ( 103): DC=1.5210e+01 r2=1.2403e-02 r3=1.3864e-01 epsV=8.8824e-01 epsZ=9.4893e-01 
New pars ( 104): DC=1.5220e+01 r2=1.2545e-02 r3=1.3941e-01 epsV=8.9178e-01 epsZ=9.4679e-01 
New pars ( 105): DC=1.5211e+01 r2=1.2403e-02 r3=1.3864e-01 epsV=8.8824e-01 epsZ=9.4893e-01 
New pars ( 106): DC=1.5210e+01 r2=1.2403e-02 r3=1.3864e-01 epsV=8.8824e-01 epsZ=9.4893e-01 
New pars ( 107): DC=1.5210e+01 r2=1.2406e-02 r3=1.3864e-01 epsV=8.8824e-01 epsZ=9.4893e-01 
New pars ( 108): DC=1.5210e+01 r2=1.2399e-02 r3=1.3864e-01 epsV=8.8824e-01 epsZ=9.4893e-01 
New pars ( 109): DC=1.5210e+01 r2=1.2403e-02 r3=1.3865e-01 epsV=8.8824e-01 epsZ=9.4893e-01 
New pars ( 110): DC=1.5210e+01 r2=1.2403e-02 r3=1.3863e-01 epsV=8.8824e-01 epsZ=9.4893e-01 
New pars ( 111): DC=1.5210e+01 r2=1.2403e-02 r3=1.3864e-01 epsV=8.8825e-01 epsZ=9.4893e-01 
New pars ( 112): DC=1.5227e+01 r2=1.2686e-02 r3=1.3910e-01 epsV=8.9221e-01 epsZ=9.4529e-01 
New pars ( 113): DC=1.5234e+01 r2=1.2798e-02 r3=1.3929e-01 epsV=8.9377e-01 epsZ=9.4385e-01 
New pars ( 114): DC=1.5235e+01 r2=1.2798e-02 r3=1.3929e-01 epsV=8.9377e-01 epsZ=9.4385e-01 
New pars ( 115): DC=1.5234e+01 r2=1.2798e-02 r3=1.3929e-01 epsV=8.9377e-01 epsZ=9.4385e-01 
New pars ( 116): DC=1.5234e+01 r2=1.2802e-02 r3=1.3929e-01 epsV=8.9377e-01 epsZ=9.4385e-01 
New pars ( 117): DC=1.5234e+01 r2=1.2794e-02 r3=1.3929e-01 epsV=8.9377e-01 epsZ=9.4385e-01 
New pars ( 118): DC=1.5234e+01 r2=1.2798e-02 r3=1.3930e-01 epsV=8.9377e-01 epsZ=9.4385e-01 
New pars ( 119): DC=1.5234e+01 r2=1.2798e-02 r3=1.3928e-01 epsV=8.9377e-01 epsZ=9.4385e-01 
New pars ( 120): DC=1.5234e+01 r2=1.2798e-02 r3=1.3929e-01 epsV=8.9379e-01 epsZ=9.4385e-01 
New pars ( 121): DC=1.5247e+01 r2=1.2968e-02 r3=1.4036e-01 epsV=8.9724e-01 epsZ=9.4267e-01 
New pars ( 122): DC=1.5250e+01 r2=1.3007e-02 r3=1.4061e-01 epsV=8.9803e-01 epsZ=9.4240e-01 
New pars ( 123): DC=1.5251e+01 r2=1.3007e-02 r3=1.4061e-01 epsV=8.9803e-01 epsZ=9.4240e-01 
New pars ( 124): DC=1.5250e+01 r2=1.3007e-02 r3=1.4061e-01 epsV=8.9803e-01 epsZ=9.4240e-01 
New pars ( 125): DC=1.5250e+01 r2=1.3011e-02 r3=1.4061e-01 epsV=8.9803e-01 epsZ=9.4240e-01 
New pars ( 126): DC=1.5250e+01 r2=1.3003e-02 r3=1.4061e-01 epsV=8.9803e-01 epsZ=9.4240e-01 
New pars ( 127): DC=1.5250e+01 r2=1.3007e-02 r3=1.4062e-01 epsV=8.9803e-01 epsZ=9.4240e-01 
New pars ( 128): DC=1.5250e+01 r2=1.3007e-02 r3=1.4060e-01 epsV=8.9803e-01 epsZ=9.4240e-01 
New pars ( 129): DC=1.5250e+01 r2=1.3007e-02 r3=1.4061e-01 epsV=8.9805e-01 epsZ=9.4240e-01 
New pars ( 130): DC=1.5247e+01 r2=1.2983e-02 r3=1.4060e-01 epsV=8.9740e-01 epsZ=9.4298e-01 
New pars ( 131): DC=1.5248e+01 r2=1.2986e-02 r3=1.4060e-01 epsV=8.9749e-01 epsZ=9.4290e-01 
New pars ( 132): DC=1.5248e+01 r2=1.2986e-02 r3=1.4060e-01 epsV=8.9749e-01 epsZ=9.4290e-01 
New pars ( 133): DC=1.5247e+01 r2=1.2986e-02 r3=1.4060e-01 epsV=8.9749e-01 epsZ=9.4290e-01 
New pars ( 134): DC=1.5248e+01 r2=1.2990e-02 r3=1.4060e-01 epsV=8.9749e-01 epsZ=9.4290e-01 
New pars ( 135): DC=1.5248e+01 r2=1.2982e-02 r3=1.4060e-01 epsV=8.9749e-01 epsZ=9.4290e-01 
New pars ( 136): DC=1.5248e+01 r2=1.2986e-02 r3=1.4061e-01 epsV=8.9749e-01 epsZ=9.4290e-01 
New pars ( 137): DC=1.5248e+01 r2=1.2986e-02 r3=1.4059e-01 epsV=8.9749e-01 epsZ=9.4290e-01 
New pars ( 138): DC=1.5248e+01 r2=1.2986e-02 r3=1.4060e-01 epsV=8.9750e-01 epsZ=9.4290e-01 
New pars ( 139): DC=1.5249e+01 r2=1.3011e-02 r3=1.4078e-01 epsV=8.9816e-01 epsZ=9.4243e-01 
New pars ( 140): DC=1.5249e+01 r2=1.3017e-02 r3=1.4082e-01 epsV=8.9832e-01 epsZ=9.4232e-01 
New pars ( 141): DC=1.5249e+01 r2=1.3017e-02 r3=1.4082e-01 epsV=8.9832e-01 epsZ=9.4232e-01 
New pars ( 142): DC=1.5249e+01 r2=1.3017e-02 r3=1.4082e-01 epsV=8.9832e-01 epsZ=9.4232e-01 
New pars ( 143): DC=1.5249e+01 r2=1.3021e-02 r3=1.4082e-01 epsV=8.9832e-01 epsZ=9.4232e-01 
New pars ( 144): DC=1.5249e+01 r2=1.3013e-02 r3=1.4082e-01 epsV=8.9832e-01 epsZ=9.4232e-01 
New pars ( 145): DC=1.5249e+01 r2=1.3017e-02 r3=1.4083e-01 epsV=8.9832e-01 epsZ=9.4232e-01 
New pars ( 146): DC=1.5249e+01 r2=1.3017e-02 r3=1.4081e-01 epsV=8.9832e-01 epsZ=9.4232e-01 
New pars ( 147): DC=1.5249e+01 r2=1.3017e-02 r3=1.4082e-01 epsV=8.9833e-01 epsZ=9.4232e-01 
New pars ( 148): DC=1.5250e+01 r2=1.3021e-02 r3=1.4085e-01 epsV=8.9841e-01 epsZ=9.4231e-01 
New pars ( 149): DC=1.5250e+01 r2=1.3021e-02 r3=1.4085e-01 epsV=8.9841e-01 epsZ=9.4231e-01 
New pars ( 150): DC=1.5251e+01 r2=1.3021e-02 r3=1.4085e-01 epsV=8.9841e-01 epsZ=9.4231e-01 
New pars ( 151): DC=1.5250e+01 r2=1.3021e-02 r3=1.4085e-01 epsV=8.9841e-01 epsZ=9.4231e-01 
New pars ( 152): DC=1.5250e+01 r2=1.3025e-02 r3=1.4085e-01 epsV=8.9841e-01 epsZ=9.4231e-01 
New pars ( 153): DC=1.5250e+01 r2=1.3017e-02 r3=1.4085e-01 epsV=8.9841e-01 epsZ=9.4231e-01 
New pars ( 154): DC=1.5250e+01 r2=1.3021e-02 r3=1.4086e-01 epsV=8.9841e-01 epsZ=9.4231e-01 
New pars ( 155): DC=1.5250e+01 r2=1.3021e-02 r3=1.4084e-01 epsV=8.9841e-01 epsZ=9.4231e-01 
New pars ( 156): DC=1.5250e+01 r2=1.3021e-02 r3=1.4085e-01 epsV=8.9842e-01 epsZ=9.4231e-01 
New pars ( 157): DC=1.5251e+01 r2=1.3021e-02 r3=1.4085e-01 epsV=8.9841e-01 epsZ=9.4231e-01 
New pars ( 158): DC=1.5250e+01 r2=1.3021e-02 r3=1.4085e-01 epsV=8.9841e-01 epsZ=9.4231e-01 
New pars ( 159): DC=1.5250e+01 r2=1.3025e-02 r3=1.4085e-01 epsV=8.9841e-01 epsZ=9.4231e-01 
New pars ( 160): DC=1.5250e+01 r2=1.3017e-02 r3=1.4085e-01 epsV=8.9841e-01 epsZ=9.4231e-01 
New pars ( 161): DC=1.5250e+01 r2=1.3021e-02 r3=1.4086e-01 epsV=8.9841e-01 epsZ=9.4231e-01 
New pars ( 162): DC=1.5250e+01 r2=1.3021e-02 r3=1.4084e-01 epsV=8.9841e-01 epsZ=9.4231e-01 
New pars ( 163): DC=1.5250e+01 r2=1.3021e-02 r3=1.4085e-01 epsV=8.9842e-01 epsZ=9.4231e-01 
New pars ( 164): DC=1.5250e+01 r2=1.3021e-02 r3=1.4085e-01 epsV=8.9841e-01 epsZ=9.4231e-01 
New pars ( 165): DC=1.5250e+01 r2=1.3021e-02 r3=1.4085e-01 epsV=8.9841e-01 epsZ=9.4231e-01 
New pars ( 166): DC=1.5250e+01 r2=1.3022e-02 r3=1.4085e-01 epsV=8.9841e-01 epsZ=9.4231e-01 
New pars ( 167): DC=1.5250e+01 r2=1.3020e-02 r3=1.4085e-01 epsV=8.9841e-01 epsZ=9.4231e-01 
New pars ( 168): DC=1.5250e+01 r2=1.3021e-02 r3=1.4085e-01 epsV=8.9841e-01 epsZ=9.4231e-01 
New pars ( 169): DC=1.5250e+01 r2=1.3021e-02 r3=1.4085e-01 epsV=8.9841e-01 epsZ=9.4231e-01 
New pars ( 170): DC=1.5250e+01 r2=1.3021e-02 r3=1.4085e-01 epsV=8.9841e-01 epsZ=9.4231e-01 
New pars ( 171): DC=1.5251e+01 r2=1.3025e-02 r3=1.4085e-01 epsV=8.9841e-01 epsZ=9.4231e-01 
New pars ( 172): DC=1.5251e+01 r2=1.3021e-02 r3=1.4086e-01 epsV=8.9841e-01 epsZ=9.4231e-01 
New pars ( 173): DC=1.5250e+01 r2=1.3025e-02 r3=1.4086e-01 epsV=8.9841e-01 epsZ=9.4231e-01 
New pars ( 174): DC=1.5251e+01 r2=1.3021e-02 r3=1.4085e-01 epsV=8.9842e-01 epsZ=9.4231e-01 
New pars ( 175): DC=1.5250e+01 r2=1.3025e-02 r3=1.4085e-01 epsV=8.9842e-01 epsZ=9.4231e-01 
New pars ( 176): DC=1.5250e+01 r2=1.3021e-02 r3=1.4086e-01 epsV=8.9842e-01 epsZ=9.4231e-01 
New pars ( 177): DC=1.5251e+01 r2=1.3021e-02 r3=1.4085e-01 epsV=8.9841e-01 epsZ=9.4233e-01 
New pars ( 178): DC=1.5250e+01 r2=1.3025e-02 r3=1.4085e-01 epsV=8.9841e-01 epsZ=9.4233e-01 
New pars ( 179): DC=1.5250e+01 r2=1.3021e-02 r3=1.4086e-01 epsV=8.9841e-01 epsZ=9.4233e-01 
New pars ( 180): DC=1.5250e+01 r2=1.3021e-02 r3=1.4085e-01 epsV=8.9842e-01 epsZ=9.4233e-01 
New pars ( 181): DC=1.5152e+01 r2=1.1696e-02 r3=1.4719e-01 epsV=9.1390e-01 epsZ=9.3746e-01 
New pars ( 182): DC=1.5149e+01 r2=1.1696e-02 r3=1.4719e-01 epsV=9.1390e-01 epsZ=9.3746e-01 
New pars ( 183): DC=1.5152e+01 r2=1.1553e-02 r3=1.4719e-01 epsV=9.1390e-01 epsZ=9.3746e-01 
New pars ( 184): DC=1.5152e+01 r2=1.1696e-02 r3=1.4330e-01 epsV=9.1390e-01 epsZ=9.3746e-01 
New pars ( 185): DC=1.5152e+01 r2=1.1696e-02 r3=1.4719e-01 epsV=9.2966e-01 epsZ=9.3746e-01 
New pars ( 186): DC=1.5151e+01 r2=1.1639e-02 r3=1.4563e-01 epsV=8.9814e-01 epsZ=9.3760e-01 
New pars ( 187): DC=1.5150e+01 r2=1.1610e-02 r3=1.4485e-01 epsV=8.8238e-01 epsZ=9.3767e-01 
New pars ( 188): DC=1.5150e+01 r2=1.1605e-02 r3=1.4470e-01 epsV=9.0129e-01 epsZ=9.3719e-01 
New pars ( 189): DC=1.5149e+01 r2=1.1559e-02 r3=1.4345e-01 epsV=8.9499e-01 epsZ=9.3688e-01 
New pars ( 190): DC=1.5150e+01 r2=1.1605e-02 r3=1.4470e-01 epsV=9.0129e-01 epsZ=9.3719e-01 
New pars ( 191): DC=1.5250e+01 r2=1.3021e-02 r3=1.4085e-01 epsV=8.9841e-01 epsZ=9.4231e-01 
New pars ( 192): DC=1.5250e+01 r2=1.3021e-02 r3=1.4085e-01 epsV=8.9841e-01 epsZ=9.4231e-01 
New pars ( 193): DC=1.5250e+01 r2=1.3021e-02 r3=1.4085e-01 epsV=8.9841e-01 epsZ=9.4231e-01 
New pars ( 194): DC=1.5250e+01 r2=1.3022e-02 r3=1.4085e-01 epsV=8.9841e-01 epsZ=9.4231e-01 
New pars ( 195): DC=1.5250e+01 r2=1.3020e-02 r3=1.4085e-01 epsV=8.9841e-01 epsZ=9.4231e-01 
New pars ( 196): DC=1.5250e+01 r2=1.3021e-02 r3=1.4085e-01 epsV=8.9841e-01 epsZ=9.4231e-01 
New pars ( 197): DC=1.5250e+01 r2=1.3021e-02 r3=1.4085e-01 epsV=8.9841e-01 epsZ=9.4231e-01 
New pars ( 198): DC=1.5250e+01 r2=1.3021e-02 r3=1.4085e-01 epsV=8.9841e-01 epsZ=9.4231e-01 
New pars ( 199): DC=1.5250e+01 r2=1.3021e-02 r3=1.4085e-01 epsV=8.9841e-01 epsZ=9.4231e-01 
New pars ( 200): DC=1.5250e+01 r2=1.3021e-02 r3=1.4085e-01 epsV=8.9841e-01 epsZ=9.4231e-01 
New pars ( 201): DC=1.5250e+01 r2=1.3021e-02 r3=1.4085e-01 epsV=8.9841e-01 epsZ=9.4231e-01 
New pars ( 202): DC=1.5250e+01 r2=1.3021e-02 r3=1.4085e-01 epsV=8.9841e-01 epsZ=9.4231e-01 
New pars ( 203): DC=1.5250e+01 r2=1.3021e-02 r3=1.4085e-01 epsV=8.9841e-01 epsZ=9.4231e-01 
New pars ( 204): DC=1.5250e+01 r2=1.3021e-02 r3=1.4085e-01 epsV=8.9841e-01 epsZ=9.4231e-01 
New pars ( 205): DC=1.5250e+01 r2=1.3021e-02 r3=1.4085e-01 epsV=8.9841e-01 epsZ=9.4231e-01 
New pars ( 206): DC=1.5250e+01 r2=1.3022e-02 r3=1.4085e-01 epsV=8.9841e-01 epsZ=9.4231e-01 
New pars ( 207): DC=1.5250e+01 r2=1.3021e-02 r3=1.4085e-01 epsV=8.9841e-01 epsZ=9.4231e-01 
New pars ( 208): DC=1.5250e+01 r2=1.3022e-02 r3=1.4085e-01 epsV=8.9841e-01 epsZ=9.4231e-01 
New pars ( 209): DC=1.5250e+01 r2=1.3021e-02 r3=1.4085e-01 epsV=8.9841e-01 epsZ=9.4231e-01 
New pars ( 210): DC=1.5250e+01 r2=1.3022e-02 r3=1.4085e-01 epsV=8.9841e-01 epsZ=9.4231e-01 
New pars ( 211): DC=1.5250e+01 r2=1.3021e-02 r3=1.4085e-01 epsV=8.9841e-01 epsZ=9.4231e-01 
New pars ( 212): DC=1.5250e+01 r2=1.3021e-02 r3=1.4085e-01 epsV=8.9841e-01 epsZ=9.4232e-01 
New pars ( 213): DC=1.5250e+01 r2=1.3022e-02 r3=1.4085e-01 epsV=8.9841e-01 epsZ=9.4232e-01 
New pars ( 214): DC=1.5250e+01 r2=1.3021e-02 r3=1.4085e-01 epsV=8.9841e-01 epsZ=9.4232e-01 
New pars ( 215): DC=1.5250e+01 r2=1.3021e-02 r3=1.4085e-01 epsV=8.9841e-01 epsZ=9.4232e-01 
 PARAMETER NUMBER   1 NOT A VARIABLE. IGNORED.
 THERE ARE NO MINOS ERRORS TO CALCULATE.
 PARAMETER NUMBER   2 NOT A VARIABLE. IGNORED.
 THERE ARE NO MINOS ERRORS TO CALCULATE.
New pars ( 216): DC=1.5341e+01 r2=1.3581e-02 r3=1.4375e-01 epsV=9.0984e-01 epsZ=9.3787e-01 
New pars ( 217): DC=1.5341e+01 r2=1.3583e-02 r3=1.4375e-01 epsV=9.0984e-01 epsZ=9.3787e-01 
New pars ( 218): DC=1.5341e+01 r2=1.3580e-02 r3=1.4375e-01 epsV=9.0984e-01 epsZ=9.3787e-01 
New pars ( 219): DC=1.5341e+01 r2=1.3585e-02 r3=1.4375e-01 epsV=9.0984e-01 epsZ=9.3787e-01 
New pars ( 220): DC=1.5341e+01 r2=1.3577e-02 r3=1.4375e-01 epsV=9.0984e-01 epsZ=9.3787e-01 
New pars ( 221): DC=1.5341e+01 r2=1.3581e-02 r3=1.4375e-01 epsV=9.0984e-01 epsZ=9.3787e-01 
New pars ( 222): DC=1.5341e+01 r2=1.3581e-02 r3=1.4374e-01 epsV=9.0984e-01 epsZ=9.3787e-01 
New pars ( 223): DC=1.5341e+01 r2=1.3581e-02 r3=1.4375e-01 epsV=9.0984e-01 epsZ=9.3787e-01 
New pars ( 224): DC=1.5341e+01 r2=1.3581e-02 r3=1.4374e-01 epsV=9.0984e-01 epsZ=9.3787e-01 
New pars ( 225): DC=1.5341e+01 r2=1.3581e-02 r3=1.4375e-01 epsV=9.0984e-01 epsZ=9.3787e-01 
New pars ( 226): DC=1.5341e+01 r2=1.3509e-02 r3=1.4331e-01 epsV=9.0798e-01 epsZ=9.3899e-01 
New pars ( 227): DC=1.5341e+01 r2=1.3533e-02 r3=1.4345e-01 epsV=9.0860e-01 epsZ=9.3862e-01 
New pars ( 228): DC=1.5341e+01 r2=1.3537e-02 r3=1.4345e-01 epsV=9.0860e-01 epsZ=9.3862e-01 
New pars ( 229): DC=1.5341e+01 r2=1.3529e-02 r3=1.4345e-01 epsV=9.0860e-01 epsZ=9.3862e-01 
New pars ( 230): DC=1.5341e+01 r2=1.3533e-02 r3=1.4346e-01 epsV=9.0860e-01 epsZ=9.3862e-01 
New pars ( 231): DC=1.5341e+01 r2=1.3533e-02 r3=1.4345e-01 epsV=9.0860e-01 epsZ=9.3862e-01 
New pars ( 232): DC=1.5341e+01 r2=1.3533e-02 r3=1.4345e-01 epsV=9.0861e-01 epsZ=9.3862e-01 
New pars ( 233): DC=1.5341e+01 r2=1.3569e-02 r3=1.4364e-01 epsV=9.0923e-01 epsZ=9.3820e-01 
New pars ( 234): DC=1.5341e+01 r2=1.3588e-02 r3=1.4373e-01 epsV=9.0955e-01 epsZ=9.3798e-01 
New pars ( 235): DC=1.5341e+01 r2=1.3591e-02 r3=1.4373e-01 epsV=9.0955e-01 epsZ=9.3798e-01 
New pars ( 236): DC=1.5341e+01 r2=1.3584e-02 r3=1.4373e-01 epsV=9.0955e-01 epsZ=9.3798e-01 
New pars ( 237): DC=1.5341e+01 r2=1.3588e-02 r3=1.4374e-01 epsV=9.0955e-01 epsZ=9.3798e-01 
New pars ( 238): DC=1.5341e+01 r2=1.3588e-02 r3=1.4372e-01 epsV=9.0955e-01 epsZ=9.3798e-01 
New pars ( 239): DC=1.5341e+01 r2=1.3588e-02 r3=1.4373e-01 epsV=9.0957e-01 epsZ=9.3798e-01 
New pars ( 240): DC=1.5341e+01 r2=1.3589e-02 r3=1.4374e-01 epsV=9.0958e-01 epsZ=9.3798e-01 
New pars ( 241): DC=1.5341e+01 r2=1.3593e-02 r3=1.4374e-01 epsV=9.0958e-01 epsZ=9.3798e-01 
New pars ( 242): DC=1.5341e+01 r2=1.3585e-02 r3=1.4374e-01 epsV=9.0958e-01 epsZ=9.3798e-01 
New pars ( 243): DC=1.5341e+01 r2=1.3589e-02 r3=1.4374e-01 epsV=9.0958e-01 epsZ=9.3798e-01 
New pars ( 244): DC=1.5341e+01 r2=1.3589e-02 r3=1.4373e-01 epsV=9.0958e-01 epsZ=9.3798e-01 
New pars ( 245): DC=1.5341e+01 r2=1.3589e-02 r3=1.4374e-01 epsV=9.0959e-01 epsZ=9.3798e-01 
New pars ( 246): DC=1.5159e+01 r2=1.2461e-02 r3=1.3795e-01 epsV=8.8698e-01 epsZ=9.4675e-01 
New pars ( 247): DC=1.5159e+01 r2=1.2465e-02 r3=1.3795e-01 epsV=8.8698e-01 epsZ=9.4675e-01 
New pars ( 248): DC=1.5159e+01 r2=1.2457e-02 r3=1.3795e-01 epsV=8.8698e-01 epsZ=9.4675e-01 
New pars ( 249): DC=1.5159e+01 r2=1.2461e-02 r3=1.3796e-01 epsV=8.8698e-01 epsZ=9.4675e-01 
New pars ( 250): DC=1.5159e+01 r2=1.2461e-02 r3=1.3794e-01 epsV=8.8698e-01 epsZ=9.4675e-01 
New pars ( 251): DC=1.5159e+01 r2=1.2461e-02 r3=1.3795e-01 epsV=8.8699e-01 epsZ=9.4675e-01 
New pars ( 252): DC=1.5159e+01 r2=1.2631e-02 r3=1.3876e-01 epsV=8.8968e-01 epsZ=9.4493e-01 
New pars ( 253): DC=1.5159e+01 r2=1.2533e-02 r3=1.3830e-01 epsV=8.8813e-01 epsZ=9.4598e-01 
New pars ( 254): DC=1.5159e+01 r2=1.2537e-02 r3=1.3830e-01 epsV=8.8813e-01 epsZ=9.4598e-01 
New pars ( 255): DC=1.5159e+01 r2=1.2530e-02 r3=1.3830e-01 epsV=8.8813e-01 epsZ=9.4598e-01 
New pars ( 256): DC=1.5159e+01 r2=1.2533e-02 r3=1.3830e-01 epsV=8.8813e-01 epsZ=9.4598e-01 
New pars ( 257): DC=1.5159e+01 r2=1.2533e-02 r3=1.3829e-01 epsV=8.8813e-01 epsZ=9.4598e-01 
New pars ( 258): DC=1.5159e+01 r2=1.2533e-02 r3=1.3830e-01 epsV=8.8815e-01 epsZ=9.4598e-01 
New pars ( 259): DC=1.5159e+01 r2=1.2507e-02 r3=1.3817e-01 epsV=8.8759e-01 epsZ=9.4632e-01 
New pars ( 260): DC=1.5159e+01 r2=1.2467e-02 r3=1.3798e-01 epsV=8.8679e-01 epsZ=9.4683e-01 
New pars ( 261): DC=1.5159e+01 r2=1.2471e-02 r3=1.3798e-01 epsV=8.8679e-01 epsZ=9.4683e-01 
New pars ( 262): DC=1.5159e+01 r2=1.2464e-02 r3=1.3798e-01 epsV=8.8679e-01 epsZ=9.4683e-01 
New pars ( 263): DC=1.5159e+01 r2=1.2467e-02 r3=1.3798e-01 epsV=8.8679e-01 epsZ=9.4683e-01 
New pars ( 264): DC=1.5159e+01 r2=1.2467e-02 r3=1.3797e-01 epsV=8.8679e-01 epsZ=9.4683e-01 
New pars ( 265): DC=1.5159e+01 r2=1.2467e-02 r3=1.3798e-01 epsV=8.8681e-01 epsZ=9.4683e-01 
New pars ( 266): DC=1.5159e+01 r2=1.2472e-02 r3=1.3795e-01 epsV=8.8675e-01 epsZ=9.4682e-01 
New pars ( 267): DC=1.5159e+01 r2=1.2472e-02 r3=1.3795e-01 epsV=8.8676e-01 epsZ=9.4682e-01 
New pars ( 268): DC=1.5159e+01 r2=1.2475e-02 r3=1.3795e-01 epsV=8.8676e-01 epsZ=9.4682e-01 
New pars ( 269): DC=1.5159e+01 r2=1.2468e-02 r3=1.3795e-01 epsV=8.8676e-01 epsZ=9.4682e-01 
New pars ( 270): DC=1.5159e+01 r2=1.2472e-02 r3=1.3796e-01 epsV=8.8676e-01 epsZ=9.4682e-01 
New pars ( 271): DC=1.5159e+01 r2=1.2472e-02 r3=1.3794e-01 epsV=8.8676e-01 epsZ=9.4682e-01 
New pars ( 272): DC=1.5159e+01 r2=1.2472e-02 r3=1.3795e-01 epsV=8.8677e-01 epsZ=9.4682e-01 
 PARAMETER NUMBER   4 NOT A VARIABLE. IGNORED.
 THERE ARE NO MINOS ERRORS TO CALCULATE.
New pars ( 273): DC=1.5299e+01 r2=1.4054e-02 r3=1.4432e-01 epsV=9.1529e-01 epsZ=9.3095e-01 
New pars ( 274): DC=1.5300e+01 r2=1.4054e-02 r3=1.4432e-01 epsV=9.1529e-01 epsZ=9.3095e-01 
New pars ( 275): DC=1.5299e+01 r2=1.4054e-02 r3=1.4432e-01 epsV=9.1529e-01 epsZ=9.3095e-01 
New pars ( 276): DC=1.5300e+01 r2=1.4054e-02 r3=1.4432e-01 epsV=9.1529e-01 epsZ=9.3095e-01 
New pars ( 277): DC=1.5299e+01 r2=1.4054e-02 r3=1.4432e-01 epsV=9.1529e-01 epsZ=9.3095e-01 
New pars ( 278): DC=1.5299e+01 r2=1.4054e-02 r3=1.4433e-01 epsV=9.1529e-01 epsZ=9.3095e-01 
New pars ( 279): DC=1.5299e+01 r2=1.4054e-02 r3=1.4431e-01 epsV=9.1529e-01 epsZ=9.3095e-01 
New pars ( 280): DC=1.5299e+01 r2=1.4054e-02 r3=1.4432e-01 epsV=9.1530e-01 epsZ=9.3095e-01 
New pars ( 281): DC=1.5292e+01 r2=1.4054e-02 r3=1.4366e-01 epsV=9.1324e-01 epsZ=9.3153e-01 
New pars ( 282): DC=1.5294e+01 r2=1.4054e-02 r3=1.4386e-01 epsV=9.1387e-01 epsZ=9.3135e-01 
New pars ( 283): DC=1.5295e+01 r2=1.4054e-02 r3=1.4386e-01 epsV=9.1387e-01 epsZ=9.3135e-01 
New pars ( 284): DC=1.5294e+01 r2=1.4054e-02 r3=1.4386e-01 epsV=9.1387e-01 epsZ=9.3135e-01 
New pars ( 285): DC=1.5294e+01 r2=1.4054e-02 r3=1.4387e-01 epsV=9.1387e-01 epsZ=9.3135e-01 
New pars ( 286): DC=1.5294e+01 r2=1.4054e-02 r3=1.4385e-01 epsV=9.1387e-01 epsZ=9.3135e-01 
New pars ( 287): DC=1.5294e+01 r2=1.4054e-02 r3=1.4386e-01 epsV=9.1389e-01 epsZ=9.3135e-01 
New pars ( 288): DC=1.5297e+01 r2=1.4054e-02 r3=1.4410e-01 epsV=9.1420e-01 epsZ=9.3154e-01 
New pars ( 289): DC=1.5298e+01 r2=1.4054e-02 r3=1.4418e-01 epsV=9.1430e-01 epsZ=9.3160e-01 
New pars ( 290): DC=1.5298e+01 r2=1.4054e-02 r3=1.4418e-01 epsV=9.1430e-01 epsZ=9.3160e-01 
New pars ( 291): DC=1.5297e+01 r2=1.4054e-02 r3=1.4418e-01 epsV=9.1430e-01 epsZ=9.3160e-01 
New pars ( 292): DC=1.5298e+01 r2=1.4054e-02 r3=1.4419e-01 epsV=9.1430e-01 epsZ=9.3160e-01 
New pars ( 293): DC=1.5298e+01 r2=1.4054e-02 r3=1.4417e-01 epsV=9.1430e-01 epsZ=9.3160e-01 
New pars ( 294): DC=1.5298e+01 r2=1.4054e-02 r3=1.4418e-01 epsV=9.1431e-01 epsZ=9.3160e-01 
New pars ( 295): DC=1.5298e+01 r2=1.4054e-02 r3=1.4419e-01 epsV=9.1436e-01 epsZ=9.3154e-01 
New pars ( 296): DC=1.5298e+01 r2=1.4054e-02 r3=1.4419e-01 epsV=9.1436e-01 epsZ=9.3154e-01 
New pars ( 297): DC=1.5297e+01 r2=1.4054e-02 r3=1.4419e-01 epsV=9.1436e-01 epsZ=9.3154e-01 
New pars ( 298): DC=1.5298e+01 r2=1.4054e-02 r3=1.4420e-01 epsV=9.1436e-01 epsZ=9.3154e-01 
New pars ( 299): DC=1.5298e+01 r2=1.4054e-02 r3=1.4419e-01 epsV=9.1436e-01 epsZ=9.3154e-01 
New pars ( 300): DC=1.5298e+01 r2=1.4054e-02 r3=1.4419e-01 epsV=9.1437e-01 epsZ=9.3154e-01 
New pars ( 301): DC=1.5298e+01 r2=1.4088e-02 r3=1.4419e-01 epsV=9.1436e-01 epsZ=9.3154e-01 
New pars ( 302): DC=1.5298e+01 r2=1.4088e-02 r3=1.4419e-01 epsV=9.1436e-01 epsZ=9.3154e-01 
New pars ( 303): DC=1.5297e+01 r2=1.4088e-02 r3=1.4419e-01 epsV=9.1436e-01 epsZ=9.3154e-01 
New pars ( 304): DC=1.5298e+01 r2=1.4088e-02 r3=1.4420e-01 epsV=9.1436e-01 epsZ=9.3154e-01 
New pars ( 305): DC=1.5298e+01 r2=1.4088e-02 r3=1.4419e-01 epsV=9.1436e-01 epsZ=9.3154e-01 
New pars ( 306): DC=1.5298e+01 r2=1.4088e-02 r3=1.4419e-01 epsV=9.1437e-01 epsZ=9.3154e-01 
New pars ( 307): DC=1.5299e+01 r2=1.4088e-02 r3=1.4430e-01 epsV=9.1485e-01 epsZ=9.3121e-01 
New pars ( 308): DC=1.5300e+01 r2=1.4088e-02 r3=1.4430e-01 epsV=9.1485e-01 epsZ=9.3121e-01 
New pars ( 309): DC=1.5299e+01 r2=1.4088e-02 r3=1.4430e-01 epsV=9.1485e-01 epsZ=9.3121e-01 
New pars ( 310): DC=1.5299e+01 r2=1.4088e-02 r3=1.4431e-01 epsV=9.1485e-01 epsZ=9.3121e-01 
New pars ( 311): DC=1.5299e+01 r2=1.4088e-02 r3=1.4429e-01 epsV=9.1485e-01 epsZ=9.3121e-01 
New pars ( 312): DC=1.5299e+01 r2=1.4088e-02 r3=1.4430e-01 epsV=9.1486e-01 epsZ=9.3121e-01 
New pars ( 313): DC=1.5201e+01 r2=1.1988e-02 r3=1.3737e-01 epsV=8.8153e-01 epsZ=9.5367e-01 
New pars ( 314): DC=1.5201e+01 r2=1.1988e-02 r3=1.3737e-01 epsV=8.8153e-01 epsZ=9.5367e-01 
New pars ( 315): DC=1.5200e+01 r2=1.1988e-02 r3=1.3737e-01 epsV=8.8153e-01 epsZ=9.5367e-01 
New pars ( 316): DC=1.5201e+01 r2=1.1988e-02 r3=1.3738e-01 epsV=8.8153e-01 epsZ=9.5367e-01 
New pars ( 317): DC=1.5201e+01 r2=1.1988e-02 r3=1.3737e-01 epsV=8.8153e-01 epsZ=9.5367e-01 
New pars ( 318): DC=1.5201e+01 r2=1.1988e-02 r3=1.3737e-01 epsV=8.8155e-01 epsZ=9.5367e-01 
New pars ( 319): DC=1.5210e+01 r2=1.1988e-02 r3=1.3824e-01 epsV=8.8243e-01 epsZ=9.5444e-01 
New pars ( 320): DC=1.5206e+01 r2=1.1988e-02 r3=1.3785e-01 epsV=8.8202e-01 epsZ=9.5409e-01 
New pars ( 321): DC=1.5206e+01 r2=1.1988e-02 r3=1.3785e-01 epsV=8.8202e-01 epsZ=9.5409e-01 
New pars ( 322): DC=1.5205e+01 r2=1.1988e-02 r3=1.3785e-01 epsV=8.8202e-01 epsZ=9.5409e-01 
New pars ( 323): DC=1.5206e+01 r2=1.1988e-02 r3=1.3785e-01 epsV=8.8202e-01 epsZ=9.5409e-01 
New pars ( 324): DC=1.5206e+01 r2=1.1988e-02 r3=1.3784e-01 epsV=8.8202e-01 epsZ=9.5409e-01 
New pars ( 325): DC=1.5206e+01 r2=1.1988e-02 r3=1.3785e-01 epsV=8.8203e-01 epsZ=9.5409e-01 
New pars ( 326): DC=1.5203e+01 r2=1.1988e-02 r3=1.3759e-01 epsV=8.8131e-01 epsZ=9.5430e-01 
New pars ( 327): DC=1.5200e+01 r2=1.1988e-02 r3=1.3732e-01 epsV=8.8055e-01 epsZ=9.5454e-01 
New pars ( 328): DC=1.5200e+01 r2=1.1988e-02 r3=1.3732e-01 epsV=8.8055e-01 epsZ=9.5454e-01 
New pars ( 329): DC=1.5199e+01 r2=1.1988e-02 r3=1.3732e-01 epsV=8.8055e-01 epsZ=9.5454e-01 
New pars ( 330): DC=1.5200e+01 r2=1.1988e-02 r3=1.3733e-01 epsV=8.8055e-01 epsZ=9.5454e-01 
New pars ( 331): DC=1.5200e+01 r2=1.1988e-02 r3=1.3731e-01 epsV=8.8055e-01 epsZ=9.5454e-01 
New pars ( 332): DC=1.5200e+01 r2=1.1988e-02 r3=1.3732e-01 epsV=8.8056e-01 epsZ=9.5454e-01 
New pars ( 333): DC=1.5199e+01 r2=1.1988e-02 r3=1.3726e-01 epsV=8.8050e-01 epsZ=9.5439e-01 
New pars ( 334): DC=1.5199e+01 r2=1.1988e-02 r3=1.3724e-01 epsV=8.8049e-01 epsZ=9.5435e-01 
New pars ( 335): DC=1.5200e+01 r2=1.1988e-02 r3=1.3724e-01 epsV=8.8049e-01 epsZ=9.5435e-01 
New pars ( 336): DC=1.5199e+01 r2=1.1988e-02 r3=1.3724e-01 epsV=8.8049e-01 epsZ=9.5435e-01 
New pars ( 337): DC=1.5199e+01 r2=1.1988e-02 r3=1.3725e-01 epsV=8.8049e-01 epsZ=9.5435e-01 
New pars ( 338): DC=1.5199e+01 r2=1.1988e-02 r3=1.3723e-01 epsV=8.8049e-01 epsZ=9.5435e-01 
New pars ( 339): DC=1.5199e+01 r2=1.1988e-02 r3=1.3724e-01 epsV=8.8051e-01 epsZ=9.5435e-01 
New pars ( 340): DC=1.5199e+01 r2=1.1988e-02 r3=1.3724e-01 epsV=8.8049e-01 epsZ=9.5434e-01 
New pars ( 341): DC=1.5200e+01 r2=1.1988e-02 r3=1.3724e-01 epsV=8.8049e-01 epsZ=9.5434e-01 
New pars ( 342): DC=1.5199e+01 r2=1.1988e-02 r3=1.3724e-01 epsV=8.8049e-01 epsZ=9.5434e-01 
New pars ( 343): DC=1.5199e+01 r2=1.1988e-02 r3=1.3725e-01 epsV=8.8049e-01 epsZ=9.5434e-01 
New pars ( 344): DC=1.5199e+01 r2=1.1988e-02 r3=1.3723e-01 epsV=8.8049e-01 epsZ=9.5434e-01 
New pars ( 345): DC=1.5199e+01 r2=1.1988e-02 r3=1.3724e-01 epsV=8.8051e-01 epsZ=9.5434e-01 
New pars ( 346): DC=1.5199e+01 r2=1.2025e-02 r3=1.3724e-01 epsV=8.8049e-01 epsZ=9.5434e-01 
New pars ( 347): DC=1.5200e+01 r2=1.2025e-02 r3=1.3724e-01 epsV=8.8049e-01 epsZ=9.5434e-01 
New pars ( 348): DC=1.5199e+01 r2=1.2025e-02 r3=1.3724e-01 epsV=8.8049e-01 epsZ=9.5434e-01 
New pars ( 349): DC=1.5199e+01 r2=1.2025e-02 r3=1.3725e-01 epsV=8.8049e-01 epsZ=9.5434e-01 
New pars ( 350): DC=1.5199e+01 r2=1.2025e-02 r3=1.3723e-01 epsV=8.8049e-01 epsZ=9.5434e-01 
New pars ( 351): DC=1.5199e+01 r2=1.2025e-02 r3=1.3724e-01 epsV=8.8051e-01 epsZ=9.5434e-01 
New pars ( 352): DC=1.5201e+01 r2=1.2025e-02 r3=1.3737e-01 epsV=8.8115e-01 epsZ=9.5389e-01 
New pars ( 353): DC=1.5201e+01 r2=1.2025e-02 r3=1.3737e-01 epsV=8.8115e-01 epsZ=9.5389e-01 
New pars ( 354): DC=1.5200e+01 r2=1.2025e-02 r3=1.3737e-01 epsV=8.8115e-01 epsZ=9.5389e-01 
New pars ( 355): DC=1.5201e+01 r2=1.2025e-02 r3=1.3738e-01 epsV=8.8115e-01 epsZ=9.5389e-01 
New pars ( 356): DC=1.5201e+01 r2=1.2025e-02 r3=1.3736e-01 epsV=8.8115e-01 epsZ=9.5389e-01 
New pars ( 357): DC=1.5201e+01 r2=1.2025e-02 r3=1.3737e-01 epsV=8.8117e-01 epsZ=9.5389e-01 
New pars ( 358): DC=1.5201e+01 r2=1.2025e-02 r3=1.3738e-01 epsV=8.8118e-01 epsZ=9.5388e-01 
New pars ( 359): DC=1.5201e+01 r2=1.2025e-02 r3=1.3738e-01 epsV=8.8118e-01 epsZ=9.5388e-01 
New pars ( 360): DC=1.5200e+01 r2=1.2025e-02 r3=1.3738e-01 epsV=8.8118e-01 epsZ=9.5388e-01 
New pars ( 361): DC=1.5201e+01 r2=1.2025e-02 r3=1.3738e-01 epsV=8.8118e-01 epsZ=9.5388e-01 
New pars ( 362): DC=1.5201e+01 r2=1.2025e-02 r3=1.3737e-01 epsV=8.8118e-01 epsZ=9.5388e-01 
New pars ( 363): DC=1.5201e+01 r2=1.2025e-02 r3=1.3738e-01 epsV=8.8119e-01 epsZ=9.5388e-01 
New pars ( 364): DC=1.5305e+01 r2=1.3771e-02 r3=1.4563e-01 epsV=9.1494e-01 epsZ=9.3437e-01 
New pars ( 365): DC=1.5306e+01 r2=1.3771e-02 r3=1.4563e-01 epsV=9.1494e-01 epsZ=9.3437e-01 
New pars ( 366): DC=1.5305e+01 r2=1.3771e-02 r3=1.4563e-01 epsV=9.1494e-01 epsZ=9.3437e-01 
New pars ( 367): DC=1.5305e+01 r2=1.3775e-02 r3=1.4563e-01 epsV=9.1494e-01 epsZ=9.3437e-01 
New pars ( 368): DC=1.5305e+01 r2=1.3768e-02 r3=1.4563e-01 epsV=9.1494e-01 epsZ=9.3437e-01 
New pars ( 369): DC=1.5305e+01 r2=1.3771e-02 r3=1.4563e-01 epsV=9.1496e-01 epsZ=9.3437e-01 
New pars ( 370): DC=1.5302e+01 r2=1.3712e-02 r3=1.4563e-01 epsV=9.1359e-01 epsZ=9.3546e-01 
New pars ( 371): DC=1.5302e+01 r2=1.3720e-02 r3=1.4563e-01 epsV=9.1377e-01 epsZ=9.3531e-01 
New pars ( 372): DC=1.5303e+01 r2=1.3720e-02 r3=1.4563e-01 epsV=9.1377e-01 epsZ=9.3531e-01 
New pars ( 373): DC=1.5302e+01 r2=1.3720e-02 r3=1.4563e-01 epsV=9.1377e-01 epsZ=9.3531e-01 
New pars ( 374): DC=1.5302e+01 r2=1.3724e-02 r3=1.4563e-01 epsV=9.1377e-01 epsZ=9.3531e-01 
New pars ( 375): DC=1.5302e+01 r2=1.3716e-02 r3=1.4563e-01 epsV=9.1377e-01 epsZ=9.3531e-01 
New pars ( 376): DC=1.5302e+01 r2=1.3720e-02 r3=1.4563e-01 epsV=9.1378e-01 epsZ=9.3531e-01 
New pars ( 377): DC=1.5305e+01 r2=1.3775e-02 r3=1.4563e-01 epsV=9.1432e-01 epsZ=9.3470e-01 
New pars ( 378): DC=1.5305e+01 r2=1.3783e-02 r3=1.4563e-01 epsV=9.1440e-01 epsZ=9.3461e-01 
New pars ( 379): DC=1.5306e+01 r2=1.3783e-02 r3=1.4563e-01 epsV=9.1440e-01 epsZ=9.3461e-01 
New pars ( 380): DC=1.5305e+01 r2=1.3783e-02 r3=1.4563e-01 epsV=9.1440e-01 epsZ=9.3461e-01 
New pars ( 381): DC=1.5305e+01 r2=1.3787e-02 r3=1.4563e-01 epsV=9.1440e-01 epsZ=9.3461e-01 
New pars ( 382): DC=1.5305e+01 r2=1.3779e-02 r3=1.4563e-01 epsV=9.1440e-01 epsZ=9.3461e-01 
New pars ( 383): DC=1.5305e+01 r2=1.3783e-02 r3=1.4563e-01 epsV=9.1441e-01 epsZ=9.3461e-01 
New pars ( 384): DC=1.5305e+01 r2=1.3786e-02 r3=1.4563e-01 epsV=9.1440e-01 epsZ=9.3463e-01 
New pars ( 385): DC=1.5306e+01 r2=1.3786e-02 r3=1.4563e-01 epsV=9.1440e-01 epsZ=9.3463e-01 
New pars ( 386): DC=1.5305e+01 r2=1.3786e-02 r3=1.4563e-01 epsV=9.1440e-01 epsZ=9.3463e-01 
New pars ( 387): DC=1.5305e+01 r2=1.3790e-02 r3=1.4563e-01 epsV=9.1440e-01 epsZ=9.3463e-01 
New pars ( 388): DC=1.5305e+01 r2=1.3782e-02 r3=1.4563e-01 epsV=9.1440e-01 epsZ=9.3463e-01 
New pars ( 389): DC=1.5305e+01 r2=1.3786e-02 r3=1.4563e-01 epsV=9.1441e-01 epsZ=9.3463e-01 
New pars ( 390): DC=1.5195e+01 r2=1.2271e-02 r3=1.3607e-01 epsV=8.8188e-01 epsZ=9.5025e-01 
New pars ( 391): DC=1.5195e+01 r2=1.2271e-02 r3=1.3607e-01 epsV=8.8188e-01 epsZ=9.5025e-01 
New pars ( 392): DC=1.5194e+01 r2=1.2271e-02 r3=1.3607e-01 epsV=8.8188e-01 epsZ=9.5025e-01 
New pars ( 393): DC=1.5195e+01 r2=1.2275e-02 r3=1.3607e-01 epsV=8.8188e-01 epsZ=9.5025e-01 
New pars ( 394): DC=1.5195e+01 r2=1.2267e-02 r3=1.3607e-01 epsV=8.8188e-01 epsZ=9.5025e-01 
New pars ( 395): DC=1.5195e+01 r2=1.2271e-02 r3=1.3607e-01 epsV=8.8189e-01 epsZ=9.5025e-01 
New pars ( 396): DC=1.5202e+01 r2=1.2443e-02 r3=1.3607e-01 epsV=8.8287e-01 epsZ=9.4891e-01 
New pars ( 397): DC=1.5200e+01 r2=1.2402e-02 r3=1.3607e-01 epsV=8.8263e-01 epsZ=9.4923e-01 
New pars ( 398): DC=1.5201e+01 r2=1.2402e-02 r3=1.3607e-01 epsV=8.8263e-01 epsZ=9.4923e-01 
New pars ( 399): DC=1.5200e+01 r2=1.2402e-02 r3=1.3607e-01 epsV=8.8263e-01 epsZ=9.4923e-01 
New pars ( 400): DC=1.5200e+01 r2=1.2405e-02 r3=1.3607e-01 epsV=8.8263e-01 epsZ=9.4923e-01 
New pars ( 401): DC=1.5200e+01 r2=1.2398e-02 r3=1.3607e-01 epsV=8.8263e-01 epsZ=9.4923e-01 
New pars ( 402): DC=1.5200e+01 r2=1.2402e-02 r3=1.3607e-01 epsV=8.8265e-01 epsZ=9.4923e-01 
New pars ( 403): DC=1.5197e+01 r2=1.2316e-02 r3=1.3607e-01 epsV=8.8174e-01 epsZ=9.5007e-01 
New pars ( 404): DC=1.5197e+01 r2=1.2294e-02 r3=1.3607e-01 epsV=8.8151e-01 epsZ=9.5029e-01 
New pars ( 405): DC=1.5197e+01 r2=1.2294e-02 r3=1.3607e-01 epsV=8.8151e-01 epsZ=9.5029e-01 
New pars ( 406): DC=1.5196e+01 r2=1.2294e-02 r3=1.3607e-01 epsV=8.8151e-01 epsZ=9.5029e-01 
New pars ( 407): DC=1.5197e+01 r2=1.2297e-02 r3=1.3607e-01 epsV=8.8151e-01 epsZ=9.5029e-01 
New pars ( 408): DC=1.5197e+01 r2=1.2290e-02 r3=1.3607e-01 epsV=8.8151e-01 epsZ=9.5029e-01 
New pars ( 409): DC=1.5197e+01 r2=1.2294e-02 r3=1.3607e-01 epsV=8.8152e-01 epsZ=9.5029e-01 
New pars ( 410): DC=1.5195e+01 r2=1.2289e-02 r3=1.3607e-01 epsV=8.8136e-01 epsZ=9.5044e-01 
New pars ( 411): DC=1.5195e+01 r2=1.2288e-02 r3=1.3607e-01 epsV=8.8134e-01 epsZ=9.5046e-01 
New pars ( 412): DC=1.5195e+01 r2=1.2288e-02 r3=1.3607e-01 epsV=8.8134e-01 epsZ=9.5046e-01 
New pars ( 413): DC=1.5194e+01 r2=1.2288e-02 r3=1.3607e-01 epsV=8.8134e-01 epsZ=9.5046e-01 
New pars ( 414): DC=1.5195e+01 r2=1.2292e-02 r3=1.3607e-01 epsV=8.8134e-01 epsZ=9.5046e-01 
New pars ( 415): DC=1.5195e+01 r2=1.2285e-02 r3=1.3607e-01 epsV=8.8134e-01 epsZ=9.5046e-01 
New pars ( 416): DC=1.5195e+01 r2=1.2288e-02 r3=1.3607e-01 epsV=8.8136e-01 epsZ=9.5046e-01 
New pars ( 417): DC=1.5195e+01 r2=1.2287e-02 r3=1.3607e-01 epsV=8.8132e-01 epsZ=9.5049e-01 
New pars ( 418): DC=1.5195e+01 r2=1.2287e-02 r3=1.3607e-01 epsV=8.8132e-01 epsZ=9.5050e-01 
New pars ( 419): DC=1.5195e+01 r2=1.2287e-02 r3=1.3607e-01 epsV=8.8132e-01 epsZ=9.5050e-01 
New pars ( 420): DC=1.5194e+01 r2=1.2287e-02 r3=1.3607e-01 epsV=8.8132e-01 epsZ=9.5050e-01 
New pars ( 421): DC=1.5195e+01 r2=1.2290e-02 r3=1.3607e-01 epsV=8.8132e-01 epsZ=9.5050e-01 
New pars ( 422): DC=1.5195e+01 r2=1.2283e-02 r3=1.3607e-01 epsV=8.8132e-01 epsZ=9.5050e-01 
New pars ( 423): DC=1.5195e+01 r2=1.2287e-02 r3=1.3607e-01 epsV=8.8134e-01 epsZ=9.5050e-01 
 PARAMETER NUMBER   7 NOT A VARIABLE. IGNORED.
 THERE ARE NO MINOS ERRORS TO CALCULATE.
 PARAMETER NUMBER   8 NOT A VARIABLE. IGNORED.
 THERE ARE NO MINOS ERRORS TO CALCULATE.
 PARAMETER NUMBER   9 NOT A VARIABLE. IGNORED.
 THERE ARE NO MINOS ERRORS TO CALCULATE.
 PARAMETER NUMBER  10 NOT A VARIABLE. IGNORED.
 THERE ARE NO MINOS ERRORS TO CALCULATE.
New pars ( 424): DC=1.5307e+01 r2=1.3977e-02 r3=1.4518e-01 epsV=9.1666e-01 epsZ=9.3126e-01 
New pars ( 425): DC=1.5307e+01 r2=1.3977e-02 r3=1.4518e-01 epsV=9.1666e-01 epsZ=9.3126e-01 
New pars ( 426): DC=1.5306e+01 r2=1.3977e-02 r3=1.4518e-01 epsV=9.1666e-01 epsZ=9.3126e-01 
New pars ( 427): DC=1.5307e+01 r2=1.3980e-02 r3=1.4518e-01 epsV=9.1666e-01 epsZ=9.3126e-01 
New pars ( 428): DC=1.5307e+01 r2=1.3973e-02 r3=1.4518e-01 epsV=9.1666e-01 epsZ=9.3126e-01 
New pars ( 429): DC=1.5307e+01 r2=1.3977e-02 r3=1.4519e-01 epsV=9.1666e-01 epsZ=9.3126e-01 
New pars ( 430): DC=1.5307e+01 r2=1.3977e-02 r3=1.4517e-01 epsV=9.1666e-01 epsZ=9.3126e-01 
New pars ( 431): DC=1.5307e+01 r2=1.3977e-02 r3=1.4518e-01 epsV=9.1666e-01 epsZ=9.3128e-01 
New pars ( 432): DC=1.5306e+01 r2=1.4057e-02 r3=1.4509e-01 epsV=9.1666e-01 epsZ=9.3062e-01 
New pars ( 433): DC=1.5307e+01 r2=1.4057e-02 r3=1.4509e-01 epsV=9.1666e-01 epsZ=9.3062e-01 
New pars ( 434): DC=1.5306e+01 r2=1.4057e-02 r3=1.4509e-01 epsV=9.1666e-01 epsZ=9.3062e-01 
New pars ( 435): DC=1.5306e+01 r2=1.4061e-02 r3=1.4509e-01 epsV=9.1666e-01 epsZ=9.3062e-01 
New pars ( 436): DC=1.5306e+01 r2=1.4053e-02 r3=1.4509e-01 epsV=9.1666e-01 epsZ=9.3062e-01 
New pars ( 437): DC=1.5306e+01 r2=1.4057e-02 r3=1.4510e-01 epsV=9.1666e-01 epsZ=9.3062e-01 
New pars ( 438): DC=1.5306e+01 r2=1.4057e-02 r3=1.4508e-01 epsV=9.1666e-01 epsZ=9.3062e-01 
New pars ( 439): DC=1.5306e+01 r2=1.4057e-02 r3=1.4509e-01 epsV=9.1666e-01 epsZ=9.3064e-01 
New pars ( 440): DC=1.5309e+01 r2=1.4047e-02 r3=1.4526e-01 epsV=9.1666e-01 epsZ=9.3114e-01 
New pars ( 441): DC=1.5309e+01 r2=1.4047e-02 r3=1.4526e-01 epsV=9.1666e-01 epsZ=9.3114e-01 
New pars ( 442): DC=1.5308e+01 r2=1.4047e-02 r3=1.4526e-01 epsV=9.1666e-01 epsZ=9.3114e-01 
New pars ( 443): DC=1.5309e+01 r2=1.4051e-02 r3=1.4526e-01 epsV=9.1666e-01 epsZ=9.3114e-01 
New pars ( 444): DC=1.5309e+01 r2=1.4043e-02 r3=1.4526e-01 epsV=9.1666e-01 epsZ=9.3114e-01 
New pars ( 445): DC=1.5309e+01 r2=1.4047e-02 r3=1.4527e-01 epsV=9.1666e-01 epsZ=9.3114e-01 
New pars ( 446): DC=1.5309e+01 r2=1.4047e-02 r3=1.4526e-01 epsV=9.1666e-01 epsZ=9.3114e-01 
New pars ( 447): DC=1.5309e+01 r2=1.4047e-02 r3=1.4526e-01 epsV=9.1666e-01 epsZ=9.3116e-01 
New pars ( 448): DC=1.5309e+01 r2=1.4044e-02 r3=1.4528e-01 epsV=9.1666e-01 epsZ=9.3117e-01 
New pars ( 449): DC=1.5309e+01 r2=1.4044e-02 r3=1.4528e-01 epsV=9.1666e-01 epsZ=9.3117e-01 
New pars ( 450): DC=1.5309e+01 r2=1.4044e-02 r3=1.4528e-01 epsV=9.1666e-01 epsZ=9.3117e-01 
New pars ( 451): DC=1.5308e+01 r2=1.4044e-02 r3=1.4528e-01 epsV=9.1666e-01 epsZ=9.3117e-01 
New pars ( 452): DC=1.5309e+01 r2=1.4048e-02 r3=1.4528e-01 epsV=9.1666e-01 epsZ=9.3117e-01 
New pars ( 453): DC=1.5309e+01 r2=1.4040e-02 r3=1.4528e-01 epsV=9.1666e-01 epsZ=9.3117e-01 
New pars ( 454): DC=1.5309e+01 r2=1.4044e-02 r3=1.4529e-01 epsV=9.1666e-01 epsZ=9.3117e-01 
New pars ( 455): DC=1.5309e+01 r2=1.4044e-02 r3=1.4527e-01 epsV=9.1666e-01 epsZ=9.3117e-01 
New pars ( 456): DC=1.5309e+01 r2=1.4044e-02 r3=1.4528e-01 epsV=9.1666e-01 epsZ=9.3120e-01 
New pars ( 457): DC=1.5309e+01 r2=1.4044e-02 r3=1.4528e-01 epsV=9.1607e-01 epsZ=9.3117e-01 
New pars ( 458): DC=1.5308e+01 r2=1.4044e-02 r3=1.4528e-01 epsV=9.1607e-01 epsZ=9.3117e-01 
New pars ( 459): DC=1.5309e+01 r2=1.4048e-02 r3=1.4528e-01 epsV=9.1607e-01 epsZ=9.3117e-01 
New pars ( 460): DC=1.5309e+01 r2=1.4040e-02 r3=1.4528e-01 epsV=9.1607e-01 epsZ=9.3117e-01 
New pars ( 461): DC=1.5309e+01 r2=1.4044e-02 r3=1.4529e-01 epsV=9.1607e-01 epsZ=9.3117e-01 
New pars ( 462): DC=1.5309e+01 r2=1.4044e-02 r3=1.4527e-01 epsV=9.1607e-01 epsZ=9.3117e-01 
New pars ( 463): DC=1.5309e+01 r2=1.4044e-02 r3=1.4528e-01 epsV=9.1607e-01 epsZ=9.3120e-01 
New pars ( 464): DC=1.5307e+01 r2=1.4010e-02 r3=1.4512e-01 epsV=9.1607e-01 epsZ=9.3151e-01 
New pars ( 465): DC=1.5307e+01 r2=1.4010e-02 r3=1.4512e-01 epsV=9.1607e-01 epsZ=9.3151e-01 
New pars ( 466): DC=1.5306e+01 r2=1.4010e-02 r3=1.4512e-01 epsV=9.1607e-01 epsZ=9.3151e-01 
New pars ( 467): DC=1.5307e+01 r2=1.4014e-02 r3=1.4512e-01 epsV=9.1607e-01 epsZ=9.3151e-01 
New pars ( 468): DC=1.5307e+01 r2=1.4006e-02 r3=1.4512e-01 epsV=9.1607e-01 epsZ=9.3151e-01 
New pars ( 469): DC=1.5307e+01 r2=1.4010e-02 r3=1.4513e-01 epsV=9.1607e-01 epsZ=9.3151e-01 
New pars ( 470): DC=1.5307e+01 r2=1.4010e-02 r3=1.4512e-01 epsV=9.1607e-01 epsZ=9.3151e-01 
New pars ( 471): DC=1.5307e+01 r2=1.4010e-02 r3=1.4512e-01 epsV=9.1607e-01 epsZ=9.3153e-01 
New pars ( 472): DC=1.5307e+01 r2=1.4009e-02 r3=1.4514e-01 epsV=9.1607e-01 epsZ=9.3153e-01 
New pars ( 473): DC=1.5307e+01 r2=1.4009e-02 r3=1.4514e-01 epsV=9.1607e-01 epsZ=9.3153e-01 
New pars ( 474): DC=1.5306e+01 r2=1.4009e-02 r3=1.4514e-01 epsV=9.1607e-01 epsZ=9.3153e-01 
New pars ( 475): DC=1.5307e+01 r2=1.4013e-02 r3=1.4514e-01 epsV=9.1607e-01 epsZ=9.3153e-01 
New pars ( 476): DC=1.5307e+01 r2=1.4005e-02 r3=1.4514e-01 epsV=9.1607e-01 epsZ=9.3153e-01 
New pars ( 477): DC=1.5307e+01 r2=1.4009e-02 r3=1.4514e-01 epsV=9.1607e-01 epsZ=9.3153e-01 
New pars ( 478): DC=1.5307e+01 r2=1.4009e-02 r3=1.4513e-01 epsV=9.1607e-01 epsZ=9.3153e-01 
New pars ( 479): DC=1.5307e+01 r2=1.4009e-02 r3=1.4514e-01 epsV=9.1607e-01 epsZ=9.3155e-01 
New pars ( 480): DC=1.5193e+01 r2=1.2066e-02 r3=1.3652e-01 epsV=8.8016e-01 epsZ=9.5336e-01 
New pars ( 481): DC=1.5194e+01 r2=1.2066e-02 r3=1.3652e-01 epsV=8.8016e-01 epsZ=9.5336e-01 
New pars ( 482): DC=1.5193e+01 r2=1.2066e-02 r3=1.3652e-01 epsV=8.8016e-01 epsZ=9.5336e-01 
New pars ( 483): DC=1.5193e+01 r2=1.2069e-02 r3=1.3652e-01 epsV=8.8016e-01 epsZ=9.5336e-01 
New pars ( 484): DC=1.5193e+01 r2=1.2062e-02 r3=1.3652e-01 epsV=8.8016e-01 epsZ=9.5336e-01 
New pars ( 485): DC=1.5193e+01 r2=1.2066e-02 r3=1.3652e-01 epsV=8.8016e-01 epsZ=9.5336e-01 
New pars ( 486): DC=1.5193e+01 r2=1.2066e-02 r3=1.3651e-01 epsV=8.8016e-01 epsZ=9.5336e-01 
New pars ( 487): DC=1.5193e+01 r2=1.2066e-02 r3=1.3652e-01 epsV=8.8016e-01 epsZ=9.5338e-01 
New pars ( 488): DC=1.5199e+01 r2=1.2099e-02 r3=1.3700e-01 epsV=8.8016e-01 epsZ=9.5434e-01 
New pars ( 489): DC=1.5197e+01 r2=1.2089e-02 r3=1.3685e-01 epsV=8.8016e-01 epsZ=9.5405e-01 
New pars ( 490): DC=1.5198e+01 r2=1.2089e-02 r3=1.3685e-01 epsV=8.8016e-01 epsZ=9.5405e-01 
New pars ( 491): DC=1.5197e+01 r2=1.2089e-02 r3=1.3685e-01 epsV=8.8016e-01 epsZ=9.5405e-01 
New pars ( 492): DC=1.5197e+01 r2=1.2093e-02 r3=1.3685e-01 epsV=8.8016e-01 epsZ=9.5405e-01 
New pars ( 493): DC=1.5197e+01 r2=1.2085e-02 r3=1.3685e-01 epsV=8.8016e-01 epsZ=9.5405e-01 
New pars ( 494): DC=1.5197e+01 r2=1.2089e-02 r3=1.3686e-01 epsV=8.8016e-01 epsZ=9.5405e-01 
New pars ( 495): DC=1.5197e+01 r2=1.2089e-02 r3=1.3685e-01 epsV=8.8016e-01 epsZ=9.5405e-01 
New pars ( 496): DC=1.5197e+01 r2=1.2089e-02 r3=1.3685e-01 epsV=8.8016e-01 epsZ=9.5407e-01 
New pars ( 497): DC=1.5195e+01 r2=1.2125e-02 r3=1.3666e-01 epsV=8.8016e-01 epsZ=9.5350e-01 
New pars ( 498): DC=1.5195e+01 r2=1.2132e-02 r3=1.3662e-01 epsV=8.8016e-01 epsZ=9.5339e-01 
New pars ( 499): DC=1.5195e+01 r2=1.2132e-02 r3=1.3662e-01 epsV=8.8016e-01 epsZ=9.5339e-01 
New pars ( 500): DC=1.5194e+01 r2=1.2132e-02 r3=1.3662e-01 epsV=8.8016e-01 epsZ=9.5339e-01 
New pars ( 501): DC=1.5195e+01 r2=1.2136e-02 r3=1.3662e-01 epsV=8.8016e-01 epsZ=9.5339e-01 
New pars ( 502): DC=1.5195e+01 r2=1.2129e-02 r3=1.3662e-01 epsV=8.8016e-01 epsZ=9.5339e-01 
New pars ( 503): DC=1.5195e+01 r2=1.2132e-02 r3=1.3663e-01 epsV=8.8016e-01 epsZ=9.5339e-01 
New pars ( 504): DC=1.5195e+01 r2=1.2132e-02 r3=1.3662e-01 epsV=8.8016e-01 epsZ=9.5339e-01 
New pars ( 505): DC=1.5195e+01 r2=1.2132e-02 r3=1.3662e-01 epsV=8.8016e-01 epsZ=9.5341e-01 
New pars ( 506): DC=1.5195e+01 r2=1.2125e-02 r3=1.3661e-01 epsV=8.8016e-01 epsZ=9.5328e-01 
New pars ( 507): DC=1.5195e+01 r2=1.2125e-02 r3=1.3661e-01 epsV=8.8016e-01 epsZ=9.5328e-01 
New pars ( 508): DC=1.5194e+01 r2=1.2125e-02 r3=1.3661e-01 epsV=8.8016e-01 epsZ=9.5328e-01 
New pars ( 509): DC=1.5195e+01 r2=1.2129e-02 r3=1.3661e-01 epsV=8.8016e-01 epsZ=9.5328e-01 
New pars ( 510): DC=1.5195e+01 r2=1.2122e-02 r3=1.3661e-01 epsV=8.8016e-01 epsZ=9.5328e-01 
New pars ( 511): DC=1.5195e+01 r2=1.2125e-02 r3=1.3662e-01 epsV=8.8016e-01 epsZ=9.5328e-01 
New pars ( 512): DC=1.5195e+01 r2=1.2125e-02 r3=1.3660e-01 epsV=8.8016e-01 epsZ=9.5328e-01 
New pars ( 513): DC=1.5195e+01 r2=1.2125e-02 r3=1.3661e-01 epsV=8.8016e-01 epsZ=9.5330e-01 
New pars ( 514): DC=1.5195e+01 r2=1.2125e-02 r3=1.3661e-01 epsV=8.7964e-01 epsZ=9.5328e-01 
New pars ( 515): DC=1.5194e+01 r2=1.2125e-02 r3=1.3661e-01 epsV=8.7964e-01 epsZ=9.5328e-01 
New pars ( 516): DC=1.5195e+01 r2=1.2129e-02 r3=1.3661e-01 epsV=8.7964e-01 epsZ=9.5328e-01 
New pars ( 517): DC=1.5195e+01 r2=1.2122e-02 r3=1.3661e-01 epsV=8.7964e-01 epsZ=9.5328e-01 
New pars ( 518): DC=1.5195e+01 r2=1.2125e-02 r3=1.3662e-01 epsV=8.7964e-01 epsZ=9.5328e-01 
New pars ( 519): DC=1.5195e+01 r2=1.2125e-02 r3=1.3660e-01 epsV=8.7964e-01 epsZ=9.5328e-01 
New pars ( 520): DC=1.5195e+01 r2=1.2125e-02 r3=1.3661e-01 epsV=8.7964e-01 epsZ=9.5330e-01 
New pars ( 521): DC=1.5193e+01 r2=1.2103e-02 r3=1.3648e-01 epsV=8.7964e-01 epsZ=9.5356e-01 
New pars ( 522): DC=1.5194e+01 r2=1.2103e-02 r3=1.3648e-01 epsV=8.7964e-01 epsZ=9.5356e-01 
New pars ( 523): DC=1.5193e+01 r2=1.2103e-02 r3=1.3648e-01 epsV=8.7964e-01 epsZ=9.5356e-01 
New pars ( 524): DC=1.5193e+01 r2=1.2106e-02 r3=1.3648e-01 epsV=8.7964e-01 epsZ=9.5356e-01 
New pars ( 525): DC=1.5193e+01 r2=1.2099e-02 r3=1.3648e-01 epsV=8.7964e-01 epsZ=9.5356e-01 
New pars ( 526): DC=1.5193e+01 r2=1.2103e-02 r3=1.3649e-01 epsV=8.7964e-01 epsZ=9.5356e-01 
New pars ( 527): DC=1.5193e+01 r2=1.2103e-02 r3=1.3647e-01 epsV=8.7964e-01 epsZ=9.5356e-01 
New pars ( 528): DC=1.5193e+01 r2=1.2103e-02 r3=1.3648e-01 epsV=8.7964e-01 epsZ=9.5359e-01 
New pars ( 529): DC=1.5193e+01 r2=1.2101e-02 r3=1.3649e-01 epsV=8.7964e-01 epsZ=9.5359e-01 
New pars ( 530): DC=1.5194e+01 r2=1.2101e-02 r3=1.3649e-01 epsV=8.7964e-01 epsZ=9.5359e-01 
New pars ( 531): DC=1.5193e+01 r2=1.2101e-02 r3=1.3649e-01 epsV=8.7964e-01 epsZ=9.5359e-01 
New pars ( 532): DC=1.5193e+01 r2=1.2104e-02 r3=1.3649e-01 epsV=8.7964e-01 epsZ=9.5359e-01 
New pars ( 533): DC=1.5193e+01 r2=1.2097e-02 r3=1.3649e-01 epsV=8.7964e-01 epsZ=9.5359e-01 
New pars ( 534): DC=1.5193e+01 r2=1.2101e-02 r3=1.3650e-01 epsV=8.7964e-01 epsZ=9.5359e-01 
New pars ( 535): DC=1.5193e+01 r2=1.2101e-02 r3=1.3648e-01 epsV=8.7964e-01 epsZ=9.5359e-01 
New pars ( 536): DC=1.5193e+01 r2=1.2101e-02 r3=1.3649e-01 epsV=8.7964e-01 epsZ=9.5362e-01 
 PARAMETER NUMBER  12 NOT A VARIABLE. IGNORED.
 THERE ARE NO MINOS ERRORS TO CALCULATE.
 PARAMETER NUMBER  13 NOT A VARIABLE. IGNORED.
 THERE ARE NO MINOS ERRORS TO CALCULATE.
 PARAMETER NUMBER  14 NOT A VARIABLE. IGNORED.
 THERE ARE NO MINOS ERRORS TO CALCULATE.
New pars ( 537): DC=1.5218e+01 r2=1.2080e-02 r3=1.3780e-01 epsV=8.8224e-01 epsZ=9.5478e-01 
New pars ( 538): DC=1.5218e+01 r2=1.2080e-02 r3=1.3780e-01 epsV=8.8224e-01 epsZ=9.5478e-01 
New pars ( 539): DC=1.5217e+01 r2=1.2080e-02 r3=1.3780e-01 epsV=8.8224e-01 epsZ=9.5478e-01 
New pars ( 540): DC=1.5218e+01 r2=1.2083e-02 r3=1.3780e-01 epsV=8.8224e-01 epsZ=9.5478e-01 
New pars ( 541): DC=1.5218e+01 r2=1.2076e-02 r3=1.3780e-01 epsV=8.8224e-01 epsZ=9.5478e-01 
New pars ( 542): DC=1.5218e+01 r2=1.2080e-02 r3=1.3781e-01 epsV=8.8224e-01 epsZ=9.5478e-01 
New pars ( 543): DC=1.5218e+01 r2=1.2080e-02 r3=1.3780e-01 epsV=8.8224e-01 epsZ=9.5478e-01 
New pars ( 544): DC=1.5218e+01 r2=1.2080e-02 r3=1.3780e-01 epsV=8.8225e-01 epsZ=9.5478e-01 
New pars ( 545): DC=1.5226e+01 r2=1.2168e-02 r3=1.3830e-01 epsV=8.8329e-01 epsZ=9.5478e-01 
New pars ( 546): DC=1.5223e+01 r2=1.2142e-02 r3=1.3816e-01 epsV=8.8298e-01 epsZ=9.5478e-01 
New pars ( 547): DC=1.5224e+01 r2=1.2142e-02 r3=1.3816e-01 epsV=8.8298e-01 epsZ=9.5478e-01 
New pars ( 548): DC=1.5223e+01 r2=1.2142e-02 r3=1.3816e-01 epsV=8.8298e-01 epsZ=9.5478e-01 
New pars ( 549): DC=1.5223e+01 r2=1.2146e-02 r3=1.3816e-01 epsV=8.8298e-01 epsZ=9.5478e-01 
New pars ( 550): DC=1.5223e+01 r2=1.2139e-02 r3=1.3816e-01 epsV=8.8298e-01 epsZ=9.5478e-01 
New pars ( 551): DC=1.5223e+01 r2=1.2142e-02 r3=1.3817e-01 epsV=8.8298e-01 epsZ=9.5478e-01 
New pars ( 552): DC=1.5223e+01 r2=1.2142e-02 r3=1.3815e-01 epsV=8.8298e-01 epsZ=9.5478e-01 
New pars ( 553): DC=1.5223e+01 r2=1.2142e-02 r3=1.3816e-01 epsV=8.8300e-01 epsZ=9.5478e-01 
New pars ( 554): DC=1.5219e+01 r2=1.2134e-02 r3=1.3789e-01 epsV=8.8233e-01 epsZ=9.5478e-01 
New pars ( 555): DC=1.5218e+01 r2=1.2130e-02 r3=1.3778e-01 epsV=8.8208e-01 epsZ=9.5478e-01 
New pars ( 556): DC=1.5218e+01 r2=1.2130e-02 r3=1.3778e-01 epsV=8.8208e-01 epsZ=9.5478e-01 
New pars ( 557): DC=1.5217e+01 r2=1.2130e-02 r3=1.3778e-01 epsV=8.8208e-01 epsZ=9.5478e-01 
New pars ( 558): DC=1.5218e+01 r2=1.2134e-02 r3=1.3778e-01 epsV=8.8208e-01 epsZ=9.5478e-01 
New pars ( 559): DC=1.5218e+01 r2=1.2127e-02 r3=1.3778e-01 epsV=8.8208e-01 epsZ=9.5478e-01 
New pars ( 560): DC=1.5218e+01 r2=1.2130e-02 r3=1.3779e-01 epsV=8.8208e-01 epsZ=9.5478e-01 
New pars ( 561): DC=1.5218e+01 r2=1.2130e-02 r3=1.3778e-01 epsV=8.8208e-01 epsZ=9.5478e-01 
New pars ( 562): DC=1.5218e+01 r2=1.2130e-02 r3=1.3778e-01 epsV=8.8209e-01 epsZ=9.5478e-01 
New pars ( 563): DC=1.5217e+01 r2=1.2124e-02 r3=1.3778e-01 epsV=8.8203e-01 epsZ=9.5478e-01 
New pars ( 564): DC=1.5218e+01 r2=1.2124e-02 r3=1.3778e-01 epsV=8.8203e-01 epsZ=9.5478e-01 
New pars ( 565): DC=1.5217e+01 r2=1.2124e-02 r3=1.3778e-01 epsV=8.8203e-01 epsZ=9.5478e-01 
New pars ( 566): DC=1.5217e+01 r2=1.2128e-02 r3=1.3778e-01 epsV=8.8203e-01 epsZ=9.5478e-01 
New pars ( 567): DC=1.5217e+01 r2=1.2121e-02 r3=1.3778e-01 epsV=8.8203e-01 epsZ=9.5478e-01 
New pars ( 568): DC=1.5217e+01 r2=1.2124e-02 r3=1.3778e-01 epsV=8.8203e-01 epsZ=9.5478e-01 
New pars ( 569): DC=1.5217e+01 r2=1.2124e-02 r3=1.3777e-01 epsV=8.8203e-01 epsZ=9.5478e-01 
New pars ( 570): DC=1.5217e+01 r2=1.2124e-02 r3=1.3778e-01 epsV=8.8205e-01 epsZ=9.5478e-01 
New pars ( 571): DC=1.5218e+01 r2=1.2124e-02 r3=1.3778e-01 epsV=8.8203e-01 epsZ=9.5502e-01 
New pars ( 572): DC=1.5217e+01 r2=1.2124e-02 r3=1.3778e-01 epsV=8.8203e-01 epsZ=9.5502e-01 
New pars ( 573): DC=1.5217e+01 r2=1.2128e-02 r3=1.3778e-01 epsV=8.8203e-01 epsZ=9.5502e-01 
New pars ( 574): DC=1.5217e+01 r2=1.2121e-02 r3=1.3778e-01 epsV=8.8203e-01 epsZ=9.5502e-01 
New pars ( 575): DC=1.5217e+01 r2=1.2124e-02 r3=1.3778e-01 epsV=8.8203e-01 epsZ=9.5502e-01 
New pars ( 576): DC=1.5217e+01 r2=1.2124e-02 r3=1.3777e-01 epsV=8.8203e-01 epsZ=9.5502e-01 
New pars ( 577): DC=1.5217e+01 r2=1.2124e-02 r3=1.3778e-01 epsV=8.8205e-01 epsZ=9.5502e-01 
New pars ( 578): DC=1.5217e+01 r2=1.2108e-02 r3=1.3772e-01 epsV=8.8173e-01 epsZ=9.5502e-01 
New pars ( 579): DC=1.5217e+01 r2=1.2108e-02 r3=1.3772e-01 epsV=8.8173e-01 epsZ=9.5502e-01 
New pars ( 580): DC=1.5216e+01 r2=1.2108e-02 r3=1.3772e-01 epsV=8.8173e-01 epsZ=9.5502e-01 
New pars ( 581): DC=1.5217e+01 r2=1.2112e-02 r3=1.3772e-01 epsV=8.8173e-01 epsZ=9.5502e-01 
New pars ( 582): DC=1.5217e+01 r2=1.2105e-02 r3=1.3772e-01 epsV=8.8173e-01 epsZ=9.5502e-01 
New pars ( 583): DC=1.5217e+01 r2=1.2108e-02 r3=1.3773e-01 epsV=8.8173e-01 epsZ=9.5502e-01 
New pars ( 584): DC=1.5217e+01 r2=1.2108e-02 r3=1.3772e-01 epsV=8.8173e-01 epsZ=9.5502e-01 
New pars ( 585): DC=1.5217e+01 r2=1.2108e-02 r3=1.3772e-01 epsV=8.8174e-01 epsZ=9.5502e-01 
New pars ( 586): DC=1.5217e+01 r2=1.2108e-02 r3=1.3772e-01 epsV=8.8171e-01 epsZ=9.5502e-01 
New pars ( 587): DC=1.5217e+01 r2=1.2108e-02 r3=1.3772e-01 epsV=8.8171e-01 epsZ=9.5502e-01 
New pars ( 588): DC=1.5216e+01 r2=1.2108e-02 r3=1.3772e-01 epsV=8.8171e-01 epsZ=9.5502e-01 
New pars ( 589): DC=1.5217e+01 r2=1.2112e-02 r3=1.3772e-01 epsV=8.8171e-01 epsZ=9.5502e-01 
New pars ( 590): DC=1.5217e+01 r2=1.2104e-02 r3=1.3772e-01 epsV=8.8171e-01 epsZ=9.5502e-01 
New pars ( 591): DC=1.5217e+01 r2=1.2108e-02 r3=1.3772e-01 epsV=8.8171e-01 epsZ=9.5502e-01 
New pars ( 592): DC=1.5217e+01 r2=1.2108e-02 r3=1.3771e-01 epsV=8.8171e-01 epsZ=9.5502e-01 
New pars ( 593): DC=1.5217e+01 r2=1.2108e-02 r3=1.3772e-01 epsV=8.8173e-01 epsZ=9.5502e-01 
New pars ( 594): DC=1.5282e+01 r2=1.3962e-02 r3=1.4389e-01 epsV=9.1458e-01 epsZ=9.2984e-01 
New pars ( 595): DC=1.5283e+01 r2=1.3962e-02 r3=1.4389e-01 epsV=9.1458e-01 epsZ=9.2984e-01 
New pars ( 596): DC=1.5282e+01 r2=1.3962e-02 r3=1.4389e-01 epsV=9.1458e-01 epsZ=9.2984e-01 
New pars ( 597): DC=1.5282e+01 r2=1.3966e-02 r3=1.4389e-01 epsV=9.1458e-01 epsZ=9.2984e-01 
New pars ( 598): DC=1.5282e+01 r2=1.3959e-02 r3=1.4389e-01 epsV=9.1458e-01 epsZ=9.2984e-01 
New pars ( 599): DC=1.5282e+01 r2=1.3962e-02 r3=1.4390e-01 epsV=9.1458e-01 epsZ=9.2984e-01 
New pars ( 600): DC=1.5282e+01 r2=1.3962e-02 r3=1.4389e-01 epsV=9.1458e-01 epsZ=9.2984e-01 
New pars ( 601): DC=1.5282e+01 r2=1.3962e-02 r3=1.4389e-01 epsV=9.1460e-01 epsZ=9.2984e-01 
New pars ( 602): DC=1.5265e+01 r2=1.3935e-02 r3=1.4282e-01 epsV=9.1179e-01 epsZ=9.2984e-01 
New pars ( 603): DC=1.5275e+01 r2=1.3950e-02 r3=1.4343e-01 epsV=9.1338e-01 epsZ=9.2984e-01 
New pars ( 604): DC=1.5276e+01 r2=1.3950e-02 r3=1.4343e-01 epsV=9.1338e-01 epsZ=9.2984e-01 
New pars ( 605): DC=1.5275e+01 r2=1.3950e-02 r3=1.4343e-01 epsV=9.1338e-01 epsZ=9.2984e-01 
New pars ( 606): DC=1.5275e+01 r2=1.3954e-02 r3=1.4343e-01 epsV=9.1338e-01 epsZ=9.2984e-01 
New pars ( 607): DC=1.5275e+01 r2=1.3947e-02 r3=1.4343e-01 epsV=9.1338e-01 epsZ=9.2984e-01 
New pars ( 608): DC=1.5275e+01 r2=1.3950e-02 r3=1.4344e-01 epsV=9.1338e-01 epsZ=9.2984e-01 
New pars ( 609): DC=1.5275e+01 r2=1.3950e-02 r3=1.4342e-01 epsV=9.1338e-01 epsZ=9.2984e-01 
New pars ( 610): DC=1.5275e+01 r2=1.3950e-02 r3=1.4343e-01 epsV=9.1339e-01 epsZ=9.2984e-01 
New pars ( 611): DC=1.5278e+01 r2=1.3982e-02 r3=1.4359e-01 epsV=9.1377e-01 epsZ=9.2984e-01 
New pars ( 612): DC=1.5280e+01 r2=1.4010e-02 r3=1.4373e-01 epsV=9.1413e-01 epsZ=9.2984e-01 
New pars ( 613): DC=1.5280e+01 r2=1.4010e-02 r3=1.4373e-01 epsV=9.1413e-01 epsZ=9.2984e-01 
New pars ( 614): DC=1.5280e+01 r2=1.4010e-02 r3=1.4373e-01 epsV=9.1413e-01 epsZ=9.2984e-01 
New pars ( 615): DC=1.5280e+01 r2=1.4014e-02 r3=1.4373e-01 epsV=9.1413e-01 epsZ=9.2984e-01 
New pars ( 616): DC=1.5280e+01 r2=1.4006e-02 r3=1.4373e-01 epsV=9.1413e-01 epsZ=9.2984e-01 
New pars ( 617): DC=1.5280e+01 r2=1.4010e-02 r3=1.4373e-01 epsV=9.1413e-01 epsZ=9.2984e-01 
New pars ( 618): DC=1.5280e+01 r2=1.4010e-02 r3=1.4372e-01 epsV=9.1413e-01 epsZ=9.2984e-01 
New pars ( 619): DC=1.5280e+01 r2=1.4010e-02 r3=1.4373e-01 epsV=9.1414e-01 epsZ=9.2984e-01 
New pars ( 620): DC=1.5281e+01 r2=1.4010e-02 r3=1.4380e-01 epsV=9.1427e-01 epsZ=9.2984e-01 
New pars ( 621): DC=1.5282e+01 r2=1.4010e-02 r3=1.4384e-01 epsV=9.1435e-01 epsZ=9.2984e-01 
New pars ( 622): DC=1.5282e+01 r2=1.4010e-02 r3=1.4384e-01 epsV=9.1435e-01 epsZ=9.2984e-01 
New pars ( 623): DC=1.5281e+01 r2=1.4010e-02 r3=1.4384e-01 epsV=9.1435e-01 epsZ=9.2984e-01 
New pars ( 624): DC=1.5282e+01 r2=1.4014e-02 r3=1.4384e-01 epsV=9.1435e-01 epsZ=9.2984e-01 
New pars ( 625): DC=1.5282e+01 r2=1.4006e-02 r3=1.4384e-01 epsV=9.1435e-01 epsZ=9.2984e-01 
New pars ( 626): DC=1.5282e+01 r2=1.4010e-02 r3=1.4385e-01 epsV=9.1435e-01 epsZ=9.2984e-01 
New pars ( 627): DC=1.5282e+01 r2=1.4010e-02 r3=1.4384e-01 epsV=9.1435e-01 epsZ=9.2984e-01 
New pars ( 628): DC=1.5282e+01 r2=1.4010e-02 r3=1.4384e-01 epsV=9.1436e-01 epsZ=9.2984e-01 
New pars ( 629): DC=1.5282e+01 r2=1.4010e-02 r3=1.4385e-01 epsV=9.1435e-01 epsZ=9.2984e-01 
New pars ( 630): DC=1.5282e+01 r2=1.4010e-02 r3=1.4385e-01 epsV=9.1435e-01 epsZ=9.2984e-01 
New pars ( 631): DC=1.5281e+01 r2=1.4010e-02 r3=1.4385e-01 epsV=9.1435e-01 epsZ=9.2984e-01 
New pars ( 632): DC=1.5282e+01 r2=1.4013e-02 r3=1.4385e-01 epsV=9.1435e-01 epsZ=9.2984e-01 
New pars ( 633): DC=1.5282e+01 r2=1.4006e-02 r3=1.4385e-01 epsV=9.1435e-01 epsZ=9.2984e-01 
New pars ( 634): DC=1.5282e+01 r2=1.4010e-02 r3=1.4386e-01 epsV=9.1435e-01 epsZ=9.2984e-01 
New pars ( 635): DC=1.5282e+01 r2=1.4010e-02 r3=1.4384e-01 epsV=9.1435e-01 epsZ=9.2984e-01 
New pars ( 636): DC=1.5282e+01 r2=1.4010e-02 r3=1.4385e-01 epsV=9.1436e-01 epsZ=9.2984e-01 
New pars ( 637): DC=1.5282e+01 r2=1.4010e-02 r3=1.4385e-01 epsV=9.1435e-01 epsZ=9.3011e-01 
New pars ( 638): DC=1.5281e+01 r2=1.4010e-02 r3=1.4385e-01 epsV=9.1435e-01 epsZ=9.3011e-01 
New pars ( 639): DC=1.5282e+01 r2=1.4013e-02 r3=1.4385e-01 epsV=9.1435e-01 epsZ=9.3011e-01 
New pars ( 640): DC=1.5282e+01 r2=1.4006e-02 r3=1.4385e-01 epsV=9.1435e-01 epsZ=9.3011e-01 
New pars ( 641): DC=1.5282e+01 r2=1.4010e-02 r3=1.4386e-01 epsV=9.1435e-01 epsZ=9.3011e-01 
New pars ( 642): DC=1.5282e+01 r2=1.4010e-02 r3=1.4384e-01 epsV=9.1435e-01 epsZ=9.3011e-01 
New pars ( 643): DC=1.5282e+01 r2=1.4010e-02 r3=1.4385e-01 epsV=9.1436e-01 epsZ=9.3011e-01 
New pars ( 644): DC=1.5281e+01 r2=1.3986e-02 r3=1.4377e-01 epsV=9.1398e-01 epsZ=9.3011e-01 
New pars ( 645): DC=1.5281e+01 r2=1.3986e-02 r3=1.4377e-01 epsV=9.1398e-01 epsZ=9.3011e-01 
New pars ( 646): DC=1.5280e+01 r2=1.3986e-02 r3=1.4377e-01 epsV=9.1398e-01 epsZ=9.3011e-01 
New pars ( 647): DC=1.5281e+01 r2=1.3990e-02 r3=1.4377e-01 epsV=9.1398e-01 epsZ=9.3011e-01 
New pars ( 648): DC=1.5281e+01 r2=1.3982e-02 r3=1.4377e-01 epsV=9.1398e-01 epsZ=9.3011e-01 
New pars ( 649): DC=1.5281e+01 r2=1.3986e-02 r3=1.4378e-01 epsV=9.1398e-01 epsZ=9.3011e-01 
New pars ( 650): DC=1.5281e+01 r2=1.3986e-02 r3=1.4376e-01 epsV=9.1398e-01 epsZ=9.3011e-01 
New pars ( 651): DC=1.5281e+01 r2=1.3986e-02 r3=1.4377e-01 epsV=9.1399e-01 epsZ=9.3011e-01 
New pars ( 652): DC=1.5281e+01 r2=1.3987e-02 r3=1.4378e-01 epsV=9.1401e-01 epsZ=9.3011e-01 
New pars ( 653): DC=1.5282e+01 r2=1.3987e-02 r3=1.4378e-01 epsV=9.1401e-01 epsZ=9.3011e-01 
New pars ( 654): DC=1.5281e+01 r2=1.3987e-02 r3=1.4378e-01 epsV=9.1401e-01 epsZ=9.3011e-01 
New pars ( 655): DC=1.5281e+01 r2=1.3991e-02 r3=1.4378e-01 epsV=9.1401e-01 epsZ=9.3011e-01 
New pars ( 656): DC=1.5281e+01 r2=1.3983e-02 r3=1.4378e-01 epsV=9.1401e-01 epsZ=9.3011e-01 
New pars ( 657): DC=1.5281e+01 r2=1.3987e-02 r3=1.4379e-01 epsV=9.1401e-01 epsZ=9.3011e-01 
New pars ( 658): DC=1.5281e+01 r2=1.3987e-02 r3=1.4378e-01 epsV=9.1401e-01 epsZ=9.3011e-01 
New pars ( 659): DC=1.5281e+01 r2=1.3987e-02 r3=1.4378e-01 epsV=9.1402e-01 epsZ=9.3011e-01 
 PARAMETER NUMBER  16 NOT A VARIABLE. IGNORED.
 THERE ARE NO MINOS ERRORS TO CALCULATE.
 PARAMETER NUMBER  17 NOT A VARIABLE. IGNORED.
 THERE ARE NO MINOS ERRORS TO CALCULATE.
 PARAMETER NUMBER  18 NOT A VARIABLE. IGNORED.
 THERE ARE NO MINOS ERRORS TO CALCULATE.
 PARAMETER NUMBER  19 NOT A VARIABLE. IGNORED.
 THERE ARE NO MINOS ERRORS TO CALCULATE.
 PARAMETER NUMBER  20 NOT A VARIABLE. IGNORED.
 THERE ARE NO MINOS ERRORS TO CALCULATE.
 PARAMETER NUMBER  21 NOT A VARIABLE. IGNORED.
 THERE ARE NO MINOS ERRORS TO CALCULATE.
New pars ( 660): DC=1.5250e+01 r2=1.3021e-02 r3=1.4085e-01 epsV=8.9841e-01 epsZ=9.4231e-01 

Fitting done in 1570000 clicks (1.570000 seconds).
Fit status = 4000
Cov status = 1
Fit valid? = 1

****************************************
Minimizer is Minuit / MigradImproved
MinFCN                    =      470.245
Chi2                      =      899.048
NDf                       =          895
Edm                       =  9.66026e-08
NCalls                    =          251
# Cyc's                   =          244                      	 (fixed)
Bin width                 =          100                      	 (fixed)
DC rate                   =        15.25   +/-   0.0911539   
Rate 1                    =            0                      	 (fixed)
Rate 2                    =    0.0130211   +/-   0.00104025  
Rate 3                    =     0.140848   +/-   0.00480657  
Capt eff                  =         0.65                      	 (fixed)
Capt ret                  =            1                      	 (fixed)
T eff                     =         0.87                      	 (fixed)
U eff                     =            1                      	 (fixed)
V eff                     =      0.89841   +/-   0.0183803   
W eff                     =            0                      	 (fixed)
X eff                     =            1                      	 (fixed)
Y eff                     =            1                      	 (fixed)
Z eff                     =     0.942311   +/-   0.0125561   
T1 loss                   =            0                      	 (fixed)
T2 loss                   =       0.0474                      	 (fixed)
T3 loss                   =       0.0474                      	 (fixed)
U1 loss                   =        2e-10                      	 (fixed)
U2 loss                   =        2e-10                      	 (fixed)
U3 loss                   =        2e-10                      	 (fixed)

Covariance Matrix:

            	     DC rate      Rate 2      Rate 3       V eff       Z eff
DC rate     	    0.008309  5.1699e-05  0.00026668   0.0010533 -0.00041338
Rate 2      	  5.1699e-05  1.0821e-06  3.6477e-06  1.7705e-05 -1.1917e-05
Rate 3      	  0.00026668  3.6477e-06  2.3103e-05  8.0132e-05 -3.8695e-05
V eff       	   0.0010533  1.7705e-05  8.0132e-05  0.00033784 -0.00020492
Z eff       	 -0.00041338 -1.1917e-05 -3.8695e-05 -0.00020492  0.00015765

Correlation Matrix:

            	     DC rate      Rate 2      Rate 3       V eff       Z eff
DC rate     	           1     0.54521     0.60866     0.62867    -0.36118
Rate 2      	     0.54521           1     0.72954     0.92599    -0.91236
Rate 3      	     0.60866     0.72954           1     0.90702    -0.64116
V eff       	     0.62867     0.92599     0.90702           1    -0.88793
Z eff       	    -0.36118    -0.91236    -0.64116    -0.88793           1

Integrals computed in 290000 clicks (0.290000 seconds).
Other integrals computed in 1580000 clicks (1.580000 seconds).
Errors computed in 600000 clicks (0.600000 seconds).

~~~~~~~~~~~~~~~~~~~~~~~~~~~~~~~~~~~~~~~~~~~~~~~~~~~~~~~~~~~~~~~~~~~~~
NUMBER OF BETAS DETECTED, by population:
~~~~~~~~~~~~~~~~~~~~~~~~~~~~~~~~~~~~~~~~~~~~~~~~~~~~~~~~~~~~~~~~~~~~~
T1 integral = 0.0 +/- 0.0
U1 integral = 0.0 +/- 0.0
T2 integral = 15409.7 +/- 1231.1
U2 integral = 7216.6 +/- 679.7
T3 integral = 92941.1 +/- 3171.7
U3 integral = 101730.4 +/- 4969.8
DC integral = 334890.4 +/- 2001.7
~~~~~~~~~~~~~~~~~~~~~~~~~~~~~~~~~~~~~~~~~~~~~~~~~~~~~~~~~~~~~~~~~~~~~
Sum of above = 552188.2 +/- 6383.1 <-- no cov in unc
All integral = 552324.1 +/- 743.5
~~~~~~~~~~~~~~~~~~~~~~~~~~~~~~~~~~~~~~~~~~~~~~~~~~~~~~~~~~~~~~~~~~~~~
U1 with trap emtpy = 0.0; trap full = 0.0
U2 with trap emtpy = 4.5; trap full = 7197.8
U3 with trap emtpy = 18775.1; trap full = 82966.2
~~~~~~~~~~~~~~~~~~~~~~~~~~~~~~~~~~~~~~~~~~~~~~~~~~~~~~~~~~~~~~~~~~~~~


BFit2 done. Timer = 3.05 sec.
Elapsed time = 2.99 sec.

