Timestamp = Mon Apr  6 15:08:18 2015

Importing metadata from CSV files...
Imported 68 BDN cases
Imported 48 BFit cases
Performing BFit with BDN case 135sb08 and BFit case 135sb08_03

BFit started. Timer = 0.07 sec.

~~~~~~~~~~~~~~~~~~~~~~~~~~~~~~~~~~~~~~~~~~~~~~~~~~~~~~~~~~~~~~~~~~~~~
BETA SINGLES MODEL
~~~~~~~~~~~~~~~~~~~~~~~~~~~~~~~~~~~~~~~~~~~~~~~~~~~~~~~~~~~~~~~~~~~~~
Case: 135sb08
File: /music/bpt1/bpt/bdn/shane/135sb/rootfiles/135sb08.root
Histogram: h_betas_vs_cycle_time
Total cycle time	=     30.000 s
Background time		=     10.100 s
Capture cycle time	=      1.000 s
Last capture time	=      0.900 s
135-Sn halflife		=      0.530 s  (lifetime      0.765 s)
135-Sb halflife		=      1.679 s  (lifetime      2.422 s)
135-Te halflife		=     19.000 s  (lifetime     27.411 s)
~~~~~~~~~~~~~~~~~~~~~~~~~~~~~~~~~~~~~~~~~~~~~~~~~~~~~~~~~~~~~~~~~~~~~
HISTOGRAM REBINNED
   Number of hist bins = 300
   Number of fn points = 30000
   Number of pts/bin   = 100
~~~~~~~~~~~~~~~~~~~~~~~~~~~~~~~~~~~~~~~~~~~~~~~~~~~~~~~~~~~~~~~~~~~~~
Doing fit with option string: QROMES
~~~~~~~~~~~~~~~~~~~~~~~~~~~~~~~~~~~~~~~~~~~~~~~~~~~~~~~~~~~~~~~~~~~~~
PARAMETER SEED VALUES
~~~~~~~~~~~~~~~~~~~~~~~~~~~~~~~~~~~~~~~~~~~~~~~~~~~~~~~~~~~~~~~~~~~~~
      Par name  Varying?	Par init val and step
~~~~~~~~~~~~~~~~~~~~~~~~~~~~~~~~~~~~~~~~~~~~~~~~~~~~~~~~~~~~~~~~~~~~~
       # Cyc's         0	5486 +/- 0.01
     Bin width         0	100 +/- 0.01
       DC rate         1	6.5 +/- 0.1
        Rate 1         0	0 +/- 0.5
        Rate 2         1	50 +/- 0.5
        Rate 3         1	0 +/- 0.05
      Capt eff         1	0.496 +/- 0.01
      Capt ret         0	1 +/- 0.01
         T eff         0	0.13 +/- 0.01
         U eff         0	0.13 +/- 0.01
         V eff         0	0.39 +/- 0.01
         W eff         0	0 +/- 0.001
         X eff         0	0.27 +/- 0.01
         Y eff         0	0.27 +/- 0.01
         Z eff         0	0.226 +/- 0.03
       T1 loss         0	0 +/- 0.005
       T2 loss         0	0.03 +/- 0.001
       T3 loss         0	0 +/- 0.001
       U1 loss         0	2e-10 +/- 0.005
       U2 loss         0	2e-10 +/- 0.005
       U3 loss         0	2e-10 +/- 0.01
~~~~~~~~~~~~~~~~~~~~~~~~~~~~~~~~~~~~~~~~~~~~~~~~~~~~~~~~~~~~~~~~~~~~~

Ini pars (   0): DC=6.5000e+00 r2=5.0000e+01 r3=0.0000e+00 p=4.9600e-01 
New pars (   1): DC=6.5027e+00 r2=5.0000e+01 r3=0.0000e+00 p=4.9600e-01 
New pars (   2): DC=6.4973e+00 r2=5.0000e+01 r3=0.0000e+00 p=4.9600e-01 
New pars (   3): DC=6.5003e+00 r2=5.0000e+01 r3=0.0000e+00 p=4.9600e-01 
New pars (   4): DC=6.4997e+00 r2=5.0000e+01 r3=0.0000e+00 p=4.9600e-01 
New pars (   5): DC=6.5000e+00 r2=5.0013e+01 r3=0.0000e+00 p=4.9600e-01 
New pars (   6): DC=6.5000e+00 r2=4.9987e+01 r3=0.0000e+00 p=4.9600e-01 
New pars (   7): DC=6.5000e+00 r2=5.0003e+01 r3=0.0000e+00 p=4.9600e-01 
New pars (   8): DC=6.5000e+00 r2=4.9997e+01 r3=0.0000e+00 p=4.9600e-01 
New pars (   9): DC=6.5000e+00 r2=5.0000e+01 r3=1.3427e-03 p=4.9600e-01 
New pars (  10): DC=6.5000e+00 r2=5.0000e+01 r3=-1.3427e-03 p=4.9600e-01 
New pars (  11): DC=6.5000e+00 r2=5.0000e+01 r3=0.0000e+00 p=4.9627e-01 
New pars (  12): DC=6.5000e+00 r2=5.0000e+01 r3=0.0000e+00 p=4.9573e-01 
New pars (  13): DC=6.5000e+00 r2=5.0000e+01 r3=0.0000e+00 p=4.9608e-01 
New pars (  14): DC=6.5000e+00 r2=5.0000e+01 r3=0.0000e+00 p=4.9592e-01 
New pars (  15): DC=6.7635e+00 r2=5.2648e+01 r3=4.7441e-01 p=5.4255e-01 
New pars (  16): DC=6.6623e+00 r2=5.1631e+01 r3=2.9219e-01 p=5.2467e-01 
New pars (  17): DC=6.6624e+00 r2=5.1631e+01 r3=2.9219e-01 p=5.2467e-01 
New pars (  18): DC=6.6622e+00 r2=5.1631e+01 r3=2.9219e-01 p=5.2467e-01 
New pars (  19): DC=6.6623e+00 r2=5.1632e+01 r3=2.9219e-01 p=5.2467e-01 
New pars (  20): DC=6.6623e+00 r2=5.1630e+01 r3=2.9219e-01 p=5.2467e-01 
New pars (  21): DC=6.6623e+00 r2=5.1631e+01 r3=2.9303e-01 p=5.2467e-01 
New pars (  22): DC=6.6623e+00 r2=5.1631e+01 r3=2.9134e-01 p=5.2467e-01 
New pars (  23): DC=6.6623e+00 r2=5.1631e+01 r3=2.9671e-01 p=5.2467e-01 
New pars (  24): DC=6.6623e+00 r2=5.1631e+01 r3=2.8766e-01 p=5.2467e-01 
New pars (  25): DC=6.6623e+00 r2=5.1631e+01 r3=2.9219e-01 p=5.2471e-01 
New pars (  26): DC=6.6623e+00 r2=5.1631e+01 r3=2.9219e-01 p=5.2464e-01 
New pars (  27): DC=6.6623e+00 r2=5.1631e+01 r3=2.9219e-01 p=5.2472e-01 
New pars (  28): DC=6.6623e+00 r2=5.1631e+01 r3=2.9219e-01 p=5.2462e-01 
New pars (  29): DC=6.6572e+00 r2=5.1746e+01 r3=3.4446e-01 p=5.2223e-01 
New pars (  30): DC=6.6367e+00 r2=5.2207e+01 r3=5.5355e-01 p=5.1247e-01 
New pars (  31): DC=6.5856e+00 r2=5.3359e+01 r3=1.0763e+00 p=4.8807e-01 
New pars (  32): DC=6.4322e+00 r2=5.6814e+01 r3=2.6444e+00 p=4.1486e-01 
New pars (  33): DC=6.0539e+00 r2=6.5337e+01 r3=6.5124e+00 p=2.3429e-01 
New pars (  34): DC=6.3207e+00 r2=5.9326e+01 r3=3.7844e+00 p=3.6164e-01 
New pars (  35): DC=6.2053e+00 r2=6.1926e+01 r3=4.9642e+00 p=3.0657e-01 
New pars (  36): DC=6.2787e+00 r2=6.0272e+01 r3=4.2138e+00 p=3.4160e-01 
New pars (  37): DC=6.2788e+00 r2=6.0272e+01 r3=4.2138e+00 p=3.4160e-01 
New pars (  38): DC=6.2786e+00 r2=6.0272e+01 r3=4.2138e+00 p=3.4160e-01 
New pars (  39): DC=6.2787e+00 r2=6.0273e+01 r3=4.2138e+00 p=3.4160e-01 
New pars (  40): DC=6.2787e+00 r2=6.0271e+01 r3=4.2138e+00 p=3.4160e-01 
New pars (  41): DC=6.2787e+00 r2=6.0272e+01 r3=4.2171e+00 p=3.4160e-01 
New pars (  42): DC=6.2787e+00 r2=6.0272e+01 r3=4.2105e+00 p=3.4160e-01 
New pars (  43): DC=6.2787e+00 r2=6.0272e+01 r3=4.2138e+00 p=3.4164e-01 
New pars (  44): DC=6.2787e+00 r2=6.0272e+01 r3=4.2138e+00 p=3.4156e-01 
New pars (  45): DC=6.2295e+00 r2=6.1466e+01 r3=4.7073e+00 p=3.2966e-01 
New pars (  46): DC=6.1482e+00 r2=6.3434e+01 r3=5.5212e+00 p=3.0996e-01 
New pars (  47): DC=6.1374e+00 r2=6.3695e+01 r3=5.6292e+00 p=3.0735e-01 
New pars (  48): DC=6.1375e+00 r2=6.3695e+01 r3=5.6292e+00 p=3.0735e-01 
New pars (  49): DC=6.1373e+00 r2=6.3695e+01 r3=5.6292e+00 p=3.0735e-01 
New pars (  50): DC=6.1374e+00 r2=6.3697e+01 r3=5.6292e+00 p=3.0735e-01 
New pars (  51): DC=6.1374e+00 r2=6.3694e+01 r3=5.6292e+00 p=3.0735e-01 
New pars (  52): DC=6.1374e+00 r2=6.3695e+01 r3=5.6320e+00 p=3.0735e-01 
New pars (  53): DC=6.1374e+00 r2=6.3695e+01 r3=5.6263e+00 p=3.0735e-01 
New pars (  54): DC=6.1374e+00 r2=6.3695e+01 r3=5.6339e+00 p=3.0735e-01 
New pars (  55): DC=6.1374e+00 r2=6.3695e+01 r3=5.6244e+00 p=3.0735e-01 
New pars (  56): DC=6.1374e+00 r2=6.3695e+01 r3=5.6292e+00 p=3.0738e-01 
New pars (  57): DC=6.1374e+00 r2=6.3695e+01 r3=5.6292e+00 p=3.0732e-01 
New pars (  58): DC=6.1374e+00 r2=6.3695e+01 r3=5.6292e+00 p=3.0748e-01 
New pars (  59): DC=6.1374e+00 r2=6.3695e+01 r3=5.6292e+00 p=3.0722e-01 
New pars (  60): DC=6.0291e+00 r2=6.5445e+01 r3=6.3962e+00 p=2.8368e-01 
New pars (  61): DC=5.9581e+00 r2=6.6590e+01 r3=6.8982e+00 p=2.6820e-01 
New pars (  62): DC=5.9704e+00 r2=6.6391e+01 r3=6.8110e+00 p=2.7089e-01 
New pars (  63): DC=5.9705e+00 r2=6.6391e+01 r3=6.8110e+00 p=2.7089e-01 
New pars (  64): DC=5.9703e+00 r2=6.6391e+01 r3=6.8110e+00 p=2.7089e-01 
New pars (  65): DC=5.9704e+00 r2=6.6393e+01 r3=6.8110e+00 p=2.7089e-01 
New pars (  66): DC=5.9704e+00 r2=6.6390e+01 r3=6.8110e+00 p=2.7089e-01 
New pars (  67): DC=5.9704e+00 r2=6.6391e+01 r3=6.8145e+00 p=2.7089e-01 
New pars (  68): DC=5.9704e+00 r2=6.6391e+01 r3=6.8076e+00 p=2.7089e-01 
New pars (  69): DC=5.9704e+00 r2=6.6391e+01 r3=6.8110e+00 p=2.7092e-01 
New pars (  70): DC=5.9704e+00 r2=6.6391e+01 r3=6.8110e+00 p=2.7086e-01 
New pars (  71): DC=5.9438e+00 r2=6.6456e+01 r3=6.8280e+00 p=2.7898e-01 
New pars (  72): DC=5.9199e+00 r2=6.6515e+01 r3=6.8432e+00 p=2.8625e-01 
New pars (  73): DC=5.9200e+00 r2=6.6515e+01 r3=6.8432e+00 p=2.8625e-01 
New pars (  74): DC=5.9198e+00 r2=6.6515e+01 r3=6.8432e+00 p=2.8625e-01 
New pars (  75): DC=5.9199e+00 r2=6.6516e+01 r3=6.8432e+00 p=2.8625e-01 
New pars (  76): DC=5.9199e+00 r2=6.6513e+01 r3=6.8432e+00 p=2.8625e-01 
New pars (  77): DC=5.9199e+00 r2=6.6515e+01 r3=6.8461e+00 p=2.8625e-01 
New pars (  78): DC=5.9199e+00 r2=6.6515e+01 r3=6.8403e+00 p=2.8625e-01 
New pars (  79): DC=5.9199e+00 r2=6.6515e+01 r3=6.8432e+00 p=2.8628e-01 
New pars (  80): DC=5.9199e+00 r2=6.6515e+01 r3=6.8432e+00 p=2.8623e-01 
New pars (  81): DC=5.9041e+00 r2=6.6790e+01 r3=6.9819e+00 p=2.8285e-01 
New pars (  82): DC=5.8942e+00 r2=6.6960e+01 r3=7.0678e+00 p=2.8075e-01 
New pars (  83): DC=5.8943e+00 r2=6.6960e+01 r3=7.0678e+00 p=2.8075e-01 
New pars (  84): DC=5.8941e+00 r2=6.6960e+01 r3=7.0678e+00 p=2.8075e-01 
New pars (  85): DC=5.8942e+00 r2=6.6962e+01 r3=7.0678e+00 p=2.8075e-01 
New pars (  86): DC=5.8942e+00 r2=6.6959e+01 r3=7.0678e+00 p=2.8075e-01 
New pars (  87): DC=5.8942e+00 r2=6.6960e+01 r3=7.0705e+00 p=2.8075e-01 
New pars (  88): DC=5.8942e+00 r2=6.6960e+01 r3=7.0651e+00 p=2.8075e-01 
New pars (  89): DC=5.8942e+00 r2=6.6960e+01 r3=7.0678e+00 p=2.8077e-01 
New pars (  90): DC=5.8942e+00 r2=6.6960e+01 r3=7.0678e+00 p=2.8072e-01 
New pars (  91): DC=5.8936e+00 r2=6.6975e+01 r3=7.1022e+00 p=2.8056e-01 
New pars (  92): DC=5.8912e+00 r2=6.7032e+01 r3=7.2399e+00 p=2.7981e-01 
New pars (  93): DC=5.8872e+00 r2=6.7125e+01 r3=7.4633e+00 p=2.7860e-01 
New pars (  94): DC=5.8873e+00 r2=6.7125e+01 r3=7.4633e+00 p=2.7860e-01 
New pars (  95): DC=5.8872e+00 r2=6.7125e+01 r3=7.4633e+00 p=2.7860e-01 
New pars (  96): DC=5.8872e+00 r2=6.7126e+01 r3=7.4633e+00 p=2.7860e-01 
New pars (  97): DC=5.8872e+00 r2=6.7124e+01 r3=7.4633e+00 p=2.7860e-01 
New pars (  98): DC=5.8872e+00 r2=6.7125e+01 r3=7.4659e+00 p=2.7860e-01 
New pars (  99): DC=5.8872e+00 r2=6.7125e+01 r3=7.4606e+00 p=2.7860e-01 
New pars ( 100): DC=5.8872e+00 r2=6.7125e+01 r3=7.4633e+00 p=2.7862e-01 
New pars ( 101): DC=5.8872e+00 r2=6.7125e+01 r3=7.4633e+00 p=2.7858e-01 
New pars ( 102): DC=5.8839e+00 r2=6.7057e+01 r3=7.6910e+00 p=2.7885e-01 
New pars ( 103): DC=5.8706e+00 r2=6.6784e+01 r3=8.6019e+00 p=2.7983e-01 
New pars ( 104): DC=5.8374e+00 r2=6.6101e+01 r3=1.0879e+01 p=2.8230e-01 
New pars ( 105): DC=5.7376e+00 r2=6.4054e+01 r3=1.7711e+01 p=2.8971e-01 
New pars ( 106): DC=5.5713e+00 r2=6.0643e+01 r3=2.9096e+01 p=3.0205e-01 
New pars ( 107): DC=5.6031e+00 r2=6.1296e+01 r3=2.6918e+01 p=2.9969e-01 
New pars ( 108): DC=5.6032e+00 r2=6.1296e+01 r3=2.6918e+01 p=2.9969e-01 
New pars ( 109): DC=5.6031e+00 r2=6.1296e+01 r3=2.6918e+01 p=2.9969e-01 
New pars ( 110): DC=5.6031e+00 r2=6.1297e+01 r3=2.6918e+01 p=2.9969e-01 
New pars ( 111): DC=5.6031e+00 r2=6.1295e+01 r3=2.6918e+01 p=2.9969e-01 
New pars ( 112): DC=5.6031e+00 r2=6.1296e+01 r3=2.6921e+01 p=2.9969e-01 
New pars ( 113): DC=5.6031e+00 r2=6.1296e+01 r3=2.6916e+01 p=2.9969e-01 
New pars ( 114): DC=5.6031e+00 r2=6.1296e+01 r3=2.6918e+01 p=2.9971e-01 
New pars ( 115): DC=5.6031e+00 r2=6.1296e+01 r3=2.6918e+01 p=2.9967e-01 
New pars ( 116): DC=5.6031e+00 r2=6.1296e+01 r3=2.6918e+01 p=2.9971e-01 
New pars ( 117): DC=5.6031e+00 r2=6.1296e+01 r3=2.6918e+01 p=2.9967e-01 
New pars ( 118): DC=5.6368e+00 r2=5.9730e+01 r3=2.9442e+01 p=3.0028e-01 
New pars ( 119): DC=5.6421e+00 r2=5.9484e+01 r3=2.9838e+01 p=3.0037e-01 
New pars ( 120): DC=5.6421e+00 r2=5.9484e+01 r3=2.9838e+01 p=3.0037e-01 
New pars ( 121): DC=5.6420e+00 r2=5.9484e+01 r3=2.9838e+01 p=3.0037e-01 
New pars ( 122): DC=5.6421e+00 r2=5.9485e+01 r3=2.9838e+01 p=3.0037e-01 
New pars ( 123): DC=5.6421e+00 r2=5.9483e+01 r3=2.9838e+01 p=3.0037e-01 
New pars ( 124): DC=5.6421e+00 r2=5.9484e+01 r3=2.9840e+01 p=3.0037e-01 
New pars ( 125): DC=5.6421e+00 r2=5.9484e+01 r3=2.9836e+01 p=3.0037e-01 
New pars ( 126): DC=5.6421e+00 r2=5.9484e+01 r3=2.9838e+01 p=3.0038e-01 
New pars ( 127): DC=5.6421e+00 r2=5.9484e+01 r3=2.9838e+01 p=3.0035e-01 
New pars ( 128): DC=5.6726e+00 r2=5.8658e+01 r3=3.0031e+01 p=3.0932e-01 
New pars ( 129): DC=5.6727e+00 r2=5.8658e+01 r3=3.0031e+01 p=3.0932e-01 
New pars ( 130): DC=5.6725e+00 r2=5.8658e+01 r3=3.0031e+01 p=3.0932e-01 
New pars ( 131): DC=5.6726e+00 r2=5.8659e+01 r3=3.0031e+01 p=3.0932e-01 
New pars ( 132): DC=5.6726e+00 r2=5.8657e+01 r3=3.0031e+01 p=3.0932e-01 
New pars ( 133): DC=5.6726e+00 r2=5.8658e+01 r3=3.0033e+01 p=3.0932e-01 
New pars ( 134): DC=5.6726e+00 r2=5.8658e+01 r3=3.0029e+01 p=3.0932e-01 
New pars ( 135): DC=5.6726e+00 r2=5.8658e+01 r3=3.0031e+01 p=3.0934e-01 
New pars ( 136): DC=5.6726e+00 r2=5.8658e+01 r3=3.0031e+01 p=3.0930e-01 
New pars ( 137): DC=5.6839e+00 r2=5.8685e+01 r3=2.9648e+01 p=3.1042e-01 
New pars ( 138): DC=5.6863e+00 r2=5.8690e+01 r3=2.9566e+01 p=3.1066e-01 
New pars ( 139): DC=5.6864e+00 r2=5.8690e+01 r3=2.9566e+01 p=3.1066e-01 
New pars ( 140): DC=5.6863e+00 r2=5.8690e+01 r3=2.9566e+01 p=3.1066e-01 
New pars ( 141): DC=5.6863e+00 r2=5.8691e+01 r3=2.9566e+01 p=3.1066e-01 
New pars ( 142): DC=5.6863e+00 r2=5.8689e+01 r3=2.9566e+01 p=3.1066e-01 
New pars ( 143): DC=5.6863e+00 r2=5.8690e+01 r3=2.9568e+01 p=3.1066e-01 
New pars ( 144): DC=5.6863e+00 r2=5.8690e+01 r3=2.9564e+01 p=3.1066e-01 
New pars ( 145): DC=5.6863e+00 r2=5.8690e+01 r3=2.9566e+01 p=3.1068e-01 
New pars ( 146): DC=5.6863e+00 r2=5.8690e+01 r3=2.9566e+01 p=3.1064e-01 
New pars ( 147): DC=5.6862e+00 r2=5.8668e+01 r3=2.9610e+01 p=3.1081e-01 
New pars ( 148): DC=5.6863e+00 r2=5.8668e+01 r3=2.9610e+01 p=3.1081e-01 
New pars ( 149): DC=5.6861e+00 r2=5.8668e+01 r3=2.9610e+01 p=3.1081e-01 
New pars ( 150): DC=5.6862e+00 r2=5.8669e+01 r3=2.9610e+01 p=3.1081e-01 
New pars ( 151): DC=5.6862e+00 r2=5.8667e+01 r3=2.9610e+01 p=3.1081e-01 
New pars ( 152): DC=5.6862e+00 r2=5.8668e+01 r3=2.9612e+01 p=3.1081e-01 
New pars ( 153): DC=5.6862e+00 r2=5.8668e+01 r3=2.9608e+01 p=3.1081e-01 
New pars ( 154): DC=5.6862e+00 r2=5.8668e+01 r3=2.9610e+01 p=3.1083e-01 
New pars ( 155): DC=5.6862e+00 r2=5.8668e+01 r3=2.9610e+01 p=3.1078e-01 
New pars ( 156): DC=5.6863e+00 r2=5.8668e+01 r3=2.9608e+01 p=3.1082e-01 
New pars ( 157): DC=5.6863e+00 r2=5.8668e+01 r3=2.9608e+01 p=3.1082e-01 
New pars ( 158): DC=5.6864e+00 r2=5.8668e+01 r3=2.9608e+01 p=3.1082e-01 
New pars ( 159): DC=5.6862e+00 r2=5.8668e+01 r3=2.9608e+01 p=3.1082e-01 
New pars ( 160): DC=5.6863e+00 r2=5.8669e+01 r3=2.9608e+01 p=3.1082e-01 
New pars ( 161): DC=5.6863e+00 r2=5.8667e+01 r3=2.9608e+01 p=3.1082e-01 
New pars ( 162): DC=5.6863e+00 r2=5.8668e+01 r3=2.9610e+01 p=3.1082e-01 
New pars ( 163): DC=5.6863e+00 r2=5.8668e+01 r3=2.9606e+01 p=3.1082e-01 
New pars ( 164): DC=5.6863e+00 r2=5.8668e+01 r3=2.9608e+01 p=3.1084e-01 
New pars ( 165): DC=5.6863e+00 r2=5.8668e+01 r3=2.9608e+01 p=3.1079e-01 
New pars ( 166): DC=5.6377e+00 r2=5.7577e+01 r3=3.2017e+01 p=3.1769e-01 
New pars ( 167): DC=5.6464e+00 r2=5.7577e+01 r3=3.2017e+01 p=3.1769e-01 
New pars ( 168): DC=5.6377e+00 r2=5.7554e+01 r3=3.2017e+01 p=3.1769e-01 
New pars ( 169): DC=5.6377e+00 r2=5.7577e+01 r3=3.1765e+01 p=3.1769e-01 
New pars ( 170): DC=5.6377e+00 r2=5.7577e+01 r3=3.2017e+01 p=3.1109e-01 
New pars ( 171): DC=5.6289e+00 r2=5.7566e+01 r3=3.1891e+01 p=3.1439e-01 
New pars ( 172): DC=5.6333e+00 r2=5.7560e+01 r3=3.1828e+01 p=3.1274e-01 
New pars ( 173): DC=5.6377e+00 r2=5.7577e+01 r3=3.2017e+01 p=3.1769e-01 
New pars ( 174): DC=5.6863e+00 r2=5.8668e+01 r3=2.9608e+01 p=3.1082e-01 
New pars ( 175): DC=5.6864e+00 r2=5.8668e+01 r3=2.9608e+01 p=3.1082e-01 
New pars ( 176): DC=5.6862e+00 r2=5.8668e+01 r3=2.9608e+01 p=3.1082e-01 
New pars ( 177): DC=5.6863e+00 r2=5.8669e+01 r3=2.9608e+01 p=3.1082e-01 
New pars ( 178): DC=5.6863e+00 r2=5.8667e+01 r3=2.9608e+01 p=3.1082e-01 
New pars ( 179): DC=5.6863e+00 r2=5.8668e+01 r3=2.9610e+01 p=3.1082e-01 
New pars ( 180): DC=5.6863e+00 r2=5.8668e+01 r3=2.9606e+01 p=3.1082e-01 
New pars ( 181): DC=5.6863e+00 r2=5.8668e+01 r3=2.9608e+01 p=3.1084e-01 
New pars ( 182): DC=5.6863e+00 r2=5.8668e+01 r3=2.9608e+01 p=3.1079e-01 
New pars ( 183): DC=5.6863e+00 r2=5.8668e+01 r3=2.9608e+01 p=3.1082e-01 
New pars ( 184): DC=5.6863e+00 r2=5.8668e+01 r3=2.9608e+01 p=3.1082e-01 
New pars ( 185): DC=5.6863e+00 r2=5.8668e+01 r3=2.9608e+01 p=3.1082e-01 
New pars ( 186): DC=5.6863e+00 r2=5.8668e+01 r3=2.9608e+01 p=3.1082e-01 
New pars ( 187): DC=5.6863e+00 r2=5.8668e+01 r3=2.9608e+01 p=3.1082e-01 
New pars ( 188): DC=5.6863e+00 r2=5.8667e+01 r3=2.9608e+01 p=3.1082e-01 
New pars ( 189): DC=5.6863e+00 r2=5.8668e+01 r3=2.9608e+01 p=3.1082e-01 
New pars ( 190): DC=5.6863e+00 r2=5.8668e+01 r3=2.9608e+01 p=3.1082e-01 
New pars ( 191): DC=5.6863e+00 r2=5.8668e+01 r3=2.9608e+01 p=3.1082e-01 
New pars ( 192): DC=5.6863e+00 r2=5.8668e+01 r3=2.9607e+01 p=3.1082e-01 
New pars ( 193): DC=5.6863e+00 r2=5.8668e+01 r3=2.9608e+01 p=3.1082e-01 
New pars ( 194): DC=5.6863e+00 r2=5.8668e+01 r3=2.9608e+01 p=3.1082e-01 
New pars ( 195): DC=5.6863e+00 r2=5.8668e+01 r3=2.9608e+01 p=3.1082e-01 
New pars ( 196): DC=5.6863e+00 r2=5.8668e+01 r3=2.9608e+01 p=3.1081e-01 
New pars ( 197): DC=5.6863e+00 r2=5.8668e+01 r3=2.9608e+01 p=3.1082e-01 
New pars ( 198): DC=5.6863e+00 r2=5.8668e+01 r3=2.9608e+01 p=3.1082e-01 
New pars ( 199): DC=5.6864e+00 r2=5.8669e+01 r3=2.9608e+01 p=3.1082e-01 
New pars ( 200): DC=5.6864e+00 r2=5.8668e+01 r3=2.9610e+01 p=3.1082e-01 
New pars ( 201): DC=5.6863e+00 r2=5.8669e+01 r3=2.9610e+01 p=3.1082e-01 
New pars ( 202): DC=5.6864e+00 r2=5.8668e+01 r3=2.9608e+01 p=3.1084e-01 
New pars ( 203): DC=5.6863e+00 r2=5.8669e+01 r3=2.9608e+01 p=3.1084e-01 
New pars ( 204): DC=5.6863e+00 r2=5.8668e+01 r3=2.9610e+01 p=3.1084e-01 
 PARAMETER NUMBER   1 NOT A VARIABLE. IGNORED.
 THERE ARE NO MINOS ERRORS TO CALCULATE.
 PARAMETER NUMBER   2 NOT A VARIABLE. IGNORED.
 THERE ARE NO MINOS ERRORS TO CALCULATE.
New pars ( 205): DC=5.7253e+00 r2=5.8373e+01 r3=2.8712e+01 p=3.1596e-01 
New pars ( 206): DC=5.7253e+00 r2=5.8373e+01 r3=2.8712e+01 p=3.1596e-01 
New pars ( 207): DC=5.7253e+00 r2=5.8372e+01 r3=2.8712e+01 p=3.1596e-01 
New pars ( 208): DC=5.7253e+00 r2=5.8374e+01 r3=2.8712e+01 p=3.1596e-01 
New pars ( 209): DC=5.7253e+00 r2=5.8372e+01 r3=2.8712e+01 p=3.1596e-01 
New pars ( 210): DC=5.7253e+00 r2=5.8373e+01 r3=2.8713e+01 p=3.1596e-01 
New pars ( 211): DC=5.7253e+00 r2=5.8373e+01 r3=2.8711e+01 p=3.1596e-01 
New pars ( 212): DC=5.7253e+00 r2=5.8373e+01 r3=2.8714e+01 p=3.1596e-01 
New pars ( 213): DC=5.7253e+00 r2=5.8373e+01 r3=2.8709e+01 p=3.1596e-01 
New pars ( 214): DC=5.7253e+00 r2=5.8373e+01 r3=2.8712e+01 p=3.1598e-01 
New pars ( 215): DC=5.7253e+00 r2=5.8373e+01 r3=2.8712e+01 p=3.1594e-01 
New pars ( 216): DC=5.7253e+00 r2=5.8379e+01 r3=2.8686e+01 p=3.1607e-01 
New pars ( 217): DC=5.7253e+00 r2=5.8379e+01 r3=2.8684e+01 p=3.1608e-01 
New pars ( 218): DC=5.7253e+00 r2=5.8380e+01 r3=2.8684e+01 p=3.1608e-01 
New pars ( 219): DC=5.7253e+00 r2=5.8378e+01 r3=2.8684e+01 p=3.1608e-01 
New pars ( 220): DC=5.7253e+00 r2=5.8379e+01 r3=2.8687e+01 p=3.1608e-01 
New pars ( 221): DC=5.7253e+00 r2=5.8379e+01 r3=2.8682e+01 p=3.1608e-01 
New pars ( 222): DC=5.7253e+00 r2=5.8379e+01 r3=2.8684e+01 p=3.1610e-01 
New pars ( 223): DC=5.7253e+00 r2=5.8379e+01 r3=2.8684e+01 p=3.1605e-01 
New pars ( 224): DC=5.7253e+00 r2=5.8382e+01 r3=2.8680e+01 p=3.1606e-01 
New pars ( 225): DC=5.7253e+00 r2=5.8384e+01 r3=2.8676e+01 p=3.1604e-01 
New pars ( 226): DC=5.7253e+00 r2=5.8383e+01 r3=2.8678e+01 p=3.1605e-01 
New pars ( 227): DC=5.7253e+00 r2=5.8384e+01 r3=2.8678e+01 p=3.1605e-01 
New pars ( 228): DC=5.7253e+00 r2=5.8382e+01 r3=2.8678e+01 p=3.1605e-01 
New pars ( 229): DC=5.7253e+00 r2=5.8383e+01 r3=2.8680e+01 p=3.1605e-01 
New pars ( 230): DC=5.7253e+00 r2=5.8383e+01 r3=2.8676e+01 p=3.1605e-01 
New pars ( 231): DC=5.7253e+00 r2=5.8383e+01 r3=2.8678e+01 p=3.1608e-01 
New pars ( 232): DC=5.7253e+00 r2=5.8383e+01 r3=2.8678e+01 p=3.1603e-01 
New pars ( 233): DC=5.7310e+00 r2=5.8383e+01 r3=2.8678e+01 p=3.1605e-01 
New pars ( 234): DC=5.7310e+00 r2=5.8384e+01 r3=2.8678e+01 p=3.1605e-01 
New pars ( 235): DC=5.7310e+00 r2=5.8382e+01 r3=2.8678e+01 p=3.1605e-01 
New pars ( 236): DC=5.7310e+00 r2=5.8383e+01 r3=2.8680e+01 p=3.1605e-01 
New pars ( 237): DC=5.7310e+00 r2=5.8383e+01 r3=2.8676e+01 p=3.1605e-01 
New pars ( 238): DC=5.7310e+00 r2=5.8383e+01 r3=2.8678e+01 p=3.1608e-01 
New pars ( 239): DC=5.7310e+00 r2=5.8383e+01 r3=2.8678e+01 p=3.1603e-01 
New pars ( 240): DC=5.7310e+00 r2=5.8338e+01 r3=2.8547e+01 p=3.1685e-01 
New pars ( 241): DC=5.7310e+00 r2=5.8339e+01 r3=2.8547e+01 p=3.1685e-01 
New pars ( 242): DC=5.7310e+00 r2=5.8337e+01 r3=2.8547e+01 p=3.1685e-01 
New pars ( 243): DC=5.7310e+00 r2=5.8338e+01 r3=2.8549e+01 p=3.1685e-01 
New pars ( 244): DC=5.7310e+00 r2=5.8338e+01 r3=2.8544e+01 p=3.1685e-01 
New pars ( 245): DC=5.7310e+00 r2=5.8338e+01 r3=2.8547e+01 p=3.1688e-01 
New pars ( 246): DC=5.7310e+00 r2=5.8338e+01 r3=2.8547e+01 p=3.1683e-01 
New pars ( 247): DC=5.7310e+00 r2=5.8340e+01 r3=2.8543e+01 p=3.1684e-01 
New pars ( 248): DC=5.7310e+00 r2=5.8340e+01 r3=2.8542e+01 p=3.1684e-01 
New pars ( 249): DC=5.7310e+00 r2=5.8340e+01 r3=2.8543e+01 p=3.1684e-01 
New pars ( 250): DC=5.7310e+00 r2=5.8340e+01 r3=2.8542e+01 p=3.1684e-01 
New pars ( 251): DC=5.7310e+00 r2=5.8341e+01 r3=2.8542e+01 p=3.1684e-01 
New pars ( 252): DC=5.7310e+00 r2=5.8339e+01 r3=2.8542e+01 p=3.1684e-01 
New pars ( 253): DC=5.7310e+00 r2=5.8340e+01 r3=2.8545e+01 p=3.1684e-01 
New pars ( 254): DC=5.7310e+00 r2=5.8340e+01 r3=2.8540e+01 p=3.1684e-01 
New pars ( 255): DC=5.7310e+00 r2=5.8340e+01 r3=2.8542e+01 p=3.1686e-01 
New pars ( 256): DC=5.7310e+00 r2=5.8340e+01 r3=2.8542e+01 p=3.1682e-01 
New pars ( 257): DC=5.6473e+00 r2=5.8963e+01 r3=3.0504e+01 p=3.0567e-01 
New pars ( 258): DC=5.6473e+00 r2=5.8964e+01 r3=3.0504e+01 p=3.0567e-01 
New pars ( 259): DC=5.6473e+00 r2=5.8962e+01 r3=3.0504e+01 p=3.0567e-01 
New pars ( 260): DC=5.6473e+00 r2=5.8963e+01 r3=3.0506e+01 p=3.0567e-01 
New pars ( 261): DC=5.6473e+00 r2=5.8963e+01 r3=3.0501e+01 p=3.0567e-01 
New pars ( 262): DC=5.6473e+00 r2=5.8963e+01 r3=3.0504e+01 p=3.0569e-01 
New pars ( 263): DC=5.6473e+00 r2=5.8963e+01 r3=3.0504e+01 p=3.0565e-01 
New pars ( 264): DC=5.6473e+00 r2=5.8937e+01 r3=3.0561e+01 p=3.0577e-01 
New pars ( 265): DC=5.6473e+00 r2=5.8938e+01 r3=3.0561e+01 p=3.0577e-01 
New pars ( 266): DC=5.6473e+00 r2=5.8936e+01 r3=3.0561e+01 p=3.0577e-01 
New pars ( 267): DC=5.6473e+00 r2=5.8937e+01 r3=3.0563e+01 p=3.0577e-01 
New pars ( 268): DC=5.6473e+00 r2=5.8937e+01 r3=3.0559e+01 p=3.0577e-01 
New pars ( 269): DC=5.6473e+00 r2=5.8937e+01 r3=3.0561e+01 p=3.0579e-01 
New pars ( 270): DC=5.6473e+00 r2=5.8937e+01 r3=3.0561e+01 p=3.0574e-01 
New pars ( 271): DC=5.6473e+00 r2=5.8938e+01 r3=3.0558e+01 p=3.0576e-01 
New pars ( 272): DC=5.6473e+00 r2=5.8938e+01 r3=3.0559e+01 p=3.0576e-01 
New pars ( 273): DC=5.6473e+00 r2=5.8945e+01 r3=3.0545e+01 p=3.0571e-01 
New pars ( 274): DC=5.6473e+00 r2=5.8942e+01 r3=3.0552e+01 p=3.0573e-01 
New pars ( 275): DC=5.6473e+00 r2=5.8940e+01 r3=3.0555e+01 p=3.0575e-01 
New pars ( 276): DC=5.6473e+00 r2=5.8939e+01 r3=3.0557e+01 p=3.0575e-01 
New pars ( 277): DC=5.6473e+00 r2=5.8939e+01 r3=3.0558e+01 p=3.0575e-01 
New pars ( 278): DC=5.6473e+00 r2=5.8938e+01 r3=3.0559e+01 p=3.0576e-01 
New pars ( 279): DC=5.6473e+00 r2=5.8939e+01 r3=3.0558e+01 p=3.0575e-01 
New pars ( 280): DC=5.6473e+00 r2=5.8939e+01 r3=3.0558e+01 p=3.0576e-01 
New pars ( 281): DC=5.6473e+00 r2=5.8938e+01 r3=3.0558e+01 p=3.0576e-01 
New pars ( 282): DC=5.6473e+00 r2=5.8939e+01 r3=3.0558e+01 p=3.0576e-01 
New pars ( 283): DC=5.6473e+00 r2=5.8937e+01 r3=3.0558e+01 p=3.0576e-01 
New pars ( 284): DC=5.6473e+00 r2=5.8938e+01 r3=3.0561e+01 p=3.0576e-01 
New pars ( 285): DC=5.6473e+00 r2=5.8938e+01 r3=3.0556e+01 p=3.0576e-01 
New pars ( 286): DC=5.6473e+00 r2=5.8938e+01 r3=3.0558e+01 p=3.0578e-01 
New pars ( 287): DC=5.6473e+00 r2=5.8938e+01 r3=3.0558e+01 p=3.0574e-01 
New pars ( 288): DC=5.6411e+00 r2=5.8938e+01 r3=3.0558e+01 p=3.0576e-01 
New pars ( 289): DC=5.6411e+00 r2=5.8939e+01 r3=3.0558e+01 p=3.0576e-01 
New pars ( 290): DC=5.6411e+00 r2=5.8937e+01 r3=3.0558e+01 p=3.0576e-01 
New pars ( 291): DC=5.6411e+00 r2=5.8938e+01 r3=3.0561e+01 p=3.0576e-01 
New pars ( 292): DC=5.6411e+00 r2=5.8938e+01 r3=3.0556e+01 p=3.0576e-01 
New pars ( 293): DC=5.6411e+00 r2=5.8938e+01 r3=3.0558e+01 p=3.0578e-01 
New pars ( 294): DC=5.6411e+00 r2=5.8938e+01 r3=3.0558e+01 p=3.0574e-01 
New pars ( 295): DC=5.6411e+00 r2=5.8969e+01 r3=3.0735e+01 p=3.0494e-01 
New pars ( 296): DC=5.6411e+00 r2=5.8970e+01 r3=3.0735e+01 p=3.0494e-01 
New pars ( 297): DC=5.6411e+00 r2=5.8968e+01 r3=3.0735e+01 p=3.0494e-01 
New pars ( 298): DC=5.6411e+00 r2=5.8969e+01 r3=3.0738e+01 p=3.0494e-01 
New pars ( 299): DC=5.6411e+00 r2=5.8969e+01 r3=3.0733e+01 p=3.0494e-01 
New pars ( 300): DC=5.6411e+00 r2=5.8969e+01 r3=3.0735e+01 p=3.0496e-01 
New pars ( 301): DC=5.6411e+00 r2=5.8969e+01 r3=3.0735e+01 p=3.0492e-01 
New pars ( 302): DC=5.6411e+00 r2=5.8979e+01 r3=3.0713e+01 p=3.0497e-01 
New pars ( 303): DC=5.6411e+00 r2=5.8980e+01 r3=3.0713e+01 p=3.0497e-01 
New pars ( 304): DC=5.6411e+00 r2=5.8978e+01 r3=3.0713e+01 p=3.0497e-01 
New pars ( 305): DC=5.6411e+00 r2=5.8979e+01 r3=3.0715e+01 p=3.0497e-01 
New pars ( 306): DC=5.6411e+00 r2=5.8979e+01 r3=3.0711e+01 p=3.0497e-01 
New pars ( 307): DC=5.6411e+00 r2=5.8979e+01 r3=3.0713e+01 p=3.0500e-01 
New pars ( 308): DC=5.6411e+00 r2=5.8979e+01 r3=3.0713e+01 p=3.0495e-01 
 PARAMETER NUMBER   4 NOT A VARIABLE. IGNORED.
 THERE ARE NO MINOS ERRORS TO CALCULATE.
New pars ( 309): DC=5.6703e+00 r2=5.9388e+01 r3=2.8906e+01 p=3.0522e-01 
New pars ( 310): DC=5.6704e+00 r2=5.9388e+01 r3=2.8906e+01 p=3.0522e-01 
New pars ( 311): DC=5.6703e+00 r2=5.9388e+01 r3=2.8906e+01 p=3.0522e-01 
New pars ( 312): DC=5.6704e+00 r2=5.9388e+01 r3=2.8906e+01 p=3.0522e-01 
New pars ( 313): DC=5.6703e+00 r2=5.9388e+01 r3=2.8906e+01 p=3.0522e-01 
New pars ( 314): DC=5.6703e+00 r2=5.9388e+01 r3=2.8908e+01 p=3.0522e-01 
New pars ( 315): DC=5.6703e+00 r2=5.9388e+01 r3=2.8904e+01 p=3.0522e-01 
New pars ( 316): DC=5.6703e+00 r2=5.9388e+01 r3=2.8906e+01 p=3.0524e-01 
New pars ( 317): DC=5.6703e+00 r2=5.9388e+01 r3=2.8906e+01 p=3.0520e-01 
New pars ( 318): DC=5.6719e+00 r2=5.9388e+01 r3=2.8848e+01 p=3.0539e-01 
New pars ( 319): DC=5.6725e+00 r2=5.9388e+01 r3=2.8828e+01 p=3.0545e-01 
New pars ( 320): DC=5.6725e+00 r2=5.9388e+01 r3=2.8828e+01 p=3.0545e-01 
New pars ( 321): DC=5.6724e+00 r2=5.9388e+01 r3=2.8828e+01 p=3.0545e-01 
New pars ( 322): DC=5.6725e+00 r2=5.9388e+01 r3=2.8830e+01 p=3.0545e-01 
New pars ( 323): DC=5.6725e+00 r2=5.9388e+01 r3=2.8825e+01 p=3.0545e-01 
New pars ( 324): DC=5.6725e+00 r2=5.9388e+01 r3=2.8828e+01 p=3.0547e-01 
New pars ( 325): DC=5.6725e+00 r2=5.9388e+01 r3=2.8828e+01 p=3.0543e-01 
New pars ( 326): DC=5.6725e+00 r2=5.9388e+01 r3=2.8825e+01 p=3.0544e-01 
New pars ( 327): DC=5.6726e+00 r2=5.9388e+01 r3=2.8825e+01 p=3.0544e-01 
New pars ( 328): DC=5.6725e+00 r2=5.9388e+01 r3=2.8825e+01 p=3.0544e-01 
New pars ( 329): DC=5.6725e+00 r2=5.9388e+01 r3=2.8827e+01 p=3.0544e-01 
New pars ( 330): DC=5.6725e+00 r2=5.9388e+01 r3=2.8823e+01 p=3.0544e-01 
New pars ( 331): DC=5.6725e+00 r2=5.9388e+01 r3=2.8825e+01 p=3.0547e-01 
New pars ( 332): DC=5.6725e+00 r2=5.9388e+01 r3=2.8825e+01 p=3.0542e-01 
New pars ( 333): DC=5.6725e+00 r2=5.9525e+01 r3=2.8825e+01 p=3.0544e-01 
New pars ( 334): DC=5.6726e+00 r2=5.9525e+01 r3=2.8825e+01 p=3.0544e-01 
New pars ( 335): DC=5.6725e+00 r2=5.9525e+01 r3=2.8825e+01 p=3.0544e-01 
New pars ( 336): DC=5.6725e+00 r2=5.9525e+01 r3=2.8827e+01 p=3.0544e-01 
New pars ( 337): DC=5.6725e+00 r2=5.9525e+01 r3=2.8823e+01 p=3.0544e-01 
New pars ( 338): DC=5.6725e+00 r2=5.9525e+01 r3=2.8825e+01 p=3.0547e-01 
New pars ( 339): DC=5.6725e+00 r2=5.9525e+01 r3=2.8825e+01 p=3.0542e-01 
New pars ( 340): DC=5.6698e+00 r2=5.9525e+01 r3=2.8681e+01 p=3.0439e-01 
New pars ( 341): DC=5.6699e+00 r2=5.9525e+01 r3=2.8681e+01 p=3.0439e-01 
New pars ( 342): DC=5.6697e+00 r2=5.9525e+01 r3=2.8681e+01 p=3.0439e-01 
New pars ( 343): DC=5.6698e+00 r2=5.9525e+01 r3=2.8683e+01 p=3.0439e-01 
New pars ( 344): DC=5.6698e+00 r2=5.9525e+01 r3=2.8678e+01 p=3.0439e-01 
New pars ( 345): DC=5.6698e+00 r2=5.9525e+01 r3=2.8681e+01 p=3.0442e-01 
New pars ( 346): DC=5.6698e+00 r2=5.9525e+01 r3=2.8681e+01 p=3.0437e-01 
New pars ( 347): DC=5.6700e+00 r2=5.9525e+01 r3=2.8673e+01 p=3.0443e-01 
New pars ( 348): DC=5.6700e+00 r2=5.9525e+01 r3=2.8673e+01 p=3.0443e-01 
New pars ( 349): DC=5.6699e+00 r2=5.9525e+01 r3=2.8673e+01 p=3.0443e-01 
New pars ( 350): DC=5.6700e+00 r2=5.9525e+01 r3=2.8675e+01 p=3.0443e-01 
New pars ( 351): DC=5.6700e+00 r2=5.9525e+01 r3=2.8670e+01 p=3.0443e-01 
New pars ( 352): DC=5.6700e+00 r2=5.9525e+01 r3=2.8673e+01 p=3.0445e-01 
New pars ( 353): DC=5.6700e+00 r2=5.9525e+01 r3=2.8673e+01 p=3.0441e-01 
New pars ( 354): DC=5.7023e+00 r2=5.7948e+01 r3=3.0310e+01 p=3.1641e-01 
New pars ( 355): DC=5.7023e+00 r2=5.7948e+01 r3=3.0310e+01 p=3.1641e-01 
New pars ( 356): DC=5.7022e+00 r2=5.7948e+01 r3=3.0310e+01 p=3.1641e-01 
New pars ( 357): DC=5.7023e+00 r2=5.7948e+01 r3=3.0312e+01 p=3.1641e-01 
New pars ( 358): DC=5.7023e+00 r2=5.7948e+01 r3=3.0307e+01 p=3.1641e-01 
New pars ( 359): DC=5.7023e+00 r2=5.7948e+01 r3=3.0310e+01 p=3.1643e-01 
New pars ( 360): DC=5.7023e+00 r2=5.7948e+01 r3=3.0310e+01 p=3.1639e-01 
New pars ( 361): DC=5.7008e+00 r2=5.7948e+01 r3=3.0374e+01 p=3.1628e-01 
New pars ( 362): DC=5.7009e+00 r2=5.7948e+01 r3=3.0374e+01 p=3.1628e-01 
New pars ( 363): DC=5.7007e+00 r2=5.7948e+01 r3=3.0374e+01 p=3.1628e-01 
New pars ( 364): DC=5.7008e+00 r2=5.7948e+01 r3=3.0376e+01 p=3.1628e-01 
New pars ( 365): DC=5.7008e+00 r2=5.7948e+01 r3=3.0371e+01 p=3.1628e-01 
New pars ( 366): DC=5.7008e+00 r2=5.7948e+01 r3=3.0374e+01 p=3.1630e-01 
New pars ( 367): DC=5.7008e+00 r2=5.7948e+01 r3=3.0374e+01 p=3.1626e-01 
New pars ( 368): DC=5.7008e+00 r2=5.7815e+01 r3=3.0374e+01 p=3.1628e-01 
New pars ( 369): DC=5.7009e+00 r2=5.7815e+01 r3=3.0374e+01 p=3.1628e-01 
New pars ( 370): DC=5.7007e+00 r2=5.7815e+01 r3=3.0374e+01 p=3.1628e-01 
New pars ( 371): DC=5.7008e+00 r2=5.7815e+01 r3=3.0376e+01 p=3.1628e-01 
New pars ( 372): DC=5.7008e+00 r2=5.7815e+01 r3=3.0371e+01 p=3.1628e-01 
New pars ( 373): DC=5.7008e+00 r2=5.7815e+01 r3=3.0374e+01 p=3.1630e-01 
New pars ( 374): DC=5.7008e+00 r2=5.7815e+01 r3=3.0374e+01 p=3.1626e-01 
New pars ( 375): DC=5.7026e+00 r2=5.7815e+01 r3=3.0555e+01 p=3.1703e-01 
New pars ( 376): DC=5.7027e+00 r2=5.7815e+01 r3=3.0555e+01 p=3.1703e-01 
New pars ( 377): DC=5.7026e+00 r2=5.7815e+01 r3=3.0555e+01 p=3.1703e-01 
New pars ( 378): DC=5.7026e+00 r2=5.7815e+01 r3=3.0557e+01 p=3.1703e-01 
New pars ( 379): DC=5.7026e+00 r2=5.7815e+01 r3=3.0553e+01 p=3.1703e-01 
New pars ( 380): DC=5.7026e+00 r2=5.7815e+01 r3=3.0555e+01 p=3.1705e-01 
New pars ( 381): DC=5.7026e+00 r2=5.7815e+01 r3=3.0555e+01 p=3.1701e-01 
New pars ( 382): DC=5.7035e+00 r2=5.7815e+01 r3=3.0515e+01 p=3.1728e-01 
New pars ( 383): DC=5.7036e+00 r2=5.7815e+01 r3=3.0515e+01 p=3.1728e-01 
New pars ( 384): DC=5.7035e+00 r2=5.7815e+01 r3=3.0515e+01 p=3.1728e-01 
New pars ( 385): DC=5.7035e+00 r2=5.7815e+01 r3=3.0517e+01 p=3.1728e-01 
New pars ( 386): DC=5.7035e+00 r2=5.7815e+01 r3=3.0512e+01 p=3.1728e-01 
New pars ( 387): DC=5.7035e+00 r2=5.7815e+01 r3=3.0515e+01 p=3.1730e-01 
New pars ( 388): DC=5.7035e+00 r2=5.7815e+01 r3=3.0515e+01 p=3.1726e-01 
New pars ( 389): DC=5.7036e+00 r2=5.7815e+01 r3=3.0510e+01 p=3.1730e-01 
New pars ( 390): DC=5.7037e+00 r2=5.7815e+01 r3=3.0510e+01 p=3.1730e-01 
New pars ( 391): DC=5.7036e+00 r2=5.7815e+01 r3=3.0510e+01 p=3.1730e-01 
New pars ( 392): DC=5.7036e+00 r2=5.7815e+01 r3=3.0513e+01 p=3.1730e-01 
New pars ( 393): DC=5.7036e+00 r2=5.7815e+01 r3=3.0508e+01 p=3.1730e-01 
New pars ( 394): DC=5.7036e+00 r2=5.7815e+01 r3=3.0510e+01 p=3.1732e-01 
New pars ( 395): DC=5.7036e+00 r2=5.7815e+01 r3=3.0510e+01 p=3.1728e-01 
New pars ( 396): DC=5.6632e+00 r2=5.8334e+01 r3=3.1121e+01 p=3.1025e-01 
New pars ( 397): DC=5.6633e+00 r2=5.8334e+01 r3=3.1121e+01 p=3.1025e-01 
New pars ( 398): DC=5.6632e+00 r2=5.8334e+01 r3=3.1121e+01 p=3.1025e-01 
New pars ( 399): DC=5.6632e+00 r2=5.8335e+01 r3=3.1121e+01 p=3.1025e-01 
New pars ( 400): DC=5.6632e+00 r2=5.8333e+01 r3=3.1121e+01 p=3.1025e-01 
New pars ( 401): DC=5.6632e+00 r2=5.8334e+01 r3=3.1121e+01 p=3.1028e-01 
New pars ( 402): DC=5.6632e+00 r2=5.8334e+01 r3=3.1121e+01 p=3.1023e-01 
New pars ( 403): DC=5.6637e+00 r2=5.8321e+01 r3=3.1121e+01 p=3.1039e-01 
New pars ( 404): DC=5.6637e+00 r2=5.8320e+01 r3=3.1121e+01 p=3.1041e-01 
New pars ( 405): DC=5.6638e+00 r2=5.8320e+01 r3=3.1121e+01 p=3.1041e-01 
New pars ( 406): DC=5.6636e+00 r2=5.8320e+01 r3=3.1121e+01 p=3.1041e-01 
New pars ( 407): DC=5.6637e+00 r2=5.8321e+01 r3=3.1121e+01 p=3.1041e-01 
New pars ( 408): DC=5.6637e+00 r2=5.8319e+01 r3=3.1121e+01 p=3.1041e-01 
New pars ( 409): DC=5.6637e+00 r2=5.8320e+01 r3=3.1121e+01 p=3.1043e-01 
New pars ( 410): DC=5.6637e+00 r2=5.8320e+01 r3=3.1121e+01 p=3.1039e-01 
New pars ( 411): DC=5.6638e+00 r2=5.8318e+01 r3=3.1121e+01 p=3.1042e-01 
New pars ( 412): DC=5.6638e+00 r2=5.8318e+01 r3=3.1121e+01 p=3.1043e-01 
New pars ( 413): DC=5.6639e+00 r2=5.8318e+01 r3=3.1121e+01 p=3.1043e-01 
New pars ( 414): DC=5.6638e+00 r2=5.8318e+01 r3=3.1121e+01 p=3.1043e-01 
New pars ( 415): DC=5.6638e+00 r2=5.8319e+01 r3=3.1121e+01 p=3.1043e-01 
New pars ( 416): DC=5.6638e+00 r2=5.8317e+01 r3=3.1121e+01 p=3.1043e-01 
New pars ( 417): DC=5.6638e+00 r2=5.8318e+01 r3=3.1121e+01 p=3.1045e-01 
New pars ( 418): DC=5.6638e+00 r2=5.8318e+01 r3=3.1121e+01 p=3.1041e-01 
New pars ( 419): DC=5.6638e+00 r2=5.8318e+01 r3=3.1435e+01 p=3.1043e-01 
New pars ( 420): DC=5.6639e+00 r2=5.8318e+01 r3=3.1435e+01 p=3.1043e-01 
New pars ( 421): DC=5.6638e+00 r2=5.8318e+01 r3=3.1435e+01 p=3.1043e-01 
New pars ( 422): DC=5.6638e+00 r2=5.8319e+01 r3=3.1435e+01 p=3.1043e-01 
New pars ( 423): DC=5.6638e+00 r2=5.8317e+01 r3=3.1435e+01 p=3.1043e-01 
New pars ( 424): DC=5.6638e+00 r2=5.8318e+01 r3=3.1435e+01 p=3.1045e-01 
New pars ( 425): DC=5.6638e+00 r2=5.8318e+01 r3=3.1435e+01 p=3.1041e-01 
New pars ( 426): DC=5.6591e+00 r2=5.8246e+01 r3=3.1435e+01 p=3.1034e-01 
New pars ( 427): DC=5.6592e+00 r2=5.8246e+01 r3=3.1435e+01 p=3.1034e-01 
New pars ( 428): DC=5.6590e+00 r2=5.8246e+01 r3=3.1435e+01 p=3.1034e-01 
New pars ( 429): DC=5.6591e+00 r2=5.8248e+01 r3=3.1435e+01 p=3.1034e-01 
New pars ( 430): DC=5.6591e+00 r2=5.8245e+01 r3=3.1435e+01 p=3.1034e-01 
New pars ( 431): DC=5.6591e+00 r2=5.8246e+01 r3=3.1435e+01 p=3.1036e-01 
New pars ( 432): DC=5.6591e+00 r2=5.8246e+01 r3=3.1435e+01 p=3.1031e-01 
New pars ( 433): DC=5.6591e+00 r2=5.8247e+01 r3=3.1435e+01 p=3.1033e-01 
New pars ( 434): DC=5.6592e+00 r2=5.8247e+01 r3=3.1435e+01 p=3.1033e-01 
New pars ( 435): DC=5.6590e+00 r2=5.8247e+01 r3=3.1435e+01 p=3.1033e-01 
New pars ( 436): DC=5.6591e+00 r2=5.8248e+01 r3=3.1435e+01 p=3.1033e-01 
New pars ( 437): DC=5.6591e+00 r2=5.8246e+01 r3=3.1435e+01 p=3.1033e-01 
New pars ( 438): DC=5.6591e+00 r2=5.8247e+01 r3=3.1435e+01 p=3.1035e-01 
New pars ( 439): DC=5.6591e+00 r2=5.8247e+01 r3=3.1435e+01 p=3.1031e-01 
New pars ( 440): DC=5.7094e+00 r2=5.9001e+01 r3=2.8094e+01 p=3.1138e-01 
New pars ( 441): DC=5.7094e+00 r2=5.9001e+01 r3=2.8094e+01 p=3.1138e-01 
New pars ( 442): DC=5.7093e+00 r2=5.9001e+01 r3=2.8094e+01 p=3.1138e-01 
New pars ( 443): DC=5.7094e+00 r2=5.9002e+01 r3=2.8094e+01 p=3.1138e-01 
New pars ( 444): DC=5.7094e+00 r2=5.9000e+01 r3=2.8094e+01 p=3.1138e-01 
New pars ( 445): DC=5.7094e+00 r2=5.9001e+01 r3=2.8094e+01 p=3.1140e-01 
New pars ( 446): DC=5.7094e+00 r2=5.9001e+01 r3=2.8094e+01 p=3.1136e-01 
New pars ( 447): DC=5.7081e+00 r2=5.9030e+01 r3=2.8094e+01 p=3.1106e-01 
New pars ( 448): DC=5.7081e+00 r2=5.9032e+01 r3=2.8094e+01 p=3.1104e-01 
New pars ( 449): DC=5.7081e+00 r2=5.9032e+01 r3=2.8094e+01 p=3.1104e-01 
New pars ( 450): DC=5.7080e+00 r2=5.9032e+01 r3=2.8094e+01 p=3.1104e-01 
New pars ( 451): DC=5.7081e+00 r2=5.9033e+01 r3=2.8094e+01 p=3.1104e-01 
New pars ( 452): DC=5.7081e+00 r2=5.9031e+01 r3=2.8094e+01 p=3.1104e-01 
New pars ( 453): DC=5.7081e+00 r2=5.9032e+01 r3=2.8094e+01 p=3.1106e-01 
New pars ( 454): DC=5.7081e+00 r2=5.9032e+01 r3=2.8094e+01 p=3.1102e-01 
New pars ( 455): DC=5.7081e+00 r2=5.9031e+01 r3=2.8094e+01 p=3.1104e-01 
New pars ( 456): DC=5.7081e+00 r2=5.9031e+01 r3=2.8094e+01 p=3.1104e-01 
New pars ( 457): DC=5.7081e+00 r2=5.9031e+01 r3=2.8094e+01 p=3.1104e-01 
New pars ( 458): DC=5.7082e+00 r2=5.9031e+01 r3=2.8094e+01 p=3.1104e-01 
New pars ( 459): DC=5.7080e+00 r2=5.9031e+01 r3=2.8094e+01 p=3.1104e-01 
New pars ( 460): DC=5.7081e+00 r2=5.9032e+01 r3=2.8094e+01 p=3.1104e-01 
New pars ( 461): DC=5.7081e+00 r2=5.9030e+01 r3=2.8094e+01 p=3.1104e-01 
New pars ( 462): DC=5.7081e+00 r2=5.9031e+01 r3=2.8094e+01 p=3.1107e-01 
New pars ( 463): DC=5.7081e+00 r2=5.9031e+01 r3=2.8094e+01 p=3.1102e-01 
New pars ( 464): DC=5.7081e+00 r2=5.9031e+01 r3=2.7783e+01 p=3.1104e-01 
New pars ( 465): DC=5.7082e+00 r2=5.9031e+01 r3=2.7783e+01 p=3.1104e-01 
New pars ( 466): DC=5.7080e+00 r2=5.9031e+01 r3=2.7783e+01 p=3.1104e-01 
New pars ( 467): DC=5.7081e+00 r2=5.9032e+01 r3=2.7783e+01 p=3.1104e-01 
New pars ( 468): DC=5.7081e+00 r2=5.9030e+01 r3=2.7783e+01 p=3.1104e-01 
New pars ( 469): DC=5.7081e+00 r2=5.9031e+01 r3=2.7783e+01 p=3.1107e-01 
New pars ( 470): DC=5.7081e+00 r2=5.9031e+01 r3=2.7783e+01 p=3.1102e-01 
New pars ( 471): DC=5.7128e+00 r2=5.9104e+01 r3=2.7783e+01 p=3.1113e-01 
New pars ( 472): DC=5.7129e+00 r2=5.9104e+01 r3=2.7783e+01 p=3.1113e-01 
New pars ( 473): DC=5.7127e+00 r2=5.9104e+01 r3=2.7783e+01 p=3.1113e-01 
New pars ( 474): DC=5.7128e+00 r2=5.9105e+01 r3=2.7783e+01 p=3.1113e-01 
New pars ( 475): DC=5.7128e+00 r2=5.9103e+01 r3=2.7783e+01 p=3.1113e-01 
New pars ( 476): DC=5.7128e+00 r2=5.9104e+01 r3=2.7783e+01 p=3.1115e-01 
New pars ( 477): DC=5.7128e+00 r2=5.9104e+01 r3=2.7783e+01 p=3.1111e-01 
New pars ( 478): DC=5.7125e+00 r2=5.9108e+01 r3=2.7783e+01 p=3.1107e-01 
New pars ( 479): DC=5.7126e+00 r2=5.9108e+01 r3=2.7783e+01 p=3.1107e-01 
New pars ( 480): DC=5.7125e+00 r2=5.9108e+01 r3=2.7783e+01 p=3.1107e-01 
New pars ( 481): DC=5.7125e+00 r2=5.9109e+01 r3=2.7783e+01 p=3.1107e-01 
New pars ( 482): DC=5.7125e+00 r2=5.9107e+01 r3=2.7783e+01 p=3.1107e-01 
New pars ( 483): DC=5.7125e+00 r2=5.9108e+01 r3=2.7783e+01 p=3.1109e-01 
New pars ( 484): DC=5.7125e+00 r2=5.9108e+01 r3=2.7783e+01 p=3.1105e-01 
New pars ( 485): DC=5.7142e+00 r2=5.8108e+01 r3=2.9490e+01 p=3.1801e-01 
New pars ( 486): DC=5.7143e+00 r2=5.8108e+01 r3=2.9490e+01 p=3.1801e-01 
New pars ( 487): DC=5.7141e+00 r2=5.8108e+01 r3=2.9490e+01 p=3.1801e-01 
New pars ( 488): DC=5.7142e+00 r2=5.8109e+01 r3=2.9490e+01 p=3.1801e-01 
New pars ( 489): DC=5.7142e+00 r2=5.8107e+01 r3=2.9490e+01 p=3.1801e-01 
New pars ( 490): DC=5.7142e+00 r2=5.8108e+01 r3=2.9492e+01 p=3.1801e-01 
New pars ( 491): DC=5.7142e+00 r2=5.8108e+01 r3=2.9487e+01 p=3.1801e-01 
New pars ( 492): DC=5.7152e+00 r2=5.8085e+01 r3=2.9512e+01 p=3.1801e-01 
New pars ( 493): DC=5.7153e+00 r2=5.8084e+01 r3=2.9513e+01 p=3.1801e-01 
New pars ( 494): DC=5.7153e+00 r2=5.8084e+01 r3=2.9513e+01 p=3.1801e-01 
New pars ( 495): DC=5.7152e+00 r2=5.8084e+01 r3=2.9513e+01 p=3.1801e-01 
New pars ( 496): DC=5.7153e+00 r2=5.8085e+01 r3=2.9513e+01 p=3.1801e-01 
New pars ( 497): DC=5.7153e+00 r2=5.8083e+01 r3=2.9513e+01 p=3.1801e-01 
New pars ( 498): DC=5.7153e+00 r2=5.8084e+01 r3=2.9515e+01 p=3.1801e-01 
New pars ( 499): DC=5.7153e+00 r2=5.8084e+01 r3=2.9511e+01 p=3.1801e-01 
New pars ( 500): DC=5.7151e+00 r2=5.8081e+01 r3=2.9522e+01 p=3.1801e-01 
New pars ( 501): DC=5.7151e+00 r2=5.8081e+01 r3=2.9526e+01 p=3.1801e-01 
New pars ( 502): DC=5.7151e+00 r2=5.8081e+01 r3=2.9526e+01 p=3.1801e-01 
New pars ( 503): DC=5.7150e+00 r2=5.8081e+01 r3=2.9526e+01 p=3.1801e-01 
New pars ( 504): DC=5.7151e+00 r2=5.8082e+01 r3=2.9526e+01 p=3.1801e-01 
New pars ( 505): DC=5.7151e+00 r2=5.8080e+01 r3=2.9526e+01 p=3.1801e-01 
New pars ( 506): DC=5.7151e+00 r2=5.8081e+01 r3=2.9528e+01 p=3.1801e-01 
New pars ( 507): DC=5.7151e+00 r2=5.8081e+01 r3=2.9523e+01 p=3.1801e-01 
New pars ( 508): DC=5.7151e+00 r2=5.8081e+01 r3=2.9526e+01 p=3.1905e-01 
New pars ( 509): DC=5.7151e+00 r2=5.8081e+01 r3=2.9526e+01 p=3.1905e-01 
New pars ( 510): DC=5.7150e+00 r2=5.8081e+01 r3=2.9526e+01 p=3.1905e-01 
New pars ( 511): DC=5.7151e+00 r2=5.8082e+01 r3=2.9526e+01 p=3.1905e-01 
New pars ( 512): DC=5.7151e+00 r2=5.8080e+01 r3=2.9526e+01 p=3.1905e-01 
New pars ( 513): DC=5.7151e+00 r2=5.8081e+01 r3=2.9528e+01 p=3.1905e-01 
New pars ( 514): DC=5.7151e+00 r2=5.8081e+01 r3=2.9523e+01 p=3.1905e-01 
New pars ( 515): DC=5.7192e+00 r2=5.7996e+01 r3=2.9512e+01 p=3.1905e-01 
New pars ( 516): DC=5.7193e+00 r2=5.7996e+01 r3=2.9512e+01 p=3.1905e-01 
New pars ( 517): DC=5.7192e+00 r2=5.7996e+01 r3=2.9512e+01 p=3.1905e-01 
New pars ( 518): DC=5.7192e+00 r2=5.7997e+01 r3=2.9512e+01 p=3.1905e-01 
New pars ( 519): DC=5.7192e+00 r2=5.7995e+01 r3=2.9512e+01 p=3.1905e-01 
New pars ( 520): DC=5.7192e+00 r2=5.7996e+01 r3=2.9515e+01 p=3.1905e-01 
New pars ( 521): DC=5.7192e+00 r2=5.7996e+01 r3=2.9510e+01 p=3.1905e-01 
New pars ( 522): DC=5.7192e+00 r2=5.7996e+01 r3=2.9513e+01 p=3.1905e-01 
New pars ( 523): DC=5.7192e+00 r2=5.7996e+01 r3=2.9513e+01 p=3.1905e-01 
New pars ( 524): DC=5.7192e+00 r2=5.7996e+01 r3=2.9513e+01 p=3.1905e-01 
New pars ( 525): DC=5.7193e+00 r2=5.7996e+01 r3=2.9513e+01 p=3.1905e-01 
New pars ( 526): DC=5.7192e+00 r2=5.7996e+01 r3=2.9513e+01 p=3.1905e-01 
New pars ( 527): DC=5.7192e+00 r2=5.7997e+01 r3=2.9513e+01 p=3.1905e-01 
New pars ( 528): DC=5.7192e+00 r2=5.7995e+01 r3=2.9513e+01 p=3.1905e-01 
New pars ( 529): DC=5.7192e+00 r2=5.7996e+01 r3=2.9515e+01 p=3.1905e-01 
New pars ( 530): DC=5.7192e+00 r2=5.7996e+01 r3=2.9510e+01 p=3.1905e-01 
New pars ( 531): DC=5.6584e+00 r2=5.9228e+01 r3=2.9726e+01 p=3.0363e-01 
New pars ( 532): DC=5.6585e+00 r2=5.9228e+01 r3=2.9726e+01 p=3.0363e-01 
New pars ( 533): DC=5.6583e+00 r2=5.9228e+01 r3=2.9726e+01 p=3.0363e-01 
New pars ( 534): DC=5.6584e+00 r2=5.9229e+01 r3=2.9726e+01 p=3.0363e-01 
New pars ( 535): DC=5.6584e+00 r2=5.9227e+01 r3=2.9726e+01 p=3.0363e-01 
New pars ( 536): DC=5.6584e+00 r2=5.9228e+01 r3=2.9728e+01 p=3.0363e-01 
New pars ( 537): DC=5.6584e+00 r2=5.9228e+01 r3=2.9724e+01 p=3.0363e-01 
New pars ( 538): DC=5.6575e+00 r2=5.9268e+01 r3=2.9669e+01 p=3.0363e-01 
New pars ( 539): DC=5.6576e+00 r2=5.9268e+01 r3=2.9669e+01 p=3.0363e-01 
New pars ( 540): DC=5.6575e+00 r2=5.9268e+01 r3=2.9669e+01 p=3.0363e-01 
New pars ( 541): DC=5.6575e+00 r2=5.9269e+01 r3=2.9669e+01 p=3.0363e-01 
New pars ( 542): DC=5.6575e+00 r2=5.9267e+01 r3=2.9669e+01 p=3.0363e-01 
New pars ( 543): DC=5.6575e+00 r2=5.9268e+01 r3=2.9671e+01 p=3.0363e-01 
New pars ( 544): DC=5.6575e+00 r2=5.9268e+01 r3=2.9667e+01 p=3.0363e-01 
New pars ( 545): DC=5.6575e+00 r2=5.9268e+01 r3=2.9672e+01 p=3.0363e-01 
New pars ( 546): DC=5.6576e+00 r2=5.9268e+01 r3=2.9672e+01 p=3.0363e-01 
New pars ( 547): DC=5.6574e+00 r2=5.9268e+01 r3=2.9672e+01 p=3.0363e-01 
New pars ( 548): DC=5.6575e+00 r2=5.9269e+01 r3=2.9672e+01 p=3.0363e-01 
New pars ( 549): DC=5.6575e+00 r2=5.9267e+01 r3=2.9672e+01 p=3.0363e-01 
New pars ( 550): DC=5.6575e+00 r2=5.9268e+01 r3=2.9674e+01 p=3.0363e-01 
New pars ( 551): DC=5.6575e+00 r2=5.9268e+01 r3=2.9670e+01 p=3.0363e-01 
New pars ( 552): DC=5.6575e+00 r2=5.9268e+01 r3=2.9672e+01 p=3.0272e-01 
New pars ( 553): DC=5.6576e+00 r2=5.9268e+01 r3=2.9672e+01 p=3.0272e-01 
New pars ( 554): DC=5.6574e+00 r2=5.9268e+01 r3=2.9672e+01 p=3.0272e-01 
New pars ( 555): DC=5.6575e+00 r2=5.9269e+01 r3=2.9672e+01 p=3.0272e-01 
New pars ( 556): DC=5.6575e+00 r2=5.9267e+01 r3=2.9672e+01 p=3.0272e-01 
New pars ( 557): DC=5.6575e+00 r2=5.9268e+01 r3=2.9674e+01 p=3.0272e-01 
New pars ( 558): DC=5.6575e+00 r2=5.9268e+01 r3=2.9670e+01 p=3.0272e-01 
New pars ( 559): DC=5.6538e+00 r2=5.9344e+01 r3=2.9681e+01 p=3.0272e-01 
New pars ( 560): DC=5.6539e+00 r2=5.9344e+01 r3=2.9681e+01 p=3.0272e-01 
New pars ( 561): DC=5.6537e+00 r2=5.9344e+01 r3=2.9681e+01 p=3.0272e-01 
New pars ( 562): DC=5.6538e+00 r2=5.9345e+01 r3=2.9681e+01 p=3.0272e-01 
New pars ( 563): DC=5.6538e+00 r2=5.9343e+01 r3=2.9681e+01 p=3.0272e-01 
New pars ( 564): DC=5.6538e+00 r2=5.9344e+01 r3=2.9683e+01 p=3.0272e-01 
New pars ( 565): DC=5.6538e+00 r2=5.9344e+01 r3=2.9679e+01 p=3.0272e-01 
 PARAMETER NUMBER   8 NOT A VARIABLE. IGNORED.
 THERE ARE NO MINOS ERRORS TO CALCULATE.
 PARAMETER NUMBER   9 NOT A VARIABLE. IGNORED.
 THERE ARE NO MINOS ERRORS TO CALCULATE.
 PARAMETER NUMBER  10 NOT A VARIABLE. IGNORED.
 THERE ARE NO MINOS ERRORS TO CALCULATE.
 PARAMETER NUMBER  11 NOT A VARIABLE. IGNORED.
 THERE ARE NO MINOS ERRORS TO CALCULATE.
 PARAMETER NUMBER  12 NOT A VARIABLE. IGNORED.
 THERE ARE NO MINOS ERRORS TO CALCULATE.
 PARAMETER NUMBER  13 NOT A VARIABLE. IGNORED.
 THERE ARE NO MINOS ERRORS TO CALCULATE.
 PARAMETER NUMBER  14 NOT A VARIABLE. IGNORED.
 THERE ARE NO MINOS ERRORS TO CALCULATE.
 PARAMETER NUMBER  15 NOT A VARIABLE. IGNORED.
 THERE ARE NO MINOS ERRORS TO CALCULATE.
 PARAMETER NUMBER  16 NOT A VARIABLE. IGNORED.
 THERE ARE NO MINOS ERRORS TO CALCULATE.
 PARAMETER NUMBER  17 NOT A VARIABLE. IGNORED.
 THERE ARE NO MINOS ERRORS TO CALCULATE.
 PARAMETER NUMBER  18 NOT A VARIABLE. IGNORED.
 THERE ARE NO MINOS ERRORS TO CALCULATE.
 PARAMETER NUMBER  19 NOT A VARIABLE. IGNORED.
 THERE ARE NO MINOS ERRORS TO CALCULATE.
 PARAMETER NUMBER  20 NOT A VARIABLE. IGNORED.
 THERE ARE NO MINOS ERRORS TO CALCULATE.
 PARAMETER NUMBER  21 NOT A VARIABLE. IGNORED.
 THERE ARE NO MINOS ERRORS TO CALCULATE.
New pars ( 566): DC=5.6863e+00 r2=5.8668e+01 r3=2.9608e+01 p=3.1082e-01 

Fitting done in 430000 clicks (0.430000 seconds).
Fit status = 4000
Cov status = 1

****************************************
Minimizer is Minuit / MigradImproved
Chi2                      =      320.943
NDf                       =          296
Edm                       =   1.4116e-08
NCalls                    =          174
# Cyc's                   =         5486                      	 (fixed)
Bin width                 =          100                      	 (fixed)
DC rate                   =       5.6863   +/-   0.0450489   
Rate 1                    =            0                      	 (fixed)
Rate 2                    =      58.6676   +/-   0.856295    
Rate 3                    =      29.6078   +/-   1.82727     
Capt eff                  =     0.310816   +/-   0.00815107  
Capt ret                  =            1                      	 (fixed)
T eff                     =         0.13                      	 (fixed)
U eff                     =         0.13                      	 (fixed)
V eff                     =         0.39                      	 (fixed)
W eff                     =            0                      	 (fixed)
X eff                     =         0.27                      	 (fixed)
Y eff                     =         0.27                      	 (fixed)
Z eff                     =        0.226                      	 (fixed)
T1 loss                   =            0                      	 (fixed)
T2 loss                   =         0.03                      	 (fixed)
T3 loss                   =            0                      	 (fixed)
U1 loss                   =     3.48e-08                      	 (fixed)
U2 loss                   =     3.48e-08                      	 (fixed)
U3 loss                   =     3.48e-08                      	 (fixed)

Covariance Matrix:

            	     DC rate      Rate 2      Rate 3    Capt eff
DC rate     	   0.0020294   -0.014406   -0.048928  0.00026721
Rate 2      	   -0.014406     0.73324    -0.78867  -0.0055158
Rate 3      	   -0.048928    -0.78867      3.3389 -0.00063176
Capt eff    	  0.00026721  -0.0055158 -0.00063176   6.644e-05

Correlation Matrix:

            	     DC rate      Rate 2      Rate 3    Capt eff
DC rate     	           1    -0.37346    -0.59438     0.72769
Rate 2      	    -0.37346           1    -0.50405    -0.79026
Rate 3      	    -0.59438    -0.50405           1   -0.042416
Capt eff    	     0.72769    -0.79026   -0.042416           1

Integrals computed in 320000 clicks (0.320000 seconds).
Errors computed in 1050000 clicks (1.050000 seconds).

~~~~~~~~~~~~~~~~~~~~~~~~~~~~~~~~~~~~~~~~~~~~~~~~~~~~~~~~~~~~~~~~~~~~~
NUMBER OF BETAS DETECTED, by population:
~~~~~~~~~~~~~~~~~~~~~~~~~~~~~~~~~~~~~~~~~~~~~~~~~~~~~~~~~~~~~~~~~~~~~
T1 integral = 0.0 +/- 0.0
U1 integral = 0.0 +/- 0.0
T2 integral = 219910.8 +/- 3782.2
U2 integral = 228684.0 +/- 5592.5
T3 integral = 39451.3 +/- 2604.8
U3 integral = 332868.9 +/- 6898.2
DC integral = 935851.7 +/- 7414.1
~~~~~~~~~~~~~~~~~~~~~~~~~~~~~~~~~~~~~~~~~~~~~~~~~~~~~~~~~~~~~~~~~~~~~
Sum of above = 1756766.8 +/- 12446.7 <-- no cov in unc
All integral = 1756766.8 +/- 1349.4
~~~~~~~~~~~~~~~~~~~~~~~~~~~~~~~~~~~~~~~~~~~~~~~~~~~~~~~~~~~~~~~~~~~~~


BFit2 done. Timer = 1.69 sec.
Elapsed time = 1.62 sec.

