Timestamp = Mon Apr  6 16:19:48 2015

Importing metadata from CSV files...
Imported 68 BDN cases
Imported 48 BFit cases
Performing BFit with BDN case 137i07 and BFit case 137i07_21

BFit started. Timer = 0.07 sec.

~~~~~~~~~~~~~~~~~~~~~~~~~~~~~~~~~~~~~~~~~~~~~~~~~~~~~~~~~~~~~~~~~~~~~
BETA SINGLES MODEL
~~~~~~~~~~~~~~~~~~~~~~~~~~~~~~~~~~~~~~~~~~~~~~~~~~~~~~~~~~~~~~~~~~~~~
Case: 137i07
File: /music/bpt1/bpt/bdn/shane/137i/rootfiles/137i07.root
Histogram: h_betas_vs_cycle_time
Total cycle time	=    246.000 s
Background time		=    101.000 s
Capture cycle time	=      6.000 s
Last capture time	=      1.000 s
137-Te halflife		=      2.490 s  (lifetime      3.592 s)
137-I halflife		=     24.500 s  (lifetime     35.346 s)
137-Xe halflife		=    229.080 s  (lifetime    330.493 s)
~~~~~~~~~~~~~~~~~~~~~~~~~~~~~~~~~~~~~~~~~~~~~~~~~~~~~~~~~~~~~~~~~~~~~
HISTOGRAM REBINNED
   Number of hist bins = 984
   Number of fn points = 246000
   Number of pts/bin   = 250
~~~~~~~~~~~~~~~~~~~~~~~~~~~~~~~~~~~~~~~~~~~~~~~~~~~~~~~~~~~~~~~~~~~~~
Doing fit with option string: QROMES
~~~~~~~~~~~~~~~~~~~~~~~~~~~~~~~~~~~~~~~~~~~~~~~~~~~~~~~~~~~~~~~~~~~~~
PARAMETER SEED VALUES
~~~~~~~~~~~~~~~~~~~~~~~~~~~~~~~~~~~~~~~~~~~~~~~~~~~~~~~~~~~~~~~~~~~~~
      Par name  Varying?	Par init val and step
~~~~~~~~~~~~~~~~~~~~~~~~~~~~~~~~~~~~~~~~~~~~~~~~~~~~~~~~~~~~~~~~~~~~~
       # Cyc's         0	525 +/- 0.01
     Bin width         0	250 +/- 0.01
       DC rate         1	6.8 +/- 0.001
        Rate 1         1	120 +/- 0.0005
        Rate 2         1	850 +/- 0.0005
        Rate 3         0	0 +/- 0.0005
      Capt eff         1	0.65 +/- 0.02
      Capt ret         0	1 +/- 0.01
         T eff         0	0.13 +/- 0.01
         U eff         0	0.13 +/- 0.01
         V eff         1	0.39 +/- 0.01
         W eff         0	1 +/- 0.001
         X eff         1	0.27 +/- 0.01
         Y eff         1	0.27 +/- 0.01
         Z eff         1	0.226 +/- 0.03
       T1 loss         0	0 +/- 0.005
       T2 loss         0	0.0285 +/- 0.001
       T3 loss         0	0 +/- 0.005
       U1 loss         0	2e-10 +/- 0.005
       U2 loss         0	2e-10 +/- 0.005
       U3 loss         0	10000 +/- 0.01
~~~~~~~~~~~~~~~~~~~~~~~~~~~~~~~~~~~~~~~~~~~~~~~~~~~~~~~~~~~~~~~~~~~~~

Ini pars (   0): DC=6.8000e+00 r1=1.2000e+02 r2=8.5000e+02 p=6.5000e-01 epsV=3.9000e-01 epsX=2.7000e-01 epsY=2.7000e-01 epsZ=2.2600e-01 
New pars (   1): DC=6.8002e+00 r1=1.2000e+02 r2=8.5000e+02 p=6.5000e-01 epsV=3.9000e-01 epsX=2.7000e-01 epsY=2.7000e-01 epsZ=2.2600e-01 
New pars (   2): DC=6.7998e+00 r1=1.2000e+02 r2=8.5000e+02 p=6.5000e-01 epsV=3.9000e-01 epsX=2.7000e-01 epsY=2.7000e-01 epsZ=2.2600e-01 
New pars (   3): DC=6.8006e+00 r1=1.2000e+02 r2=8.5000e+02 p=6.5000e-01 epsV=3.9000e-01 epsX=2.7000e-01 epsY=2.7000e-01 epsZ=2.2600e-01 
New pars (   4): DC=6.7994e+00 r1=1.2000e+02 r2=8.5000e+02 p=6.5000e-01 epsV=3.9000e-01 epsX=2.7000e-01 epsY=2.7000e-01 epsZ=2.2600e-01 
New pars (   5): DC=6.8000e+00 r1=1.2000e+02 r2=8.5000e+02 p=6.5000e-01 epsV=3.9000e-01 epsX=2.7000e-01 epsY=2.7000e-01 epsZ=2.2600e-01 
New pars (   6): DC=6.8000e+00 r1=1.2000e+02 r2=8.5000e+02 p=6.5000e-01 epsV=3.9000e-01 epsX=2.7000e-01 epsY=2.7000e-01 epsZ=2.2600e-01 
New pars (   7): DC=6.8000e+00 r1=1.2000e+02 r2=8.5000e+02 p=6.5000e-01 epsV=3.9000e-01 epsX=2.7000e-01 epsY=2.7000e-01 epsZ=2.2600e-01 
New pars (   8): DC=6.8000e+00 r1=1.2000e+02 r2=8.5000e+02 p=6.5000e-01 epsV=3.9000e-01 epsX=2.7000e-01 epsY=2.7000e-01 epsZ=2.2600e-01 
New pars (   9): DC=6.8000e+00 r1=1.2000e+02 r2=8.5000e+02 p=6.5000e-01 epsV=3.9000e-01 epsX=2.7000e-01 epsY=2.7000e-01 epsZ=2.2600e-01 
New pars (  10): DC=6.8000e+00 r1=1.2000e+02 r2=8.5000e+02 p=6.5000e-01 epsV=3.9000e-01 epsX=2.7000e-01 epsY=2.7000e-01 epsZ=2.2600e-01 
New pars (  11): DC=6.8000e+00 r1=1.2000e+02 r2=8.5000e+02 p=6.5387e-01 epsV=3.9000e-01 epsX=2.7000e-01 epsY=2.7000e-01 epsZ=2.2600e-01 
New pars (  12): DC=6.8000e+00 r1=1.2000e+02 r2=8.5000e+02 p=6.4613e-01 epsV=3.9000e-01 epsX=2.7000e-01 epsY=2.7000e-01 epsZ=2.2600e-01 
New pars (  13): DC=6.8000e+00 r1=1.2000e+02 r2=8.5000e+02 p=6.5039e-01 epsV=3.9000e-01 epsX=2.7000e-01 epsY=2.7000e-01 epsZ=2.2600e-01 
New pars (  14): DC=6.8000e+00 r1=1.2000e+02 r2=8.5000e+02 p=6.4961e-01 epsV=3.9000e-01 epsX=2.7000e-01 epsY=2.7000e-01 epsZ=2.2600e-01 
New pars (  15): DC=6.8000e+00 r1=1.2000e+02 r2=8.5000e+02 p=6.5000e-01 epsV=3.9194e-01 epsX=2.7000e-01 epsY=2.7000e-01 epsZ=2.2600e-01 
New pars (  16): DC=6.7994e+00 r1=1.2000e+02 r2=8.5000e+02 p=6.5000e-01 epsV=3.9000e-01 epsX=2.7000e-01 epsY=2.7000e-01 epsZ=2.2600e-01 
New pars (  17): DC=6.7969e+00 r1=1.2000e+02 r2=8.5000e+02 p=6.5000e-01 epsV=3.9000e-01 epsX=2.7000e-01 epsY=2.7000e-01 epsZ=2.2600e-01 
New pars (  18): DC=6.7907e+00 r1=1.2000e+02 r2=8.5000e+02 p=6.5000e-01 epsV=3.9000e-01 epsX=2.7000e-01 epsY=2.7000e-01 epsZ=2.2600e-01 
New pars (  19): DC=6.7721e+00 r1=1.2000e+02 r2=8.5000e+02 p=6.5000e-01 epsV=3.9000e-01 epsX=2.7000e-01 epsY=2.7000e-01 epsZ=2.2600e-01 
New pars (  20): DC=6.7163e+00 r1=1.2000e+02 r2=8.5000e+02 p=6.5000e-01 epsV=3.9000e-01 epsX=2.7000e-01 epsY=2.7000e-01 epsZ=2.2600e-01 
New pars (  21): DC=6.5490e+00 r1=1.2000e+02 r2=8.5000e+02 p=6.5000e-01 epsV=3.9000e-01 epsX=2.7000e-01 epsY=2.7000e-01 epsZ=2.2600e-01 
New pars (  22): DC=6.1804e+00 r1=1.2000e+02 r2=8.5000e+02 p=6.5000e-01 epsV=3.9000e-01 epsX=2.7000e-01 epsY=2.7000e-01 epsZ=2.2600e-01 
New pars (  23): DC=6.1817e+00 r1=1.2000e+02 r2=8.5000e+02 p=6.5000e-01 epsV=3.9000e-01 epsX=2.7000e-01 epsY=2.7000e-01 epsZ=2.2600e-01 
New pars (  24): DC=6.1790e+00 r1=1.2000e+02 r2=8.5000e+02 p=6.5000e-01 epsV=3.9000e-01 epsX=2.7000e-01 epsY=2.7000e-01 epsZ=2.2600e-01 
New pars (  25): DC=6.1836e+00 r1=1.2000e+02 r2=8.5000e+02 p=6.5000e-01 epsV=3.9000e-01 epsX=2.7000e-01 epsY=2.7000e-01 epsZ=2.2600e-01 
New pars (  26): DC=6.1771e+00 r1=1.2000e+02 r2=8.5000e+02 p=6.5000e-01 epsV=3.9000e-01 epsX=2.7000e-01 epsY=2.7000e-01 epsZ=2.2600e-01 
New pars (  27): DC=6.1804e+00 r1=1.2000e+02 r2=8.5000e+02 p=6.5000e-01 epsV=3.9000e-01 epsX=2.7000e-01 epsY=2.7000e-01 epsZ=2.2600e-01 
New pars (  28): DC=6.1804e+00 r1=1.2000e+02 r2=8.5000e+02 p=6.5000e-01 epsV=3.9000e-01 epsX=2.7000e-01 epsY=2.7000e-01 epsZ=2.2600e-01 
New pars (  29): DC=6.1804e+00 r1=1.2000e+02 r2=8.5000e+02 p=6.5000e-01 epsV=3.9000e-01 epsX=2.7000e-01 epsY=2.7000e-01 epsZ=2.2600e-01 
New pars (  30): DC=6.1804e+00 r1=1.2000e+02 r2=8.5000e+02 p=6.5000e-01 epsV=3.9000e-01 epsX=2.7000e-01 epsY=2.7000e-01 epsZ=2.2600e-01 
New pars (  31): DC=6.1804e+00 r1=1.2000e+02 r2=8.5000e+02 p=6.5000e-01 epsV=3.9000e-01 epsX=2.7000e-01 epsY=2.7000e-01 epsZ=2.2600e-01 
New pars (  32): DC=6.1804e+00 r1=1.2000e+02 r2=8.5000e+02 p=6.5000e-01 epsV=3.9000e-01 epsX=2.7000e-01 epsY=2.7000e-01 epsZ=2.2600e-01 
New pars (  33): DC=6.1804e+00 r1=1.2000e+02 r2=8.5000e+02 p=6.5015e-01 epsV=3.9000e-01 epsX=2.7000e-01 epsY=2.7000e-01 epsZ=2.2600e-01 
New pars (  34): DC=6.1804e+00 r1=1.2000e+02 r2=8.5000e+02 p=6.4985e-01 epsV=3.9000e-01 epsX=2.7000e-01 epsY=2.7000e-01 epsZ=2.2600e-01 
New pars (  35): DC=6.1804e+00 r1=1.2000e+02 r2=8.5000e+02 p=6.5000e-01 epsV=3.9018e-01 epsX=2.7000e-01 epsY=2.7000e-01 epsZ=2.2600e-01 
New pars (  36): DC=6.1804e+00 r1=1.2000e+02 r2=8.5000e+02 p=6.5000e-01 epsV=3.9000e-01 epsX=2.7000e-01 epsY=2.7000e-01 epsZ=2.2600e-01 
New pars (  37): DC=6.1804e+00 r1=1.2000e+02 r2=8.5000e+02 p=6.5000e-01 epsV=3.9000e-01 epsX=2.7000e-01 epsY=2.7000e-01 epsZ=2.2600e-01 
New pars (  38): DC=6.1804e+00 r1=1.1999e+02 r2=8.5000e+02 p=6.5000e-01 epsV=3.9000e-01 epsX=2.7000e-01 epsY=2.7000e-01 epsZ=2.2600e-01 
New pars (  39): DC=6.1804e+00 r1=1.1998e+02 r2=8.5000e+02 p=6.5000e-01 epsV=3.9000e-01 epsX=2.7000e-01 epsY=2.7000e-01 epsZ=2.2600e-01 
New pars (  40): DC=6.1804e+00 r1=1.1995e+02 r2=8.5000e+02 p=6.5000e-01 epsV=3.9000e-01 epsX=2.7000e-01 epsY=2.7000e-01 epsZ=2.2600e-01 
New pars (  41): DC=6.1804e+00 r1=1.1985e+02 r2=8.5000e+02 p=6.5000e-01 epsV=3.9000e-01 epsX=2.7000e-01 epsY=2.7000e-01 epsZ=2.2600e-01 
New pars (  42): DC=6.1804e+00 r1=1.1962e+02 r2=8.5000e+02 p=6.5000e-01 epsV=3.9000e-01 epsX=2.7000e-01 epsY=2.7000e-01 epsZ=2.2600e-01 
New pars (  43): DC=6.1832e+00 r1=1.1962e+02 r2=8.5000e+02 p=6.5000e-01 epsV=3.9000e-01 epsX=2.7000e-01 epsY=2.7000e-01 epsZ=2.2600e-01 
New pars (  44): DC=6.1775e+00 r1=1.1962e+02 r2=8.5000e+02 p=6.5000e-01 epsV=3.9000e-01 epsX=2.7000e-01 epsY=2.7000e-01 epsZ=2.2600e-01 
New pars (  45): DC=6.1804e+00 r1=1.1962e+02 r2=8.5000e+02 p=6.5000e-01 epsV=3.9000e-01 epsX=2.7000e-01 epsY=2.7000e-01 epsZ=2.2600e-01 
New pars (  46): DC=6.1804e+00 r1=1.1962e+02 r2=8.5000e+02 p=6.5000e-01 epsV=3.9000e-01 epsX=2.7000e-01 epsY=2.7000e-01 epsZ=2.2600e-01 
New pars (  47): DC=6.1804e+00 r1=1.1962e+02 r2=8.5000e+02 p=6.5000e-01 epsV=3.9000e-01 epsX=2.7000e-01 epsY=2.7000e-01 epsZ=2.2600e-01 
New pars (  48): DC=6.1804e+00 r1=1.1962e+02 r2=8.5000e+02 p=6.5000e-01 epsV=3.9000e-01 epsX=2.7000e-01 epsY=2.7000e-01 epsZ=2.2600e-01 
New pars (  49): DC=6.1804e+00 r1=1.1962e+02 r2=8.5000e+02 p=6.5021e-01 epsV=3.9000e-01 epsX=2.7000e-01 epsY=2.7000e-01 epsZ=2.2600e-01 
New pars (  50): DC=6.1804e+00 r1=1.1962e+02 r2=8.5000e+02 p=6.4979e-01 epsV=3.9000e-01 epsX=2.7000e-01 epsY=2.7000e-01 epsZ=2.2600e-01 
New pars (  51): DC=6.1804e+00 r1=1.1962e+02 r2=8.5000e+02 p=6.5000e-01 epsV=3.9016e-01 epsX=2.7000e-01 epsY=2.7000e-01 epsZ=2.2600e-01 
New pars (  52): DC=6.1804e+00 r1=1.1962e+02 r2=8.5000e+02 p=6.5000e-01 epsV=3.9000e-01 epsX=2.7000e-01 epsY=2.7000e-01 epsZ=2.2600e-01 
New pars (  53): DC=6.1804e+00 r1=1.1962e+02 r2=8.5000e+02 p=6.5000e-01 epsV=3.9000e-01 epsX=2.7000e-01 epsY=2.7000e-01 epsZ=2.2600e-01 
New pars (  54): DC=6.1804e+00 r1=1.1961e+02 r2=8.5000e+02 p=6.5000e-01 epsV=3.9000e-01 epsX=2.7000e-01 epsY=2.7000e-01 epsZ=2.2600e-01 
New pars (  55): DC=6.1804e+00 r1=1.1959e+02 r2=8.5000e+02 p=6.5000e-01 epsV=3.9000e-01 epsX=2.7000e-01 epsY=2.7000e-01 epsZ=2.2600e-01 
New pars (  56): DC=6.1804e+00 r1=1.1954e+02 r2=8.5000e+02 p=6.5000e-01 epsV=3.9000e-01 epsX=2.7000e-01 epsY=2.7000e-01 epsZ=2.2600e-01 
New pars (  57): DC=6.1804e+00 r1=1.1938e+02 r2=8.5000e+02 p=6.5000e-01 epsV=3.9000e-01 epsX=2.7000e-01 epsY=2.7000e-01 epsZ=2.2600e-01 
New pars (  58): DC=6.1804e+00 r1=1.1904e+02 r2=8.5000e+02 p=6.5000e-01 epsV=3.9000e-01 epsX=2.7000e-01 epsY=2.7000e-01 epsZ=2.2600e-01 
New pars (  59): DC=6.1831e+00 r1=1.1904e+02 r2=8.5000e+02 p=6.5000e-01 epsV=3.9000e-01 epsX=2.7000e-01 epsY=2.7000e-01 epsZ=2.2600e-01 
New pars (  60): DC=6.1776e+00 r1=1.1904e+02 r2=8.5000e+02 p=6.5000e-01 epsV=3.9000e-01 epsX=2.7000e-01 epsY=2.7000e-01 epsZ=2.2600e-01 
New pars (  61): DC=6.1804e+00 r1=1.1904e+02 r2=8.5000e+02 p=6.5000e-01 epsV=3.9000e-01 epsX=2.7000e-01 epsY=2.7000e-01 epsZ=2.2600e-01 
New pars (  62): DC=6.1804e+00 r1=1.1904e+02 r2=8.5000e+02 p=6.5000e-01 epsV=3.9000e-01 epsX=2.7000e-01 epsY=2.7000e-01 epsZ=2.2600e-01 
New pars (  63): DC=6.1804e+00 r1=1.1904e+02 r2=8.5000e+02 p=6.5000e-01 epsV=3.9000e-01 epsX=2.7000e-01 epsY=2.7000e-01 epsZ=2.2600e-01 
New pars (  64): DC=6.1804e+00 r1=1.1904e+02 r2=8.5000e+02 p=6.5000e-01 epsV=3.9000e-01 epsX=2.7000e-01 epsY=2.7000e-01 epsZ=2.2600e-01 
New pars (  65): DC=6.1804e+00 r1=1.1904e+02 r2=8.5000e+02 p=6.5015e-01 epsV=3.9000e-01 epsX=2.7000e-01 epsY=2.7000e-01 epsZ=2.2600e-01 
New pars (  66): DC=6.1804e+00 r1=1.1904e+02 r2=8.5000e+02 p=6.4985e-01 epsV=3.9000e-01 epsX=2.7000e-01 epsY=2.7000e-01 epsZ=2.2600e-01 
New pars (  67): DC=6.1804e+00 r1=1.1904e+02 r2=8.5000e+02 p=6.5000e-01 epsV=3.9015e-01 epsX=2.7000e-01 epsY=2.7000e-01 epsZ=2.2600e-01 
New pars (  68): DC=6.1804e+00 r1=1.1904e+02 r2=8.5000e+02 p=6.5000e-01 epsV=3.9000e-01 epsX=2.7000e-01 epsY=2.7000e-01 epsZ=2.2600e-01 
New pars (  69): DC=6.1804e+00 r1=1.1903e+02 r2=8.5000e+02 p=6.5000e-01 epsV=3.9000e-01 epsX=2.7000e-01 epsY=2.7000e-01 epsZ=2.2600e-01 
New pars (  70): DC=6.1804e+00 r1=1.1902e+02 r2=8.5000e+02 p=6.5000e-01 epsV=3.9000e-01 epsX=2.7000e-01 epsY=2.7000e-01 epsZ=2.2600e-01 
New pars (  71): DC=6.1804e+00 r1=1.1898e+02 r2=8.5000e+02 p=6.5000e-01 epsV=3.9000e-01 epsX=2.7000e-01 epsY=2.7000e-01 epsZ=2.2600e-01 
New pars (  72): DC=6.1804e+00 r1=1.1886e+02 r2=8.5000e+02 p=6.5000e-01 epsV=3.9000e-01 epsX=2.7000e-01 epsY=2.7000e-01 epsZ=2.2600e-01 
New pars (  73): DC=6.1804e+00 r1=1.1851e+02 r2=8.5000e+02 p=6.5000e-01 epsV=3.9000e-01 epsX=2.7000e-01 epsY=2.7000e-01 epsZ=2.2600e-01 
New pars (  74): DC=6.1804e+00 r1=1.1774e+02 r2=8.5000e+02 p=6.5000e-01 epsV=3.9000e-01 epsX=2.7000e-01 epsY=2.7000e-01 epsZ=2.2600e-01 
New pars (  75): DC=6.1831e+00 r1=1.1774e+02 r2=8.5000e+02 p=6.5000e-01 epsV=3.9000e-01 epsX=2.7000e-01 epsY=2.7000e-01 epsZ=2.2600e-01 
New pars (  76): DC=6.1776e+00 r1=1.1774e+02 r2=8.5000e+02 p=6.5000e-01 epsV=3.9000e-01 epsX=2.7000e-01 epsY=2.7000e-01 epsZ=2.2600e-01 
New pars (  77): DC=6.1804e+00 r1=1.1775e+02 r2=8.5000e+02 p=6.5000e-01 epsV=3.9000e-01 epsX=2.7000e-01 epsY=2.7000e-01 epsZ=2.2600e-01 
New pars (  78): DC=6.1804e+00 r1=1.1774e+02 r2=8.5000e+02 p=6.5000e-01 epsV=3.9000e-01 epsX=2.7000e-01 epsY=2.7000e-01 epsZ=2.2600e-01 
New pars (  79): DC=6.1804e+00 r1=1.1774e+02 r2=8.5000e+02 p=6.5000e-01 epsV=3.9000e-01 epsX=2.7000e-01 epsY=2.7000e-01 epsZ=2.2600e-01 
New pars (  80): DC=6.1804e+00 r1=1.1774e+02 r2=8.5000e+02 p=6.5000e-01 epsV=3.9000e-01 epsX=2.7000e-01 epsY=2.7000e-01 epsZ=2.2600e-01 
New pars (  81): DC=6.1804e+00 r1=1.1774e+02 r2=8.5000e+02 p=6.5017e-01 epsV=3.9000e-01 epsX=2.7000e-01 epsY=2.7000e-01 epsZ=2.2600e-01 
New pars (  82): DC=6.1804e+00 r1=1.1774e+02 r2=8.5000e+02 p=6.4983e-01 epsV=3.9000e-01 epsX=2.7000e-01 epsY=2.7000e-01 epsZ=2.2600e-01 
New pars (  83): DC=6.1804e+00 r1=1.1774e+02 r2=8.5000e+02 p=6.5000e-01 epsV=3.9015e-01 epsX=2.7000e-01 epsY=2.7000e-01 epsZ=2.2600e-01 
New pars (  84): DC=6.1804e+00 r1=1.1774e+02 r2=8.5000e+02 p=6.5000e-01 epsV=3.9000e-01 epsX=2.7000e-01 epsY=2.7000e-01 epsZ=2.2600e-01 
New pars (  85): DC=6.1804e+00 r1=1.1773e+02 r2=8.5000e+02 p=6.5000e-01 epsV=3.9000e-01 epsX=2.7000e-01 epsY=2.7000e-01 epsZ=2.2600e-01 
New pars (  86): DC=6.1804e+00 r1=1.1770e+02 r2=8.5000e+02 p=6.5000e-01 epsV=3.9000e-01 epsX=2.7000e-01 epsY=2.7000e-01 epsZ=2.2600e-01 
New pars (  87): DC=6.1804e+00 r1=1.1761e+02 r2=8.5000e+02 p=6.5000e-01 epsV=3.9000e-01 epsX=2.7000e-01 epsY=2.7000e-01 epsZ=2.2600e-01 
New pars (  88): DC=6.1804e+00 r1=1.1736e+02 r2=8.5000e+02 p=6.5000e-01 epsV=3.9000e-01 epsX=2.7000e-01 epsY=2.7000e-01 epsZ=2.2600e-01 
New pars (  89): DC=6.1804e+00 r1=1.1658e+02 r2=8.5000e+02 p=6.5000e-01 epsV=3.9000e-01 epsX=2.7000e-01 epsY=2.7000e-01 epsZ=2.2600e-01 
New pars (  90): DC=6.1804e+00 r1=1.1487e+02 r2=8.5000e+02 p=6.5000e-01 epsV=3.9000e-01 epsX=2.7000e-01 epsY=2.7000e-01 epsZ=2.2600e-01 
New pars (  91): DC=6.1830e+00 r1=1.1487e+02 r2=8.5000e+02 p=6.5000e-01 epsV=3.9000e-01 epsX=2.7000e-01 epsY=2.7000e-01 epsZ=2.2600e-01 
New pars (  92): DC=6.1777e+00 r1=1.1487e+02 r2=8.5000e+02 p=6.5000e-01 epsV=3.9000e-01 epsX=2.7000e-01 epsY=2.7000e-01 epsZ=2.2600e-01 
New pars (  93): DC=6.1804e+00 r1=1.1488e+02 r2=8.5000e+02 p=6.5000e-01 epsV=3.9000e-01 epsX=2.7000e-01 epsY=2.7000e-01 epsZ=2.2600e-01 
New pars (  94): DC=6.1804e+00 r1=1.1487e+02 r2=8.5000e+02 p=6.5000e-01 epsV=3.9000e-01 epsX=2.7000e-01 epsY=2.7000e-01 epsZ=2.2600e-01 
New pars (  95): DC=6.1804e+00 r1=1.1487e+02 r2=8.5000e+02 p=6.5000e-01 epsV=3.9000e-01 epsX=2.7000e-01 epsY=2.7000e-01 epsZ=2.2600e-01 
New pars (  96): DC=6.1804e+00 r1=1.1487e+02 r2=8.5000e+02 p=6.5000e-01 epsV=3.9000e-01 epsX=2.7000e-01 epsY=2.7000e-01 epsZ=2.2600e-01 
New pars (  97): DC=6.1804e+00 r1=1.1487e+02 r2=8.5000e+02 p=6.5016e-01 epsV=3.9000e-01 epsX=2.7000e-01 epsY=2.7000e-01 epsZ=2.2600e-01 
New pars (  98): DC=6.1804e+00 r1=1.1487e+02 r2=8.5000e+02 p=6.4984e-01 epsV=3.9000e-01 epsX=2.7000e-01 epsY=2.7000e-01 epsZ=2.2600e-01 
New pars (  99): DC=6.1804e+00 r1=1.1487e+02 r2=8.5000e+02 p=6.5000e-01 epsV=3.9015e-01 epsX=2.7000e-01 epsY=2.7000e-01 epsZ=2.2600e-01 
New pars ( 100): DC=6.1804e+00 r1=1.1487e+02 r2=8.5000e+02 p=6.5000e-01 epsV=3.9000e-01 epsX=2.7000e-01 epsY=2.7000e-01 epsZ=2.2600e-01 
New pars ( 101): DC=6.1804e+00 r1=1.1484e+02 r2=8.5000e+02 p=6.5000e-01 epsV=3.9000e-01 epsX=2.7000e-01 epsY=2.7000e-01 epsZ=2.2600e-01 
New pars ( 102): DC=6.1804e+00 r1=1.1478e+02 r2=8.5000e+02 p=6.5000e-01 epsV=3.9000e-01 epsX=2.7000e-01 epsY=2.7000e-01 epsZ=2.2600e-01 
New pars ( 103): DC=6.1804e+00 r1=1.1459e+02 r2=8.5000e+02 p=6.5000e-01 epsV=3.9000e-01 epsX=2.7000e-01 epsY=2.7000e-01 epsZ=2.2600e-01 
New pars ( 104): DC=6.1804e+00 r1=1.1402e+02 r2=8.5000e+02 p=6.5000e-01 epsV=3.9000e-01 epsX=2.7000e-01 epsY=2.7000e-01 epsZ=2.2600e-01 
New pars ( 105): DC=6.1804e+00 r1=1.1231e+02 r2=8.5000e+02 p=6.5000e-01 epsV=3.9000e-01 epsX=2.7000e-01 epsY=2.7000e-01 epsZ=2.2600e-01 
New pars ( 106): DC=6.1804e+00 r1=1.0854e+02 r2=8.5000e+02 p=6.5000e-01 epsV=3.9000e-01 epsX=2.7000e-01 epsY=2.7000e-01 epsZ=2.2600e-01 
New pars ( 107): DC=6.1828e+00 r1=1.0854e+02 r2=8.5000e+02 p=6.5000e-01 epsV=3.9000e-01 epsX=2.7000e-01 epsY=2.7000e-01 epsZ=2.2600e-01 
New pars ( 108): DC=6.1779e+00 r1=1.0854e+02 r2=8.5000e+02 p=6.5000e-01 epsV=3.9000e-01 epsX=2.7000e-01 epsY=2.7000e-01 epsZ=2.2600e-01 
New pars ( 109): DC=6.1804e+00 r1=1.0856e+02 r2=8.5000e+02 p=6.5000e-01 epsV=3.9000e-01 epsX=2.7000e-01 epsY=2.7000e-01 epsZ=2.2600e-01 
New pars ( 110): DC=6.1804e+00 r1=1.0853e+02 r2=8.5000e+02 p=6.5000e-01 epsV=3.9000e-01 epsX=2.7000e-01 epsY=2.7000e-01 epsZ=2.2600e-01 
New pars ( 111): DC=6.1804e+00 r1=1.0863e+02 r2=8.5000e+02 p=6.5000e-01 epsV=3.9000e-01 epsX=2.7000e-01 epsY=2.7000e-01 epsZ=2.2600e-01 
New pars ( 112): DC=6.1804e+00 r1=1.0846e+02 r2=8.5000e+02 p=6.5000e-01 epsV=3.9000e-01 epsX=2.7000e-01 epsY=2.7000e-01 epsZ=2.2600e-01 
New pars ( 113): DC=6.1804e+00 r1=1.0854e+02 r2=8.5001e+02 p=6.5000e-01 epsV=3.9000e-01 epsX=2.7000e-01 epsY=2.7000e-01 epsZ=2.2600e-01 
New pars ( 114): DC=6.1804e+00 r1=1.0854e+02 r2=8.4999e+02 p=6.5000e-01 epsV=3.9000e-01 epsX=2.7000e-01 epsY=2.7000e-01 epsZ=2.2600e-01 
New pars ( 115): DC=6.1804e+00 r1=1.0854e+02 r2=8.5001e+02 p=6.5000e-01 epsV=3.9000e-01 epsX=2.7000e-01 epsY=2.7000e-01 epsZ=2.2600e-01 
New pars ( 116): DC=6.1804e+00 r1=1.0854e+02 r2=8.4999e+02 p=6.5000e-01 epsV=3.9000e-01 epsX=2.7000e-01 epsY=2.7000e-01 epsZ=2.2600e-01 
New pars ( 117): DC=6.1804e+00 r1=1.0854e+02 r2=8.5000e+02 p=6.5015e-01 epsV=3.9000e-01 epsX=2.7000e-01 epsY=2.7000e-01 epsZ=2.2600e-01 
New pars ( 118): DC=6.1804e+00 r1=1.0854e+02 r2=8.5000e+02 p=6.4985e-01 epsV=3.9000e-01 epsX=2.7000e-01 epsY=2.7000e-01 epsZ=2.2600e-01 
New pars ( 119): DC=6.1804e+00 r1=1.0854e+02 r2=8.5000e+02 p=6.5000e-01 epsV=3.9014e-01 epsX=2.7000e-01 epsY=2.7000e-01 epsZ=2.2600e-01 
New pars ( 120): DC=6.1804e+00 r1=1.0854e+02 r2=8.4999e+02 p=6.5000e-01 epsV=3.9000e-01 epsX=2.7000e-01 epsY=2.7000e-01 epsZ=2.2600e-01 
New pars ( 121): DC=6.1804e+00 r1=1.0854e+02 r2=8.4995e+02 p=6.5000e-01 epsV=3.9000e-01 epsX=2.7000e-01 epsY=2.7000e-01 epsZ=2.2600e-01 
New pars ( 122): DC=6.1804e+00 r1=1.0854e+02 r2=8.4986e+02 p=6.5000e-01 epsV=3.9000e-01 epsX=2.7000e-01 epsY=2.7000e-01 epsZ=2.2600e-01 
New pars ( 123): DC=6.1804e+00 r1=1.0854e+02 r2=8.4958e+02 p=6.5000e-01 epsV=3.9000e-01 epsX=2.7000e-01 epsY=2.7000e-01 epsZ=2.2600e-01 
New pars ( 124): DC=6.1804e+00 r1=1.0854e+02 r2=8.4873e+02 p=6.5000e-01 epsV=3.9000e-01 epsX=2.7000e-01 epsY=2.7000e-01 epsZ=2.2600e-01 
New pars ( 125): DC=6.1804e+00 r1=1.0854e+02 r2=8.4620e+02 p=6.5000e-01 epsV=3.9000e-01 epsX=2.7000e-01 epsY=2.7000e-01 epsZ=2.2600e-01 
New pars ( 126): DC=6.1804e+00 r1=1.0854e+02 r2=8.4062e+02 p=6.5000e-01 epsV=3.9000e-01 epsX=2.7000e-01 epsY=2.7000e-01 epsZ=2.2600e-01 
New pars ( 127): DC=6.1827e+00 r1=1.0854e+02 r2=8.4062e+02 p=6.5000e-01 epsV=3.9000e-01 epsX=2.7000e-01 epsY=2.7000e-01 epsZ=2.2600e-01 
New pars ( 128): DC=6.1780e+00 r1=1.0854e+02 r2=8.4062e+02 p=6.5000e-01 epsV=3.9000e-01 epsX=2.7000e-01 epsY=2.7000e-01 epsZ=2.2600e-01 
New pars ( 129): DC=6.1804e+00 r1=1.0858e+02 r2=8.4062e+02 p=6.5000e-01 epsV=3.9000e-01 epsX=2.7000e-01 epsY=2.7000e-01 epsZ=2.2600e-01 
New pars ( 130): DC=6.1804e+00 r1=1.0851e+02 r2=8.4062e+02 p=6.5000e-01 epsV=3.9000e-01 epsX=2.7000e-01 epsY=2.7000e-01 epsZ=2.2600e-01 
New pars ( 131): DC=6.1804e+00 r1=1.0854e+02 r2=8.4063e+02 p=6.5000e-01 epsV=3.9000e-01 epsX=2.7000e-01 epsY=2.7000e-01 epsZ=2.2600e-01 
New pars ( 132): DC=6.1804e+00 r1=1.0854e+02 r2=8.4061e+02 p=6.5000e-01 epsV=3.9000e-01 epsX=2.7000e-01 epsY=2.7000e-01 epsZ=2.2600e-01 
New pars ( 133): DC=6.1804e+00 r1=1.0854e+02 r2=8.4065e+02 p=6.5000e-01 epsV=3.9000e-01 epsX=2.7000e-01 epsY=2.7000e-01 epsZ=2.2600e-01 
New pars ( 134): DC=6.1804e+00 r1=1.0854e+02 r2=8.4060e+02 p=6.5000e-01 epsV=3.9000e-01 epsX=2.7000e-01 epsY=2.7000e-01 epsZ=2.2600e-01 
New pars ( 135): DC=6.1804e+00 r1=1.0854e+02 r2=8.4062e+02 p=6.5016e-01 epsV=3.9000e-01 epsX=2.7000e-01 epsY=2.7000e-01 epsZ=2.2600e-01 
New pars ( 136): DC=6.1804e+00 r1=1.0854e+02 r2=8.4062e+02 p=6.4984e-01 epsV=3.9000e-01 epsX=2.7000e-01 epsY=2.7000e-01 epsZ=2.2600e-01 
New pars ( 137): DC=6.1804e+00 r1=1.0854e+02 r2=8.4062e+02 p=6.5000e-01 epsV=3.9015e-01 epsX=2.7000e-01 epsY=2.7000e-01 epsZ=2.2600e-01 
New pars ( 138): DC=6.1804e+00 r1=1.0854e+02 r2=8.4060e+02 p=6.5000e-01 epsV=3.9000e-01 epsX=2.7000e-01 epsY=2.7000e-01 epsZ=2.2600e-01 
New pars ( 139): DC=6.1804e+00 r1=1.0854e+02 r2=8.4050e+02 p=6.5000e-01 epsV=3.9000e-01 epsX=2.7000e-01 epsY=2.7000e-01 epsZ=2.2600e-01 
New pars ( 140): DC=6.1804e+00 r1=1.0854e+02 r2=8.4025e+02 p=6.5000e-01 epsV=3.9000e-01 epsX=2.7000e-01 epsY=2.7000e-01 epsZ=2.2600e-01 
New pars ( 141): DC=6.1804e+00 r1=1.0854e+02 r2=8.3952e+02 p=6.5000e-01 epsV=3.9000e-01 epsX=2.7000e-01 epsY=2.7000e-01 epsZ=2.2600e-01 
New pars ( 142): DC=6.1804e+00 r1=1.0854e+02 r2=8.3730e+02 p=6.5000e-01 epsV=3.9000e-01 epsX=2.7000e-01 epsY=2.7000e-01 epsZ=2.2600e-01 
New pars ( 143): DC=6.1804e+00 r1=1.0854e+02 r2=8.3066e+02 p=6.5000e-01 epsV=3.9000e-01 epsX=2.7000e-01 epsY=2.7000e-01 epsZ=2.2600e-01 
New pars ( 144): DC=6.1804e+00 r1=1.0854e+02 r2=8.1603e+02 p=6.5000e-01 epsV=3.9000e-01 epsX=2.7000e-01 epsY=2.7000e-01 epsZ=2.2600e-01 
New pars ( 145): DC=6.1824e+00 r1=1.0854e+02 r2=8.1603e+02 p=6.5000e-01 epsV=3.9000e-01 epsX=2.7000e-01 epsY=2.7000e-01 epsZ=2.2600e-01 
New pars ( 146): DC=6.1784e+00 r1=1.0854e+02 r2=8.1603e+02 p=6.5000e-01 epsV=3.9000e-01 epsX=2.7000e-01 epsY=2.7000e-01 epsZ=2.2600e-01 
New pars ( 147): DC=6.1804e+00 r1=1.0858e+02 r2=8.1603e+02 p=6.5000e-01 epsV=3.9000e-01 epsX=2.7000e-01 epsY=2.7000e-01 epsZ=2.2600e-01 
New pars ( 148): DC=6.1804e+00 r1=1.0851e+02 r2=8.1603e+02 p=6.5000e-01 epsV=3.9000e-01 epsX=2.7000e-01 epsY=2.7000e-01 epsZ=2.2600e-01 
New pars ( 149): DC=6.1804e+00 r1=1.0854e+02 r2=8.1607e+02 p=6.5000e-01 epsV=3.9000e-01 epsX=2.7000e-01 epsY=2.7000e-01 epsZ=2.2600e-01 
New pars ( 150): DC=6.1804e+00 r1=1.0854e+02 r2=8.1599e+02 p=6.5000e-01 epsV=3.9000e-01 epsX=2.7000e-01 epsY=2.7000e-01 epsZ=2.2600e-01 
New pars ( 151): DC=6.1804e+00 r1=1.0854e+02 r2=8.1613e+02 p=6.5000e-01 epsV=3.9000e-01 epsX=2.7000e-01 epsY=2.7000e-01 epsZ=2.2600e-01 
New pars ( 152): DC=6.1804e+00 r1=1.0854e+02 r2=8.1593e+02 p=6.5000e-01 epsV=3.9000e-01 epsX=2.7000e-01 epsY=2.7000e-01 epsZ=2.2600e-01 
New pars ( 153): DC=6.1804e+00 r1=1.0854e+02 r2=8.1603e+02 p=6.5012e-01 epsV=3.9000e-01 epsX=2.7000e-01 epsY=2.7000e-01 epsZ=2.2600e-01 
New pars ( 154): DC=6.1804e+00 r1=1.0854e+02 r2=8.1603e+02 p=6.4988e-01 epsV=3.9000e-01 epsX=2.7000e-01 epsY=2.7000e-01 epsZ=2.2600e-01 
New pars ( 155): DC=6.1804e+00 r1=1.0854e+02 r2=8.1603e+02 p=6.5000e-01 epsV=3.9011e-01 epsX=2.7000e-01 epsY=2.7000e-01 epsZ=2.2600e-01 
New pars ( 156): DC=5.6065e+00 r1=5.3161e+01 r2=6.9419e+02 p=3.5746e-01 epsV=2.2052e-01 epsX=-4.4914e-01 epsY=-8.7020e-01 epsZ=3.7149e-02 
New pars ( 157): DC=6.0784e+00 r1=9.8701e+01 r2=7.9438e+02 p=5.9801e-01 epsV=3.5988e-01 epsX=1.4220e-01 epsY=6.7369e-02 epsZ=1.9244e-01 
New pars ( 158): DC=6.0797e+00 r1=9.8701e+01 r2=7.9438e+02 p=5.9801e-01 epsV=3.5988e-01 epsX=1.4220e-01 epsY=6.7369e-02 epsZ=1.9244e-01 
New pars ( 159): DC=6.0771e+00 r1=9.8701e+01 r2=7.9438e+02 p=5.9801e-01 epsV=3.5988e-01 epsX=1.4220e-01 epsY=6.7369e-02 epsZ=1.9244e-01 
New pars ( 160): DC=6.0784e+00 r1=9.8721e+01 r2=7.9438e+02 p=5.9801e-01 epsV=3.5988e-01 epsX=1.4220e-01 epsY=6.7369e-02 epsZ=1.9244e-01 
New pars ( 161): DC=6.0784e+00 r1=9.8681e+01 r2=7.9438e+02 p=5.9801e-01 epsV=3.5988e-01 epsX=1.4220e-01 epsY=6.7369e-02 epsZ=1.9244e-01 
New pars ( 162): DC=6.0784e+00 r1=9.8701e+01 r2=7.9442e+02 p=5.9801e-01 epsV=3.5988e-01 epsX=1.4220e-01 epsY=6.7369e-02 epsZ=1.9244e-01 
New pars ( 163): DC=6.0784e+00 r1=9.8701e+01 r2=7.9433e+02 p=5.9801e-01 epsV=3.5988e-01 epsX=1.4220e-01 epsY=6.7369e-02 epsZ=1.9244e-01 
New pars ( 164): DC=6.0784e+00 r1=9.8701e+01 r2=7.9441e+02 p=5.9801e-01 epsV=3.5988e-01 epsX=1.4220e-01 epsY=6.7369e-02 epsZ=1.9244e-01 
New pars ( 165): DC=6.0784e+00 r1=9.8701e+01 r2=7.9435e+02 p=5.9801e-01 epsV=3.5988e-01 epsX=1.4220e-01 epsY=6.7369e-02 epsZ=1.9244e-01 
New pars ( 166): DC=6.0784e+00 r1=9.8701e+01 r2=7.9438e+02 p=5.9809e-01 epsV=3.5988e-01 epsX=1.4220e-01 epsY=6.7369e-02 epsZ=1.9244e-01 
New pars ( 167): DC=6.0784e+00 r1=9.8701e+01 r2=7.9438e+02 p=5.9793e-01 epsV=3.5988e-01 epsX=1.4220e-01 epsY=6.7369e-02 epsZ=1.9244e-01 
New pars ( 168): DC=6.0784e+00 r1=9.8701e+01 r2=7.9438e+02 p=5.9805e-01 epsV=3.5988e-01 epsX=1.4220e-01 epsY=6.7369e-02 epsZ=1.9244e-01 
New pars ( 169): DC=6.0784e+00 r1=9.8701e+01 r2=7.9438e+02 p=5.9797e-01 epsV=3.5988e-01 epsX=1.4220e-01 epsY=6.7369e-02 epsZ=1.9244e-01 
New pars ( 170): DC=6.0784e+00 r1=9.8701e+01 r2=7.9438e+02 p=5.9801e-01 epsV=3.5996e-01 epsX=1.4220e-01 epsY=6.7369e-02 epsZ=1.9244e-01 
New pars ( 171): DC=7.4509e+00 r1=8.6943e+01 r2=7.8160e+02 p=4.6764e-01 epsV=3.9497e-01 epsX=2.4765e-01 epsY=4.7245e-01 epsZ=2.3954e-01 
New pars ( 172): DC=7.0305e+00 r1=9.0545e+01 r2=7.8551e+02 p=5.0757e-01 epsV=3.8422e-01 epsX=2.1535e-01 epsY=3.4837e-01 epsZ=2.2511e-01 
New pars ( 173): DC=7.0307e+00 r1=9.0545e+01 r2=7.8551e+02 p=5.0757e-01 epsV=3.8422e-01 epsX=2.1535e-01 epsY=3.4837e-01 epsZ=2.2511e-01 
New pars ( 174): DC=7.0302e+00 r1=9.0545e+01 r2=7.8551e+02 p=5.0757e-01 epsV=3.8422e-01 epsX=2.1535e-01 epsY=3.4837e-01 epsZ=2.2511e-01 
New pars ( 175): DC=7.0305e+00 r1=9.0548e+01 r2=7.8551e+02 p=5.0757e-01 epsV=3.8422e-01 epsX=2.1535e-01 epsY=3.4837e-01 epsZ=2.2511e-01 
New pars ( 176): DC=7.0305e+00 r1=9.0541e+01 r2=7.8551e+02 p=5.0757e-01 epsV=3.8422e-01 epsX=2.1535e-01 epsY=3.4837e-01 epsZ=2.2511e-01 
New pars ( 177): DC=7.0305e+00 r1=9.0545e+01 r2=7.8552e+02 p=5.0757e-01 epsV=3.8422e-01 epsX=2.1535e-01 epsY=3.4837e-01 epsZ=2.2511e-01 
New pars ( 178): DC=7.0305e+00 r1=9.0545e+01 r2=7.8551e+02 p=5.0757e-01 epsV=3.8422e-01 epsX=2.1535e-01 epsY=3.4837e-01 epsZ=2.2511e-01 
New pars ( 179): DC=7.0305e+00 r1=9.0545e+01 r2=7.8551e+02 p=5.0758e-01 epsV=3.8422e-01 epsX=2.1535e-01 epsY=3.4837e-01 epsZ=2.2511e-01 
New pars ( 180): DC=7.0305e+00 r1=9.0545e+01 r2=7.8551e+02 p=5.0757e-01 epsV=3.8422e-01 epsX=2.1535e-01 epsY=3.4837e-01 epsZ=2.2511e-01 
New pars ( 181): DC=7.0305e+00 r1=9.0545e+01 r2=7.8551e+02 p=5.0757e-01 epsV=3.8423e-01 epsX=2.1535e-01 epsY=3.4837e-01 epsZ=2.2511e-01 
New pars ( 182): DC=7.1559e+00 r1=9.2164e+01 r2=7.8518e+02 p=5.1056e-01 epsV=3.8612e-01 epsX=2.0149e-01 epsY=3.3198e-01 epsZ=2.2014e-01 
New pars ( 183): DC=7.2686e+00 r1=9.3620e+01 r2=7.8489e+02 p=5.1324e-01 epsV=3.8782e-01 epsX=1.8904e-01 epsY=3.1725e-01 epsZ=2.1567e-01 
New pars ( 184): DC=7.2689e+00 r1=9.3620e+01 r2=7.8489e+02 p=5.1324e-01 epsV=3.8782e-01 epsX=1.8904e-01 epsY=3.1725e-01 epsZ=2.1567e-01 
New pars ( 185): DC=7.2684e+00 r1=9.3620e+01 r2=7.8489e+02 p=5.1324e-01 epsV=3.8782e-01 epsX=1.8904e-01 epsY=3.1725e-01 epsZ=2.1567e-01 
New pars ( 186): DC=7.2690e+00 r1=9.3620e+01 r2=7.8489e+02 p=5.1324e-01 epsV=3.8782e-01 epsX=1.8904e-01 epsY=3.1725e-01 epsZ=2.1567e-01 
New pars ( 187): DC=7.2682e+00 r1=9.3620e+01 r2=7.8489e+02 p=5.1324e-01 epsV=3.8782e-01 epsX=1.8904e-01 epsY=3.1725e-01 epsZ=2.1567e-01 
New pars ( 188): DC=7.2686e+00 r1=9.3623e+01 r2=7.8489e+02 p=5.1324e-01 epsV=3.8782e-01 epsX=1.8904e-01 epsY=3.1725e-01 epsZ=2.1567e-01 
New pars ( 189): DC=7.2686e+00 r1=9.3617e+01 r2=7.8489e+02 p=5.1324e-01 epsV=3.8782e-01 epsX=1.8904e-01 epsY=3.1725e-01 epsZ=2.1567e-01 
New pars ( 190): DC=7.2686e+00 r1=9.3620e+01 r2=7.8489e+02 p=5.1324e-01 epsV=3.8782e-01 epsX=1.8904e-01 epsY=3.1725e-01 epsZ=2.1567e-01 
New pars ( 191): DC=7.2686e+00 r1=9.3620e+01 r2=7.8488e+02 p=5.1324e-01 epsV=3.8782e-01 epsX=1.8904e-01 epsY=3.1725e-01 epsZ=2.1567e-01 
New pars ( 192): DC=7.2686e+00 r1=9.3620e+01 r2=7.8489e+02 p=5.1324e-01 epsV=3.8782e-01 epsX=1.8904e-01 epsY=3.1725e-01 epsZ=2.1567e-01 
New pars ( 193): DC=7.2686e+00 r1=9.3620e+01 r2=7.8488e+02 p=5.1324e-01 epsV=3.8782e-01 epsX=1.8904e-01 epsY=3.1725e-01 epsZ=2.1567e-01 
New pars ( 194): DC=7.2686e+00 r1=9.3620e+01 r2=7.8489e+02 p=5.1325e-01 epsV=3.8782e-01 epsX=1.8904e-01 epsY=3.1725e-01 epsZ=2.1567e-01 
New pars ( 195): DC=7.2686e+00 r1=9.3620e+01 r2=7.8489e+02 p=5.1324e-01 epsV=3.8782e-01 epsX=1.8904e-01 epsY=3.1725e-01 epsZ=2.1567e-01 
New pars ( 196): DC=7.2686e+00 r1=9.3620e+01 r2=7.8489e+02 p=5.1324e-01 epsV=3.8782e-01 epsX=1.8904e-01 epsY=3.1725e-01 epsZ=2.1567e-01 
New pars ( 197): DC=7.2686e+00 r1=9.3620e+01 r2=7.8489e+02 p=5.1324e-01 epsV=3.8782e-01 epsX=1.8904e-01 epsY=3.1725e-01 epsZ=2.1567e-01 
New pars ( 198): DC=7.2686e+00 r1=9.3620e+01 r2=7.8489e+02 p=5.1324e-01 epsV=3.8782e-01 epsX=1.8904e-01 epsY=3.1725e-01 epsZ=2.1567e-01 
New pars ( 199): DC=7.4018e+00 r1=9.5282e+01 r2=7.8350e+02 p=5.1355e-01 epsV=3.8602e-01 epsX=1.8120e-01 epsY=2.7510e-01 epsZ=2.1157e-01 
New pars ( 200): DC=7.4817e+00 r1=9.6280e+01 r2=7.8267e+02 p=5.1373e-01 epsV=3.8495e-01 epsX=1.7650e-01 epsY=2.4981e-01 epsZ=2.0911e-01 
New pars ( 201): DC=7.4820e+00 r1=9.6280e+01 r2=7.8267e+02 p=5.1373e-01 epsV=3.8495e-01 epsX=1.7650e-01 epsY=2.4981e-01 epsZ=2.0911e-01 
New pars ( 202): DC=7.4814e+00 r1=9.6280e+01 r2=7.8267e+02 p=5.1373e-01 epsV=3.8495e-01 epsX=1.7650e-01 epsY=2.4981e-01 epsZ=2.0911e-01 
New pars ( 203): DC=7.4819e+00 r1=9.6280e+01 r2=7.8267e+02 p=5.1373e-01 epsV=3.8495e-01 epsX=1.7650e-01 epsY=2.4981e-01 epsZ=2.0911e-01 
New pars ( 204): DC=7.4815e+00 r1=9.6280e+01 r2=7.8267e+02 p=5.1373e-01 epsV=3.8495e-01 epsX=1.7650e-01 epsY=2.4981e-01 epsZ=2.0911e-01 
New pars ( 205): DC=7.4817e+00 r1=9.6282e+01 r2=7.8267e+02 p=5.1373e-01 epsV=3.8495e-01 epsX=1.7650e-01 epsY=2.4981e-01 epsZ=2.0911e-01 
New pars ( 206): DC=7.4817e+00 r1=9.6277e+01 r2=7.8267e+02 p=5.1373e-01 epsV=3.8495e-01 epsX=1.7650e-01 epsY=2.4981e-01 epsZ=2.0911e-01 
New pars ( 207): DC=7.4817e+00 r1=9.6280e+01 r2=7.8267e+02 p=5.1373e-01 epsV=3.8495e-01 epsX=1.7650e-01 epsY=2.4981e-01 epsZ=2.0911e-01 
New pars ( 208): DC=7.4817e+00 r1=9.6280e+01 r2=7.8267e+02 p=5.1373e-01 epsV=3.8495e-01 epsX=1.7650e-01 epsY=2.4981e-01 epsZ=2.0911e-01 
New pars ( 209): DC=7.4817e+00 r1=9.6280e+01 r2=7.8267e+02 p=5.1374e-01 epsV=3.8495e-01 epsX=1.7650e-01 epsY=2.4981e-01 epsZ=2.0911e-01 
New pars ( 210): DC=7.4817e+00 r1=9.6280e+01 r2=7.8267e+02 p=5.1373e-01 epsV=3.8495e-01 epsX=1.7650e-01 epsY=2.4981e-01 epsZ=2.0911e-01 
New pars ( 211): DC=7.4817e+00 r1=9.6280e+01 r2=7.8267e+02 p=5.1373e-01 epsV=3.8495e-01 epsX=1.7650e-01 epsY=2.4981e-01 epsZ=2.0911e-01 
New pars ( 212): DC=7.4922e+00 r1=9.6993e+01 r2=7.8196e+02 p=5.0985e-01 epsV=3.8619e-01 epsX=1.7481e-01 epsY=2.4722e-01 epsZ=2.0843e-01 
New pars ( 213): DC=7.5058e+00 r1=9.7911e+01 r2=7.8106e+02 p=5.0486e-01 epsV=3.8779e-01 epsX=1.7263e-01 epsY=2.4388e-01 epsZ=2.0755e-01 
New pars ( 214): DC=7.5060e+00 r1=9.7911e+01 r2=7.8106e+02 p=5.0486e-01 epsV=3.8779e-01 epsX=1.7263e-01 epsY=2.4388e-01 epsZ=2.0755e-01 
New pars ( 215): DC=7.5056e+00 r1=9.7911e+01 r2=7.8106e+02 p=5.0486e-01 epsV=3.8779e-01 epsX=1.7263e-01 epsY=2.4388e-01 epsZ=2.0755e-01 
New pars ( 216): DC=7.5058e+00 r1=9.7914e+01 r2=7.8106e+02 p=5.0486e-01 epsV=3.8779e-01 epsX=1.7263e-01 epsY=2.4388e-01 epsZ=2.0755e-01 
New pars ( 217): DC=7.5058e+00 r1=9.7908e+01 r2=7.8106e+02 p=5.0486e-01 epsV=3.8779e-01 epsX=1.7263e-01 epsY=2.4388e-01 epsZ=2.0755e-01 
New pars ( 218): DC=7.5058e+00 r1=9.7919e+01 r2=7.8106e+02 p=5.0486e-01 epsV=3.8779e-01 epsX=1.7263e-01 epsY=2.4388e-01 epsZ=2.0755e-01 
New pars ( 219): DC=7.5058e+00 r1=9.7903e+01 r2=7.8106e+02 p=5.0486e-01 epsV=3.8779e-01 epsX=1.7263e-01 epsY=2.4388e-01 epsZ=2.0755e-01 
New pars ( 220): DC=7.5058e+00 r1=9.7911e+01 r2=7.8106e+02 p=5.0486e-01 epsV=3.8779e-01 epsX=1.7263e-01 epsY=2.4388e-01 epsZ=2.0755e-01 
New pars ( 221): DC=7.5058e+00 r1=9.7911e+01 r2=7.8106e+02 p=5.0486e-01 epsV=3.8779e-01 epsX=1.7263e-01 epsY=2.4388e-01 epsZ=2.0755e-01 
New pars ( 222): DC=7.5058e+00 r1=9.7911e+01 r2=7.8106e+02 p=5.0486e-01 epsV=3.8779e-01 epsX=1.7263e-01 epsY=2.4388e-01 epsZ=2.0755e-01 
New pars ( 223): DC=7.5058e+00 r1=9.7911e+01 r2=7.8106e+02 p=5.0486e-01 epsV=3.8779e-01 epsX=1.7263e-01 epsY=2.4388e-01 epsZ=2.0755e-01 
New pars ( 224): DC=7.5058e+00 r1=9.7911e+01 r2=7.8106e+02 p=5.0486e-01 epsV=3.8779e-01 epsX=1.7263e-01 epsY=2.4388e-01 epsZ=2.0755e-01 
New pars ( 225): DC=7.4767e+00 r1=9.9420e+01 r2=7.8031e+02 p=5.0232e-01 epsV=3.8965e-01 epsX=1.6889e-01 epsY=2.3097e-01 epsZ=2.0602e-01 
New pars ( 226): DC=7.3664e+00 r1=1.0513e+02 r2=7.7745e+02 p=4.9272e-01 epsV=3.9669e-01 epsX=1.5476e-01 epsY=1.8213e-01 epsZ=2.0022e-01 
New pars ( 227): DC=7.3666e+00 r1=1.0513e+02 r2=7.7745e+02 p=4.9272e-01 epsV=3.9669e-01 epsX=1.5476e-01 epsY=1.8213e-01 epsZ=2.0022e-01 
New pars ( 228): DC=7.3661e+00 r1=1.0513e+02 r2=7.7745e+02 p=4.9272e-01 epsV=3.9669e-01 epsX=1.5476e-01 epsY=1.8213e-01 epsZ=2.0022e-01 
New pars ( 229): DC=7.3664e+00 r1=1.0513e+02 r2=7.7745e+02 p=4.9272e-01 epsV=3.9669e-01 epsX=1.5476e-01 epsY=1.8213e-01 epsZ=2.0022e-01 
New pars ( 230): DC=7.3664e+00 r1=1.0512e+02 r2=7.7745e+02 p=4.9272e-01 epsV=3.9669e-01 epsX=1.5476e-01 epsY=1.8213e-01 epsZ=2.0022e-01 
New pars ( 231): DC=7.3664e+00 r1=1.0513e+02 r2=7.7746e+02 p=4.9272e-01 epsV=3.9669e-01 epsX=1.5476e-01 epsY=1.8213e-01 epsZ=2.0022e-01 
New pars ( 232): DC=7.3664e+00 r1=1.0513e+02 r2=7.7745e+02 p=4.9272e-01 epsV=3.9669e-01 epsX=1.5476e-01 epsY=1.8213e-01 epsZ=2.0022e-01 
New pars ( 233): DC=7.3664e+00 r1=1.0513e+02 r2=7.7745e+02 p=4.9272e-01 epsV=3.9669e-01 epsX=1.5476e-01 epsY=1.8213e-01 epsZ=2.0022e-01 
New pars ( 234): DC=7.3664e+00 r1=1.0513e+02 r2=7.7745e+02 p=4.9271e-01 epsV=3.9669e-01 epsX=1.5476e-01 epsY=1.8213e-01 epsZ=2.0022e-01 
New pars ( 235): DC=7.3664e+00 r1=1.0513e+02 r2=7.7745e+02 p=4.9272e-01 epsV=3.9669e-01 epsX=1.5476e-01 epsY=1.8213e-01 epsZ=2.0022e-01 
New pars ( 236): DC=7.3487e+00 r1=1.0479e+02 r2=7.7768e+02 p=4.9276e-01 epsV=3.9702e-01 epsX=1.5597e-01 epsY=1.9113e-01 epsZ=2.0074e-01 
New pars ( 237): DC=7.3532e+00 r1=1.0488e+02 r2=7.7763e+02 p=4.9275e-01 epsV=3.9693e-01 epsX=1.5566e-01 epsY=1.8883e-01 epsZ=2.0060e-01 
New pars ( 238): DC=7.3534e+00 r1=1.0488e+02 r2=7.7763e+02 p=4.9275e-01 epsV=3.9693e-01 epsX=1.5566e-01 epsY=1.8883e-01 epsZ=2.0060e-01 
New pars ( 239): DC=7.3530e+00 r1=1.0488e+02 r2=7.7763e+02 p=4.9275e-01 epsV=3.9693e-01 epsX=1.5566e-01 epsY=1.8883e-01 epsZ=2.0060e-01 
New pars ( 240): DC=7.3532e+00 r1=1.0488e+02 r2=7.7763e+02 p=4.9275e-01 epsV=3.9693e-01 epsX=1.5566e-01 epsY=1.8883e-01 epsZ=2.0060e-01 
New pars ( 241): DC=7.3532e+00 r1=1.0488e+02 r2=7.7763e+02 p=4.9275e-01 epsV=3.9693e-01 epsX=1.5566e-01 epsY=1.8883e-01 epsZ=2.0060e-01 
New pars ( 242): DC=7.3532e+00 r1=1.0488e+02 r2=7.7763e+02 p=4.9275e-01 epsV=3.9693e-01 epsX=1.5566e-01 epsY=1.8883e-01 epsZ=2.0060e-01 
New pars ( 243): DC=7.3532e+00 r1=1.0488e+02 r2=7.7762e+02 p=4.9275e-01 epsV=3.9693e-01 epsX=1.5566e-01 epsY=1.8883e-01 epsZ=2.0060e-01 
New pars ( 244): DC=7.3532e+00 r1=1.0488e+02 r2=7.7763e+02 p=4.9275e-01 epsV=3.9693e-01 epsX=1.5566e-01 epsY=1.8883e-01 epsZ=2.0060e-01 
New pars ( 245): DC=7.3532e+00 r1=1.0488e+02 r2=7.7762e+02 p=4.9275e-01 epsV=3.9693e-01 epsX=1.5566e-01 epsY=1.8883e-01 epsZ=2.0060e-01 
New pars ( 246): DC=7.3532e+00 r1=1.0488e+02 r2=7.7763e+02 p=4.9275e-01 epsV=3.9693e-01 epsX=1.5566e-01 epsY=1.8883e-01 epsZ=2.0060e-01 
New pars ( 247): DC=7.3532e+00 r1=1.0488e+02 r2=7.7763e+02 p=4.9275e-01 epsV=3.9693e-01 epsX=1.5566e-01 epsY=1.8883e-01 epsZ=2.0060e-01 
New pars ( 248): DC=7.3532e+00 r1=1.0488e+02 r2=7.7763e+02 p=4.9275e-01 epsV=3.9693e-01 epsX=1.5566e-01 epsY=1.8883e-01 epsZ=2.0060e-01 
New pars ( 249): DC=7.3532e+00 r1=1.0488e+02 r2=7.7763e+02 p=4.9275e-01 epsV=3.9693e-01 epsX=1.5566e-01 epsY=1.8883e-01 epsZ=2.0060e-01 
New pars ( 250): DC=7.3532e+00 r1=1.0488e+02 r2=7.7763e+02 p=4.9275e-01 epsV=3.9693e-01 epsX=1.5566e-01 epsY=1.8883e-01 epsZ=2.0060e-01 
New pars ( 251): DC=7.3539e+00 r1=1.0491e+02 r2=7.7761e+02 p=4.9266e-01 epsV=3.9699e-01 epsX=1.5556e-01 epsY=1.8837e-01 epsZ=2.0060e-01 
New pars ( 252): DC=7.3543e+00 r1=1.0492e+02 r2=7.7759e+02 p=4.9261e-01 epsV=3.9702e-01 epsX=1.5551e-01 epsY=1.8812e-01 epsZ=2.0059e-01 
New pars ( 253): DC=7.3545e+00 r1=1.0492e+02 r2=7.7759e+02 p=4.9261e-01 epsV=3.9702e-01 epsX=1.5551e-01 epsY=1.8812e-01 epsZ=2.0059e-01 
New pars ( 254): DC=7.3541e+00 r1=1.0492e+02 r2=7.7759e+02 p=4.9261e-01 epsV=3.9702e-01 epsX=1.5551e-01 epsY=1.8812e-01 epsZ=2.0059e-01 
New pars ( 255): DC=7.3543e+00 r1=1.0493e+02 r2=7.7759e+02 p=4.9261e-01 epsV=3.9702e-01 epsX=1.5551e-01 epsY=1.8812e-01 epsZ=2.0059e-01 
New pars ( 256): DC=7.3543e+00 r1=1.0492e+02 r2=7.7759e+02 p=4.9261e-01 epsV=3.9702e-01 epsX=1.5551e-01 epsY=1.8812e-01 epsZ=2.0059e-01 
New pars ( 257): DC=7.3543e+00 r1=1.0492e+02 r2=7.7760e+02 p=4.9261e-01 epsV=3.9702e-01 epsX=1.5551e-01 epsY=1.8812e-01 epsZ=2.0059e-01 
New pars ( 258): DC=7.3543e+00 r1=1.0492e+02 r2=7.7759e+02 p=4.9261e-01 epsV=3.9702e-01 epsX=1.5551e-01 epsY=1.8812e-01 epsZ=2.0059e-01 
New pars ( 259): DC=7.3543e+00 r1=1.0492e+02 r2=7.7759e+02 p=4.9261e-01 epsV=3.9702e-01 epsX=1.5551e-01 epsY=1.8812e-01 epsZ=2.0059e-01 
New pars ( 260): DC=7.3543e+00 r1=1.0492e+02 r2=7.7759e+02 p=4.9260e-01 epsV=3.9702e-01 epsX=1.5551e-01 epsY=1.8812e-01 epsZ=2.0059e-01 
New pars ( 261): DC=7.3543e+00 r1=1.0492e+02 r2=7.7759e+02 p=4.9262e-01 epsV=3.9702e-01 epsX=1.5551e-01 epsY=1.8812e-01 epsZ=2.0059e-01 
New pars ( 262): DC=7.3543e+00 r1=1.0492e+02 r2=7.7759e+02 p=4.9260e-01 epsV=3.9702e-01 epsX=1.5551e-01 epsY=1.8812e-01 epsZ=2.0059e-01 
New pars ( 263): DC=7.3543e+00 r1=1.0492e+02 r2=7.7759e+02 p=4.9261e-01 epsV=3.9702e-01 epsX=1.5551e-01 epsY=1.8812e-01 epsZ=2.0059e-01 
New pars ( 264): DC=7.3544e+00 r1=1.0492e+02 r2=7.7760e+02 p=4.9261e-01 epsV=3.9704e-01 epsX=1.5550e-01 epsY=1.8773e-01 epsZ=2.0065e-01 
New pars ( 265): DC=7.3549e+00 r1=1.0492e+02 r2=7.7761e+02 p=4.9261e-01 epsV=3.9712e-01 epsX=1.5549e-01 epsY=1.8617e-01 epsZ=2.0086e-01 
New pars ( 266): DC=7.3562e+00 r1=1.0492e+02 r2=7.7764e+02 p=4.9261e-01 epsV=3.9734e-01 epsX=1.5547e-01 epsY=1.8227e-01 epsZ=2.0141e-01 
New pars ( 267): DC=7.3600e+00 r1=1.0492e+02 r2=7.7774e+02 p=4.9261e-01 epsV=3.9798e-01 epsX=1.5540e-01 epsY=1.7059e-01 epsZ=2.0303e-01 
New pars ( 268): DC=7.3619e+00 r1=1.0492e+02 r2=7.7778e+02 p=4.9260e-01 epsV=3.9831e-01 epsX=1.5536e-01 epsY=1.6474e-01 epsZ=2.0384e-01 
New pars ( 269): DC=7.3622e+00 r1=1.0492e+02 r2=7.7778e+02 p=4.9260e-01 epsV=3.9831e-01 epsX=1.5536e-01 epsY=1.6474e-01 epsZ=2.0384e-01 
New pars ( 270): DC=7.3617e+00 r1=1.0492e+02 r2=7.7778e+02 p=4.9260e-01 epsV=3.9831e-01 epsX=1.5536e-01 epsY=1.6474e-01 epsZ=2.0384e-01 
New pars ( 271): DC=7.3619e+00 r1=1.0492e+02 r2=7.7778e+02 p=4.9260e-01 epsV=3.9831e-01 epsX=1.5536e-01 epsY=1.6474e-01 epsZ=2.0384e-01 
New pars ( 272): DC=7.3619e+00 r1=1.0491e+02 r2=7.7778e+02 p=4.9260e-01 epsV=3.9831e-01 epsX=1.5536e-01 epsY=1.6474e-01 epsZ=2.0384e-01 
New pars ( 273): DC=7.3619e+00 r1=1.0492e+02 r2=7.7779e+02 p=4.9260e-01 epsV=3.9831e-01 epsX=1.5536e-01 epsY=1.6474e-01 epsZ=2.0384e-01 
New pars ( 274): DC=7.3619e+00 r1=1.0492e+02 r2=7.7778e+02 p=4.9260e-01 epsV=3.9831e-01 epsX=1.5536e-01 epsY=1.6474e-01 epsZ=2.0384e-01 
New pars ( 275): DC=7.3619e+00 r1=1.0492e+02 r2=7.7778e+02 p=4.9262e-01 epsV=3.9831e-01 epsX=1.5536e-01 epsY=1.6474e-01 epsZ=2.0384e-01 
New pars ( 276): DC=7.3619e+00 r1=1.0492e+02 r2=7.7778e+02 p=4.9259e-01 epsV=3.9831e-01 epsX=1.5536e-01 epsY=1.6474e-01 epsZ=2.0384e-01 
New pars ( 277): DC=7.3619e+00 r1=1.0492e+02 r2=7.7778e+02 p=4.9260e-01 epsV=3.9831e-01 epsX=1.5536e-01 epsY=1.6474e-01 epsZ=2.0384e-01 
New pars ( 278): DC=7.3628e+00 r1=1.0480e+02 r2=7.7795e+02 p=4.9247e-01 epsV=3.9907e-01 epsX=1.5592e-01 epsY=1.5066e-01 epsZ=2.0624e-01 
New pars ( 279): DC=7.3651e+00 r1=1.0448e+02 r2=7.7842e+02 p=4.9210e-01 epsV=4.0123e-01 epsX=1.5751e-01 epsY=1.1075e-01 epsZ=2.1303e-01 
New pars ( 280): DC=7.3653e+00 r1=1.0448e+02 r2=7.7842e+02 p=4.9210e-01 epsV=4.0123e-01 epsX=1.5751e-01 epsY=1.1075e-01 epsZ=2.1303e-01 
New pars ( 281): DC=7.3648e+00 r1=1.0448e+02 r2=7.7842e+02 p=4.9210e-01 epsV=4.0123e-01 epsX=1.5751e-01 epsY=1.1075e-01 epsZ=2.1303e-01 
New pars ( 282): DC=7.3651e+00 r1=1.0449e+02 r2=7.7842e+02 p=4.9210e-01 epsV=4.0123e-01 epsX=1.5751e-01 epsY=1.1075e-01 epsZ=2.1303e-01 
New pars ( 283): DC=7.3651e+00 r1=1.0448e+02 r2=7.7842e+02 p=4.9210e-01 epsV=4.0123e-01 epsX=1.5751e-01 epsY=1.1075e-01 epsZ=2.1303e-01 
New pars ( 284): DC=7.3651e+00 r1=1.0448e+02 r2=7.7842e+02 p=4.9210e-01 epsV=4.0123e-01 epsX=1.5751e-01 epsY=1.1075e-01 epsZ=2.1303e-01 
New pars ( 285): DC=7.3651e+00 r1=1.0448e+02 r2=7.7841e+02 p=4.9210e-01 epsV=4.0123e-01 epsX=1.5751e-01 epsY=1.1075e-01 epsZ=2.1303e-01 
New pars ( 286): DC=7.3651e+00 r1=1.0448e+02 r2=7.7842e+02 p=4.9211e-01 epsV=4.0123e-01 epsX=1.5751e-01 epsY=1.1075e-01 epsZ=2.1303e-01 
New pars ( 287): DC=7.3651e+00 r1=1.0448e+02 r2=7.7842e+02 p=4.9209e-01 epsV=4.0123e-01 epsX=1.5751e-01 epsY=1.1075e-01 epsZ=2.1303e-01 
New pars ( 288): DC=7.3651e+00 r1=1.0448e+02 r2=7.7842e+02 p=4.9210e-01 epsV=4.0124e-01 epsX=1.5751e-01 epsY=1.1075e-01 epsZ=2.1303e-01 
New pars ( 289): DC=7.3646e+00 r1=1.0450e+02 r2=7.7841e+02 p=4.9205e-01 epsV=4.0126e-01 epsX=1.5753e-01 epsY=1.1003e-01 epsZ=2.1304e-01 
New pars ( 290): DC=7.3648e+00 r1=1.0450e+02 r2=7.7841e+02 p=4.9205e-01 epsV=4.0126e-01 epsX=1.5753e-01 epsY=1.1003e-01 epsZ=2.1304e-01 
New pars ( 291): DC=7.3644e+00 r1=1.0450e+02 r2=7.7841e+02 p=4.9205e-01 epsV=4.0126e-01 epsX=1.5753e-01 epsY=1.1003e-01 epsZ=2.1304e-01 
New pars ( 292): DC=7.3646e+00 r1=1.0451e+02 r2=7.7841e+02 p=4.9205e-01 epsV=4.0126e-01 epsX=1.5753e-01 epsY=1.1003e-01 epsZ=2.1304e-01 
New pars ( 293): DC=7.3646e+00 r1=1.0450e+02 r2=7.7841e+02 p=4.9205e-01 epsV=4.0126e-01 epsX=1.5753e-01 epsY=1.1003e-01 epsZ=2.1304e-01 
New pars ( 294): DC=7.3646e+00 r1=1.0450e+02 r2=7.7842e+02 p=4.9205e-01 epsV=4.0126e-01 epsX=1.5753e-01 epsY=1.1003e-01 epsZ=2.1304e-01 
New pars ( 295): DC=7.3646e+00 r1=1.0450e+02 r2=7.7840e+02 p=4.9205e-01 epsV=4.0126e-01 epsX=1.5753e-01 epsY=1.1003e-01 epsZ=2.1304e-01 
New pars ( 296): DC=7.3646e+00 r1=1.0450e+02 r2=7.7841e+02 p=4.9207e-01 epsV=4.0126e-01 epsX=1.5753e-01 epsY=1.1003e-01 epsZ=2.1304e-01 
New pars ( 297): DC=7.3646e+00 r1=1.0450e+02 r2=7.7841e+02 p=4.9204e-01 epsV=4.0126e-01 epsX=1.5753e-01 epsY=1.1003e-01 epsZ=2.1304e-01 
New pars ( 298): DC=7.3646e+00 r1=1.0450e+02 r2=7.7841e+02 p=4.9205e-01 epsV=4.0127e-01 epsX=1.5753e-01 epsY=1.1003e-01 epsZ=2.1304e-01 
New pars ( 299): DC=7.3648e+00 r1=1.0449e+02 r2=7.7843e+02 p=4.9206e-01 epsV=4.0129e-01 epsX=1.5759e-01 epsY=1.0947e-01 epsZ=2.1311e-01 
New pars ( 300): DC=7.3653e+00 r1=1.0445e+02 r2=7.7848e+02 p=4.9210e-01 epsV=4.0141e-01 epsX=1.5783e-01 epsY=1.0722e-01 epsZ=2.1337e-01 
New pars ( 301): DC=7.3656e+00 r1=1.0443e+02 r2=7.7852e+02 p=4.9212e-01 epsV=4.0149e-01 epsX=1.5798e-01 epsY=1.0578e-01 epsZ=2.1354e-01 
New pars ( 302): DC=7.3659e+00 r1=1.0443e+02 r2=7.7852e+02 p=4.9212e-01 epsV=4.0149e-01 epsX=1.5798e-01 epsY=1.0578e-01 epsZ=2.1354e-01 
New pars ( 303): DC=7.3654e+00 r1=1.0443e+02 r2=7.7852e+02 p=4.9212e-01 epsV=4.0149e-01 epsX=1.5798e-01 epsY=1.0578e-01 epsZ=2.1354e-01 
New pars ( 304): DC=7.3656e+00 r1=1.0443e+02 r2=7.7852e+02 p=4.9212e-01 epsV=4.0149e-01 epsX=1.5798e-01 epsY=1.0578e-01 epsZ=2.1354e-01 
New pars ( 305): DC=7.3656e+00 r1=1.0442e+02 r2=7.7852e+02 p=4.9212e-01 epsV=4.0149e-01 epsX=1.5798e-01 epsY=1.0578e-01 epsZ=2.1354e-01 
New pars ( 306): DC=7.3656e+00 r1=1.0443e+02 r2=7.7853e+02 p=4.9212e-01 epsV=4.0149e-01 epsX=1.5798e-01 epsY=1.0578e-01 epsZ=2.1354e-01 
New pars ( 307): DC=7.3656e+00 r1=1.0443e+02 r2=7.7851e+02 p=4.9212e-01 epsV=4.0149e-01 epsX=1.5798e-01 epsY=1.0578e-01 epsZ=2.1354e-01 
New pars ( 308): DC=7.3656e+00 r1=1.0443e+02 r2=7.7852e+02 p=4.9213e-01 epsV=4.0149e-01 epsX=1.5798e-01 epsY=1.0578e-01 epsZ=2.1354e-01 
New pars ( 309): DC=7.3656e+00 r1=1.0443e+02 r2=7.7852e+02 p=4.9211e-01 epsV=4.0149e-01 epsX=1.5798e-01 epsY=1.0578e-01 epsZ=2.1354e-01 
New pars ( 310): DC=7.3656e+00 r1=1.0443e+02 r2=7.7852e+02 p=4.9212e-01 epsV=4.0150e-01 epsX=1.5798e-01 epsY=1.0578e-01 epsZ=2.1354e-01 
New pars ( 311): DC=7.3657e+00 r1=1.0441e+02 r2=7.7856e+02 p=4.9210e-01 epsV=4.0159e-01 epsX=1.5820e-01 epsY=1.0489e-01 epsZ=2.1347e-01 
New pars ( 312): DC=7.3658e+00 r1=1.0434e+02 r2=7.7874e+02 p=4.9201e-01 epsV=4.0200e-01 epsX=1.5905e-01 epsY=1.0131e-01 epsZ=2.1318e-01 
New pars ( 313): DC=7.3662e+00 r1=1.0418e+02 r2=7.7916e+02 p=4.9178e-01 epsV=4.0301e-01 epsX=1.6118e-01 epsY=9.2375e-02 epsZ=2.1247e-01 
New pars ( 314): DC=7.3672e+00 r1=1.0369e+02 r2=7.8045e+02 p=4.9111e-01 epsV=4.0605e-01 epsX=1.6757e-01 epsY=6.5566e-02 epsZ=2.1035e-01 
New pars ( 315): DC=7.3681e+00 r1=1.0330e+02 r2=7.8148e+02 p=4.9057e-01 epsV=4.0849e-01 epsX=1.7268e-01 epsY=4.4098e-02 epsZ=2.0864e-01 
New pars ( 316): DC=7.3679e+00 r1=1.0339e+02 r2=7.8125e+02 p=4.9069e-01 epsV=4.0796e-01 epsX=1.7156e-01 epsY=4.8804e-02 epsZ=2.0901e-01 
New pars ( 317): DC=7.3681e+00 r1=1.0339e+02 r2=7.8125e+02 p=4.9069e-01 epsV=4.0796e-01 epsX=1.7156e-01 epsY=4.8804e-02 epsZ=2.0901e-01 
New pars ( 318): DC=7.3677e+00 r1=1.0339e+02 r2=7.8125e+02 p=4.9069e-01 epsV=4.0796e-01 epsX=1.7156e-01 epsY=4.8804e-02 epsZ=2.0901e-01 
New pars ( 319): DC=7.3679e+00 r1=1.0339e+02 r2=7.8125e+02 p=4.9069e-01 epsV=4.0796e-01 epsX=1.7156e-01 epsY=4.8804e-02 epsZ=2.0901e-01 
New pars ( 320): DC=7.3679e+00 r1=1.0339e+02 r2=7.8125e+02 p=4.9069e-01 epsV=4.0796e-01 epsX=1.7156e-01 epsY=4.8804e-02 epsZ=2.0901e-01 
New pars ( 321): DC=7.3679e+00 r1=1.0339e+02 r2=7.8126e+02 p=4.9069e-01 epsV=4.0796e-01 epsX=1.7156e-01 epsY=4.8804e-02 epsZ=2.0901e-01 
New pars ( 322): DC=7.3679e+00 r1=1.0339e+02 r2=7.8124e+02 p=4.9069e-01 epsV=4.0796e-01 epsX=1.7156e-01 epsY=4.8804e-02 epsZ=2.0901e-01 
New pars ( 323): DC=7.3679e+00 r1=1.0339e+02 r2=7.8125e+02 p=4.9070e-01 epsV=4.0796e-01 epsX=1.7156e-01 epsY=4.8804e-02 epsZ=2.0901e-01 
New pars ( 324): DC=7.3679e+00 r1=1.0339e+02 r2=7.8125e+02 p=4.9067e-01 epsV=4.0796e-01 epsX=1.7156e-01 epsY=4.8804e-02 epsZ=2.0901e-01 
New pars ( 325): DC=7.3679e+00 r1=1.0339e+02 r2=7.8125e+02 p=4.9069e-01 epsV=4.0796e-01 epsX=1.7156e-01 epsY=4.8804e-02 epsZ=2.0901e-01 
New pars ( 326): DC=7.3679e+00 r1=1.0323e+02 r2=7.8166e+02 p=4.9058e-01 epsV=4.0882e-01 epsX=1.7362e-01 epsY=3.9961e-02 epsZ=2.0840e-01 
New pars ( 327): DC=7.3678e+00 r1=1.0317e+02 r2=7.8182e+02 p=4.9053e-01 epsV=4.0917e-01 epsX=1.7445e-01 epsY=3.6390e-02 epsZ=2.0815e-01 
New pars ( 328): DC=7.3681e+00 r1=1.0317e+02 r2=7.8182e+02 p=4.9053e-01 epsV=4.0917e-01 epsX=1.7445e-01 epsY=3.6390e-02 epsZ=2.0815e-01 
New pars ( 329): DC=7.3676e+00 r1=1.0317e+02 r2=7.8182e+02 p=4.9053e-01 epsV=4.0917e-01 epsX=1.7445e-01 epsY=3.6390e-02 epsZ=2.0815e-01 
New pars ( 330): DC=7.3678e+00 r1=1.0317e+02 r2=7.8182e+02 p=4.9053e-01 epsV=4.0917e-01 epsX=1.7445e-01 epsY=3.6390e-02 epsZ=2.0815e-01 
New pars ( 331): DC=7.3678e+00 r1=1.0316e+02 r2=7.8182e+02 p=4.9053e-01 epsV=4.0917e-01 epsX=1.7445e-01 epsY=3.6390e-02 epsZ=2.0815e-01 
New pars ( 332): DC=7.3678e+00 r1=1.0317e+02 r2=7.8183e+02 p=4.9053e-01 epsV=4.0917e-01 epsX=1.7445e-01 epsY=3.6390e-02 epsZ=2.0815e-01 
New pars ( 333): DC=7.3678e+00 r1=1.0317e+02 r2=7.8181e+02 p=4.9053e-01 epsV=4.0917e-01 epsX=1.7445e-01 epsY=3.6390e-02 epsZ=2.0815e-01 
New pars ( 334): DC=7.3678e+00 r1=1.0317e+02 r2=7.8182e+02 p=4.9055e-01 epsV=4.0917e-01 epsX=1.7445e-01 epsY=3.6390e-02 epsZ=2.0815e-01 
New pars ( 335): DC=7.3678e+00 r1=1.0317e+02 r2=7.8182e+02 p=4.9052e-01 epsV=4.0917e-01 epsX=1.7445e-01 epsY=3.6390e-02 epsZ=2.0815e-01 
New pars ( 336): DC=7.3678e+00 r1=1.0317e+02 r2=7.8182e+02 p=4.9053e-01 epsV=4.0918e-01 epsX=1.7445e-01 epsY=3.6390e-02 epsZ=2.0815e-01 
New pars ( 337): DC=7.3690e+00 r1=1.0302e+02 r2=7.8216e+02 p=4.9038e-01 epsV=4.1010e-01 epsX=1.7602e-01 epsY=2.5011e-02 epsZ=2.0860e-01 
New pars ( 338): DC=7.3689e+00 r1=1.0303e+02 r2=7.8214e+02 p=4.9039e-01 epsV=4.1003e-01 epsX=1.7591e-01 epsY=2.5843e-02 epsZ=2.0856e-01 
New pars ( 339): DC=7.3691e+00 r1=1.0303e+02 r2=7.8214e+02 p=4.9039e-01 epsV=4.1003e-01 epsX=1.7591e-01 epsY=2.5843e-02 epsZ=2.0856e-01 
New pars ( 340): DC=7.3687e+00 r1=1.0303e+02 r2=7.8214e+02 p=4.9039e-01 epsV=4.1003e-01 epsX=1.7591e-01 epsY=2.5843e-02 epsZ=2.0856e-01 
New pars ( 341): DC=7.3689e+00 r1=1.0304e+02 r2=7.8214e+02 p=4.9039e-01 epsV=4.1003e-01 epsX=1.7591e-01 epsY=2.5843e-02 epsZ=2.0856e-01 
New pars ( 342): DC=7.3689e+00 r1=1.0303e+02 r2=7.8214e+02 p=4.9039e-01 epsV=4.1003e-01 epsX=1.7591e-01 epsY=2.5843e-02 epsZ=2.0856e-01 
New pars ( 343): DC=7.3689e+00 r1=1.0303e+02 r2=7.8215e+02 p=4.9039e-01 epsV=4.1003e-01 epsX=1.7591e-01 epsY=2.5843e-02 epsZ=2.0856e-01 
New pars ( 344): DC=7.3689e+00 r1=1.0303e+02 r2=7.8213e+02 p=4.9039e-01 epsV=4.1003e-01 epsX=1.7591e-01 epsY=2.5843e-02 epsZ=2.0856e-01 
New pars ( 345): DC=7.3689e+00 r1=1.0303e+02 r2=7.8214e+02 p=4.9041e-01 epsV=4.1003e-01 epsX=1.7591e-01 epsY=2.5843e-02 epsZ=2.0856e-01 
New pars ( 346): DC=7.3689e+00 r1=1.0303e+02 r2=7.8214e+02 p=4.9038e-01 epsV=4.1003e-01 epsX=1.7591e-01 epsY=2.5843e-02 epsZ=2.0856e-01 
New pars ( 347): DC=7.3689e+00 r1=1.0303e+02 r2=7.8214e+02 p=4.9039e-01 epsV=4.1004e-01 epsX=1.7591e-01 epsY=2.5843e-02 epsZ=2.0856e-01 
New pars ( 348): DC=7.3690e+00 r1=1.0303e+02 r2=7.8214e+02 p=4.9038e-01 epsV=4.1005e-01 epsX=1.7592e-01 epsY=2.5349e-02 epsZ=2.0864e-01 
New pars ( 349): DC=7.3690e+00 r1=1.0303e+02 r2=7.8214e+02 p=4.9038e-01 epsV=4.1005e-01 epsX=1.7592e-01 epsY=2.5385e-02 epsZ=2.0864e-01 
New pars ( 350): DC=7.3690e+00 r1=1.0303e+02 r2=7.8214e+02 p=4.9038e-01 epsV=4.1005e-01 epsX=1.7592e-01 epsY=2.5256e-02 epsZ=2.0866e-01 
New pars ( 351): DC=7.3692e+00 r1=1.0303e+02 r2=7.8214e+02 p=4.9038e-01 epsV=4.1005e-01 epsX=1.7592e-01 epsY=2.5349e-02 epsZ=2.0864e-01 
New pars ( 352): DC=7.3688e+00 r1=1.0303e+02 r2=7.8214e+02 p=4.9038e-01 epsV=4.1005e-01 epsX=1.7592e-01 epsY=2.5349e-02 epsZ=2.0864e-01 
New pars ( 353): DC=7.3690e+00 r1=1.0304e+02 r2=7.8214e+02 p=4.9038e-01 epsV=4.1005e-01 epsX=1.7592e-01 epsY=2.5349e-02 epsZ=2.0864e-01 
New pars ( 354): DC=7.3690e+00 r1=1.0303e+02 r2=7.8214e+02 p=4.9038e-01 epsV=4.1005e-01 epsX=1.7592e-01 epsY=2.5349e-02 epsZ=2.0864e-01 
New pars ( 355): DC=7.3690e+00 r1=1.0303e+02 r2=7.8215e+02 p=4.9038e-01 epsV=4.1005e-01 epsX=1.7592e-01 epsY=2.5349e-02 epsZ=2.0864e-01 
New pars ( 356): DC=7.3690e+00 r1=1.0303e+02 r2=7.8213e+02 p=4.9038e-01 epsV=4.1005e-01 epsX=1.7592e-01 epsY=2.5349e-02 epsZ=2.0864e-01 
New pars ( 357): DC=7.3690e+00 r1=1.0303e+02 r2=7.8214e+02 p=4.9039e-01 epsV=4.1005e-01 epsX=1.7592e-01 epsY=2.5349e-02 epsZ=2.0864e-01 
New pars ( 358): DC=7.3690e+00 r1=1.0303e+02 r2=7.8214e+02 p=4.9037e-01 epsV=4.1005e-01 epsX=1.7592e-01 epsY=2.5349e-02 epsZ=2.0864e-01 
New pars ( 359): DC=7.3690e+00 r1=1.0303e+02 r2=7.8214e+02 p=4.9038e-01 epsV=4.1006e-01 epsX=1.7592e-01 epsY=2.5349e-02 epsZ=2.0864e-01 
New pars ( 360): DC=7.3690e+00 r1=1.0303e+02 r2=7.8215e+02 p=4.9038e-01 epsV=4.1007e-01 epsX=1.7596e-01 epsY=2.5178e-02 epsZ=2.0863e-01 
New pars ( 361): DC=7.3690e+00 r1=1.0303e+02 r2=7.8214e+02 p=4.9038e-01 epsV=4.1005e-01 epsX=1.7592e-01 epsY=2.5340e-02 epsZ=2.0864e-01 
New pars ( 362): DC=7.3690e+00 r1=1.0303e+02 r2=7.8214e+02 p=4.9038e-01 epsV=4.1005e-01 epsX=1.7592e-01 epsY=2.5348e-02 epsZ=2.0864e-01 
New pars ( 363): DC=7.3690e+00 r1=1.0303e+02 r2=7.8214e+02 p=4.9038e-01 epsV=4.1005e-01 epsX=1.7592e-01 epsY=2.5349e-02 epsZ=2.0864e-01 
New pars ( 364): DC=7.3690e+00 r1=1.0303e+02 r2=7.8214e+02 p=4.9038e-01 epsV=4.1005e-01 epsX=1.7592e-01 epsY=2.5349e-02 epsZ=2.0864e-01 
New pars ( 365): DC=7.3692e+00 r1=1.0303e+02 r2=7.8214e+02 p=4.9038e-01 epsV=4.1005e-01 epsX=1.7592e-01 epsY=2.5349e-02 epsZ=2.0864e-01 
New pars ( 366): DC=7.3688e+00 r1=1.0303e+02 r2=7.8214e+02 p=4.9038e-01 epsV=4.1005e-01 epsX=1.7592e-01 epsY=2.5349e-02 epsZ=2.0864e-01 
New pars ( 367): DC=7.3690e+00 r1=1.0304e+02 r2=7.8214e+02 p=4.9038e-01 epsV=4.1005e-01 epsX=1.7592e-01 epsY=2.5349e-02 epsZ=2.0864e-01 
New pars ( 368): DC=7.3690e+00 r1=1.0303e+02 r2=7.8214e+02 p=4.9038e-01 epsV=4.1005e-01 epsX=1.7592e-01 epsY=2.5349e-02 epsZ=2.0864e-01 
New pars ( 369): DC=7.3690e+00 r1=1.0303e+02 r2=7.8215e+02 p=4.9038e-01 epsV=4.1005e-01 epsX=1.7592e-01 epsY=2.5349e-02 epsZ=2.0864e-01 
New pars ( 370): DC=7.3690e+00 r1=1.0303e+02 r2=7.8213e+02 p=4.9038e-01 epsV=4.1005e-01 epsX=1.7592e-01 epsY=2.5349e-02 epsZ=2.0864e-01 
New pars ( 371): DC=7.3690e+00 r1=1.0303e+02 r2=7.8214e+02 p=4.9039e-01 epsV=4.1005e-01 epsX=1.7592e-01 epsY=2.5349e-02 epsZ=2.0864e-01 
New pars ( 372): DC=7.3690e+00 r1=1.0303e+02 r2=7.8214e+02 p=4.9037e-01 epsV=4.1005e-01 epsX=1.7592e-01 epsY=2.5349e-02 epsZ=2.0864e-01 
New pars ( 373): DC=7.3690e+00 r1=1.0303e+02 r2=7.8214e+02 p=4.9038e-01 epsV=4.1006e-01 epsX=1.7592e-01 epsY=2.5349e-02 epsZ=2.0864e-01 
New pars ( 374): DC=7.3691e+00 r1=1.0303e+02 r2=7.8214e+02 p=4.9038e-01 epsV=4.1005e-01 epsX=1.7592e-01 epsY=2.5349e-02 epsZ=2.0864e-01 
New pars ( 375): DC=7.3690e+00 r1=1.0303e+02 r2=7.8214e+02 p=4.9038e-01 epsV=4.1005e-01 epsX=1.7592e-01 epsY=2.5349e-02 epsZ=2.0864e-01 
New pars ( 376): DC=7.3690e+00 r1=1.0303e+02 r2=7.8214e+02 p=4.9038e-01 epsV=4.1005e-01 epsX=1.7592e-01 epsY=2.5349e-02 epsZ=2.0864e-01 
New pars ( 377): DC=7.3690e+00 r1=1.0303e+02 r2=7.8214e+02 p=4.9038e-01 epsV=4.1005e-01 epsX=1.7592e-01 epsY=2.5349e-02 epsZ=2.0864e-01 
New pars ( 378): DC=7.3690e+00 r1=1.0303e+02 r2=7.8214e+02 p=4.9038e-01 epsV=4.1005e-01 epsX=1.7592e-01 epsY=2.5349e-02 epsZ=2.0864e-01 
New pars ( 379): DC=7.3690e+00 r1=1.0303e+02 r2=7.8214e+02 p=4.9038e-01 epsV=4.1005e-01 epsX=1.7592e-01 epsY=2.5349e-02 epsZ=2.0864e-01 
New pars ( 380): DC=7.3690e+00 r1=1.0303e+02 r2=7.8214e+02 p=4.9038e-01 epsV=4.1005e-01 epsX=1.7592e-01 epsY=2.5349e-02 epsZ=2.0864e-01 
New pars ( 381): DC=7.3690e+00 r1=1.0303e+02 r2=7.8214e+02 p=4.9038e-01 epsV=4.1005e-01 epsX=1.7592e-01 epsY=2.5349e-02 epsZ=2.0864e-01 
New pars ( 382): DC=7.3690e+00 r1=1.0303e+02 r2=7.8214e+02 p=4.9038e-01 epsV=4.1005e-01 epsX=1.7592e-01 epsY=2.5349e-02 epsZ=2.0864e-01 
New pars ( 383): DC=7.3690e+00 r1=1.0303e+02 r2=7.8214e+02 p=4.9038e-01 epsV=4.1005e-01 epsX=1.7592e-01 epsY=2.5349e-02 epsZ=2.0864e-01 
New pars ( 384): DC=7.3690e+00 r1=1.0303e+02 r2=7.8214e+02 p=4.9038e-01 epsV=4.1005e-01 epsX=1.7592e-01 epsY=2.5349e-02 epsZ=2.0864e-01 
New pars ( 385): DC=7.3690e+00 r1=1.0303e+02 r2=7.8214e+02 p=4.9038e-01 epsV=4.1005e-01 epsX=1.7592e-01 epsY=2.5349e-02 epsZ=2.0864e-01 
New pars ( 386): DC=7.3690e+00 r1=1.0303e+02 r2=7.8214e+02 p=4.9039e-01 epsV=4.1005e-01 epsX=1.7592e-01 epsY=2.5349e-02 epsZ=2.0864e-01 
New pars ( 387): DC=7.3690e+00 r1=1.0303e+02 r2=7.8214e+02 p=4.9038e-01 epsV=4.1005e-01 epsX=1.7592e-01 epsY=2.5349e-02 epsZ=2.0864e-01 
New pars ( 388): DC=7.3690e+00 r1=1.0303e+02 r2=7.8214e+02 p=4.9038e-01 epsV=4.1005e-01 epsX=1.7592e-01 epsY=2.5349e-02 epsZ=2.0864e-01 
New pars ( 389): DC=7.3690e+00 r1=1.0303e+02 r2=7.8214e+02 p=4.9038e-01 epsV=4.1005e-01 epsX=1.7592e-01 epsY=2.5349e-02 epsZ=2.0864e-01 
New pars ( 390): DC=7.3690e+00 r1=1.0303e+02 r2=7.8214e+02 p=4.9038e-01 epsV=4.1005e-01 epsX=1.7592e-01 epsY=2.5349e-02 epsZ=2.0864e-01 
New pars ( 391): DC=7.3692e+00 r1=1.0304e+02 r2=7.8214e+02 p=4.9038e-01 epsV=4.1005e-01 epsX=1.7592e-01 epsY=2.5349e-02 epsZ=2.0864e-01 
New pars ( 392): DC=7.3692e+00 r1=1.0303e+02 r2=7.8215e+02 p=4.9038e-01 epsV=4.1005e-01 epsX=1.7592e-01 epsY=2.5349e-02 epsZ=2.0864e-01 
New pars ( 393): DC=7.3690e+00 r1=1.0304e+02 r2=7.8215e+02 p=4.9038e-01 epsV=4.1005e-01 epsX=1.7592e-01 epsY=2.5349e-02 epsZ=2.0864e-01 
New pars ( 394): DC=7.3692e+00 r1=1.0303e+02 r2=7.8214e+02 p=4.9039e-01 epsV=4.1005e-01 epsX=1.7592e-01 epsY=2.5349e-02 epsZ=2.0864e-01 
New pars ( 395): DC=7.3690e+00 r1=1.0304e+02 r2=7.8214e+02 p=4.9039e-01 epsV=4.1005e-01 epsX=1.7592e-01 epsY=2.5349e-02 epsZ=2.0864e-01 
New pars ( 396): DC=7.3690e+00 r1=1.0303e+02 r2=7.8215e+02 p=4.9039e-01 epsV=4.1005e-01 epsX=1.7592e-01 epsY=2.5349e-02 epsZ=2.0864e-01 
New pars ( 397): DC=7.3692e+00 r1=1.0303e+02 r2=7.8214e+02 p=4.9038e-01 epsV=4.1006e-01 epsX=1.7592e-01 epsY=2.5349e-02 epsZ=2.0864e-01 
New pars ( 398): DC=7.3690e+00 r1=1.0304e+02 r2=7.8214e+02 p=4.9038e-01 epsV=4.1006e-01 epsX=1.7592e-01 epsY=2.5349e-02 epsZ=2.0864e-01 
New pars ( 399): DC=7.3690e+00 r1=1.0303e+02 r2=7.8215e+02 p=4.9038e-01 epsV=4.1006e-01 epsX=1.7592e-01 epsY=2.5349e-02 epsZ=2.0864e-01 
New pars ( 400): DC=7.3690e+00 r1=1.0303e+02 r2=7.8214e+02 p=4.9039e-01 epsV=4.1006e-01 epsX=1.7592e-01 epsY=2.5349e-02 epsZ=2.0864e-01 
New pars ( 401): DC=7.3692e+00 r1=1.0303e+02 r2=7.8214e+02 p=4.9038e-01 epsV=4.1005e-01 epsX=1.7598e-01 epsY=2.5349e-02 epsZ=2.0864e-01 
New pars ( 402): DC=7.3690e+00 r1=1.0304e+02 r2=7.8214e+02 p=4.9038e-01 epsV=4.1005e-01 epsX=1.7598e-01 epsY=2.5349e-02 epsZ=2.0864e-01 
New pars ( 403): DC=7.3690e+00 r1=1.0303e+02 r2=7.8215e+02 p=4.9038e-01 epsV=4.1005e-01 epsX=1.7598e-01 epsY=2.5349e-02 epsZ=2.0864e-01 
New pars ( 404): DC=7.3690e+00 r1=1.0303e+02 r2=7.8214e+02 p=4.9039e-01 epsV=4.1005e-01 epsX=1.7598e-01 epsY=2.5349e-02 epsZ=2.0864e-01 
New pars ( 405): DC=7.3690e+00 r1=1.0303e+02 r2=7.8214e+02 p=4.9038e-01 epsV=4.1006e-01 epsX=1.7598e-01 epsY=2.5349e-02 epsZ=2.0864e-01 
New pars ( 406): DC=7.3692e+00 r1=1.0303e+02 r2=7.8214e+02 p=4.9038e-01 epsV=4.1005e-01 epsX=1.7592e-01 epsY=2.5408e-02 epsZ=2.0864e-01 
New pars ( 407): DC=7.3690e+00 r1=1.0304e+02 r2=7.8214e+02 p=4.9038e-01 epsV=4.1005e-01 epsX=1.7592e-01 epsY=2.5408e-02 epsZ=2.0864e-01 
New pars ( 408): DC=7.3690e+00 r1=1.0303e+02 r2=7.8215e+02 p=4.9038e-01 epsV=4.1005e-01 epsX=1.7592e-01 epsY=2.5408e-02 epsZ=2.0864e-01 
New pars ( 409): DC=7.3690e+00 r1=1.0303e+02 r2=7.8214e+02 p=4.9039e-01 epsV=4.1005e-01 epsX=1.7592e-01 epsY=2.5408e-02 epsZ=2.0864e-01 
New pars ( 410): DC=7.3690e+00 r1=1.0303e+02 r2=7.8214e+02 p=4.9038e-01 epsV=4.1006e-01 epsX=1.7592e-01 epsY=2.5408e-02 epsZ=2.0864e-01 
New pars ( 411): DC=7.3692e+00 r1=1.0303e+02 r2=7.8214e+02 p=4.9038e-01 epsV=4.1005e-01 epsX=1.7592e-01 epsY=2.5349e-02 epsZ=2.0866e-01 
New pars ( 412): DC=7.3690e+00 r1=1.0304e+02 r2=7.8214e+02 p=4.9038e-01 epsV=4.1005e-01 epsX=1.7592e-01 epsY=2.5349e-02 epsZ=2.0866e-01 
New pars ( 413): DC=7.3690e+00 r1=1.0303e+02 r2=7.8215e+02 p=4.9038e-01 epsV=4.1005e-01 epsX=1.7592e-01 epsY=2.5349e-02 epsZ=2.0866e-01 
New pars ( 414): DC=7.3690e+00 r1=1.0303e+02 r2=7.8214e+02 p=4.9039e-01 epsV=4.1005e-01 epsX=1.7592e-01 epsY=2.5349e-02 epsZ=2.0866e-01 
New pars ( 415): DC=7.3690e+00 r1=1.0303e+02 r2=7.8214e+02 p=4.9038e-01 epsV=4.1006e-01 epsX=1.7592e-01 epsY=2.5349e-02 epsZ=2.0866e-01 
New pars ( 416): DC=7.3696e+00 r1=1.0303e+02 r2=7.8218e+02 p=4.9038e-01 epsV=4.1006e-01 epsX=1.7601e-01 epsY=2.5210e-02 epsZ=2.0849e-01 
New pars ( 417): DC=7.3691e+00 r1=1.0303e+02 r2=7.8214e+02 p=4.9038e-01 epsV=4.1005e-01 epsX=1.7593e-01 epsY=2.5335e-02 epsZ=2.0863e-01 
New pars ( 418): DC=7.3690e+00 r1=1.0303e+02 r2=7.8214e+02 p=4.9038e-01 epsV=4.1005e-01 epsX=1.7592e-01 epsY=2.5348e-02 epsZ=2.0864e-01 
New pars ( 419): DC=7.3690e+00 r1=1.0303e+02 r2=7.8214e+02 p=4.9038e-01 epsV=4.1005e-01 epsX=1.7592e-01 epsY=2.5349e-02 epsZ=2.0864e-01 
New pars ( 420): DC=7.3690e+00 r1=1.0303e+02 r2=7.8214e+02 p=4.9038e-01 epsV=4.1005e-01 epsX=1.7592e-01 epsY=2.5349e-02 epsZ=2.0864e-01 
New pars ( 421): DC=7.3690e+00 r1=1.0303e+02 r2=7.8214e+02 p=4.9038e-01 epsV=4.1005e-01 epsX=1.7592e-01 epsY=2.5349e-02 epsZ=2.0864e-01 

Fitting done in 1220000 clicks (1.220000 seconds).
Fit status = 4
Cov status = 2

****************************************
         Invalid FitResult  (status = 4 )
****************************************
Minimizer is Minuit / MigradImproved
Chi2                      =       983.24
NDf                       =          976
Edm                       =  0.000212388
NCalls                    =          687
# Cyc's                   =          525                      	 (fixed)
Bin width                 =          250                      	 (fixed)
DC rate                   =      7.36901   +/-   0.0464976   
Rate 1                    =      103.032   +/-   0.622239    
Rate 2                    =       782.14   +/-   2.64142     
Rate 3                    =            0                      	 (fixed)
Capt eff                  =     0.490383   +/-   0.00129535  
Capt ret                  =            1                      	 (fixed)
T eff                     =         0.13                      	 (fixed)
U eff                     =         0.13                      	 (fixed)
V eff                     =     0.410049   +/-   0.00163246  
W eff                     =            1                      	 (fixed)
X eff                     =     0.175918   +/-   0.0134347   
Y eff                     =    0.0253486   +/-   0.0145894   
Z eff                     =     0.208641   +/-   0.0112941   
T1 loss                   =            0                      	 (fixed)
T2 loss                   =       0.0285                      	 (fixed)
T3 loss                   =            0                      	 (fixed)
U1 loss                   =     8.42e-08                      	 (fixed)
U2 loss                   =     8.42e-08                      	 (fixed)
U3 loss                   =        10000                      	 (fixed)

Integrals computed in 380000 clicks (0.380000 seconds).
Errors computed in 1330000 clicks (1.330000 seconds).

~~~~~~~~~~~~~~~~~~~~~~~~~~~~~~~~~~~~~~~~~~~~~~~~~~~~~~~~~~~~~~~~~~~~~
NUMBER OF BETAS DETECTED, by population:
~~~~~~~~~~~~~~~~~~~~~~~~~~~~~~~~~~~~~~~~~~~~~~~~~~~~~~~~~~~~~~~~~~~~~
T1 integral = 499284.7 +/- 0.0
U1 integral = 220972.3 +/- 0.0
T2 integral = 1701159.3 +/- 0.0
U2 integral = 2132223.6 +/- 0.0
T3 integral = 0.0 +/- 0.0
U3 integral = 0.1 +/- 0.0
DC integral = 951707.6 +/- 0.0
~~~~~~~~~~~~~~~~~~~~~~~~~~~~~~~~~~~~~~~~~~~~~~~~~~~~~~~~~~~~~~~~~~~~~
Sum of above = 5505347.9 +/- 0.0 <-- no cov in unc
All integral = 5505358.5 +/- 0.0
~~~~~~~~~~~~~~~~~~~~~~~~~~~~~~~~~~~~~~~~~~~~~~~~~~~~~~~~~~~~~~~~~~~~~


BFit2 done. Timer = 3.9 sec.
Elapsed time = 3.83 sec.

