Timestamp = Mon Apr  6 14:51:07 2015

Importing metadata from CSV files...
Imported 68 BDN cases
Imported 48 BFit cases
Performing BFit with BDN case 135sb08 and BFit case 135sb08_01

BFit started. Timer = 0.07 sec.

~~~~~~~~~~~~~~~~~~~~~~~~~~~~~~~~~~~~~~~~~~~~~~~~~~~~~~~~~~~~~~~~~~~~~
BETA SINGLES MODEL
~~~~~~~~~~~~~~~~~~~~~~~~~~~~~~~~~~~~~~~~~~~~~~~~~~~~~~~~~~~~~~~~~~~~~
Case: 135sb08
File: /music/bpt1/bpt/bdn/shane/135sb/rootfiles/135sb08.root
Histogram: h_betas_vs_cycle_time
Total cycle time	=     30.000 s
Background time		=     10.100 s
Capture cycle time	=      1.000 s
Last capture time	=      0.900 s
135-Sn halflife		=      0.530 s  (lifetime      0.765 s)
135-Sb halflife		=      1.679 s  (lifetime      2.422 s)
135-Te halflife		=     19.000 s  (lifetime     27.411 s)
~~~~~~~~~~~~~~~~~~~~~~~~~~~~~~~~~~~~~~~~~~~~~~~~~~~~~~~~~~~~~~~~~~~~~
HISTOGRAM REBINNED
   Number of hist bins = 300
   Number of fn points = 30000
   Number of pts/bin   = 100
~~~~~~~~~~~~~~~~~~~~~~~~~~~~~~~~~~~~~~~~~~~~~~~~~~~~~~~~~~~~~~~~~~~~~
Doing fit with option string: QROMES
~~~~~~~~~~~~~~~~~~~~~~~~~~~~~~~~~~~~~~~~~~~~~~~~~~~~~~~~~~~~~~~~~~~~~
PARAMETER SEED VALUES
~~~~~~~~~~~~~~~~~~~~~~~~~~~~~~~~~~~~~~~~~~~~~~~~~~~~~~~~~~~~~~~~~~~~~
      Par name  Varying?	Par init val and step
~~~~~~~~~~~~~~~~~~~~~~~~~~~~~~~~~~~~~~~~~~~~~~~~~~~~~~~~~~~~~~~~~~~~~
       # Cyc's         0	5486 +/- 0.01
     Bin width         0	100 +/- 0.01
       DC rate         1	6.5 +/- 0.1
        Rate 1         0	0 +/- 0.5
        Rate 2         1	50 +/- 0.5
        Rate 3         0	0 +/- 0.05
      Capt eff         1	0.496 +/- 0.01
      Capt ret         0	1 +/- 0.01
         T eff         0	0.13 +/- 0.01
         U eff         0	0.13 +/- 0.01
         V eff         0	0.39 +/- 0.01
         W eff         0	0 +/- 0.001
         X eff         0	0.27 +/- 0.01
         Y eff         0	0 +/- 0.01
         Z eff         0	0.226 +/- 0.03
       T1 loss         0	0 +/- 0.005
       T2 loss         0	0.03 +/- 0.001
       T3 loss         0	0 +/- 0.001
       U1 loss         0	2e-10 +/- 0.005
       U2 loss         0	2e-10 +/- 0.005
       U3 loss         0	2e-10 +/- 0.01
~~~~~~~~~~~~~~~~~~~~~~~~~~~~~~~~~~~~~~~~~~~~~~~~~~~~~~~~~~~~~~~~~~~~~

Ini pars (   0): DC=6.5000e+00 r2=5.0000e+01 p=4.9600e-01 
New pars (   1): DC=6.5061e+00 r2=5.0000e+01 p=4.9600e-01 
New pars (   2): DC=6.4939e+00 r2=5.0000e+01 p=4.9600e-01 
New pars (   3): DC=6.5006e+00 r2=5.0000e+01 p=4.9600e-01 
New pars (   4): DC=6.4994e+00 r2=5.0000e+01 p=4.9600e-01 
New pars (   5): DC=6.5000e+00 r2=5.0031e+01 p=4.9600e-01 
New pars (   6): DC=6.5000e+00 r2=4.9969e+01 p=4.9600e-01 
New pars (   7): DC=6.5000e+00 r2=5.0007e+01 p=4.9600e-01 
New pars (   8): DC=6.5000e+00 r2=4.9993e+01 p=4.9600e-01 
New pars (   9): DC=6.5000e+00 r2=5.0000e+01 p=4.9661e-01 
New pars (  10): DC=6.5000e+00 r2=5.0000e+01 p=4.9539e-01 
New pars (  11): DC=6.5000e+00 r2=5.0000e+01 p=4.9615e-01 
New pars (  12): DC=6.5000e+00 r2=5.0000e+01 p=4.9585e-01 
New pars (  13): DC=7.3945e+00 r2=6.0772e+01 p=6.9200e-01 
New pars (  14): DC=6.8564e+00 r2=5.4292e+01 p=5.7409e-01 
New pars (  15): DC=6.8566e+00 r2=5.4292e+01 p=5.7409e-01 
New pars (  16): DC=6.8562e+00 r2=5.4292e+01 p=5.7409e-01 
New pars (  17): DC=6.8564e+00 r2=5.4294e+01 p=5.7409e-01 
New pars (  18): DC=6.8564e+00 r2=5.4289e+01 p=5.7409e-01 
New pars (  19): DC=6.8564e+00 r2=5.4292e+01 p=5.7414e-01 
New pars (  20): DC=6.8564e+00 r2=5.4292e+01 p=5.7404e-01 
New pars (  21): DC=6.9577e+00 r2=5.4104e+01 p=5.6229e-01 
New pars (  22): DC=7.1827e+00 r2=5.3687e+01 p=5.3607e-01 
New pars (  23): DC=7.1829e+00 r2=5.3687e+01 p=5.3607e-01 
New pars (  24): DC=7.1826e+00 r2=5.3687e+01 p=5.3607e-01 
New pars (  25): DC=7.1827e+00 r2=5.3689e+01 p=5.3607e-01 
New pars (  26): DC=7.1827e+00 r2=5.3685e+01 p=5.3607e-01 
New pars (  27): DC=7.1827e+00 r2=5.3687e+01 p=5.3611e-01 
New pars (  28): DC=7.1827e+00 r2=5.3687e+01 p=5.3603e-01 
New pars (  29): DC=7.2377e+00 r2=5.3140e+01 p=5.1320e-01 
New pars (  30): DC=7.2584e+00 r2=5.2934e+01 p=5.0460e-01 
New pars (  31): DC=7.2586e+00 r2=5.2934e+01 p=5.0460e-01 
New pars (  32): DC=7.2583e+00 r2=5.2934e+01 p=5.0460e-01 
New pars (  33): DC=7.2584e+00 r2=5.2936e+01 p=5.0460e-01 
New pars (  34): DC=7.2584e+00 r2=5.2932e+01 p=5.0460e-01 
New pars (  35): DC=7.2584e+00 r2=5.2934e+01 p=5.0465e-01 
New pars (  36): DC=7.2584e+00 r2=5.2934e+01 p=5.0456e-01 
New pars (  37): DC=7.2607e+00 r2=5.3087e+01 p=5.0055e-01 
New pars (  38): DC=7.2696e+00 r2=5.3701e+01 p=4.8435e-01 
New pars (  39): DC=7.2918e+00 r2=5.5234e+01 p=4.4386e-01 
New pars (  40): DC=7.3164e+00 r2=5.6930e+01 p=3.9903e-01 
New pars (  41): DC=7.3046e+00 r2=5.6116e+01 p=4.2055e-01 
New pars (  42): DC=7.3047e+00 r2=5.6116e+01 p=4.2055e-01 
New pars (  43): DC=7.3044e+00 r2=5.6116e+01 p=4.2055e-01 
New pars (  44): DC=7.3046e+00 r2=5.6118e+01 p=4.2055e-01 
New pars (  45): DC=7.3046e+00 r2=5.6113e+01 p=4.2055e-01 
New pars (  46): DC=7.3046e+00 r2=5.6116e+01 p=4.2059e-01 
New pars (  47): DC=7.3046e+00 r2=5.6116e+01 p=4.2051e-01 
New pars (  48): DC=7.2769e+00 r2=5.8812e+01 p=3.8173e-01 
New pars (  49): DC=7.2223e+00 r2=6.4139e+01 p=3.0505e-01 
New pars (  50): DC=7.2391e+00 r2=6.2494e+01 p=3.2872e-01 
New pars (  51): DC=7.2393e+00 r2=6.2494e+01 p=3.2872e-01 
New pars (  52): DC=7.2390e+00 r2=6.2494e+01 p=3.2872e-01 
New pars (  53): DC=7.2391e+00 r2=6.2497e+01 p=3.2872e-01 
New pars (  54): DC=7.2391e+00 r2=6.2492e+01 p=3.2872e-01 
New pars (  55): DC=7.2391e+00 r2=6.2494e+01 p=3.2875e-01 
New pars (  56): DC=7.2391e+00 r2=6.2494e+01 p=3.2868e-01 
New pars (  57): DC=7.2171e+00 r2=6.3178e+01 p=3.3088e-01 
New pars (  58): DC=7.1759e+00 r2=6.4455e+01 p=3.3491e-01 
New pars (  59): DC=7.1760e+00 r2=6.4455e+01 p=3.3491e-01 
New pars (  60): DC=7.1757e+00 r2=6.4455e+01 p=3.3491e-01 
New pars (  61): DC=7.1759e+00 r2=6.4457e+01 p=3.3491e-01 
New pars (  62): DC=7.1759e+00 r2=6.4453e+01 p=3.3491e-01 
New pars (  63): DC=7.1759e+00 r2=6.4455e+01 p=3.3494e-01 
New pars (  64): DC=7.1759e+00 r2=6.4455e+01 p=3.3488e-01 
New pars (  65): DC=7.1786e+00 r2=6.8014e+01 p=2.8453e-01 
New pars (  66): DC=7.1806e+00 r2=7.0546e+01 p=2.4868e-01 
New pars (  67): DC=7.1793e+00 r2=6.8851e+01 p=2.7268e-01 
New pars (  68): DC=7.1794e+00 r2=6.8851e+01 p=2.7268e-01 
New pars (  69): DC=7.1792e+00 r2=6.8851e+01 p=2.7268e-01 
New pars (  70): DC=7.1793e+00 r2=6.8853e+01 p=2.7268e-01 
New pars (  71): DC=7.1793e+00 r2=6.8849e+01 p=2.7268e-01 
New pars (  72): DC=7.1793e+00 r2=6.8851e+01 p=2.7271e-01 
New pars (  73): DC=7.1793e+00 r2=6.8851e+01 p=2.7265e-01 
New pars (  74): DC=7.1920e+00 r2=7.0175e+01 p=2.5819e-01 
New pars (  75): DC=7.1987e+00 r2=7.0870e+01 p=2.5059e-01 
New pars (  76): DC=7.2000e+00 r2=7.1012e+01 p=2.4904e-01 
New pars (  77): DC=7.2002e+00 r2=7.1012e+01 p=2.4904e-01 
New pars (  78): DC=7.1999e+00 r2=7.1012e+01 p=2.4904e-01 
New pars (  79): DC=7.2000e+00 r2=7.1014e+01 p=2.4904e-01 
New pars (  80): DC=7.2000e+00 r2=7.1010e+01 p=2.4904e-01 
New pars (  81): DC=7.2000e+00 r2=7.1012e+01 p=2.4907e-01 
New pars (  82): DC=7.2000e+00 r2=7.1012e+01 p=2.4901e-01 
New pars (  83): DC=7.1865e+00 r2=7.1520e+01 p=2.4609e-01 
New pars (  84): DC=7.1841e+00 r2=7.1610e+01 p=2.4557e-01 
New pars (  85): DC=7.1843e+00 r2=7.1610e+01 p=2.4557e-01 
New pars (  86): DC=7.1840e+00 r2=7.1610e+01 p=2.4557e-01 
New pars (  87): DC=7.1841e+00 r2=7.1613e+01 p=2.4557e-01 
New pars (  88): DC=7.1841e+00 r2=7.1608e+01 p=2.4557e-01 
New pars (  89): DC=7.1841e+00 r2=7.1610e+01 p=2.4560e-01 
New pars (  90): DC=7.1841e+00 r2=7.1610e+01 p=2.4554e-01 
New pars (  91): DC=7.1845e+00 r2=7.1598e+01 p=2.4601e-01 
New pars (  92): DC=7.1844e+00 r2=7.1602e+01 p=2.4585e-01 
New pars (  93): DC=7.1845e+00 r2=7.1602e+01 p=2.4585e-01 
New pars (  94): DC=7.1843e+00 r2=7.1602e+01 p=2.4585e-01 
New pars (  95): DC=7.1844e+00 r2=7.1605e+01 p=2.4585e-01 
New pars (  96): DC=7.1844e+00 r2=7.1600e+01 p=2.4585e-01 
New pars (  97): DC=7.1844e+00 r2=7.1602e+01 p=2.4588e-01 
New pars (  98): DC=7.1844e+00 r2=7.1602e+01 p=2.4582e-01 
New pars (  99): DC=7.1847e+00 r2=7.1646e+01 p=2.4533e-01 
New pars ( 100): DC=7.1847e+00 r2=7.1649e+01 p=2.4529e-01 
New pars ( 101): DC=7.1848e+00 r2=7.1649e+01 p=2.4529e-01 
New pars ( 102): DC=7.1845e+00 r2=7.1649e+01 p=2.4529e-01 
New pars ( 103): DC=7.1847e+00 r2=7.1651e+01 p=2.4529e-01 
New pars ( 104): DC=7.1847e+00 r2=7.1647e+01 p=2.4529e-01 
New pars ( 105): DC=7.1847e+00 r2=7.1649e+01 p=2.4532e-01 
New pars ( 106): DC=7.1847e+00 r2=7.1649e+01 p=2.4527e-01 
New pars ( 107): DC=7.1847e+00 r2=7.1649e+01 p=2.4529e-01 
New pars ( 108): DC=7.1848e+00 r2=7.1649e+01 p=2.4529e-01 
New pars ( 109): DC=7.1845e+00 r2=7.1649e+01 p=2.4529e-01 
New pars ( 110): DC=7.1847e+00 r2=7.1651e+01 p=2.4529e-01 
New pars ( 111): DC=7.1847e+00 r2=7.1647e+01 p=2.4529e-01 
New pars ( 112): DC=7.1847e+00 r2=7.1649e+01 p=2.4532e-01 
New pars ( 113): DC=7.1847e+00 r2=7.1649e+01 p=2.4527e-01 
New pars ( 114): DC=7.1847e+00 r2=7.1649e+01 p=2.4529e-01 
New pars ( 115): DC=7.1846e+00 r2=7.1649e+01 p=2.4529e-01 
New pars ( 116): DC=7.1847e+00 r2=7.1649e+01 p=2.4529e-01 
New pars ( 117): DC=7.1847e+00 r2=7.1649e+01 p=2.4529e-01 
New pars ( 118): DC=7.1847e+00 r2=7.1649e+01 p=2.4529e-01 
New pars ( 119): DC=7.1847e+00 r2=7.1649e+01 p=2.4529e-01 
New pars ( 120): DC=7.1847e+00 r2=7.1649e+01 p=2.4529e-01 
New pars ( 121): DC=7.1847e+00 r2=7.1649e+01 p=2.4529e-01 
New pars ( 122): DC=7.1847e+00 r2=7.1649e+01 p=2.4530e-01 
New pars ( 123): DC=7.1847e+00 r2=7.1649e+01 p=2.4529e-01 
New pars ( 124): DC=7.1847e+00 r2=7.1649e+01 p=2.4530e-01 
New pars ( 125): DC=7.1847e+00 r2=7.1649e+01 p=2.4529e-01 
New pars ( 126): DC=7.1848e+00 r2=7.1651e+01 p=2.4529e-01 
New pars ( 127): DC=7.1848e+00 r2=7.1649e+01 p=2.4532e-01 
New pars ( 128): DC=7.1847e+00 r2=7.1651e+01 p=2.4532e-01 
New pars ( 129): DC=7.1674e+00 r2=6.9915e+01 p=2.6357e-01 
New pars ( 130): DC=7.1607e+00 r2=6.9915e+01 p=2.6357e-01 
New pars ( 131): DC=7.1674e+00 r2=7.0178e+01 p=2.6357e-01 
New pars ( 132): DC=7.1674e+00 r2=6.9915e+01 p=2.6319e-01 
New pars ( 133): DC=7.1629e+00 r2=6.9651e+01 p=2.6331e-01 
New pars ( 134): DC=7.1607e+00 r2=6.9388e+01 p=2.6319e-01 
New pars ( 135): DC=7.1585e+00 r2=6.9564e+01 p=2.6306e-01 
New pars ( 136): DC=7.1525e+00 r2=6.9330e+01 p=2.6336e-01 
New pars ( 137): DC=7.1450e+00 r2=6.9037e+01 p=2.6344e-01 
New pars ( 138): DC=7.1487e+00 r2=6.8745e+01 p=2.6289e-01 
New pars ( 139): DC=7.1428e+00 r2=6.8159e+01 p=2.6256e-01 
New pars ( 140): DC=7.1405e+00 r2=6.8159e+01 p=2.6306e-01 
New pars ( 141): DC=7.1428e+00 r2=6.8159e+01 p=2.6256e-01 
New pars ( 142): DC=7.1587e+00 r2=6.8159e+01 p=2.6256e-01 
New pars ( 143): DC=7.2066e+00 r2=6.8159e+01 p=2.6256e-01 
New pars ( 144): DC=7.3503e+00 r2=6.8159e+01 p=2.6256e-01 
New pars ( 145): DC=7.2066e+00 r2=6.9521e+01 p=2.6256e-01 
New pars ( 146): DC=7.2066e+00 r2=7.3607e+01 p=2.6256e-01 
New pars ( 147): DC=7.2066e+00 r2=6.9521e+01 p=2.7641e-01 
New pars ( 148): DC=7.2066e+00 r2=6.9521e+01 p=3.1798e-01 
New pars ( 149): DC=7.2705e+00 r2=6.9975e+01 p=2.7180e-01 
New pars ( 150): DC=7.2386e+00 r2=6.9521e+01 p=2.6949e-01 
New pars ( 151): DC=7.2279e+00 r2=7.0883e+01 p=2.7641e-01 
New pars ( 152): DC=7.2119e+00 r2=6.8840e+01 p=2.6602e-01 
New pars ( 153): DC=7.1782e+00 r2=6.9067e+01 p=2.6718e-01 
New pars ( 154): DC=7.1912e+00 r2=6.8765e+01 p=2.5409e-01 
New pars ( 155): DC=7.2028e+00 r2=6.9332e+01 p=2.7083e-01 
New pars ( 156): DC=7.2360e+00 r2=6.9395e+01 p=2.6577e-01 
New pars ( 157): DC=7.2183e+00 r2=6.9992e+01 p=2.6675e-01 
New pars ( 158): DC=7.2135e+00 r2=6.9128e+01 p=2.6620e-01 
New pars ( 159): DC=7.1793e+00 r2=6.9259e+01 p=2.6730e-01 
New pars ( 160): DC=7.1935e+00 r2=6.9293e+01 p=2.6691e-01 
New pars ( 161): DC=7.1884e+00 r2=6.9636e+01 p=2.6733e-01 
New pars ( 162): DC=7.1758e+00 r2=6.9890e+01 p=2.6790e-01 
New pars ( 163): DC=7.1967e+00 r2=6.9869e+01 p=2.6728e-01 
New pars ( 164): DC=7.1959e+00 r2=6.9725e+01 p=2.6719e-01 
New pars ( 165): DC=7.1827e+00 r2=7.0092e+01 p=2.6093e-01 
New pars ( 166): DC=7.1727e+00 r2=7.0473e+01 p=2.5598e-01 
New pars ( 167): DC=7.1630e+00 r2=7.0284e+01 p=2.6812e-01 
New pars ( 168): DC=7.1957e+00 r2=6.9712e+01 p=2.6395e-01 
New pars ( 169): DC=7.1736e+00 r2=7.0071e+01 p=2.6133e-01 
New pars ( 170): DC=7.1903e+00 r2=6.9812e+01 p=2.6572e-01 
New pars ( 171): DC=7.2034e+00 r2=6.9854e+01 p=2.5917e-01 
New pars ( 172): DC=7.1827e+00 r2=6.9881e+01 p=2.6572e-01 
New pars ( 173): DC=7.1748e+00 r2=7.0145e+01 p=2.6430e-01 
New pars ( 174): DC=7.1643e+00 r2=7.0361e+01 p=2.6447e-01 
New pars ( 175): DC=7.1698e+00 r2=7.0267e+01 p=2.6157e-01 
New pars ( 176): DC=7.1852e+00 r2=6.9926e+01 p=2.6469e-01 
New pars ( 177): DC=7.1791e+00 r2=7.0227e+01 p=2.6089e-01 
New pars ( 178): DC=7.1773e+00 r2=7.0401e+01 p=2.5848e-01 
New pars ( 179): DC=7.1755e+00 r2=7.0222e+01 p=2.6405e-01 
New pars ( 180): DC=7.1773e+00 r2=7.0189e+01 p=2.6327e-01 
New pars ( 181): DC=7.1851e+00 r2=7.0199e+01 p=2.5999e-01 
New pars ( 182): DC=7.1902e+00 r2=7.0226e+01 p=2.5784e-01 
New pars ( 183): DC=7.1746e+00 r2=7.0600e+01 p=2.5647e-01 
New pars ( 184): DC=7.1807e+00 r2=7.0610e+01 p=2.5336e-01 
New pars ( 185): DC=7.1781e+00 r2=7.0295e+01 p=2.6079e-01 
New pars ( 186): DC=7.1812e+00 r2=7.0328e+01 p=2.5969e-01 
New pars ( 187): DC=7.1832e+00 r2=7.0292e+01 p=2.6029e-01 
New pars ( 188): DC=7.1897e+00 r2=6.9924e+01 p=2.6424e-01 
New pars ( 189): DC=7.1784e+00 r2=7.0431e+01 p=2.5842e-01 
New pars ( 190): DC=7.1747e+00 r2=7.0480e+01 p=2.5968e-01 
New pars ( 191): DC=7.1794e+00 r2=7.0508e+01 p=2.5813e-01 
New pars ( 192): DC=7.1800e+00 r2=7.0614e+01 p=2.5681e-01 
New pars ( 193): DC=7.1809e+00 r2=7.0774e+01 p=2.5481e-01 
New pars ( 194): DC=7.1808e+00 r2=7.0600e+01 p=2.5810e-01 
New pars ( 195): DC=7.1885e+00 r2=7.0631e+01 p=2.5579e-01 
New pars ( 196): DC=7.1954e+00 r2=7.0707e+01 p=2.5385e-01 
New pars ( 197): DC=7.1882e+00 r2=7.1095e+01 p=2.5088e-01 
New pars ( 198): DC=7.1908e+00 r2=7.1497e+01 p=2.4617e-01 
New pars ( 199): DC=7.1973e+00 r2=7.1386e+01 p=2.4512e-01 
New pars ( 200): DC=7.2081e+00 r2=7.1619e+01 p=2.4195e-01 
New pars ( 201): DC=7.1877e+00 r2=7.0986e+01 p=2.5159e-01 
New pars ( 202): DC=7.1884e+00 r2=7.1871e+01 p=2.4140e-01 
New pars ( 203): DC=7.1806e+00 r2=7.1517e+01 p=2.4766e-01 
New pars ( 204): DC=7.1723e+00 r2=7.1583e+01 p=2.4894e-01 
New pars ( 205): DC=7.1855e+00 r2=7.2271e+01 p=2.3857e-01 
New pars ( 206): DC=7.1860e+00 r2=7.1950e+01 p=2.4182e-01 
New pars ( 207): DC=7.1833e+00 r2=7.1438e+01 p=2.4903e-01 
New pars ( 208): DC=7.1871e+00 r2=7.1763e+01 p=2.4331e-01 
New pars ( 209): DC=7.1784e+00 r2=7.1990e+01 p=2.4236e-01 
New pars ( 210): DC=7.1877e+00 r2=7.1620e+01 p=2.4522e-01 
New pars ( 211): DC=7.1842e+00 r2=7.1317e+01 p=2.4897e-01 
New pars ( 212): DC=7.1856e+00 r2=7.1792e+01 p=2.4361e-01 
New pars ( 213): DC=7.1929e+00 r2=7.1933e+01 p=2.4043e-01 
New pars ( 214): DC=7.1837e+00 r2=7.1621e+01 p=2.4585e-01 
New pars ( 215): DC=7.1842e+00 r2=7.1592e+01 p=2.4648e-01 
New pars ( 216): DC=7.1849e+00 r2=7.1635e+01 p=2.4569e-01 
New pars ( 217): DC=7.1847e+00 r2=7.1683e+01 p=2.4505e-01 
New pars ( 218): DC=7.1847e+00 r2=7.1649e+01 p=2.4529e-01 
New pars ( 219): DC=7.1847e+00 r2=7.1649e+01 p=2.4529e-01 
New pars ( 220): DC=7.1846e+00 r2=7.1649e+01 p=2.4529e-01 
New pars ( 221): DC=7.1872e+00 r2=7.1649e+01 p=2.4529e-01 
New pars ( 222): DC=7.1821e+00 r2=7.1649e+01 p=2.4529e-01 
New pars ( 223): DC=7.1887e+00 r2=7.1649e+01 p=2.4529e-01 
New pars ( 224): DC=7.1807e+00 r2=7.1649e+01 p=2.4529e-01 
New pars ( 225): DC=7.1847e+00 r2=7.1649e+01 p=2.4529e-01 
New pars ( 226): DC=7.1847e+00 r2=7.1649e+01 p=2.4529e-01 
New pars ( 227): DC=7.1847e+00 r2=7.1698e+01 p=2.4529e-01 
New pars ( 228): DC=7.1847e+00 r2=7.1600e+01 p=2.4529e-01 
New pars ( 229): DC=7.1847e+00 r2=7.1727e+01 p=2.4529e-01 
New pars ( 230): DC=7.1847e+00 r2=7.1571e+01 p=2.4529e-01 
New pars ( 231): DC=7.1847e+00 r2=7.1649e+01 p=2.4530e-01 
New pars ( 232): DC=7.1847e+00 r2=7.1649e+01 p=2.4529e-01 
New pars ( 233): DC=7.1847e+00 r2=7.1649e+01 p=2.4580e-01 
New pars ( 234): DC=7.1847e+00 r2=7.1649e+01 p=2.4479e-01 
New pars ( 235): DC=7.1847e+00 r2=7.1649e+01 p=2.4615e-01 
New pars ( 236): DC=7.1847e+00 r2=7.1649e+01 p=2.4444e-01 
New pars ( 237): DC=7.1848e+00 r2=7.1649e+01 p=2.4529e-01 
New pars ( 238): DC=7.1846e+00 r2=7.1649e+01 p=2.4529e-01 
New pars ( 239): DC=7.1847e+00 r2=7.1649e+01 p=2.4529e-01 
New pars ( 240): DC=7.1847e+00 r2=7.1649e+01 p=2.4529e-01 
New pars ( 241): DC=7.1847e+00 r2=7.1651e+01 p=2.4529e-01 
New pars ( 242): DC=7.1847e+00 r2=7.1647e+01 p=2.4529e-01 
New pars ( 243): DC=7.1847e+00 r2=7.1649e+01 p=2.4529e-01 
New pars ( 244): DC=7.1847e+00 r2=7.1649e+01 p=2.4529e-01 
New pars ( 245): DC=7.1847e+00 r2=7.1649e+01 p=2.4531e-01 
New pars ( 246): DC=7.1847e+00 r2=7.1649e+01 p=2.4528e-01 
New pars ( 247): DC=7.1847e+00 r2=7.1649e+01 p=2.4530e-01 
New pars ( 248): DC=7.1847e+00 r2=7.1649e+01 p=2.4529e-01 
New pars ( 249): DC=7.1887e+00 r2=7.1727e+01 p=2.4529e-01 
New pars ( 250): DC=7.1887e+00 r2=7.1649e+01 p=2.4615e-01 
New pars ( 251): DC=7.1847e+00 r2=7.1727e+01 p=2.4615e-01 
 PARAMETER NUMBER   1 NOT A VARIABLE. IGNORED.
 THERE ARE NO MINOS ERRORS TO CALCULATE.
 PARAMETER NUMBER   2 NOT A VARIABLE. IGNORED.
 THERE ARE NO MINOS ERRORS TO CALCULATE.
New pars ( 252): DC=7.1989e+00 r2=7.1381e+01 p=2.4576e-01 
New pars ( 253): DC=7.1989e+00 r2=7.1383e+01 p=2.4576e-01 
New pars ( 254): DC=7.1989e+00 r2=7.1378e+01 p=2.4576e-01 
New pars ( 255): DC=7.1989e+00 r2=7.1381e+01 p=2.4578e-01 
New pars ( 256): DC=7.1989e+00 r2=7.1381e+01 p=2.4573e-01 
New pars ( 257): DC=7.1989e+00 r2=7.1401e+01 p=2.4554e-01 
New pars ( 258): DC=7.1989e+00 r2=7.1398e+01 p=2.4557e-01 
New pars ( 259): DC=7.1989e+00 r2=7.1401e+01 p=2.4557e-01 
New pars ( 260): DC=7.1989e+00 r2=7.1396e+01 p=2.4557e-01 
New pars ( 261): DC=7.1989e+00 r2=7.1398e+01 p=2.4559e-01 
New pars ( 262): DC=7.1989e+00 r2=7.1398e+01 p=2.4554e-01 
New pars ( 263): DC=7.1705e+00 r2=7.1917e+01 p=2.4483e-01 
New pars ( 264): DC=7.1705e+00 r2=7.1920e+01 p=2.4483e-01 
New pars ( 265): DC=7.1705e+00 r2=7.1915e+01 p=2.4483e-01 
New pars ( 266): DC=7.1705e+00 r2=7.1917e+01 p=2.4486e-01 
New pars ( 267): DC=7.1705e+00 r2=7.1917e+01 p=2.4480e-01 
New pars ( 268): DC=7.1705e+00 r2=7.1900e+01 p=2.4503e-01 
New pars ( 269): DC=7.1705e+00 r2=7.1902e+01 p=2.4503e-01 
New pars ( 270): DC=7.1705e+00 r2=7.1898e+01 p=2.4503e-01 
New pars ( 271): DC=7.1705e+00 r2=7.1900e+01 p=2.4505e-01 
New pars ( 272): DC=7.1705e+00 r2=7.1900e+01 p=2.4500e-01 
 PARAMETER NUMBER   4 NOT A VARIABLE. IGNORED.
 THERE ARE NO MINOS ERRORS TO CALCULATE.
New pars ( 273): DC=7.1804e+00 r2=7.2549e+01 p=2.3628e-01 
New pars ( 274): DC=7.1806e+00 r2=7.2549e+01 p=2.3628e-01 
New pars ( 275): DC=7.1803e+00 r2=7.2549e+01 p=2.3628e-01 
New pars ( 276): DC=7.1804e+00 r2=7.2549e+01 p=2.3631e-01 
New pars ( 277): DC=7.1804e+00 r2=7.2549e+01 p=2.3626e-01 
New pars ( 278): DC=7.1802e+00 r2=7.2549e+01 p=2.3646e-01 
New pars ( 279): DC=7.1803e+00 r2=7.2549e+01 p=2.3646e-01 
New pars ( 280): DC=7.1801e+00 r2=7.2549e+01 p=2.3646e-01 
New pars ( 281): DC=7.1802e+00 r2=7.2549e+01 p=2.3649e-01 
New pars ( 282): DC=7.1802e+00 r2=7.2549e+01 p=2.3643e-01 
New pars ( 283): DC=7.1802e+00 r2=7.2549e+01 p=2.3645e-01 
New pars ( 284): DC=7.1802e+00 r2=7.2549e+01 p=2.3646e-01 
New pars ( 285): DC=7.1803e+00 r2=7.2549e+01 p=2.3642e-01 
New pars ( 286): DC=7.1803e+00 r2=7.2549e+01 p=2.3644e-01 
New pars ( 287): DC=7.1802e+00 r2=7.2549e+01 p=2.3644e-01 
New pars ( 288): DC=7.1802e+00 r2=7.2549e+01 p=2.3645e-01 
New pars ( 289): DC=7.1802e+00 r2=7.2549e+01 p=2.3645e-01 
New pars ( 290): DC=7.1802e+00 r2=7.2549e+01 p=2.3645e-01 
New pars ( 291): DC=7.1802e+00 r2=7.2549e+01 p=2.3645e-01 
New pars ( 292): DC=7.1803e+00 r2=7.2549e+01 p=2.3645e-01 
New pars ( 293): DC=7.1801e+00 r2=7.2549e+01 p=2.3645e-01 
New pars ( 294): DC=7.1802e+00 r2=7.2549e+01 p=2.3648e-01 
New pars ( 295): DC=7.1802e+00 r2=7.2549e+01 p=2.3643e-01 
New pars ( 296): DC=7.1802e+00 r2=7.2498e+01 p=2.3645e-01 
New pars ( 297): DC=7.1803e+00 r2=7.2498e+01 p=2.3645e-01 
New pars ( 298): DC=7.1801e+00 r2=7.2498e+01 p=2.3645e-01 
New pars ( 299): DC=7.1802e+00 r2=7.2498e+01 p=2.3648e-01 
New pars ( 300): DC=7.1802e+00 r2=7.2498e+01 p=2.3643e-01 
New pars ( 301): DC=7.1805e+00 r2=7.2498e+01 p=2.3695e-01 
New pars ( 302): DC=7.1806e+00 r2=7.2498e+01 p=2.3695e-01 
New pars ( 303): DC=7.1803e+00 r2=7.2498e+01 p=2.3695e-01 
New pars ( 304): DC=7.1805e+00 r2=7.2498e+01 p=2.3697e-01 
New pars ( 305): DC=7.1805e+00 r2=7.2498e+01 p=2.3692e-01 
New pars ( 306): DC=7.1889e+00 r2=7.0749e+01 p=2.5431e-01 
New pars ( 307): DC=7.1890e+00 r2=7.0749e+01 p=2.5431e-01 
New pars ( 308): DC=7.1888e+00 r2=7.0749e+01 p=2.5431e-01 
New pars ( 309): DC=7.1889e+00 r2=7.0749e+01 p=2.5433e-01 
New pars ( 310): DC=7.1889e+00 r2=7.0749e+01 p=2.5428e-01 
New pars ( 311): DC=7.1891e+00 r2=7.0749e+01 p=2.5436e-01 
New pars ( 312): DC=7.1893e+00 r2=7.0749e+01 p=2.5436e-01 
New pars ( 313): DC=7.1890e+00 r2=7.0749e+01 p=2.5436e-01 
New pars ( 314): DC=7.1891e+00 r2=7.0749e+01 p=2.5438e-01 
New pars ( 315): DC=7.1891e+00 r2=7.0749e+01 p=2.5433e-01 
New pars ( 316): DC=7.1891e+00 r2=7.0749e+01 p=2.5436e-01 
New pars ( 317): DC=7.1891e+00 r2=7.0749e+01 p=2.5436e-01 
New pars ( 318): DC=7.1890e+00 r2=7.0749e+01 p=2.5440e-01 
New pars ( 319): DC=7.1891e+00 r2=7.0749e+01 p=2.5438e-01 
New pars ( 320): DC=7.1891e+00 r2=7.0749e+01 p=2.5437e-01 
New pars ( 321): DC=7.1891e+00 r2=7.0749e+01 p=2.5437e-01 
New pars ( 322): DC=7.1891e+00 r2=7.0749e+01 p=2.5437e-01 
New pars ( 323): DC=7.1891e+00 r2=7.0749e+01 p=2.5437e-01 
New pars ( 324): DC=7.1891e+00 r2=7.0749e+01 p=2.5437e-01 
New pars ( 325): DC=7.1892e+00 r2=7.0749e+01 p=2.5436e-01 
New pars ( 326): DC=7.1890e+00 r2=7.0749e+01 p=2.5436e-01 
New pars ( 327): DC=7.1891e+00 r2=7.0749e+01 p=2.5439e-01 
New pars ( 328): DC=7.1891e+00 r2=7.0749e+01 p=2.5434e-01 
New pars ( 329): DC=7.1891e+00 r2=7.0801e+01 p=2.5436e-01 
New pars ( 330): DC=7.1892e+00 r2=7.0801e+01 p=2.5436e-01 
New pars ( 331): DC=7.1890e+00 r2=7.0801e+01 p=2.5436e-01 
New pars ( 332): DC=7.1891e+00 r2=7.0801e+01 p=2.5439e-01 
New pars ( 333): DC=7.1891e+00 r2=7.0801e+01 p=2.5434e-01 
New pars ( 334): DC=7.1889e+00 r2=7.0801e+01 p=2.5383e-01 
New pars ( 335): DC=7.1890e+00 r2=7.0801e+01 p=2.5383e-01 
New pars ( 336): DC=7.1888e+00 r2=7.0801e+01 p=2.5383e-01 
New pars ( 337): DC=7.1889e+00 r2=7.0801e+01 p=2.5386e-01 
New pars ( 338): DC=7.1889e+00 r2=7.0801e+01 p=2.5380e-01 
 PARAMETER NUMBER   6 NOT A VARIABLE. IGNORED.
 THERE ARE NO MINOS ERRORS TO CALCULATE.
New pars ( 339): DC=7.1854e+00 r2=7.0792e+01 p=2.5476e-01 
New pars ( 340): DC=7.1855e+00 r2=7.0792e+01 p=2.5476e-01 
New pars ( 341): DC=7.1852e+00 r2=7.0792e+01 p=2.5476e-01 
New pars ( 342): DC=7.1854e+00 r2=7.0794e+01 p=2.5476e-01 
New pars ( 343): DC=7.1854e+00 r2=7.0789e+01 p=2.5476e-01 
New pars ( 344): DC=7.1851e+00 r2=7.0807e+01 p=2.5476e-01 
New pars ( 345): DC=7.1853e+00 r2=7.0807e+01 p=2.5476e-01 
New pars ( 346): DC=7.1850e+00 r2=7.0807e+01 p=2.5476e-01 
New pars ( 347): DC=7.1851e+00 r2=7.0809e+01 p=2.5476e-01 
New pars ( 348): DC=7.1851e+00 r2=7.0805e+01 p=2.5476e-01 
New pars ( 349): DC=7.1852e+00 r2=7.0806e+01 p=2.5476e-01 
New pars ( 350): DC=7.1852e+00 r2=7.0807e+01 p=2.5476e-01 
New pars ( 351): DC=7.1851e+00 r2=7.0807e+01 p=2.5476e-01 
New pars ( 352): DC=7.1851e+00 r2=7.0807e+01 p=2.5476e-01 
New pars ( 353): DC=7.1851e+00 r2=7.0807e+01 p=2.5432e-01 
New pars ( 354): DC=7.1853e+00 r2=7.0807e+01 p=2.5432e-01 
New pars ( 355): DC=7.1850e+00 r2=7.0807e+01 p=2.5432e-01 
New pars ( 356): DC=7.1851e+00 r2=7.0809e+01 p=2.5432e-01 
New pars ( 357): DC=7.1851e+00 r2=7.0805e+01 p=2.5432e-01 
New pars ( 358): DC=7.1851e+00 r2=7.0845e+01 p=2.5432e-01 
New pars ( 359): DC=7.1853e+00 r2=7.0845e+01 p=2.5432e-01 
New pars ( 360): DC=7.1850e+00 r2=7.0845e+01 p=2.5432e-01 
New pars ( 361): DC=7.1851e+00 r2=7.0847e+01 p=2.5432e-01 
New pars ( 362): DC=7.1851e+00 r2=7.0843e+01 p=2.5432e-01 
New pars ( 363): DC=7.1840e+00 r2=7.2506e+01 p=2.3583e-01 
New pars ( 364): DC=7.1841e+00 r2=7.2506e+01 p=2.3583e-01 
New pars ( 365): DC=7.1838e+00 r2=7.2506e+01 p=2.3583e-01 
New pars ( 366): DC=7.1840e+00 r2=7.2509e+01 p=2.3583e-01 
New pars ( 367): DC=7.1840e+00 r2=7.2504e+01 p=2.3583e-01 
New pars ( 368): DC=7.1843e+00 r2=7.2509e+01 p=2.3583e-01 
New pars ( 369): DC=7.1844e+00 r2=7.2509e+01 p=2.3583e-01 
New pars ( 370): DC=7.1841e+00 r2=7.2509e+01 p=2.3583e-01 
New pars ( 371): DC=7.1843e+00 r2=7.2512e+01 p=2.3583e-01 
New pars ( 372): DC=7.1843e+00 r2=7.2507e+01 p=2.3583e-01 
New pars ( 373): DC=7.1843e+00 r2=7.2509e+01 p=2.3648e-01 
New pars ( 374): DC=7.1844e+00 r2=7.2509e+01 p=2.3648e-01 
New pars ( 375): DC=7.1841e+00 r2=7.2509e+01 p=2.3648e-01 
New pars ( 376): DC=7.1843e+00 r2=7.2512e+01 p=2.3648e-01 
New pars ( 377): DC=7.1843e+00 r2=7.2507e+01 p=2.3648e-01 
New pars ( 378): DC=7.1842e+00 r2=7.2452e+01 p=2.3648e-01 
New pars ( 379): DC=7.1843e+00 r2=7.2452e+01 p=2.3648e-01 
New pars ( 380): DC=7.1841e+00 r2=7.2452e+01 p=2.3648e-01 
New pars ( 381): DC=7.1842e+00 r2=7.2454e+01 p=2.3648e-01 
New pars ( 382): DC=7.1842e+00 r2=7.2449e+01 p=2.3648e-01 
New pars ( 383): DC=7.1843e+00 r2=7.2451e+01 p=2.3648e-01 
New pars ( 384): DC=7.1843e+00 r2=7.2451e+01 p=2.3648e-01 
New pars ( 385): DC=7.1843e+00 r2=7.2449e+01 p=2.3648e-01 
New pars ( 386): DC=7.1843e+00 r2=7.2450e+01 p=2.3648e-01 
New pars ( 387): DC=7.1843e+00 r2=7.2451e+01 p=2.3648e-01 
New pars ( 388): DC=7.1843e+00 r2=7.2451e+01 p=2.3648e-01 
New pars ( 389): DC=7.1844e+00 r2=7.2451e+01 p=2.3648e-01 
New pars ( 390): DC=7.1841e+00 r2=7.2451e+01 p=2.3648e-01 
New pars ( 391): DC=7.1843e+00 r2=7.2453e+01 p=2.3648e-01 
New pars ( 392): DC=7.1843e+00 r2=7.2448e+01 p=2.3648e-01 
 PARAMETER NUMBER   8 NOT A VARIABLE. IGNORED.
 THERE ARE NO MINOS ERRORS TO CALCULATE.
 PARAMETER NUMBER   9 NOT A VARIABLE. IGNORED.
 THERE ARE NO MINOS ERRORS TO CALCULATE.
 PARAMETER NUMBER  10 NOT A VARIABLE. IGNORED.
 THERE ARE NO MINOS ERRORS TO CALCULATE.
 PARAMETER NUMBER  11 NOT A VARIABLE. IGNORED.
 THERE ARE NO MINOS ERRORS TO CALCULATE.
 PARAMETER NUMBER  12 NOT A VARIABLE. IGNORED.
 THERE ARE NO MINOS ERRORS TO CALCULATE.
 PARAMETER NUMBER  13 NOT A VARIABLE. IGNORED.
 THERE ARE NO MINOS ERRORS TO CALCULATE.
 PARAMETER NUMBER  14 NOT A VARIABLE. IGNORED.
 THERE ARE NO MINOS ERRORS TO CALCULATE.
 PARAMETER NUMBER  15 NOT A VARIABLE. IGNORED.
 THERE ARE NO MINOS ERRORS TO CALCULATE.
 PARAMETER NUMBER  16 NOT A VARIABLE. IGNORED.
 THERE ARE NO MINOS ERRORS TO CALCULATE.
 PARAMETER NUMBER  17 NOT A VARIABLE. IGNORED.
 THERE ARE NO MINOS ERRORS TO CALCULATE.
 PARAMETER NUMBER  18 NOT A VARIABLE. IGNORED.
 THERE ARE NO MINOS ERRORS TO CALCULATE.
 PARAMETER NUMBER  19 NOT A VARIABLE. IGNORED.
 THERE ARE NO MINOS ERRORS TO CALCULATE.
 PARAMETER NUMBER  20 NOT A VARIABLE. IGNORED.
 THERE ARE NO MINOS ERRORS TO CALCULATE.
 PARAMETER NUMBER  21 NOT A VARIABLE. IGNORED.
 THERE ARE NO MINOS ERRORS TO CALCULATE.
New pars ( 393): DC=7.1847e+00 r2=7.1649e+01 p=2.4529e-01 

Fitting done in 340000 clicks (0.340000 seconds).
Fit status = 4000
Cov status = 1

****************************************
Minimizer is Minuit / MigradImproved
Chi2                      =       1020.3
NDf                       =          297
Edm                       =  2.26842e-06
NCalls                    =          218
# Cyc's                   =         5486                      	 (fixed)
Bin width                 =          100                      	 (fixed)
DC rate                   =      7.18467   +/-   0.0159643   
Rate 1                    =            0                      	 (fixed)
Rate 2                    =       71.649   +/-   1.36201     
Rate 3                    =            0                      	 (fixed)
Capt eff                  =     0.245295   +/-   0.0138564   
Capt ret                  =            1                      	 (fixed)
T eff                     =         0.13                      	 (fixed)
U eff                     =         0.13                      	 (fixed)
V eff                     =         0.39                      	 (fixed)
W eff                     =            0                      	 (fixed)
X eff                     =         0.27                      	 (fixed)
Y eff                     =            0                      	 (fixed)
Z eff                     =        0.226                      	 (fixed)
T1 loss                   =            0                      	 (fixed)
T2 loss                   =         0.03                      	 (fixed)
T3 loss                   =            0                      	 (fixed)
U1 loss                   =     4.36e-08                      	 (fixed)
U2 loss                   =     4.36e-08                      	 (fixed)
U3 loss                   =     4.36e-08                      	 (fixed)

Covariance Matrix:

            	     DC rate      Rate 2    Capt eff
DC rate     	  0.00025486   -0.009787   6.182e-05
Rate 2      	   -0.009787      1.8551   -0.018424
Capt eff    	   6.182e-05   -0.018424    0.000192

Correlation Matrix:

            	     DC rate      Rate 2    Capt eff
DC rate     	           1    -0.45011     0.27946
Rate 2      	    -0.45011           1    -0.97626
Capt eff    	     0.27946    -0.97626           1

Integrals computed in 330000 clicks (0.330000 seconds).
Errors computed in 820000 clicks (0.820000 seconds).

~~~~~~~~~~~~~~~~~~~~~~~~~~~~~~~~~~~~~~~~~~~~~~~~~~~~~~~~~~~~~~~~~~~~~
NUMBER OF BETAS DETECTED, by population:
~~~~~~~~~~~~~~~~~~~~~~~~~~~~~~~~~~~~~~~~~~~~~~~~~~~~~~~~~~~~~~~~~~~~~
T1 integral = 0.0 +/- 0.0
U1 integral = 0.0 +/- 0.0
T2 integral = 211954.4 +/- 8086.8
U2 integral = 304488.9 +/- 11052.2
T3 integral = 0.0 +/- 0.0
U3 integral = 57180.7 +/- 2181.6
DC integral = 1182453.1 +/- 2627.4
~~~~~~~~~~~~~~~~~~~~~~~~~~~~~~~~~~~~~~~~~~~~~~~~~~~~~~~~~~~~~~~~~~~~~
Sum of above = 1756077.2 +/- 14114.2 <-- no cov in unc
All integral = 1756077.2 +/- 1336.7
~~~~~~~~~~~~~~~~~~~~~~~~~~~~~~~~~~~~~~~~~~~~~~~~~~~~~~~~~~~~~~~~~~~~~


BFit2 done. Timer = 1.47 sec.
Elapsed time = 1.4 sec.

