Timestamp = Mon Apr  6 15:13:02 2015

Importing metadata from CSV files...
Imported 68 BDN cases
Imported 48 BFit cases
Performing BFit with BDN case 135sb08 and BFit case 135sb08_04

BFit started. Timer = 0.06 sec.

~~~~~~~~~~~~~~~~~~~~~~~~~~~~~~~~~~~~~~~~~~~~~~~~~~~~~~~~~~~~~~~~~~~~~
BETA SINGLES MODEL
~~~~~~~~~~~~~~~~~~~~~~~~~~~~~~~~~~~~~~~~~~~~~~~~~~~~~~~~~~~~~~~~~~~~~
Case: 135sb08
File: /music/bpt1/bpt/bdn/shane/135sb/rootfiles/135sb08.root
Histogram: h_betas_vs_cycle_time
Total cycle time	=     30.000 s
Background time		=     10.100 s
Capture cycle time	=      1.000 s
Last capture time	=      0.900 s
135-Sn halflife		=      0.530 s  (lifetime      0.765 s)
135-Sb halflife		=      1.679 s  (lifetime      2.422 s)
135-Te halflife		=     19.000 s  (lifetime     27.411 s)
~~~~~~~~~~~~~~~~~~~~~~~~~~~~~~~~~~~~~~~~~~~~~~~~~~~~~~~~~~~~~~~~~~~~~
HISTOGRAM REBINNED
   Number of hist bins = 300
   Number of fn points = 30000
   Number of pts/bin   = 100
~~~~~~~~~~~~~~~~~~~~~~~~~~~~~~~~~~~~~~~~~~~~~~~~~~~~~~~~~~~~~~~~~~~~~
Doing fit with option string: QROMES
~~~~~~~~~~~~~~~~~~~~~~~~~~~~~~~~~~~~~~~~~~~~~~~~~~~~~~~~~~~~~~~~~~~~~
PARAMETER SEED VALUES
~~~~~~~~~~~~~~~~~~~~~~~~~~~~~~~~~~~~~~~~~~~~~~~~~~~~~~~~~~~~~~~~~~~~~
      Par name  Varying?	Par init val and step
~~~~~~~~~~~~~~~~~~~~~~~~~~~~~~~~~~~~~~~~~~~~~~~~~~~~~~~~~~~~~~~~~~~~~
       # Cyc's         0	5486 +/- 0.01
     Bin width         0	100 +/- 0.01
       DC rate         1	6.5 +/- 0.1
        Rate 1         1	0 +/- 0.5
        Rate 2         1	50 +/- 0.5
        Rate 3         1	0 +/- 0.05
      Capt eff         1	0.496 +/- 0.01
      Capt ret         0	1 +/- 0.01
         T eff         0	0.13 +/- 0.01
         U eff         0	0.13 +/- 0.01
         V eff         0	0.39 +/- 0.01
         W eff         0	0 +/- 0.001
         X eff         0	0.27 +/- 0.01
         Y eff         0	0.27 +/- 0.01
         Z eff         0	0.226 +/- 0.03
       T1 loss         0	0 +/- 0.005
       T2 loss         0	0.03 +/- 0.001
       T3 loss         0	0 +/- 0.001
       U1 loss         0	2e-10 +/- 0.005
       U2 loss         0	2e-10 +/- 0.005
       U3 loss         0	2e-10 +/- 0.01
~~~~~~~~~~~~~~~~~~~~~~~~~~~~~~~~~~~~~~~~~~~~~~~~~~~~~~~~~~~~~~~~~~~~~

Ini pars (   0): DC=6.5000e+00 r1=0.0000e+00 r2=5.0000e+01 r3=0.0000e+00 p=4.9600e-01 
New pars (   1): DC=6.5027e+00 r1=0.0000e+00 r2=5.0000e+01 r3=0.0000e+00 p=4.9600e-01 
New pars (   2): DC=6.4973e+00 r1=0.0000e+00 r2=5.0000e+01 r3=0.0000e+00 p=4.9600e-01 
New pars (   3): DC=6.5003e+00 r1=0.0000e+00 r2=5.0000e+01 r3=0.0000e+00 p=4.9600e-01 
New pars (   4): DC=6.4997e+00 r1=0.0000e+00 r2=5.0000e+01 r3=0.0000e+00 p=4.9600e-01 
New pars (   5): DC=6.5000e+00 r1=1.3427e-02 r2=5.0000e+01 r3=0.0000e+00 p=4.9600e-01 
New pars (   6): DC=6.5000e+00 r1=-1.3427e-02 r2=5.0000e+01 r3=0.0000e+00 p=4.9600e-01 
New pars (   7): DC=6.5000e+00 r1=1.9376e-03 r2=5.0000e+01 r3=0.0000e+00 p=4.9600e-01 
New pars (   8): DC=6.5000e+00 r1=-1.9376e-03 r2=5.0000e+01 r3=0.0000e+00 p=4.9600e-01 
New pars (   9): DC=6.5000e+00 r1=0.0000e+00 r2=5.0013e+01 r3=0.0000e+00 p=4.9600e-01 
New pars (  10): DC=6.5000e+00 r1=0.0000e+00 r2=4.9987e+01 r3=0.0000e+00 p=4.9600e-01 
New pars (  11): DC=6.5000e+00 r1=0.0000e+00 r2=5.0003e+01 r3=0.0000e+00 p=4.9600e-01 
New pars (  12): DC=6.5000e+00 r1=0.0000e+00 r2=4.9997e+01 r3=0.0000e+00 p=4.9600e-01 
New pars (  13): DC=6.5000e+00 r1=0.0000e+00 r2=5.0000e+01 r3=1.3427e-03 p=4.9600e-01 
New pars (  14): DC=6.5000e+00 r1=0.0000e+00 r2=5.0000e+01 r3=-1.3427e-03 p=4.9600e-01 
New pars (  15): DC=6.5000e+00 r1=0.0000e+00 r2=5.0000e+01 r3=0.0000e+00 p=4.9627e-01 
New pars (  16): DC=6.5000e+00 r1=0.0000e+00 r2=5.0000e+01 r3=0.0000e+00 p=4.9573e-01 
New pars (  17): DC=6.5000e+00 r1=0.0000e+00 r2=5.0000e+01 r3=0.0000e+00 p=4.9608e-01 
New pars (  18): DC=6.5000e+00 r1=0.0000e+00 r2=5.0000e+01 r3=0.0000e+00 p=4.9592e-01 
New pars (  19): DC=6.7635e+00 r1=1.7933e+00 r2=5.2142e+01 r3=3.3762e-01 p=5.3472e-01 
New pars (  20): DC=6.6306e+00 r1=8.8862e-01 r2=5.1062e+01 r3=1.6730e-01 p=5.1518e-01 
New pars (  21): DC=6.6307e+00 r1=8.8862e-01 r2=5.1062e+01 r3=1.6730e-01 p=5.1518e-01 
New pars (  22): DC=6.6305e+00 r1=8.8862e-01 r2=5.1062e+01 r3=1.6730e-01 p=5.1518e-01 
New pars (  23): DC=6.6306e+00 r1=8.8953e-01 r2=5.1062e+01 r3=1.6730e-01 p=5.1518e-01 
New pars (  24): DC=6.6306e+00 r1=8.8771e-01 r2=5.1062e+01 r3=1.6730e-01 p=5.1518e-01 
New pars (  25): DC=6.6306e+00 r1=8.8862e-01 r2=5.1063e+01 r3=1.6730e-01 p=5.1518e-01 
New pars (  26): DC=6.6306e+00 r1=8.8862e-01 r2=5.1060e+01 r3=1.6730e-01 p=5.1518e-01 
New pars (  27): DC=6.6306e+00 r1=8.8862e-01 r2=5.1062e+01 r3=1.6801e-01 p=5.1518e-01 
New pars (  28): DC=6.6306e+00 r1=8.8862e-01 r2=5.1062e+01 r3=1.6658e-01 p=5.1518e-01 
New pars (  29): DC=6.6306e+00 r1=8.8862e-01 r2=5.1062e+01 r3=1.7029e-01 p=5.1518e-01 
New pars (  30): DC=6.6306e+00 r1=8.8862e-01 r2=5.1062e+01 r3=1.6430e-01 p=5.1518e-01 
New pars (  31): DC=6.6306e+00 r1=8.8862e-01 r2=5.1062e+01 r3=1.6730e-01 p=5.1522e-01 
New pars (  32): DC=6.6306e+00 r1=8.8862e-01 r2=5.1062e+01 r3=1.6730e-01 p=5.1515e-01 
New pars (  33): DC=6.6306e+00 r1=8.8862e-01 r2=5.1062e+01 r3=1.6730e-01 p=5.1523e-01 
New pars (  34): DC=6.6306e+00 r1=8.8862e-01 r2=5.1062e+01 r3=1.6730e-01 p=5.1514e-01 
New pars (  35): DC=6.6292e+00 r1=8.9389e-01 r2=5.1151e+01 r3=2.0599e-01 p=5.1263e-01 
New pars (  36): DC=6.6238e+00 r1=9.1499e-01 r2=5.1509e+01 r3=3.6077e-01 p=5.0239e-01 
New pars (  37): DC=6.6101e+00 r1=9.6774e-01 r2=5.2402e+01 r3=7.4773e-01 p=4.7681e-01 
New pars (  38): DC=6.5805e+00 r1=1.0824e+00 r2=5.4346e+01 r3=1.5891e+00 p=4.2118e-01 
New pars (  39): DC=6.5806e+00 r1=1.0824e+00 r2=5.4346e+01 r3=1.5891e+00 p=4.2118e-01 
New pars (  40): DC=6.5804e+00 r1=1.0824e+00 r2=5.4346e+01 r3=1.5891e+00 p=4.2118e-01 
New pars (  41): DC=6.5805e+00 r1=1.0835e+00 r2=5.4346e+01 r3=1.5891e+00 p=4.2118e-01 
New pars (  42): DC=6.5805e+00 r1=1.0814e+00 r2=5.4346e+01 r3=1.5891e+00 p=4.2118e-01 
New pars (  43): DC=6.5805e+00 r1=1.0824e+00 r2=5.4348e+01 r3=1.5891e+00 p=4.2118e-01 
New pars (  44): DC=6.5805e+00 r1=1.0824e+00 r2=5.4345e+01 r3=1.5891e+00 p=4.2118e-01 
New pars (  45): DC=6.5805e+00 r1=1.0824e+00 r2=5.4348e+01 r3=1.5891e+00 p=4.2118e-01 
New pars (  46): DC=6.5805e+00 r1=1.0824e+00 r2=5.4344e+01 r3=1.5891e+00 p=4.2118e-01 
New pars (  47): DC=6.5805e+00 r1=1.0824e+00 r2=5.4346e+01 r3=1.5930e+00 p=4.2118e-01 
New pars (  48): DC=6.5805e+00 r1=1.0824e+00 r2=5.4346e+01 r3=1.5852e+00 p=4.2118e-01 
New pars (  49): DC=6.5805e+00 r1=1.0824e+00 r2=5.4346e+01 r3=1.5968e+00 p=4.2118e-01 
New pars (  50): DC=6.5805e+00 r1=1.0824e+00 r2=5.4346e+01 r3=1.5815e+00 p=4.2118e-01 
New pars (  51): DC=6.5805e+00 r1=1.0824e+00 r2=5.4346e+01 r3=1.5891e+00 p=4.2122e-01 
New pars (  52): DC=6.5805e+00 r1=1.0824e+00 r2=5.4346e+01 r3=1.5891e+00 p=4.2113e-01 
New pars (  53): DC=6.5255e+00 r1=1.0723e+00 r2=5.5239e+01 r3=1.9882e+00 p=3.9540e-01 
New pars (  54): DC=6.4742e+00 r1=1.0629e+00 r2=5.6074e+01 r3=2.3611e+00 p=3.7130e-01 
New pars (  55): DC=6.4815e+00 r1=1.0642e+00 r2=5.5954e+01 r3=2.3078e+00 p=3.7475e-01 
New pars (  56): DC=6.4816e+00 r1=1.0642e+00 r2=5.5954e+01 r3=2.3078e+00 p=3.7475e-01 
New pars (  57): DC=6.4814e+00 r1=1.0642e+00 r2=5.5954e+01 r3=2.3078e+00 p=3.7475e-01 
New pars (  58): DC=6.4815e+00 r1=1.0655e+00 r2=5.5954e+01 r3=2.3078e+00 p=3.7475e-01 
New pars (  59): DC=6.4815e+00 r1=1.0629e+00 r2=5.5954e+01 r3=2.3078e+00 p=3.7475e-01 
New pars (  60): DC=6.4815e+00 r1=1.0642e+00 r2=5.5956e+01 r3=2.3078e+00 p=3.7475e-01 
New pars (  61): DC=6.4815e+00 r1=1.0642e+00 r2=5.5953e+01 r3=2.3078e+00 p=3.7475e-01 
New pars (  62): DC=6.4815e+00 r1=1.0642e+00 r2=5.5954e+01 r3=2.3121e+00 p=3.7475e-01 
New pars (  63): DC=6.4815e+00 r1=1.0642e+00 r2=5.5954e+01 r3=2.3034e+00 p=3.7475e-01 
New pars (  64): DC=6.4815e+00 r1=1.0642e+00 r2=5.5954e+01 r3=2.3078e+00 p=3.7487e-01 
New pars (  65): DC=6.4815e+00 r1=1.0642e+00 r2=5.5954e+01 r3=2.3078e+00 p=3.7462e-01 
New pars (  66): DC=6.4815e+00 r1=1.0642e+00 r2=5.5954e+01 r3=2.3078e+00 p=3.7479e-01 
New pars (  67): DC=6.4815e+00 r1=1.0642e+00 r2=5.5954e+01 r3=2.3078e+00 p=3.7470e-01 
New pars (  68): DC=6.4570e+00 r1=1.0950e+00 r2=5.6024e+01 r3=2.3204e+00 p=3.7910e-01 
New pars (  69): DC=6.3588e+00 r1=1.2182e+00 r2=5.6303e+01 r3=2.3711e+00 p=3.9651e-01 
New pars (  70): DC=6.3589e+00 r1=1.2182e+00 r2=5.6303e+01 r3=2.3711e+00 p=3.9651e-01 
New pars (  71): DC=6.3587e+00 r1=1.2182e+00 r2=5.6303e+01 r3=2.3711e+00 p=3.9651e-01 
New pars (  72): DC=6.3588e+00 r1=1.2192e+00 r2=5.6303e+01 r3=2.3711e+00 p=3.9651e-01 
New pars (  73): DC=6.3588e+00 r1=1.2171e+00 r2=5.6303e+01 r3=2.3711e+00 p=3.9651e-01 
New pars (  74): DC=6.3588e+00 r1=1.2182e+00 r2=5.6304e+01 r3=2.3711e+00 p=3.9651e-01 
New pars (  75): DC=6.3588e+00 r1=1.2182e+00 r2=5.6301e+01 r3=2.3711e+00 p=3.9651e-01 
New pars (  76): DC=6.3588e+00 r1=1.2182e+00 r2=5.6303e+01 r3=2.3748e+00 p=3.9651e-01 
New pars (  77): DC=6.3588e+00 r1=1.2182e+00 r2=5.6303e+01 r3=2.3673e+00 p=3.9651e-01 
New pars (  78): DC=6.3588e+00 r1=1.2182e+00 r2=5.6303e+01 r3=2.3711e+00 p=3.9655e-01 
New pars (  79): DC=6.3588e+00 r1=1.2182e+00 r2=5.6303e+01 r3=2.3711e+00 p=3.9647e-01 
New pars (  80): DC=6.2297e+00 r1=1.4777e+00 r2=5.8745e+01 r3=3.3519e+00 p=3.5426e-01 
New pars (  81): DC=6.0192e+00 r1=1.9010e+00 r2=6.2728e+01 r3=4.9513e+00 p=2.8536e-01 
New pars (  82): DC=6.0193e+00 r1=1.9010e+00 r2=6.2728e+01 r3=4.9513e+00 p=2.8536e-01 
New pars (  83): DC=6.0191e+00 r1=1.9010e+00 r2=6.2728e+01 r3=4.9513e+00 p=2.8536e-01 
New pars (  84): DC=6.0192e+00 r1=1.9018e+00 r2=6.2728e+01 r3=4.9513e+00 p=2.8536e-01 
New pars (  85): DC=6.0192e+00 r1=1.9001e+00 r2=6.2728e+01 r3=4.9513e+00 p=2.8536e-01 
New pars (  86): DC=6.0192e+00 r1=1.9010e+00 r2=6.2729e+01 r3=4.9513e+00 p=2.8536e-01 
New pars (  87): DC=6.0192e+00 r1=1.9010e+00 r2=6.2727e+01 r3=4.9513e+00 p=2.8536e-01 
New pars (  88): DC=6.0192e+00 r1=1.9010e+00 r2=6.2728e+01 r3=4.9541e+00 p=2.8536e-01 
New pars (  89): DC=6.0192e+00 r1=1.9010e+00 r2=6.2728e+01 r3=4.9486e+00 p=2.8536e-01 
New pars (  90): DC=6.0192e+00 r1=1.9010e+00 r2=6.2728e+01 r3=4.9513e+00 p=2.8539e-01 
New pars (  91): DC=6.0192e+00 r1=1.9010e+00 r2=6.2728e+01 r3=4.9513e+00 p=2.8533e-01 
New pars (  92): DC=6.0172e+00 r1=1.9847e+00 r2=6.2762e+01 r3=4.9280e+00 p=3.0001e-01 
New pars (  93): DC=6.0176e+00 r1=1.9687e+00 r2=6.2755e+01 r3=4.9325e+00 p=2.9721e-01 
New pars (  94): DC=6.0177e+00 r1=1.9687e+00 r2=6.2755e+01 r3=4.9325e+00 p=2.9721e-01 
New pars (  95): DC=6.0175e+00 r1=1.9687e+00 r2=6.2755e+01 r3=4.9325e+00 p=2.9721e-01 
New pars (  96): DC=6.0176e+00 r1=1.9695e+00 r2=6.2755e+01 r3=4.9325e+00 p=2.9721e-01 
New pars (  97): DC=6.0176e+00 r1=1.9679e+00 r2=6.2755e+01 r3=4.9325e+00 p=2.9721e-01 
New pars (  98): DC=6.0176e+00 r1=1.9687e+00 r2=6.2756e+01 r3=4.9325e+00 p=2.9721e-01 
New pars (  99): DC=6.0176e+00 r1=1.9687e+00 r2=6.2754e+01 r3=4.9325e+00 p=2.9721e-01 
New pars ( 100): DC=6.0176e+00 r1=1.9687e+00 r2=6.2755e+01 r3=4.9348e+00 p=2.9721e-01 
New pars ( 101): DC=6.0176e+00 r1=1.9687e+00 r2=6.2755e+01 r3=4.9302e+00 p=2.9721e-01 
New pars ( 102): DC=6.0176e+00 r1=1.9687e+00 r2=6.2755e+01 r3=4.9325e+00 p=2.9723e-01 
New pars ( 103): DC=6.0176e+00 r1=1.9687e+00 r2=6.2755e+01 r3=4.9325e+00 p=2.9719e-01 
New pars ( 104): DC=5.9788e+00 r1=2.0216e+00 r2=6.3541e+01 r3=5.2534e+00 p=2.8612e-01 
New pars ( 105): DC=5.9461e+00 r1=2.0662e+00 r2=6.4203e+01 r3=5.5238e+00 p=2.7677e-01 
New pars ( 106): DC=5.9462e+00 r1=2.0662e+00 r2=6.4203e+01 r3=5.5238e+00 p=2.7677e-01 
New pars ( 107): DC=5.9460e+00 r1=2.0662e+00 r2=6.4203e+01 r3=5.5238e+00 p=2.7677e-01 
New pars ( 108): DC=5.9461e+00 r1=2.0671e+00 r2=6.4203e+01 r3=5.5238e+00 p=2.7677e-01 
New pars ( 109): DC=5.9461e+00 r1=2.0653e+00 r2=6.4203e+01 r3=5.5238e+00 p=2.7677e-01 
New pars ( 110): DC=5.9461e+00 r1=2.0662e+00 r2=6.4204e+01 r3=5.5238e+00 p=2.7677e-01 
New pars ( 111): DC=5.9461e+00 r1=2.0662e+00 r2=6.4201e+01 r3=5.5238e+00 p=2.7677e-01 
New pars ( 112): DC=5.9461e+00 r1=2.0662e+00 r2=6.4203e+01 r3=5.5265e+00 p=2.7677e-01 
New pars ( 113): DC=5.9461e+00 r1=2.0662e+00 r2=6.4203e+01 r3=5.5210e+00 p=2.7677e-01 
New pars ( 114): DC=5.9461e+00 r1=2.0662e+00 r2=6.4203e+01 r3=5.5238e+00 p=2.7679e-01 
New pars ( 115): DC=5.9461e+00 r1=2.0662e+00 r2=6.4203e+01 r3=5.5238e+00 p=2.7674e-01 
New pars ( 116): DC=5.9426e+00 r1=2.0156e+00 r2=6.4274e+01 r3=5.5650e+00 p=2.7746e-01 
New pars ( 117): DC=5.9286e+00 r1=1.8131e+00 r2=6.4559e+01 r3=5.7298e+00 p=2.8021e-01 
New pars ( 118): DC=5.8938e+00 r1=1.3068e+00 r2=6.5271e+01 r3=6.1419e+00 p=2.8709e-01 
New pars ( 119): DC=5.8778e+00 r1=1.0740e+00 r2=6.5599e+01 r3=6.3314e+00 p=2.9025e-01 
New pars ( 120): DC=5.8779e+00 r1=1.0740e+00 r2=6.5599e+01 r3=6.3314e+00 p=2.9025e-01 
New pars ( 121): DC=5.8777e+00 r1=1.0740e+00 r2=6.5599e+01 r3=6.3314e+00 p=2.9025e-01 
New pars ( 122): DC=5.8778e+00 r1=1.0749e+00 r2=6.5599e+01 r3=6.3314e+00 p=2.9025e-01 
New pars ( 123): DC=5.8778e+00 r1=1.0731e+00 r2=6.5599e+01 r3=6.3314e+00 p=2.9025e-01 
New pars ( 124): DC=5.8778e+00 r1=1.0740e+00 r2=6.5600e+01 r3=6.3314e+00 p=2.9025e-01 
New pars ( 125): DC=5.8778e+00 r1=1.0740e+00 r2=6.5597e+01 r3=6.3314e+00 p=2.9025e-01 
New pars ( 126): DC=5.8778e+00 r1=1.0740e+00 r2=6.5599e+01 r3=6.3343e+00 p=2.9025e-01 
New pars ( 127): DC=5.8778e+00 r1=1.0740e+00 r2=6.5599e+01 r3=6.3285e+00 p=2.9025e-01 
New pars ( 128): DC=5.8778e+00 r1=1.0740e+00 r2=6.5599e+01 r3=6.3314e+00 p=2.9028e-01 
New pars ( 129): DC=5.8778e+00 r1=1.0740e+00 r2=6.5599e+01 r3=6.3314e+00 p=2.9023e-01 
New pars ( 130): DC=5.8730e+00 r1=1.3554e-01 r2=6.6607e+01 r3=6.9886e+00 p=2.9213e-01 
New pars ( 131): DC=5.8539e+00 r1=-3.6184e+00 r2=7.0642e+01 r3=9.6174e+00 p=2.9965e-01 
New pars ( 132): DC=5.8445e+00 r1=-5.4562e+00 r2=7.2617e+01 r3=1.0904e+01 p=3.0333e-01 
New pars ( 133): DC=5.8446e+00 r1=-5.4562e+00 r2=7.2617e+01 r3=1.0904e+01 p=3.0333e-01 
New pars ( 134): DC=5.8444e+00 r1=-5.4562e+00 r2=7.2617e+01 r3=1.0904e+01 p=3.0333e-01 
New pars ( 135): DC=5.8445e+00 r1=-5.4554e+00 r2=7.2617e+01 r3=1.0904e+01 p=3.0333e-01 
New pars ( 136): DC=5.8445e+00 r1=-5.4569e+00 r2=7.2617e+01 r3=1.0904e+01 p=3.0333e-01 
New pars ( 137): DC=5.8445e+00 r1=-5.4562e+00 r2=7.2618e+01 r3=1.0904e+01 p=3.0333e-01 
New pars ( 138): DC=5.8445e+00 r1=-5.4562e+00 r2=7.2616e+01 r3=1.0904e+01 p=3.0333e-01 
New pars ( 139): DC=5.8445e+00 r1=-5.4562e+00 r2=7.2617e+01 r3=1.0906e+01 p=3.0333e-01 
New pars ( 140): DC=5.8445e+00 r1=-5.4562e+00 r2=7.2617e+01 r3=1.0902e+01 p=3.0333e-01 
New pars ( 141): DC=5.8445e+00 r1=-5.4562e+00 r2=7.2617e+01 r3=1.0904e+01 p=3.0335e-01 
New pars ( 142): DC=5.8445e+00 r1=-5.4562e+00 r2=7.2617e+01 r3=1.0904e+01 p=3.0331e-01 
New pars ( 143): DC=5.8444e+00 r1=-5.2420e+00 r2=7.2608e+01 r3=1.0858e+01 p=2.9896e-01 
New pars ( 144): DC=5.8444e+00 r1=-5.2764e+00 r2=7.2609e+01 r3=1.0866e+01 p=2.9967e-01 
New pars ( 145): DC=5.8445e+00 r1=-5.2764e+00 r2=7.2609e+01 r3=1.0866e+01 p=2.9967e-01 
New pars ( 146): DC=5.8443e+00 r1=-5.2764e+00 r2=7.2609e+01 r3=1.0866e+01 p=2.9967e-01 
New pars ( 147): DC=5.8444e+00 r1=-5.2757e+00 r2=7.2609e+01 r3=1.0866e+01 p=2.9967e-01 
New pars ( 148): DC=5.8444e+00 r1=-5.2771e+00 r2=7.2609e+01 r3=1.0866e+01 p=2.9967e-01 
New pars ( 149): DC=5.8444e+00 r1=-5.2764e+00 r2=7.2610e+01 r3=1.0866e+01 p=2.9967e-01 
New pars ( 150): DC=5.8444e+00 r1=-5.2764e+00 r2=7.2608e+01 r3=1.0866e+01 p=2.9967e-01 
New pars ( 151): DC=5.8444e+00 r1=-5.2764e+00 r2=7.2609e+01 r3=1.0868e+01 p=2.9967e-01 
New pars ( 152): DC=5.8444e+00 r1=-5.2764e+00 r2=7.2609e+01 r3=1.0864e+01 p=2.9967e-01 
New pars ( 153): DC=5.8444e+00 r1=-5.2764e+00 r2=7.2609e+01 r3=1.0866e+01 p=2.9968e-01 
New pars ( 154): DC=5.8444e+00 r1=-5.2764e+00 r2=7.2609e+01 r3=1.0866e+01 p=2.9965e-01 
New pars ( 155): DC=5.8471e+00 r1=-5.2968e+00 r2=7.2578e+01 r3=1.0865e+01 p=3.0059e-01 
New pars ( 156): DC=5.8489e+00 r1=-5.3101e+00 r2=7.2558e+01 r3=1.0864e+01 p=3.0119e-01 
New pars ( 157): DC=5.8489e+00 r1=-5.3101e+00 r2=7.2558e+01 r3=1.0864e+01 p=3.0119e-01 
New pars ( 158): DC=5.8488e+00 r1=-5.3101e+00 r2=7.2558e+01 r3=1.0864e+01 p=3.0119e-01 
New pars ( 159): DC=5.8489e+00 r1=-5.3094e+00 r2=7.2558e+01 r3=1.0864e+01 p=3.0119e-01 
New pars ( 160): DC=5.8489e+00 r1=-5.3109e+00 r2=7.2558e+01 r3=1.0864e+01 p=3.0119e-01 
New pars ( 161): DC=5.8489e+00 r1=-5.3101e+00 r2=7.2559e+01 r3=1.0864e+01 p=3.0119e-01 
New pars ( 162): DC=5.8489e+00 r1=-5.3101e+00 r2=7.2557e+01 r3=1.0864e+01 p=3.0119e-01 
New pars ( 163): DC=5.8489e+00 r1=-5.3101e+00 r2=7.2558e+01 r3=1.0866e+01 p=3.0119e-01 
New pars ( 164): DC=5.8489e+00 r1=-5.3101e+00 r2=7.2558e+01 r3=1.0862e+01 p=3.0119e-01 
New pars ( 165): DC=5.8489e+00 r1=-5.3101e+00 r2=7.2558e+01 r3=1.0864e+01 p=3.0121e-01 
New pars ( 166): DC=5.8489e+00 r1=-5.3101e+00 r2=7.2558e+01 r3=1.0864e+01 p=3.0117e-01 
New pars ( 167): DC=5.8493e+00 r1=-5.3055e+00 r2=7.2542e+01 r3=1.0864e+01 p=3.0126e-01 
New pars ( 168): DC=5.8511e+00 r1=-5.2869e+00 r2=7.2480e+01 r3=1.0862e+01 p=3.0154e-01 
New pars ( 169): DC=5.8555e+00 r1=-5.2403e+00 r2=7.2324e+01 r3=1.0859e+01 p=3.0224e-01 
New pars ( 170): DC=5.8689e+00 r1=-5.1006e+00 r2=7.1856e+01 r3=1.0849e+01 p=3.0433e-01 
New pars ( 171): DC=5.8836e+00 r1=-4.9470e+00 r2=7.1341e+01 r3=1.0838e+01 p=3.0664e-01 
New pars ( 172): DC=5.8837e+00 r1=-4.9470e+00 r2=7.1341e+01 r3=1.0838e+01 p=3.0664e-01 
New pars ( 173): DC=5.8835e+00 r1=-4.9470e+00 r2=7.1341e+01 r3=1.0838e+01 p=3.0664e-01 
New pars ( 174): DC=5.8836e+00 r1=-4.9462e+00 r2=7.1341e+01 r3=1.0838e+01 p=3.0664e-01 
New pars ( 175): DC=5.8836e+00 r1=-4.9478e+00 r2=7.1341e+01 r3=1.0838e+01 p=3.0664e-01 
New pars ( 176): DC=5.8836e+00 r1=-4.9470e+00 r2=7.1343e+01 r3=1.0838e+01 p=3.0664e-01 
New pars ( 177): DC=5.8836e+00 r1=-4.9470e+00 r2=7.1340e+01 r3=1.0838e+01 p=3.0664e-01 
New pars ( 178): DC=5.8836e+00 r1=-4.9470e+00 r2=7.1341e+01 r3=1.0841e+01 p=3.0664e-01 
New pars ( 179): DC=5.8836e+00 r1=-4.9470e+00 r2=7.1341e+01 r3=1.0836e+01 p=3.0664e-01 
New pars ( 180): DC=5.8836e+00 r1=-4.9470e+00 r2=7.1341e+01 r3=1.0838e+01 p=3.0666e-01 
New pars ( 181): DC=5.8836e+00 r1=-4.9470e+00 r2=7.1341e+01 r3=1.0838e+01 p=3.0661e-01 
New pars ( 182): DC=5.8794e+00 r1=-4.8503e+00 r2=7.1092e+01 r3=1.1215e+01 p=3.0680e-01 
New pars ( 183): DC=5.8625e+00 r1=-4.4634e+00 r2=7.0094e+01 r3=1.2719e+01 p=3.0747e-01 
New pars ( 184): DC=5.8204e+00 r1=-3.4961e+00 r2=6.7600e+01 r3=1.6481e+01 p=3.0913e-01 
New pars ( 185): DC=5.7009e+00 r1=-7.5381e-01 r2=6.0528e+01 r3=2.7148e+01 p=3.1383e-01 
New pars ( 186): DC=5.7010e+00 r1=-7.5381e-01 r2=6.0528e+01 r3=2.7148e+01 p=3.1383e-01 
New pars ( 187): DC=5.7009e+00 r1=-7.5381e-01 r2=6.0528e+01 r3=2.7148e+01 p=3.1383e-01 
New pars ( 188): DC=5.7009e+00 r1=-7.5310e-01 r2=6.0528e+01 r3=2.7148e+01 p=3.1383e-01 
New pars ( 189): DC=5.7009e+00 r1=-7.5451e-01 r2=6.0528e+01 r3=2.7148e+01 p=3.1383e-01 
New pars ( 190): DC=5.7009e+00 r1=-7.5381e-01 r2=6.0529e+01 r3=2.7148e+01 p=3.1383e-01 
New pars ( 191): DC=5.7009e+00 r1=-7.5381e-01 r2=6.0527e+01 r3=2.7148e+01 p=3.1383e-01 
New pars ( 192): DC=5.7009e+00 r1=-7.5381e-01 r2=6.0528e+01 r3=2.7150e+01 p=3.1383e-01 
New pars ( 193): DC=5.7009e+00 r1=-7.5381e-01 r2=6.0528e+01 r3=2.7145e+01 p=3.1383e-01 
New pars ( 194): DC=5.7009e+00 r1=-7.5381e-01 r2=6.0528e+01 r3=2.7148e+01 p=3.1385e-01 
New pars ( 195): DC=5.7009e+00 r1=-7.5381e-01 r2=6.0528e+01 r3=2.7148e+01 p=3.1381e-01 
New pars ( 196): DC=5.7015e+00 r1=-1.0700e+00 r2=6.0854e+01 r3=2.7632e+01 p=3.1064e-01 
New pars ( 197): DC=5.7016e+00 r1=-1.0700e+00 r2=6.0854e+01 r3=2.7632e+01 p=3.1064e-01 
New pars ( 198): DC=5.7015e+00 r1=-1.0700e+00 r2=6.0854e+01 r3=2.7632e+01 p=3.1064e-01 
New pars ( 199): DC=5.7015e+00 r1=-1.0694e+00 r2=6.0854e+01 r3=2.7632e+01 p=3.1064e-01 
New pars ( 200): DC=5.7015e+00 r1=-1.0707e+00 r2=6.0854e+01 r3=2.7632e+01 p=3.1064e-01 
New pars ( 201): DC=5.7015e+00 r1=-1.0700e+00 r2=6.0855e+01 r3=2.7632e+01 p=3.1064e-01 
New pars ( 202): DC=5.7015e+00 r1=-1.0700e+00 r2=6.0853e+01 r3=2.7632e+01 p=3.1064e-01 
New pars ( 203): DC=5.7015e+00 r1=-1.0700e+00 r2=6.0854e+01 r3=2.7634e+01 p=3.1064e-01 
New pars ( 204): DC=5.7015e+00 r1=-1.0700e+00 r2=6.0854e+01 r3=2.7630e+01 p=3.1064e-01 
New pars ( 205): DC=5.7015e+00 r1=-1.0700e+00 r2=6.0854e+01 r3=2.7632e+01 p=3.1066e-01 
New pars ( 206): DC=5.7015e+00 r1=-1.0700e+00 r2=6.0854e+01 r3=2.7632e+01 p=3.1062e-01 
New pars ( 207): DC=5.7017e+00 r1=-1.0571e+00 r2=6.0718e+01 r3=2.7791e+01 p=3.1143e-01 
New pars ( 208): DC=5.7017e+00 r1=-1.0604e+00 r2=6.0752e+01 r3=2.7751e+01 p=3.1124e-01 
New pars ( 209): DC=5.7017e+00 r1=-1.0604e+00 r2=6.0752e+01 r3=2.7751e+01 p=3.1124e-01 
New pars ( 210): DC=5.7016e+00 r1=-1.0604e+00 r2=6.0752e+01 r3=2.7751e+01 p=3.1124e-01 
New pars ( 211): DC=5.7017e+00 r1=-1.0597e+00 r2=6.0752e+01 r3=2.7751e+01 p=3.1124e-01 
New pars ( 212): DC=5.7017e+00 r1=-1.0611e+00 r2=6.0752e+01 r3=2.7751e+01 p=3.1124e-01 
New pars ( 213): DC=5.7017e+00 r1=-1.0604e+00 r2=6.0753e+01 r3=2.7751e+01 p=3.1124e-01 
New pars ( 214): DC=5.7017e+00 r1=-1.0604e+00 r2=6.0751e+01 r3=2.7751e+01 p=3.1124e-01 
New pars ( 215): DC=5.7017e+00 r1=-1.0604e+00 r2=6.0752e+01 r3=2.7753e+01 p=3.1124e-01 
New pars ( 216): DC=5.7017e+00 r1=-1.0604e+00 r2=6.0752e+01 r3=2.7749e+01 p=3.1124e-01 
New pars ( 217): DC=5.7017e+00 r1=-1.0604e+00 r2=6.0752e+01 r3=2.7751e+01 p=3.1126e-01 
New pars ( 218): DC=5.7017e+00 r1=-1.0604e+00 r2=6.0752e+01 r3=2.7751e+01 p=3.1121e-01 
New pars ( 219): DC=5.7009e+00 r1=-1.0535e+00 r2=6.0749e+01 r3=2.7768e+01 p=3.1111e-01 
New pars ( 220): DC=5.7005e+00 r1=-1.0502e+00 r2=6.0747e+01 r3=2.7775e+01 p=3.1105e-01 
New pars ( 221): DC=5.7006e+00 r1=-1.0502e+00 r2=6.0747e+01 r3=2.7775e+01 p=3.1105e-01 
New pars ( 222): DC=5.7005e+00 r1=-1.0502e+00 r2=6.0747e+01 r3=2.7775e+01 p=3.1105e-01 
New pars ( 223): DC=5.7005e+00 r1=-1.0495e+00 r2=6.0747e+01 r3=2.7775e+01 p=3.1105e-01 
New pars ( 224): DC=5.7005e+00 r1=-1.0510e+00 r2=6.0747e+01 r3=2.7775e+01 p=3.1105e-01 
New pars ( 225): DC=5.7005e+00 r1=-1.0502e+00 r2=6.0748e+01 r3=2.7775e+01 p=3.1105e-01 
New pars ( 226): DC=5.7005e+00 r1=-1.0502e+00 r2=6.0746e+01 r3=2.7775e+01 p=3.1105e-01 
New pars ( 227): DC=5.7005e+00 r1=-1.0502e+00 r2=6.0747e+01 r3=2.7778e+01 p=3.1105e-01 
New pars ( 228): DC=5.7005e+00 r1=-1.0502e+00 r2=6.0747e+01 r3=2.7773e+01 p=3.1105e-01 
New pars ( 229): DC=5.7005e+00 r1=-1.0502e+00 r2=6.0747e+01 r3=2.7775e+01 p=3.1107e-01 
New pars ( 230): DC=5.7005e+00 r1=-1.0502e+00 r2=6.0747e+01 r3=2.7775e+01 p=3.1103e-01 
New pars ( 231): DC=5.7005e+00 r1=-1.0528e+00 r2=6.0753e+01 r3=2.7771e+01 p=3.1104e-01 
New pars ( 232): DC=5.7006e+00 r1=-1.0528e+00 r2=6.0753e+01 r3=2.7771e+01 p=3.1104e-01 
New pars ( 233): DC=5.7004e+00 r1=-1.0528e+00 r2=6.0753e+01 r3=2.7771e+01 p=3.1104e-01 
New pars ( 234): DC=5.7005e+00 r1=-1.0521e+00 r2=6.0753e+01 r3=2.7771e+01 p=3.1104e-01 
New pars ( 235): DC=5.7005e+00 r1=-1.0535e+00 r2=6.0753e+01 r3=2.7771e+01 p=3.1104e-01 
New pars ( 236): DC=5.7005e+00 r1=-1.0528e+00 r2=6.0754e+01 r3=2.7771e+01 p=3.1104e-01 
New pars ( 237): DC=5.7005e+00 r1=-1.0528e+00 r2=6.0752e+01 r3=2.7771e+01 p=3.1104e-01 
New pars ( 238): DC=5.7005e+00 r1=-1.0528e+00 r2=6.0753e+01 r3=2.7773e+01 p=3.1104e-01 
New pars ( 239): DC=5.7005e+00 r1=-1.0528e+00 r2=6.0753e+01 r3=2.7769e+01 p=3.1104e-01 
New pars ( 240): DC=5.7005e+00 r1=-1.0528e+00 r2=6.0753e+01 r3=2.7771e+01 p=3.1106e-01 
New pars ( 241): DC=5.7005e+00 r1=-1.0528e+00 r2=6.0753e+01 r3=2.7771e+01 p=3.1102e-01 
New pars ( 242): DC=5.6512e+00 r1=-2.0271e+00 r2=6.3059e+01 r3=2.9685e+01 p=3.0790e-01 
New pars ( 243): DC=5.6500e+00 r1=-2.0271e+00 r2=6.3059e+01 r3=2.9685e+01 p=3.0790e-01 
New pars ( 244): DC=5.6512e+00 r1=-2.1327e+00 r2=6.3059e+01 r3=2.9685e+01 p=3.0790e-01 
New pars ( 245): DC=5.6512e+00 r1=-2.0271e+00 r2=6.1644e+01 r3=2.9685e+01 p=3.0790e-01 
New pars ( 246): DC=5.6512e+00 r1=-2.0271e+00 r2=6.3059e+01 r3=3.1632e+01 p=3.0790e-01 
New pars ( 247): DC=5.6512e+00 r1=-2.0271e+00 r2=6.3059e+01 r3=2.9685e+01 p=3.0813e-01 
New pars ( 248): DC=5.6507e+00 r1=-1.9215e+00 r2=6.2493e+01 r3=3.0464e+01 p=3.0799e-01 
New pars ( 249): DC=5.6511e+00 r1=-2.0799e+00 r2=6.2917e+01 r3=2.9880e+01 p=3.0792e-01 
New pars ( 250): DC=5.6512e+00 r1=-2.0271e+00 r2=6.3059e+01 r3=2.9685e+01 p=3.0790e-01 
New pars ( 251): DC=5.6784e+00 r1=-2.0271e+00 r2=6.3059e+01 r3=2.9685e+01 p=3.0790e-01 
New pars ( 252): DC=5.6512e+00 r1=-1.6218e+00 r2=6.3059e+01 r3=2.9685e+01 p=3.0790e-01 
New pars ( 253): DC=5.6512e+00 r1=-2.0271e+00 r2=6.1652e+01 r3=2.9685e+01 p=3.0790e-01 
New pars ( 254): DC=5.6512e+00 r1=-2.0271e+00 r2=6.3059e+01 r3=3.1012e+01 p=3.0790e-01 
New pars ( 255): DC=5.6512e+00 r1=-2.0271e+00 r2=6.3059e+01 r3=2.9685e+01 p=3.1178e-01 
New pars ( 256): DC=5.6621e+00 r1=-1.8650e+00 r2=6.2496e+01 r3=3.0216e+01 p=3.0402e-01 
New pars ( 257): DC=5.6594e+00 r1=-1.9055e+00 r2=6.2637e+01 r3=3.0083e+01 p=3.0596e-01 
New pars ( 258): DC=5.6654e+00 r1=-1.8163e+00 r2=6.2328e+01 r3=2.8517e+01 p=3.0712e-01 
New pars ( 259): DC=5.6548e+00 r1=-1.9744e+00 r2=6.2876e+01 r3=3.0388e+01 p=3.0770e-01 
New pars ( 260): DC=5.6512e+00 r1=-2.0271e+00 r2=6.3059e+01 r3=2.9685e+01 p=3.0790e-01 
New pars ( 261): DC=5.7005e+00 r1=-1.0528e+00 r2=6.0753e+01 r3=2.7771e+01 p=3.1104e-01 
New pars ( 262): DC=5.7006e+00 r1=-1.0528e+00 r2=6.0753e+01 r3=2.7771e+01 p=3.1104e-01 
New pars ( 263): DC=5.7004e+00 r1=-1.0528e+00 r2=6.0753e+01 r3=2.7771e+01 p=3.1104e-01 
New pars ( 264): DC=5.7005e+00 r1=-1.0521e+00 r2=6.0753e+01 r3=2.7771e+01 p=3.1104e-01 
New pars ( 265): DC=5.7005e+00 r1=-1.0535e+00 r2=6.0753e+01 r3=2.7771e+01 p=3.1104e-01 
New pars ( 266): DC=5.7005e+00 r1=-1.0528e+00 r2=6.0754e+01 r3=2.7771e+01 p=3.1104e-01 
New pars ( 267): DC=5.7005e+00 r1=-1.0528e+00 r2=6.0752e+01 r3=2.7771e+01 p=3.1104e-01 
New pars ( 268): DC=5.7005e+00 r1=-1.0528e+00 r2=6.0753e+01 r3=2.7773e+01 p=3.1104e-01 
New pars ( 269): DC=5.7005e+00 r1=-1.0528e+00 r2=6.0753e+01 r3=2.7769e+01 p=3.1104e-01 
New pars ( 270): DC=5.7005e+00 r1=-1.0528e+00 r2=6.0753e+01 r3=2.7771e+01 p=3.1106e-01 
New pars ( 271): DC=5.7005e+00 r1=-1.0528e+00 r2=6.0753e+01 r3=2.7771e+01 p=3.1102e-01 
New pars ( 272): DC=5.7005e+00 r1=-1.0528e+00 r2=6.0753e+01 r3=2.7771e+01 p=3.1104e-01 
New pars ( 273): DC=5.7005e+00 r1=-1.0528e+00 r2=6.0753e+01 r3=2.7771e+01 p=3.1104e-01 
New pars ( 274): DC=5.7005e+00 r1=-1.0528e+00 r2=6.0753e+01 r3=2.7771e+01 p=3.1104e-01 
New pars ( 275): DC=5.7005e+00 r1=-1.0528e+00 r2=6.0753e+01 r3=2.7771e+01 p=3.1104e-01 
New pars ( 276): DC=5.7005e+00 r1=-1.0526e+00 r2=6.0753e+01 r3=2.7771e+01 p=3.1104e-01 
New pars ( 277): DC=5.7005e+00 r1=-1.0529e+00 r2=6.0753e+01 r3=2.7771e+01 p=3.1104e-01 
New pars ( 278): DC=5.7005e+00 r1=-1.0527e+00 r2=6.0753e+01 r3=2.7771e+01 p=3.1104e-01 
New pars ( 279): DC=5.7005e+00 r1=-1.0528e+00 r2=6.0753e+01 r3=2.7771e+01 p=3.1104e-01 
New pars ( 280): DC=5.7005e+00 r1=-1.0528e+00 r2=6.0753e+01 r3=2.7771e+01 p=3.1104e-01 
New pars ( 281): DC=5.7005e+00 r1=-1.0528e+00 r2=6.0753e+01 r3=2.7771e+01 p=3.1104e-01 
New pars ( 282): DC=5.7005e+00 r1=-1.0528e+00 r2=6.0753e+01 r3=2.7771e+01 p=3.1104e-01 
New pars ( 283): DC=5.7005e+00 r1=-1.0528e+00 r2=6.0753e+01 r3=2.7771e+01 p=3.1104e-01 
New pars ( 284): DC=5.7005e+00 r1=-1.0528e+00 r2=6.0753e+01 r3=2.7772e+01 p=3.1104e-01 
New pars ( 285): DC=5.7005e+00 r1=-1.0528e+00 r2=6.0753e+01 r3=2.7771e+01 p=3.1104e-01 
New pars ( 286): DC=5.7005e+00 r1=-1.0528e+00 r2=6.0753e+01 r3=2.7771e+01 p=3.1104e-01 
New pars ( 287): DC=5.7005e+00 r1=-1.0528e+00 r2=6.0753e+01 r3=2.7771e+01 p=3.1104e-01 
New pars ( 288): DC=5.7005e+00 r1=-1.0528e+00 r2=6.0753e+01 r3=2.7771e+01 p=3.1104e-01 
New pars ( 289): DC=5.7005e+00 r1=-1.0528e+00 r2=6.0753e+01 r3=2.7771e+01 p=3.1103e-01 
New pars ( 290): DC=5.7005e+00 r1=-1.0528e+00 r2=6.0753e+01 r3=2.7771e+01 p=3.1104e-01 
New pars ( 291): DC=5.7005e+00 r1=-1.0528e+00 r2=6.0753e+01 r3=2.7771e+01 p=3.1104e-01 
New pars ( 292): DC=5.7006e+00 r1=-1.0521e+00 r2=6.0753e+01 r3=2.7771e+01 p=3.1104e-01 
New pars ( 293): DC=5.7006e+00 r1=-1.0528e+00 r2=6.0754e+01 r3=2.7771e+01 p=3.1104e-01 
New pars ( 294): DC=5.7005e+00 r1=-1.0521e+00 r2=6.0754e+01 r3=2.7771e+01 p=3.1104e-01 
New pars ( 295): DC=5.7006e+00 r1=-1.0528e+00 r2=6.0753e+01 r3=2.7773e+01 p=3.1104e-01 
New pars ( 296): DC=5.7005e+00 r1=-1.0521e+00 r2=6.0753e+01 r3=2.7773e+01 p=3.1104e-01 
New pars ( 297): DC=5.7005e+00 r1=-1.0528e+00 r2=6.0754e+01 r3=2.7773e+01 p=3.1104e-01 
New pars ( 298): DC=5.7006e+00 r1=-1.0528e+00 r2=6.0753e+01 r3=2.7771e+01 p=3.1106e-01 
New pars ( 299): DC=5.7005e+00 r1=-1.0521e+00 r2=6.0753e+01 r3=2.7771e+01 p=3.1106e-01 
New pars ( 300): DC=5.7005e+00 r1=-1.0528e+00 r2=6.0754e+01 r3=2.7771e+01 p=3.1106e-01 
New pars ( 301): DC=5.7005e+00 r1=-1.0528e+00 r2=6.0753e+01 r3=2.7773e+01 p=3.1106e-01 
 PARAMETER NUMBER   1 NOT A VARIABLE. IGNORED.
 THERE ARE NO MINOS ERRORS TO CALCULATE.
 PARAMETER NUMBER   2 NOT A VARIABLE. IGNORED.
 THERE ARE NO MINOS ERRORS TO CALCULATE.
New pars ( 302): DC=5.7384e+00 r1=-1.1443e+00 r2=6.0605e+01 r3=2.6863e+01 p=3.1615e-01 
New pars ( 303): DC=5.7384e+00 r1=-1.1436e+00 r2=6.0605e+01 r3=2.6863e+01 p=3.1615e-01 
New pars ( 304): DC=5.7384e+00 r1=-1.1450e+00 r2=6.0605e+01 r3=2.6863e+01 p=3.1615e-01 
New pars ( 305): DC=5.7384e+00 r1=-1.1443e+00 r2=6.0605e+01 r3=2.6863e+01 p=3.1615e-01 
New pars ( 306): DC=5.7384e+00 r1=-1.1443e+00 r2=6.0605e+01 r3=2.6863e+01 p=3.1615e-01 
New pars ( 307): DC=5.7384e+00 r1=-1.1443e+00 r2=6.0606e+01 r3=2.6863e+01 p=3.1615e-01 
New pars ( 308): DC=5.7384e+00 r1=-1.1443e+00 r2=6.0604e+01 r3=2.6863e+01 p=3.1615e-01 
New pars ( 309): DC=5.7384e+00 r1=-1.1443e+00 r2=6.0605e+01 r3=2.6864e+01 p=3.1615e-01 
New pars ( 310): DC=5.7384e+00 r1=-1.1443e+00 r2=6.0605e+01 r3=2.6862e+01 p=3.1615e-01 
New pars ( 311): DC=5.7384e+00 r1=-1.1443e+00 r2=6.0605e+01 r3=2.6866e+01 p=3.1615e-01 
New pars ( 312): DC=5.7384e+00 r1=-1.1443e+00 r2=6.0605e+01 r3=2.6861e+01 p=3.1615e-01 
New pars ( 313): DC=5.7384e+00 r1=-1.1443e+00 r2=6.0605e+01 r3=2.6863e+01 p=3.1617e-01 
New pars ( 314): DC=5.7384e+00 r1=-1.1443e+00 r2=6.0605e+01 r3=2.6863e+01 p=3.1613e-01 
New pars ( 315): DC=5.7384e+00 r1=-1.1474e+00 r2=6.0650e+01 r3=2.6772e+01 p=3.1609e-01 
New pars ( 316): DC=5.7384e+00 r1=-1.1487e+00 r2=6.0668e+01 r3=2.6735e+01 p=3.1607e-01 
New pars ( 317): DC=5.7384e+00 r1=-1.1480e+00 r2=6.0668e+01 r3=2.6735e+01 p=3.1607e-01 
New pars ( 318): DC=5.7384e+00 r1=-1.1494e+00 r2=6.0668e+01 r3=2.6735e+01 p=3.1607e-01 
New pars ( 319): DC=5.7384e+00 r1=-1.1487e+00 r2=6.0669e+01 r3=2.6735e+01 p=3.1607e-01 
New pars ( 320): DC=5.7384e+00 r1=-1.1487e+00 r2=6.0667e+01 r3=2.6735e+01 p=3.1607e-01 
New pars ( 321): DC=5.7384e+00 r1=-1.1487e+00 r2=6.0668e+01 r3=2.6738e+01 p=3.1607e-01 
New pars ( 322): DC=5.7384e+00 r1=-1.1487e+00 r2=6.0668e+01 r3=2.6733e+01 p=3.1607e-01 
New pars ( 323): DC=5.7384e+00 r1=-1.1487e+00 r2=6.0668e+01 r3=2.6735e+01 p=3.1609e-01 
New pars ( 324): DC=5.7384e+00 r1=-1.1487e+00 r2=6.0668e+01 r3=2.6735e+01 p=3.1605e-01 
New pars ( 325): DC=5.7384e+00 r1=-1.1619e+00 r2=6.0703e+01 r3=2.6705e+01 p=3.1597e-01 
New pars ( 326): DC=5.7384e+00 r1=-1.1828e+00 r2=6.0758e+01 r3=2.6658e+01 p=3.1582e-01 
New pars ( 327): DC=5.7384e+00 r1=-1.1821e+00 r2=6.0758e+01 r3=2.6658e+01 p=3.1582e-01 
New pars ( 328): DC=5.7384e+00 r1=-1.1835e+00 r2=6.0758e+01 r3=2.6658e+01 p=3.1582e-01 
New pars ( 329): DC=5.7384e+00 r1=-1.1828e+00 r2=6.0759e+01 r3=2.6658e+01 p=3.1582e-01 
New pars ( 330): DC=5.7384e+00 r1=-1.1828e+00 r2=6.0757e+01 r3=2.6658e+01 p=3.1582e-01 
New pars ( 331): DC=5.7384e+00 r1=-1.1828e+00 r2=6.0758e+01 r3=2.6661e+01 p=3.1582e-01 
New pars ( 332): DC=5.7384e+00 r1=-1.1828e+00 r2=6.0758e+01 r3=2.6656e+01 p=3.1582e-01 
New pars ( 333): DC=5.7384e+00 r1=-1.1828e+00 r2=6.0758e+01 r3=2.6658e+01 p=3.1584e-01 
New pars ( 334): DC=5.7384e+00 r1=-1.1828e+00 r2=6.0758e+01 r3=2.6658e+01 p=3.1580e-01 
New pars ( 335): DC=5.7384e+00 r1=-1.1865e+00 r2=6.0762e+01 r3=2.6660e+01 p=3.1586e-01 
New pars ( 336): DC=5.7384e+00 r1=-1.1874e+00 r2=6.0763e+01 r3=2.6660e+01 p=3.1587e-01 
New pars ( 337): DC=5.7384e+00 r1=-1.1867e+00 r2=6.0763e+01 r3=2.6660e+01 p=3.1587e-01 
New pars ( 338): DC=5.7384e+00 r1=-1.1881e+00 r2=6.0763e+01 r3=2.6660e+01 p=3.1587e-01 
New pars ( 339): DC=5.7384e+00 r1=-1.1874e+00 r2=6.0764e+01 r3=2.6660e+01 p=3.1587e-01 
New pars ( 340): DC=5.7384e+00 r1=-1.1874e+00 r2=6.0762e+01 r3=2.6660e+01 p=3.1587e-01 
New pars ( 341): DC=5.7384e+00 r1=-1.1874e+00 r2=6.0763e+01 r3=2.6662e+01 p=3.1587e-01 
New pars ( 342): DC=5.7384e+00 r1=-1.1874e+00 r2=6.0763e+01 r3=2.6658e+01 p=3.1587e-01 
New pars ( 343): DC=5.7384e+00 r1=-1.1874e+00 r2=6.0763e+01 r3=2.6660e+01 p=3.1589e-01 
New pars ( 344): DC=5.7384e+00 r1=-1.1874e+00 r2=6.0763e+01 r3=2.6660e+01 p=3.1584e-01 
New pars ( 345): DC=5.7457e+00 r1=-1.1874e+00 r2=6.0763e+01 r3=2.6660e+01 p=3.1587e-01 
New pars ( 346): DC=5.7457e+00 r1=-1.1867e+00 r2=6.0763e+01 r3=2.6660e+01 p=3.1587e-01 
New pars ( 347): DC=5.7457e+00 r1=-1.1881e+00 r2=6.0763e+01 r3=2.6660e+01 p=3.1587e-01 
New pars ( 348): DC=5.7457e+00 r1=-1.1874e+00 r2=6.0764e+01 r3=2.6660e+01 p=3.1587e-01 
New pars ( 349): DC=5.7457e+00 r1=-1.1874e+00 r2=6.0762e+01 r3=2.6660e+01 p=3.1587e-01 
New pars ( 350): DC=5.7457e+00 r1=-1.1874e+00 r2=6.0763e+01 r3=2.6662e+01 p=3.1587e-01 
New pars ( 351): DC=5.7457e+00 r1=-1.1874e+00 r2=6.0763e+01 r3=2.6658e+01 p=3.1587e-01 
New pars ( 352): DC=5.7457e+00 r1=-1.1874e+00 r2=6.0763e+01 r3=2.6660e+01 p=3.1589e-01 
New pars ( 353): DC=5.7457e+00 r1=-1.1874e+00 r2=6.0763e+01 r3=2.6660e+01 p=3.1584e-01 
New pars ( 354): DC=5.7457e+00 r1=-1.2129e+00 r2=6.0763e+01 r3=2.6444e+01 p=3.1680e-01 
New pars ( 355): DC=5.7457e+00 r1=-1.2122e+00 r2=6.0763e+01 r3=2.6444e+01 p=3.1680e-01 
New pars ( 356): DC=5.7457e+00 r1=-1.2136e+00 r2=6.0763e+01 r3=2.6444e+01 p=3.1680e-01 
New pars ( 357): DC=5.7457e+00 r1=-1.2129e+00 r2=6.0764e+01 r3=2.6444e+01 p=3.1680e-01 
New pars ( 358): DC=5.7457e+00 r1=-1.2129e+00 r2=6.0762e+01 r3=2.6444e+01 p=3.1680e-01 
New pars ( 359): DC=5.7457e+00 r1=-1.2129e+00 r2=6.0763e+01 r3=2.6447e+01 p=3.1680e-01 
New pars ( 360): DC=5.7457e+00 r1=-1.2129e+00 r2=6.0763e+01 r3=2.6442e+01 p=3.1680e-01 
New pars ( 361): DC=5.7457e+00 r1=-1.2129e+00 r2=6.0763e+01 r3=2.6444e+01 p=3.1683e-01 
New pars ( 362): DC=5.7457e+00 r1=-1.2129e+00 r2=6.0763e+01 r3=2.6444e+01 p=3.1678e-01 
New pars ( 363): DC=5.7457e+00 r1=-1.2125e+00 r2=6.0761e+01 r3=2.6447e+01 p=3.1682e-01 
New pars ( 364): DC=5.7457e+00 r1=-1.2125e+00 r2=6.0761e+01 r3=2.6447e+01 p=3.1682e-01 
New pars ( 365): DC=5.7457e+00 r1=-1.2125e+00 r2=6.0761e+01 r3=2.6447e+01 p=3.1682e-01 
New pars ( 366): DC=5.7457e+00 r1=-1.2118e+00 r2=6.0761e+01 r3=2.6447e+01 p=3.1682e-01 
New pars ( 367): DC=5.7457e+00 r1=-1.2132e+00 r2=6.0761e+01 r3=2.6447e+01 p=3.1682e-01 
New pars ( 368): DC=5.7457e+00 r1=-1.2125e+00 r2=6.0762e+01 r3=2.6447e+01 p=3.1682e-01 
New pars ( 369): DC=5.7457e+00 r1=-1.2125e+00 r2=6.0760e+01 r3=2.6447e+01 p=3.1682e-01 
New pars ( 370): DC=5.7457e+00 r1=-1.2125e+00 r2=6.0761e+01 r3=2.6449e+01 p=3.1682e-01 
New pars ( 371): DC=5.7457e+00 r1=-1.2125e+00 r2=6.0761e+01 r3=2.6445e+01 p=3.1682e-01 
New pars ( 372): DC=5.7457e+00 r1=-1.2125e+00 r2=6.0761e+01 r3=2.6447e+01 p=3.1684e-01 
New pars ( 373): DC=5.7457e+00 r1=-1.2125e+00 r2=6.0761e+01 r3=2.6447e+01 p=3.1680e-01 
New pars ( 374): DC=5.6626e+00 r1=-9.6124e-01 r2=6.0901e+01 r3=2.8679e+01 p=3.0593e-01 
New pars ( 375): DC=5.6626e+00 r1=-9.6053e-01 r2=6.0901e+01 r3=2.8679e+01 p=3.0593e-01 
New pars ( 376): DC=5.6626e+00 r1=-9.6194e-01 r2=6.0901e+01 r3=2.8679e+01 p=3.0593e-01 
New pars ( 377): DC=5.6626e+00 r1=-9.6124e-01 r2=6.0902e+01 r3=2.8679e+01 p=3.0593e-01 
New pars ( 378): DC=5.6626e+00 r1=-9.6124e-01 r2=6.0900e+01 r3=2.8679e+01 p=3.0593e-01 
New pars ( 379): DC=5.6626e+00 r1=-9.6124e-01 r2=6.0901e+01 r3=2.8681e+01 p=3.0593e-01 
New pars ( 380): DC=5.6626e+00 r1=-9.6124e-01 r2=6.0901e+01 r3=2.8677e+01 p=3.0593e-01 
New pars ( 381): DC=5.6626e+00 r1=-9.6124e-01 r2=6.0901e+01 r3=2.8679e+01 p=3.0595e-01 
New pars ( 382): DC=5.6626e+00 r1=-9.6124e-01 r2=6.0901e+01 r3=2.8679e+01 p=3.0590e-01 
New pars ( 383): DC=5.6626e+00 r1=-9.0996e-01 r2=6.0713e+01 r3=2.8915e+01 p=3.0639e-01 
New pars ( 384): DC=5.6626e+00 r1=-9.0926e-01 r2=6.0713e+01 r3=2.8915e+01 p=3.0639e-01 
New pars ( 385): DC=5.6626e+00 r1=-9.1066e-01 r2=6.0713e+01 r3=2.8915e+01 p=3.0639e-01 
New pars ( 386): DC=5.6626e+00 r1=-9.0996e-01 r2=6.0714e+01 r3=2.8915e+01 p=3.0639e-01 
New pars ( 387): DC=5.6626e+00 r1=-9.0996e-01 r2=6.0712e+01 r3=2.8915e+01 p=3.0639e-01 
New pars ( 388): DC=5.6626e+00 r1=-9.0996e-01 r2=6.0713e+01 r3=2.8917e+01 p=3.0639e-01 
New pars ( 389): DC=5.6626e+00 r1=-9.0996e-01 r2=6.0713e+01 r3=2.8912e+01 p=3.0639e-01 
New pars ( 390): DC=5.6626e+00 r1=-9.0996e-01 r2=6.0713e+01 r3=2.8915e+01 p=3.0641e-01 
New pars ( 391): DC=5.6626e+00 r1=-9.0996e-01 r2=6.0713e+01 r3=2.8915e+01 p=3.0637e-01 
New pars ( 392): DC=5.6626e+00 r1=-9.1169e-01 r2=6.0720e+01 r3=2.8906e+01 p=3.0636e-01 
New pars ( 393): DC=5.6626e+00 r1=-9.1099e-01 r2=6.0720e+01 r3=2.8906e+01 p=3.0636e-01 
New pars ( 394): DC=5.6626e+00 r1=-9.1239e-01 r2=6.0720e+01 r3=2.8906e+01 p=3.0636e-01 
New pars ( 395): DC=5.6626e+00 r1=-9.1169e-01 r2=6.0721e+01 r3=2.8906e+01 p=3.0636e-01 
New pars ( 396): DC=5.6626e+00 r1=-9.1169e-01 r2=6.0719e+01 r3=2.8906e+01 p=3.0636e-01 
New pars ( 397): DC=5.6626e+00 r1=-9.1169e-01 r2=6.0720e+01 r3=2.8908e+01 p=3.0636e-01 
New pars ( 398): DC=5.6626e+00 r1=-9.1169e-01 r2=6.0720e+01 r3=2.8904e+01 p=3.0636e-01 
New pars ( 399): DC=5.6626e+00 r1=-9.1169e-01 r2=6.0720e+01 r3=2.8906e+01 p=3.0638e-01 
New pars ( 400): DC=5.6626e+00 r1=-9.1169e-01 r2=6.0720e+01 r3=2.8906e+01 p=3.0634e-01 
New pars ( 401): DC=5.6547e+00 r1=-9.1169e-01 r2=6.0720e+01 r3=2.8906e+01 p=3.0636e-01 
New pars ( 402): DC=5.6547e+00 r1=-9.1099e-01 r2=6.0720e+01 r3=2.8906e+01 p=3.0636e-01 
New pars ( 403): DC=5.6547e+00 r1=-9.1240e-01 r2=6.0720e+01 r3=2.8906e+01 p=3.0636e-01 
New pars ( 404): DC=5.6547e+00 r1=-9.1169e-01 r2=6.0721e+01 r3=2.8906e+01 p=3.0636e-01 
New pars ( 405): DC=5.6547e+00 r1=-9.1169e-01 r2=6.0719e+01 r3=2.8906e+01 p=3.0636e-01 
New pars ( 406): DC=5.6547e+00 r1=-9.1169e-01 r2=6.0720e+01 r3=2.8908e+01 p=3.0636e-01 
New pars ( 407): DC=5.6547e+00 r1=-9.1169e-01 r2=6.0720e+01 r3=2.8904e+01 p=3.0636e-01 
New pars ( 408): DC=5.6547e+00 r1=-9.1169e-01 r2=6.0720e+01 r3=2.8906e+01 p=3.0638e-01 
New pars ( 409): DC=5.6547e+00 r1=-9.1169e-01 r2=6.0720e+01 r3=2.8906e+01 p=3.0634e-01 
New pars ( 410): DC=5.6547e+00 r1=-8.7543e-01 r2=6.0695e+01 r3=2.9169e+01 p=3.0532e-01 
New pars ( 411): DC=5.6547e+00 r1=-8.7475e-01 r2=6.0695e+01 r3=2.9169e+01 p=3.0532e-01 
New pars ( 412): DC=5.6547e+00 r1=-8.7612e-01 r2=6.0695e+01 r3=2.9169e+01 p=3.0532e-01 
New pars ( 413): DC=5.6547e+00 r1=-8.7543e-01 r2=6.0696e+01 r3=2.9169e+01 p=3.0532e-01 
New pars ( 414): DC=5.6547e+00 r1=-8.7543e-01 r2=6.0694e+01 r3=2.9169e+01 p=3.0532e-01 
New pars ( 415): DC=5.6547e+00 r1=-8.7543e-01 r2=6.0695e+01 r3=2.9171e+01 p=3.0532e-01 
New pars ( 416): DC=5.6547e+00 r1=-8.7543e-01 r2=6.0695e+01 r3=2.9167e+01 p=3.0532e-01 
New pars ( 417): DC=5.6547e+00 r1=-8.7543e-01 r2=6.0695e+01 r3=2.9169e+01 p=3.0534e-01 
New pars ( 418): DC=5.6547e+00 r1=-8.7543e-01 r2=6.0695e+01 r3=2.9169e+01 p=3.0530e-01 
New pars ( 419): DC=5.6547e+00 r1=-8.8119e-01 r2=6.0710e+01 r3=2.9146e+01 p=3.0540e-01 
New pars ( 420): DC=5.6547e+00 r1=-8.8049e-01 r2=6.0710e+01 r3=2.9146e+01 p=3.0540e-01 
New pars ( 421): DC=5.6547e+00 r1=-8.8189e-01 r2=6.0710e+01 r3=2.9146e+01 p=3.0540e-01 
New pars ( 422): DC=5.6547e+00 r1=-8.8119e-01 r2=6.0711e+01 r3=2.9146e+01 p=3.0540e-01 
New pars ( 423): DC=5.6547e+00 r1=-8.8119e-01 r2=6.0709e+01 r3=2.9146e+01 p=3.0540e-01 
New pars ( 424): DC=5.6547e+00 r1=-8.8119e-01 r2=6.0710e+01 r3=2.9148e+01 p=3.0540e-01 
New pars ( 425): DC=5.6547e+00 r1=-8.8119e-01 r2=6.0710e+01 r3=2.9144e+01 p=3.0540e-01 
New pars ( 426): DC=5.6547e+00 r1=-8.8119e-01 r2=6.0710e+01 r3=2.9146e+01 p=3.0543e-01 
New pars ( 427): DC=5.6547e+00 r1=-8.8119e-01 r2=6.0710e+01 r3=2.9146e+01 p=3.0538e-01 
New pars ( 428): DC=5.6933e+00 r1=-5.7234e-01 r2=6.0082e+01 r3=2.8125e+01 p=3.0932e-01 
New pars ( 429): DC=5.6933e+00 r1=-5.7234e-01 r2=6.0082e+01 r3=2.8125e+01 p=3.0932e-01 
New pars ( 430): DC=5.6933e+00 r1=-5.7234e-01 r2=6.0082e+01 r3=2.8125e+01 p=3.0932e-01 
New pars ( 431): DC=5.6934e+00 r1=-5.7234e-01 r2=6.0082e+01 r3=2.8125e+01 p=3.0932e-01 
New pars ( 432): DC=5.6932e+00 r1=-5.7234e-01 r2=6.0082e+01 r3=2.8125e+01 p=3.0932e-01 
New pars ( 433): DC=5.6933e+00 r1=-5.7234e-01 r2=6.0083e+01 r3=2.8125e+01 p=3.0932e-01 
New pars ( 434): DC=5.6933e+00 r1=-5.7234e-01 r2=6.0081e+01 r3=2.8125e+01 p=3.0932e-01 
New pars ( 435): DC=5.6933e+00 r1=-5.7234e-01 r2=6.0082e+01 r3=2.8128e+01 p=3.0932e-01 
New pars ( 436): DC=5.6933e+00 r1=-5.7234e-01 r2=6.0082e+01 r3=2.8123e+01 p=3.0932e-01 
New pars ( 437): DC=5.6933e+00 r1=-5.7234e-01 r2=6.0082e+01 r3=2.8125e+01 p=3.0934e-01 
New pars ( 438): DC=5.6933e+00 r1=-5.7234e-01 r2=6.0082e+01 r3=2.8125e+01 p=3.0930e-01 
New pars ( 439): DC=5.6943e+00 r1=-5.7234e-01 r2=5.9906e+01 r3=2.8408e+01 p=3.1038e-01 
New pars ( 440): DC=5.6949e+00 r1=-5.7234e-01 r2=5.9794e+01 r3=2.8590e+01 p=3.1106e-01 
New pars ( 441): DC=5.6949e+00 r1=-5.7234e-01 r2=5.9794e+01 r3=2.8590e+01 p=3.1106e-01 
New pars ( 442): DC=5.6948e+00 r1=-5.7234e-01 r2=5.9794e+01 r3=2.8590e+01 p=3.1106e-01 
New pars ( 443): DC=5.6949e+00 r1=-5.7234e-01 r2=5.9795e+01 r3=2.8590e+01 p=3.1106e-01 
New pars ( 444): DC=5.6949e+00 r1=-5.7234e-01 r2=5.9793e+01 r3=2.8590e+01 p=3.1106e-01 
New pars ( 445): DC=5.6949e+00 r1=-5.7234e-01 r2=5.9794e+01 r3=2.8592e+01 p=3.1106e-01 
New pars ( 446): DC=5.6949e+00 r1=-5.7234e-01 r2=5.9794e+01 r3=2.8587e+01 p=3.1106e-01 
New pars ( 447): DC=5.6949e+00 r1=-5.7234e-01 r2=5.9794e+01 r3=2.8590e+01 p=3.1108e-01 
New pars ( 448): DC=5.6949e+00 r1=-5.7234e-01 r2=5.9794e+01 r3=2.8590e+01 p=3.1104e-01 
New pars ( 449): DC=5.6944e+00 r1=-5.7234e-01 r2=5.9797e+01 r3=2.8603e+01 p=3.1100e-01 
New pars ( 450): DC=5.6943e+00 r1=-5.7234e-01 r2=5.9798e+01 r3=2.8606e+01 p=3.1099e-01 
New pars ( 451): DC=5.6943e+00 r1=-5.7234e-01 r2=5.9798e+01 r3=2.8606e+01 p=3.1099e-01 
New pars ( 452): DC=5.6942e+00 r1=-5.7234e-01 r2=5.9798e+01 r3=2.8606e+01 p=3.1099e-01 
New pars ( 453): DC=5.6943e+00 r1=-5.7234e-01 r2=5.9799e+01 r3=2.8606e+01 p=3.1099e-01 
New pars ( 454): DC=5.6943e+00 r1=-5.7234e-01 r2=5.9797e+01 r3=2.8606e+01 p=3.1099e-01 
New pars ( 455): DC=5.6943e+00 r1=-5.7234e-01 r2=5.9798e+01 r3=2.8609e+01 p=3.1099e-01 
New pars ( 456): DC=5.6943e+00 r1=-5.7234e-01 r2=5.9798e+01 r3=2.8604e+01 p=3.1099e-01 
New pars ( 457): DC=5.6943e+00 r1=-5.7234e-01 r2=5.9798e+01 r3=2.8606e+01 p=3.1101e-01 
New pars ( 458): DC=5.6943e+00 r1=-5.7234e-01 r2=5.9798e+01 r3=2.8606e+01 p=3.1096e-01 
New pars ( 459): DC=5.6942e+00 r1=-5.7234e-01 r2=5.9798e+01 r3=2.8609e+01 p=3.1098e-01 
New pars ( 460): DC=5.6942e+00 r1=-5.7234e-01 r2=5.9798e+01 r3=2.8609e+01 p=3.1097e-01 
New pars ( 461): DC=5.6943e+00 r1=-5.7234e-01 r2=5.9798e+01 r3=2.8609e+01 p=3.1097e-01 
New pars ( 462): DC=5.6941e+00 r1=-5.7234e-01 r2=5.9798e+01 r3=2.8609e+01 p=3.1097e-01 
New pars ( 463): DC=5.6942e+00 r1=-5.7234e-01 r2=5.9799e+01 r3=2.8609e+01 p=3.1097e-01 
New pars ( 464): DC=5.6942e+00 r1=-5.7234e-01 r2=5.9797e+01 r3=2.8609e+01 p=3.1097e-01 
New pars ( 465): DC=5.6942e+00 r1=-5.7234e-01 r2=5.9798e+01 r3=2.8611e+01 p=3.1097e-01 
New pars ( 466): DC=5.6942e+00 r1=-5.7234e-01 r2=5.9798e+01 r3=2.8607e+01 p=3.1097e-01 
New pars ( 467): DC=5.6942e+00 r1=-5.7234e-01 r2=5.9798e+01 r3=2.8609e+01 p=3.1100e-01 
New pars ( 468): DC=5.6942e+00 r1=-5.7234e-01 r2=5.9798e+01 r3=2.8609e+01 p=3.1095e-01 
New pars ( 469): DC=5.6942e+00 r1=-2.8850e-01 r2=5.9798e+01 r3=2.8609e+01 p=3.1097e-01 
New pars ( 470): DC=5.6943e+00 r1=-2.8850e-01 r2=5.9798e+01 r3=2.8609e+01 p=3.1097e-01 
New pars ( 471): DC=5.6941e+00 r1=-2.8850e-01 r2=5.9798e+01 r3=2.8609e+01 p=3.1097e-01 
New pars ( 472): DC=5.6942e+00 r1=-2.8850e-01 r2=5.9799e+01 r3=2.8609e+01 p=3.1097e-01 
New pars ( 473): DC=5.6942e+00 r1=-2.8850e-01 r2=5.9797e+01 r3=2.8609e+01 p=3.1097e-01 
New pars ( 474): DC=5.6942e+00 r1=-2.8850e-01 r2=5.9798e+01 r3=2.8611e+01 p=3.1097e-01 
New pars ( 475): DC=5.6942e+00 r1=-2.8850e-01 r2=5.9798e+01 r3=2.8607e+01 p=3.1097e-01 
New pars ( 476): DC=5.6942e+00 r1=-2.8850e-01 r2=5.9798e+01 r3=2.8609e+01 p=3.1100e-01 
New pars ( 477): DC=5.6942e+00 r1=-2.8850e-01 r2=5.9798e+01 r3=2.8609e+01 p=3.1095e-01 
New pars ( 478): DC=5.6942e+00 r1=-2.8850e-01 r2=5.9798e+01 r3=2.8609e+01 p=3.1103e-01 
New pars ( 479): DC=5.6942e+00 r1=-2.8850e-01 r2=5.9798e+01 r3=2.8609e+01 p=3.1092e-01 
New pars ( 480): DC=5.6888e+00 r1=-2.8850e-01 r2=5.9272e+01 r3=2.9107e+01 p=3.1049e-01 
New pars ( 481): DC=5.6888e+00 r1=-2.8850e-01 r2=5.9272e+01 r3=2.9107e+01 p=3.1049e-01 
New pars ( 482): DC=5.6887e+00 r1=-2.8850e-01 r2=5.9272e+01 r3=2.9107e+01 p=3.1049e-01 
New pars ( 483): DC=5.6888e+00 r1=-2.8850e-01 r2=5.9274e+01 r3=2.9107e+01 p=3.1049e-01 
New pars ( 484): DC=5.6888e+00 r1=-2.8850e-01 r2=5.9271e+01 r3=2.9107e+01 p=3.1049e-01 
New pars ( 485): DC=5.6888e+00 r1=-2.8850e-01 r2=5.9272e+01 r3=2.9111e+01 p=3.1049e-01 
New pars ( 486): DC=5.6888e+00 r1=-2.8850e-01 r2=5.9272e+01 r3=2.9103e+01 p=3.1049e-01 
New pars ( 487): DC=5.6888e+00 r1=-2.8850e-01 r2=5.9272e+01 r3=2.9109e+01 p=3.1049e-01 
New pars ( 488): DC=5.6888e+00 r1=-2.8850e-01 r2=5.9272e+01 r3=2.9105e+01 p=3.1049e-01 
New pars ( 489): DC=5.6888e+00 r1=-2.8850e-01 r2=5.9272e+01 r3=2.9107e+01 p=3.1051e-01 
New pars ( 490): DC=5.6888e+00 r1=-2.8850e-01 r2=5.9272e+01 r3=2.9107e+01 p=3.1046e-01 
New pars ( 491): DC=5.6903e+00 r1=-2.8850e-01 r2=5.9236e+01 r3=2.9104e+01 p=3.1091e-01 
New pars ( 492): DC=5.6904e+00 r1=-2.8850e-01 r2=5.9236e+01 r3=2.9104e+01 p=3.1091e-01 
New pars ( 493): DC=5.6903e+00 r1=-2.8850e-01 r2=5.9236e+01 r3=2.9104e+01 p=3.1091e-01 
New pars ( 494): DC=5.6903e+00 r1=-2.8850e-01 r2=5.9237e+01 r3=2.9104e+01 p=3.1091e-01 
New pars ( 495): DC=5.6903e+00 r1=-2.8850e-01 r2=5.9235e+01 r3=2.9104e+01 p=3.1091e-01 
New pars ( 496): DC=5.6903e+00 r1=-2.8850e-01 r2=5.9236e+01 r3=2.9107e+01 p=3.1091e-01 
New pars ( 497): DC=5.6903e+00 r1=-2.8850e-01 r2=5.9236e+01 r3=2.9102e+01 p=3.1091e-01 
New pars ( 498): DC=5.6903e+00 r1=-2.8850e-01 r2=5.9236e+01 r3=2.9104e+01 p=3.1093e-01 
New pars ( 499): DC=5.6903e+00 r1=-2.8850e-01 r2=5.9236e+01 r3=2.9104e+01 p=3.1089e-01 
New pars ( 500): DC=5.7077e+00 r1=-1.5332e+00 r2=6.1424e+01 r3=2.7417e+01 p=3.1276e-01 
New pars ( 501): DC=5.7078e+00 r1=-1.5332e+00 r2=6.1424e+01 r3=2.7417e+01 p=3.1276e-01 
New pars ( 502): DC=5.7076e+00 r1=-1.5332e+00 r2=6.1424e+01 r3=2.7417e+01 p=3.1276e-01 
New pars ( 503): DC=5.7077e+00 r1=-1.5332e+00 r2=6.1425e+01 r3=2.7417e+01 p=3.1276e-01 
New pars ( 504): DC=5.7077e+00 r1=-1.5332e+00 r2=6.1423e+01 r3=2.7417e+01 p=3.1276e-01 
New pars ( 505): DC=5.7077e+00 r1=-1.5332e+00 r2=6.1424e+01 r3=2.7419e+01 p=3.1276e-01 
New pars ( 506): DC=5.7077e+00 r1=-1.5332e+00 r2=6.1424e+01 r3=2.7415e+01 p=3.1276e-01 
New pars ( 507): DC=5.7077e+00 r1=-1.5332e+00 r2=6.1424e+01 r3=2.7417e+01 p=3.1278e-01 
New pars ( 508): DC=5.7077e+00 r1=-1.5332e+00 r2=6.1424e+01 r3=2.7417e+01 p=3.1274e-01 
New pars ( 509): DC=5.7065e+00 r1=-1.5332e+00 r2=6.1715e+01 r3=2.6932e+01 p=3.1102e-01 
New pars ( 510): DC=5.7065e+00 r1=-1.5332e+00 r2=6.1715e+01 r3=2.6932e+01 p=3.1102e-01 
New pars ( 511): DC=5.7064e+00 r1=-1.5332e+00 r2=6.1715e+01 r3=2.6932e+01 p=3.1102e-01 
New pars ( 512): DC=5.7065e+00 r1=-1.5332e+00 r2=6.1716e+01 r3=2.6932e+01 p=3.1102e-01 
New pars ( 513): DC=5.7065e+00 r1=-1.5332e+00 r2=6.1714e+01 r3=2.6932e+01 p=3.1102e-01 
New pars ( 514): DC=5.7065e+00 r1=-1.5332e+00 r2=6.1715e+01 r3=2.6935e+01 p=3.1102e-01 
New pars ( 515): DC=5.7065e+00 r1=-1.5332e+00 r2=6.1715e+01 r3=2.6930e+01 p=3.1102e-01 
New pars ( 516): DC=5.7065e+00 r1=-1.5332e+00 r2=6.1715e+01 r3=2.6932e+01 p=3.1104e-01 
New pars ( 517): DC=5.7065e+00 r1=-1.5332e+00 r2=6.1715e+01 r3=2.6932e+01 p=3.1100e-01 
New pars ( 518): DC=5.7066e+00 r1=-1.5332e+00 r2=6.1713e+01 r3=2.6934e+01 p=3.1104e-01 
New pars ( 519): DC=5.7067e+00 r1=-1.5332e+00 r2=6.1713e+01 r3=2.6934e+01 p=3.1104e-01 
New pars ( 520): DC=5.7065e+00 r1=-1.5332e+00 r2=6.1713e+01 r3=2.6934e+01 p=3.1104e-01 
New pars ( 521): DC=5.7066e+00 r1=-1.5332e+00 r2=6.1714e+01 r3=2.6934e+01 p=3.1104e-01 
New pars ( 522): DC=5.7066e+00 r1=-1.5332e+00 r2=6.1712e+01 r3=2.6934e+01 p=3.1104e-01 
New pars ( 523): DC=5.7066e+00 r1=-1.5332e+00 r2=6.1713e+01 r3=2.6936e+01 p=3.1104e-01 
New pars ( 524): DC=5.7066e+00 r1=-1.5332e+00 r2=6.1713e+01 r3=2.6932e+01 p=3.1104e-01 
New pars ( 525): DC=5.7066e+00 r1=-1.5332e+00 r2=6.1713e+01 r3=2.6934e+01 p=3.1106e-01 
New pars ( 526): DC=5.7066e+00 r1=-1.5332e+00 r2=6.1713e+01 r3=2.6934e+01 p=3.1102e-01 
New pars ( 527): DC=5.7066e+00 r1=-1.8173e+00 r2=6.1713e+01 r3=2.6934e+01 p=3.1104e-01 
New pars ( 528): DC=5.7067e+00 r1=-1.8173e+00 r2=6.1713e+01 r3=2.6934e+01 p=3.1104e-01 
New pars ( 529): DC=5.7065e+00 r1=-1.8173e+00 r2=6.1713e+01 r3=2.6934e+01 p=3.1104e-01 
New pars ( 530): DC=5.7066e+00 r1=-1.8173e+00 r2=6.1714e+01 r3=2.6934e+01 p=3.1104e-01 
New pars ( 531): DC=5.7066e+00 r1=-1.8173e+00 r2=6.1712e+01 r3=2.6934e+01 p=3.1104e-01 
New pars ( 532): DC=5.7066e+00 r1=-1.8173e+00 r2=6.1713e+01 r3=2.6936e+01 p=3.1104e-01 
New pars ( 533): DC=5.7066e+00 r1=-1.8173e+00 r2=6.1713e+01 r3=2.6931e+01 p=3.1104e-01 
New pars ( 534): DC=5.7066e+00 r1=-1.8173e+00 r2=6.1713e+01 r3=2.6934e+01 p=3.1106e-01 
New pars ( 535): DC=5.7066e+00 r1=-1.8173e+00 r2=6.1713e+01 r3=2.6934e+01 p=3.1102e-01 
New pars ( 536): DC=5.7088e+00 r1=-1.8173e+00 r2=6.2303e+01 r3=2.6454e+01 p=3.1072e-01 
New pars ( 537): DC=5.7089e+00 r1=-1.8173e+00 r2=6.2303e+01 r3=2.6454e+01 p=3.1072e-01 
New pars ( 538): DC=5.7088e+00 r1=-1.8173e+00 r2=6.2303e+01 r3=2.6454e+01 p=3.1072e-01 
New pars ( 539): DC=5.7088e+00 r1=-1.8173e+00 r2=6.2304e+01 r3=2.6454e+01 p=3.1072e-01 
New pars ( 540): DC=5.7088e+00 r1=-1.8173e+00 r2=6.2302e+01 r3=2.6454e+01 p=3.1072e-01 
New pars ( 541): DC=5.7088e+00 r1=-1.8173e+00 r2=6.2303e+01 r3=2.6455e+01 p=3.1072e-01 
New pars ( 542): DC=5.7088e+00 r1=-1.8173e+00 r2=6.2303e+01 r3=2.6452e+01 p=3.1072e-01 
New pars ( 543): DC=5.7088e+00 r1=-1.8173e+00 r2=6.2303e+01 r3=2.6454e+01 p=3.1074e-01 
New pars ( 544): DC=5.7088e+00 r1=-1.8173e+00 r2=6.2303e+01 r3=2.6454e+01 p=3.1071e-01 
New pars ( 545): DC=5.7101e+00 r1=-1.8173e+00 r2=6.2284e+01 r3=2.6438e+01 p=3.1101e-01 
New pars ( 546): DC=5.7101e+00 r1=-1.8173e+00 r2=6.2284e+01 r3=2.6438e+01 p=3.1101e-01 
New pars ( 547): DC=5.7100e+00 r1=-1.8173e+00 r2=6.2284e+01 r3=2.6438e+01 p=3.1101e-01 
New pars ( 548): DC=5.7101e+00 r1=-1.8173e+00 r2=6.2285e+01 r3=2.6438e+01 p=3.1101e-01 
New pars ( 549): DC=5.7101e+00 r1=-1.8173e+00 r2=6.2283e+01 r3=2.6438e+01 p=3.1101e-01 
New pars ( 550): DC=5.7101e+00 r1=-1.8173e+00 r2=6.2284e+01 r3=2.6441e+01 p=3.1101e-01 
New pars ( 551): DC=5.7101e+00 r1=-1.8173e+00 r2=6.2284e+01 r3=2.6436e+01 p=3.1101e-01 
New pars ( 552): DC=5.7101e+00 r1=-1.8173e+00 r2=6.2284e+01 r3=2.6438e+01 p=3.1103e-01 
New pars ( 553): DC=5.7101e+00 r1=-1.8173e+00 r2=6.2284e+01 r3=2.6438e+01 p=3.1098e-01 
New pars ( 554): DC=5.6946e+00 r1=-1.3896e+00 r2=6.1710e+01 r3=2.7059e+01 p=3.0844e-01 
New pars ( 555): DC=5.6947e+00 r1=-1.3896e+00 r2=6.1710e+01 r3=2.7059e+01 p=3.0844e-01 
New pars ( 556): DC=5.6946e+00 r1=-1.3896e+00 r2=6.1710e+01 r3=2.7059e+01 p=3.0844e-01 
New pars ( 557): DC=5.6946e+00 r1=-1.3889e+00 r2=6.1710e+01 r3=2.7059e+01 p=3.0844e-01 
New pars ( 558): DC=5.6946e+00 r1=-1.3903e+00 r2=6.1710e+01 r3=2.7059e+01 p=3.0844e-01 
New pars ( 559): DC=5.6946e+00 r1=-1.3896e+00 r2=6.1710e+01 r3=2.7062e+01 p=3.0844e-01 
New pars ( 560): DC=5.6946e+00 r1=-1.3896e+00 r2=6.1710e+01 r3=2.7057e+01 p=3.0844e-01 
New pars ( 561): DC=5.6946e+00 r1=-1.3896e+00 r2=6.1710e+01 r3=2.7059e+01 p=3.0846e-01 
New pars ( 562): DC=5.6946e+00 r1=-1.3896e+00 r2=6.1710e+01 r3=2.7059e+01 p=3.0842e-01 
New pars ( 563): DC=5.6989e+00 r1=-1.4122e+00 r2=6.1710e+01 r3=2.6948e+01 p=3.0909e-01 
New pars ( 564): DC=5.7008e+00 r1=-1.4221e+00 r2=6.1710e+01 r3=2.6900e+01 p=3.0938e-01 
New pars ( 565): DC=5.7008e+00 r1=-1.4221e+00 r2=6.1710e+01 r3=2.6900e+01 p=3.0938e-01 
New pars ( 566): DC=5.7007e+00 r1=-1.4221e+00 r2=6.1710e+01 r3=2.6900e+01 p=3.0938e-01 
New pars ( 567): DC=5.7008e+00 r1=-1.4214e+00 r2=6.1710e+01 r3=2.6900e+01 p=3.0938e-01 
New pars ( 568): DC=5.7008e+00 r1=-1.4228e+00 r2=6.1710e+01 r3=2.6900e+01 p=3.0938e-01 
New pars ( 569): DC=5.7008e+00 r1=-1.4221e+00 r2=6.1710e+01 r3=2.6902e+01 p=3.0938e-01 
New pars ( 570): DC=5.7008e+00 r1=-1.4221e+00 r2=6.1710e+01 r3=2.6898e+01 p=3.0938e-01 
New pars ( 571): DC=5.7008e+00 r1=-1.4221e+00 r2=6.1710e+01 r3=2.6900e+01 p=3.0940e-01 
New pars ( 572): DC=5.7008e+00 r1=-1.4221e+00 r2=6.1710e+01 r3=2.6900e+01 p=3.0936e-01 
New pars ( 573): DC=5.7009e+00 r1=-1.4187e+00 r2=6.1710e+01 r3=2.6888e+01 p=3.0935e-01 
New pars ( 574): DC=5.7009e+00 r1=-1.4179e+00 r2=6.1710e+01 r3=2.6885e+01 p=3.0935e-01 
New pars ( 575): DC=5.7010e+00 r1=-1.4179e+00 r2=6.1710e+01 r3=2.6885e+01 p=3.0935e-01 
New pars ( 576): DC=5.7008e+00 r1=-1.4179e+00 r2=6.1710e+01 r3=2.6885e+01 p=3.0935e-01 
New pars ( 577): DC=5.7009e+00 r1=-1.4172e+00 r2=6.1710e+01 r3=2.6885e+01 p=3.0935e-01 
New pars ( 578): DC=5.7009e+00 r1=-1.4186e+00 r2=6.1710e+01 r3=2.6885e+01 p=3.0935e-01 
New pars ( 579): DC=5.7009e+00 r1=-1.4179e+00 r2=6.1710e+01 r3=2.6887e+01 p=3.0935e-01 
New pars ( 580): DC=5.7009e+00 r1=-1.4179e+00 r2=6.1710e+01 r3=2.6882e+01 p=3.0935e-01 
New pars ( 581): DC=5.7009e+00 r1=-1.4179e+00 r2=6.1710e+01 r3=2.6885e+01 p=3.0937e-01 
New pars ( 582): DC=5.7009e+00 r1=-1.4179e+00 r2=6.1710e+01 r3=2.6885e+01 p=3.0932e-01 
New pars ( 583): DC=5.7009e+00 r1=-1.4179e+00 r2=6.2503e+01 r3=2.6885e+01 p=3.0935e-01 
New pars ( 584): DC=5.7010e+00 r1=-1.4179e+00 r2=6.2503e+01 r3=2.6885e+01 p=3.0935e-01 
New pars ( 585): DC=5.7008e+00 r1=-1.4179e+00 r2=6.2503e+01 r3=2.6885e+01 p=3.0935e-01 
New pars ( 586): DC=5.7009e+00 r1=-1.4171e+00 r2=6.2503e+01 r3=2.6885e+01 p=3.0935e-01 
New pars ( 587): DC=5.7009e+00 r1=-1.4186e+00 r2=6.2503e+01 r3=2.6885e+01 p=3.0935e-01 
New pars ( 588): DC=5.7009e+00 r1=-1.4179e+00 r2=6.2503e+01 r3=2.6887e+01 p=3.0935e-01 
New pars ( 589): DC=5.7009e+00 r1=-1.4179e+00 r2=6.2503e+01 r3=2.6882e+01 p=3.0935e-01 
New pars ( 590): DC=5.7009e+00 r1=-1.4179e+00 r2=6.2503e+01 r3=2.6891e+01 p=3.0935e-01 
New pars ( 591): DC=5.7009e+00 r1=-1.4179e+00 r2=6.2503e+01 r3=2.6879e+01 p=3.0935e-01 
New pars ( 592): DC=5.7009e+00 r1=-1.4179e+00 r2=6.2503e+01 r3=2.6885e+01 p=3.0937e-01 
New pars ( 593): DC=5.7009e+00 r1=-1.4179e+00 r2=6.2503e+01 r3=2.6885e+01 p=3.0932e-01 
New pars ( 594): DC=5.6938e+00 r1=-1.6641e+00 r2=6.2503e+01 r3=2.6321e+01 p=3.0626e-01 
New pars ( 595): DC=5.6938e+00 r1=-1.6641e+00 r2=6.2503e+01 r3=2.6321e+01 p=3.0626e-01 
New pars ( 596): DC=5.6937e+00 r1=-1.6641e+00 r2=6.2503e+01 r3=2.6321e+01 p=3.0626e-01 
New pars ( 597): DC=5.6938e+00 r1=-1.6627e+00 r2=6.2503e+01 r3=2.6321e+01 p=3.0626e-01 
New pars ( 598): DC=5.6938e+00 r1=-1.6655e+00 r2=6.2503e+01 r3=2.6321e+01 p=3.0626e-01 
New pars ( 599): DC=5.6938e+00 r1=-1.6634e+00 r2=6.2503e+01 r3=2.6321e+01 p=3.0626e-01 
New pars ( 600): DC=5.6938e+00 r1=-1.6648e+00 r2=6.2503e+01 r3=2.6321e+01 p=3.0626e-01 
New pars ( 601): DC=5.6938e+00 r1=-1.6641e+00 r2=6.2503e+01 r3=2.6323e+01 p=3.0626e-01 
New pars ( 602): DC=5.6938e+00 r1=-1.6641e+00 r2=6.2503e+01 r3=2.6318e+01 p=3.0626e-01 
New pars ( 603): DC=5.6938e+00 r1=-1.6641e+00 r2=6.2503e+01 r3=2.6321e+01 p=3.0628e-01 
New pars ( 604): DC=5.6938e+00 r1=-1.6641e+00 r2=6.2503e+01 r3=2.6321e+01 p=3.0624e-01 
New pars ( 605): DC=5.7014e+00 r1=-1.7205e+00 r2=6.2503e+01 r3=2.6146e+01 p=3.0796e-01 
New pars ( 606): DC=5.7015e+00 r1=-1.7205e+00 r2=6.2503e+01 r3=2.6146e+01 p=3.0796e-01 
New pars ( 607): DC=5.7014e+00 r1=-1.7205e+00 r2=6.2503e+01 r3=2.6146e+01 p=3.0796e-01 
New pars ( 608): DC=5.7014e+00 r1=-1.7198e+00 r2=6.2503e+01 r3=2.6146e+01 p=3.0796e-01 
New pars ( 609): DC=5.7014e+00 r1=-1.7212e+00 r2=6.2503e+01 r3=2.6146e+01 p=3.0796e-01 
New pars ( 610): DC=5.7014e+00 r1=-1.7205e+00 r2=6.2503e+01 r3=2.6149e+01 p=3.0796e-01 
New pars ( 611): DC=5.7014e+00 r1=-1.7205e+00 r2=6.2503e+01 r3=2.6144e+01 p=3.0796e-01 
New pars ( 612): DC=5.7014e+00 r1=-1.7205e+00 r2=6.2503e+01 r3=2.6146e+01 p=3.0798e-01 
New pars ( 613): DC=5.7014e+00 r1=-1.7205e+00 r2=6.2503e+01 r3=2.6146e+01 p=3.0794e-01 
New pars ( 614): DC=5.7013e+00 r1=-1.7197e+00 r2=6.2503e+01 r3=2.6150e+01 p=3.0794e-01 
New pars ( 615): DC=5.7014e+00 r1=-1.7197e+00 r2=6.2503e+01 r3=2.6150e+01 p=3.0794e-01 
New pars ( 616): DC=5.7012e+00 r1=-1.7197e+00 r2=6.2503e+01 r3=2.6150e+01 p=3.0794e-01 
New pars ( 617): DC=5.7013e+00 r1=-1.7190e+00 r2=6.2503e+01 r3=2.6150e+01 p=3.0794e-01 
New pars ( 618): DC=5.7013e+00 r1=-1.7204e+00 r2=6.2503e+01 r3=2.6150e+01 p=3.0794e-01 
New pars ( 619): DC=5.7013e+00 r1=-1.7197e+00 r2=6.2503e+01 r3=2.6152e+01 p=3.0794e-01 
New pars ( 620): DC=5.7013e+00 r1=-1.7197e+00 r2=6.2503e+01 r3=2.6147e+01 p=3.0794e-01 
New pars ( 621): DC=5.7013e+00 r1=-1.7197e+00 r2=6.2503e+01 r3=2.6150e+01 p=3.0796e-01 
New pars ( 622): DC=5.7013e+00 r1=-1.7197e+00 r2=6.2503e+01 r3=2.6150e+01 p=3.0792e-01 
New pars ( 623): DC=5.7064e+00 r1=-7.1597e-01 r2=5.9796e+01 r3=2.8483e+01 p=3.1363e-01 
New pars ( 624): DC=5.7064e+00 r1=-7.1597e-01 r2=5.9796e+01 r3=2.8483e+01 p=3.1363e-01 
New pars ( 625): DC=5.7063e+00 r1=-7.1597e-01 r2=5.9796e+01 r3=2.8483e+01 p=3.1363e-01 
New pars ( 626): DC=5.7064e+00 r1=-7.1527e-01 r2=5.9796e+01 r3=2.8483e+01 p=3.1363e-01 
New pars ( 627): DC=5.7064e+00 r1=-7.1668e-01 r2=5.9796e+01 r3=2.8483e+01 p=3.1363e-01 
New pars ( 628): DC=5.7064e+00 r1=-7.1597e-01 r2=5.9796e+01 r3=2.8485e+01 p=3.1363e-01 
New pars ( 629): DC=5.7064e+00 r1=-7.1597e-01 r2=5.9796e+01 r3=2.8481e+01 p=3.1363e-01 
New pars ( 630): DC=5.7064e+00 r1=-7.1597e-01 r2=5.9796e+01 r3=2.8483e+01 p=3.1366e-01 
New pars ( 631): DC=5.7064e+00 r1=-7.1597e-01 r2=5.9796e+01 r3=2.8483e+01 p=3.1361e-01 
New pars ( 632): DC=5.7003e+00 r1=-6.8781e-01 r2=5.9796e+01 r3=2.8653e+01 p=3.1276e-01 
New pars ( 633): DC=5.7004e+00 r1=-6.8781e-01 r2=5.9796e+01 r3=2.8653e+01 p=3.1276e-01 
New pars ( 634): DC=5.7003e+00 r1=-6.8781e-01 r2=5.9796e+01 r3=2.8653e+01 p=3.1276e-01 
New pars ( 635): DC=5.7003e+00 r1=-6.8711e-01 r2=5.9796e+01 r3=2.8653e+01 p=3.1276e-01 
New pars ( 636): DC=5.7003e+00 r1=-6.8851e-01 r2=5.9796e+01 r3=2.8653e+01 p=3.1276e-01 
New pars ( 637): DC=5.7003e+00 r1=-6.8781e-01 r2=5.9796e+01 r3=2.8656e+01 p=3.1276e-01 
New pars ( 638): DC=5.7003e+00 r1=-6.8781e-01 r2=5.9796e+01 r3=2.8651e+01 p=3.1276e-01 
New pars ( 639): DC=5.7003e+00 r1=-6.8781e-01 r2=5.9796e+01 r3=2.8653e+01 p=3.1278e-01 
New pars ( 640): DC=5.7003e+00 r1=-6.8781e-01 r2=5.9796e+01 r3=2.8653e+01 p=3.1274e-01 
New pars ( 641): DC=5.7002e+00 r1=-6.8707e-01 r2=5.9796e+01 r3=2.8657e+01 p=3.1272e-01 
New pars ( 642): DC=5.7002e+00 r1=-6.8707e-01 r2=5.9796e+01 r3=2.8657e+01 p=3.1272e-01 
New pars ( 643): DC=5.7001e+00 r1=-6.8707e-01 r2=5.9796e+01 r3=2.8657e+01 p=3.1272e-01 
New pars ( 644): DC=5.7002e+00 r1=-6.8637e-01 r2=5.9796e+01 r3=2.8657e+01 p=3.1272e-01 
New pars ( 645): DC=5.7002e+00 r1=-6.8777e-01 r2=5.9796e+01 r3=2.8657e+01 p=3.1272e-01 
New pars ( 646): DC=5.7002e+00 r1=-6.8707e-01 r2=5.9796e+01 r3=2.8659e+01 p=3.1272e-01 
New pars ( 647): DC=5.7002e+00 r1=-6.8707e-01 r2=5.9796e+01 r3=2.8655e+01 p=3.1272e-01 
New pars ( 648): DC=5.7002e+00 r1=-6.8707e-01 r2=5.9796e+01 r3=2.8657e+01 p=3.1274e-01 
New pars ( 649): DC=5.7002e+00 r1=-6.8707e-01 r2=5.9796e+01 r3=2.8657e+01 p=3.1270e-01 
New pars ( 650): DC=5.7002e+00 r1=-6.8707e-01 r2=5.9010e+01 r3=2.8657e+01 p=3.1272e-01 
New pars ( 651): DC=5.7002e+00 r1=-6.8707e-01 r2=5.9010e+01 r3=2.8657e+01 p=3.1272e-01 
New pars ( 652): DC=5.7001e+00 r1=-6.8707e-01 r2=5.9010e+01 r3=2.8657e+01 p=3.1272e-01 
New pars ( 653): DC=5.7002e+00 r1=-6.8632e-01 r2=5.9010e+01 r3=2.8657e+01 p=3.1272e-01 
New pars ( 654): DC=5.7002e+00 r1=-6.8782e-01 r2=5.9010e+01 r3=2.8657e+01 p=3.1272e-01 
New pars ( 655): DC=5.7002e+00 r1=-6.8707e-01 r2=5.9010e+01 r3=2.8659e+01 p=3.1272e-01 
New pars ( 656): DC=5.7002e+00 r1=-6.8707e-01 r2=5.9010e+01 r3=2.8654e+01 p=3.1272e-01 
New pars ( 657): DC=5.7002e+00 r1=-6.8707e-01 r2=5.9010e+01 r3=2.8657e+01 p=3.1274e-01 
New pars ( 658): DC=5.7002e+00 r1=-6.8707e-01 r2=5.9010e+01 r3=2.8657e+01 p=3.1270e-01 
New pars ( 659): DC=5.7002e+00 r1=-6.8707e-01 r2=5.9010e+01 r3=2.8657e+01 p=3.1274e-01 
New pars ( 660): DC=5.7002e+00 r1=-6.8707e-01 r2=5.9010e+01 r3=2.8657e+01 p=3.1271e-01 
New pars ( 661): DC=5.6927e+00 r1=-3.0805e-01 r2=5.9010e+01 r3=2.9499e+01 p=3.1221e-01 
New pars ( 662): DC=5.6927e+00 r1=-3.0805e-01 r2=5.9010e+01 r3=2.9499e+01 p=3.1221e-01 
New pars ( 663): DC=5.6926e+00 r1=-3.0805e-01 r2=5.9010e+01 r3=2.9499e+01 p=3.1221e-01 
New pars ( 664): DC=5.6927e+00 r1=-3.0752e-01 r2=5.9010e+01 r3=2.9499e+01 p=3.1221e-01 
New pars ( 665): DC=5.6927e+00 r1=-3.0859e-01 r2=5.9010e+01 r3=2.9499e+01 p=3.1221e-01 
New pars ( 666): DC=5.6927e+00 r1=-3.0805e-01 r2=5.9010e+01 r3=2.9500e+01 p=3.1221e-01 
New pars ( 667): DC=5.6927e+00 r1=-3.0805e-01 r2=5.9010e+01 r3=2.9497e+01 p=3.1221e-01 
New pars ( 668): DC=5.6927e+00 r1=-3.0805e-01 r2=5.9010e+01 r3=2.9499e+01 p=3.1222e-01 
New pars ( 669): DC=5.6927e+00 r1=-3.0805e-01 r2=5.9010e+01 r3=2.9499e+01 p=3.1220e-01 
New pars ( 670): DC=5.6927e+00 r1=-3.0805e-01 r2=5.9010e+01 r3=2.9499e+01 p=3.1223e-01 
New pars ( 671): DC=5.6927e+00 r1=-3.0805e-01 r2=5.9010e+01 r3=2.9499e+01 p=3.1219e-01 
New pars ( 672): DC=5.6998e+00 r1=-3.8625e-01 r2=5.9010e+01 r3=2.9390e+01 p=3.1410e-01 
New pars ( 673): DC=5.6998e+00 r1=-3.8625e-01 r2=5.9010e+01 r3=2.9390e+01 p=3.1410e-01 
New pars ( 674): DC=5.6997e+00 r1=-3.8625e-01 r2=5.9010e+01 r3=2.9390e+01 p=3.1410e-01 
New pars ( 675): DC=5.6998e+00 r1=-3.8555e-01 r2=5.9010e+01 r3=2.9390e+01 p=3.1410e-01 
New pars ( 676): DC=5.6998e+00 r1=-3.8696e-01 r2=5.9010e+01 r3=2.9390e+01 p=3.1410e-01 
New pars ( 677): DC=5.6998e+00 r1=-3.8625e-01 r2=5.9010e+01 r3=2.9393e+01 p=3.1410e-01 
New pars ( 678): DC=5.6998e+00 r1=-3.8625e-01 r2=5.9010e+01 r3=2.9388e+01 p=3.1410e-01 
New pars ( 679): DC=5.6998e+00 r1=-3.8625e-01 r2=5.9010e+01 r3=2.9390e+01 p=3.1412e-01 
New pars ( 680): DC=5.6998e+00 r1=-3.8625e-01 r2=5.9010e+01 r3=2.9390e+01 p=3.1408e-01 
New pars ( 681): DC=5.6999e+00 r1=-3.8595e-01 r2=5.9010e+01 r3=2.9383e+01 p=3.1410e-01 
New pars ( 682): DC=5.7000e+00 r1=-3.8595e-01 r2=5.9010e+01 r3=2.9383e+01 p=3.1410e-01 
New pars ( 683): DC=5.6999e+00 r1=-3.8595e-01 r2=5.9010e+01 r3=2.9383e+01 p=3.1410e-01 
New pars ( 684): DC=5.6999e+00 r1=-3.8525e-01 r2=5.9010e+01 r3=2.9383e+01 p=3.1410e-01 
New pars ( 685): DC=5.6999e+00 r1=-3.8665e-01 r2=5.9010e+01 r3=2.9383e+01 p=3.1410e-01 
New pars ( 686): DC=5.6999e+00 r1=-3.8595e-01 r2=5.9010e+01 r3=2.9385e+01 p=3.1410e-01 
New pars ( 687): DC=5.6999e+00 r1=-3.8595e-01 r2=5.9010e+01 r3=2.9381e+01 p=3.1410e-01 
New pars ( 688): DC=5.6999e+00 r1=-3.8595e-01 r2=5.9010e+01 r3=2.9383e+01 p=3.1412e-01 
New pars ( 689): DC=5.6999e+00 r1=-3.8595e-01 r2=5.9010e+01 r3=2.9383e+01 p=3.1407e-01 
New pars ( 690): DC=5.6773e+00 r1=-9.3769e-01 r2=6.0293e+01 r3=2.9250e+01 p=3.1003e-01 
New pars ( 691): DC=5.6773e+00 r1=-9.3769e-01 r2=6.0293e+01 r3=2.9250e+01 p=3.1003e-01 
New pars ( 692): DC=5.6772e+00 r1=-9.3769e-01 r2=6.0293e+01 r3=2.9250e+01 p=3.1003e-01 
New pars ( 693): DC=5.6773e+00 r1=-9.3699e-01 r2=6.0293e+01 r3=2.9250e+01 p=3.1003e-01 
New pars ( 694): DC=5.6773e+00 r1=-9.3840e-01 r2=6.0293e+01 r3=2.9250e+01 p=3.1003e-01 
New pars ( 695): DC=5.6773e+00 r1=-9.3769e-01 r2=6.0294e+01 r3=2.9250e+01 p=3.1003e-01 
New pars ( 696): DC=5.6773e+00 r1=-9.3769e-01 r2=6.0292e+01 r3=2.9250e+01 p=3.1003e-01 
New pars ( 697): DC=5.6773e+00 r1=-9.3769e-01 r2=6.0293e+01 r3=2.9250e+01 p=3.1005e-01 
New pars ( 698): DC=5.6773e+00 r1=-9.3769e-01 r2=6.0293e+01 r3=2.9250e+01 p=3.1001e-01 
New pars ( 699): DC=5.6789e+00 r1=-8.4475e-01 r2=6.0130e+01 r3=2.9250e+01 p=3.1023e-01 
New pars ( 700): DC=5.6805e+00 r1=-7.5637e-01 r2=5.9976e+01 r3=2.9250e+01 p=3.1042e-01 
New pars ( 701): DC=5.6805e+00 r1=-7.5637e-01 r2=5.9976e+01 r3=2.9250e+01 p=3.1042e-01 
New pars ( 702): DC=5.6804e+00 r1=-7.5637e-01 r2=5.9976e+01 r3=2.9250e+01 p=3.1042e-01 
New pars ( 703): DC=5.6805e+00 r1=-7.5567e-01 r2=5.9976e+01 r3=2.9250e+01 p=3.1042e-01 
New pars ( 704): DC=5.6805e+00 r1=-7.5708e-01 r2=5.9976e+01 r3=2.9250e+01 p=3.1042e-01 
New pars ( 705): DC=5.6805e+00 r1=-7.5637e-01 r2=5.9977e+01 r3=2.9250e+01 p=3.1042e-01 
New pars ( 706): DC=5.6805e+00 r1=-7.5637e-01 r2=5.9975e+01 r3=2.9250e+01 p=3.1042e-01 
New pars ( 707): DC=5.6805e+00 r1=-7.5637e-01 r2=5.9976e+01 r3=2.9250e+01 p=3.1045e-01 
New pars ( 708): DC=5.6805e+00 r1=-7.5637e-01 r2=5.9976e+01 r3=2.9250e+01 p=3.1040e-01 
New pars ( 709): DC=5.6820e+00 r1=-7.5719e-01 r2=5.9949e+01 r3=2.9250e+01 p=3.1070e-01 
New pars ( 710): DC=5.6825e+00 r1=-7.5743e-01 r2=5.9941e+01 r3=2.9250e+01 p=3.1078e-01 
New pars ( 711): DC=5.6825e+00 r1=-7.5743e-01 r2=5.9941e+01 r3=2.9250e+01 p=3.1078e-01 
New pars ( 712): DC=5.6824e+00 r1=-7.5743e-01 r2=5.9941e+01 r3=2.9250e+01 p=3.1078e-01 
New pars ( 713): DC=5.6825e+00 r1=-7.5672e-01 r2=5.9941e+01 r3=2.9250e+01 p=3.1078e-01 
New pars ( 714): DC=5.6825e+00 r1=-7.5813e-01 r2=5.9941e+01 r3=2.9250e+01 p=3.1078e-01 
New pars ( 715): DC=5.6825e+00 r1=-7.5743e-01 r2=5.9942e+01 r3=2.9250e+01 p=3.1078e-01 
New pars ( 716): DC=5.6825e+00 r1=-7.5743e-01 r2=5.9940e+01 r3=2.9250e+01 p=3.1078e-01 
New pars ( 717): DC=5.6825e+00 r1=-7.5743e-01 r2=5.9941e+01 r3=2.9250e+01 p=3.1080e-01 
New pars ( 718): DC=5.6825e+00 r1=-7.5743e-01 r2=5.9941e+01 r3=2.9250e+01 p=3.1075e-01 
New pars ( 719): DC=5.6825e+00 r1=-7.5800e-01 r2=5.9941e+01 r3=2.9250e+01 p=3.1080e-01 
New pars ( 720): DC=5.6826e+00 r1=-7.5800e-01 r2=5.9941e+01 r3=2.9250e+01 p=3.1080e-01 
New pars ( 721): DC=5.6824e+00 r1=-7.5800e-01 r2=5.9941e+01 r3=2.9250e+01 p=3.1080e-01 
New pars ( 722): DC=5.6825e+00 r1=-7.5730e-01 r2=5.9941e+01 r3=2.9250e+01 p=3.1080e-01 
New pars ( 723): DC=5.6825e+00 r1=-7.5870e-01 r2=5.9941e+01 r3=2.9250e+01 p=3.1080e-01 
New pars ( 724): DC=5.6825e+00 r1=-7.5800e-01 r2=5.9942e+01 r3=2.9250e+01 p=3.1080e-01 
New pars ( 725): DC=5.6825e+00 r1=-7.5800e-01 r2=5.9940e+01 r3=2.9250e+01 p=3.1080e-01 
New pars ( 726): DC=5.6825e+00 r1=-7.5800e-01 r2=5.9941e+01 r3=2.9250e+01 p=3.1082e-01 
New pars ( 727): DC=5.6825e+00 r1=-7.5800e-01 r2=5.9941e+01 r3=2.9250e+01 p=3.1077e-01 
New pars ( 728): DC=5.6825e+00 r1=-7.5800e-01 r2=5.9941e+01 r3=3.0031e+01 p=3.1080e-01 
New pars ( 729): DC=5.6826e+00 r1=-7.5800e-01 r2=5.9941e+01 r3=3.0031e+01 p=3.1080e-01 
New pars ( 730): DC=5.6824e+00 r1=-7.5800e-01 r2=5.9941e+01 r3=3.0031e+01 p=3.1080e-01 
New pars ( 731): DC=5.6825e+00 r1=-7.5729e-01 r2=5.9941e+01 r3=3.0031e+01 p=3.1080e-01 
New pars ( 732): DC=5.6825e+00 r1=-7.5871e-01 r2=5.9941e+01 r3=3.0031e+01 p=3.1080e-01 
New pars ( 733): DC=5.6825e+00 r1=-7.5800e-01 r2=5.9942e+01 r3=3.0031e+01 p=3.1080e-01 
New pars ( 734): DC=5.6825e+00 r1=-7.5800e-01 r2=5.9940e+01 r3=3.0031e+01 p=3.1080e-01 
New pars ( 735): DC=5.6825e+00 r1=-7.5800e-01 r2=5.9941e+01 r3=3.0031e+01 p=3.1082e-01 
New pars ( 736): DC=5.6825e+00 r1=-7.5800e-01 r2=5.9941e+01 r3=3.0031e+01 p=3.1077e-01 
New pars ( 737): DC=5.6825e+00 r1=-7.5800e-01 r2=5.9941e+01 r3=3.0031e+01 p=3.1085e-01 
New pars ( 738): DC=5.6825e+00 r1=-7.5800e-01 r2=5.9941e+01 r3=3.0031e+01 p=3.1074e-01 
New pars ( 739): DC=5.6734e+00 r1=-5.9902e-01 r2=5.9499e+01 r3=3.0031e+01 p=3.1077e-01 
New pars ( 740): DC=5.6735e+00 r1=-5.9902e-01 r2=5.9499e+01 r3=3.0031e+01 p=3.1077e-01 
New pars ( 741): DC=5.6733e+00 r1=-5.9902e-01 r2=5.9499e+01 r3=3.0031e+01 p=3.1077e-01 
New pars ( 742): DC=5.6734e+00 r1=-5.9812e-01 r2=5.9499e+01 r3=3.0031e+01 p=3.1077e-01 
New pars ( 743): DC=5.6734e+00 r1=-5.9993e-01 r2=5.9499e+01 r3=3.0031e+01 p=3.1077e-01 
New pars ( 744): DC=5.6734e+00 r1=-5.9902e-01 r2=5.9501e+01 r3=3.0031e+01 p=3.1077e-01 
New pars ( 745): DC=5.6734e+00 r1=-5.9902e-01 r2=5.9497e+01 r3=3.0031e+01 p=3.1077e-01 
New pars ( 746): DC=5.6734e+00 r1=-5.9902e-01 r2=5.9500e+01 r3=3.0031e+01 p=3.1077e-01 
New pars ( 747): DC=5.6734e+00 r1=-5.9902e-01 r2=5.9498e+01 r3=3.0031e+01 p=3.1077e-01 
New pars ( 748): DC=5.6734e+00 r1=-5.9902e-01 r2=5.9499e+01 r3=3.0031e+01 p=3.1079e-01 
New pars ( 749): DC=5.6734e+00 r1=-5.9902e-01 r2=5.9499e+01 r3=3.0031e+01 p=3.1074e-01 
New pars ( 750): DC=5.6728e+00 r1=-6.0225e-01 r2=5.9515e+01 r3=3.0031e+01 p=3.1063e-01 
New pars ( 751): DC=5.6729e+00 r1=-6.0225e-01 r2=5.9515e+01 r3=3.0031e+01 p=3.1063e-01 
New pars ( 752): DC=5.6728e+00 r1=-6.0225e-01 r2=5.9515e+01 r3=3.0031e+01 p=3.1063e-01 
New pars ( 753): DC=5.6728e+00 r1=-6.0154e-01 r2=5.9515e+01 r3=3.0031e+01 p=3.1063e-01 
New pars ( 754): DC=5.6728e+00 r1=-6.0295e-01 r2=5.9515e+01 r3=3.0031e+01 p=3.1063e-01 
New pars ( 755): DC=5.6728e+00 r1=-6.0225e-01 r2=5.9516e+01 r3=3.0031e+01 p=3.1063e-01 
New pars ( 756): DC=5.6728e+00 r1=-6.0225e-01 r2=5.9514e+01 r3=3.0031e+01 p=3.1063e-01 
New pars ( 757): DC=5.6728e+00 r1=-6.0225e-01 r2=5.9515e+01 r3=3.0031e+01 p=3.1065e-01 
New pars ( 758): DC=5.6728e+00 r1=-6.0225e-01 r2=5.9515e+01 r3=3.0031e+01 p=3.1061e-01 
New pars ( 759): DC=5.7238e+00 r1=-1.1678e+00 r2=6.1214e+01 r3=2.6293e+01 p=3.1205e-01 
New pars ( 760): DC=5.7238e+00 r1=-1.1678e+00 r2=6.1214e+01 r3=2.6293e+01 p=3.1205e-01 
New pars ( 761): DC=5.7237e+00 r1=-1.1678e+00 r2=6.1214e+01 r3=2.6293e+01 p=3.1205e-01 
New pars ( 762): DC=5.7238e+00 r1=-1.1671e+00 r2=6.1214e+01 r3=2.6293e+01 p=3.1205e-01 
New pars ( 763): DC=5.7238e+00 r1=-1.1685e+00 r2=6.1214e+01 r3=2.6293e+01 p=3.1205e-01 
New pars ( 764): DC=5.7238e+00 r1=-1.1678e+00 r2=6.1215e+01 r3=2.6293e+01 p=3.1205e-01 
New pars ( 765): DC=5.7238e+00 r1=-1.1678e+00 r2=6.1213e+01 r3=2.6293e+01 p=3.1205e-01 
New pars ( 766): DC=5.7238e+00 r1=-1.1678e+00 r2=6.1214e+01 r3=2.6293e+01 p=3.1207e-01 
New pars ( 767): DC=5.7238e+00 r1=-1.1678e+00 r2=6.1214e+01 r3=2.6293e+01 p=3.1202e-01 
New pars ( 768): DC=5.7180e+00 r1=-1.3488e+00 r2=6.1578e+01 r3=2.6293e+01 p=3.1117e-01 
New pars ( 769): DC=5.7180e+00 r1=-1.3488e+00 r2=6.1578e+01 r3=2.6293e+01 p=3.1117e-01 
New pars ( 770): DC=5.7179e+00 r1=-1.3488e+00 r2=6.1578e+01 r3=2.6293e+01 p=3.1117e-01 
New pars ( 771): DC=5.7180e+00 r1=-1.3481e+00 r2=6.1578e+01 r3=2.6293e+01 p=3.1117e-01 
New pars ( 772): DC=5.7180e+00 r1=-1.3495e+00 r2=6.1578e+01 r3=2.6293e+01 p=3.1117e-01 
New pars ( 773): DC=5.7180e+00 r1=-1.3488e+00 r2=6.1579e+01 r3=2.6293e+01 p=3.1117e-01 
New pars ( 774): DC=5.7180e+00 r1=-1.3488e+00 r2=6.1577e+01 r3=2.6293e+01 p=3.1117e-01 
New pars ( 775): DC=5.7180e+00 r1=-1.3488e+00 r2=6.1578e+01 r3=2.6293e+01 p=3.1120e-01 
New pars ( 776): DC=5.7180e+00 r1=-1.3488e+00 r2=6.1578e+01 r3=2.6293e+01 p=3.1115e-01 
New pars ( 777): DC=5.7181e+00 r1=-1.3480e+00 r2=6.1575e+01 r3=2.6293e+01 p=3.1118e-01 
New pars ( 778): DC=5.7182e+00 r1=-1.3480e+00 r2=6.1575e+01 r3=2.6293e+01 p=3.1118e-01 
New pars ( 779): DC=5.7180e+00 r1=-1.3480e+00 r2=6.1575e+01 r3=2.6293e+01 p=3.1118e-01 
New pars ( 780): DC=5.7181e+00 r1=-1.3473e+00 r2=6.1575e+01 r3=2.6293e+01 p=3.1118e-01 
New pars ( 781): DC=5.7181e+00 r1=-1.3487e+00 r2=6.1575e+01 r3=2.6293e+01 p=3.1118e-01 
New pars ( 782): DC=5.7181e+00 r1=-1.3480e+00 r2=6.1576e+01 r3=2.6293e+01 p=3.1118e-01 
New pars ( 783): DC=5.7181e+00 r1=-1.3480e+00 r2=6.1574e+01 r3=2.6293e+01 p=3.1118e-01 
New pars ( 784): DC=5.7181e+00 r1=-1.3480e+00 r2=6.1575e+01 r3=2.6293e+01 p=3.1120e-01 
New pars ( 785): DC=5.7181e+00 r1=-1.3480e+00 r2=6.1575e+01 r3=2.6293e+01 p=3.1115e-01 
New pars ( 786): DC=5.7181e+00 r1=-1.3480e+00 r2=6.1575e+01 r3=2.5512e+01 p=3.1118e-01 
New pars ( 787): DC=5.7182e+00 r1=-1.3480e+00 r2=6.1575e+01 r3=2.5512e+01 p=3.1118e-01 
New pars ( 788): DC=5.7180e+00 r1=-1.3480e+00 r2=6.1575e+01 r3=2.5512e+01 p=3.1118e-01 
New pars ( 789): DC=5.7181e+00 r1=-1.3473e+00 r2=6.1575e+01 r3=2.5512e+01 p=3.1118e-01 
New pars ( 790): DC=5.7181e+00 r1=-1.3487e+00 r2=6.1575e+01 r3=2.5512e+01 p=3.1118e-01 
New pars ( 791): DC=5.7181e+00 r1=-1.3480e+00 r2=6.1576e+01 r3=2.5512e+01 p=3.1118e-01 
New pars ( 792): DC=5.7181e+00 r1=-1.3480e+00 r2=6.1574e+01 r3=2.5512e+01 p=3.1118e-01 
New pars ( 793): DC=5.7181e+00 r1=-1.3480e+00 r2=6.1575e+01 r3=2.5512e+01 p=3.1120e-01 
New pars ( 794): DC=5.7181e+00 r1=-1.3480e+00 r2=6.1575e+01 r3=2.5512e+01 p=3.1115e-01 
New pars ( 795): DC=5.7284e+00 r1=-1.5078e+00 r2=6.1994e+01 r3=2.5512e+01 p=3.1150e-01 
New pars ( 796): DC=5.7284e+00 r1=-1.5078e+00 r2=6.1994e+01 r3=2.5512e+01 p=3.1150e-01 
New pars ( 797): DC=5.7283e+00 r1=-1.5078e+00 r2=6.1994e+01 r3=2.5512e+01 p=3.1150e-01 
New pars ( 798): DC=5.7284e+00 r1=-1.5072e+00 r2=6.1994e+01 r3=2.5512e+01 p=3.1150e-01 
New pars ( 799): DC=5.7284e+00 r1=-1.5084e+00 r2=6.1994e+01 r3=2.5512e+01 p=3.1150e-01 
New pars ( 800): DC=5.7284e+00 r1=-1.5078e+00 r2=6.1995e+01 r3=2.5512e+01 p=3.1150e-01 
New pars ( 801): DC=5.7284e+00 r1=-1.5078e+00 r2=6.1993e+01 r3=2.5512e+01 p=3.1150e-01 
New pars ( 802): DC=5.7284e+00 r1=-1.5078e+00 r2=6.1994e+01 r3=2.5512e+01 p=3.1151e-01 
New pars ( 803): DC=5.7284e+00 r1=-1.5078e+00 r2=6.1994e+01 r3=2.5512e+01 p=3.1148e-01 
New pars ( 804): DC=5.7272e+00 r1=-1.5036e+00 r2=6.2013e+01 r3=2.5512e+01 p=3.1120e-01 
New pars ( 805): DC=5.7273e+00 r1=-1.5036e+00 r2=6.2013e+01 r3=2.5512e+01 p=3.1120e-01 
New pars ( 806): DC=5.7271e+00 r1=-1.5036e+00 r2=6.2013e+01 r3=2.5512e+01 p=3.1120e-01 
New pars ( 807): DC=5.7272e+00 r1=-1.5029e+00 r2=6.2013e+01 r3=2.5512e+01 p=3.1120e-01 
New pars ( 808): DC=5.7272e+00 r1=-1.5043e+00 r2=6.2013e+01 r3=2.5512e+01 p=3.1120e-01 
New pars ( 809): DC=5.7272e+00 r1=-1.5036e+00 r2=6.2014e+01 r3=2.5512e+01 p=3.1120e-01 
New pars ( 810): DC=5.7272e+00 r1=-1.5036e+00 r2=6.2012e+01 r3=2.5512e+01 p=3.1120e-01 
New pars ( 811): DC=5.7272e+00 r1=-1.5036e+00 r2=6.2013e+01 r3=2.5512e+01 p=3.1123e-01 
New pars ( 812): DC=5.7272e+00 r1=-1.5036e+00 r2=6.2013e+01 r3=2.5512e+01 p=3.1118e-01 
New pars ( 813): DC=5.7277e+00 r1=-1.1689e+00 r2=6.0404e+01 r3=2.7561e+01 p=3.1816e-01 
New pars ( 814): DC=5.7278e+00 r1=-1.1689e+00 r2=6.0404e+01 r3=2.7561e+01 p=3.1816e-01 
New pars ( 815): DC=5.7276e+00 r1=-1.1689e+00 r2=6.0404e+01 r3=2.7561e+01 p=3.1816e-01 
New pars ( 816): DC=5.7277e+00 r1=-1.1682e+00 r2=6.0404e+01 r3=2.7561e+01 p=3.1816e-01 
New pars ( 817): DC=5.7277e+00 r1=-1.1696e+00 r2=6.0404e+01 r3=2.7561e+01 p=3.1816e-01 
New pars ( 818): DC=5.7277e+00 r1=-1.1689e+00 r2=6.0405e+01 r3=2.7561e+01 p=3.1816e-01 
New pars ( 819): DC=5.7277e+00 r1=-1.1689e+00 r2=6.0403e+01 r3=2.7561e+01 p=3.1816e-01 
New pars ( 820): DC=5.7277e+00 r1=-1.1689e+00 r2=6.0404e+01 r3=2.7564e+01 p=3.1816e-01 
New pars ( 821): DC=5.7277e+00 r1=-1.1689e+00 r2=6.0404e+01 r3=2.7559e+01 p=3.1816e-01 
New pars ( 822): DC=5.7296e+00 r1=-1.1245e+00 r2=6.0323e+01 r3=2.7548e+01 p=3.1816e-01 
New pars ( 823): DC=5.7305e+00 r1=-1.1012e+00 r2=6.0281e+01 r3=2.7541e+01 p=3.1816e-01 
New pars ( 824): DC=5.7306e+00 r1=-1.1012e+00 r2=6.0281e+01 r3=2.7541e+01 p=3.1816e-01 
New pars ( 825): DC=5.7305e+00 r1=-1.1012e+00 r2=6.0281e+01 r3=2.7541e+01 p=3.1816e-01 
New pars ( 826): DC=5.7305e+00 r1=-1.1005e+00 r2=6.0281e+01 r3=2.7541e+01 p=3.1816e-01 
New pars ( 827): DC=5.7305e+00 r1=-1.1019e+00 r2=6.0281e+01 r3=2.7541e+01 p=3.1816e-01 
New pars ( 828): DC=5.7305e+00 r1=-1.1012e+00 r2=6.0282e+01 r3=2.7541e+01 p=3.1816e-01 
New pars ( 829): DC=5.7305e+00 r1=-1.1012e+00 r2=6.0280e+01 r3=2.7541e+01 p=3.1816e-01 
New pars ( 830): DC=5.7305e+00 r1=-1.1012e+00 r2=6.0281e+01 r3=2.7543e+01 p=3.1816e-01 
New pars ( 831): DC=5.7305e+00 r1=-1.1012e+00 r2=6.0281e+01 r3=2.7539e+01 p=3.1816e-01 
New pars ( 832): DC=5.7298e+00 r1=-1.0806e+00 r2=6.0238e+01 r3=2.7596e+01 p=3.1816e-01 
New pars ( 833): DC=5.7287e+00 r1=-1.0541e+00 r2=6.0183e+01 r3=2.7667e+01 p=3.1816e-01 
New pars ( 834): DC=5.7288e+00 r1=-1.0541e+00 r2=6.0183e+01 r3=2.7667e+01 p=3.1816e-01 
New pars ( 835): DC=5.7287e+00 r1=-1.0541e+00 r2=6.0183e+01 r3=2.7667e+01 p=3.1816e-01 
New pars ( 836): DC=5.7287e+00 r1=-1.0534e+00 r2=6.0183e+01 r3=2.7667e+01 p=3.1816e-01 
New pars ( 837): DC=5.7287e+00 r1=-1.0548e+00 r2=6.0183e+01 r3=2.7667e+01 p=3.1816e-01 
New pars ( 838): DC=5.7287e+00 r1=-1.0541e+00 r2=6.0184e+01 r3=2.7667e+01 p=3.1816e-01 
New pars ( 839): DC=5.7287e+00 r1=-1.0541e+00 r2=6.0182e+01 r3=2.7667e+01 p=3.1816e-01 
New pars ( 840): DC=5.7287e+00 r1=-1.0541e+00 r2=6.0183e+01 r3=2.7670e+01 p=3.1816e-01 
New pars ( 841): DC=5.7287e+00 r1=-1.0541e+00 r2=6.0183e+01 r3=2.7665e+01 p=3.1816e-01 
New pars ( 842): DC=5.7286e+00 r1=-1.0538e+00 r2=6.0174e+01 r3=2.7692e+01 p=3.1816e-01 
New pars ( 843): DC=5.7285e+00 r1=-1.0537e+00 r2=6.0172e+01 r3=2.7698e+01 p=3.1816e-01 
New pars ( 844): DC=5.7286e+00 r1=-1.0537e+00 r2=6.0172e+01 r3=2.7698e+01 p=3.1816e-01 
New pars ( 845): DC=5.7285e+00 r1=-1.0537e+00 r2=6.0172e+01 r3=2.7698e+01 p=3.1816e-01 
New pars ( 846): DC=5.7285e+00 r1=-1.0530e+00 r2=6.0172e+01 r3=2.7698e+01 p=3.1816e-01 
New pars ( 847): DC=5.7285e+00 r1=-1.0544e+00 r2=6.0172e+01 r3=2.7698e+01 p=3.1816e-01 
New pars ( 848): DC=5.7285e+00 r1=-1.0537e+00 r2=6.0173e+01 r3=2.7698e+01 p=3.1816e-01 
New pars ( 849): DC=5.7285e+00 r1=-1.0537e+00 r2=6.0171e+01 r3=2.7698e+01 p=3.1816e-01 
New pars ( 850): DC=5.7285e+00 r1=-1.0537e+00 r2=6.0172e+01 r3=2.7700e+01 p=3.1816e-01 
New pars ( 851): DC=5.7285e+00 r1=-1.0537e+00 r2=6.0172e+01 r3=2.7696e+01 p=3.1816e-01 
New pars ( 852): DC=5.7285e+00 r1=-1.0537e+00 r2=6.0172e+01 r3=2.7698e+01 p=3.1922e-01 
New pars ( 853): DC=5.7286e+00 r1=-1.0537e+00 r2=6.0172e+01 r3=2.7698e+01 p=3.1922e-01 
New pars ( 854): DC=5.7285e+00 r1=-1.0537e+00 r2=6.0172e+01 r3=2.7698e+01 p=3.1922e-01 
New pars ( 855): DC=5.7285e+00 r1=-1.0530e+00 r2=6.0172e+01 r3=2.7698e+01 p=3.1922e-01 
New pars ( 856): DC=5.7285e+00 r1=-1.0544e+00 r2=6.0172e+01 r3=2.7698e+01 p=3.1922e-01 
New pars ( 857): DC=5.7285e+00 r1=-1.0537e+00 r2=6.0173e+01 r3=2.7698e+01 p=3.1922e-01 
New pars ( 858): DC=5.7285e+00 r1=-1.0537e+00 r2=6.0171e+01 r3=2.7698e+01 p=3.1922e-01 
New pars ( 859): DC=5.7285e+00 r1=-1.0537e+00 r2=6.0172e+01 r3=2.7700e+01 p=3.1922e-01 
New pars ( 860): DC=5.7285e+00 r1=-1.0537e+00 r2=6.0172e+01 r3=2.7696e+01 p=3.1922e-01 
New pars ( 861): DC=5.7327e+00 r1=-1.0530e+00 r2=6.0084e+01 r3=2.7688e+01 p=3.1922e-01 
New pars ( 862): DC=5.7328e+00 r1=-1.0530e+00 r2=6.0084e+01 r3=2.7688e+01 p=3.1922e-01 
New pars ( 863): DC=5.7326e+00 r1=-1.0530e+00 r2=6.0084e+01 r3=2.7688e+01 p=3.1922e-01 
New pars ( 864): DC=5.7327e+00 r1=-1.0523e+00 r2=6.0084e+01 r3=2.7688e+01 p=3.1922e-01 
New pars ( 865): DC=5.7327e+00 r1=-1.0537e+00 r2=6.0084e+01 r3=2.7688e+01 p=3.1922e-01 
New pars ( 866): DC=5.7327e+00 r1=-1.0530e+00 r2=6.0085e+01 r3=2.7688e+01 p=3.1922e-01 
New pars ( 867): DC=5.7327e+00 r1=-1.0530e+00 r2=6.0083e+01 r3=2.7688e+01 p=3.1922e-01 
New pars ( 868): DC=5.7327e+00 r1=-1.0530e+00 r2=6.0084e+01 r3=2.7690e+01 p=3.1922e-01 
New pars ( 869): DC=5.7327e+00 r1=-1.0530e+00 r2=6.0084e+01 r3=2.7685e+01 p=3.1922e-01 
New pars ( 870): DC=5.7327e+00 r1=-1.0533e+00 r2=6.0085e+01 r3=2.7687e+01 p=3.1922e-01 
New pars ( 871): DC=5.7328e+00 r1=-1.0533e+00 r2=6.0085e+01 r3=2.7687e+01 p=3.1922e-01 
New pars ( 872): DC=5.7326e+00 r1=-1.0533e+00 r2=6.0085e+01 r3=2.7687e+01 p=3.1922e-01 
New pars ( 873): DC=5.7327e+00 r1=-1.0526e+00 r2=6.0085e+01 r3=2.7687e+01 p=3.1922e-01 
New pars ( 874): DC=5.7327e+00 r1=-1.0540e+00 r2=6.0085e+01 r3=2.7687e+01 p=3.1922e-01 
New pars ( 875): DC=5.7327e+00 r1=-1.0533e+00 r2=6.0086e+01 r3=2.7687e+01 p=3.1922e-01 
New pars ( 876): DC=5.7327e+00 r1=-1.0533e+00 r2=6.0084e+01 r3=2.7687e+01 p=3.1922e-01 
New pars ( 877): DC=5.7327e+00 r1=-1.0533e+00 r2=6.0085e+01 r3=2.7689e+01 p=3.1922e-01 
New pars ( 878): DC=5.7327e+00 r1=-1.0533e+00 r2=6.0085e+01 r3=2.7684e+01 p=3.1922e-01 
New pars ( 879): DC=5.6733e+00 r1=-9.3662e-01 r2=6.1102e+01 r3=2.7981e+01 p=3.0392e-01 
New pars ( 880): DC=5.6734e+00 r1=-9.3662e-01 r2=6.1102e+01 r3=2.7981e+01 p=3.0392e-01 
New pars ( 881): DC=5.6733e+00 r1=-9.3662e-01 r2=6.1102e+01 r3=2.7981e+01 p=3.0392e-01 
New pars ( 882): DC=5.6733e+00 r1=-9.3592e-01 r2=6.1102e+01 r3=2.7981e+01 p=3.0392e-01 
New pars ( 883): DC=5.6733e+00 r1=-9.3732e-01 r2=6.1102e+01 r3=2.7981e+01 p=3.0392e-01 
New pars ( 884): DC=5.6733e+00 r1=-9.3662e-01 r2=6.1103e+01 r3=2.7981e+01 p=3.0392e-01 
New pars ( 885): DC=5.6733e+00 r1=-9.3662e-01 r2=6.1101e+01 r3=2.7981e+01 p=3.0392e-01 
New pars ( 886): DC=5.6733e+00 r1=-9.3662e-01 r2=6.1102e+01 r3=2.7983e+01 p=3.0392e-01 
New pars ( 887): DC=5.6733e+00 r1=-9.3662e-01 r2=6.1102e+01 r3=2.7979e+01 p=3.0392e-01 
New pars ( 888): DC=5.6724e+00 r1=-1.0421e+00 r2=6.1329e+01 r3=2.7837e+01 p=3.0392e-01 
New pars ( 889): DC=5.6725e+00 r1=-1.0421e+00 r2=6.1329e+01 r3=2.7837e+01 p=3.0392e-01 
New pars ( 890): DC=5.6723e+00 r1=-1.0421e+00 r2=6.1329e+01 r3=2.7837e+01 p=3.0392e-01 
New pars ( 891): DC=5.6724e+00 r1=-1.0414e+00 r2=6.1329e+01 r3=2.7837e+01 p=3.0392e-01 
New pars ( 892): DC=5.6724e+00 r1=-1.0428e+00 r2=6.1329e+01 r3=2.7837e+01 p=3.0392e-01 
New pars ( 893): DC=5.6724e+00 r1=-1.0421e+00 r2=6.1330e+01 r3=2.7837e+01 p=3.0392e-01 
New pars ( 894): DC=5.6724e+00 r1=-1.0421e+00 r2=6.1328e+01 r3=2.7837e+01 p=3.0392e-01 
New pars ( 895): DC=5.6724e+00 r1=-1.0421e+00 r2=6.1329e+01 r3=2.7839e+01 p=3.0392e-01 
New pars ( 896): DC=5.6724e+00 r1=-1.0421e+00 r2=6.1329e+01 r3=2.7835e+01 p=3.0392e-01 
New pars ( 897): DC=5.6723e+00 r1=-1.0454e+00 r2=6.1335e+01 r3=2.7839e+01 p=3.0392e-01 
New pars ( 898): DC=5.6724e+00 r1=-1.0454e+00 r2=6.1335e+01 r3=2.7839e+01 p=3.0392e-01 
New pars ( 899): DC=5.6723e+00 r1=-1.0454e+00 r2=6.1335e+01 r3=2.7839e+01 p=3.0392e-01 
New pars ( 900): DC=5.6723e+00 r1=-1.0447e+00 r2=6.1335e+01 r3=2.7839e+01 p=3.0392e-01 
New pars ( 901): DC=5.6723e+00 r1=-1.0461e+00 r2=6.1335e+01 r3=2.7839e+01 p=3.0392e-01 
New pars ( 902): DC=5.6723e+00 r1=-1.0454e+00 r2=6.1336e+01 r3=2.7839e+01 p=3.0392e-01 
New pars ( 903): DC=5.6723e+00 r1=-1.0454e+00 r2=6.1334e+01 r3=2.7839e+01 p=3.0392e-01 
New pars ( 904): DC=5.6723e+00 r1=-1.0454e+00 r2=6.1335e+01 r3=2.7841e+01 p=3.0392e-01 
New pars ( 905): DC=5.6723e+00 r1=-1.0454e+00 r2=6.1335e+01 r3=2.7836e+01 p=3.0392e-01 
New pars ( 906): DC=5.6723e+00 r1=-1.0454e+00 r2=6.1335e+01 r3=2.7839e+01 p=3.0299e-01 
New pars ( 907): DC=5.6724e+00 r1=-1.0454e+00 r2=6.1335e+01 r3=2.7839e+01 p=3.0299e-01 
New pars ( 908): DC=5.6723e+00 r1=-1.0454e+00 r2=6.1335e+01 r3=2.7839e+01 p=3.0299e-01 
New pars ( 909): DC=5.6723e+00 r1=-1.0447e+00 r2=6.1335e+01 r3=2.7839e+01 p=3.0299e-01 
New pars ( 910): DC=5.6723e+00 r1=-1.0461e+00 r2=6.1335e+01 r3=2.7839e+01 p=3.0299e-01 
New pars ( 911): DC=5.6723e+00 r1=-1.0454e+00 r2=6.1336e+01 r3=2.7839e+01 p=3.0299e-01 
New pars ( 912): DC=5.6723e+00 r1=-1.0454e+00 r2=6.1334e+01 r3=2.7839e+01 p=3.0299e-01 
New pars ( 913): DC=5.6723e+00 r1=-1.0454e+00 r2=6.1335e+01 r3=2.7841e+01 p=3.0299e-01 
New pars ( 914): DC=5.6723e+00 r1=-1.0454e+00 r2=6.1335e+01 r3=2.7836e+01 p=3.0299e-01 
New pars ( 915): DC=5.6688e+00 r1=-1.0467e+00 r2=6.1416e+01 r3=2.7838e+01 p=3.0299e-01 
New pars ( 916): DC=5.6689e+00 r1=-1.0467e+00 r2=6.1416e+01 r3=2.7838e+01 p=3.0299e-01 
New pars ( 917): DC=5.6687e+00 r1=-1.0467e+00 r2=6.1416e+01 r3=2.7838e+01 p=3.0299e-01 
New pars ( 918): DC=5.6688e+00 r1=-1.0460e+00 r2=6.1416e+01 r3=2.7838e+01 p=3.0299e-01 
New pars ( 919): DC=5.6688e+00 r1=-1.0474e+00 r2=6.1416e+01 r3=2.7838e+01 p=3.0299e-01 
New pars ( 920): DC=5.6688e+00 r1=-1.0467e+00 r2=6.1417e+01 r3=2.7838e+01 p=3.0299e-01 
New pars ( 921): DC=5.6688e+00 r1=-1.0467e+00 r2=6.1415e+01 r3=2.7838e+01 p=3.0299e-01 
New pars ( 922): DC=5.6688e+00 r1=-1.0467e+00 r2=6.1416e+01 r3=2.7840e+01 p=3.0299e-01 
New pars ( 923): DC=5.6688e+00 r1=-1.0467e+00 r2=6.1416e+01 r3=2.7836e+01 p=3.0299e-01 
New pars ( 924): DC=5.6687e+00 r1=-1.0441e+00 r2=6.1411e+01 r3=2.7845e+01 p=3.0299e-01 
New pars ( 925): DC=5.6688e+00 r1=-1.0441e+00 r2=6.1411e+01 r3=2.7845e+01 p=3.0299e-01 
New pars ( 926): DC=5.6686e+00 r1=-1.0441e+00 r2=6.1411e+01 r3=2.7845e+01 p=3.0299e-01 
New pars ( 927): DC=5.6687e+00 r1=-1.0434e+00 r2=6.1411e+01 r3=2.7845e+01 p=3.0299e-01 
New pars ( 928): DC=5.6687e+00 r1=-1.0448e+00 r2=6.1411e+01 r3=2.7845e+01 p=3.0299e-01 
New pars ( 929): DC=5.6687e+00 r1=-1.0441e+00 r2=6.1412e+01 r3=2.7845e+01 p=3.0299e-01 
New pars ( 930): DC=5.6687e+00 r1=-1.0441e+00 r2=6.1410e+01 r3=2.7845e+01 p=3.0299e-01 
New pars ( 931): DC=5.6687e+00 r1=-1.0441e+00 r2=6.1411e+01 r3=2.7847e+01 p=3.0299e-01 
New pars ( 932): DC=5.6687e+00 r1=-1.0441e+00 r2=6.1411e+01 r3=2.7843e+01 p=3.0299e-01 
 PARAMETER NUMBER   8 NOT A VARIABLE. IGNORED.
 THERE ARE NO MINOS ERRORS TO CALCULATE.
 PARAMETER NUMBER   9 NOT A VARIABLE. IGNORED.
 THERE ARE NO MINOS ERRORS TO CALCULATE.
 PARAMETER NUMBER  10 NOT A VARIABLE. IGNORED.
 THERE ARE NO MINOS ERRORS TO CALCULATE.
 PARAMETER NUMBER  11 NOT A VARIABLE. IGNORED.
 THERE ARE NO MINOS ERRORS TO CALCULATE.
 PARAMETER NUMBER  12 NOT A VARIABLE. IGNORED.
 THERE ARE NO MINOS ERRORS TO CALCULATE.
 PARAMETER NUMBER  13 NOT A VARIABLE. IGNORED.
 THERE ARE NO MINOS ERRORS TO CALCULATE.
 PARAMETER NUMBER  14 NOT A VARIABLE. IGNORED.
 THERE ARE NO MINOS ERRORS TO CALCULATE.
 PARAMETER NUMBER  15 NOT A VARIABLE. IGNORED.
 THERE ARE NO MINOS ERRORS TO CALCULATE.
 PARAMETER NUMBER  16 NOT A VARIABLE. IGNORED.
 THERE ARE NO MINOS ERRORS TO CALCULATE.
 PARAMETER NUMBER  17 NOT A VARIABLE. IGNORED.
 THERE ARE NO MINOS ERRORS TO CALCULATE.
 PARAMETER NUMBER  18 NOT A VARIABLE. IGNORED.
 THERE ARE NO MINOS ERRORS TO CALCULATE.
 PARAMETER NUMBER  19 NOT A VARIABLE. IGNORED.
 THERE ARE NO MINOS ERRORS TO CALCULATE.
 PARAMETER NUMBER  20 NOT A VARIABLE. IGNORED.
 THERE ARE NO MINOS ERRORS TO CALCULATE.
 PARAMETER NUMBER  21 NOT A VARIABLE. IGNORED.
 THERE ARE NO MINOS ERRORS TO CALCULATE.
New pars ( 933): DC=5.7005e+00 r1=-1.0528e+00 r2=6.0753e+01 r3=2.7771e+01 p=3.1104e-01 

Fitting done in 640000 clicks (0.640000 seconds).
Fit status = 4000
Cov status = 1

****************************************
Minimizer is Minuit / MigradImproved
Chi2                      =      319.046
NDf                       =          295
Edm                       =  3.27664e-08
NCalls                    =          261
# Cyc's                   =         5486                      	 (fixed)
Bin width                 =          100                      	 (fixed)
DC rate                   =       5.7005   +/-   0.0456247   
Rate 1                    =     -1.05277   +/-   0.76515     
Rate 2                    =      60.7533   +/-   1.7486      
Rate 3                    =      27.7711   +/-   2.27081     
Capt eff                  =     0.311037   +/-   0.00811814  
Capt ret                  =            1                      	 (fixed)
T eff                     =         0.13                      	 (fixed)
U eff                     =         0.13                      	 (fixed)
V eff                     =         0.39                      	 (fixed)
W eff                     =            0                      	 (fixed)
X eff                     =         0.27                      	 (fixed)
Y eff                     =         0.27                      	 (fixed)
Z eff                     =        0.226                      	 (fixed)
T1 loss                   =            0                      	 (fixed)
T2 loss                   =         0.03                      	 (fixed)
T3 loss                   =            0                      	 (fixed)
U1 loss                   =     5.22e-08                      	 (fixed)
U2 loss                   =     5.22e-08                      	 (fixed)
U3 loss                   =     5.22e-08                      	 (fixed)

Covariance Matrix:

            	     DC rate      Rate 1      Rate 2      Rate 3    Capt eff
DC rate     	   0.0020816  -0.0074878   0.0012462   -0.062137  0.00025964
Rate 1      	  -0.0074878     0.58545     -1.1667      1.0172 -3.6889e-05
Rate 2      	   0.0012462     -1.1667      3.0576     -2.8339  -0.0053852
Rate 3      	   -0.062137      1.0172     -2.8339      5.1566 -0.00064048
Capt eff    	  0.00025964 -3.6889e-05  -0.0053852 -0.00064048  6.5904e-05

Correlation Matrix:

            	     DC rate      Rate 1      Rate 2      Rate 3    Capt eff
DC rate     	           1    -0.21449    0.015621    -0.59975       0.701
Rate 1      	    -0.21449           1    -0.87201     0.58542  -0.0059387
Rate 2      	    0.015621    -0.87201           1    -0.71371    -0.37936
Rate 3      	    -0.59975     0.58542    -0.71371           1   -0.034743
Capt eff    	       0.701  -0.0059387    -0.37936   -0.034743           1

Integrals computed in 340000 clicks (0.340000 seconds).
Errors computed in 1460000 clicks (1.460000 seconds).

~~~~~~~~~~~~~~~~~~~~~~~~~~~~~~~~~~~~~~~~~~~~~~~~~~~~~~~~~~~~~~~~~~~~~
NUMBER OF BETAS DETECTED, by population:
~~~~~~~~~~~~~~~~~~~~~~~~~~~~~~~~~~~~~~~~~~~~~~~~~~~~~~~~~~~~~~~~~~~~~
T1 integral = -4582.2 +/- 3333.2
U1 integral = -4044.1 +/- 2939.3
T2 integral = 227890.3 +/- 6985.7
U2 integral = 232721.0 +/- 6403.1
T3 integral = 37030.2 +/- 3146.3
U3 integral = 329558.2 +/- 7236.2
DC integral = 938188.6 +/- 7508.9
~~~~~~~~~~~~~~~~~~~~~~~~~~~~~~~~~~~~~~~~~~~~~~~~~~~~~~~~~~~~~~~~~~~~~
Sum of above = 1756762.1 +/- 15106.1 <-- no cov in unc
All integral = 1756770.4 +/- 1354.4
~~~~~~~~~~~~~~~~~~~~~~~~~~~~~~~~~~~~~~~~~~~~~~~~~~~~~~~~~~~~~~~~~~~~~


BFit2 done. Timer = 2.14 sec.
Elapsed time = 2.08 sec.

