Timestamp = Sun Apr 19 19:25:34 2015

Importing metadata from CSV files...
Imported 68 BDN cases
Imported 243 BFit cases
Performing BFit with BDN case 134sb02 and BFit case 134sb02_09B

BFit started. Timer = 0.07 sec.

~~~~~~~~~~~~~~~~~~~~~~~~~~~~~~~~~~~~~~~~~~~~~~~~~~~~~~~~~~~~~~~~~~~~~
BETA SINGLES MODEL
~~~~~~~~~~~~~~~~~~~~~~~~~~~~~~~~~~~~~~~~~~~~~~~~~~~~~~~~~~~~~~~~~~~~~
Case: 134sb02
File: /music/bpt1/bpt/bdn/shane/134sb/rootfiles/134sb02.root
Histogram: h_B_betas_vs_cycle_time
Total cycle time	=     90.000 s
Background time		=     30.100 s
Capture cycle time	=      6.000 s
Last capture time	=      0.000 s
134-Sn halflife		=      1.050 s  (lifetime      1.515 s)
134-Sb halflife		=      0.780 s  (lifetime      1.125 s)
134-Sb-m halflife		=     10.070 s  (lifetime     14.528 s)
~~~~~~~~~~~~~~~~~~~~~~~~~~~~~~~~~~~~~~~~~~~~~~~~~~~~~~~~~~~~~~~~~~~~~
HISTOGRAM REBINNED
   Number of hist bins = 900
   Number of fn points = 90000
   Number of pts/bin   = 100
~~~~~~~~~~~~~~~~~~~~~~~~~~~~~~~~~~~~~~~~~~~~~~~~~~~~~~~~~~~~~~~~~~~~~
Doing fit with option string: QROMESLL
~~~~~~~~~~~~~~~~~~~~~~~~~~~~~~~~~~~~~~~~~~~~~~~~~~~~~~~~~~~~~~~~~~~~~
PARAMETER SEED VALUES
~~~~~~~~~~~~~~~~~~~~~~~~~~~~~~~~~~~~~~~~~~~~~~~~~~~~~~~~~~~~~~~~~~~~~
      Par name  Varying?	Par init val and step
~~~~~~~~~~~~~~~~~~~~~~~~~~~~~~~~~~~~~~~~~~~~~~~~~~~~~~~~~~~~~~~~~~~~~
       # Cyc's         0	244 +/- 0.01
     Bin width         0	100 +/- 0.01
       DC rate         1	8 +/- 0.1
        Rate 1         0	0 +/- 0.0001
        Rate 2         1	0.006 +/- 0.0001
        Rate 3         1	0.1 +/- 0.0001
      Capt eff         0	0.6 +/- 0.01
      Capt ret         0	1 +/- 0.01
         T eff         0	0.935 +/- 0.001
         U eff         0	1 +/- 0.01
         V eff         1	0.95 +/- 0.0001
         W eff         0	0 +/- 0.0001
         X eff         0	1 +/- 0.0001
         Y eff         0	1 +/- 0.0001
         Z eff         1	0.95 +/- 0.0001
       T1 loss         0	0 +/- 0.01
       T2 loss         0	0.0263 +/- 0.01
       T3 loss         0	0.0263 +/- 0.01
       U1 loss         0	2e-10 +/- 0.01
       U2 loss         0	2e-10 +/- 0.01
       U3 loss         0	2e-10 +/- 0.01
~~~~~~~~~~~~~~~~~~~~~~~~~~~~~~~~~~~~~~~~~~~~~~~~~~~~~~~~~~~~~~~~~~~~~
134-Sb data detected. Forcing gammaT3 = gammaT2. YOU SHOULD GUARANTEE THAT X3 = Y3 = 0. You can set epsX = epsY = 0.

Ini pars (   0): DC=8.0000e+00 r2=6.0000e-03 r3=1.0000e-01 epsV=9.5000e-01 epsZ=9.5000e-01 
New pars (   1): DC=8.0028e+00 r2=6.0000e-03 r3=1.0000e-01 epsV=9.5000e-01 epsZ=9.5000e-01 
New pars (   2): DC=7.9972e+00 r2=6.0000e-03 r3=1.0000e-01 epsV=9.5000e-01 epsZ=9.5000e-01 
New pars (   3): DC=8.0008e+00 r2=6.0000e-03 r3=1.0000e-01 epsV=9.5000e-01 epsZ=9.5000e-01 
New pars (   4): DC=7.9992e+00 r2=6.0000e-03 r3=1.0000e-01 epsV=9.5000e-01 epsZ=9.5000e-01 
New pars (   5): DC=8.0000e+00 r2=6.0028e-03 r3=1.0000e-01 epsV=9.5000e-01 epsZ=9.5000e-01 
New pars (   6): DC=8.0000e+00 r2=5.9972e-03 r3=1.0000e-01 epsV=9.5000e-01 epsZ=9.5000e-01 
New pars (   7): DC=8.0000e+00 r2=6.0115e-03 r3=1.0000e-01 epsV=9.5000e-01 epsZ=9.5000e-01 
New pars (   8): DC=8.0000e+00 r2=5.9885e-03 r3=1.0000e-01 epsV=9.5000e-01 epsZ=9.5000e-01 
New pars (   9): DC=8.0000e+00 r2=6.0000e-03 r3=1.0000e-01 epsV=9.5000e-01 epsZ=9.5000e-01 
New pars (  10): DC=8.0000e+00 r2=6.0000e-03 r3=9.9997e-02 epsV=9.5000e-01 epsZ=9.5000e-01 
New pars (  11): DC=8.0000e+00 r2=6.0000e-03 r3=1.0002e-01 epsV=9.5000e-01 epsZ=9.5000e-01 
New pars (  12): DC=8.0000e+00 r2=6.0000e-03 r3=9.9978e-02 epsV=9.5000e-01 epsZ=9.5000e-01 
New pars (  13): DC=8.0000e+00 r2=6.0000e-03 r3=1.0000e-01 epsV=9.5000e-01 epsZ=9.5000e-01 
New pars (  14): DC=9.2755e+00 r2=2.2370e-02 r3=1.3901e-01 epsV=9.0042e-01 epsZ=8.2107e-01 
New pars (  15): DC=8.3355e+00 r2=1.0306e-02 r3=1.1026e-01 epsV=9.3696e-01 epsZ=9.1608e-01 
New pars (  16): DC=8.3359e+00 r2=1.0306e-02 r3=1.1026e-01 epsV=9.3696e-01 epsZ=9.1608e-01 
New pars (  17): DC=8.3352e+00 r2=1.0306e-02 r3=1.1026e-01 epsV=9.3696e-01 epsZ=9.1608e-01 
New pars (  18): DC=8.3355e+00 r2=1.0311e-02 r3=1.1026e-01 epsV=9.3696e-01 epsZ=9.1608e-01 
New pars (  19): DC=8.3355e+00 r2=1.0301e-02 r3=1.1026e-01 epsV=9.3696e-01 epsZ=9.1608e-01 
New pars (  20): DC=8.3355e+00 r2=1.0306e-02 r3=1.1027e-01 epsV=9.3696e-01 epsZ=9.1608e-01 
New pars (  21): DC=8.3355e+00 r2=1.0306e-02 r3=1.1025e-01 epsV=9.3696e-01 epsZ=9.1608e-01 
New pars (  22): DC=8.3355e+00 r2=1.0306e-02 r3=1.1026e-01 epsV=9.3697e-01 epsZ=9.1608e-01 
New pars (  23): DC=8.2691e+00 r2=1.2820e-02 r3=1.1057e-01 epsV=9.3638e-01 epsZ=9.2412e-01 
New pars (  24): DC=8.2128e+00 r2=1.4950e-02 r3=1.1084e-01 epsV=9.3590e-01 epsZ=9.3093e-01 
New pars (  25): DC=8.2132e+00 r2=1.4950e-02 r3=1.1084e-01 epsV=9.3590e-01 epsZ=9.3093e-01 
New pars (  26): DC=8.2124e+00 r2=1.4950e-02 r3=1.1084e-01 epsV=9.3590e-01 epsZ=9.3093e-01 
New pars (  27): DC=8.2128e+00 r2=1.4955e-02 r3=1.1084e-01 epsV=9.3590e-01 epsZ=9.3093e-01 
New pars (  28): DC=8.2128e+00 r2=1.4945e-02 r3=1.1084e-01 epsV=9.3590e-01 epsZ=9.3093e-01 
New pars (  29): DC=8.2128e+00 r2=1.4950e-02 r3=1.1085e-01 epsV=9.3590e-01 epsZ=9.3093e-01 
New pars (  30): DC=8.2128e+00 r2=1.4950e-02 r3=1.1083e-01 epsV=9.3590e-01 epsZ=9.3093e-01 
New pars (  31): DC=8.2128e+00 r2=1.4950e-02 r3=1.1084e-01 epsV=9.3591e-01 epsZ=9.3093e-01 
New pars (  32): DC=8.2081e+00 r2=1.4907e-02 r3=1.1122e-01 epsV=9.3589e-01 epsZ=9.3305e-01 
New pars (  33): DC=8.1924e+00 r2=1.4763e-02 r3=1.1248e-01 epsV=9.3589e-01 epsZ=9.4015e-01 
New pars (  34): DC=8.1927e+00 r2=1.4763e-02 r3=1.1248e-01 epsV=9.3589e-01 epsZ=9.4015e-01 
New pars (  35): DC=8.1920e+00 r2=1.4763e-02 r3=1.1248e-01 epsV=9.3589e-01 epsZ=9.4015e-01 
New pars (  36): DC=8.1924e+00 r2=1.4768e-02 r3=1.1248e-01 epsV=9.3589e-01 epsZ=9.4015e-01 
New pars (  37): DC=8.1924e+00 r2=1.4758e-02 r3=1.1248e-01 epsV=9.3589e-01 epsZ=9.4015e-01 
New pars (  38): DC=8.1924e+00 r2=1.4763e-02 r3=1.1249e-01 epsV=9.3589e-01 epsZ=9.4015e-01 
New pars (  39): DC=8.1924e+00 r2=1.4763e-02 r3=1.1247e-01 epsV=9.3589e-01 epsZ=9.4015e-01 
New pars (  40): DC=8.1924e+00 r2=1.4763e-02 r3=1.1248e-01 epsV=9.3590e-01 epsZ=9.4015e-01 
New pars (  41): DC=8.1927e+00 r2=1.4425e-02 r3=1.1410e-01 epsV=9.3540e-01 epsZ=9.4541e-01 
New pars (  42): DC=8.1939e+00 r2=1.3074e-02 r3=1.2058e-01 epsV=9.3345e-01 epsZ=9.6646e-01 
New pars (  43): DC=8.1947e+00 r2=1.2212e-02 r3=1.2471e-01 epsV=9.3221e-01 epsZ=9.7987e-01 
New pars (  44): DC=8.1950e+00 r2=1.2212e-02 r3=1.2471e-01 epsV=9.3221e-01 epsZ=9.7987e-01 
New pars (  45): DC=8.1943e+00 r2=1.2212e-02 r3=1.2471e-01 epsV=9.3221e-01 epsZ=9.7987e-01 
New pars (  46): DC=8.1947e+00 r2=1.2217e-02 r3=1.2471e-01 epsV=9.3221e-01 epsZ=9.7987e-01 
New pars (  47): DC=8.1947e+00 r2=1.2207e-02 r3=1.2471e-01 epsV=9.3221e-01 epsZ=9.7987e-01 
New pars (  48): DC=8.1947e+00 r2=1.2212e-02 r3=1.2471e-01 epsV=9.3221e-01 epsZ=9.7987e-01 
New pars (  49): DC=8.1947e+00 r2=1.2212e-02 r3=1.2470e-01 epsV=9.3221e-01 epsZ=9.7987e-01 
New pars (  50): DC=8.1947e+00 r2=1.2212e-02 r3=1.2471e-01 epsV=9.3222e-01 epsZ=9.7987e-01 
New pars (  51): DC=8.2116e+00 r2=1.2210e-02 r3=1.2465e-01 epsV=9.3197e-01 epsZ=9.7934e-01 
New pars (  52): DC=8.2119e+00 r2=1.2210e-02 r3=1.2465e-01 epsV=9.3197e-01 epsZ=9.7934e-01 
New pars (  53): DC=8.2112e+00 r2=1.2210e-02 r3=1.2465e-01 epsV=9.3197e-01 epsZ=9.7934e-01 
New pars (  54): DC=8.2116e+00 r2=1.2215e-02 r3=1.2465e-01 epsV=9.3197e-01 epsZ=9.7934e-01 
New pars (  55): DC=8.2116e+00 r2=1.2205e-02 r3=1.2465e-01 epsV=9.3197e-01 epsZ=9.7934e-01 
New pars (  56): DC=8.2116e+00 r2=1.2210e-02 r3=1.2466e-01 epsV=9.3197e-01 epsZ=9.7934e-01 
New pars (  57): DC=8.2116e+00 r2=1.2210e-02 r3=1.2465e-01 epsV=9.3197e-01 epsZ=9.7934e-01 
New pars (  58): DC=8.2116e+00 r2=1.2210e-02 r3=1.2465e-01 epsV=9.3198e-01 epsZ=9.7934e-01 
New pars (  59): DC=8.2215e+00 r2=1.2135e-02 r3=1.2516e-01 epsV=9.3180e-01 epsZ=9.8194e-01 
New pars (  60): DC=8.2511e+00 r2=1.1910e-02 r3=1.2669e-01 epsV=9.3128e-01 epsZ=9.8971e-01 
New pars (  61): DC=8.2514e+00 r2=1.1910e-02 r3=1.2669e-01 epsV=9.3128e-01 epsZ=9.8971e-01 
New pars (  62): DC=8.2507e+00 r2=1.1910e-02 r3=1.2669e-01 epsV=9.3128e-01 epsZ=9.8971e-01 
New pars (  63): DC=8.2511e+00 r2=1.1915e-02 r3=1.2669e-01 epsV=9.3128e-01 epsZ=9.8971e-01 
New pars (  64): DC=8.2511e+00 r2=1.1905e-02 r3=1.2669e-01 epsV=9.3128e-01 epsZ=9.8971e-01 
New pars (  65): DC=8.2511e+00 r2=1.1910e-02 r3=1.2670e-01 epsV=9.3128e-01 epsZ=9.8971e-01 
New pars (  66): DC=8.2511e+00 r2=1.1910e-02 r3=1.2668e-01 epsV=9.3128e-01 epsZ=9.8971e-01 
New pars (  67): DC=8.2511e+00 r2=1.1910e-02 r3=1.2669e-01 epsV=9.3129e-01 epsZ=9.8971e-01 
New pars (  68): DC=8.2693e+00 r2=1.2016e-02 r3=1.2595e-01 epsV=9.3148e-01 epsZ=9.8859e-01 
New pars (  69): DC=8.2879e+00 r2=1.2125e-02 r3=1.2519e-01 epsV=9.3169e-01 epsZ=9.8745e-01 
New pars (  70): DC=8.2882e+00 r2=1.2125e-02 r3=1.2519e-01 epsV=9.3169e-01 epsZ=9.8745e-01 
New pars (  71): DC=8.2875e+00 r2=1.2125e-02 r3=1.2519e-01 epsV=9.3169e-01 epsZ=9.8745e-01 
New pars (  72): DC=8.2879e+00 r2=1.2130e-02 r3=1.2519e-01 epsV=9.3169e-01 epsZ=9.8745e-01 
New pars (  73): DC=8.2879e+00 r2=1.2120e-02 r3=1.2519e-01 epsV=9.3169e-01 epsZ=9.8745e-01 
New pars (  74): DC=8.2879e+00 r2=1.2125e-02 r3=1.2520e-01 epsV=9.3169e-01 epsZ=9.8745e-01 
New pars (  75): DC=8.2879e+00 r2=1.2125e-02 r3=1.2518e-01 epsV=9.3169e-01 epsZ=9.8745e-01 
New pars (  76): DC=8.2879e+00 r2=1.2125e-02 r3=1.2519e-01 epsV=9.3170e-01 epsZ=9.8745e-01 
New pars (  77): DC=8.2900e+00 r2=1.2136e-02 r3=1.2520e-01 epsV=9.3166e-01 epsZ=9.8800e-01 
New pars (  78): DC=8.2904e+00 r2=1.2138e-02 r3=1.2520e-01 epsV=9.3165e-01 epsZ=9.8810e-01 
New pars (  79): DC=8.2908e+00 r2=1.2138e-02 r3=1.2520e-01 epsV=9.3165e-01 epsZ=9.8810e-01 
New pars (  80): DC=8.2900e+00 r2=1.2138e-02 r3=1.2520e-01 epsV=9.3165e-01 epsZ=9.8810e-01 
New pars (  81): DC=8.2904e+00 r2=1.2143e-02 r3=1.2520e-01 epsV=9.3165e-01 epsZ=9.8810e-01 
New pars (  82): DC=8.2904e+00 r2=1.2134e-02 r3=1.2520e-01 epsV=9.3165e-01 epsZ=9.8810e-01 
New pars (  83): DC=8.2904e+00 r2=1.2138e-02 r3=1.2521e-01 epsV=9.3165e-01 epsZ=9.8810e-01 
New pars (  84): DC=8.2904e+00 r2=1.2138e-02 r3=1.2520e-01 epsV=9.3165e-01 epsZ=9.8810e-01 
New pars (  85): DC=8.2904e+00 r2=1.2138e-02 r3=1.2520e-01 epsV=9.3166e-01 epsZ=9.8810e-01 
New pars (  86): DC=8.2901e+00 r2=1.2136e-02 r3=1.2518e-01 epsV=9.3162e-01 epsZ=9.8812e-01 
New pars (  87): DC=8.2887e+00 r2=1.2125e-02 r3=1.2509e-01 epsV=9.3146e-01 epsZ=9.8818e-01 
New pars (  88): DC=8.2852e+00 r2=1.2099e-02 r3=1.2487e-01 epsV=9.3108e-01 epsZ=9.8834e-01 
New pars (  89): DC=8.2747e+00 r2=1.2019e-02 r3=1.2419e-01 epsV=9.2992e-01 epsZ=9.8880e-01 
New pars (  90): DC=8.2491e+00 r2=1.1825e-02 r3=1.2253e-01 epsV=9.2711e-01 epsZ=9.8993e-01 
New pars (  91): DC=8.2522e+00 r2=1.1848e-02 r3=1.2273e-01 epsV=9.2744e-01 epsZ=9.8980e-01 
New pars (  92): DC=8.2525e+00 r2=1.1848e-02 r3=1.2273e-01 epsV=9.2744e-01 epsZ=9.8980e-01 
New pars (  93): DC=8.2518e+00 r2=1.1848e-02 r3=1.2273e-01 epsV=9.2744e-01 epsZ=9.8980e-01 
New pars (  94): DC=8.2522e+00 r2=1.1853e-02 r3=1.2273e-01 epsV=9.2744e-01 epsZ=9.8980e-01 
New pars (  95): DC=8.2522e+00 r2=1.1843e-02 r3=1.2273e-01 epsV=9.2744e-01 epsZ=9.8980e-01 
New pars (  96): DC=8.2522e+00 r2=1.1848e-02 r3=1.2274e-01 epsV=9.2744e-01 epsZ=9.8980e-01 
New pars (  97): DC=8.2522e+00 r2=1.1848e-02 r3=1.2272e-01 epsV=9.2744e-01 epsZ=9.8980e-01 
New pars (  98): DC=8.2522e+00 r2=1.1848e-02 r3=1.2273e-01 epsV=9.2745e-01 epsZ=9.8980e-01 
New pars (  99): DC=8.2499e+00 r2=1.1518e-02 r3=1.2170e-01 epsV=9.2452e-01 epsZ=9.9385e-01 
New pars ( 100): DC=8.2458e+00 r2=1.0904e-02 r3=1.1978e-01 epsV=9.1908e-01 epsZ=1.0014e+00 
New pars ( 101): DC=8.2461e+00 r2=1.0951e-02 r3=1.1993e-01 epsV=9.1950e-01 epsZ=1.0008e+00 
New pars ( 102): DC=8.2465e+00 r2=1.0951e-02 r3=1.1993e-01 epsV=9.1950e-01 epsZ=1.0008e+00 
New pars ( 103): DC=8.2457e+00 r2=1.0951e-02 r3=1.1993e-01 epsV=9.1950e-01 epsZ=1.0008e+00 
New pars ( 104): DC=8.2461e+00 r2=1.0956e-02 r3=1.1993e-01 epsV=9.1950e-01 epsZ=1.0008e+00 
New pars ( 105): DC=8.2461e+00 r2=1.0946e-02 r3=1.1993e-01 epsV=9.1950e-01 epsZ=1.0008e+00 
New pars ( 106): DC=8.2461e+00 r2=1.0951e-02 r3=1.1994e-01 epsV=9.1950e-01 epsZ=1.0008e+00 
New pars ( 107): DC=8.2461e+00 r2=1.0951e-02 r3=1.1992e-01 epsV=9.1950e-01 epsZ=1.0008e+00 
New pars ( 108): DC=8.2461e+00 r2=1.0951e-02 r3=1.1993e-01 epsV=9.1951e-01 epsZ=1.0008e+00 
New pars ( 109): DC=8.2522e+00 r2=1.0998e-02 r3=1.2002e-01 epsV=9.1926e-01 epsZ=1.0017e+00 
New pars ( 110): DC=8.2511e+00 r2=1.0989e-02 r3=1.2000e-01 epsV=9.1931e-01 epsZ=1.0015e+00 
New pars ( 111): DC=8.2514e+00 r2=1.0989e-02 r3=1.2000e-01 epsV=9.1931e-01 epsZ=1.0015e+00 
New pars ( 112): DC=8.2507e+00 r2=1.0989e-02 r3=1.2000e-01 epsV=9.1931e-01 epsZ=1.0015e+00 
New pars ( 113): DC=8.2511e+00 r2=1.0994e-02 r3=1.2000e-01 epsV=9.1931e-01 epsZ=1.0015e+00 
New pars ( 114): DC=8.2511e+00 r2=1.0985e-02 r3=1.2000e-01 epsV=9.1931e-01 epsZ=1.0015e+00 
New pars ( 115): DC=8.2511e+00 r2=1.0989e-02 r3=1.2001e-01 epsV=9.1931e-01 epsZ=1.0015e+00 
New pars ( 116): DC=8.2511e+00 r2=1.0989e-02 r3=1.1999e-01 epsV=9.1931e-01 epsZ=1.0015e+00 
New pars ( 117): DC=8.2511e+00 r2=1.0989e-02 r3=1.2000e-01 epsV=9.1932e-01 epsZ=1.0015e+00 
New pars ( 118): DC=8.2444e+00 r2=1.0903e-02 r3=1.1924e-01 epsV=9.1784e-01 epsZ=1.0026e+00 
New pars ( 119): DC=8.2392e+00 r2=1.0835e-02 r3=1.1865e-01 epsV=9.1669e-01 epsZ=1.0034e+00 
New pars ( 120): DC=8.2395e+00 r2=1.0835e-02 r3=1.1865e-01 epsV=9.1669e-01 epsZ=1.0034e+00 
New pars ( 121): DC=8.2388e+00 r2=1.0835e-02 r3=1.1865e-01 epsV=9.1669e-01 epsZ=1.0034e+00 
New pars ( 122): DC=8.2392e+00 r2=1.0840e-02 r3=1.1865e-01 epsV=9.1669e-01 epsZ=1.0034e+00 
New pars ( 123): DC=8.2392e+00 r2=1.0831e-02 r3=1.1865e-01 epsV=9.1669e-01 epsZ=1.0034e+00 
New pars ( 124): DC=8.2392e+00 r2=1.0835e-02 r3=1.1866e-01 epsV=9.1669e-01 epsZ=1.0034e+00 
New pars ( 125): DC=8.2392e+00 r2=1.0835e-02 r3=1.1864e-01 epsV=9.1669e-01 epsZ=1.0034e+00 
New pars ( 126): DC=8.2392e+00 r2=1.0835e-02 r3=1.1865e-01 epsV=9.1670e-01 epsZ=1.0034e+00 
New pars ( 127): DC=8.2374e+00 r2=1.0785e-02 r3=1.1857e-01 epsV=9.1632e-01 epsZ=1.0038e+00 
New pars ( 128): DC=8.2372e+00 r2=1.0781e-02 r3=1.1856e-01 epsV=9.1629e-01 epsZ=1.0038e+00 
New pars ( 129): DC=8.2376e+00 r2=1.0781e-02 r3=1.1856e-01 epsV=9.1629e-01 epsZ=1.0038e+00 
New pars ( 130): DC=8.2368e+00 r2=1.0781e-02 r3=1.1856e-01 epsV=9.1629e-01 epsZ=1.0038e+00 
New pars ( 131): DC=8.2372e+00 r2=1.0785e-02 r3=1.1856e-01 epsV=9.1629e-01 epsZ=1.0038e+00 
New pars ( 132): DC=8.2372e+00 r2=1.0776e-02 r3=1.1856e-01 epsV=9.1629e-01 epsZ=1.0038e+00 
New pars ( 133): DC=8.2372e+00 r2=1.0781e-02 r3=1.1857e-01 epsV=9.1629e-01 epsZ=1.0038e+00 
New pars ( 134): DC=8.2372e+00 r2=1.0781e-02 r3=1.1855e-01 epsV=9.1629e-01 epsZ=1.0038e+00 
New pars ( 135): DC=8.2372e+00 r2=1.0781e-02 r3=1.1856e-01 epsV=9.1630e-01 epsZ=1.0038e+00 
New pars ( 136): DC=8.2371e+00 r2=1.0780e-02 r3=1.1852e-01 epsV=9.1623e-01 epsZ=1.0038e+00 
New pars ( 137): DC=8.2370e+00 r2=1.0780e-02 r3=1.1852e-01 epsV=9.1623e-01 epsZ=1.0038e+00 
New pars ( 138): DC=8.2374e+00 r2=1.0780e-02 r3=1.1852e-01 epsV=9.1623e-01 epsZ=1.0038e+00 
New pars ( 139): DC=8.2367e+00 r2=1.0780e-02 r3=1.1852e-01 epsV=9.1623e-01 epsZ=1.0038e+00 
New pars ( 140): DC=8.2370e+00 r2=1.0785e-02 r3=1.1852e-01 epsV=9.1623e-01 epsZ=1.0038e+00 
New pars ( 141): DC=8.2370e+00 r2=1.0776e-02 r3=1.1852e-01 epsV=9.1623e-01 epsZ=1.0038e+00 
New pars ( 142): DC=8.2370e+00 r2=1.0780e-02 r3=1.1852e-01 epsV=9.1623e-01 epsZ=1.0038e+00 
New pars ( 143): DC=8.2370e+00 r2=1.0780e-02 r3=1.1851e-01 epsV=9.1623e-01 epsZ=1.0038e+00 
New pars ( 144): DC=8.2370e+00 r2=1.0780e-02 r3=1.1852e-01 epsV=9.1624e-01 epsZ=1.0038e+00 
New pars ( 145): DC=8.2374e+00 r2=1.0780e-02 r3=1.1852e-01 epsV=9.1623e-01 epsZ=1.0038e+00 
New pars ( 146): DC=8.2367e+00 r2=1.0780e-02 r3=1.1852e-01 epsV=9.1623e-01 epsZ=1.0038e+00 
New pars ( 147): DC=8.2370e+00 r2=1.0785e-02 r3=1.1852e-01 epsV=9.1623e-01 epsZ=1.0038e+00 
New pars ( 148): DC=8.2370e+00 r2=1.0776e-02 r3=1.1852e-01 epsV=9.1623e-01 epsZ=1.0038e+00 
New pars ( 149): DC=8.2370e+00 r2=1.0780e-02 r3=1.1852e-01 epsV=9.1623e-01 epsZ=1.0038e+00 
New pars ( 150): DC=8.2370e+00 r2=1.0780e-02 r3=1.1851e-01 epsV=9.1623e-01 epsZ=1.0038e+00 
New pars ( 151): DC=8.2370e+00 r2=1.0780e-02 r3=1.1852e-01 epsV=9.1624e-01 epsZ=1.0038e+00 
New pars ( 152): DC=8.2371e+00 r2=1.0780e-02 r3=1.1852e-01 epsV=9.1623e-01 epsZ=1.0038e+00 
New pars ( 153): DC=8.2370e+00 r2=1.0780e-02 r3=1.1852e-01 epsV=9.1623e-01 epsZ=1.0038e+00 
New pars ( 154): DC=8.2370e+00 r2=1.0781e-02 r3=1.1852e-01 epsV=9.1623e-01 epsZ=1.0038e+00 
New pars ( 155): DC=8.2370e+00 r2=1.0780e-02 r3=1.1852e-01 epsV=9.1623e-01 epsZ=1.0038e+00 
New pars ( 156): DC=8.2370e+00 r2=1.0780e-02 r3=1.1852e-01 epsV=9.1623e-01 epsZ=1.0038e+00 
New pars ( 157): DC=8.2370e+00 r2=1.0780e-02 r3=1.1851e-01 epsV=9.1623e-01 epsZ=1.0038e+00 
New pars ( 158): DC=8.2370e+00 r2=1.0780e-02 r3=1.1852e-01 epsV=9.1623e-01 epsZ=1.0038e+00 
New pars ( 159): DC=8.2374e+00 r2=1.0785e-02 r3=1.1852e-01 epsV=9.1623e-01 epsZ=1.0038e+00 
New pars ( 160): DC=8.2374e+00 r2=1.0780e-02 r3=1.1852e-01 epsV=9.1623e-01 epsZ=1.0038e+00 
New pars ( 161): DC=8.2370e+00 r2=1.0785e-02 r3=1.1852e-01 epsV=9.1623e-01 epsZ=1.0038e+00 
New pars ( 162): DC=8.2374e+00 r2=1.0780e-02 r3=1.1852e-01 epsV=9.1624e-01 epsZ=1.0038e+00 
New pars ( 163): DC=8.2370e+00 r2=1.0785e-02 r3=1.1852e-01 epsV=9.1624e-01 epsZ=1.0038e+00 
New pars ( 164): DC=8.2370e+00 r2=1.0780e-02 r3=1.1852e-01 epsV=9.1624e-01 epsZ=1.0038e+00 
New pars ( 165): DC=8.2374e+00 r2=1.0780e-02 r3=1.1852e-01 epsV=9.1623e-01 epsZ=1.0038e+00 
New pars ( 166): DC=8.2370e+00 r2=1.0785e-02 r3=1.1852e-01 epsV=9.1623e-01 epsZ=1.0038e+00 
New pars ( 167): DC=8.2370e+00 r2=1.0780e-02 r3=1.1852e-01 epsV=9.1623e-01 epsZ=1.0038e+00 
New pars ( 168): DC=8.2370e+00 r2=1.0780e-02 r3=1.1852e-01 epsV=9.1624e-01 epsZ=1.0038e+00 
New pars ( 169): DC=8.1649e+00 r2=9.2926e-03 r3=1.2627e-01 epsV=9.2754e-01 epsZ=9.9765e-01 
New pars ( 170): DC=8.1631e+00 r2=9.2926e-03 r3=1.2627e-01 epsV=9.2754e-01 epsZ=9.9765e-01 
New pars ( 171): DC=8.1649e+00 r2=9.1314e-03 r3=1.2627e-01 epsV=9.2754e-01 epsZ=9.9765e-01 
New pars ( 172): DC=8.1649e+00 r2=9.2926e-03 r3=1.2151e-01 epsV=9.2754e-01 epsZ=9.9765e-01 
New pars ( 173): DC=8.1649e+00 r2=9.2926e-03 r3=1.2627e-01 epsV=9.3906e-01 epsZ=9.9765e-01 
New pars ( 174): DC=8.1642e+00 r2=9.2281e-03 r3=1.2436e-01 epsV=9.1603e-01 epsZ=9.9783e-01 
New pars ( 175): DC=8.1638e+00 r2=9.1959e-03 r3=1.2341e-01 epsV=9.0452e-01 epsZ=9.9792e-01 
New pars ( 176): DC=8.1637e+00 r2=9.1894e-03 r3=1.2322e-01 epsV=9.1833e-01 epsZ=9.9731e-01 
New pars ( 177): DC=8.1632e+00 r2=9.1378e-03 r3=1.2170e-01 epsV=9.1373e-01 epsZ=9.9692e-01 
New pars ( 178): DC=8.1658e+00 r2=9.1481e-03 r3=1.2200e-01 epsV=9.1465e-01 epsZ=9.9762e-01 
New pars ( 179): DC=8.1644e+00 r2=9.0903e-03 r3=1.2030e-01 epsV=9.0949e-01 epsZ=9.9761e-01 
New pars ( 180): DC=8.1642e+00 r2=9.2352e-03 r3=1.1791e-01 epsV=9.0227e-01 epsZ=9.9760e-01 
New pars ( 181): DC=8.1638e+00 r2=9.2871e-03 r3=1.1374e-01 epsV=8.8964e-01 epsZ=9.9757e-01 
New pars ( 182): DC=8.1637e+00 r2=9.0717e-03 r3=1.1956e-01 epsV=8.8711e-01 epsZ=9.9756e-01 
New pars ( 183): DC=8.1619e+00 r2=9.1856e-03 r3=1.1809e-01 epsV=8.8899e-01 epsZ=9.9757e-01 
New pars ( 184): DC=8.1632e+00 r2=9.1338e-03 r3=1.1455e-01 epsV=8.9290e-01 epsZ=9.9713e-01 
New pars ( 185): DC=8.1622e+00 r2=9.2567e-03 r3=1.1536e-01 epsV=8.8130e-01 epsZ=9.9724e-01 
New pars ( 186): DC=8.1622e+00 r2=9.1846e-03 r3=1.0930e-01 epsV=8.5764e-01 epsZ=9.9752e-01 
New pars ( 187): DC=8.1614e+00 r2=9.1822e-03 r3=1.0233e-01 epsV=8.2729e-01 epsZ=9.9762e-01 
New pars ( 188): DC=8.1613e+00 r2=9.3465e-03 r3=1.0607e-01 epsV=8.6494e-01 epsZ=9.9729e-01 
New pars ( 189): DC=8.1628e+00 r2=9.2969e-03 r3=1.0273e-01 epsV=8.5344e-01 epsZ=9.9717e-01 
New pars ( 190): DC=8.1632e+00 r2=9.3525e-03 r3=9.5052e-02 epsV=8.3566e-01 epsZ=9.9697e-01 
New pars ( 191): DC=8.1630e+00 r2=9.2641e-03 r3=9.7332e-02 epsV=8.4288e-01 epsZ=9.9739e-01 
New pars ( 192): DC=8.1619e+00 r2=9.4391e-03 r3=9.1258e-02 epsV=8.1126e-01 epsZ=9.9760e-01 
New pars ( 193): DC=8.1612e+00 r2=9.5917e-03 r3=7.9612e-02 epsV=7.7043e-01 epsZ=9.9784e-01 
New pars ( 194): DC=8.1603e+00 r2=9.4077e-03 r3=7.8422e-02 epsV=7.6684e-01 epsZ=9.9727e-01 
New pars ( 195): DC=8.1585e+00 r2=9.4680e-03 r3=6.0766e-02 epsV=7.0545e-01 epsZ=9.9712e-01 
New pars ( 196): DC=8.1616e+00 r2=9.3969e-03 r3=6.7971e-02 epsV=7.2775e-01 epsZ=9.9749e-01 
New pars ( 197): DC=8.1616e+00 r2=9.6471e-03 r3=5.7961e-02 epsV=7.2558e-01 epsZ=9.9711e-01 
New pars ( 198): DC=8.1617e+00 r2=9.8796e-03 r3=3.5776e-02 epsV=6.7472e-01 epsZ=9.9685e-01 
New pars ( 199): DC=8.1596e+00 r2=9.8114e-03 r3=3.8339e-02 epsV=6.4273e-01 epsZ=9.9713e-01 
New pars ( 200): DC=8.1578e+00 r2=1.0085e-02 r3=8.8425e-03 epsV=5.4266e-01 epsZ=9.9700e-01 
New pars ( 201): DC=8.1578e+00 r2=9.9066e-03 r3=1.7933e-02 epsV=5.7277e-01 epsZ=9.9760e-01 
New pars ( 202): DC=8.1585e+00 r2=9.7933e-03 r3=8.7019e-03 epsV=5.5894e-01 epsZ=9.9664e-01 
New pars ( 203): DC=8.1568e+00 r2=1.0147e-02 r3=-3.3646e-03 epsV=5.3410e-01 epsZ=9.9665e-01 
New pars ( 204): DC=8.1604e+00 r2=9.5843e-03 r3=5.0137e-02 epsV=6.7934e-01 epsZ=9.9728e-01 
New pars ( 205): DC=8.1607e+00 r2=9.6667e-03 r3=7.2478e-02 epsV=7.5107e-01 epsZ=9.9776e-01 
New pars ( 206): DC=8.1591e+00 r2=9.7616e-03 r3=2.4646e-02 epsV=6.0697e-01 epsZ=9.9692e-01 
New pars ( 207): DC=8.1609e+00 r2=1.0109e-02 r3=5.9668e-03 epsV=5.6517e-01 epsZ=9.9719e-01 
New pars ( 208): DC=8.1591e+00 r2=9.6283e-03 r3=4.7066e-02 epsV=6.7038e-01 epsZ=9.9714e-01 
New pars ( 209): DC=8.1621e+00 r2=9.5596e-03 r3=6.0452e-02 epsV=7.3688e-01 epsZ=9.9653e-01 
New pars ( 210): DC=8.1589e+00 r2=9.8198e-03 r3=2.8563e-02 epsV=6.1380e-01 epsZ=9.9733e-01 
New pars ( 211): DC=8.1589e+00 r2=9.9760e-03 r3=1.9619e-02 epsV=6.0411e-01 epsZ=9.9687e-01 
New pars ( 212): DC=8.1601e+00 r2=9.6823e-03 r3=4.2507e-02 epsV=6.6053e-01 epsZ=9.9718e-01 
New pars ( 213): DC=8.1607e+00 r2=9.7669e-03 r3=5.2254e-02 epsV=6.9790e-01 epsZ=9.9734e-01 
New pars ( 214): DC=8.1595e+00 r2=9.7629e-03 r3=3.1548e-02 epsV=6.2970e-01 epsZ=9.9702e-01 
New pars ( 215): DC=8.1608e+00 r2=9.9541e-03 r3=2.3627e-02 epsV=6.1822e-01 epsZ=9.9706e-01 
New pars ( 216): DC=8.1595e+00 r2=9.7098e-03 r3=4.1206e-02 epsV=6.5734e-01 epsZ=9.9712e-01 
New pars ( 217): DC=8.1573e+00 r2=9.6349e-03 r3=3.7090e-02 epsV=6.0692e-01 epsZ=9.9746e-01 
New pars ( 218): DC=8.1594e+00 r2=9.6207e-03 r3=4.7713e-02 epsV=6.6509e-01 epsZ=9.9703e-01 
New pars ( 219): DC=8.1590e+00 r2=9.7700e-03 r3=3.3351e-02 epsV=6.2662e-01 epsZ=9.9726e-01 
New pars ( 220): DC=8.1579e+00 r2=9.7934e-03 r3=3.0106e-02 epsV=6.0479e-01 epsZ=9.9722e-01 
New pars ( 221): DC=8.1578e+00 r2=9.7248e-03 r3=4.0488e-02 epsV=6.2566e-01 epsZ=9.9745e-01 
New pars ( 222): DC=8.1591e+00 r2=9.7534e-03 r3=3.3783e-02 epsV=6.2869e-01 epsZ=9.9713e-01 
New pars ( 223): DC=8.1576e+00 r2=9.7955e-03 r3=2.7861e-02 epsV=5.8656e-01 epsZ=9.9735e-01 
New pars ( 224): DC=8.1600e+00 r2=9.9346e-03 r3=2.8286e-02 epsV=6.2885e-01 epsZ=9.9698e-01 
New pars ( 225): DC=8.1579e+00 r2=9.7098e-03 r3=3.4889e-02 epsV=6.1240e-01 epsZ=9.9734e-01 
New pars ( 226): DC=8.1571e+00 r2=9.7174e-03 r3=2.5657e-02 epsV=5.8090e-01 epsZ=9.9739e-01 
New pars ( 227): DC=8.1589e+00 r2=9.7879e-03 r3=3.5168e-02 epsV=6.2727e-01 epsZ=9.9719e-01 
New pars ( 228): DC=8.1596e+00 r2=9.7303e-03 r3=3.9058e-02 epsV=6.5335e-01 epsZ=9.9710e-01 
New pars ( 229): DC=8.1591e+00 r2=9.7466e-03 r3=3.6259e-02 epsV=6.3665e-01 epsZ=9.9716e-01 
New pars ( 230): DC=8.1597e+00 r2=9.7138e-03 r3=3.9274e-02 epsV=6.4786e-01 epsZ=9.9721e-01 
New pars ( 231): DC=8.1583e+00 r2=9.7735e-03 r3=3.2398e-02 epsV=6.1556e-01 epsZ=9.9722e-01 
New pars ( 232): DC=8.1583e+00 r2=9.7385e-03 r3=3.5648e-02 epsV=6.2161e-01 epsZ=9.9716e-01 
New pars ( 233): DC=8.1579e+00 r2=9.7098e-03 r3=3.4889e-02 epsV=6.1240e-01 epsZ=9.9734e-01 
New pars ( 234): DC=8.2247e+00 r2=9.7098e-03 r3=3.4889e-02 epsV=6.1240e-01 epsZ=9.9734e-01 
New pars ( 235): DC=8.1312e+00 r2=9.7098e-03 r3=3.4889e-02 epsV=6.1240e-01 epsZ=9.9734e-01 
New pars ( 236): DC=8.0511e+00 r2=9.7098e-03 r3=3.4889e-02 epsV=6.1240e-01 epsZ=9.9734e-01 
New pars ( 237): DC=7.8106e+00 r2=9.7098e-03 r3=3.4889e-02 epsV=6.1240e-01 epsZ=9.9734e-01 
New pars ( 238): DC=8.0511e+00 r2=1.0878e-02 r3=3.4889e-02 epsV=6.1240e-01 epsZ=9.9734e-01 
New pars ( 239): DC=8.0511e+00 r2=9.2424e-03 r3=3.4889e-02 epsV=6.1240e-01 epsZ=9.9734e-01 
New pars ( 240): DC=8.0511e+00 r2=7.8403e-03 r3=3.4889e-02 epsV=6.1240e-01 epsZ=9.9734e-01 
New pars ( 241): DC=8.0511e+00 r2=3.6338e-03 r3=3.4889e-02 epsV=6.1240e-01 epsZ=9.9734e-01 
New pars ( 242): DC=8.0511e+00 r2=7.8403e-03 r3=4.0767e-02 epsV=6.1240e-01 epsZ=9.9734e-01 
New pars ( 243): DC=8.0511e+00 r2=7.8403e-03 r3=5.8402e-02 epsV=6.1240e-01 epsZ=9.9734e-01 
New pars ( 244): DC=8.0511e+00 r2=7.8403e-03 r3=4.0767e-02 epsV=6.2582e-01 epsZ=9.9734e-01 
New pars ( 245): DC=7.9442e+00 r2=6.7186e-03 r3=4.1943e-02 epsV=6.5536e-01 epsZ=1.0037e+00 
New pars ( 246): DC=7.8373e+00 r2=5.2229e-03 r3=4.5470e-02 epsV=6.7684e-01 epsZ=1.0069e+00 
New pars ( 247): DC=7.9655e+00 r2=4.9238e-03 r3=4.6175e-02 epsV=6.8114e-01 epsZ=1.0075e+00 
New pars ( 248): DC=7.9228e+00 r2=2.5308e-03 r3=5.1819e-02 epsV=7.1551e-01 epsZ=1.0126e+00 
New pars ( 249): DC=7.9313e+00 r2=5.6267e-03 r3=4.2460e-02 epsV=7.0863e-01 epsZ=1.0116e+00 
New pars ( 250): DC=8.0211e+00 r2=7.2869e-03 r3=4.1190e-02 epsV=6.3646e-01 epsZ=1.0009e+00 
New pars ( 251): DC=7.9194e+00 r2=5.4054e-03 r3=5.0859e-02 epsV=7.1826e-01 epsZ=1.0130e+00 
New pars ( 252): DC=7.9086e+00 r2=5.2062e-03 r3=4.8425e-02 epsV=7.2692e-01 epsZ=1.0143e+00 
New pars ( 253): DC=7.9930e+00 r2=6.7667e-03 r3=4.2999e-02 epsV=6.5907e-01 epsZ=1.0042e+00 
New pars ( 254): DC=7.8554e+00 r2=4.2234e-03 r3=4.9741e-02 epsV=6.9446e-01 epsZ=9.9835e-01 
New pars ( 255): DC=7.7772e+00 r2=2.7766e-03 r3=5.3331e-02 epsV=7.0581e-01 epsZ=1.0146e+00 
New pars ( 256): DC=7.9826e+00 r2=6.5744e-03 r3=4.3908e-02 epsV=6.7603e-01 epsZ=1.0017e+00 
New pars ( 257): DC=8.0491e+00 r2=5.9345e-03 r3=4.8003e-02 epsV=6.9474e-01 epsZ=1.0030e+00 
New pars ( 258): DC=8.1550e+00 r2=6.2903e-03 r3=4.9270e-02 epsV=7.0369e-01 epsZ=1.0011e+00 
New pars ( 259): DC=7.9158e+00 r2=4.0579e-03 r3=5.2476e-02 epsV=7.2678e-01 epsZ=1.0052e+00 
New pars ( 260): DC=7.9737e+00 r2=6.0895e-03 r3=4.5368e-02 epsV=6.7600e-01 epsZ=1.0045e+00 
New pars ( 261): DC=8.0112e+00 r2=5.6928e-03 r3=4.2419e-02 epsV=6.5069e-01 epsZ=9.9302e-01 
New pars ( 262): DC=8.1374e+00 r2=7.4626e-03 r3=4.0608e-02 epsV=6.5698e-01 epsZ=1.0055e+00 
New pars ( 263): DC=7.9259e+00 r2=5.0332e-03 r3=4.7458e-02 epsV=6.8509e-01 epsZ=1.0001e+00 
New pars ( 264): DC=8.0115e+00 r2=6.8060e-03 r3=4.4687e-02 epsV=6.7188e-01 epsZ=9.9344e-01 
New pars ( 265): DC=7.9770e+00 r2=5.3943e-03 r3=4.5803e-02 epsV=6.7882e-01 epsZ=1.0040e+00 
New pars ( 266): DC=7.9922e+00 r2=4.6834e-03 r3=4.7713e-02 epsV=6.7811e-01 epsZ=1.0002e+00 
New pars ( 267): DC=7.9560e+00 r2=5.1612e-03 r3=5.1319e-02 epsV=7.1442e-01 epsZ=1.0117e+00 
New pars ( 268): DC=7.9605e+00 r2=6.3617e-03 r3=4.7468e-02 epsV=7.0152e-01 epsZ=1.0091e+00 
New pars ( 269): DC=7.9684e+00 r2=5.9421e-03 r3=4.7529e-02 epsV=6.9567e-01 epsZ=1.0069e+00 
New pars ( 270): DC=7.9722e+00 r2=5.8699e-03 r3=5.0068e-02 epsV=7.0754e-01 epsZ=1.0065e+00 
New pars ( 271): DC=7.9698e+00 r2=6.1076e-03 r3=5.2200e-02 epsV=7.2190e-01 epsZ=1.0078e+00 
New pars ( 272): DC=7.9674e+00 r2=6.3552e-03 r3=5.4420e-02 epsV=7.3685e-01 epsZ=1.0091e+00 
New pars ( 273): DC=7.9978e+00 r2=6.5807e-03 r3=4.5793e-02 epsV=6.8093e-01 epsZ=9.9776e-01 
New pars ( 274): DC=7.9664e+00 r2=5.5160e-03 r3=4.9937e-02 epsV=7.0604e-01 epsZ=1.0082e+00 
New pars ( 275): DC=8.0441e+00 r2=6.9018e-03 r3=5.0645e-02 epsV=7.1863e-01 epsZ=1.0126e+00 
New pars ( 276): DC=8.0245e+00 r2=6.1704e-03 r3=5.4846e-02 epsV=7.4478e-01 epsZ=1.0115e+00 
New pars ( 277): DC=8.0521e+00 r2=6.4090e-03 r3=5.5612e-02 epsV=7.4475e-01 epsZ=1.0108e+00 
New pars ( 278): DC=8.0940e+00 r2=6.6425e-03 r3=5.9653e-02 epsV=7.6930e-01 epsZ=1.0128e+00 
New pars ( 279): DC=7.9894e+00 r2=6.6998e-03 r3=5.9798e-02 epsV=7.7550e-01 epsZ=1.0186e+00 
New pars ( 280): DC=8.0342e+00 r2=6.1259e-03 r3=5.0952e-02 epsV=7.1493e-01 epsZ=1.0069e+00 
New pars ( 281): DC=8.0992e+00 r2=7.3623e-03 r3=5.8269e-02 epsV=7.6775e-01 epsZ=1.0129e+00 
New pars ( 282): DC=8.0436e+00 r2=6.1607e-03 r3=6.0611e-02 epsV=7.7481e-01 epsZ=1.0087e+00 
New pars ( 283): DC=8.0709e+00 r2=6.8883e-03 r3=5.8716e-02 epsV=7.6068e-01 epsZ=1.0088e+00 
New pars ( 284): DC=8.0941e+00 r2=7.2472e-03 r3=6.0651e-02 epsV=7.6864e-01 epsZ=1.0074e+00 
New pars ( 285): DC=8.0851e+00 r2=7.3813e-03 r3=6.6490e-02 epsV=8.1201e-01 epsZ=1.0135e+00 
New pars ( 286): DC=8.0469e+00 r2=6.4397e-03 r3=5.4836e-02 epsV=7.3920e-01 epsZ=1.0086e+00 
New pars ( 287): DC=8.0770e+00 r2=7.4581e-03 r3=5.4521e-02 epsV=7.3788e-01 epsZ=1.0116e+00 
New pars ( 288): DC=8.0520e+00 r2=6.4850e-03 r3=5.9089e-02 epsV=7.6558e-01 epsZ=1.0095e+00 
New pars ( 289): DC=8.0757e+00 r2=7.1972e-03 r3=6.1997e-02 epsV=7.8405e-01 epsZ=1.0121e+00 
New pars ( 290): DC=8.0901e+00 r2=7.5759e-03 r3=6.5577e-02 epsV=8.0647e-01 epsZ=1.0139e+00 
New pars ( 291): DC=8.1986e+00 r2=7.6185e-03 r3=6.5443e-02 epsV=8.0527e-01 epsZ=1.0128e+00 
New pars ( 292): DC=8.1066e+00 r2=6.7139e-03 r3=6.4464e-02 epsV=7.8938e-01 epsZ=1.0089e+00 
New pars ( 293): DC=8.1102e+00 r2=6.3897e-03 r3=6.7561e-02 epsV=8.0019e-01 epsZ=1.0069e+00 
New pars ( 294): DC=7.9718e+00 r2=5.9662e-03 r3=5.8137e-02 epsV=7.4983e-01 epsZ=1.0067e+00 
New pars ( 295): DC=8.0864e+00 r2=6.8921e-03 r3=6.4111e-02 epsV=7.8322e-01 epsZ=1.0089e+00 
New pars ( 296): DC=8.1036e+00 r2=7.0956e-03 r3=6.6623e-02 epsV=7.9204e-01 epsZ=1.0087e+00 
New pars ( 297): DC=8.0481e+00 r2=6.9159e-03 r3=6.6334e-02 epsV=7.8860e-01 epsZ=1.0039e+00 
New pars ( 298): DC=8.0297e+00 r2=6.1786e-03 r3=6.7609e-02 epsV=7.9725e-01 epsZ=1.0079e+00 
New pars ( 299): DC=8.0297e+00 r2=5.8212e-03 r3=6.8509e-02 epsV=7.8712e-01 epsZ=1.0015e+00 
New pars ( 300): DC=8.0642e+00 r2=6.8532e-03 r3=6.3625e-02 epsV=7.8481e-01 epsZ=1.0095e+00 
New pars ( 301): DC=8.1706e+00 r2=7.4070e-03 r3=7.4564e-02 epsV=8.3533e-01 epsZ=1.0080e+00 
New pars ( 302): DC=8.0215e+00 r2=6.3264e-03 r3=6.2244e-02 epsV=7.7121e-01 epsZ=1.0070e+00 
New pars ( 303): DC=7.9966e+00 r2=6.9581e-03 r3=6.3013e-02 epsV=7.7337e-01 epsZ=1.0079e+00 
New pars ( 304): DC=8.0754e+00 r2=7.2742e-03 r3=6.8638e-02 epsV=8.0323e-01 epsZ=1.0081e+00 
New pars ( 305): DC=8.1024e+00 r2=7.7480e-03 r3=7.1835e-02 epsV=8.1924e-01 epsZ=1.0086e+00 
New pars ( 306): DC=8.0963e+00 r2=8.0497e-03 r3=6.4962e-02 epsV=7.8598e-01 epsZ=1.0075e+00 
New pars ( 307): DC=8.0463e+00 r2=6.6464e-03 r3=6.6948e-02 epsV=7.9443e-01 epsZ=1.0078e+00 
New pars ( 308): DC=8.0546e+00 r2=7.2924e-03 r3=7.0276e-02 epsV=8.0226e-01 epsZ=1.0053e+00 
New pars ( 309): DC=8.0733e+00 r2=7.3804e-03 r3=6.9143e-02 epsV=8.0393e-01 epsZ=1.0114e+00 
New pars ( 310): DC=8.1555e+00 r2=7.5070e-03 r3=7.4917e-02 epsV=8.3139e-01 epsZ=1.0088e+00 
New pars ( 311): DC=8.0693e+00 r2=7.5341e-03 r3=7.4625e-02 epsV=8.2846e-01 epsZ=1.0081e+00 
New pars ( 312): DC=8.1241e+00 r2=7.4339e-03 r3=7.2711e-02 epsV=8.2872e-01 epsZ=1.0126e+00 
New pars ( 313): DC=8.0720e+00 r2=7.3278e-03 r3=7.0885e-02 epsV=8.0887e-01 epsZ=1.0071e+00 
New pars ( 314): DC=8.1426e+00 r2=8.3525e-03 r3=7.7614e-02 epsV=8.4233e-01 epsZ=1.0098e+00 
New pars ( 315): DC=8.0283e+00 r2=7.8302e-03 r3=7.0724e-02 epsV=8.0974e-01 epsZ=1.0092e+00 
New pars ( 316): DC=7.9648e+00 r2=7.9917e-03 r3=6.8628e-02 epsV=7.9892e-01 epsZ=1.0094e+00 
New pars ( 317): DC=8.0982e+00 r2=7.9215e-03 r3=6.9456e-02 epsV=8.0519e-01 epsZ=1.0104e+00 
New pars ( 318): DC=8.0765e+00 r2=7.6309e-03 r3=7.3333e-02 epsV=8.2264e-01 epsZ=1.0087e+00 
New pars ( 319): DC=7.9984e+00 r2=6.8144e-03 r3=6.4754e-02 epsV=7.8345e-01 epsZ=1.0082e+00 
New pars ( 320): DC=8.1066e+00 r2=7.9680e-03 r3=7.4399e-02 epsV=8.2761e-01 epsZ=1.0094e+00 
New pars ( 321): DC=8.0810e+00 r2=8.0216e-03 r3=7.5327e-02 epsV=8.3131e-01 epsZ=1.0058e+00 
New pars ( 322): DC=8.0849e+00 r2=8.3422e-03 r3=7.8419e-02 epsV=8.4499e-01 epsZ=1.0030e+00 
New pars ( 323): DC=8.0859e+00 r2=8.3517e-03 r3=7.5362e-02 epsV=8.3534e-01 epsZ=1.0096e+00 
New pars ( 324): DC=8.0755e+00 r2=7.5838e-03 r3=7.2004e-02 epsV=8.1549e-01 epsZ=1.0077e+00 
New pars ( 325): DC=8.0448e+00 r2=7.8657e-03 r3=7.4480e-02 epsV=8.2348e-01 epsZ=1.0077e+00 
New pars ( 326): DC=8.0160e+00 r2=7.9246e-03 r3=7.5802e-02 epsV=8.2560e-01 epsZ=1.0073e+00 
New pars ( 327): DC=7.9864e+00 r2=7.9851e-03 r3=7.7161e-02 epsV=8.2778e-01 epsZ=1.0068e+00 
New pars ( 328): DC=8.0346e+00 r2=8.1245e-03 r3=7.4514e-02 epsV=8.2213e-01 epsZ=1.0069e+00 
New pars ( 329): DC=8.0193e+00 r2=8.3879e-03 r3=7.6846e-02 epsV=8.3194e-01 epsZ=1.0075e+00 
New pars ( 330): DC=8.0628e+00 r2=8.3647e-03 r3=8.0575e-02 epsV=8.4656e-01 epsZ=1.0054e+00 
New pars ( 331): DC=7.9671e+00 r2=8.3855e-03 r3=7.9370e-02 epsV=8.3628e-01 epsZ=1.0036e+00 
New pars ( 332): DC=7.8973e+00 r2=8.5942e-03 r3=8.1855e-02 epsV=8.4061e-01 epsZ=1.0006e+00 
New pars ( 333): DC=7.9191e+00 r2=8.5610e-03 r3=8.1053e-02 epsV=8.3630e-01 epsZ=1.0051e+00 
New pars ( 334): DC=7.9193e+00 r2=8.6327e-03 r3=8.4482e-02 epsV=8.5115e-01 epsZ=1.0032e+00 
New pars ( 335): DC=7.8338e+00 r2=8.4997e-03 r3=7.9984e-02 epsV=8.2855e-01 epsZ=1.0039e+00 
New pars ( 336): DC=8.0055e+00 r2=8.3984e-03 r3=8.0427e-02 epsV=8.4206e-01 epsZ=1.0050e+00 
New pars ( 337): DC=7.8718e+00 r2=8.4806e-03 r3=8.5146e-02 epsV=8.4722e-01 epsZ=1.0008e+00 
New pars ( 338): DC=7.7980e+00 r2=8.5269e-03 r3=8.9295e-02 epsV=8.5487e-01 epsZ=9.9740e-01 
New pars ( 339): DC=7.8294e+00 r2=9.1002e-03 r3=8.9684e-02 epsV=8.6221e-01 epsZ=9.9775e-01 
New pars ( 340): DC=7.7397e+00 r2=8.9676e-03 r3=9.0121e-02 epsV=8.5600e-01 epsZ=9.9663e-01 
New pars ( 341): DC=7.9391e+00 r2=8.5407e-03 r3=8.2850e-02 epsV=8.4554e-01 epsZ=1.0029e+00 
New pars ( 342): DC=7.8342e+00 r2=8.7970e-03 r3=9.0214e-02 epsV=8.6545e-01 epsZ=9.9570e-01 
New pars ( 343): DC=7.8979e+00 r2=8.6200e-03 r3=8.3343e-02 epsV=8.4359e-01 epsZ=1.0027e+00 
New pars ( 344): DC=7.8253e+00 r2=8.7202e-03 r3=8.6329e-02 epsV=8.4758e-01 epsZ=9.9733e-01 
New pars ( 345): DC=7.8958e+00 r2=8.6545e-03 r3=8.4944e-02 epsV=8.5025e-01 epsZ=1.0018e+00 
New pars ( 346): DC=7.9419e+00 r2=8.0743e-03 r3=7.9231e-02 epsV=8.3173e-01 epsZ=1.0044e+00 
New pars ( 347): DC=7.8575e+00 r2=8.8438e-03 r3=8.7071e-02 epsV=8.5459e-01 epsZ=9.9942e-01 
New pars ( 348): DC=7.8580e+00 r2=8.6801e-03 r3=8.9147e-02 epsV=8.5892e-01 epsZ=1.0011e+00 
New pars ( 349): DC=7.8384e+00 r2=8.7231e-03 r3=9.2792e-02 epsV=8.6808e-01 epsZ=1.0013e+00 
New pars ( 350): DC=7.8415e+00 r2=8.6785e-03 r3=8.9980e-02 epsV=8.6208e-01 epsZ=9.9830e-01 
New pars ( 351): DC=7.8838e+00 r2=8.6346e-03 r3=8.5002e-02 epsV=8.4821e-01 epsZ=1.0016e+00 
New pars ( 352): DC=7.7782e+00 r2=8.7953e-03 r3=9.1333e-02 epsV=8.6120e-01 epsZ=9.9760e-01 
New pars ( 353): DC=7.8989e+00 r2=8.6044e-03 r3=8.4971e-02 epsV=8.4946e-01 epsZ=1.0016e+00 
New pars ( 354): DC=7.9596e+00 r2=8.8400e-03 r3=8.3158e-02 epsV=8.4971e-01 epsZ=1.0048e+00 
New pars ( 355): DC=7.8384e+00 r2=8.6052e-03 r3=8.7761e-02 epsV=8.5358e-01 epsZ=9.9925e-01 
New pars ( 356): DC=7.8388e+00 r2=8.6927e-03 r3=8.8637e-02 epsV=8.5565e-01 epsZ=9.9942e-01 
New pars ( 357): DC=7.8103e+00 r2=8.7117e-03 r3=9.0483e-02 epsV=8.5835e-01 epsZ=9.9824e-01 
New pars ( 358): DC=7.8582e+00 r2=8.4507e-03 r3=8.7875e-02 epsV=8.5281e-01 epsZ=1.0013e+00 
New pars ( 359): DC=7.8586e+00 r2=8.2541e-03 r3=8.8277e-02 epsV=8.5192e-01 epsZ=1.0022e+00 
New pars ( 360): DC=7.8219e+00 r2=8.5076e-03 r3=9.1254e-02 epsV=8.6068e-01 epsZ=9.9933e-01 
New pars ( 361): DC=7.7909e+00 r2=8.4441e-03 r3=9.4379e-02 epsV=8.6691e-01 epsZ=9.9818e-01 
New pars ( 362): DC=7.7760e+00 r2=8.4992e-03 r3=9.3798e-02 epsV=8.6392e-01 epsZ=9.9846e-01 
New pars ( 363): DC=7.8067e+00 r2=8.5255e-03 r3=9.1591e-02 epsV=8.6031e-01 epsZ=9.9924e-01 
New pars ( 364): DC=7.8238e+00 r2=8.4664e-03 r3=9.2540e-02 epsV=8.6249e-01 epsZ=1.0008e+00 
New pars ( 365): DC=7.8165e+00 r2=8.3970e-03 r3=9.4929e-02 epsV=8.6695e-01 epsZ=1.0016e+00 
New pars ( 366): DC=7.7876e+00 r2=8.2783e-03 r3=9.3467e-02 epsV=8.6036e-01 epsZ=9.9916e-01 
New pars ( 367): DC=7.8404e+00 r2=8.5797e-03 r3=9.0227e-02 epsV=8.5928e-01 epsZ=1.0006e+00 
New pars ( 368): DC=7.8474e+00 r2=8.1938e-03 r3=9.2028e-02 epsV=8.6131e-01 epsZ=1.0029e+00 
New pars ( 369): DC=7.8659e+00 r2=7.9348e-03 r3=9.2800e-02 epsV=8.6279e-01 epsZ=1.0053e+00 
New pars ( 370): DC=7.8672e+00 r2=8.2474e-03 r3=9.1095e-02 epsV=8.5975e-01 epsZ=1.0034e+00 
New pars ( 371): DC=7.8974e+00 r2=8.1084e-03 r3=9.0846e-02 epsV=8.5947e-01 epsZ=1.0055e+00 
New pars ( 372): DC=7.8308e+00 r2=8.4605e-03 r3=9.5436e-02 epsV=8.7115e-01 epsZ=1.0017e+00 
New pars ( 373): DC=7.8516e+00 r2=8.3057e-03 r3=9.0067e-02 epsV=8.5673e-01 epsZ=1.0021e+00 
New pars ( 374): DC=7.8794e+00 r2=8.1262e-03 r3=9.1985e-02 epsV=8.6082e-01 epsZ=1.0058e+00 
New pars ( 375): DC=7.9082e+00 r2=7.9355e-03 r3=9.2351e-02 epsV=8.6089e-01 epsZ=1.0090e+00 
New pars ( 376): DC=7.8880e+00 r2=7.7965e-03 r3=9.3861e-02 epsV=8.6286e-01 epsZ=1.0078e+00 
New pars ( 377): DC=7.8913e+00 r2=7.8668e-03 r3=9.5539e-02 epsV=8.6786e-01 epsZ=1.0086e+00 
New pars ( 378): DC=7.9564e+00 r2=7.5634e-03 r3=9.0921e-02 epsV=8.5801e-01 epsZ=1.0120e+00 
New pars ( 379): DC=7.9691e+00 r2=7.5144e-03 r3=9.3380e-02 epsV=8.6233e-01 epsZ=1.0142e+00 
New pars ( 380): DC=8.0300e+00 r2=7.1747e-03 r3=9.4056e-02 epsV=8.6284e-01 epsZ=1.0199e+00 
New pars ( 381): DC=7.8652e+00 r2=8.1253e-03 r3=9.5470e-02 epsV=8.6736e-01 epsZ=1.0061e+00 
New pars ( 382): DC=7.9113e+00 r2=7.5870e-03 r3=9.7394e-02 epsV=8.6905e-01 epsZ=1.0128e+00 
New pars ( 383): DC=7.9183e+00 r2=7.3263e-03 r3=1.0067e-01 epsV=8.7384e-01 epsZ=1.0164e+00 
New pars ( 384): DC=7.9254e+00 r2=7.7167e-03 r3=9.3443e-02 epsV=8.6113e-01 epsZ=1.0114e+00 
New pars ( 385): DC=7.9425e+00 r2=7.6416e-03 r3=9.2396e-02 epsV=8.5777e-01 epsZ=1.0127e+00 
New pars ( 386): DC=7.9437e+00 r2=7.7551e-03 r3=9.4954e-02 epsV=8.6544e-01 epsZ=1.0135e+00 
New pars ( 387): DC=7.9715e+00 r2=7.7343e-03 r3=9.5500e-02 epsV=8.6674e-01 epsZ=1.0164e+00 
New pars ( 388): DC=8.0091e+00 r2=7.2699e-03 r3=9.3357e-02 epsV=8.6070e-01 epsZ=1.0194e+00 
New pars ( 389): DC=8.0064e+00 r2=7.1934e-03 r3=9.6879e-02 epsV=8.6709e-01 epsZ=1.0207e+00 
New pars ( 390): DC=7.9045e+00 r2=7.8285e-03 r3=9.7281e-02 epsV=8.6984e-01 epsZ=1.0108e+00 
New pars ( 391): DC=7.9186e+00 r2=7.7095e-03 r3=9.8819e-02 epsV=8.7121e-01 epsZ=1.0146e+00 
New pars ( 392): DC=7.9793e+00 r2=7.6860e-03 r3=9.5375e-02 epsV=8.6535e-01 epsZ=1.0167e+00 
New pars ( 393): DC=8.0132e+00 r2=7.7355e-03 r3=9.4365e-02 epsV=8.6350e-01 epsZ=1.0187e+00 
New pars ( 394): DC=8.0003e+00 r2=7.5638e-03 r3=9.9694e-02 epsV=8.7422e-01 epsZ=1.0211e+00 
New pars ( 395): DC=7.9168e+00 r2=8.2352e-03 r3=9.7385e-02 epsV=8.7111e-01 epsZ=1.0119e+00 
New pars ( 396): DC=8.0237e+00 r2=7.7629e-03 r3=9.7024e-02 epsV=8.6887e-01 epsZ=1.0223e+00 
New pars ( 397): DC=8.0833e+00 r2=7.7301e-03 r3=9.6896e-02 epsV=8.6839e-01 epsZ=1.0280e+00 
New pars ( 398): DC=8.0755e+00 r2=7.8900e-03 r3=9.4717e-02 epsV=8.6638e-01 epsZ=1.0239e+00 
New pars ( 399): DC=8.0239e+00 r2=8.1662e-03 r3=9.1850e-02 epsV=8.6023e-01 epsZ=1.0184e+00 
New pars ( 400): DC=8.0735e+00 r2=8.1685e-03 r3=9.4585e-02 epsV=8.6511e-01 epsZ=1.0240e+00 
New pars ( 401): DC=8.1245e+00 r2=8.3855e-03 r3=9.4128e-02 epsV=8.6430e-01 epsZ=1.0277e+00 
New pars ( 402): DC=8.1909e+00 r2=7.6409e-03 r3=9.1581e-02 epsV=8.5833e-01 epsZ=1.0333e+00 
New pars ( 403): DC=7.9853e+00 r2=8.0866e-03 r3=9.5934e-02 epsV=8.6792e-01 epsZ=1.0172e+00 
New pars ( 404): DC=8.0834e+00 r2=8.2811e-03 r3=9.5227e-02 epsV=8.6771e-01 epsZ=1.0259e+00 
New pars ( 405): DC=8.1184e+00 r2=8.5539e-03 r3=9.5659e-02 epsV=8.6981e-01 epsZ=1.0296e+00 
New pars ( 406): DC=8.1106e+00 r2=8.0054e-03 r3=9.9265e-02 epsV=8.7481e-01 epsZ=1.0306e+00 
New pars ( 407): DC=8.0730e+00 r2=8.3278e-03 r3=9.8219e-02 epsV=8.7204e-01 epsZ=1.0279e+00 
New pars ( 408): DC=8.0717e+00 r2=8.5467e-03 r3=9.9970e-02 epsV=8.7487e-01 epsZ=1.0299e+00 
New pars ( 409): DC=8.1977e+00 r2=8.3152e-03 r3=9.8616e-02 epsV=8.7328e-01 epsZ=1.0396e+00 
New pars ( 410): DC=8.1073e+00 r2=8.5203e-03 r3=9.5025e-02 epsV=8.6577e-01 epsZ=1.0298e+00 
New pars ( 411): DC=8.1442e+00 r2=9.1117e-03 r3=9.6646e-02 epsV=8.7115e-01 epsZ=1.0331e+00 
New pars ( 412): DC=8.1822e+00 r2=9.0507e-03 r3=9.9781e-02 epsV=8.7684e-01 epsZ=1.0408e+00 
New pars ( 413): DC=8.1007e+00 r2=8.3890e-03 r3=9.5884e-02 epsV=8.6804e-01 epsZ=1.0282e+00 
New pars ( 414): DC=8.1301e+00 r2=8.5993e-03 r3=9.8798e-02 epsV=8.7143e-01 epsZ=1.0347e+00 
New pars ( 415): DC=8.1360e+00 r2=8.6219e-03 r3=1.0037e-01 epsV=8.7224e-01 epsZ=1.0372e+00 
New pars ( 416): DC=8.0239e+00 r2=8.9516e-03 r3=9.5913e-02 epsV=8.6723e-01 epsZ=1.0227e+00 
New pars ( 417): DC=8.1542e+00 r2=8.4743e-03 r3=9.7940e-02 epsV=8.7177e-01 epsZ=1.0354e+00 
New pars ( 418): DC=8.1331e+00 r2=8.7281e-03 r3=1.0067e-01 epsV=8.7713e-01 epsZ=1.0347e+00 
New pars ( 419): DC=8.0918e+00 r2=7.9832e-03 r3=1.0066e-01 epsV=8.7415e-01 epsZ=1.0320e+00 
New pars ( 420): DC=8.1317e+00 r2=8.5436e-03 r3=1.0333e-01 epsV=8.7970e-01 epsZ=1.0385e+00 
New pars ( 421): DC=8.1472e+00 r2=8.6209e-03 r3=1.0705e-01 epsV=8.8552e-01 epsZ=1.0437e+00 
New pars ( 422): DC=8.0691e+00 r2=8.4860e-03 r3=1.0343e-01 epsV=8.7915e-01 epsZ=1.0326e+00 
New pars ( 423): DC=8.0266e+00 r2=8.4919e-03 r3=1.0618e-01 epsV=8.8283e-01 epsZ=1.0312e+00 
New pars ( 424): DC=8.1225e+00 r2=9.1782e-03 r3=1.0182e-01 epsV=8.7876e-01 epsZ=1.0361e+00 
New pars ( 425): DC=8.1148e+00 r2=8.8795e-03 r3=1.0153e-01 epsV=8.7761e-01 epsZ=1.0351e+00 
New pars ( 426): DC=8.0739e+00 r2=8.4939e-03 r3=1.0215e-01 epsV=8.7597e-01 epsZ=1.0336e+00 
New pars ( 427): DC=8.0443e+00 r2=8.3769e-03 r3=1.0289e-01 epsV=8.7539e-01 epsZ=1.0331e+00 
New pars ( 428): DC=8.1362e+00 r2=8.6542e-03 r3=1.0373e-01 epsV=8.7867e-01 epsZ=1.0399e+00 
New pars ( 429): DC=8.1684e+00 r2=8.7080e-03 r3=1.0561e-01 epsV=8.8057e-01 epsZ=1.0448e+00 
New pars ( 430): DC=8.0931e+00 r2=8.6452e-03 r3=1.0762e-01 epsV=8.8576e-01 epsZ=1.0392e+00 
New pars ( 431): DC=8.1209e+00 r2=8.6107e-03 r3=1.0100e-01 epsV=8.7502e-01 epsZ=1.0358e+00 
New pars ( 432): DC=8.0872e+00 r2=8.7277e-03 r3=1.0216e-01 epsV=8.7563e-01 epsZ=1.0343e+00 
New pars ( 433): DC=8.0930e+00 r2=8.3311e-03 r3=1.0421e-01 epsV=8.7693e-01 epsZ=1.0373e+00 
New pars ( 434): DC=8.1230e+00 r2=8.3242e-03 r3=1.0440e-01 epsV=8.7942e-01 epsZ=1.0394e+00 
New pars ( 435): DC=8.1291e+00 r2=8.7181e-03 r3=1.0243e-01 epsV=8.7913e-01 epsZ=1.0371e+00 
New pars ( 436): DC=8.1020e+00 r2=8.4278e-03 r3=1.0377e-01 epsV=8.7748e-01 epsZ=1.0373e+00 
New pars ( 437): DC=8.1662e+00 r2=8.5399e-03 r3=1.0334e-01 epsV=8.7624e-01 epsZ=1.0438e+00 
New pars ( 438): DC=8.1419e+00 r2=8.5264e-03 r3=1.0336e-01 epsV=8.7696e-01 epsZ=1.0410e+00 
New pars ( 439): DC=8.1228e+00 r2=8.3814e-03 r3=1.0671e-01 epsV=8.8115e-01 epsZ=1.0426e+00 
New pars ( 440): DC=8.1238e+00 r2=8.2668e-03 r3=1.0957e-01 epsV=8.8421e-01 epsZ=1.0460e+00 
New pars ( 441): DC=8.1893e+00 r2=8.4532e-03 r3=1.0739e-01 epsV=8.8226e-01 epsZ=1.0484e+00 
New pars ( 442): DC=8.1669e+00 r2=8.6746e-03 r3=1.0633e-01 epsV=8.7995e-01 epsZ=1.0463e+00 
New pars ( 443): DC=8.1339e+00 r2=8.4118e-03 r3=1.0488e-01 epsV=8.7955e-01 epsZ=1.0411e+00 
New pars ( 444): DC=8.1447e+00 r2=8.4265e-03 r3=1.0798e-01 epsV=8.8344e-01 epsZ=1.0447e+00 
New pars ( 445): DC=8.2017e+00 r2=8.5246e-03 r3=1.0926e-01 epsV=8.8531e-01 epsZ=1.0514e+00 
New pars ( 446): DC=8.1269e+00 r2=8.4520e-03 r3=1.0514e-01 epsV=8.7944e-01 epsZ=1.0408e+00 
New pars ( 447): DC=8.1187e+00 r2=8.1420e-03 r3=1.0723e-01 epsV=8.8176e-01 epsZ=1.0423e+00 
New pars ( 448): DC=8.0695e+00 r2=8.2723e-03 r3=1.0539e-01 epsV=8.7987e-01 epsZ=1.0362e+00 
New pars ( 449): DC=8.1594e+00 r2=8.4080e-03 r3=1.0689e-01 epsV=8.8167e-01 epsZ=1.0454e+00 
New pars ( 450): DC=8.1565e+00 r2=8.6899e-03 r3=1.0541e-01 epsV=8.8033e-01 epsZ=1.0436e+00 
New pars ( 451): DC=8.1470e+00 r2=8.5529e-03 r3=1.0586e-01 epsV=8.8069e-01 epsZ=1.0433e+00 
New pars ( 452): DC=8.1313e+00 r2=8.4560e-03 r3=1.0382e-01 epsV=8.7756e-01 epsZ=1.0405e+00 
New pars ( 453): DC=8.1414e+00 r2=8.4339e-03 r3=1.0694e-01 epsV=8.8197e-01 epsZ=1.0437e+00 
New pars ( 454): DC=8.1451e+00 r2=8.4795e-03 r3=1.0773e-01 epsV=8.8241e-01 epsZ=1.0452e+00 
New pars ( 455): DC=8.1423e+00 r2=8.4626e-03 r3=1.0702e-01 epsV=8.8170e-01 epsZ=1.0442e+00 
New pars ( 456): DC=8.1582e+00 r2=8.4435e-03 r3=1.0823e-01 epsV=8.8343e-01 epsZ=1.0468e+00 
New pars ( 457): DC=8.1348e+00 r2=8.4499e-03 r3=1.0591e-01 epsV=8.8043e-01 epsZ=1.0423e+00 
New pars ( 458): DC=8.1159e+00 r2=8.5043e-03 r3=1.0609e-01 epsV=8.8071e-01 epsZ=1.0411e+00 
New pars ( 459): DC=8.1268e+00 r2=8.4802e-03 r3=1.0629e-01 epsV=8.8095e-01 epsZ=1.0421e+00 
New pars ( 460): DC=8.1202e+00 r2=8.3303e-03 r3=1.0729e-01 epsV=8.8179e-01 epsZ=1.0427e+00 
New pars ( 461): DC=8.1403e+00 r2=8.4973e-03 r3=1.0622e-01 epsV=8.8096e-01 epsZ=1.0431e+00 
New pars ( 462): DC=8.1514e+00 r2=8.5481e-03 r3=1.0624e-01 epsV=8.8126e-01 epsZ=1.0435e+00 
New pars ( 463): DC=8.1368e+00 r2=8.5414e-03 r3=1.0573e-01 epsV=8.8015e-01 epsZ=1.0424e+00 
New pars ( 464): DC=8.1402e+00 r2=8.4608e-03 r3=1.0664e-01 epsV=8.8151e-01 epsZ=1.0434e+00 
New pars ( 465): DC=8.1387e+00 r2=8.4873e-03 r3=1.0626e-01 epsV=8.8102e-01 epsZ=1.0429e+00 
New pars ( 466): DC=8.2370e+00 r2=1.0780e-02 r3=1.1852e-01 epsV=9.1623e-01 epsZ=1.0038e+00 
New pars ( 467): DC=8.2371e+00 r2=1.0780e-02 r3=1.1852e-01 epsV=9.1623e-01 epsZ=1.0038e+00 
New pars ( 468): DC=8.2370e+00 r2=1.0780e-02 r3=1.1852e-01 epsV=9.1623e-01 epsZ=1.0038e+00 
New pars ( 469): DC=8.2370e+00 r2=1.0781e-02 r3=1.1852e-01 epsV=9.1623e-01 epsZ=1.0038e+00 
New pars ( 470): DC=8.2370e+00 r2=1.0780e-02 r3=1.1852e-01 epsV=9.1623e-01 epsZ=1.0038e+00 
New pars ( 471): DC=8.2370e+00 r2=1.0780e-02 r3=1.1852e-01 epsV=9.1623e-01 epsZ=1.0038e+00 
New pars ( 472): DC=8.2370e+00 r2=1.0780e-02 r3=1.1851e-01 epsV=9.1623e-01 epsZ=1.0038e+00 
New pars ( 473): DC=8.2370e+00 r2=1.0780e-02 r3=1.1852e-01 epsV=9.1623e-01 epsZ=1.0038e+00 
New pars ( 474): DC=8.2371e+00 r2=1.0780e-02 r3=1.1852e-01 epsV=9.1623e-01 epsZ=1.0038e+00 
New pars ( 475): DC=8.2370e+00 r2=1.0780e-02 r3=1.1852e-01 epsV=9.1623e-01 epsZ=1.0038e+00 
New pars ( 476): DC=8.2370e+00 r2=1.0781e-02 r3=1.1852e-01 epsV=9.1623e-01 epsZ=1.0038e+00 
New pars ( 477): DC=8.2370e+00 r2=1.0780e-02 r3=1.1852e-01 epsV=9.1623e-01 epsZ=1.0038e+00 
New pars ( 478): DC=8.2370e+00 r2=1.0780e-02 r3=1.1852e-01 epsV=9.1623e-01 epsZ=1.0038e+00 
New pars ( 479): DC=8.2370e+00 r2=1.0780e-02 r3=1.1852e-01 epsV=9.1623e-01 epsZ=1.0038e+00 
New pars ( 480): DC=8.2370e+00 r2=1.0780e-02 r3=1.1852e-01 epsV=9.1623e-01 epsZ=1.0038e+00 
New pars ( 481): DC=8.2371e+00 r2=1.0781e-02 r3=1.1852e-01 epsV=9.1623e-01 epsZ=1.0038e+00 
New pars ( 482): DC=8.2371e+00 r2=1.0780e-02 r3=1.1852e-01 epsV=9.1623e-01 epsZ=1.0038e+00 
New pars ( 483): DC=8.2370e+00 r2=1.0781e-02 r3=1.1852e-01 epsV=9.1623e-01 epsZ=1.0038e+00 
New pars ( 484): DC=8.2371e+00 r2=1.0780e-02 r3=1.1852e-01 epsV=9.1623e-01 epsZ=1.0038e+00 
New pars ( 485): DC=8.2370e+00 r2=1.0781e-02 r3=1.1852e-01 epsV=9.1623e-01 epsZ=1.0038e+00 
New pars ( 486): DC=8.2370e+00 r2=1.0780e-02 r3=1.1852e-01 epsV=9.1623e-01 epsZ=1.0038e+00 
New pars ( 487): DC=8.2371e+00 r2=1.0780e-02 r3=1.1852e-01 epsV=9.1623e-01 epsZ=1.0038e+00 
New pars ( 488): DC=8.2370e+00 r2=1.0781e-02 r3=1.1852e-01 epsV=9.1623e-01 epsZ=1.0038e+00 
New pars ( 489): DC=8.2370e+00 r2=1.0780e-02 r3=1.1852e-01 epsV=9.1623e-01 epsZ=1.0038e+00 
New pars ( 490): DC=8.2370e+00 r2=1.0780e-02 r3=1.1852e-01 epsV=9.1623e-01 epsZ=1.0038e+00 
 PARAMETER NUMBER   1 NOT A VARIABLE. IGNORED.
 THERE ARE NO MINOS ERRORS TO CALCULATE.
 PARAMETER NUMBER   2 NOT A VARIABLE. IGNORED.
 THERE ARE NO MINOS ERRORS TO CALCULATE.
New pars ( 491): DC=8.3036e+00 r2=1.1429e-02 r3=1.2206e-01 epsV=9.2476e-01 epsZ=9.9802e-01 
New pars ( 492): DC=8.3036e+00 r2=1.1430e-02 r3=1.2206e-01 epsV=9.2476e-01 epsZ=9.9802e-01 
New pars ( 493): DC=8.3036e+00 r2=1.1427e-02 r3=1.2206e-01 epsV=9.2476e-01 epsZ=9.9802e-01 
New pars ( 494): DC=8.3036e+00 r2=1.1433e-02 r3=1.2206e-01 epsV=9.2476e-01 epsZ=9.9802e-01 
New pars ( 495): DC=8.3036e+00 r2=1.1424e-02 r3=1.2206e-01 epsV=9.2476e-01 epsZ=9.9802e-01 
New pars ( 496): DC=8.3036e+00 r2=1.1429e-02 r3=1.2206e-01 epsV=9.2476e-01 epsZ=9.9802e-01 
New pars ( 497): DC=8.3036e+00 r2=1.1429e-02 r3=1.2205e-01 epsV=9.2476e-01 epsZ=9.9802e-01 
New pars ( 498): DC=8.3036e+00 r2=1.1429e-02 r3=1.2207e-01 epsV=9.2476e-01 epsZ=9.9802e-01 
New pars ( 499): DC=8.3036e+00 r2=1.1429e-02 r3=1.2205e-01 epsV=9.2476e-01 epsZ=9.9802e-01 
New pars ( 500): DC=8.3036e+00 r2=1.1429e-02 r3=1.2206e-01 epsV=9.2476e-01 epsZ=9.9802e-01 
New pars ( 501): DC=8.3036e+00 r2=1.1258e-02 r3=1.2094e-01 epsV=9.2207e-01 epsZ=1.0009e+00 
New pars ( 502): DC=8.3036e+00 r2=1.1338e-02 r3=1.2146e-01 epsV=9.2333e-01 epsZ=9.9954e-01 
New pars ( 503): DC=8.3036e+00 r2=1.1343e-02 r3=1.2146e-01 epsV=9.2333e-01 epsZ=9.9954e-01 
New pars ( 504): DC=8.3036e+00 r2=1.1333e-02 r3=1.2146e-01 epsV=9.2333e-01 epsZ=9.9954e-01 
New pars ( 505): DC=8.3036e+00 r2=1.1338e-02 r3=1.2147e-01 epsV=9.2333e-01 epsZ=9.9954e-01 
New pars ( 506): DC=8.3036e+00 r2=1.1338e-02 r3=1.2145e-01 epsV=9.2333e-01 epsZ=9.9954e-01 
New pars ( 507): DC=8.3036e+00 r2=1.1338e-02 r3=1.2146e-01 epsV=9.2334e-01 epsZ=9.9954e-01 
New pars ( 508): DC=8.3036e+00 r2=1.1392e-02 r3=1.2177e-01 epsV=9.2394e-01 epsZ=9.9883e-01 
New pars ( 509): DC=8.3036e+00 r2=1.1435e-02 r3=1.2201e-01 epsV=9.2442e-01 epsZ=9.9827e-01 
New pars ( 510): DC=8.3036e+00 r2=1.1440e-02 r3=1.2201e-01 epsV=9.2442e-01 epsZ=9.9827e-01 
New pars ( 511): DC=8.3036e+00 r2=1.1430e-02 r3=1.2201e-01 epsV=9.2442e-01 epsZ=9.9827e-01 
New pars ( 512): DC=8.3036e+00 r2=1.1435e-02 r3=1.2202e-01 epsV=9.2442e-01 epsZ=9.9827e-01 
New pars ( 513): DC=8.3036e+00 r2=1.1435e-02 r3=1.2200e-01 epsV=9.2442e-01 epsZ=9.9827e-01 
New pars ( 514): DC=8.3036e+00 r2=1.1435e-02 r3=1.2201e-01 epsV=9.2443e-01 epsZ=9.9827e-01 
New pars ( 515): DC=8.3036e+00 r2=1.1440e-02 r3=1.2204e-01 epsV=9.2446e-01 epsZ=9.9824e-01 
New pars ( 516): DC=8.3036e+00 r2=1.1444e-02 r3=1.2204e-01 epsV=9.2446e-01 epsZ=9.9824e-01 
New pars ( 517): DC=8.3036e+00 r2=1.1435e-02 r3=1.2204e-01 epsV=9.2446e-01 epsZ=9.9824e-01 
New pars ( 518): DC=8.3036e+00 r2=1.1440e-02 r3=1.2205e-01 epsV=9.2446e-01 epsZ=9.9824e-01 
New pars ( 519): DC=8.3036e+00 r2=1.1440e-02 r3=1.2203e-01 epsV=9.2446e-01 epsZ=9.9824e-01 
New pars ( 520): DC=8.3036e+00 r2=1.1440e-02 r3=1.2204e-01 epsV=9.2447e-01 epsZ=9.9824e-01 
New pars ( 521): DC=8.1704e+00 r2=1.0132e-02 r3=1.1497e-01 epsV=9.0770e-01 epsZ=1.0096e+00 
New pars ( 522): DC=8.1704e+00 r2=1.0137e-02 r3=1.1497e-01 epsV=9.0770e-01 epsZ=1.0096e+00 
New pars ( 523): DC=8.1704e+00 r2=1.0128e-02 r3=1.1497e-01 epsV=9.0770e-01 epsZ=1.0096e+00 
New pars ( 524): DC=8.1704e+00 r2=1.0132e-02 r3=1.1498e-01 epsV=9.0770e-01 epsZ=1.0096e+00 
New pars ( 525): DC=8.1704e+00 r2=1.0132e-02 r3=1.1496e-01 epsV=9.0770e-01 epsZ=1.0096e+00 
New pars ( 526): DC=8.1704e+00 r2=1.0132e-02 r3=1.1497e-01 epsV=9.0771e-01 epsZ=1.0096e+00 
New pars ( 527): DC=8.1704e+00 r2=1.0523e-02 r3=1.1702e-01 epsV=9.1178e-01 epsZ=1.0048e+00 
New pars ( 528): DC=8.1704e+00 r2=1.0253e-02 r3=1.1561e-01 epsV=9.0896e-01 epsZ=1.0081e+00 
New pars ( 529): DC=8.1704e+00 r2=1.0257e-02 r3=1.1561e-01 epsV=9.0896e-01 epsZ=1.0081e+00 
New pars ( 530): DC=8.1704e+00 r2=1.0249e-02 r3=1.1561e-01 epsV=9.0896e-01 epsZ=1.0081e+00 
New pars ( 531): DC=8.1704e+00 r2=1.0253e-02 r3=1.1561e-01 epsV=9.0896e-01 epsZ=1.0081e+00 
New pars ( 532): DC=8.1704e+00 r2=1.0253e-02 r3=1.1560e-01 epsV=9.0896e-01 epsZ=1.0081e+00 
New pars ( 533): DC=8.1704e+00 r2=1.0253e-02 r3=1.1561e-01 epsV=9.0897e-01 epsZ=1.0081e+00 
New pars ( 534): DC=8.1704e+00 r2=1.0214e-02 r3=1.1543e-01 epsV=9.0850e-01 epsZ=1.0086e+00 
New pars ( 535): DC=8.1704e+00 r2=1.0139e-02 r3=1.1508e-01 epsV=9.0761e-01 epsZ=1.0096e+00 
New pars ( 536): DC=8.1704e+00 r2=1.0144e-02 r3=1.1508e-01 epsV=9.0761e-01 epsZ=1.0096e+00 
New pars ( 537): DC=8.1704e+00 r2=1.0135e-02 r3=1.1508e-01 epsV=9.0761e-01 epsZ=1.0096e+00 
New pars ( 538): DC=8.1704e+00 r2=1.0139e-02 r3=1.1509e-01 epsV=9.0761e-01 epsZ=1.0096e+00 
New pars ( 539): DC=8.1704e+00 r2=1.0139e-02 r3=1.1507e-01 epsV=9.0761e-01 epsZ=1.0096e+00 
New pars ( 540): DC=8.1704e+00 r2=1.0139e-02 r3=1.1508e-01 epsV=9.0762e-01 epsZ=1.0096e+00 
New pars ( 541): DC=8.1704e+00 r2=1.0150e-02 r3=1.1499e-01 epsV=9.0749e-01 epsZ=1.0097e+00 
New pars ( 542): DC=8.1704e+00 r2=1.0152e-02 r3=1.1497e-01 epsV=9.0747e-01 epsZ=1.0097e+00 
New pars ( 543): DC=8.1704e+00 r2=1.0156e-02 r3=1.1497e-01 epsV=9.0747e-01 epsZ=1.0097e+00 
New pars ( 544): DC=8.1704e+00 r2=1.0148e-02 r3=1.1497e-01 epsV=9.0747e-01 epsZ=1.0097e+00 
New pars ( 545): DC=8.1704e+00 r2=1.0152e-02 r3=1.1498e-01 epsV=9.0747e-01 epsZ=1.0097e+00 
New pars ( 546): DC=8.1704e+00 r2=1.0152e-02 r3=1.1496e-01 epsV=9.0747e-01 epsZ=1.0097e+00 
New pars ( 547): DC=8.1704e+00 r2=1.0152e-02 r3=1.1497e-01 epsV=9.0748e-01 epsZ=1.0097e+00 
New pars ( 548): DC=8.1704e+00 r2=1.0149e-02 r3=1.1497e-01 epsV=9.0745e-01 epsZ=1.0097e+00 
New pars ( 549): DC=8.1704e+00 r2=1.0153e-02 r3=1.1497e-01 epsV=9.0745e-01 epsZ=1.0097e+00 
New pars ( 550): DC=8.1704e+00 r2=1.0144e-02 r3=1.1497e-01 epsV=9.0745e-01 epsZ=1.0097e+00 
New pars ( 551): DC=8.1704e+00 r2=1.0149e-02 r3=1.1498e-01 epsV=9.0745e-01 epsZ=1.0097e+00 
New pars ( 552): DC=8.1704e+00 r2=1.0149e-02 r3=1.1496e-01 epsV=9.0745e-01 epsZ=1.0097e+00 
New pars ( 553): DC=8.1704e+00 r2=1.0149e-02 r3=1.1497e-01 epsV=9.0746e-01 epsZ=1.0097e+00 
 PARAMETER NUMBER   4 NOT A VARIABLE. IGNORED.
 THERE ARE NO MINOS ERRORS TO CALCULATE.
New pars ( 554): DC=8.2743e+00 r2=1.1940e-02 r3=1.2285e-01 epsV=9.2844e-01 epsZ=9.8964e-01 
New pars ( 555): DC=8.2744e+00 r2=1.1940e-02 r3=1.2285e-01 epsV=9.2844e-01 epsZ=9.8964e-01 
New pars ( 556): DC=8.2741e+00 r2=1.1940e-02 r3=1.2285e-01 epsV=9.2844e-01 epsZ=9.8964e-01 
New pars ( 557): DC=8.2746e+00 r2=1.1940e-02 r3=1.2285e-01 epsV=9.2844e-01 epsZ=9.8964e-01 
New pars ( 558): DC=8.2739e+00 r2=1.1940e-02 r3=1.2285e-01 epsV=9.2844e-01 epsZ=9.8964e-01 
New pars ( 559): DC=8.2743e+00 r2=1.1940e-02 r3=1.2286e-01 epsV=9.2844e-01 epsZ=9.8964e-01 
New pars ( 560): DC=8.2743e+00 r2=1.1940e-02 r3=1.2284e-01 epsV=9.2844e-01 epsZ=9.8964e-01 
New pars ( 561): DC=8.2743e+00 r2=1.1940e-02 r3=1.2285e-01 epsV=9.2845e-01 epsZ=9.8964e-01 
New pars ( 562): DC=8.2644e+00 r2=1.1940e-02 r3=1.2132e-01 epsV=9.2576e-01 epsZ=9.9069e-01 
New pars ( 563): DC=8.2687e+00 r2=1.1940e-02 r3=1.2198e-01 epsV=9.2692e-01 epsZ=9.9023e-01 
New pars ( 564): DC=8.2690e+00 r2=1.1940e-02 r3=1.2198e-01 epsV=9.2692e-01 epsZ=9.9023e-01 
New pars ( 565): DC=8.2683e+00 r2=1.1940e-02 r3=1.2198e-01 epsV=9.2692e-01 epsZ=9.9023e-01 
New pars ( 566): DC=8.2687e+00 r2=1.1940e-02 r3=1.2199e-01 epsV=9.2692e-01 epsZ=9.9023e-01 
New pars ( 567): DC=8.2687e+00 r2=1.1940e-02 r3=1.2197e-01 epsV=9.2692e-01 epsZ=9.9023e-01 
New pars ( 568): DC=8.2687e+00 r2=1.1940e-02 r3=1.2198e-01 epsV=9.2693e-01 epsZ=9.9023e-01 
New pars ( 569): DC=8.2712e+00 r2=1.1940e-02 r3=1.2239e-01 epsV=9.2725e-01 epsZ=9.9062e-01 
New pars ( 570): DC=8.2724e+00 r2=1.1940e-02 r3=1.2259e-01 epsV=9.2742e-01 epsZ=9.9081e-01 
New pars ( 571): DC=8.2727e+00 r2=1.1940e-02 r3=1.2259e-01 epsV=9.2742e-01 epsZ=9.9081e-01 
New pars ( 572): DC=8.2720e+00 r2=1.1940e-02 r3=1.2259e-01 epsV=9.2742e-01 epsZ=9.9081e-01 
New pars ( 573): DC=8.2724e+00 r2=1.1940e-02 r3=1.2260e-01 epsV=9.2742e-01 epsZ=9.9081e-01 
New pars ( 574): DC=8.2724e+00 r2=1.1940e-02 r3=1.2258e-01 epsV=9.2742e-01 epsZ=9.9081e-01 
New pars ( 575): DC=8.2724e+00 r2=1.1940e-02 r3=1.2259e-01 epsV=9.2743e-01 epsZ=9.9081e-01 
New pars ( 576): DC=8.2727e+00 r2=1.1940e-02 r3=1.2264e-01 epsV=9.2752e-01 epsZ=9.9064e-01 
New pars ( 577): DC=8.2730e+00 r2=1.1940e-02 r3=1.2264e-01 epsV=9.2752e-01 epsZ=9.9064e-01 
New pars ( 578): DC=8.2723e+00 r2=1.1940e-02 r3=1.2264e-01 epsV=9.2752e-01 epsZ=9.9064e-01 
New pars ( 579): DC=8.2727e+00 r2=1.1940e-02 r3=1.2265e-01 epsV=9.2752e-01 epsZ=9.9064e-01 
New pars ( 580): DC=8.2727e+00 r2=1.1940e-02 r3=1.2263e-01 epsV=9.2752e-01 epsZ=9.9064e-01 
New pars ( 581): DC=8.2727e+00 r2=1.1940e-02 r3=1.2264e-01 epsV=9.2753e-01 epsZ=9.9064e-01 
New pars ( 582): DC=8.2727e+00 r2=1.1987e-02 r3=1.2264e-01 epsV=9.2752e-01 epsZ=9.9064e-01 
New pars ( 583): DC=8.2730e+00 r2=1.1987e-02 r3=1.2264e-01 epsV=9.2752e-01 epsZ=9.9064e-01 
New pars ( 584): DC=8.2723e+00 r2=1.1987e-02 r3=1.2264e-01 epsV=9.2752e-01 epsZ=9.9064e-01 
New pars ( 585): DC=8.2727e+00 r2=1.1987e-02 r3=1.2265e-01 epsV=9.2752e-01 epsZ=9.9064e-01 
New pars ( 586): DC=8.2727e+00 r2=1.1987e-02 r3=1.2263e-01 epsV=9.2752e-01 epsZ=9.9064e-01 
New pars ( 587): DC=8.2727e+00 r2=1.1987e-02 r3=1.2264e-01 epsV=9.2753e-01 epsZ=9.9064e-01 
New pars ( 588): DC=8.2742e+00 r2=1.1987e-02 r3=1.2281e-01 epsV=9.2796e-01 epsZ=9.9016e-01 
New pars ( 589): DC=8.2745e+00 r2=1.1987e-02 r3=1.2281e-01 epsV=9.2796e-01 epsZ=9.9016e-01 
New pars ( 590): DC=8.2738e+00 r2=1.1987e-02 r3=1.2281e-01 epsV=9.2796e-01 epsZ=9.9016e-01 
New pars ( 591): DC=8.2742e+00 r2=1.1987e-02 r3=1.2282e-01 epsV=9.2796e-01 epsZ=9.9016e-01 
New pars ( 592): DC=8.2742e+00 r2=1.1987e-02 r3=1.2280e-01 epsV=9.2796e-01 epsZ=9.9016e-01 
New pars ( 593): DC=8.2742e+00 r2=1.1987e-02 r3=1.2281e-01 epsV=9.2797e-01 epsZ=9.9016e-01 
New pars ( 594): DC=8.2741e+00 r2=1.1987e-02 r3=1.2280e-01 epsV=9.2795e-01 epsZ=9.9015e-01 
New pars ( 595): DC=8.2745e+00 r2=1.1987e-02 r3=1.2280e-01 epsV=9.2795e-01 epsZ=9.9015e-01 
New pars ( 596): DC=8.2738e+00 r2=1.1987e-02 r3=1.2280e-01 epsV=9.2795e-01 epsZ=9.9015e-01 
New pars ( 597): DC=8.2741e+00 r2=1.1987e-02 r3=1.2281e-01 epsV=9.2795e-01 epsZ=9.9015e-01 
New pars ( 598): DC=8.2741e+00 r2=1.1987e-02 r3=1.2279e-01 epsV=9.2795e-01 epsZ=9.9015e-01 
New pars ( 599): DC=8.2741e+00 r2=1.1987e-02 r3=1.2280e-01 epsV=9.2796e-01 epsZ=9.9015e-01 
New pars ( 600): DC=8.1998e+00 r2=9.6214e-03 r3=1.1418e-01 epsV=9.0402e-01 epsZ=1.0179e+00 
New pars ( 601): DC=8.2002e+00 r2=9.6214e-03 r3=1.1418e-01 epsV=9.0402e-01 epsZ=1.0179e+00 
New pars ( 602): DC=8.1995e+00 r2=9.6214e-03 r3=1.1418e-01 epsV=9.0402e-01 epsZ=1.0179e+00 
New pars ( 603): DC=8.1998e+00 r2=9.6214e-03 r3=1.1419e-01 epsV=9.0402e-01 epsZ=1.0179e+00 
New pars ( 604): DC=8.1998e+00 r2=9.6214e-03 r3=1.1417e-01 epsV=9.0402e-01 epsZ=1.0179e+00 
New pars ( 605): DC=8.1998e+00 r2=9.6214e-03 r3=1.1418e-01 epsV=9.0403e-01 epsZ=1.0179e+00 
New pars ( 606): DC=8.2138e+00 r2=9.6214e-03 r3=1.1644e-01 epsV=9.0591e-01 epsZ=1.0193e+00 
New pars ( 607): DC=8.2050e+00 r2=9.6214e-03 r3=1.1503e-01 epsV=9.0473e-01 epsZ=1.0185e+00 
New pars ( 608): DC=8.2054e+00 r2=9.6214e-03 r3=1.1503e-01 epsV=9.0473e-01 epsZ=1.0185e+00 
New pars ( 609): DC=8.2047e+00 r2=9.6214e-03 r3=1.1503e-01 epsV=9.0473e-01 epsZ=1.0185e+00 
New pars ( 610): DC=8.2050e+00 r2=9.6214e-03 r3=1.1503e-01 epsV=9.0473e-01 epsZ=1.0185e+00 
New pars ( 611): DC=8.2050e+00 r2=9.6214e-03 r3=1.1502e-01 epsV=9.0473e-01 epsZ=1.0185e+00 
New pars ( 612): DC=8.2050e+00 r2=9.6214e-03 r3=1.1503e-01 epsV=9.0474e-01 epsZ=1.0185e+00 
New pars ( 613): DC=8.2027e+00 r2=9.6214e-03 r3=1.1471e-01 epsV=9.0412e-01 epsZ=1.0189e+00 
New pars ( 614): DC=8.1990e+00 r2=9.6214e-03 r3=1.1419e-01 epsV=9.0313e-01 epsZ=1.0196e+00 
New pars ( 615): DC=8.1993e+00 r2=9.6214e-03 r3=1.1419e-01 epsV=9.0313e-01 epsZ=1.0196e+00 
New pars ( 616): DC=8.1986e+00 r2=9.6214e-03 r3=1.1419e-01 epsV=9.0313e-01 epsZ=1.0196e+00 
New pars ( 617): DC=8.1990e+00 r2=9.6214e-03 r3=1.1420e-01 epsV=9.0313e-01 epsZ=1.0196e+00 
New pars ( 618): DC=8.1990e+00 r2=9.6214e-03 r3=1.1418e-01 epsV=9.0313e-01 epsZ=1.0196e+00 
New pars ( 619): DC=8.1990e+00 r2=9.6214e-03 r3=1.1419e-01 epsV=9.0315e-01 epsZ=1.0196e+00 
New pars ( 620): DC=8.1988e+00 r2=9.6214e-03 r3=1.1405e-01 epsV=9.0302e-01 epsZ=1.0193e+00 
New pars ( 621): DC=8.1987e+00 r2=9.6214e-03 r3=1.1398e-01 epsV=9.0296e-01 epsZ=1.0192e+00 
New pars ( 622): DC=8.1990e+00 r2=9.6214e-03 r3=1.1398e-01 epsV=9.0296e-01 epsZ=1.0192e+00 
New pars ( 623): DC=8.1983e+00 r2=9.6214e-03 r3=1.1398e-01 epsV=9.0296e-01 epsZ=1.0192e+00 
New pars ( 624): DC=8.1987e+00 r2=9.6214e-03 r3=1.1398e-01 epsV=9.0296e-01 epsZ=1.0192e+00 
New pars ( 625): DC=8.1987e+00 r2=9.6214e-03 r3=1.1397e-01 epsV=9.0296e-01 epsZ=1.0192e+00 
New pars ( 626): DC=8.1987e+00 r2=9.6214e-03 r3=1.1398e-01 epsV=9.0297e-01 epsZ=1.0192e+00 
New pars ( 627): DC=8.1981e+00 r2=9.6214e-03 r3=1.1396e-01 epsV=9.0294e-01 epsZ=1.0191e+00 
New pars ( 628): DC=8.1985e+00 r2=9.6214e-03 r3=1.1396e-01 epsV=9.0294e-01 epsZ=1.0191e+00 
New pars ( 629): DC=8.1978e+00 r2=9.6214e-03 r3=1.1396e-01 epsV=9.0294e-01 epsZ=1.0191e+00 
New pars ( 630): DC=8.1981e+00 r2=9.6214e-03 r3=1.1397e-01 epsV=9.0294e-01 epsZ=1.0191e+00 
New pars ( 631): DC=8.1981e+00 r2=9.6214e-03 r3=1.1395e-01 epsV=9.0294e-01 epsZ=1.0191e+00 
New pars ( 632): DC=8.1981e+00 r2=9.6214e-03 r3=1.1396e-01 epsV=9.0295e-01 epsZ=1.0191e+00 
New pars ( 633): DC=8.1981e+00 r2=9.6758e-03 r3=1.1396e-01 epsV=9.0294e-01 epsZ=1.0191e+00 
New pars ( 634): DC=8.1985e+00 r2=9.6758e-03 r3=1.1396e-01 epsV=9.0294e-01 epsZ=1.0191e+00 
New pars ( 635): DC=8.1978e+00 r2=9.6758e-03 r3=1.1396e-01 epsV=9.0294e-01 epsZ=1.0191e+00 
New pars ( 636): DC=8.1981e+00 r2=9.6758e-03 r3=1.1397e-01 epsV=9.0294e-01 epsZ=1.0191e+00 
New pars ( 637): DC=8.1981e+00 r2=9.6758e-03 r3=1.1395e-01 epsV=9.0294e-01 epsZ=1.0191e+00 
New pars ( 638): DC=8.1981e+00 r2=9.6758e-03 r3=1.1396e-01 epsV=9.0295e-01 epsZ=1.0191e+00 
New pars ( 639): DC=8.2000e+00 r2=9.6758e-03 r3=1.1416e-01 epsV=9.0357e-01 epsZ=1.0184e+00 
New pars ( 640): DC=8.2003e+00 r2=9.6758e-03 r3=1.1416e-01 epsV=9.0357e-01 epsZ=1.0184e+00 
New pars ( 641): DC=8.1996e+00 r2=9.6758e-03 r3=1.1416e-01 epsV=9.0357e-01 epsZ=1.0184e+00 
New pars ( 642): DC=8.2000e+00 r2=9.6758e-03 r3=1.1417e-01 epsV=9.0357e-01 epsZ=1.0184e+00 
New pars ( 643): DC=8.2000e+00 r2=9.6758e-03 r3=1.1415e-01 epsV=9.0357e-01 epsZ=1.0184e+00 
New pars ( 644): DC=8.2000e+00 r2=9.6758e-03 r3=1.1416e-01 epsV=9.0358e-01 epsZ=1.0184e+00 
New pars ( 645): DC=8.2000e+00 r2=9.6758e-03 r3=1.1418e-01 epsV=9.0362e-01 epsZ=1.0184e+00 
New pars ( 646): DC=8.2004e+00 r2=9.6758e-03 r3=1.1418e-01 epsV=9.0362e-01 epsZ=1.0184e+00 
New pars ( 647): DC=8.1997e+00 r2=9.6758e-03 r3=1.1418e-01 epsV=9.0362e-01 epsZ=1.0184e+00 
New pars ( 648): DC=8.2000e+00 r2=9.6758e-03 r3=1.1419e-01 epsV=9.0362e-01 epsZ=1.0184e+00 
New pars ( 649): DC=8.2000e+00 r2=9.6758e-03 r3=1.1418e-01 epsV=9.0362e-01 epsZ=1.0184e+00 
New pars ( 650): DC=8.2000e+00 r2=9.6758e-03 r3=1.1418e-01 epsV=9.0363e-01 epsZ=1.0184e+00 
New pars ( 651): DC=8.2774e+00 r2=1.1641e-02 r3=1.2436e-01 epsV=9.2851e-01 epsZ=9.9344e-01 
New pars ( 652): DC=8.2778e+00 r2=1.1641e-02 r3=1.2436e-01 epsV=9.2851e-01 epsZ=9.9344e-01 
New pars ( 653): DC=8.2771e+00 r2=1.1641e-02 r3=1.2436e-01 epsV=9.2851e-01 epsZ=9.9344e-01 
New pars ( 654): DC=8.2774e+00 r2=1.1645e-02 r3=1.2436e-01 epsV=9.2851e-01 epsZ=9.9344e-01 
New pars ( 655): DC=8.2774e+00 r2=1.1637e-02 r3=1.2436e-01 epsV=9.2851e-01 epsZ=9.9344e-01 
New pars ( 656): DC=8.2774e+00 r2=1.1641e-02 r3=1.2436e-01 epsV=9.2852e-01 epsZ=9.9344e-01 
New pars ( 657): DC=8.2721e+00 r2=1.1511e-02 r3=1.2436e-01 epsV=9.2692e-01 epsZ=9.9574e-01 
New pars ( 658): DC=8.2731e+00 r2=1.1536e-02 r3=1.2436e-01 epsV=9.2724e-01 epsZ=9.9529e-01 
New pars ( 659): DC=8.2735e+00 r2=1.1536e-02 r3=1.2436e-01 epsV=9.2724e-01 epsZ=9.9529e-01 
New pars ( 660): DC=8.2728e+00 r2=1.1536e-02 r3=1.2436e-01 epsV=9.2724e-01 epsZ=9.9529e-01 
New pars ( 661): DC=8.2731e+00 r2=1.1541e-02 r3=1.2436e-01 epsV=9.2724e-01 epsZ=9.9529e-01 
New pars ( 662): DC=8.2731e+00 r2=1.1532e-02 r3=1.2436e-01 epsV=9.2724e-01 epsZ=9.9529e-01 
New pars ( 663): DC=8.2731e+00 r2=1.1536e-02 r3=1.2436e-01 epsV=9.2725e-01 epsZ=9.9529e-01 
New pars ( 664): DC=8.2767e+00 r2=1.1633e-02 r3=1.2436e-01 epsV=9.2781e-01 epsZ=9.9412e-01 
New pars ( 665): DC=8.2775e+00 r2=1.1652e-02 r3=1.2436e-01 epsV=9.2793e-01 epsZ=9.9389e-01 
New pars ( 666): DC=8.2778e+00 r2=1.1652e-02 r3=1.2436e-01 epsV=9.2793e-01 epsZ=9.9389e-01 
New pars ( 667): DC=8.2771e+00 r2=1.1652e-02 r3=1.2436e-01 epsV=9.2793e-01 epsZ=9.9389e-01 
New pars ( 668): DC=8.2775e+00 r2=1.1657e-02 r3=1.2436e-01 epsV=9.2793e-01 epsZ=9.9389e-01 
New pars ( 669): DC=8.2775e+00 r2=1.1648e-02 r3=1.2436e-01 epsV=9.2793e-01 epsZ=9.9389e-01 
New pars ( 670): DC=8.2775e+00 r2=1.1652e-02 r3=1.2436e-01 epsV=9.2794e-01 epsZ=9.9389e-01 
New pars ( 671): DC=8.2776e+00 r2=1.1661e-02 r3=1.2436e-01 epsV=9.2792e-01 epsZ=9.9395e-01 
New pars ( 672): DC=8.2779e+00 r2=1.1661e-02 r3=1.2436e-01 epsV=9.2792e-01 epsZ=9.9395e-01 
New pars ( 673): DC=8.2772e+00 r2=1.1661e-02 r3=1.2436e-01 epsV=9.2792e-01 epsZ=9.9395e-01 
New pars ( 674): DC=8.2776e+00 r2=1.1666e-02 r3=1.2436e-01 epsV=9.2792e-01 epsZ=9.9395e-01 
New pars ( 675): DC=8.2776e+00 r2=1.1656e-02 r3=1.2436e-01 epsV=9.2792e-01 epsZ=9.9395e-01 
New pars ( 676): DC=8.2776e+00 r2=1.1661e-02 r3=1.2436e-01 epsV=9.2793e-01 epsZ=9.9395e-01 
New pars ( 677): DC=8.2775e+00 r2=1.1662e-02 r3=1.2436e-01 epsV=9.2793e-01 epsZ=9.9393e-01 
New pars ( 678): DC=8.2778e+00 r2=1.1662e-02 r3=1.2436e-01 epsV=9.2793e-01 epsZ=9.9393e-01 
New pars ( 679): DC=8.2771e+00 r2=1.1662e-02 r3=1.2436e-01 epsV=9.2793e-01 epsZ=9.9393e-01 
New pars ( 680): DC=8.2775e+00 r2=1.1667e-02 r3=1.2436e-01 epsV=9.2793e-01 epsZ=9.9393e-01 
New pars ( 681): DC=8.2775e+00 r2=1.1657e-02 r3=1.2436e-01 epsV=9.2793e-01 epsZ=9.9393e-01 
New pars ( 682): DC=8.2775e+00 r2=1.1662e-02 r3=1.2436e-01 epsV=9.2794e-01 epsZ=9.9393e-01 
New pars ( 683): DC=8.1967e+00 r2=9.9201e-03 r3=1.1268e-01 epsV=9.0395e-01 epsZ=1.0141e+00 
New pars ( 684): DC=8.1970e+00 r2=9.9201e-03 r3=1.1268e-01 epsV=9.0395e-01 epsZ=1.0141e+00 
New pars ( 685): DC=8.1963e+00 r2=9.9201e-03 r3=1.1268e-01 epsV=9.0395e-01 epsZ=1.0141e+00 
New pars ( 686): DC=8.1967e+00 r2=9.9249e-03 r3=1.1268e-01 epsV=9.0395e-01 epsZ=1.0141e+00 
New pars ( 687): DC=8.1967e+00 r2=9.9153e-03 r3=1.1268e-01 epsV=9.0395e-01 epsZ=1.0141e+00 
New pars ( 688): DC=8.1967e+00 r2=9.9201e-03 r3=1.1268e-01 epsV=9.0396e-01 epsZ=1.0141e+00 
New pars ( 689): DC=8.2070e+00 r2=1.0268e-02 r3=1.1268e-01 epsV=9.0523e-01 epsZ=1.0112e+00 
New pars ( 690): DC=8.2033e+00 r2=1.0145e-02 r3=1.1268e-01 epsV=9.0477e-01 epsZ=1.0122e+00 
New pars ( 691): DC=8.2037e+00 r2=1.0145e-02 r3=1.1268e-01 epsV=9.0477e-01 epsZ=1.0122e+00 
New pars ( 692): DC=8.2030e+00 r2=1.0145e-02 r3=1.1268e-01 epsV=9.0477e-01 epsZ=1.0122e+00 
New pars ( 693): DC=8.2033e+00 r2=1.0149e-02 r3=1.1268e-01 epsV=9.0477e-01 epsZ=1.0122e+00 
New pars ( 694): DC=8.2033e+00 r2=1.0141e-02 r3=1.1268e-01 epsV=9.0477e-01 epsZ=1.0122e+00 
New pars ( 695): DC=8.2033e+00 r2=1.0145e-02 r3=1.1268e-01 epsV=9.0478e-01 epsZ=1.0122e+00 
New pars ( 696): DC=8.2009e+00 r2=1.0016e-02 r3=1.1268e-01 epsV=9.0397e-01 epsZ=1.0135e+00 
New pars ( 697): DC=8.1999e+00 r2=9.9628e-03 r3=1.1268e-01 epsV=9.0364e-01 epsZ=1.0141e+00 
New pars ( 698): DC=8.2003e+00 r2=9.9628e-03 r3=1.1268e-01 epsV=9.0364e-01 epsZ=1.0141e+00 
New pars ( 699): DC=8.1996e+00 r2=9.9628e-03 r3=1.1268e-01 epsV=9.0364e-01 epsZ=1.0141e+00 
New pars ( 700): DC=8.1999e+00 r2=9.9671e-03 r3=1.1268e-01 epsV=9.0364e-01 epsZ=1.0141e+00 
New pars ( 701): DC=8.1999e+00 r2=9.9586e-03 r3=1.1268e-01 epsV=9.0364e-01 epsZ=1.0141e+00 
New pars ( 702): DC=8.1999e+00 r2=9.9628e-03 r3=1.1268e-01 epsV=9.0365e-01 epsZ=1.0141e+00 
New pars ( 703): DC=8.1966e+00 r2=9.9505e-03 r3=1.1268e-01 epsV=9.0342e-01 epsZ=1.0144e+00 
New pars ( 704): DC=8.1962e+00 r2=9.9487e-03 r3=1.1268e-01 epsV=9.0338e-01 epsZ=1.0145e+00 
New pars ( 705): DC=8.1965e+00 r2=9.9487e-03 r3=1.1268e-01 epsV=9.0338e-01 epsZ=1.0145e+00 
New pars ( 706): DC=8.1958e+00 r2=9.9487e-03 r3=1.1268e-01 epsV=9.0338e-01 epsZ=1.0145e+00 
New pars ( 707): DC=8.1962e+00 r2=9.9529e-03 r3=1.1268e-01 epsV=9.0338e-01 epsZ=1.0145e+00 
New pars ( 708): DC=8.1962e+00 r2=9.9445e-03 r3=1.1268e-01 epsV=9.0338e-01 epsZ=1.0145e+00 
New pars ( 709): DC=8.1962e+00 r2=9.9487e-03 r3=1.1268e-01 epsV=9.0340e-01 epsZ=1.0145e+00 
New pars ( 710): DC=8.1966e+00 r2=9.9449e-03 r3=1.1268e-01 epsV=9.0334e-01 epsZ=1.0146e+00 
New pars ( 711): DC=8.1967e+00 r2=9.9438e-03 r3=1.1268e-01 epsV=9.0333e-01 epsZ=1.0146e+00 
New pars ( 712): DC=8.1971e+00 r2=9.9438e-03 r3=1.1268e-01 epsV=9.0333e-01 epsZ=1.0146e+00 
New pars ( 713): DC=8.1963e+00 r2=9.9438e-03 r3=1.1268e-01 epsV=9.0333e-01 epsZ=1.0146e+00 
New pars ( 714): DC=8.1967e+00 r2=9.9480e-03 r3=1.1268e-01 epsV=9.0333e-01 epsZ=1.0146e+00 
New pars ( 715): DC=8.1967e+00 r2=9.9396e-03 r3=1.1268e-01 epsV=9.0333e-01 epsZ=1.0146e+00 
New pars ( 716): DC=8.1967e+00 r2=9.9438e-03 r3=1.1268e-01 epsV=9.0334e-01 epsZ=1.0146e+00 
 PARAMETER NUMBER   7 NOT A VARIABLE. IGNORED.
 THERE ARE NO MINOS ERRORS TO CALCULATE.
 PARAMETER NUMBER   8 NOT A VARIABLE. IGNORED.
 THERE ARE NO MINOS ERRORS TO CALCULATE.
 PARAMETER NUMBER   9 NOT A VARIABLE. IGNORED.
 THERE ARE NO MINOS ERRORS TO CALCULATE.
 PARAMETER NUMBER  10 NOT A VARIABLE. IGNORED.
 THERE ARE NO MINOS ERRORS TO CALCULATE.
New pars ( 717): DC=8.2797e+00 r2=1.1844e-02 r3=1.2391e-01 epsV=9.2954e-01 epsZ=9.8998e-01 
New pars ( 718): DC=8.2801e+00 r2=1.1844e-02 r3=1.2391e-01 epsV=9.2954e-01 epsZ=9.8998e-01 
New pars ( 719): DC=8.2794e+00 r2=1.1844e-02 r3=1.2391e-01 epsV=9.2954e-01 epsZ=9.8998e-01 
New pars ( 720): DC=8.2797e+00 r2=1.1848e-02 r3=1.2391e-01 epsV=9.2954e-01 epsZ=9.8998e-01 
New pars ( 721): DC=8.2797e+00 r2=1.1840e-02 r3=1.2391e-01 epsV=9.2954e-01 epsZ=9.8998e-01 
New pars ( 722): DC=8.2797e+00 r2=1.1844e-02 r3=1.2391e-01 epsV=9.2954e-01 epsZ=9.8998e-01 
New pars ( 723): DC=8.2797e+00 r2=1.1844e-02 r3=1.2390e-01 epsV=9.2954e-01 epsZ=9.8998e-01 
New pars ( 724): DC=8.2797e+00 r2=1.1844e-02 r3=1.2391e-01 epsV=9.2954e-01 epsZ=9.9001e-01 
New pars ( 725): DC=8.2788e+00 r2=1.1979e-02 r3=1.2369e-01 epsV=9.2954e-01 epsZ=9.8841e-01 
New pars ( 726): DC=8.2789e+00 r2=1.1969e-02 r3=1.2370e-01 epsV=9.2954e-01 epsZ=9.8853e-01 
New pars ( 727): DC=8.2792e+00 r2=1.1969e-02 r3=1.2370e-01 epsV=9.2954e-01 epsZ=9.8853e-01 
New pars ( 728): DC=8.2785e+00 r2=1.1969e-02 r3=1.2370e-01 epsV=9.2954e-01 epsZ=9.8853e-01 
New pars ( 729): DC=8.2789e+00 r2=1.1974e-02 r3=1.2370e-01 epsV=9.2954e-01 epsZ=9.8853e-01 
New pars ( 730): DC=8.2789e+00 r2=1.1964e-02 r3=1.2370e-01 epsV=9.2954e-01 epsZ=9.8853e-01 
New pars ( 731): DC=8.2789e+00 r2=1.1969e-02 r3=1.2371e-01 epsV=9.2954e-01 epsZ=9.8853e-01 
New pars ( 732): DC=8.2789e+00 r2=1.1969e-02 r3=1.2369e-01 epsV=9.2954e-01 epsZ=9.8853e-01 
New pars ( 733): DC=8.2789e+00 r2=1.1969e-02 r3=1.2370e-01 epsV=9.2954e-01 epsZ=9.8856e-01 
New pars ( 734): DC=8.2814e+00 r2=1.1960e-02 r3=1.2404e-01 epsV=9.2954e-01 epsZ=9.8966e-01 
New pars ( 735): DC=8.2817e+00 r2=1.1959e-02 r3=1.2408e-01 epsV=9.2954e-01 epsZ=9.8979e-01 
New pars ( 736): DC=8.2820e+00 r2=1.1959e-02 r3=1.2408e-01 epsV=9.2954e-01 epsZ=9.8979e-01 
New pars ( 737): DC=8.2813e+00 r2=1.1959e-02 r3=1.2408e-01 epsV=9.2954e-01 epsZ=9.8979e-01 
New pars ( 738): DC=8.2817e+00 r2=1.1964e-02 r3=1.2408e-01 epsV=9.2954e-01 epsZ=9.8979e-01 
New pars ( 739): DC=8.2817e+00 r2=1.1954e-02 r3=1.2408e-01 epsV=9.2954e-01 epsZ=9.8979e-01 
New pars ( 740): DC=8.2817e+00 r2=1.1959e-02 r3=1.2408e-01 epsV=9.2954e-01 epsZ=9.8979e-01 
New pars ( 741): DC=8.2817e+00 r2=1.1959e-02 r3=1.2407e-01 epsV=9.2954e-01 epsZ=9.8979e-01 
New pars ( 742): DC=8.2817e+00 r2=1.1959e-02 r3=1.2408e-01 epsV=9.2954e-01 epsZ=9.8982e-01 
New pars ( 743): DC=8.2817e+00 r2=1.1951e-02 r3=1.2410e-01 epsV=9.2954e-01 epsZ=9.8983e-01 
New pars ( 744): DC=8.2817e+00 r2=1.1949e-02 r3=1.2411e-01 epsV=9.2954e-01 epsZ=9.8983e-01 
New pars ( 745): DC=8.2820e+00 r2=1.1949e-02 r3=1.2411e-01 epsV=9.2954e-01 epsZ=9.8983e-01 
New pars ( 746): DC=8.2813e+00 r2=1.1949e-02 r3=1.2411e-01 epsV=9.2954e-01 epsZ=9.8983e-01 
New pars ( 747): DC=8.2817e+00 r2=1.1954e-02 r3=1.2411e-01 epsV=9.2954e-01 epsZ=9.8983e-01 
New pars ( 748): DC=8.2817e+00 r2=1.1944e-02 r3=1.2411e-01 epsV=9.2954e-01 epsZ=9.8983e-01 
New pars ( 749): DC=8.2817e+00 r2=1.1949e-02 r3=1.2412e-01 epsV=9.2954e-01 epsZ=9.8983e-01 
New pars ( 750): DC=8.2817e+00 r2=1.1949e-02 r3=1.2410e-01 epsV=9.2954e-01 epsZ=9.8983e-01 
New pars ( 751): DC=8.2817e+00 r2=1.1949e-02 r3=1.2411e-01 epsV=9.2954e-01 epsZ=9.8986e-01 
New pars ( 752): DC=8.2820e+00 r2=1.1949e-02 r3=1.2411e-01 epsV=9.2889e-01 epsZ=9.8983e-01 
New pars ( 753): DC=8.2813e+00 r2=1.1949e-02 r3=1.2411e-01 epsV=9.2889e-01 epsZ=9.8983e-01 
New pars ( 754): DC=8.2817e+00 r2=1.1954e-02 r3=1.2411e-01 epsV=9.2889e-01 epsZ=9.8983e-01 
New pars ( 755): DC=8.2817e+00 r2=1.1944e-02 r3=1.2411e-01 epsV=9.2889e-01 epsZ=9.8983e-01 
New pars ( 756): DC=8.2817e+00 r2=1.1949e-02 r3=1.2412e-01 epsV=9.2889e-01 epsZ=9.8983e-01 
New pars ( 757): DC=8.2817e+00 r2=1.1949e-02 r3=1.2410e-01 epsV=9.2889e-01 epsZ=9.8983e-01 
New pars ( 758): DC=8.2817e+00 r2=1.1949e-02 r3=1.2411e-01 epsV=9.2889e-01 epsZ=9.8986e-01 
New pars ( 759): DC=8.2797e+00 r2=1.1890e-02 r3=1.2381e-01 epsV=9.2889e-01 epsZ=9.9051e-01 
New pars ( 760): DC=8.2801e+00 r2=1.1890e-02 r3=1.2381e-01 epsV=9.2889e-01 epsZ=9.9051e-01 
New pars ( 761): DC=8.2794e+00 r2=1.1890e-02 r3=1.2381e-01 epsV=9.2889e-01 epsZ=9.9051e-01 
New pars ( 762): DC=8.2797e+00 r2=1.1895e-02 r3=1.2381e-01 epsV=9.2889e-01 epsZ=9.9051e-01 
New pars ( 763): DC=8.2797e+00 r2=1.1885e-02 r3=1.2381e-01 epsV=9.2889e-01 epsZ=9.9051e-01 
New pars ( 764): DC=8.2797e+00 r2=1.1890e-02 r3=1.2382e-01 epsV=9.2889e-01 epsZ=9.9051e-01 
New pars ( 765): DC=8.2797e+00 r2=1.1890e-02 r3=1.2380e-01 epsV=9.2889e-01 epsZ=9.9051e-01 
New pars ( 766): DC=8.2797e+00 r2=1.1890e-02 r3=1.2381e-01 epsV=9.2889e-01 epsZ=9.9054e-01 
New pars ( 767): DC=8.2795e+00 r2=1.1887e-02 r3=1.2382e-01 epsV=9.2889e-01 epsZ=9.9052e-01 
New pars ( 768): DC=8.2798e+00 r2=1.1887e-02 r3=1.2382e-01 epsV=9.2889e-01 epsZ=9.9052e-01 
New pars ( 769): DC=8.2791e+00 r2=1.1887e-02 r3=1.2382e-01 epsV=9.2889e-01 epsZ=9.9052e-01 
New pars ( 770): DC=8.2795e+00 r2=1.1892e-02 r3=1.2382e-01 epsV=9.2889e-01 epsZ=9.9052e-01 
New pars ( 771): DC=8.2795e+00 r2=1.1882e-02 r3=1.2382e-01 epsV=9.2889e-01 epsZ=9.9052e-01 
New pars ( 772): DC=8.2795e+00 r2=1.1887e-02 r3=1.2383e-01 epsV=9.2889e-01 epsZ=9.9052e-01 
New pars ( 773): DC=8.2795e+00 r2=1.1887e-02 r3=1.2382e-01 epsV=9.2889e-01 epsZ=9.9052e-01 
New pars ( 774): DC=8.2795e+00 r2=1.1887e-02 r3=1.2382e-01 epsV=9.2889e-01 epsZ=9.9055e-01 
New pars ( 775): DC=8.1944e+00 r2=9.7169e-03 r3=1.1313e-01 epsV=9.0292e-01 epsZ=1.0176e+00 
New pars ( 776): DC=8.1947e+00 r2=9.7169e-03 r3=1.1313e-01 epsV=9.0292e-01 epsZ=1.0176e+00 
New pars ( 777): DC=8.1940e+00 r2=9.7169e-03 r3=1.1313e-01 epsV=9.0292e-01 epsZ=1.0176e+00 
New pars ( 778): DC=8.1944e+00 r2=9.7217e-03 r3=1.1313e-01 epsV=9.0292e-01 epsZ=1.0176e+00 
New pars ( 779): DC=8.1944e+00 r2=9.7121e-03 r3=1.1313e-01 epsV=9.0292e-01 epsZ=1.0176e+00 
New pars ( 780): DC=8.1944e+00 r2=9.7169e-03 r3=1.1314e-01 epsV=9.0292e-01 epsZ=1.0176e+00 
New pars ( 781): DC=8.1944e+00 r2=9.7169e-03 r3=1.1312e-01 epsV=9.0292e-01 epsZ=1.0176e+00 
New pars ( 782): DC=8.1944e+00 r2=9.7169e-03 r3=1.1313e-01 epsV=9.0292e-01 epsZ=1.0176e+00 
New pars ( 783): DC=8.2020e+00 r2=9.7466e-03 r3=1.1418e-01 epsV=9.0292e-01 epsZ=1.0201e+00 
New pars ( 784): DC=8.1989e+00 r2=9.7344e-03 r3=1.1374e-01 epsV=9.0292e-01 epsZ=1.0191e+00 
New pars ( 785): DC=8.1992e+00 r2=9.7344e-03 r3=1.1374e-01 epsV=9.0292e-01 epsZ=1.0191e+00 
New pars ( 786): DC=8.1985e+00 r2=9.7344e-03 r3=1.1374e-01 epsV=9.0292e-01 epsZ=1.0191e+00 
New pars ( 787): DC=8.1989e+00 r2=9.7385e-03 r3=1.1374e-01 epsV=9.0292e-01 epsZ=1.0191e+00 
New pars ( 788): DC=8.1989e+00 r2=9.7302e-03 r3=1.1374e-01 epsV=9.0292e-01 epsZ=1.0191e+00 
New pars ( 789): DC=8.1989e+00 r2=9.7344e-03 r3=1.1375e-01 epsV=9.0292e-01 epsZ=1.0191e+00 
New pars ( 790): DC=8.1989e+00 r2=9.7344e-03 r3=1.1374e-01 epsV=9.0292e-01 epsZ=1.0191e+00 
New pars ( 791): DC=8.1989e+00 r2=9.7344e-03 r3=1.1374e-01 epsV=9.0292e-01 epsZ=1.0191e+00 
New pars ( 792): DC=8.1972e+00 r2=9.8070e-03 r3=1.1343e-01 epsV=9.0292e-01 epsZ=1.0181e+00 
New pars ( 793): DC=8.1969e+00 r2=9.8190e-03 r3=1.1338e-01 epsV=9.0292e-01 epsZ=1.0179e+00 
New pars ( 794): DC=8.1973e+00 r2=9.8190e-03 r3=1.1338e-01 epsV=9.0292e-01 epsZ=1.0179e+00 
New pars ( 795): DC=8.1966e+00 r2=9.8190e-03 r3=1.1338e-01 epsV=9.0292e-01 epsZ=1.0179e+00 
New pars ( 796): DC=8.1969e+00 r2=9.8232e-03 r3=1.1338e-01 epsV=9.0292e-01 epsZ=1.0179e+00 
New pars ( 797): DC=8.1969e+00 r2=9.8148e-03 r3=1.1338e-01 epsV=9.0292e-01 epsZ=1.0179e+00 
New pars ( 798): DC=8.1969e+00 r2=9.8190e-03 r3=1.1339e-01 epsV=9.0292e-01 epsZ=1.0179e+00 
New pars ( 799): DC=8.1969e+00 r2=9.8190e-03 r3=1.1337e-01 epsV=9.0292e-01 epsZ=1.0179e+00 
New pars ( 800): DC=8.1969e+00 r2=9.8190e-03 r3=1.1338e-01 epsV=9.0292e-01 epsZ=1.0179e+00 
New pars ( 801): DC=8.1965e+00 r2=9.8097e-03 r3=1.1333e-01 epsV=9.0292e-01 epsZ=1.0176e+00 
New pars ( 802): DC=8.1964e+00 r2=9.8060e-03 r3=1.1332e-01 epsV=9.0292e-01 epsZ=1.0175e+00 
New pars ( 803): DC=8.1967e+00 r2=9.8060e-03 r3=1.1332e-01 epsV=9.0292e-01 epsZ=1.0175e+00 
New pars ( 804): DC=8.1960e+00 r2=9.8060e-03 r3=1.1332e-01 epsV=9.0292e-01 epsZ=1.0175e+00 
New pars ( 805): DC=8.1964e+00 r2=9.8102e-03 r3=1.1332e-01 epsV=9.0292e-01 epsZ=1.0175e+00 
New pars ( 806): DC=8.1964e+00 r2=9.8018e-03 r3=1.1332e-01 epsV=9.0292e-01 epsZ=1.0175e+00 
New pars ( 807): DC=8.1964e+00 r2=9.8060e-03 r3=1.1332e-01 epsV=9.0292e-01 epsZ=1.0175e+00 
New pars ( 808): DC=8.1964e+00 r2=9.8060e-03 r3=1.1331e-01 epsV=9.0292e-01 epsZ=1.0175e+00 
New pars ( 809): DC=8.1964e+00 r2=9.8060e-03 r3=1.1332e-01 epsV=9.0292e-01 epsZ=1.0175e+00 
New pars ( 810): DC=8.1962e+00 r2=9.8062e-03 r3=1.1332e-01 epsV=9.0292e-01 epsZ=1.0175e+00 
New pars ( 811): DC=8.1966e+00 r2=9.8062e-03 r3=1.1332e-01 epsV=9.0292e-01 epsZ=1.0175e+00 
New pars ( 812): DC=8.1958e+00 r2=9.8062e-03 r3=1.1332e-01 epsV=9.0292e-01 epsZ=1.0175e+00 
New pars ( 813): DC=8.1962e+00 r2=9.8104e-03 r3=1.1332e-01 epsV=9.0292e-01 epsZ=1.0175e+00 
New pars ( 814): DC=8.1962e+00 r2=9.8021e-03 r3=1.1332e-01 epsV=9.0292e-01 epsZ=1.0175e+00 
New pars ( 815): DC=8.1962e+00 r2=9.8062e-03 r3=1.1332e-01 epsV=9.0292e-01 epsZ=1.0175e+00 
New pars ( 816): DC=8.1962e+00 r2=9.8062e-03 r3=1.1331e-01 epsV=9.0292e-01 epsZ=1.0175e+00 
New pars ( 817): DC=8.1962e+00 r2=9.8062e-03 r3=1.1332e-01 epsV=9.0292e-01 epsZ=1.0175e+00 
New pars ( 818): DC=8.1966e+00 r2=9.8062e-03 r3=1.1332e-01 epsV=9.0234e-01 epsZ=1.0175e+00 
New pars ( 819): DC=8.1958e+00 r2=9.8062e-03 r3=1.1332e-01 epsV=9.0234e-01 epsZ=1.0175e+00 
New pars ( 820): DC=8.1962e+00 r2=9.8104e-03 r3=1.1332e-01 epsV=9.0234e-01 epsZ=1.0175e+00 
New pars ( 821): DC=8.1962e+00 r2=9.8021e-03 r3=1.1332e-01 epsV=9.0234e-01 epsZ=1.0175e+00 
New pars ( 822): DC=8.1962e+00 r2=9.8062e-03 r3=1.1332e-01 epsV=9.0234e-01 epsZ=1.0175e+00 
New pars ( 823): DC=8.1962e+00 r2=9.8062e-03 r3=1.1331e-01 epsV=9.0234e-01 epsZ=1.0175e+00 
New pars ( 824): DC=8.1962e+00 r2=9.8062e-03 r3=1.1332e-01 epsV=9.0234e-01 epsZ=1.0175e+00 
New pars ( 825): DC=8.1945e+00 r2=9.7723e-03 r3=1.1306e-01 epsV=9.0234e-01 epsZ=1.0180e+00 
New pars ( 826): DC=8.1949e+00 r2=9.7723e-03 r3=1.1306e-01 epsV=9.0234e-01 epsZ=1.0180e+00 
New pars ( 827): DC=8.1941e+00 r2=9.7723e-03 r3=1.1306e-01 epsV=9.0234e-01 epsZ=1.0180e+00 
New pars ( 828): DC=8.1945e+00 r2=9.7765e-03 r3=1.1306e-01 epsV=9.0234e-01 epsZ=1.0180e+00 
New pars ( 829): DC=8.1945e+00 r2=9.7682e-03 r3=1.1306e-01 epsV=9.0234e-01 epsZ=1.0180e+00 
New pars ( 830): DC=8.1945e+00 r2=9.7723e-03 r3=1.1307e-01 epsV=9.0234e-01 epsZ=1.0180e+00 
New pars ( 831): DC=8.1945e+00 r2=9.7723e-03 r3=1.1306e-01 epsV=9.0234e-01 epsZ=1.0180e+00 
New pars ( 832): DC=8.1945e+00 r2=9.7723e-03 r3=1.1306e-01 epsV=9.0234e-01 epsZ=1.0180e+00 
New pars ( 833): DC=8.1945e+00 r2=9.7675e-03 r3=1.1310e-01 epsV=9.0234e-01 epsZ=1.0181e+00 
New pars ( 834): DC=8.1949e+00 r2=9.7675e-03 r3=1.1310e-01 epsV=9.0234e-01 epsZ=1.0181e+00 
New pars ( 835): DC=8.1941e+00 r2=9.7675e-03 r3=1.1310e-01 epsV=9.0234e-01 epsZ=1.0181e+00 
New pars ( 836): DC=8.1945e+00 r2=9.7716e-03 r3=1.1310e-01 epsV=9.0234e-01 epsZ=1.0181e+00 
New pars ( 837): DC=8.1945e+00 r2=9.7633e-03 r3=1.1310e-01 epsV=9.0234e-01 epsZ=1.0181e+00 
New pars ( 838): DC=8.1945e+00 r2=9.7675e-03 r3=1.1311e-01 epsV=9.0234e-01 epsZ=1.0181e+00 
New pars ( 839): DC=8.1945e+00 r2=9.7675e-03 r3=1.1309e-01 epsV=9.0234e-01 epsZ=1.0181e+00 
New pars ( 840): DC=8.1945e+00 r2=9.7675e-03 r3=1.1310e-01 epsV=9.0234e-01 epsZ=1.0181e+00 
 PARAMETER NUMBER  12 NOT A VARIABLE. IGNORED.
 THERE ARE NO MINOS ERRORS TO CALCULATE.
 PARAMETER NUMBER  13 NOT A VARIABLE. IGNORED.
 THERE ARE NO MINOS ERRORS TO CALCULATE.
 PARAMETER NUMBER  14 NOT A VARIABLE. IGNORED.
 THERE ARE NO MINOS ERRORS TO CALCULATE.
New pars ( 841): DC=8.2126e+00 r2=9.7390e-03 r3=1.1468e-01 epsV=9.0456e-01 epsZ=1.0195e+00 
New pars ( 842): DC=8.2130e+00 r2=9.7390e-03 r3=1.1468e-01 epsV=9.0456e-01 epsZ=1.0195e+00 
New pars ( 843): DC=8.2123e+00 r2=9.7390e-03 r3=1.1468e-01 epsV=9.0456e-01 epsZ=1.0195e+00 
New pars ( 844): DC=8.2126e+00 r2=9.7432e-03 r3=1.1468e-01 epsV=9.0456e-01 epsZ=1.0195e+00 
New pars ( 845): DC=8.2126e+00 r2=9.7348e-03 r3=1.1468e-01 epsV=9.0456e-01 epsZ=1.0195e+00 
New pars ( 846): DC=8.2126e+00 r2=9.7390e-03 r3=1.1468e-01 epsV=9.0456e-01 epsZ=1.0195e+00 
New pars ( 847): DC=8.2126e+00 r2=9.7390e-03 r3=1.1467e-01 epsV=9.0456e-01 epsZ=1.0195e+00 
New pars ( 848): DC=8.2126e+00 r2=9.7390e-03 r3=1.1468e-01 epsV=9.0457e-01 epsZ=1.0195e+00 
New pars ( 849): DC=8.2249e+00 r2=9.9094e-03 r3=1.1594e-01 epsV=9.0628e-01 epsZ=1.0195e+00 
New pars ( 850): DC=8.2195e+00 r2=9.8352e-03 r3=1.1539e-01 epsV=9.0553e-01 epsZ=1.0195e+00 
New pars ( 851): DC=8.2199e+00 r2=9.8352e-03 r3=1.1539e-01 epsV=9.0553e-01 epsZ=1.0195e+00 
New pars ( 852): DC=8.2192e+00 r2=9.8352e-03 r3=1.1539e-01 epsV=9.0553e-01 epsZ=1.0195e+00 
New pars ( 853): DC=8.2195e+00 r2=9.8395e-03 r3=1.1539e-01 epsV=9.0553e-01 epsZ=1.0195e+00 
New pars ( 854): DC=8.2195e+00 r2=9.8310e-03 r3=1.1539e-01 epsV=9.0553e-01 epsZ=1.0195e+00 
New pars ( 855): DC=8.2195e+00 r2=9.8352e-03 r3=1.1540e-01 epsV=9.0553e-01 epsZ=1.0195e+00 
New pars ( 856): DC=8.2195e+00 r2=9.8352e-03 r3=1.1538e-01 epsV=9.0553e-01 epsZ=1.0195e+00 
New pars ( 857): DC=8.2195e+00 r2=9.8352e-03 r3=1.1539e-01 epsV=9.0554e-01 epsZ=1.0195e+00 
New pars ( 858): DC=8.2155e+00 r2=9.8278e-03 r3=1.1496e-01 epsV=9.0486e-01 epsZ=1.0195e+00 
New pars ( 859): DC=8.2131e+00 r2=9.8233e-03 r3=1.1470e-01 epsV=9.0447e-01 epsZ=1.0195e+00 
New pars ( 860): DC=8.2135e+00 r2=9.8233e-03 r3=1.1470e-01 epsV=9.0447e-01 epsZ=1.0195e+00 
New pars ( 861): DC=8.2128e+00 r2=9.8233e-03 r3=1.1470e-01 epsV=9.0447e-01 epsZ=1.0195e+00 
New pars ( 862): DC=8.2131e+00 r2=9.8276e-03 r3=1.1470e-01 epsV=9.0447e-01 epsZ=1.0195e+00 
New pars ( 863): DC=8.2131e+00 r2=9.8191e-03 r3=1.1470e-01 epsV=9.0447e-01 epsZ=1.0195e+00 
New pars ( 864): DC=8.2131e+00 r2=9.8233e-03 r3=1.1471e-01 epsV=9.0447e-01 epsZ=1.0195e+00 
New pars ( 865): DC=8.2131e+00 r2=9.8233e-03 r3=1.1469e-01 epsV=9.0447e-01 epsZ=1.0195e+00 
New pars ( 866): DC=8.2131e+00 r2=9.8233e-03 r3=1.1470e-01 epsV=9.0448e-01 epsZ=1.0195e+00 
New pars ( 867): DC=8.2124e+00 r2=9.8059e-03 r3=1.1466e-01 epsV=9.0435e-01 epsZ=1.0195e+00 
New pars ( 868): DC=8.2128e+00 r2=9.8059e-03 r3=1.1466e-01 epsV=9.0435e-01 epsZ=1.0195e+00 
New pars ( 869): DC=8.2121e+00 r2=9.8059e-03 r3=1.1466e-01 epsV=9.0435e-01 epsZ=1.0195e+00 
New pars ( 870): DC=8.2124e+00 r2=9.8101e-03 r3=1.1466e-01 epsV=9.0435e-01 epsZ=1.0195e+00 
New pars ( 871): DC=8.2124e+00 r2=9.8017e-03 r3=1.1466e-01 epsV=9.0435e-01 epsZ=1.0195e+00 
New pars ( 872): DC=8.2124e+00 r2=9.8059e-03 r3=1.1466e-01 epsV=9.0435e-01 epsZ=1.0195e+00 
New pars ( 873): DC=8.2124e+00 r2=9.8059e-03 r3=1.1465e-01 epsV=9.0435e-01 epsZ=1.0195e+00 
New pars ( 874): DC=8.2124e+00 r2=9.8059e-03 r3=1.1466e-01 epsV=9.0436e-01 epsZ=1.0195e+00 
New pars ( 875): DC=8.2128e+00 r2=9.8059e-03 r3=1.1466e-01 epsV=9.0435e-01 epsZ=1.0200e+00 
New pars ( 876): DC=8.2121e+00 r2=9.8059e-03 r3=1.1466e-01 epsV=9.0435e-01 epsZ=1.0200e+00 
New pars ( 877): DC=8.2124e+00 r2=9.8101e-03 r3=1.1466e-01 epsV=9.0435e-01 epsZ=1.0200e+00 
New pars ( 878): DC=8.2124e+00 r2=9.8017e-03 r3=1.1466e-01 epsV=9.0435e-01 epsZ=1.0200e+00 
New pars ( 879): DC=8.2124e+00 r2=9.8059e-03 r3=1.1466e-01 epsV=9.0435e-01 epsZ=1.0200e+00 
New pars ( 880): DC=8.2124e+00 r2=9.8059e-03 r3=1.1465e-01 epsV=9.0435e-01 epsZ=1.0200e+00 
New pars ( 881): DC=8.2124e+00 r2=9.8059e-03 r3=1.1466e-01 epsV=9.0436e-01 epsZ=1.0200e+00 
New pars ( 882): DC=8.2119e+00 r2=9.7782e-03 r3=1.1456e-01 epsV=9.0401e-01 epsZ=1.0200e+00 
New pars ( 883): DC=8.2122e+00 r2=9.7782e-03 r3=1.1456e-01 epsV=9.0401e-01 epsZ=1.0200e+00 
New pars ( 884): DC=8.2115e+00 r2=9.7782e-03 r3=1.1456e-01 epsV=9.0401e-01 epsZ=1.0200e+00 
New pars ( 885): DC=8.2119e+00 r2=9.7824e-03 r3=1.1456e-01 epsV=9.0401e-01 epsZ=1.0200e+00 
New pars ( 886): DC=8.2119e+00 r2=9.7739e-03 r3=1.1456e-01 epsV=9.0401e-01 epsZ=1.0200e+00 
New pars ( 887): DC=8.2119e+00 r2=9.7782e-03 r3=1.1456e-01 epsV=9.0401e-01 epsZ=1.0200e+00 
New pars ( 888): DC=8.2119e+00 r2=9.7782e-03 r3=1.1455e-01 epsV=9.0401e-01 epsZ=1.0200e+00 
New pars ( 889): DC=8.2119e+00 r2=9.7782e-03 r3=1.1456e-01 epsV=9.0402e-01 epsZ=1.0200e+00 
New pars ( 890): DC=8.2116e+00 r2=9.7780e-03 r3=1.1453e-01 epsV=9.0397e-01 epsZ=1.0200e+00 
New pars ( 891): DC=8.2120e+00 r2=9.7780e-03 r3=1.1453e-01 epsV=9.0397e-01 epsZ=1.0200e+00 
New pars ( 892): DC=8.2113e+00 r2=9.7780e-03 r3=1.1453e-01 epsV=9.0397e-01 epsZ=1.0200e+00 
New pars ( 893): DC=8.2116e+00 r2=9.7822e-03 r3=1.1453e-01 epsV=9.0397e-01 epsZ=1.0200e+00 
New pars ( 894): DC=8.2116e+00 r2=9.7738e-03 r3=1.1453e-01 epsV=9.0397e-01 epsZ=1.0200e+00 
New pars ( 895): DC=8.2116e+00 r2=9.7780e-03 r3=1.1454e-01 epsV=9.0397e-01 epsZ=1.0200e+00 
New pars ( 896): DC=8.2116e+00 r2=9.7780e-03 r3=1.1452e-01 epsV=9.0397e-01 epsZ=1.0200e+00 
New pars ( 897): DC=8.2116e+00 r2=9.7780e-03 r3=1.1453e-01 epsV=9.0398e-01 epsZ=1.0200e+00 
New pars ( 898): DC=8.2615e+00 r2=1.1822e-02 r3=1.2235e-01 epsV=9.2790e-01 epsZ=9.8804e-01 
New pars ( 899): DC=8.2618e+00 r2=1.1822e-02 r3=1.2235e-01 epsV=9.2790e-01 epsZ=9.8804e-01 
New pars ( 900): DC=8.2611e+00 r2=1.1822e-02 r3=1.2235e-01 epsV=9.2790e-01 epsZ=9.8804e-01 
New pars ( 901): DC=8.2615e+00 r2=1.1826e-02 r3=1.2235e-01 epsV=9.2790e-01 epsZ=9.8804e-01 
New pars ( 902): DC=8.2615e+00 r2=1.1818e-02 r3=1.2235e-01 epsV=9.2790e-01 epsZ=9.8804e-01 
New pars ( 903): DC=8.2615e+00 r2=1.1822e-02 r3=1.2236e-01 epsV=9.2790e-01 epsZ=9.8804e-01 
New pars ( 904): DC=8.2615e+00 r2=1.1822e-02 r3=1.2235e-01 epsV=9.2790e-01 epsZ=9.8804e-01 
New pars ( 905): DC=8.2615e+00 r2=1.1822e-02 r3=1.2235e-01 epsV=9.2791e-01 epsZ=9.8804e-01 
New pars ( 906): DC=8.2364e+00 r2=1.1721e-02 r3=1.1977e-01 epsV=9.2361e-01 epsZ=9.8804e-01 
New pars ( 907): DC=8.2538e+00 r2=1.1791e-02 r3=1.2156e-01 epsV=9.2658e-01 epsZ=9.8804e-01 
New pars ( 908): DC=8.2541e+00 r2=1.1791e-02 r3=1.2156e-01 epsV=9.2658e-01 epsZ=9.8804e-01 
New pars ( 909): DC=8.2534e+00 r2=1.1791e-02 r3=1.2156e-01 epsV=9.2658e-01 epsZ=9.8804e-01 
New pars ( 910): DC=8.2538e+00 r2=1.1796e-02 r3=1.2156e-01 epsV=9.2658e-01 epsZ=9.8804e-01 
New pars ( 911): DC=8.2538e+00 r2=1.1786e-02 r3=1.2156e-01 epsV=9.2658e-01 epsZ=9.8804e-01 
New pars ( 912): DC=8.2538e+00 r2=1.1791e-02 r3=1.2157e-01 epsV=9.2658e-01 epsZ=9.8804e-01 
New pars ( 913): DC=8.2538e+00 r2=1.1791e-02 r3=1.2155e-01 epsV=9.2658e-01 epsZ=9.8804e-01 
New pars ( 914): DC=8.2538e+00 r2=1.1791e-02 r3=1.2156e-01 epsV=9.2659e-01 epsZ=9.8804e-01 
New pars ( 915): DC=8.2559e+00 r2=1.1837e-02 r3=1.2178e-01 epsV=9.2694e-01 epsZ=9.8804e-01 
New pars ( 916): DC=8.2580e+00 r2=1.1882e-02 r3=1.2198e-01 epsV=9.2729e-01 epsZ=9.8804e-01 
New pars ( 917): DC=8.2583e+00 r2=1.1882e-02 r3=1.2198e-01 epsV=9.2729e-01 epsZ=9.8804e-01 
New pars ( 918): DC=8.2576e+00 r2=1.1882e-02 r3=1.2198e-01 epsV=9.2729e-01 epsZ=9.8804e-01 
New pars ( 919): DC=8.2580e+00 r2=1.1887e-02 r3=1.2198e-01 epsV=9.2729e-01 epsZ=9.8804e-01 
New pars ( 920): DC=8.2580e+00 r2=1.1877e-02 r3=1.2198e-01 epsV=9.2729e-01 epsZ=9.8804e-01 
New pars ( 921): DC=8.2580e+00 r2=1.1882e-02 r3=1.2199e-01 epsV=9.2729e-01 epsZ=9.8804e-01 
New pars ( 922): DC=8.2580e+00 r2=1.1882e-02 r3=1.2197e-01 epsV=9.2729e-01 epsZ=9.8804e-01 
New pars ( 923): DC=8.2580e+00 r2=1.1882e-02 r3=1.2198e-01 epsV=9.2730e-01 epsZ=9.8804e-01 
New pars ( 924): DC=8.2593e+00 r2=1.1887e-02 r3=1.2210e-01 epsV=9.2743e-01 epsZ=9.8804e-01 
New pars ( 925): DC=8.2609e+00 r2=1.1893e-02 r3=1.2224e-01 epsV=9.2759e-01 epsZ=9.8804e-01 
New pars ( 926): DC=8.2612e+00 r2=1.1893e-02 r3=1.2224e-01 epsV=9.2759e-01 epsZ=9.8804e-01 
New pars ( 927): DC=8.2605e+00 r2=1.1893e-02 r3=1.2224e-01 epsV=9.2759e-01 epsZ=9.8804e-01 
New pars ( 928): DC=8.2609e+00 r2=1.1898e-02 r3=1.2224e-01 epsV=9.2759e-01 epsZ=9.8804e-01 
New pars ( 929): DC=8.2609e+00 r2=1.1888e-02 r3=1.2224e-01 epsV=9.2759e-01 epsZ=9.8804e-01 
New pars ( 930): DC=8.2609e+00 r2=1.1893e-02 r3=1.2225e-01 epsV=9.2759e-01 epsZ=9.8804e-01 
New pars ( 931): DC=8.2609e+00 r2=1.1893e-02 r3=1.2223e-01 epsV=9.2759e-01 epsZ=9.8804e-01 
New pars ( 932): DC=8.2609e+00 r2=1.1893e-02 r3=1.2224e-01 epsV=9.2760e-01 epsZ=9.8804e-01 
New pars ( 933): DC=8.2609e+00 r2=1.1893e-02 r3=1.2228e-01 epsV=9.2765e-01 epsZ=9.8804e-01 
New pars ( 934): DC=8.2609e+00 r2=1.1893e-02 r3=1.2229e-01 epsV=9.2765e-01 epsZ=9.8804e-01 
New pars ( 935): DC=8.2613e+00 r2=1.1893e-02 r3=1.2229e-01 epsV=9.2765e-01 epsZ=9.8804e-01 
New pars ( 936): DC=8.2605e+00 r2=1.1893e-02 r3=1.2229e-01 epsV=9.2765e-01 epsZ=9.8804e-01 
New pars ( 937): DC=8.2609e+00 r2=1.1898e-02 r3=1.2229e-01 epsV=9.2765e-01 epsZ=9.8804e-01 
New pars ( 938): DC=8.2609e+00 r2=1.1889e-02 r3=1.2229e-01 epsV=9.2765e-01 epsZ=9.8804e-01 
New pars ( 939): DC=8.2609e+00 r2=1.1893e-02 r3=1.2230e-01 epsV=9.2765e-01 epsZ=9.8804e-01 
New pars ( 940): DC=8.2609e+00 r2=1.1893e-02 r3=1.2228e-01 epsV=9.2765e-01 epsZ=9.8804e-01 
New pars ( 941): DC=8.2609e+00 r2=1.1893e-02 r3=1.2229e-01 epsV=9.2766e-01 epsZ=9.8804e-01 
New pars ( 942): DC=8.2613e+00 r2=1.1893e-02 r3=1.2229e-01 epsV=9.2765e-01 epsZ=9.8857e-01 
New pars ( 943): DC=8.2605e+00 r2=1.1893e-02 r3=1.2229e-01 epsV=9.2765e-01 epsZ=9.8857e-01 
New pars ( 944): DC=8.2609e+00 r2=1.1898e-02 r3=1.2229e-01 epsV=9.2765e-01 epsZ=9.8857e-01 
New pars ( 945): DC=8.2609e+00 r2=1.1889e-02 r3=1.2229e-01 epsV=9.2765e-01 epsZ=9.8857e-01 
New pars ( 946): DC=8.2609e+00 r2=1.1893e-02 r3=1.2230e-01 epsV=9.2765e-01 epsZ=9.8857e-01 
New pars ( 947): DC=8.2609e+00 r2=1.1893e-02 r3=1.2228e-01 epsV=9.2765e-01 epsZ=9.8857e-01 
New pars ( 948): DC=8.2609e+00 r2=1.1893e-02 r3=1.2229e-01 epsV=9.2766e-01 epsZ=9.8857e-01 
New pars ( 949): DC=8.2596e+00 r2=1.1849e-02 r3=1.2213e-01 epsV=9.2722e-01 epsZ=9.8857e-01 
New pars ( 950): DC=8.2600e+00 r2=1.1849e-02 r3=1.2213e-01 epsV=9.2722e-01 epsZ=9.8857e-01 
New pars ( 951): DC=8.2593e+00 r2=1.1849e-02 r3=1.2213e-01 epsV=9.2722e-01 epsZ=9.8857e-01 
New pars ( 952): DC=8.2596e+00 r2=1.1854e-02 r3=1.2213e-01 epsV=9.2722e-01 epsZ=9.8857e-01 
New pars ( 953): DC=8.2596e+00 r2=1.1845e-02 r3=1.2213e-01 epsV=9.2722e-01 epsZ=9.8857e-01 
New pars ( 954): DC=8.2596e+00 r2=1.1849e-02 r3=1.2214e-01 epsV=9.2722e-01 epsZ=9.8857e-01 
New pars ( 955): DC=8.2596e+00 r2=1.1849e-02 r3=1.2212e-01 epsV=9.2722e-01 epsZ=9.8857e-01 
New pars ( 956): DC=8.2596e+00 r2=1.1849e-02 r3=1.2213e-01 epsV=9.2723e-01 epsZ=9.8857e-01 
New pars ( 957): DC=8.2601e+00 r2=1.1853e-02 r3=1.2216e-01 epsV=9.2727e-01 epsZ=9.8857e-01 
New pars ( 958): DC=8.2605e+00 r2=1.1853e-02 r3=1.2216e-01 epsV=9.2727e-01 epsZ=9.8857e-01 
New pars ( 959): DC=8.2597e+00 r2=1.1853e-02 r3=1.2216e-01 epsV=9.2727e-01 epsZ=9.8857e-01 
New pars ( 960): DC=8.2601e+00 r2=1.1858e-02 r3=1.2216e-01 epsV=9.2727e-01 epsZ=9.8857e-01 
New pars ( 961): DC=8.2601e+00 r2=1.1848e-02 r3=1.2216e-01 epsV=9.2727e-01 epsZ=9.8857e-01 
New pars ( 962): DC=8.2601e+00 r2=1.1853e-02 r3=1.2217e-01 epsV=9.2727e-01 epsZ=9.8857e-01 
New pars ( 963): DC=8.2601e+00 r2=1.1853e-02 r3=1.2215e-01 epsV=9.2727e-01 epsZ=9.8857e-01 
New pars ( 964): DC=8.2601e+00 r2=1.1853e-02 r3=1.2216e-01 epsV=9.2728e-01 epsZ=9.8857e-01 
 PARAMETER NUMBER  16 NOT A VARIABLE. IGNORED.
 THERE ARE NO MINOS ERRORS TO CALCULATE.
 PARAMETER NUMBER  17 NOT A VARIABLE. IGNORED.
 THERE ARE NO MINOS ERRORS TO CALCULATE.
 PARAMETER NUMBER  18 NOT A VARIABLE. IGNORED.
 THERE ARE NO MINOS ERRORS TO CALCULATE.
 PARAMETER NUMBER  19 NOT A VARIABLE. IGNORED.
 THERE ARE NO MINOS ERRORS TO CALCULATE.
 PARAMETER NUMBER  20 NOT A VARIABLE. IGNORED.
 THERE ARE NO MINOS ERRORS TO CALCULATE.
 PARAMETER NUMBER  21 NOT A VARIABLE. IGNORED.
 THERE ARE NO MINOS ERRORS TO CALCULATE.
New pars ( 965): DC=8.2370e+00 r2=1.0780e-02 r3=1.1852e-01 epsV=9.1623e-01 epsZ=1.0038e+00 

Fitting done in 2130000 clicks (2.130000 seconds).
Fit status = 4000
Cov status = 1
Fit valid? = 1

****************************************
Minimizer is Minuit / MigradImproved
MinFCN                    =      469.931
Chi2                      =      905.309
NDf                       =          895
Edm                       =  1.33589e-06
NCalls                    =          527
# Cyc's                   =          244                      	 (fixed)
Bin width                 =          100                      	 (fixed)
DC rate                   =      8.23705   +/-   0.0668062   
Rate 1                    =            0                      	 (fixed)
Rate 2                    =    0.0107805   +/-   0.00116846  
Rate 3                    =     0.118516   +/-   0.0058784   
Capt eff                  =          0.6                      	 (fixed)
Capt ret                  =            1                      	 (fixed)
T eff                     =        0.935                      	 (fixed)
U eff                     =            1                      	 (fixed)
V eff                     =     0.916229   +/-   0.0134257   
W eff                     =            0                      	 (fixed)
X eff                     =            1                      	 (fixed)
Y eff                     =            1                      	 (fixed)
Z eff                     =      1.00379   +/-   0.0158765   
T1 loss                   =            0                      	 (fixed)
T2 loss                   =       0.0263                      	 (fixed)
T3 loss                   =       0.0263                      	 (fixed)
U1 loss                   =        2e-10                      	 (fixed)
U2 loss                   =        2e-10                      	 (fixed)
U3 loss                   =        2e-10                      	 (fixed)

Covariance Matrix:

            	     DC rate      Rate 2      Rate 3       V eff       Z eff
DC rate     	   0.0044631  4.3942e-05  0.00023946  0.00057726 -0.00039503
Rate 2      	  4.3942e-05  1.3653e-06  5.1249e-06  1.4416e-05 -1.6698e-05
Rate 3      	  0.00023946  5.1249e-06  3.4556e-05  7.2913e-05 -6.1818e-05
V eff       	  0.00057726  1.4416e-05  7.2913e-05  0.00018025 -0.00018738
Z eff       	 -0.00039503 -1.6698e-05 -6.1818e-05 -0.00018738  0.00025206

Correlation Matrix:

            	     DC rate      Rate 2      Rate 3       V eff       Z eff
DC rate     	           1     0.56293     0.60977      0.6436    -0.37244
Rate 2      	     0.56293           1     0.74613     0.91897    -0.90013
Rate 3      	     0.60977     0.74613           1     0.92386    -0.66238
V eff       	      0.6436     0.91897     0.92386           1     -0.8791
Z eff       	    -0.37244    -0.90013    -0.66238     -0.8791           1

Integrals computed in 270000 clicks (0.270000 seconds).
Other integrals computed in 2140000 clicks (2.140000 seconds).
Errors computed in 740000 clicks (0.740000 seconds).

~~~~~~~~~~~~~~~~~~~~~~~~~~~~~~~~~~~~~~~~~~~~~~~~~~~~~~~~~~~~~~~~~~~~~
NUMBER OF BETAS DETECTED, by population:
~~~~~~~~~~~~~~~~~~~~~~~~~~~~~~~~~~~~~~~~~~~~~~~~~~~~~~~~~~~~~~~~~~~~~
T1 integral = 0.0 +/- 0.0
U1 integral = 0.0 +/- 0.0
T2 integral = 6022.7 +/- 652.8
U2 integral = 5326.2 +/- 372.9
T3 integral = 42597.9 +/- 2112.9
U3 integral = 57223.4 +/- 3418.5
DC integral = 180885.5 +/- 1467.1
~~~~~~~~~~~~~~~~~~~~~~~~~~~~~~~~~~~~~~~~~~~~~~~~~~~~~~~~~~~~~~~~~~~~~
Sum of above = 292055.8 +/- 4343.7 <-- no cov in unc
All integral = 292129.3 +/- 540.7
~~~~~~~~~~~~~~~~~~~~~~~~~~~~~~~~~~~~~~~~~~~~~~~~~~~~~~~~~~~~~~~~~~~~~
U1 with trap emtpy = 0.0 +/- 0.0
U2 with trap emtpy = 2.8 +/- 0.2
U3 with trap emtpy = 9647.9 +/- 453.3
U1 with trap full  = 0.0 +/- 0.0
U2 with trap full  = 5320.6 +/- 372.6
U3 with trap full  = 47584.1 +/- 3005.6
~~~~~~~~~~~~~~~~~~~~~~~~~~~~~~~~~~~~~~~~~~~~~~~~~~~~~~~~~~~~~~~~~~~~~


BFit2 done. Timer = 3.77 sec.
Elapsed time = 3.7 sec.

