Timestamp = Wed Apr 15 22:20:15 2015

Importing metadata from CSV files...
Imported 68 BDN cases
Imported 105 BFit cases
Performing BFit with BDN case 134sb02 and BFit case 134sb02CE_03

BFit started. Timer = 0.05 sec.

~~~~~~~~~~~~~~~~~~~~~~~~~~~~~~~~~~~~~~~~~~~~~~~~~~~~~~~~~~~~~~~~~~~~~
BETA SINGLES MODEL
~~~~~~~~~~~~~~~~~~~~~~~~~~~~~~~~~~~~~~~~~~~~~~~~~~~~~~~~~~~~~~~~~~~~~
Case: 134sb02
File: /music/bpt1/bpt/bdn/shane/134sb/rootfiles/134sb02.root
Histogram: h_CE_vs_cycle_time
Total cycle time	=     90.000 s
Background time		=     30.100 s
Capture cycle time	=      6.000 s
Last capture time	=      0.000 s
134-Sn halflife		=      1.050 s  (lifetime      1.515 s)
134-Sb halflife		=      0.780 s  (lifetime      1.125 s)
134-Sb-m halflife		=     10.070 s  (lifetime     14.528 s)
~~~~~~~~~~~~~~~~~~~~~~~~~~~~~~~~~~~~~~~~~~~~~~~~~~~~~~~~~~~~~~~~~~~~~
HISTOGRAM REBINNED
   Number of hist bins = 900
   Number of fn points = 90000
   Number of pts/bin   = 100
~~~~~~~~~~~~~~~~~~~~~~~~~~~~~~~~~~~~~~~~~~~~~~~~~~~~~~~~~~~~~~~~~~~~~
Doing fit with option string: QROMESLL
~~~~~~~~~~~~~~~~~~~~~~~~~~~~~~~~~~~~~~~~~~~~~~~~~~~~~~~~~~~~~~~~~~~~~
PARAMETER SEED VALUES
~~~~~~~~~~~~~~~~~~~~~~~~~~~~~~~~~~~~~~~~~~~~~~~~~~~~~~~~~~~~~~~~~~~~~
      Par name  Varying?	Par init val and step
~~~~~~~~~~~~~~~~~~~~~~~~~~~~~~~~~~~~~~~~~~~~~~~~~~~~~~~~~~~~~~~~~~~~~
       # Cyc's         0	244 +/- 0.01
     Bin width         0	100 +/- 0.01
       DC rate         0	0.008633 +/- 0.0001
        Rate 1         0	0 +/- 1e-05
        Rate 2         0	0 +/- 1e-05
        Rate 3         1	0.03 +/- 1e-05
      Capt eff         0	0.6 +/- 0.01
      Capt ret         0	1 +/- 0.01
         T eff         0	0.99 +/- 0.0005
         U eff         0	1 +/- 0.01
         V eff         1	0.999 +/- 0.01
         W eff         0	0.999 +/- 0.01
         X eff         0	1 +/- 0.01
         Y eff         0	1 +/- 0.01
         Z eff         1	0.9995 +/- 0.01
       T1 loss         0	0 +/- 0.01
       T2 loss         0	0.0263 +/- 0.001
       T3 loss         0	0.0263 +/- 0.01
       U1 loss         0	2e-10 +/- 0.01
       U2 loss         0	2e-10 +/- 0.01
       U3 loss         0	2e-10 +/- 0.01
~~~~~~~~~~~~~~~~~~~~~~~~~~~~~~~~~~~~~~~~~~~~~~~~~~~~~~~~~~~~~~~~~~~~~
134-Sb data detected. Forcing gammaT3 = gammaT2. YOU SHOULD GUARANTEE THAT X3 = Y3 = 0. You can set epsX = epsY = 0.

Ini pars (   0): r3=3.0000e-02 epsV=9.9900e-01 epsZ=9.9950e-01 
New pars (   1): r3=3.0000e-02 epsV=9.9900e-01 epsZ=9.9950e-01 
New pars (   2): r3=3.0000e-02 epsV=9.9900e-01 epsZ=9.9950e-01 
New pars (   3): r3=3.0001e-02 epsV=9.9900e-01 epsZ=9.9950e-01 
New pars (   4): r3=2.9999e-02 epsV=9.9900e-01 epsZ=9.9950e-01 
New pars (   5): r3=3.0000e-02 epsV=9.9911e-01 epsZ=9.9950e-01 
New pars (   6): r3=2.9273e-02 epsV=9.9852e-01 epsZ=9.9809e-01 
New pars (   7): r3=2.9395e-02 epsV=9.9860e-01 epsZ=9.9833e-01 
New pars (   8): r3=2.9342e-02 epsV=9.9857e-01 epsZ=9.9823e-01 
New pars (   9): r3=2.9354e-02 epsV=9.9857e-01 epsZ=9.9823e-01 
New pars (  10): r3=2.9331e-02 epsV=9.9857e-01 epsZ=9.9823e-01 
New pars (  11): r3=2.9342e-02 epsV=9.9857e-01 epsZ=9.9823e-01 
New pars (  12): r3=2.7643e-02 epsV=9.9849e-01 epsZ=9.9776e-01 
New pars (  13): r3=2.5633e-02 epsV=9.9840e-01 epsZ=9.9720e-01 
New pars (  14): r3=2.5976e-02 epsV=9.9842e-01 epsZ=9.9730e-01 
New pars (  15): r3=2.5987e-02 epsV=9.9842e-01 epsZ=9.9730e-01 
New pars (  16): r3=2.5964e-02 epsV=9.9842e-01 epsZ=9.9730e-01 
New pars (  17): r3=2.5976e-02 epsV=9.9842e-01 epsZ=9.9730e-01 
New pars (  18): r3=2.5717e-02 epsV=9.9832e-01 epsZ=9.9698e-01 
New pars (  19): r3=2.5386e-02 epsV=9.9820e-01 epsZ=9.9657e-01 
New pars (  20): r3=2.5331e-02 epsV=9.9818e-01 epsZ=9.9650e-01 
New pars (  21): r3=2.5341e-02 epsV=9.9818e-01 epsZ=9.9650e-01 
New pars (  22): r3=2.5321e-02 epsV=9.9818e-01 epsZ=9.9650e-01 
New pars (  23): r3=2.5331e-02 epsV=9.9818e-01 epsZ=9.9650e-01 
New pars (  24): r3=2.5098e-02 epsV=9.9815e-01 epsZ=9.9639e-01 
New pars (  25): r3=2.5121e-02 epsV=9.9816e-01 epsZ=9.9640e-01 
New pars (  26): r3=2.5131e-02 epsV=9.9816e-01 epsZ=9.9640e-01 
New pars (  27): r3=2.5112e-02 epsV=9.9816e-01 epsZ=9.9640e-01 
New pars (  28): r3=2.5121e-02 epsV=9.9816e-01 epsZ=9.9640e-01 
New pars (  29): r3=2.5110e-02 epsV=9.9815e-01 epsZ=9.9638e-01 
New pars (  30): r3=2.5107e-02 epsV=9.9815e-01 epsZ=9.9638e-01 
New pars (  31): r3=2.5117e-02 epsV=9.9815e-01 epsZ=9.9638e-01 
New pars (  32): r3=2.5098e-02 epsV=9.9815e-01 epsZ=9.9638e-01 
New pars (  33): r3=2.5107e-02 epsV=9.9815e-01 epsZ=9.9638e-01 
New pars (  34): r3=2.5106e-02 epsV=9.9815e-01 epsZ=9.9638e-01 
New pars (  35): r3=2.5103e-02 epsV=9.9815e-01 epsZ=9.9638e-01 
New pars (  36): r3=2.5093e-02 epsV=9.9814e-01 epsZ=9.9638e-01 
New pars (  37): r3=2.5088e-02 epsV=9.9814e-01 epsZ=9.9638e-01 
New pars (  38): r3=2.5097e-02 epsV=9.9814e-01 epsZ=9.9638e-01 
New pars (  39): r3=2.5078e-02 epsV=9.9814e-01 epsZ=9.9638e-01 
New pars (  40): r3=2.5088e-02 epsV=9.9814e-01 epsZ=9.9638e-01 
New pars (  41): r3=2.5083e-02 epsV=9.9813e-01 epsZ=9.9640e-01 
New pars (  42): r3=2.5063e-02 epsV=9.9810e-01 epsZ=9.9646e-01 
New pars (  43): r3=2.5025e-02 epsV=9.9804e-01 epsZ=9.9657e-01 
New pars (  44): r3=2.5035e-02 epsV=9.9804e-01 epsZ=9.9657e-01 
New pars (  45): r3=2.5016e-02 epsV=9.9804e-01 epsZ=9.9657e-01 
New pars (  46): r3=2.5025e-02 epsV=9.9804e-01 epsZ=9.9657e-01 
New pars (  47): r3=2.5035e-02 epsV=9.9804e-01 epsZ=9.9657e-01 
New pars (  48): r3=2.5016e-02 epsV=9.9804e-01 epsZ=9.9657e-01 
New pars (  49): r3=2.5025e-02 epsV=9.9804e-01 epsZ=9.9657e-01 
New pars (  50): r3=2.5027e-02 epsV=9.9804e-01 epsZ=9.9657e-01 
New pars (  51): r3=2.5023e-02 epsV=9.9804e-01 epsZ=9.9657e-01 
New pars (  52): r3=2.5025e-02 epsV=9.9804e-01 epsZ=9.9657e-01 
New pars (  53): r3=2.5035e-02 epsV=9.9804e-01 epsZ=9.9657e-01 
New pars (  54): r3=2.5025e-02 epsV=9.9804e-01 epsZ=9.9659e-01 
New pars (  55): r3=2.2601e-02 epsV=9.9458e-01 epsZ=1.0029e+00 
New pars (  56): r3=2.1656e-02 epsV=9.9458e-01 epsZ=1.0029e+00 
New pars (  57): r3=2.2601e-02 epsV=9.9510e-01 epsZ=1.0029e+00 
New pars (  58): r3=2.3547e-02 epsV=9.9493e-01 epsZ=1.0029e+00 
New pars (  59): r3=2.4493e-02 epsV=9.9510e-01 epsZ=1.0028e+00 
New pars (  60): r3=2.3862e-02 epsV=9.9440e-01 epsZ=1.0028e+00 
New pars (  61): r3=2.4493e-02 epsV=9.9405e-01 epsZ=1.0027e+00 
New pars (  62): r3=2.5123e-02 epsV=9.9458e-01 epsZ=1.0026e+00 
New pars (  63): r3=2.6805e-02 epsV=9.9458e-01 epsZ=1.0026e+00 
New pars (  64): r3=2.5754e-02 epsV=9.9458e-01 epsZ=1.0026e+00 
New pars (  65): r3=2.3652e-02 epsV=9.9458e-01 epsZ=1.0028e+00 
New pars (  66): r3=2.2601e-02 epsV=9.9458e-01 epsZ=1.0028e+00 
New pars (  67): r3=2.3302e-02 epsV=9.9458e-01 epsZ=1.0029e+00 
New pars (  68): r3=2.2391e-02 epsV=9.9458e-01 epsZ=1.0031e+00 
New pars (  69): r3=2.3139e-02 epsV=9.9370e-01 epsZ=1.0027e+00 
New pars (  70): r3=2.2461e-02 epsV=9.9300e-01 epsZ=1.0027e+00 
New pars (  71): r3=2.1784e-02 epsV=9.9405e-01 epsZ=1.0029e+00 
New pars (  72): r3=2.3816e-02 epsV=9.9405e-01 epsZ=1.0027e+00 
New pars (  73): r3=2.2461e-02 epsV=9.9405e-01 epsZ=1.0028e+00 
New pars (  74): r3=2.1784e-02 epsV=9.9405e-01 epsZ=1.0029e+00 
New pars (  75): r3=2.1831e-02 epsV=9.9318e-01 epsZ=1.0029e+00 
New pars (  76): r3=2.0920e-02 epsV=9.9248e-01 epsZ=1.0030e+00 
New pars (  77): r3=2.0593e-02 epsV=9.9178e-01 epsZ=1.0028e+00 
New pars (  78): r3=1.9239e-02 epsV=9.9038e-01 epsZ=1.0027e+00 
New pars (  79): r3=1.9286e-02 epsV=9.9160e-01 epsZ=1.0030e+00 
New pars (  80): r3=1.7169e-02 epsV=9.8892e-01 epsZ=1.0029e+00 
New pars (  81): r3=1.4522e-02 epsV=9.8635e-01 epsZ=1.0029e+00 
New pars (  82): r3=1.4444e-02 epsV=9.8641e-01 epsZ=1.0028e+00 
New pars (  83): r3=1.2851e-02 epsV=9.8382e-01 epsZ=1.0027e+00 
New pars (  84): r3=9.6341e-03 epsV=9.7994e-01 epsZ=1.0025e+00 
New pars (  85): r3=6.4947e-03 epsV=9.7809e-01 epsZ=1.0028e+00 
New pars (  86): r3=1.6053e-02 epsV=9.8731e-01 epsZ=1.0027e+00 
New pars (  87): r3=9.6808e-03 epsV=9.8116e-01 epsZ=1.0028e+00 
New pars (  88): r3=1.1274e-02 epsV=9.8270e-01 epsZ=1.0028e+00 
New pars (  89): r3=9.1757e-03 epsV=9.7958e-01 epsZ=1.0027e+00 
New pars (  90): r3=5.5336e-03 epsV=9.7512e-01 epsZ=1.0024e+00 
New pars (  91): r3=1.2275e-02 epsV=9.8354e-01 epsZ=1.0028e+00 
New pars (  92): r3=1.2946e-02 epsV=9.8454e-01 epsZ=1.0027e+00 
New pars (  93): r3=1.1963e-02 epsV=9.8265e-01 epsZ=1.0026e+00 
New pars (  94): r3=1.2308e-02 epsV=9.8263e-01 epsZ=1.0025e+00 
New pars (  95): r3=9.8650e-03 epsV=9.7953e-01 epsZ=1.0025e+00 
New pars (  96): r3=8.3243e-03 epsV=9.7703e-01 epsZ=1.0024e+00 
New pars (  97): r3=8.9295e-03 epsV=9.7785e-01 epsZ=1.0022e+00 
New pars (  98): r3=7.2567e-03 epsV=9.7500e-01 epsZ=1.0019e+00 
New pars (  99): r3=1.1101e-02 epsV=9.8007e-01 epsZ=1.0023e+00 
New pars ( 100): r3=1.1834e-02 epsV=9.8014e-01 epsZ=1.0022e+00 
New pars ( 101): r3=8.1113e-03 epsV=9.7572e-01 epsZ=1.0021e+00 
New pars ( 102): r3=9.3848e-03 epsV=9.7627e-01 epsZ=1.0018e+00 
New pars ( 103): r3=9.1448e-03 epsV=9.7464e-01 epsZ=1.0015e+00 
New pars ( 104): r3=1.0464e-02 epsV=9.7582e-01 epsZ=1.0016e+00 
New pars ( 105): r3=1.2850e-02 epsV=9.7801e-01 epsZ=1.0014e+00 
New pars ( 106): r3=9.2961e-03 epsV=9.7629e-01 epsZ=1.0019e+00 
New pars ( 107): r3=7.4358e-03 epsV=9.7103e-01 epsZ=1.0012e+00 
New pars ( 108): r3=5.2367e-03 epsV=9.6648e-01 epsZ=1.0007e+00 
New pars ( 109): r3=8.7335e-03 epsV=9.7137e-01 epsZ=1.0009e+00 
New pars ( 110): r3=8.4523e-03 epsV=9.6891e-01 epsZ=1.0004e+00 
New pars ( 111): r3=6.2247e-03 epsV=9.6724e-01 epsZ=1.0004e+00 
New pars ( 112): r3=5.5971e-03 epsV=9.6348e-01 epsZ=9.9989e-01 
New pars ( 113): r3=6.0803e-03 epsV=9.6205e-01 epsZ=9.9931e-01 
New pars ( 114): r3=5.4025e-03 epsV=9.5756e-01 epsZ=9.9837e-01 
New pars ( 115): r3=6.7432e-03 epsV=9.5939e-01 epsZ=9.9870e-01 
New pars ( 116): r3=7.0025e-03 epsV=9.5546e-01 epsZ=9.9783e-01 
New pars ( 117): r3=8.1349e-03 epsV=9.6043e-01 epsZ=9.9845e-01 
New pars ( 118): r3=5.0682e-03 epsV=9.4934e-01 epsZ=9.9658e-01 
New pars ( 119): r3=3.3761e-03 epsV=9.3956e-01 epsZ=9.9465e-01 
New pars ( 120): r3=2.2130e-03 epsV=9.4391e-01 epsZ=9.9604e-01 
New pars ( 121): r3=6.6544e-03 epsV=9.5630e-01 epsZ=9.9784e-01 
New pars ( 122): r3=5.7800e-03 epsV=9.4594e-01 epsZ=9.9576e-01 
New pars ( 123): r3=5.9687e-03 epsV=9.4013e-01 epsZ=9.9445e-01 
New pars ( 124): r3=3.7971e-03 epsV=9.3514e-01 epsZ=9.9347e-01 
New pars ( 125): r3=2.3241e-03 epsV=9.2302e-01 epsZ=9.9086e-01 
New pars ( 126): r3=9.9899e-04 epsV=9.1605e-01 epsZ=9.8967e-01 
New pars ( 127): r3=5.2406e-03 epsV=9.4624e-01 epsZ=9.9580e-01 
New pars ( 128): r3=5.5203e-03 epsV=9.3724e-01 epsZ=9.9363e-01 
New pars ( 129): r3=2.9433e-03 epsV=9.2505e-01 epsZ=9.9110e-01 
New pars ( 130): r3=1.5250e-03 epsV=9.1461e-01 epsZ=9.8877e-01 
New pars ( 131): r3=1.4850e-03 epsV=9.2564e-01 epsZ=9.9155e-01 
New pars ( 132): r3=4.5115e-03 epsV=9.3434e-01 epsZ=9.9311e-01 
New pars ( 133): r3=6.1395e-03 epsV=9.4740e-01 epsZ=9.9581e-01 
New pars ( 134): r3=3.2779e-03 epsV=9.2911e-01 epsZ=9.9210e-01 
New pars ( 135): r3=1.9146e-03 epsV=9.1277e-01 epsZ=9.8840e-01 
New pars ( 136): r3=4.4091e-03 epsV=9.3787e-01 epsZ=9.9395e-01 
New pars ( 137): r3=2.7461e-03 epsV=9.2113e-01 epsZ=9.9025e-01 
New pars ( 138): r3=1.9146e-03 epsV=9.1277e-01 epsZ=9.8840e-01 
New pars ( 139): r3=2.7461e-03 epsV=9.2113e-01 epsZ=9.9025e-01 
New pars ( 140): r3=4.9904e-03 epsV=9.2113e-01 epsZ=9.9025e-01 
New pars ( 141): r3=1.8483e-03 epsV=9.2113e-01 epsZ=9.9025e-01 
New pars ( 142): r3=3.1052e-03 epsV=9.2113e-01 epsZ=9.9025e-01 
New pars ( 143): r3=4.1824e-03 epsV=9.2113e-01 epsZ=9.9025e-01 
New pars ( 144): r3=3.1052e-03 epsV=9.2385e-01 epsZ=9.9025e-01 
New pars ( 145): r3=3.4643e-03 epsV=9.2475e-01 epsZ=9.9347e-01 
New pars ( 146): r3=3.8233e-03 epsV=9.2657e-01 epsZ=9.9509e-01 
New pars ( 147): r3=3.5839e-03 epsV=9.2385e-01 epsZ=9.8864e-01 
New pars ( 148): r3=3.9031e-03 epsV=9.2385e-01 epsZ=9.9240e-01 
New pars ( 149): r3=4.4351e-03 epsV=9.2838e-01 epsZ=9.9383e-01 
New pars ( 150): r3=3.4377e-03 epsV=9.2294e-01 epsZ=9.9115e-01 
New pars ( 151): r3=3.3268e-03 epsV=9.2506e-01 epsZ=9.9085e-01 
New pars ( 152): r3=3.7591e-03 epsV=9.2415e-01 epsZ=9.9201e-01 
New pars ( 153): r3=4.0066e-03 epsV=9.2677e-01 epsZ=9.9268e-01 
New pars ( 154): r3=3.5799e-03 epsV=9.2390e-01 epsZ=9.9153e-01 
New pars ( 155): r3=3.8576e-03 epsV=9.2590e-01 epsZ=9.9711e-01 
New pars ( 156): r3=3.9944e-03 epsV=9.2692e-01 epsZ=1.0013e+00 
New pars ( 157): r3=4.3063e-03 epsV=9.2925e-01 epsZ=1.0110e+00 
New pars ( 158): r3=4.0473e-03 epsV=9.2899e-01 epsZ=1.0064e+00 
New pars ( 159): r3=4.5380e-03 epsV=9.3264e-01 epsZ=1.0168e+00 
New pars ( 160): r3=5.0171e-03 epsV=9.3701e-01 epsZ=1.0294e+00 
New pars ( 161): r3=6.2846e-03 epsV=9.4857e-01 epsZ=1.0628e+00 
New pars ( 162): r3=5.0904e-03 epsV=9.3693e-01 epsZ=1.0361e+00 
New pars ( 163): r3=5.7239e-03 epsV=9.4212e-01 epsZ=1.0566e+00 
New pars ( 164): r3=5.5619e-03 epsV=9.3980e-01 epsZ=1.0446e+00 
New pars ( 165): r3=6.3192e-03 epsV=9.4520e-01 epsZ=1.0637e+00 
New pars ( 166): r3=6.1400e-03 epsV=9.4658e-01 epsZ=1.0624e+00 
New pars ( 167): r3=4.7647e-03 epsV=9.3358e-01 epsZ=1.0239e+00 
New pars ( 168): r3=5.6816e-03 epsV=9.4224e-01 epsZ=1.0496e+00 
New pars ( 169): r3=5.8721e-03 epsV=9.4231e-01 epsZ=1.0575e+00 
New pars ( 170): r3=5.6584e-03 epsV=9.4099e-01 epsZ=1.0505e+00 
New pars ( 171): r3=6.1775e-03 epsV=9.4509e-01 epsZ=1.0603e+00 
New pars ( 172): r3=5.3622e-03 epsV=9.3897e-01 epsZ=1.0422e+00 
New pars ( 173): r3=5.3734e-03 epsV=9.3759e-01 epsZ=1.0419e+00 
New pars ( 174): r3=5.7003e-03 epsV=9.3995e-01 epsZ=1.0492e+00 
New pars ( 175): r3=5.8693e-03 epsV=9.4044e-01 epsZ=1.0527e+00 
New pars ( 176): r3=6.0939e-03 epsV=9.4108e-01 epsZ=1.0573e+00 
New pars ( 177): r3=5.6944e-03 epsV=9.3800e-01 epsZ=1.0454e+00 
New pars ( 178): r3=6.1934e-03 epsV=9.4166e-01 epsZ=1.0563e+00 
New pars ( 179): r3=6.6034e-03 epsV=9.4370e-01 epsZ=1.0635e+00 
New pars ( 180): r3=6.6992e-03 epsV=9.4206e-01 epsZ=1.0662e+00 
New pars ( 181): r3=7.2679e-03 epsV=9.4318e-01 epsZ=1.0770e+00 
New pars ( 182): r3=7.6157e-03 epsV=9.4731e-01 epsZ=1.0865e+00 
New pars ( 183): r3=6.1747e-03 epsV=9.4033e-01 epsZ=1.0557e+00 
New pars ( 184): r3=7.2701e-03 epsV=9.4372e-01 epsZ=1.0735e+00 
New pars ( 185): r3=7.8582e-03 epsV=9.4504e-01 epsZ=1.0817e+00 
New pars ( 186): r3=7.2051e-03 epsV=9.4112e-01 epsZ=1.0740e+00 
New pars ( 187): r3=7.5060e-03 epsV=9.3983e-01 epsZ=1.0792e+00 
New pars ( 188): r3=6.6993e-03 epsV=9.3941e-01 epsZ=1.0619e+00 
New pars ( 189): r3=8.1422e-03 epsV=9.4165e-01 epsZ=1.0874e+00 
New pars ( 190): r3=7.6282e-03 epsV=9.3687e-01 epsZ=1.0788e+00 
New pars ( 191): r3=8.8182e-03 epsV=9.3949e-01 epsZ=1.1017e+00 
New pars ( 192): r3=7.2290e-03 epsV=9.3943e-01 epsZ=1.0719e+00 
New pars ( 193): r3=7.6233e-03 epsV=9.4374e-01 epsZ=1.0802e+00 
New pars ( 194): r3=7.6270e-03 epsV=9.3859e-01 epsZ=1.0792e+00 
New pars ( 195): r3=6.7658e-03 epsV=9.3692e-01 epsZ=1.0661e+00 
New pars ( 196): r3=7.7981e-03 epsV=9.4046e-01 epsZ=1.0821e+00 
New pars ( 197): r3=8.0583e-03 epsV=9.3983e-01 epsZ=1.0884e+00 
New pars ( 198): r3=7.8510e-03 epsV=9.3973e-01 epsZ=1.0843e+00 
New pars ( 199): r3=8.0114e-03 epsV=9.3935e-01 epsZ=1.0845e+00 
New pars ( 200): r3=8.2641e-03 epsV=9.3911e-01 epsZ=1.0871e+00 
New pars ( 201): r3=8.3152e-03 epsV=9.4095e-01 epsZ=1.0898e+00 
New pars ( 202): r3=7.7990e-03 epsV=9.3918e-01 epsZ=1.0818e+00 
New pars ( 203): r3=8.1447e-03 epsV=9.3821e-01 epsZ=1.0867e+00 
New pars ( 204): r3=8.0580e-03 epsV=9.3878e-01 epsZ=1.0856e+00 
New pars ( 205): r3=8.2298e-03 epsV=9.3831e-01 epsZ=1.0854e+00 
New pars ( 206): r3=7.9457e-03 epsV=9.3938e-01 epsZ=1.0846e+00 
New pars ( 207): r3=8.3795e-03 epsV=9.3900e-01 epsZ=1.0897e+00 
New pars ( 208): r3=7.9441e-03 epsV=9.3913e-01 epsZ=1.0838e+00 
New pars ( 209): r3=8.0446e-03 epsV=9.3964e-01 epsZ=1.0847e+00 
New pars ( 210): r3=8.0379e-03 epsV=9.4007e-01 epsZ=1.0843e+00 
New pars ( 211): r3=7.6877e-03 epsV=9.3994e-01 epsZ=1.0813e+00 
New pars ( 212): r3=8.1200e-03 epsV=9.3932e-01 epsZ=1.0857e+00 
New pars ( 213): r3=8.1249e-03 epsV=9.4004e-01 epsZ=1.0859e+00 
New pars ( 214): r3=8.2429e-03 epsV=9.4024e-01 epsZ=1.0860e+00 
New pars ( 215): r3=8.3915e-03 epsV=9.4067e-01 epsZ=1.0868e+00 
New pars ( 216): r3=8.2414e-03 epsV=9.4000e-01 epsZ=1.0853e+00 
New pars ( 217): r3=8.2996e-03 epsV=9.3998e-01 epsZ=1.0849e+00 
New pars ( 218): r3=8.3272e-03 epsV=9.4118e-01 epsZ=1.0852e+00 
New pars ( 219): r3=8.4308e-03 epsV=9.4210e-01 epsZ=1.0850e+00 
New pars ( 220): r3=8.6021e-03 epsV=9.4117e-01 epsZ=1.0872e+00 
New pars ( 221): r3=8.3889e-03 epsV=9.4089e-01 epsZ=1.0850e+00 
New pars ( 222): r3=8.3876e-03 epsV=9.4099e-01 epsZ=1.0841e+00 
New pars ( 223): r3=8.6366e-03 epsV=9.4222e-01 epsZ=1.0858e+00 
New pars ( 224): r3=8.2988e-03 epsV=9.4176e-01 epsZ=1.0829e+00 
New pars ( 225): r3=8.1472e-03 epsV=9.4206e-01 epsZ=1.0808e+00 
New pars ( 226): r3=8.5549e-03 epsV=9.4214e-01 epsZ=1.0833e+00 
New pars ( 227): r3=8.6687e-03 epsV=9.4262e-01 epsZ=1.0824e+00 
New pars ( 228): r3=8.2668e-03 epsV=9.4136e-01 epsZ=1.0805e+00 
New pars ( 229): r3=8.5442e-03 epsV=9.4201e-01 epsZ=1.0845e+00 
New pars ( 230): r3=8.6201e-03 epsV=9.4327e-01 epsZ=1.0824e+00 
New pars ( 231): r3=8.7364e-03 epsV=9.4441e-01 epsZ=1.0815e+00 
New pars ( 232): r3=9.0007e-03 epsV=9.4427e-01 epsZ=1.0826e+00 
New pars ( 233): r3=9.3516e-03 epsV=9.4552e-01 epsZ=1.0825e+00 
New pars ( 234): r3=9.2936e-03 epsV=9.4636e-01 epsZ=1.0798e+00 
New pars ( 235): r3=9.6684e-03 epsV=9.4853e-01 epsZ=1.0774e+00 
New pars ( 236): r3=1.0288e-02 epsV=9.5213e-01 epsZ=1.0736e+00 
New pars ( 237): r3=1.0248e-02 epsV=9.5208e-01 epsZ=1.0760e+00 
New pars ( 238): r3=1.1189e-02 epsV=9.5541e-01 epsZ=1.0732e+00 
New pars ( 239): r3=9.3495e-03 epsV=9.4716e-01 epsZ=1.0794e+00 
New pars ( 240): r3=9.0774e-03 epsV=9.4446e-01 epsZ=1.0810e+00 
New pars ( 241): r3=9.3701e-03 epsV=9.4636e-01 epsZ=1.0798e+00 
New pars ( 242): r3=9.9866e-03 epsV=9.5158e-01 epsZ=1.0726e+00 
New pars ( 243): r3=1.0304e-02 epsV=9.5462e-01 epsZ=1.0677e+00 
New pars ( 244): r3=1.0903e-02 epsV=9.6033e-01 epsZ=1.0584e+00 
New pars ( 245): r3=1.0990e-02 epsV=9.6005e-01 epsZ=1.0612e+00 
New pars ( 246): r3=1.2104e-02 epsV=9.6785e-01 epsZ=1.0494e+00 
New pars ( 247): r3=1.2377e-02 epsV=9.7336e-01 epsZ=1.0391e+00 
New pars ( 248): r3=1.0810e-02 epsV=9.5744e-01 epsZ=1.0649e+00 
New pars ( 249): r3=9.6976e-03 epsV=9.5070e-01 epsZ=1.0737e+00 
New pars ( 250): r3=1.1502e-02 epsV=9.6356e-01 epsZ=1.0554e+00 
New pars ( 251): r3=1.1154e-02 epsV=9.6084e-01 epsZ=1.0580e+00 
New pars ( 252): r3=1.1236e-02 epsV=9.6123e-01 epsZ=1.0564e+00 
New pars ( 253): r3=1.1617e-02 epsV=9.6598e-01 epsZ=1.0486e+00 
New pars ( 254): r3=1.2021e-02 epsV=9.7025e-01 epsZ=1.0404e+00 
New pars ( 255): r3=1.1270e-02 epsV=9.6432e-01 epsZ=1.0481e+00 
New pars ( 256): r3=1.1154e-02 epsV=9.6469e-01 epsZ=1.0444e+00 
New pars ( 257): r3=1.2115e-02 epsV=9.7020e-01 epsZ=1.0382e+00 
New pars ( 258): r3=1.2721e-02 epsV=9.7513e-01 epsZ=1.0281e+00 
New pars ( 259): r3=1.2773e-02 epsV=9.7857e-01 epsZ=1.0213e+00 
New pars ( 260): r3=1.2489e-02 epsV=9.7509e-01 epsZ=1.0245e+00 
New pars ( 261): r3=1.4052e-02 epsV=9.8821e-01 epsZ=1.0012e+00 
New pars ( 262): r3=1.1966e-02 epsV=9.7029e-01 epsZ=1.0363e+00 
New pars ( 263): r3=1.2011e-02 epsV=9.6844e-01 epsZ=1.0380e+00 
New pars ( 264): r3=1.2582e-02 epsV=9.7604e-01 epsZ=1.0255e+00 
New pars ( 265): r3=1.2357e-02 epsV=9.7255e-01 epsZ=1.0354e+00 
New pars ( 266): r3=1.2456e-02 epsV=9.7446e-01 epsZ=1.0272e+00 
New pars ( 267): r3=1.3207e-02 epsV=9.8013e-01 epsZ=1.0175e+00 
New pars ( 268): r3=1.3007e-02 epsV=9.7711e-01 epsZ=1.0231e+00 
New pars ( 269): r3=1.3220e-02 epsV=9.7764e-01 epsZ=1.0219e+00 
New pars ( 270): r3=1.3643e-02 epsV=9.8081e-01 epsZ=1.0177e+00 
New pars ( 271): r3=1.4237e-02 epsV=9.8399e-01 epsZ=1.0130e+00 
New pars ( 272): r3=1.3182e-02 epsV=9.7560e-01 epsZ=1.0277e+00 
New pars ( 273): r3=1.3169e-02 epsV=9.7333e-01 epsZ=1.0327e+00 
New pars ( 274): r3=1.3967e-02 epsV=9.7939e-01 epsZ=1.0202e+00 
New pars ( 275): r3=1.4590e-02 epsV=9.8152e-01 epsZ=1.0162e+00 
New pars ( 276): r3=1.4382e-02 epsV=9.7946e-01 epsZ=1.0226e+00 
New pars ( 277): r3=1.4963e-02 epsV=9.8037e-01 epsZ=1.0229e+00 
New pars ( 278): r3=1.5644e-02 epsV=9.8144e-01 epsZ=1.0233e+00 
New pars ( 279): r3=1.5292e-02 epsV=9.7672e-01 epsZ=1.0304e+00 
New pars ( 280): r3=1.7181e-02 epsV=9.8645e-01 epsZ=1.0139e+00 
New pars ( 281): r3=1.9187e-02 epsV=9.9302e-01 epsZ=1.0044e+00 
New pars ( 282): r3=1.6317e-02 epsV=9.8956e-01 epsZ=1.0052e+00 
New pars ( 283): r3=1.8172e-02 epsV=9.9012e-01 epsZ=1.0120e+00 
New pars ( 284): r3=1.5485e-02 epsV=9.8367e-01 epsZ=1.0152e+00 
New pars ( 285): r3=1.5889e-02 epsV=9.7815e-01 epsZ=1.0297e+00 
New pars ( 286): r3=1.5996e-02 epsV=9.8100e-01 epsZ=1.0236e+00 
New pars ( 287): r3=1.7062e-02 epsV=9.8227e-01 epsZ=1.0253e+00 
New pars ( 288): r3=1.6668e-02 epsV=9.8262e-01 epsZ=1.0228e+00 
New pars ( 289): r3=1.7586e-02 epsV=9.8527e-01 epsZ=1.0169e+00 
New pars ( 290): r3=1.8558e-02 epsV=9.8718e-01 epsZ=1.0137e+00 
New pars ( 291): r3=1.8941e-02 epsV=9.8983e-01 epsZ=1.0100e+00 
New pars ( 292): r3=2.0414e-02 epsV=9.9425e-01 epsZ=1.0032e+00 
New pars ( 293): r3=1.9786e-02 epsV=9.9303e-01 epsZ=1.0023e+00 
New pars ( 294): r3=2.1345e-02 epsV=9.9824e-01 epsZ=9.9200e-01 
New pars ( 295): r3=2.1009e-02 epsV=9.9358e-01 epsZ=1.0034e+00 
New pars ( 296): r3=2.2923e-02 epsV=9.9714e-01 epsZ=9.9816e-01 
New pars ( 297): r3=2.2542e-02 epsV=9.9949e-01 epsZ=9.9325e-01 
New pars ( 298): r3=1.9554e-02 epsV=9.9026e-01 epsZ=1.0086e+00 
New pars ( 299): r3=2.2567e-02 epsV=9.9712e-01 epsZ=9.9601e-01 
New pars ( 300): r3=2.4379e-02 epsV=1.0008e+00 epsZ=9.8903e-01 
New pars ( 301): r3=2.3577e-02 epsV=9.9665e-01 epsZ=9.9957e-01 
New pars ( 302): r3=2.5472e-02 epsV=9.9846e-01 epsZ=9.9823e-01 
New pars ( 303): r3=2.0875e-02 epsV=9.9221e-01 epsZ=1.0046e+00 
New pars ( 304): r3=2.5125e-02 epsV=1.0004e+00 epsZ=9.9156e-01 
New pars ( 305): r3=2.6637e-02 epsV=1.0039e+00 epsZ=9.8682e-01 
New pars ( 306): r3=2.2316e-02 epsV=9.9514e-01 epsZ=1.0002e+00 
New pars ( 307): r3=2.0514e-02 epsV=9.9221e-01 epsZ=1.0056e+00 
New pars ( 308): r3=2.1667e-02 epsV=9.9426e-01 epsZ=1.0021e+00 
New pars ( 309): r3=2.2473e-02 epsV=9.9357e-01 epsZ=1.0052e+00 
New pars ( 310): r3=2.2496e-02 epsV=9.9446e-01 epsZ=1.0029e+00 
New pars ( 311): r3=2.0743e-02 epsV=9.9258e-01 epsZ=1.0039e+00 
New pars ( 312): r3=2.2868e-02 epsV=9.9564e-01 epsZ=1.0006e+00 
New pars ( 313): r3=2.3453e-02 epsV=9.9590e-01 epsZ=1.0004e+00 
New pars ( 314): r3=2.4346e-02 epsV=9.9672e-01 epsZ=9.9953e-01 
New pars ( 315): r3=2.4158e-02 epsV=9.9608e-01 epsZ=1.0019e+00 
New pars ( 316): r3=2.2776e-02 epsV=9.9537e-01 epsZ=1.0006e+00 
New pars ( 317): r3=2.4164e-02 epsV=9.9736e-01 epsZ=9.9761e-01 
New pars ( 318): r3=2.4998e-02 epsV=9.9881e-01 epsZ=9.9496e-01 
New pars ( 319): r3=2.5213e-02 epsV=9.9830e-01 epsZ=9.9608e-01 
New pars ( 320): r3=2.6385e-02 epsV=9.9963e-01 epsZ=9.9379e-01 
New pars ( 321): r3=2.7710e-02 epsV=1.0014e+00 epsZ=9.9159e-01 
New pars ( 322): r3=2.4010e-02 epsV=9.9688e-01 epsZ=9.9834e-01 
New pars ( 323): r3=2.5916e-02 epsV=1.0002e+00 epsZ=9.9186e-01 
New pars ( 324): r3=2.4739e-02 epsV=9.9758e-01 epsZ=9.9761e-01 
New pars ( 325): r3=2.5091e-02 epsV=9.9725e-01 epsZ=9.9821e-01 
New pars ( 326): r3=2.5021e-02 epsV=9.9842e-01 epsZ=9.9577e-01 
New pars ( 327): r3=2.2795e-02 epsV=9.9562e-01 epsZ=1.0007e+00 
New pars ( 328): r3=2.5487e-02 epsV=9.9863e-01 epsZ=9.9552e-01 
New pars ( 329): r3=2.6155e-02 epsV=9.9954e-01 epsZ=9.9426e-01 
New pars ( 330): r3=2.4546e-02 epsV=9.9754e-01 epsZ=9.9732e-01 
New pars ( 331): r3=2.4827e-02 epsV=9.9741e-01 epsZ=9.9786e-01 
New pars ( 332): r3=2.4875e-02 epsV=9.9767e-01 epsZ=9.9734e-01 
New pars ( 333): r3=2.4970e-02 epsV=9.9794e-01 epsZ=9.9673e-01 
New pars ( 334): r3=2.5025e-02 epsV=9.9804e-01 epsZ=9.9657e-01 
New pars ( 335): r3=2.5027e-02 epsV=9.9804e-01 epsZ=9.9657e-01 
New pars ( 336): r3=2.5023e-02 epsV=9.9804e-01 epsZ=9.9657e-01 
New pars ( 337): r3=2.5025e-02 epsV=9.9804e-01 epsZ=9.9657e-01 
New pars ( 338): r3=2.5025e-02 epsV=9.9804e-01 epsZ=9.9657e-01 
New pars ( 339): r3=2.5025e-02 epsV=9.9804e-01 epsZ=9.9657e-01 
New pars ( 340): r3=2.5025e-02 epsV=9.9804e-01 epsZ=9.9657e-01 
New pars ( 341): r3=2.5027e-02 epsV=9.9804e-01 epsZ=9.9657e-01 
New pars ( 342): r3=2.5025e-02 epsV=9.9804e-01 epsZ=9.9658e-01 
 PARAMETER NUMBER   1 NOT A VARIABLE. IGNORED.
 THERE ARE NO MINOS ERRORS TO CALCULATE.
 PARAMETER NUMBER   2 NOT A VARIABLE. IGNORED.
 THERE ARE NO MINOS ERRORS TO CALCULATE.
 PARAMETER NUMBER   3 NOT A VARIABLE. IGNORED.
 THERE ARE NO MINOS ERRORS TO CALCULATE.
 PARAMETER NUMBER   4 NOT A VARIABLE. IGNORED.
 THERE ARE NO MINOS ERRORS TO CALCULATE.
 PARAMETER NUMBER   5 NOT A VARIABLE. IGNORED.
 THERE ARE NO MINOS ERRORS TO CALCULATE.
New pars ( 343): r3=2.7192e-02 epsV=1.0003e+00 epsZ=9.9305e-01 
New pars ( 344): r3=2.7171e-02 epsV=1.0001e+00 epsZ=9.9332e-01 
New pars ( 345): r3=2.2858e-02 epsV=9.9574e-01 epsZ=1.0001e+00 
New pars ( 346): r3=2.2873e-02 epsV=9.9554e-01 epsZ=1.0004e+00 
 PARAMETER NUMBER   7 NOT A VARIABLE. IGNORED.
 THERE ARE NO MINOS ERRORS TO CALCULATE.
 PARAMETER NUMBER   8 NOT A VARIABLE. IGNORED.
 THERE ARE NO MINOS ERRORS TO CALCULATE.
 PARAMETER NUMBER   9 NOT A VARIABLE. IGNORED.
 THERE ARE NO MINOS ERRORS TO CALCULATE.
 PARAMETER NUMBER  10 NOT A VARIABLE. IGNORED.
 THERE ARE NO MINOS ERRORS TO CALCULATE.
New pars ( 347): r3=2.6951e-02 epsV=1.0006e+00 epsZ=9.9213e-01 
New pars ( 348): r3=2.6955e-02 epsV=1.0006e+00 epsZ=9.9213e-01 
New pars ( 349): r3=2.6947e-02 epsV=1.0006e+00 epsZ=9.9213e-01 
New pars ( 350): r3=2.6961e-02 epsV=1.0006e+00 epsZ=9.9213e-01 
New pars ( 351): r3=2.6941e-02 epsV=1.0006e+00 epsZ=9.9213e-01 
New pars ( 352): r3=2.6951e-02 epsV=1.0006e+00 epsZ=9.9214e-01 
New pars ( 353): r3=2.7020e-02 epsV=1.0006e+00 epsZ=9.9203e-01 
New pars ( 354): r3=2.7030e-02 epsV=1.0006e+00 epsZ=9.9203e-01 
New pars ( 355): r3=2.7010e-02 epsV=1.0006e+00 epsZ=9.9203e-01 
New pars ( 356): r3=2.7020e-02 epsV=1.0006e+00 epsZ=9.9204e-01 
New pars ( 357): r3=2.7078e-02 epsV=1.0006e+00 epsZ=9.9209e-01 
New pars ( 358): r3=2.7081e-02 epsV=1.0006e+00 epsZ=9.9209e-01 
New pars ( 359): r3=2.7091e-02 epsV=1.0006e+00 epsZ=9.9209e-01 
New pars ( 360): r3=2.7071e-02 epsV=1.0006e+00 epsZ=9.9209e-01 
New pars ( 361): r3=2.7081e-02 epsV=1.0006e+00 epsZ=9.9210e-01 
New pars ( 362): r3=2.7092e-02 epsV=1.0004e+00 epsZ=9.9209e-01 
New pars ( 363): r3=2.7071e-02 epsV=1.0004e+00 epsZ=9.9209e-01 
New pars ( 364): r3=2.7081e-02 epsV=1.0004e+00 epsZ=9.9210e-01 
New pars ( 365): r3=2.6848e-02 epsV=1.0004e+00 epsZ=9.9246e-01 
New pars ( 366): r3=2.6859e-02 epsV=1.0004e+00 epsZ=9.9246e-01 
New pars ( 367): r3=2.6838e-02 epsV=1.0004e+00 epsZ=9.9246e-01 
New pars ( 368): r3=2.6848e-02 epsV=1.0004e+00 epsZ=9.9247e-01 
New pars ( 369): r3=2.6883e-02 epsV=1.0004e+00 epsZ=9.9250e-01 
New pars ( 370): r3=2.6893e-02 epsV=1.0004e+00 epsZ=9.9250e-01 
New pars ( 371): r3=2.6873e-02 epsV=1.0004e+00 epsZ=9.9250e-01 
New pars ( 372): r3=2.6883e-02 epsV=1.0004e+00 epsZ=9.9251e-01 
New pars ( 373): r3=2.6893e-02 epsV=1.0004e+00 epsZ=9.9250e-01 
New pars ( 374): r3=2.6873e-02 epsV=1.0004e+00 epsZ=9.9250e-01 
New pars ( 375): r3=2.6883e-02 epsV=1.0004e+00 epsZ=9.9251e-01 
New pars ( 376): r3=2.6896e-02 epsV=1.0004e+00 epsZ=9.9247e-01 
New pars ( 377): r3=2.6906e-02 epsV=1.0004e+00 epsZ=9.9247e-01 
New pars ( 378): r3=2.6886e-02 epsV=1.0004e+00 epsZ=9.9247e-01 
New pars ( 379): r3=2.6896e-02 epsV=1.0004e+00 epsZ=9.9248e-01 
New pars ( 380): r3=2.3099e-02 epsV=9.9545e-01 epsZ=1.0010e+00 
New pars ( 381): r3=2.3110e-02 epsV=9.9545e-01 epsZ=1.0010e+00 
New pars ( 382): r3=2.3089e-02 epsV=9.9545e-01 epsZ=1.0010e+00 
New pars ( 383): r3=2.3099e-02 epsV=9.9545e-01 epsZ=1.0010e+00 
New pars ( 384): r3=2.3338e-02 epsV=9.9545e-01 epsZ=1.0011e+00 
New pars ( 385): r3=2.3256e-02 epsV=9.9545e-01 epsZ=1.0011e+00 
New pars ( 386): r3=2.3265e-02 epsV=9.9545e-01 epsZ=1.0011e+00 
New pars ( 387): r3=2.3248e-02 epsV=9.9545e-01 epsZ=1.0011e+00 
New pars ( 388): r3=2.3256e-02 epsV=9.9545e-01 epsZ=1.0011e+00 
New pars ( 389): r3=2.3230e-02 epsV=9.9545e-01 epsZ=1.0010e+00 
New pars ( 390): r3=2.3213e-02 epsV=9.9545e-01 epsZ=1.0010e+00 
New pars ( 391): r3=2.3222e-02 epsV=9.9545e-01 epsZ=1.0010e+00 
New pars ( 392): r3=2.3204e-02 epsV=9.9545e-01 epsZ=1.0010e+00 
New pars ( 393): r3=2.3213e-02 epsV=9.9545e-01 epsZ=1.0010e+00 
New pars ( 394): r3=2.3222e-02 epsV=9.9527e-01 epsZ=1.0010e+00 
New pars ( 395): r3=2.3204e-02 epsV=9.9527e-01 epsZ=1.0010e+00 
New pars ( 396): r3=2.3213e-02 epsV=9.9527e-01 epsZ=1.0010e+00 
New pars ( 397): r3=2.3081e-02 epsV=9.9527e-01 epsZ=1.0013e+00 
New pars ( 398): r3=2.3090e-02 epsV=9.9527e-01 epsZ=1.0013e+00 
New pars ( 399): r3=2.3072e-02 epsV=9.9527e-01 epsZ=1.0013e+00 
New pars ( 400): r3=2.3081e-02 epsV=9.9527e-01 epsZ=1.0013e+00 
New pars ( 401): r3=2.3096e-02 epsV=9.9527e-01 epsZ=1.0013e+00 
New pars ( 402): r3=2.3105e-02 epsV=9.9527e-01 epsZ=1.0013e+00 
New pars ( 403): r3=2.3087e-02 epsV=9.9527e-01 epsZ=1.0013e+00 
New pars ( 404): r3=2.3096e-02 epsV=9.9527e-01 epsZ=1.0013e+00 
New pars ( 405): r3=2.3105e-02 epsV=9.9526e-01 epsZ=1.0013e+00 
New pars ( 406): r3=2.3087e-02 epsV=9.9526e-01 epsZ=1.0013e+00 
New pars ( 407): r3=2.3096e-02 epsV=9.9526e-01 epsZ=1.0013e+00 
New pars ( 408): r3=2.3086e-02 epsV=9.9526e-01 epsZ=1.0013e+00 
New pars ( 409): r3=2.3095e-02 epsV=9.9526e-01 epsZ=1.0013e+00 
New pars ( 410): r3=2.3077e-02 epsV=9.9526e-01 epsZ=1.0013e+00 
New pars ( 411): r3=2.3086e-02 epsV=9.9526e-01 epsZ=1.0013e+00 
 PARAMETER NUMBER  12 NOT A VARIABLE. IGNORED.
 THERE ARE NO MINOS ERRORS TO CALCULATE.
 PARAMETER NUMBER  13 NOT A VARIABLE. IGNORED.
 THERE ARE NO MINOS ERRORS TO CALCULATE.
 PARAMETER NUMBER  14 NOT A VARIABLE. IGNORED.
 THERE ARE NO MINOS ERRORS TO CALCULATE.
New pars ( 412): r3=2.3363e-02 epsV=9.9554e-01 epsZ=1.0012e+00 
New pars ( 413): r3=2.3372e-02 epsV=9.9554e-01 epsZ=1.0012e+00 
New pars ( 414): r3=2.3355e-02 epsV=9.9554e-01 epsZ=1.0012e+00 
New pars ( 415): r3=2.3363e-02 epsV=9.9554e-01 epsZ=1.0012e+00 
New pars ( 416): r3=2.3498e-02 epsV=9.9555e-01 epsZ=1.0012e+00 
New pars ( 417): r3=2.3477e-02 epsV=9.9554e-01 epsZ=1.0012e+00 
New pars ( 418): r3=2.3486e-02 epsV=9.9554e-01 epsZ=1.0012e+00 
New pars ( 419): r3=2.3468e-02 epsV=9.9554e-01 epsZ=1.0012e+00 
New pars ( 420): r3=2.3477e-02 epsV=9.9555e-01 epsZ=1.0012e+00 
New pars ( 421): r3=2.3432e-02 epsV=9.9552e-01 epsZ=1.0012e+00 
New pars ( 422): r3=2.3421e-02 epsV=9.9551e-01 epsZ=1.0012e+00 
New pars ( 423): r3=2.3430e-02 epsV=9.9551e-01 epsZ=1.0012e+00 
New pars ( 424): r3=2.3413e-02 epsV=9.9551e-01 epsZ=1.0012e+00 
New pars ( 425): r3=2.3421e-02 epsV=9.9551e-01 epsZ=1.0012e+00 
New pars ( 426): r3=2.3430e-02 epsV=9.9551e-01 epsZ=1.0014e+00 
New pars ( 427): r3=2.3413e-02 epsV=9.9551e-01 epsZ=1.0014e+00 
New pars ( 428): r3=2.3421e-02 epsV=9.9551e-01 epsZ=1.0014e+00 
New pars ( 429): r3=2.3319e-02 epsV=9.9535e-01 epsZ=1.0014e+00 
New pars ( 430): r3=2.3328e-02 epsV=9.9535e-01 epsZ=1.0014e+00 
New pars ( 431): r3=2.3310e-02 epsV=9.9535e-01 epsZ=1.0014e+00 
New pars ( 432): r3=2.3319e-02 epsV=9.9536e-01 epsZ=1.0014e+00 
New pars ( 433): r3=2.3329e-02 epsV=9.9536e-01 epsZ=1.0014e+00 
New pars ( 434): r3=2.3338e-02 epsV=9.9536e-01 epsZ=1.0014e+00 
New pars ( 435): r3=2.3321e-02 epsV=9.9536e-01 epsZ=1.0014e+00 
New pars ( 436): r3=2.3329e-02 epsV=9.9536e-01 epsZ=1.0014e+00 
New pars ( 437): r3=2.6687e-02 epsV=1.0005e+00 epsZ=9.9197e-01 
New pars ( 438): r3=2.6696e-02 epsV=1.0005e+00 epsZ=9.9197e-01 
New pars ( 439): r3=2.6678e-02 epsV=1.0005e+00 epsZ=9.9197e-01 
New pars ( 440): r3=2.6687e-02 epsV=1.0005e+00 epsZ=9.9197e-01 
New pars ( 441): r3=2.6576e-02 epsV=1.0004e+00 epsZ=9.9197e-01 
New pars ( 442): r3=2.6623e-02 epsV=1.0005e+00 epsZ=9.9197e-01 
New pars ( 443): r3=2.6633e-02 epsV=1.0005e+00 epsZ=9.9197e-01 
New pars ( 444): r3=2.6613e-02 epsV=1.0005e+00 epsZ=9.9197e-01 
New pars ( 445): r3=2.6623e-02 epsV=1.0005e+00 epsZ=9.9197e-01 
New pars ( 446): r3=2.6680e-02 epsV=1.0005e+00 epsZ=9.9197e-01 
New pars ( 447): r3=2.6725e-02 epsV=1.0005e+00 epsZ=9.9197e-01 
New pars ( 448): r3=2.6735e-02 epsV=1.0005e+00 epsZ=9.9197e-01 
New pars ( 449): r3=2.6715e-02 epsV=1.0005e+00 epsZ=9.9197e-01 
New pars ( 450): r3=2.6725e-02 epsV=1.0005e+00 epsZ=9.9197e-01 
New pars ( 451): r3=2.6735e-02 epsV=1.0005e+00 epsZ=9.9235e-01 
New pars ( 452): r3=2.6715e-02 epsV=1.0005e+00 epsZ=9.9235e-01 
New pars ( 453): r3=2.6725e-02 epsV=1.0005e+00 epsZ=9.9235e-01 
New pars ( 454): r3=2.6541e-02 epsV=1.0003e+00 epsZ=9.9235e-01 
New pars ( 455): r3=2.6551e-02 epsV=1.0003e+00 epsZ=9.9235e-01 
New pars ( 456): r3=2.6531e-02 epsV=1.0003e+00 epsZ=9.9235e-01 
New pars ( 457): r3=2.6541e-02 epsV=1.0003e+00 epsZ=9.9235e-01 
New pars ( 458): r3=2.6585e-02 epsV=1.0003e+00 epsZ=9.9235e-01 
New pars ( 459): r3=2.6595e-02 epsV=1.0003e+00 epsZ=9.9235e-01 
New pars ( 460): r3=2.6574e-02 epsV=1.0003e+00 epsZ=9.9235e-01 
New pars ( 461): r3=2.6585e-02 epsV=1.0003e+00 epsZ=9.9235e-01 
New pars ( 462): r3=2.6586e-02 epsV=1.0003e+00 epsZ=9.9235e-01 
New pars ( 463): r3=2.6596e-02 epsV=1.0003e+00 epsZ=9.9235e-01 
New pars ( 464): r3=2.6576e-02 epsV=1.0003e+00 epsZ=9.9235e-01 
New pars ( 465): r3=2.6586e-02 epsV=1.0003e+00 epsZ=9.9235e-01 
New pars ( 466): r3=2.6596e-02 epsV=1.0003e+00 epsZ=9.9232e-01 
New pars ( 467): r3=2.6576e-02 epsV=1.0003e+00 epsZ=9.9232e-01 
New pars ( 468): r3=2.6586e-02 epsV=1.0003e+00 epsZ=9.9232e-01 
New pars ( 469): r3=2.6594e-02 epsV=1.0003e+00 epsZ=9.9232e-01 
New pars ( 470): r3=2.6604e-02 epsV=1.0003e+00 epsZ=9.9232e-01 
New pars ( 471): r3=2.6584e-02 epsV=1.0003e+00 epsZ=9.9232e-01 
New pars ( 472): r3=2.6594e-02 epsV=1.0003e+00 epsZ=9.9232e-01 
 PARAMETER NUMBER  16 NOT A VARIABLE. IGNORED.
 THERE ARE NO MINOS ERRORS TO CALCULATE.
 PARAMETER NUMBER  17 NOT A VARIABLE. IGNORED.
 THERE ARE NO MINOS ERRORS TO CALCULATE.
 PARAMETER NUMBER  18 NOT A VARIABLE. IGNORED.
 THERE ARE NO MINOS ERRORS TO CALCULATE.
 PARAMETER NUMBER  19 NOT A VARIABLE. IGNORED.
 THERE ARE NO MINOS ERRORS TO CALCULATE.
 PARAMETER NUMBER  20 NOT A VARIABLE. IGNORED.
 THERE ARE NO MINOS ERRORS TO CALCULATE.
 PARAMETER NUMBER  21 NOT A VARIABLE. IGNORED.
 THERE ARE NO MINOS ERRORS TO CALCULATE.
New pars ( 473): r3=2.5025e-02 epsV=9.9804e-01 epsZ=9.9657e-01 

Fitting done in 1130000 clicks (1.130000 seconds).
Fit status = 4000
Cov status = 1
Fit valid? = 1

****************************************
Minimizer is Minuit / MigradImproved
MinFCN                    =      514.469
Chi2                      =       991.84
NDf                       =          897
Edm                       =  6.34463e-07
NCalls                    =          374
# Cyc's                   =          244                      	 (fixed)
Bin width                 =          100                      	 (fixed)
DC rate                   =     0.008633                      	 (fixed)
Rate 1                    =            0                      	 (fixed)
Rate 2                    =            0                      	 (fixed)
Rate 3                    =    0.0250251   +/-   0.00224433  
Capt eff                  =          0.6                      	 (fixed)
Capt ret                  =            1                      	 (fixed)
T eff                     =         0.99                      	 (fixed)
U eff                     =            1                      	 (fixed)
V eff                     =     0.998036   +/-   0.00271602  
W eff                     =        0.999                      	 (fixed)
X eff                     =            1                      	 (fixed)
Y eff                     =            1                      	 (fixed)
Z eff                     =     0.996574   +/-   0.00483223  
T1 loss                   =            0                      	 (fixed)
T2 loss                   =       0.0263                      	 (fixed)
T3 loss                   =       0.0263                      	 (fixed)
U1 loss                   =        2e-10                      	 (fixed)
U2 loss                   =        2e-10                      	 (fixed)
U3 loss                   =        2e-10                      	 (fixed)

Covariance Matrix:

            	      Rate 3       V eff       Z eff
Rate 3      	   5.037e-06  5.4667e-06 -8.5143e-06
V eff       	  5.4667e-06  7.3767e-06 -1.2732e-05
Z eff       	 -8.5143e-06 -1.2732e-05   2.335e-05

Correlation Matrix:

            	      Rate 3       V eff       Z eff
Rate 3      	           1     0.89683    -0.78508
V eff       	     0.89683           1    -0.97011
Z eff       	    -0.78508    -0.97011           1

Integrals computed in 230000 clicks (0.230000 seconds).
Errors computed in 1290000 clicks (1.290000 seconds).

~~~~~~~~~~~~~~~~~~~~~~~~~~~~~~~~~~~~~~~~~~~~~~~~~~~~~~~~~~~~~~~~~~~~~
NUMBER OF BETAS DETECTED, by population:
~~~~~~~~~~~~~~~~~~~~~~~~~~~~~~~~~~~~~~~~~~~~~~~~~~~~~~~~~~~~~~~~~~~~~
T1 integral = 0.0 +/- 0.0
U1 integral = 0.0 +/- 0.0
T2 integral = 0.0 +/- 0.0
U2 integral = 0.0 +/- 0.0
T3 integral = 1383.8 +/- 124.1
U3 integral = 468.9 +/- 122.9
DC integral = 189.6 +/- 0.0
~~~~~~~~~~~~~~~~~~~~~~~~~~~~~~~~~~~~~~~~~~~~~~~~~~~~~~~~~~~~~~~~~~~~~
Sum of above = 2042.3 +/- 174.7 <-- no cov in unc
All integral = 2042.3 +/- 45.1
~~~~~~~~~~~~~~~~~~~~~~~~~~~~~~~~~~~~~~~~~~~~~~~~~~~~~~~~~~~~~~~~~~~~~


BFit2 done. Timer = 2.36 sec.
Elapsed time = 2.31 sec.

