Timestamp = Mon Apr  6 09:20:12 2015

Importing metadata from CSV files...
Imported 68 BDN cases
Imported 48 BFit cases
Performing BFit with BDN case 137i07 and BFit case 137i07_18

BFit started. Timer = 0.07 sec.

~~~~~~~~~~~~~~~~~~~~~~~~~~~~~~~~~~~~~~~~~~~~~~~~~~~~~~~~~~~~~~~~~~~~~
BETA SINGLES MODEL
~~~~~~~~~~~~~~~~~~~~~~~~~~~~~~~~~~~~~~~~~~~~~~~~~~~~~~~~~~~~~~~~~~~~~
Case: 137i07
File: /music/bpt1/bpt/bdn/shane/137i/rootfiles/137i07.root
Histogram: h_betas_vs_cycle_time
Total cycle time	=    246.000 s
Background time		=    101.000 s
Capture cycle time	=      6.000 s
Last capture time	=      1.000 s
137-Te halflife		=      2.490 s  (lifetime      3.592 s)
137-I halflife		=     24.500 s  (lifetime     35.346 s)
137-Xe halflife		=    229.080 s  (lifetime    330.493 s)
~~~~~~~~~~~~~~~~~~~~~~~~~~~~~~~~~~~~~~~~~~~~~~~~~~~~~~~~~~~~~~~~~~~~~
HISTOGRAM REBINNED
   Number of hist bins = 984
   Number of fn points = 246000
   Number of pts/bin   = 250
~~~~~~~~~~~~~~~~~~~~~~~~~~~~~~~~~~~~~~~~~~~~~~~~~~~~~~~~~~~~~~~~~~~~~
Doing fit with option string: QROMES
~~~~~~~~~~~~~~~~~~~~~~~~~~~~~~~~~~~~~~~~~~~~~~~~~~~~~~~~~~~~~~~~~~~~~
PARAMETER SEED VALUES
~~~~~~~~~~~~~~~~~~~~~~~~~~~~~~~~~~~~~~~~~~~~~~~~~~~~~~~~~~~~~~~~~~~~~
      Par name  Varying?	Par init val and step
~~~~~~~~~~~~~~~~~~~~~~~~~~~~~~~~~~~~~~~~~~~~~~~~~~~~~~~~~~~~~~~~~~~~~
       # Cyc's         0	525 +/- 0.01
     Bin width         0	250 +/- 0.01
       DC rate         1	6.8 +/- 0.001
        Rate 1         1	120 +/- 0.0005
        Rate 2         1	850 +/- 0.0005
        Rate 3         0	0 +/- 0.0005
      Capt eff         1	0.65 +/- 0.02
      Capt ret         0	1 +/- 0.01
         T eff         0	0.13 +/- 0.01
         U eff         0	0.035 +/- 0.001
         V eff         1	1.5 +/- 0.001
         W eff         0	0 +/- 0.001
         X eff         0	1 +/- 0.001
         Y eff         0	0 +/- 0.001
         Z eff         1	0.8 +/- 0.001
       T1 loss         0	0 +/- 0.005
       T2 loss         0	0.028 +/- 0.001
       T3 loss         0	0 +/- 0.005
       U1 loss         0	2e-10 +/- 0.005
       U2 loss         0	2e-10 +/- 0.005
       U3 loss         0	10000 +/- 0.01
~~~~~~~~~~~~~~~~~~~~~~~~~~~~~~~~~~~~~~~~~~~~~~~~~~~~~~~~~~~~~~~~~~~~~

Ini pars (   0): DC=6.8000e+00 r1=1.2000e+02 r2=8.5000e+02 p=6.5000e-01 epsV=1.5000e+00 epsZ=8.0000e-01 
New pars (   1): DC=6.8002e+00 r1=1.2000e+02 r2=8.5000e+02 p=6.5000e-01 epsV=1.5000e+00 epsZ=8.0000e-01 
New pars (   2): DC=6.7998e+00 r1=1.2000e+02 r2=8.5000e+02 p=6.5000e-01 epsV=1.5000e+00 epsZ=8.0000e-01 
New pars (   3): DC=6.8007e+00 r1=1.2000e+02 r2=8.5000e+02 p=6.5000e-01 epsV=1.5000e+00 epsZ=8.0000e-01 
New pars (   4): DC=6.7993e+00 r1=1.2000e+02 r2=8.5000e+02 p=6.5000e-01 epsV=1.5000e+00 epsZ=8.0000e-01 
New pars (   5): DC=6.8000e+00 r1=1.2000e+02 r2=8.5000e+02 p=6.5000e-01 epsV=1.5000e+00 epsZ=8.0000e-01 
New pars (   6): DC=6.8000e+00 r1=1.2000e+02 r2=8.5000e+02 p=6.5000e-01 epsV=1.5000e+00 epsZ=8.0000e-01 
New pars (   7): DC=6.8000e+00 r1=1.2000e+02 r2=8.5000e+02 p=6.5000e-01 epsV=1.5000e+00 epsZ=8.0000e-01 
New pars (   8): DC=6.8000e+00 r1=1.2000e+02 r2=8.5000e+02 p=6.5000e-01 epsV=1.5000e+00 epsZ=8.0000e-01 
New pars (   9): DC=6.8000e+00 r1=1.2000e+02 r2=8.5000e+02 p=6.5000e-01 epsV=1.5000e+00 epsZ=8.0000e-01 
New pars (  10): DC=6.8000e+00 r1=1.2000e+02 r2=8.5000e+02 p=6.5000e-01 epsV=1.5000e+00 epsZ=8.0000e-01 
New pars (  11): DC=6.8000e+00 r1=1.2000e+02 r2=8.5000e+02 p=6.5368e-01 epsV=1.5000e+00 epsZ=8.0000e-01 
New pars (  12): DC=6.8000e+00 r1=1.2000e+02 r2=8.5000e+02 p=6.4632e-01 epsV=1.5000e+00 epsZ=8.0000e-01 
New pars (  13): DC=6.8000e+00 r1=1.2000e+02 r2=8.5000e+02 p=6.5037e-01 epsV=1.5000e+00 epsZ=8.0000e-01 
New pars (  14): DC=6.8000e+00 r1=1.2000e+02 r2=8.5000e+02 p=6.4963e-01 epsV=1.5000e+00 epsZ=8.0000e-01 
New pars (  15): DC=6.8000e+00 r1=1.2000e+02 r2=8.5000e+02 p=6.5000e-01 epsV=1.5002e+00 epsZ=8.0000e-01 
New pars (  16): DC=6.7993e+00 r1=1.2000e+02 r2=8.5000e+02 p=6.5000e-01 epsV=1.5000e+00 epsZ=8.0000e-01 
New pars (  17): DC=6.7967e+00 r1=1.2000e+02 r2=8.5000e+02 p=6.5000e-01 epsV=1.5000e+00 epsZ=8.0000e-01 
New pars (  18): DC=6.7902e+00 r1=1.2000e+02 r2=8.5000e+02 p=6.5000e-01 epsV=1.5000e+00 epsZ=8.0000e-01 
New pars (  19): DC=6.7705e+00 r1=1.2000e+02 r2=8.5000e+02 p=6.5000e-01 epsV=1.5000e+00 epsZ=8.0000e-01 
New pars (  20): DC=6.7116e+00 r1=1.2000e+02 r2=8.5000e+02 p=6.5000e-01 epsV=1.5000e+00 epsZ=8.0000e-01 
New pars (  21): DC=6.5348e+00 r1=1.2000e+02 r2=8.5000e+02 p=6.5000e-01 epsV=1.5000e+00 epsZ=8.0000e-01 
New pars (  22): DC=6.1453e+00 r1=1.2000e+02 r2=8.5000e+02 p=6.5000e-01 epsV=1.5000e+00 epsZ=8.0000e-01 
New pars (  23): DC=6.1470e+00 r1=1.2000e+02 r2=8.5000e+02 p=6.5000e-01 epsV=1.5000e+00 epsZ=8.0000e-01 
New pars (  24): DC=6.1436e+00 r1=1.2000e+02 r2=8.5000e+02 p=6.5000e-01 epsV=1.5000e+00 epsZ=8.0000e-01 
New pars (  25): DC=6.1480e+00 r1=1.2000e+02 r2=8.5000e+02 p=6.5000e-01 epsV=1.5000e+00 epsZ=8.0000e-01 
New pars (  26): DC=6.1425e+00 r1=1.2000e+02 r2=8.5000e+02 p=6.5000e-01 epsV=1.5000e+00 epsZ=8.0000e-01 
New pars (  27): DC=6.1453e+00 r1=1.2000e+02 r2=8.5000e+02 p=6.5000e-01 epsV=1.5000e+00 epsZ=8.0000e-01 
New pars (  28): DC=6.1453e+00 r1=1.2000e+02 r2=8.5000e+02 p=6.5000e-01 epsV=1.5000e+00 epsZ=8.0000e-01 
New pars (  29): DC=6.1453e+00 r1=1.2000e+02 r2=8.5000e+02 p=6.5000e-01 epsV=1.5000e+00 epsZ=8.0000e-01 
New pars (  30): DC=6.1453e+00 r1=1.2000e+02 r2=8.5000e+02 p=6.5000e-01 epsV=1.5000e+00 epsZ=8.0000e-01 
New pars (  31): DC=6.1453e+00 r1=1.2000e+02 r2=8.5000e+02 p=6.5000e-01 epsV=1.5000e+00 epsZ=8.0000e-01 
New pars (  32): DC=6.1453e+00 r1=1.2000e+02 r2=8.5000e+02 p=6.5000e-01 epsV=1.5000e+00 epsZ=8.0000e-01 
New pars (  33): DC=6.1453e+00 r1=1.2000e+02 r2=8.5000e+02 p=6.5000e-01 epsV=1.5000e+00 epsZ=8.0000e-01 
New pars (  34): DC=6.1453e+00 r1=1.2000e+02 r2=8.5000e+02 p=6.5000e-01 epsV=1.5000e+00 epsZ=8.0000e-01 
New pars (  35): DC=6.1453e+00 r1=1.2000e+02 r2=8.5000e+02 p=6.5014e-01 epsV=1.5000e+00 epsZ=8.0000e-01 
New pars (  36): DC=6.1453e+00 r1=1.2000e+02 r2=8.5000e+02 p=6.4986e-01 epsV=1.5000e+00 epsZ=8.0000e-01 
New pars (  37): DC=6.1453e+00 r1=1.2000e+02 r2=8.5000e+02 p=6.5000e-01 epsV=1.5002e+00 epsZ=8.0000e-01 
New pars (  38): DC=6.1453e+00 r1=1.2000e+02 r2=8.5000e+02 p=6.5000e-01 epsV=1.5000e+00 epsZ=8.0000e-01 
New pars (  39): DC=6.1453e+00 r1=1.2000e+02 r2=8.5000e+02 p=6.5000e-01 epsV=1.5000e+00 epsZ=8.0000e-01 
New pars (  40): DC=6.1453e+00 r1=1.1999e+02 r2=8.5000e+02 p=6.5000e-01 epsV=1.5000e+00 epsZ=8.0000e-01 
New pars (  41): DC=6.1453e+00 r1=1.1998e+02 r2=8.5000e+02 p=6.5000e-01 epsV=1.5000e+00 epsZ=8.0000e-01 
New pars (  42): DC=6.1453e+00 r1=1.1993e+02 r2=8.5000e+02 p=6.5000e-01 epsV=1.5000e+00 epsZ=8.0000e-01 
New pars (  43): DC=6.1453e+00 r1=1.1979e+02 r2=8.5000e+02 p=6.5000e-01 epsV=1.5000e+00 epsZ=8.0000e-01 
New pars (  44): DC=6.1453e+00 r1=1.1948e+02 r2=8.5000e+02 p=6.5000e-01 epsV=1.5000e+00 epsZ=8.0000e-01 
New pars (  45): DC=6.1480e+00 r1=1.1948e+02 r2=8.5000e+02 p=6.5000e-01 epsV=1.5000e+00 epsZ=8.0000e-01 
New pars (  46): DC=6.1425e+00 r1=1.1948e+02 r2=8.5000e+02 p=6.5000e-01 epsV=1.5000e+00 epsZ=8.0000e-01 
New pars (  47): DC=6.1453e+00 r1=1.1948e+02 r2=8.5000e+02 p=6.5000e-01 epsV=1.5000e+00 epsZ=8.0000e-01 
New pars (  48): DC=6.1453e+00 r1=1.1948e+02 r2=8.5000e+02 p=6.5000e-01 epsV=1.5000e+00 epsZ=8.0000e-01 
New pars (  49): DC=6.1453e+00 r1=1.1948e+02 r2=8.5000e+02 p=6.5000e-01 epsV=1.5000e+00 epsZ=8.0000e-01 
New pars (  50): DC=6.1453e+00 r1=1.1948e+02 r2=8.5000e+02 p=6.5000e-01 epsV=1.5000e+00 epsZ=8.0000e-01 
New pars (  51): DC=6.1453e+00 r1=1.1948e+02 r2=8.5000e+02 p=6.5019e-01 epsV=1.5000e+00 epsZ=8.0000e-01 
New pars (  52): DC=6.1453e+00 r1=1.1948e+02 r2=8.5000e+02 p=6.4981e-01 epsV=1.5000e+00 epsZ=8.0000e-01 
New pars (  53): DC=6.1453e+00 r1=1.1948e+02 r2=8.5000e+02 p=6.5000e-01 epsV=1.5018e+00 epsZ=8.0000e-01 
New pars (  54): DC=6.1453e+00 r1=1.1948e+02 r2=8.5000e+02 p=6.5000e-01 epsV=1.5000e+00 epsZ=8.0000e-01 
New pars (  55): DC=6.1453e+00 r1=1.1948e+02 r2=8.5000e+02 p=6.5000e-01 epsV=1.5000e+00 epsZ=8.0000e-01 
New pars (  56): DC=6.1453e+00 r1=1.1947e+02 r2=8.5000e+02 p=6.5000e-01 epsV=1.5000e+00 epsZ=8.0000e-01 
New pars (  57): DC=6.1453e+00 r1=1.1944e+02 r2=8.5000e+02 p=6.5000e-01 epsV=1.5000e+00 epsZ=8.0000e-01 
New pars (  58): DC=6.1453e+00 r1=1.1935e+02 r2=8.5000e+02 p=6.5000e-01 epsV=1.5000e+00 epsZ=8.0000e-01 
New pars (  59): DC=6.1453e+00 r1=1.1910e+02 r2=8.5000e+02 p=6.5000e-01 epsV=1.5000e+00 epsZ=8.0000e-01 
New pars (  60): DC=6.1453e+00 r1=1.1855e+02 r2=8.5000e+02 p=6.5000e-01 epsV=1.5000e+00 epsZ=8.0000e-01 
New pars (  61): DC=6.1479e+00 r1=1.1855e+02 r2=8.5000e+02 p=6.5000e-01 epsV=1.5000e+00 epsZ=8.0000e-01 
New pars (  62): DC=6.1427e+00 r1=1.1855e+02 r2=8.5000e+02 p=6.5000e-01 epsV=1.5000e+00 epsZ=8.0000e-01 
New pars (  63): DC=6.1453e+00 r1=1.1855e+02 r2=8.5000e+02 p=6.5000e-01 epsV=1.5000e+00 epsZ=8.0000e-01 
New pars (  64): DC=6.1453e+00 r1=1.1855e+02 r2=8.5000e+02 p=6.5000e-01 epsV=1.5000e+00 epsZ=8.0000e-01 
New pars (  65): DC=6.1453e+00 r1=1.1855e+02 r2=8.5000e+02 p=6.5000e-01 epsV=1.5000e+00 epsZ=8.0000e-01 
New pars (  66): DC=6.1453e+00 r1=1.1855e+02 r2=8.5000e+02 p=6.5000e-01 epsV=1.5000e+00 epsZ=8.0000e-01 
New pars (  67): DC=6.1453e+00 r1=1.1855e+02 r2=8.5000e+02 p=6.5014e-01 epsV=1.5000e+00 epsZ=8.0000e-01 
New pars (  68): DC=6.1453e+00 r1=1.1855e+02 r2=8.5000e+02 p=6.4986e-01 epsV=1.5000e+00 epsZ=8.0000e-01 
New pars (  69): DC=6.1453e+00 r1=1.1855e+02 r2=8.5000e+02 p=6.5000e-01 epsV=1.5004e+00 epsZ=8.0000e-01 
New pars (  70): DC=6.1453e+00 r1=1.1855e+02 r2=8.5000e+02 p=6.5000e-01 epsV=1.5000e+00 epsZ=8.0000e-01 
New pars (  71): DC=6.1453e+00 r1=1.1854e+02 r2=8.5000e+02 p=6.5000e-01 epsV=1.5000e+00 epsZ=8.0000e-01 
New pars (  72): DC=6.1453e+00 r1=1.1851e+02 r2=8.5000e+02 p=6.5000e-01 epsV=1.5000e+00 epsZ=8.0000e-01 
New pars (  73): DC=6.1453e+00 r1=1.1844e+02 r2=8.5000e+02 p=6.5000e-01 epsV=1.5000e+00 epsZ=8.0000e-01 
New pars (  74): DC=6.1453e+00 r1=1.1822e+02 r2=8.5000e+02 p=6.5000e-01 epsV=1.5000e+00 epsZ=8.0000e-01 
New pars (  75): DC=6.1453e+00 r1=1.1757e+02 r2=8.5000e+02 p=6.5000e-01 epsV=1.5000e+00 epsZ=8.0000e-01 
New pars (  76): DC=6.1453e+00 r1=1.1612e+02 r2=8.5000e+02 p=6.5000e-01 epsV=1.5000e+00 epsZ=8.0000e-01 
New pars (  77): DC=6.1478e+00 r1=1.1612e+02 r2=8.5000e+02 p=6.5000e-01 epsV=1.5000e+00 epsZ=8.0000e-01 
New pars (  78): DC=6.1427e+00 r1=1.1612e+02 r2=8.5000e+02 p=6.5000e-01 epsV=1.5000e+00 epsZ=8.0000e-01 
New pars (  79): DC=6.1453e+00 r1=1.1613e+02 r2=8.5000e+02 p=6.5000e-01 epsV=1.5000e+00 epsZ=8.0000e-01 
New pars (  80): DC=6.1453e+00 r1=1.1611e+02 r2=8.5000e+02 p=6.5000e-01 epsV=1.5000e+00 epsZ=8.0000e-01 
New pars (  81): DC=6.1453e+00 r1=1.1612e+02 r2=8.5001e+02 p=6.5000e-01 epsV=1.5000e+00 epsZ=8.0000e-01 
New pars (  82): DC=6.1453e+00 r1=1.1612e+02 r2=8.4999e+02 p=6.5000e-01 epsV=1.5000e+00 epsZ=8.0000e-01 
New pars (  83): DC=6.1453e+00 r1=1.1612e+02 r2=8.5000e+02 p=6.5015e-01 epsV=1.5000e+00 epsZ=8.0000e-01 
New pars (  84): DC=6.1453e+00 r1=1.1612e+02 r2=8.5000e+02 p=6.4985e-01 epsV=1.5000e+00 epsZ=8.0000e-01 
New pars (  85): DC=6.1453e+00 r1=1.1612e+02 r2=8.5000e+02 p=6.5000e-01 epsV=1.5005e+00 epsZ=8.0000e-01 
New pars (  86): DC=6.1453e+00 r1=1.1611e+02 r2=8.5000e+02 p=6.5000e-01 epsV=1.5000e+00 epsZ=8.0000e-01 
New pars (  87): DC=6.1453e+00 r1=1.1609e+02 r2=8.5000e+02 p=6.5000e-01 epsV=1.5000e+00 epsZ=8.0000e-01 
New pars (  88): DC=6.1453e+00 r1=1.1603e+02 r2=8.5000e+02 p=6.5000e-01 epsV=1.5000e+00 epsZ=8.0000e-01 
New pars (  89): DC=6.1453e+00 r1=1.1584e+02 r2=8.5000e+02 p=6.5000e-01 epsV=1.5000e+00 epsZ=8.0000e-01 
New pars (  90): DC=6.1453e+00 r1=1.1527e+02 r2=8.5000e+02 p=6.5000e-01 epsV=1.5000e+00 epsZ=8.0000e-01 
New pars (  91): DC=6.1453e+00 r1=1.1356e+02 r2=8.5000e+02 p=6.5000e-01 epsV=1.5000e+00 epsZ=8.0000e-01 
New pars (  92): DC=6.1453e+00 r1=1.0979e+02 r2=8.5000e+02 p=6.5000e-01 epsV=1.5000e+00 epsZ=8.0000e-01 
New pars (  93): DC=6.1476e+00 r1=1.0979e+02 r2=8.5000e+02 p=6.5000e-01 epsV=1.5000e+00 epsZ=8.0000e-01 
New pars (  94): DC=6.1429e+00 r1=1.0979e+02 r2=8.5000e+02 p=6.5000e-01 epsV=1.5000e+00 epsZ=8.0000e-01 
New pars (  95): DC=6.1453e+00 r1=1.0981e+02 r2=8.5000e+02 p=6.5000e-01 epsV=1.5000e+00 epsZ=8.0000e-01 
New pars (  96): DC=6.1453e+00 r1=1.0977e+02 r2=8.5000e+02 p=6.5000e-01 epsV=1.5000e+00 epsZ=8.0000e-01 
New pars (  97): DC=6.1453e+00 r1=1.0985e+02 r2=8.5000e+02 p=6.5000e-01 epsV=1.5000e+00 epsZ=8.0000e-01 
New pars (  98): DC=6.1453e+00 r1=1.0973e+02 r2=8.5000e+02 p=6.5000e-01 epsV=1.5000e+00 epsZ=8.0000e-01 
New pars (  99): DC=6.1453e+00 r1=1.0979e+02 r2=8.5001e+02 p=6.5000e-01 epsV=1.5000e+00 epsZ=8.0000e-01 
New pars ( 100): DC=6.1453e+00 r1=1.0979e+02 r2=8.4999e+02 p=6.5000e-01 epsV=1.5000e+00 epsZ=8.0000e-01 
New pars ( 101): DC=6.1453e+00 r1=1.0979e+02 r2=8.5002e+02 p=6.5000e-01 epsV=1.5000e+00 epsZ=8.0000e-01 
New pars ( 102): DC=6.1453e+00 r1=1.0979e+02 r2=8.4998e+02 p=6.5000e-01 epsV=1.5000e+00 epsZ=8.0000e-01 
New pars ( 103): DC=6.1453e+00 r1=1.0979e+02 r2=8.5000e+02 p=6.5014e-01 epsV=1.5000e+00 epsZ=8.0000e-01 
New pars ( 104): DC=6.1453e+00 r1=1.0979e+02 r2=8.5000e+02 p=6.4986e-01 epsV=1.5000e+00 epsZ=8.0000e-01 
New pars ( 105): DC=6.1453e+00 r1=1.0979e+02 r2=8.5000e+02 p=6.5000e-01 epsV=1.5005e+00 epsZ=8.0000e-01 
New pars ( 106): DC=6.1453e+00 r1=1.0979e+02 r2=8.4998e+02 p=6.5000e-01 epsV=1.5000e+00 epsZ=8.0000e-01 
New pars ( 107): DC=6.1453e+00 r1=1.0979e+02 r2=8.4990e+02 p=6.5000e-01 epsV=1.5000e+00 epsZ=8.0000e-01 
New pars ( 108): DC=6.1453e+00 r1=1.0979e+02 r2=8.4969e+02 p=6.5000e-01 epsV=1.5000e+00 epsZ=8.0000e-01 
New pars ( 109): DC=6.1453e+00 r1=1.0979e+02 r2=8.4906e+02 p=6.5000e-01 epsV=1.5000e+00 epsZ=8.0000e-01 
New pars ( 110): DC=6.1453e+00 r1=1.0979e+02 r2=8.4719e+02 p=6.5000e-01 epsV=1.5000e+00 epsZ=8.0000e-01 
New pars ( 111): DC=6.1453e+00 r1=1.0979e+02 r2=8.4158e+02 p=6.5000e-01 epsV=1.5000e+00 epsZ=8.0000e-01 
New pars ( 112): DC=6.1453e+00 r1=1.0979e+02 r2=8.2921e+02 p=6.5000e-01 epsV=1.5000e+00 epsZ=8.0000e-01 
New pars ( 113): DC=6.1474e+00 r1=1.0979e+02 r2=8.2921e+02 p=6.5000e-01 epsV=1.5000e+00 epsZ=8.0000e-01 
New pars ( 114): DC=6.1432e+00 r1=1.0979e+02 r2=8.2921e+02 p=6.5000e-01 epsV=1.5000e+00 epsZ=8.0000e-01 
New pars ( 115): DC=6.1453e+00 r1=1.0982e+02 r2=8.2921e+02 p=6.5000e-01 epsV=1.5000e+00 epsZ=8.0000e-01 
New pars ( 116): DC=6.1453e+00 r1=1.0975e+02 r2=8.2921e+02 p=6.5000e-01 epsV=1.5000e+00 epsZ=8.0000e-01 
New pars ( 117): DC=6.1453e+00 r1=1.0979e+02 r2=8.2925e+02 p=6.5000e-01 epsV=1.5000e+00 epsZ=8.0000e-01 
New pars ( 118): DC=6.1453e+00 r1=1.0979e+02 r2=8.2918e+02 p=6.5000e-01 epsV=1.5000e+00 epsZ=8.0000e-01 
New pars ( 119): DC=6.1453e+00 r1=1.0979e+02 r2=8.2931e+02 p=6.5000e-01 epsV=1.5000e+00 epsZ=8.0000e-01 
New pars ( 120): DC=6.1453e+00 r1=1.0979e+02 r2=8.2912e+02 p=6.5000e-01 epsV=1.5000e+00 epsZ=8.0000e-01 
New pars ( 121): DC=6.1453e+00 r1=1.0979e+02 r2=8.2921e+02 p=6.5013e-01 epsV=1.5000e+00 epsZ=8.0000e-01 
New pars ( 122): DC=6.1453e+00 r1=1.0979e+02 r2=8.2921e+02 p=6.4987e-01 epsV=1.5000e+00 epsZ=8.0000e-01 
New pars ( 123): DC=6.1453e+00 r1=1.0979e+02 r2=8.2921e+02 p=6.5000e-01 epsV=1.5005e+00 epsZ=8.0000e-01 
New pars ( 124): DC=5.7278e+00 r1=4.9463e+01 r2=7.1175e+02 p=3.8810e-01 epsV=9.9248e-01 epsZ=2.4233e-01 
New pars ( 125): DC=6.0430e+00 r1=9.5012e+01 r2=8.0044e+02 p=5.8585e-01 epsV=1.3757e+00 epsZ=6.6340e-01 
New pars ( 126): DC=6.0442e+00 r1=9.5012e+01 r2=8.0044e+02 p=5.8585e-01 epsV=1.3757e+00 epsZ=6.6340e-01 
New pars ( 127): DC=6.0418e+00 r1=9.5012e+01 r2=8.0044e+02 p=5.8585e-01 epsV=1.3757e+00 epsZ=6.6340e-01 
New pars ( 128): DC=6.0430e+00 r1=9.5031e+01 r2=8.0044e+02 p=5.8585e-01 epsV=1.3757e+00 epsZ=6.6340e-01 
New pars ( 129): DC=6.0430e+00 r1=9.4993e+01 r2=8.0044e+02 p=5.8585e-01 epsV=1.3757e+00 epsZ=6.6340e-01 
New pars ( 130): DC=6.0430e+00 r1=9.5026e+01 r2=8.0044e+02 p=5.8585e-01 epsV=1.3757e+00 epsZ=6.6340e-01 
New pars ( 131): DC=6.0430e+00 r1=9.4998e+01 r2=8.0044e+02 p=5.8585e-01 epsV=1.3757e+00 epsZ=6.6340e-01 
New pars ( 132): DC=6.0430e+00 r1=9.5012e+01 r2=8.0048e+02 p=5.8585e-01 epsV=1.3757e+00 epsZ=6.6340e-01 
New pars ( 133): DC=6.0430e+00 r1=9.5012e+01 r2=8.0040e+02 p=5.8585e-01 epsV=1.3757e+00 epsZ=6.6340e-01 
New pars ( 134): DC=6.0430e+00 r1=9.5012e+01 r2=8.0046e+02 p=5.8585e-01 epsV=1.3757e+00 epsZ=6.6340e-01 
New pars ( 135): DC=6.0430e+00 r1=9.5012e+01 r2=8.0042e+02 p=5.8585e-01 epsV=1.3757e+00 epsZ=6.6340e-01 
New pars ( 136): DC=6.0430e+00 r1=9.5012e+01 r2=8.0044e+02 p=5.8592e-01 epsV=1.3757e+00 epsZ=6.6340e-01 
New pars ( 137): DC=6.0430e+00 r1=9.5012e+01 r2=8.0044e+02 p=5.8578e-01 epsV=1.3757e+00 epsZ=6.6340e-01 
New pars ( 138): DC=6.0430e+00 r1=9.5012e+01 r2=8.0044e+02 p=5.8588e-01 epsV=1.3757e+00 epsZ=6.6340e-01 
New pars ( 139): DC=6.0430e+00 r1=9.5012e+01 r2=8.0044e+02 p=5.8582e-01 epsV=1.3757e+00 epsZ=6.6340e-01 
New pars ( 140): DC=6.0430e+00 r1=9.5012e+01 r2=8.0044e+02 p=5.8585e-01 epsV=1.3759e+00 epsZ=6.6340e-01 
New pars ( 141): DC=7.5283e+00 r1=8.7994e+01 r2=7.9671e+02 p=4.9344e-01 epsV=1.5293e+00 epsZ=8.5101e-01 
New pars ( 142): DC=7.2960e+00 r1=8.9092e+01 r2=7.9729e+02 p=5.0789e-01 epsV=1.5053e+00 epsZ=8.2167e-01 
New pars ( 143): DC=7.2962e+00 r1=8.9092e+01 r2=7.9729e+02 p=5.0789e-01 epsV=1.5053e+00 epsZ=8.2167e-01 
New pars ( 144): DC=7.2957e+00 r1=8.9092e+01 r2=7.9729e+02 p=5.0789e-01 epsV=1.5053e+00 epsZ=8.2167e-01 
New pars ( 145): DC=7.2964e+00 r1=8.9092e+01 r2=7.9729e+02 p=5.0789e-01 epsV=1.5053e+00 epsZ=8.2167e-01 
New pars ( 146): DC=7.2956e+00 r1=8.9092e+01 r2=7.9729e+02 p=5.0789e-01 epsV=1.5053e+00 epsZ=8.2167e-01 
New pars ( 147): DC=7.2960e+00 r1=8.9094e+01 r2=7.9729e+02 p=5.0789e-01 epsV=1.5053e+00 epsZ=8.2167e-01 
New pars ( 148): DC=7.2960e+00 r1=8.9089e+01 r2=7.9729e+02 p=5.0789e-01 epsV=1.5053e+00 epsZ=8.2167e-01 
New pars ( 149): DC=7.2960e+00 r1=8.9092e+01 r2=7.9730e+02 p=5.0789e-01 epsV=1.5053e+00 epsZ=8.2167e-01 
New pars ( 150): DC=7.2960e+00 r1=8.9092e+01 r2=7.9729e+02 p=5.0789e-01 epsV=1.5053e+00 epsZ=8.2167e-01 
New pars ( 151): DC=7.2960e+00 r1=8.9092e+01 r2=7.9729e+02 p=5.0789e-01 epsV=1.5053e+00 epsZ=8.2167e-01 
New pars ( 152): DC=7.2960e+00 r1=8.9092e+01 r2=7.9729e+02 p=5.0789e-01 epsV=1.5053e+00 epsZ=8.2167e-01 
New pars ( 153): DC=7.2960e+00 r1=8.9092e+01 r2=7.9729e+02 p=5.0789e-01 epsV=1.5053e+00 epsZ=8.2167e-01 
New pars ( 154): DC=7.2960e+00 r1=8.9092e+01 r2=7.9729e+02 p=5.0789e-01 epsV=1.5053e+00 epsZ=8.2167e-01 
New pars ( 155): DC=7.2960e+00 r1=8.9092e+01 r2=7.9729e+02 p=5.0789e-01 epsV=1.5053e+00 epsZ=8.2167e-01 
New pars ( 156): DC=7.2960e+00 r1=8.9092e+01 r2=7.9729e+02 p=5.0789e-01 epsV=1.5053e+00 epsZ=8.2167e-01 
New pars ( 157): DC=7.2960e+00 r1=8.9092e+01 r2=7.9729e+02 p=5.0789e-01 epsV=1.5053e+00 epsZ=8.2167e-01 
New pars ( 158): DC=7.3408e+00 r1=8.9965e+01 r2=7.9535e+02 p=5.0481e-01 epsV=1.4920e+00 epsZ=8.1274e-01 
New pars ( 159): DC=7.3585e+00 r1=9.0310e+01 r2=7.9458e+02 p=5.0359e-01 epsV=1.4868e+00 epsZ=8.0920e-01 
New pars ( 160): DC=7.3589e+00 r1=9.0310e+01 r2=7.9458e+02 p=5.0359e-01 epsV=1.4868e+00 epsZ=8.0920e-01 
New pars ( 161): DC=7.3582e+00 r1=9.0310e+01 r2=7.9458e+02 p=5.0359e-01 epsV=1.4868e+00 epsZ=8.0920e-01 
New pars ( 162): DC=7.3588e+00 r1=9.0310e+01 r2=7.9458e+02 p=5.0359e-01 epsV=1.4868e+00 epsZ=8.0920e-01 
New pars ( 163): DC=7.3583e+00 r1=9.0310e+01 r2=7.9458e+02 p=5.0359e-01 epsV=1.4868e+00 epsZ=8.0920e-01 
New pars ( 164): DC=7.3585e+00 r1=9.0312e+01 r2=7.9458e+02 p=5.0359e-01 epsV=1.4868e+00 epsZ=8.0920e-01 
New pars ( 165): DC=7.3585e+00 r1=9.0308e+01 r2=7.9458e+02 p=5.0359e-01 epsV=1.4868e+00 epsZ=8.0920e-01 
New pars ( 166): DC=7.3585e+00 r1=9.0310e+01 r2=7.9458e+02 p=5.0359e-01 epsV=1.4868e+00 epsZ=8.0920e-01 
New pars ( 167): DC=7.3585e+00 r1=9.0310e+01 r2=7.9458e+02 p=5.0359e-01 epsV=1.4868e+00 epsZ=8.0920e-01 
New pars ( 168): DC=7.3585e+00 r1=9.0310e+01 r2=7.9458e+02 p=5.0360e-01 epsV=1.4868e+00 epsZ=8.0920e-01 
New pars ( 169): DC=7.3585e+00 r1=9.0310e+01 r2=7.9458e+02 p=5.0359e-01 epsV=1.4868e+00 epsZ=8.0920e-01 
New pars ( 170): DC=7.3585e+00 r1=9.0310e+01 r2=7.9458e+02 p=5.0359e-01 epsV=1.4868e+00 epsZ=8.0920e-01 
New pars ( 171): DC=7.3994e+00 r1=9.1782e+01 r2=7.9336e+02 p=5.0172e-01 epsV=1.4871e+00 epsZ=7.9705e-01 
New pars ( 172): DC=7.5628e+00 r1=9.7672e+01 r2=7.8846e+02 p=4.9424e-01 epsV=1.4883e+00 epsZ=7.4845e-01 
New pars ( 173): DC=7.5630e+00 r1=9.7672e+01 r2=7.8846e+02 p=4.9424e-01 epsV=1.4883e+00 epsZ=7.4845e-01 
New pars ( 174): DC=7.5626e+00 r1=9.7672e+01 r2=7.8846e+02 p=4.9424e-01 epsV=1.4883e+00 epsZ=7.4845e-01 
New pars ( 175): DC=7.5632e+00 r1=9.7672e+01 r2=7.8846e+02 p=4.9424e-01 epsV=1.4883e+00 epsZ=7.4845e-01 
New pars ( 176): DC=7.5625e+00 r1=9.7672e+01 r2=7.8846e+02 p=4.9424e-01 epsV=1.4883e+00 epsZ=7.4845e-01 
New pars ( 177): DC=7.5628e+00 r1=9.7675e+01 r2=7.8846e+02 p=4.9424e-01 epsV=1.4883e+00 epsZ=7.4845e-01 
New pars ( 178): DC=7.5628e+00 r1=9.7670e+01 r2=7.8846e+02 p=4.9424e-01 epsV=1.4883e+00 epsZ=7.4845e-01 
New pars ( 179): DC=7.5628e+00 r1=9.7672e+01 r2=7.8846e+02 p=4.9424e-01 epsV=1.4883e+00 epsZ=7.4845e-01 
New pars ( 180): DC=7.5628e+00 r1=9.7672e+01 r2=7.8846e+02 p=4.9424e-01 epsV=1.4883e+00 epsZ=7.4845e-01 
New pars ( 181): DC=7.5628e+00 r1=9.7672e+01 r2=7.8846e+02 p=4.9424e-01 epsV=1.4883e+00 epsZ=7.4845e-01 
New pars ( 182): DC=7.5628e+00 r1=9.7672e+01 r2=7.8846e+02 p=4.9424e-01 epsV=1.4883e+00 epsZ=7.4845e-01 
New pars ( 183): DC=7.5628e+00 r1=9.7672e+01 r2=7.8846e+02 p=4.9425e-01 epsV=1.4883e+00 epsZ=7.4845e-01 
New pars ( 184): DC=7.5628e+00 r1=9.7672e+01 r2=7.8846e+02 p=4.9424e-01 epsV=1.4883e+00 epsZ=7.4845e-01 
New pars ( 185): DC=7.5628e+00 r1=9.7672e+01 r2=7.8846e+02 p=4.9424e-01 epsV=1.4883e+00 epsZ=7.4845e-01 
New pars ( 186): DC=7.5628e+00 r1=9.7672e+01 r2=7.8846e+02 p=4.9424e-01 epsV=1.4883e+00 epsZ=7.4845e-01 
New pars ( 187): DC=7.5628e+00 r1=9.7672e+01 r2=7.8846e+02 p=4.9424e-01 epsV=1.4883e+00 epsZ=7.4845e-01 
New pars ( 188): DC=7.5328e+00 r1=1.0010e+02 r2=7.8694e+02 p=4.9367e-01 epsV=1.4868e+00 epsZ=7.3123e-01 
New pars ( 189): DC=7.5121e+00 r1=1.0178e+02 r2=7.8588e+02 p=4.9327e-01 epsV=1.4858e+00 epsZ=7.1933e-01 
New pars ( 190): DC=7.5124e+00 r1=1.0178e+02 r2=7.8588e+02 p=4.9327e-01 epsV=1.4858e+00 epsZ=7.1933e-01 
New pars ( 191): DC=7.5118e+00 r1=1.0178e+02 r2=7.8588e+02 p=4.9327e-01 epsV=1.4858e+00 epsZ=7.1933e-01 
New pars ( 192): DC=7.5123e+00 r1=1.0178e+02 r2=7.8588e+02 p=4.9327e-01 epsV=1.4858e+00 epsZ=7.1933e-01 
New pars ( 193): DC=7.5119e+00 r1=1.0178e+02 r2=7.8588e+02 p=4.9327e-01 epsV=1.4858e+00 epsZ=7.1933e-01 
New pars ( 194): DC=7.5121e+00 r1=1.0178e+02 r2=7.8588e+02 p=4.9327e-01 epsV=1.4858e+00 epsZ=7.1933e-01 
New pars ( 195): DC=7.5121e+00 r1=1.0178e+02 r2=7.8588e+02 p=4.9327e-01 epsV=1.4858e+00 epsZ=7.1933e-01 
New pars ( 196): DC=7.5121e+00 r1=1.0178e+02 r2=7.8588e+02 p=4.9327e-01 epsV=1.4858e+00 epsZ=7.1933e-01 
New pars ( 197): DC=7.5121e+00 r1=1.0178e+02 r2=7.8588e+02 p=4.9327e-01 epsV=1.4858e+00 epsZ=7.1933e-01 
New pars ( 198): DC=7.5121e+00 r1=1.0178e+02 r2=7.8588e+02 p=4.9327e-01 epsV=1.4858e+00 epsZ=7.1933e-01 
New pars ( 199): DC=7.5121e+00 r1=1.0178e+02 r2=7.8588e+02 p=4.9327e-01 epsV=1.4858e+00 epsZ=7.1933e-01 
New pars ( 200): DC=7.5121e+00 r1=1.0178e+02 r2=7.8588e+02 p=4.9327e-01 epsV=1.4858e+00 epsZ=7.1933e-01 
New pars ( 201): DC=7.5121e+00 r1=1.0178e+02 r2=7.8588e+02 p=4.9327e-01 epsV=1.4858e+00 epsZ=7.1933e-01 
New pars ( 202): DC=7.5121e+00 r1=1.0178e+02 r2=7.8588e+02 p=4.9327e-01 epsV=1.4858e+00 epsZ=7.1933e-01 
New pars ( 203): DC=7.4765e+00 r1=1.0249e+02 r2=7.8547e+02 p=4.9075e-01 epsV=1.4898e+00 epsZ=7.1886e-01 
New pars ( 204): DC=7.3692e+00 r1=1.0464e+02 r2=7.8422e+02 p=4.8313e-01 epsV=1.5017e+00 epsZ=7.1743e-01 
New pars ( 205): DC=7.3694e+00 r1=1.0464e+02 r2=7.8422e+02 p=4.8313e-01 epsV=1.5017e+00 epsZ=7.1743e-01 
New pars ( 206): DC=7.3690e+00 r1=1.0464e+02 r2=7.8422e+02 p=4.8313e-01 epsV=1.5017e+00 epsZ=7.1743e-01 
New pars ( 207): DC=7.3692e+00 r1=1.0464e+02 r2=7.8422e+02 p=4.8313e-01 epsV=1.5017e+00 epsZ=7.1743e-01 
New pars ( 208): DC=7.3692e+00 r1=1.0464e+02 r2=7.8422e+02 p=4.8313e-01 epsV=1.5017e+00 epsZ=7.1743e-01 
New pars ( 209): DC=7.3692e+00 r1=1.0464e+02 r2=7.8422e+02 p=4.8313e-01 epsV=1.5017e+00 epsZ=7.1743e-01 
New pars ( 210): DC=7.3692e+00 r1=1.0464e+02 r2=7.8422e+02 p=4.8313e-01 epsV=1.5017e+00 epsZ=7.1743e-01 
New pars ( 211): DC=7.3692e+00 r1=1.0464e+02 r2=7.8422e+02 p=4.8313e-01 epsV=1.5017e+00 epsZ=7.1743e-01 
New pars ( 212): DC=7.3692e+00 r1=1.0464e+02 r2=7.8422e+02 p=4.8313e-01 epsV=1.5017e+00 epsZ=7.1743e-01 
New pars ( 213): DC=7.3692e+00 r1=1.0464e+02 r2=7.8422e+02 p=4.8313e-01 epsV=1.5017e+00 epsZ=7.1743e-01 
New pars ( 214): DC=7.3692e+00 r1=1.0464e+02 r2=7.8422e+02 p=4.8313e-01 epsV=1.5017e+00 epsZ=7.1743e-01 
New pars ( 215): DC=7.3692e+00 r1=1.0464e+02 r2=7.8422e+02 p=4.8313e-01 epsV=1.5017e+00 epsZ=7.1743e-01 
New pars ( 216): DC=7.3692e+00 r1=1.0464e+02 r2=7.8422e+02 p=4.8313e-01 epsV=1.5017e+00 epsZ=7.1743e-01 
New pars ( 217): DC=7.3692e+00 r1=1.0464e+02 r2=7.8422e+02 p=4.8313e-01 epsV=1.5017e+00 epsZ=7.1743e-01 
New pars ( 218): DC=7.3716e+00 r1=1.0460e+02 r2=7.8425e+02 p=4.8333e-01 epsV=1.5017e+00 epsZ=7.1743e-01 
New pars ( 219): DC=7.3718e+00 r1=1.0460e+02 r2=7.8425e+02 p=4.8333e-01 epsV=1.5017e+00 epsZ=7.1743e-01 
New pars ( 220): DC=7.3714e+00 r1=1.0460e+02 r2=7.8425e+02 p=4.8333e-01 epsV=1.5017e+00 epsZ=7.1743e-01 
New pars ( 221): DC=7.3716e+00 r1=1.0461e+02 r2=7.8425e+02 p=4.8333e-01 epsV=1.5017e+00 epsZ=7.1743e-01 
New pars ( 222): DC=7.3716e+00 r1=1.0460e+02 r2=7.8425e+02 p=4.8333e-01 epsV=1.5017e+00 epsZ=7.1743e-01 
New pars ( 223): DC=7.3716e+00 r1=1.0460e+02 r2=7.8426e+02 p=4.8333e-01 epsV=1.5017e+00 epsZ=7.1743e-01 
New pars ( 224): DC=7.3716e+00 r1=1.0460e+02 r2=7.8425e+02 p=4.8333e-01 epsV=1.5017e+00 epsZ=7.1743e-01 
New pars ( 225): DC=7.3716e+00 r1=1.0460e+02 r2=7.8426e+02 p=4.8333e-01 epsV=1.5017e+00 epsZ=7.1743e-01 
New pars ( 226): DC=7.3716e+00 r1=1.0460e+02 r2=7.8425e+02 p=4.8333e-01 epsV=1.5017e+00 epsZ=7.1743e-01 
New pars ( 227): DC=7.3716e+00 r1=1.0460e+02 r2=7.8425e+02 p=4.8333e-01 epsV=1.5017e+00 epsZ=7.1743e-01 
New pars ( 228): DC=7.3716e+00 r1=1.0460e+02 r2=7.8425e+02 p=4.8332e-01 epsV=1.5017e+00 epsZ=7.1743e-01 
New pars ( 229): DC=7.3716e+00 r1=1.0460e+02 r2=7.8425e+02 p=4.8333e-01 epsV=1.5017e+00 epsZ=7.1743e-01 
New pars ( 230): DC=7.3716e+00 r1=1.0460e+02 r2=7.8425e+02 p=4.8332e-01 epsV=1.5017e+00 epsZ=7.1743e-01 
New pars ( 231): DC=7.3716e+00 r1=1.0460e+02 r2=7.8425e+02 p=4.8333e-01 epsV=1.5017e+00 epsZ=7.1743e-01 
New pars ( 232): DC=7.3716e+00 r1=1.0460e+02 r2=7.8425e+02 p=4.8333e-01 epsV=1.5016e+00 epsZ=7.1750e-01 
New pars ( 233): DC=7.3716e+00 r1=1.0461e+02 r2=7.8424e+02 p=4.8333e-01 epsV=1.5015e+00 epsZ=7.1772e-01 
New pars ( 234): DC=7.3717e+00 r1=1.0461e+02 r2=7.8421e+02 p=4.8333e-01 epsV=1.5013e+00 epsZ=7.1828e-01 
New pars ( 235): DC=7.3720e+00 r1=1.0461e+02 r2=7.8421e+02 p=4.8333e-01 epsV=1.5013e+00 epsZ=7.1828e-01 
New pars ( 236): DC=7.3715e+00 r1=1.0461e+02 r2=7.8421e+02 p=4.8333e-01 epsV=1.5013e+00 epsZ=7.1828e-01 
New pars ( 237): DC=7.3717e+00 r1=1.0462e+02 r2=7.8421e+02 p=4.8333e-01 epsV=1.5013e+00 epsZ=7.1828e-01 
New pars ( 238): DC=7.3717e+00 r1=1.0461e+02 r2=7.8421e+02 p=4.8333e-01 epsV=1.5013e+00 epsZ=7.1828e-01 
New pars ( 239): DC=7.3717e+00 r1=1.0461e+02 r2=7.8421e+02 p=4.8333e-01 epsV=1.5013e+00 epsZ=7.1828e-01 
New pars ( 240): DC=7.3717e+00 r1=1.0461e+02 r2=7.8420e+02 p=4.8333e-01 epsV=1.5013e+00 epsZ=7.1828e-01 
New pars ( 241): DC=7.3717e+00 r1=1.0461e+02 r2=7.8421e+02 p=4.8334e-01 epsV=1.5013e+00 epsZ=7.1828e-01 
New pars ( 242): DC=7.3717e+00 r1=1.0461e+02 r2=7.8421e+02 p=4.8333e-01 epsV=1.5013e+00 epsZ=7.1828e-01 
New pars ( 243): DC=7.3717e+00 r1=1.0461e+02 r2=7.8421e+02 p=4.8334e-01 epsV=1.5013e+00 epsZ=7.1828e-01 
New pars ( 244): DC=7.3717e+00 r1=1.0461e+02 r2=7.8421e+02 p=4.8332e-01 epsV=1.5013e+00 epsZ=7.1828e-01 
New pars ( 245): DC=7.3717e+00 r1=1.0461e+02 r2=7.8421e+02 p=4.8333e-01 epsV=1.5013e+00 epsZ=7.1828e-01 
New pars ( 246): DC=7.3718e+00 r1=1.0463e+02 r2=7.8416e+02 p=4.8334e-01 epsV=1.5010e+00 epsZ=7.1911e-01 
New pars ( 247): DC=7.3721e+00 r1=1.0470e+02 r2=7.8397e+02 p=4.8339e-01 epsV=1.5000e+00 epsZ=7.2242e-01 
New pars ( 248): DC=7.3727e+00 r1=1.0488e+02 r2=7.8349e+02 p=4.8349e-01 epsV=1.4975e+00 epsZ=7.3070e-01 
New pars ( 249): DC=7.3731e+00 r1=1.0498e+02 r2=7.8325e+02 p=4.8355e-01 epsV=1.4962e+00 epsZ=7.3489e-01 
New pars ( 250): DC=7.3733e+00 r1=1.0498e+02 r2=7.8325e+02 p=4.8355e-01 epsV=1.4962e+00 epsZ=7.3489e-01 
New pars ( 251): DC=7.3729e+00 r1=1.0498e+02 r2=7.8325e+02 p=4.8355e-01 epsV=1.4962e+00 epsZ=7.3489e-01 
New pars ( 252): DC=7.3731e+00 r1=1.0498e+02 r2=7.8325e+02 p=4.8355e-01 epsV=1.4962e+00 epsZ=7.3489e-01 
New pars ( 253): DC=7.3731e+00 r1=1.0497e+02 r2=7.8325e+02 p=4.8355e-01 epsV=1.4962e+00 epsZ=7.3489e-01 
New pars ( 254): DC=7.3731e+00 r1=1.0498e+02 r2=7.8326e+02 p=4.8355e-01 epsV=1.4962e+00 epsZ=7.3489e-01 
New pars ( 255): DC=7.3731e+00 r1=1.0498e+02 r2=7.8324e+02 p=4.8355e-01 epsV=1.4962e+00 epsZ=7.3489e-01 
New pars ( 256): DC=7.3731e+00 r1=1.0498e+02 r2=7.8325e+02 p=4.8356e-01 epsV=1.4962e+00 epsZ=7.3489e-01 
New pars ( 257): DC=7.3731e+00 r1=1.0498e+02 r2=7.8325e+02 p=4.8354e-01 epsV=1.4962e+00 epsZ=7.3489e-01 
New pars ( 258): DC=7.3731e+00 r1=1.0498e+02 r2=7.8325e+02 p=4.8355e-01 epsV=1.4962e+00 epsZ=7.3489e-01 
New pars ( 259): DC=7.3736e+00 r1=1.0496e+02 r2=7.8325e+02 p=4.8363e-01 epsV=1.4961e+00 epsZ=7.3528e-01 
New pars ( 260): DC=7.3738e+00 r1=1.0496e+02 r2=7.8325e+02 p=4.8363e-01 epsV=1.4961e+00 epsZ=7.3528e-01 
New pars ( 261): DC=7.3734e+00 r1=1.0496e+02 r2=7.8325e+02 p=4.8363e-01 epsV=1.4961e+00 epsZ=7.3528e-01 
New pars ( 262): DC=7.3736e+00 r1=1.0496e+02 r2=7.8325e+02 p=4.8363e-01 epsV=1.4961e+00 epsZ=7.3528e-01 
New pars ( 263): DC=7.3736e+00 r1=1.0495e+02 r2=7.8325e+02 p=4.8363e-01 epsV=1.4961e+00 epsZ=7.3528e-01 
New pars ( 264): DC=7.3736e+00 r1=1.0496e+02 r2=7.8326e+02 p=4.8363e-01 epsV=1.4961e+00 epsZ=7.3528e-01 
New pars ( 265): DC=7.3736e+00 r1=1.0496e+02 r2=7.8325e+02 p=4.8363e-01 epsV=1.4961e+00 epsZ=7.3528e-01 
New pars ( 266): DC=7.3736e+00 r1=1.0496e+02 r2=7.8325e+02 p=4.8364e-01 epsV=1.4961e+00 epsZ=7.3528e-01 
New pars ( 267): DC=7.3736e+00 r1=1.0496e+02 r2=7.8325e+02 p=4.8362e-01 epsV=1.4961e+00 epsZ=7.3528e-01 
New pars ( 268): DC=7.3736e+00 r1=1.0496e+02 r2=7.8325e+02 p=4.8363e-01 epsV=1.4961e+00 epsZ=7.3528e-01 
New pars ( 269): DC=7.3736e+00 r1=1.0496e+02 r2=7.8326e+02 p=4.8363e-01 epsV=1.4961e+00 epsZ=7.3528e-01 
New pars ( 270): DC=7.3736e+00 r1=1.0496e+02 r2=7.8325e+02 p=4.8363e-01 epsV=1.4961e+00 epsZ=7.3528e-01 
New pars ( 271): DC=7.3736e+00 r1=1.0496e+02 r2=7.8325e+02 p=4.8363e-01 epsV=1.4961e+00 epsZ=7.3528e-01 
New pars ( 272): DC=7.3738e+00 r1=1.0496e+02 r2=7.8325e+02 p=4.8363e-01 epsV=1.4961e+00 epsZ=7.3528e-01 
New pars ( 273): DC=7.3734e+00 r1=1.0496e+02 r2=7.8325e+02 p=4.8363e-01 epsV=1.4961e+00 epsZ=7.3528e-01 
New pars ( 274): DC=7.3736e+00 r1=1.0496e+02 r2=7.8325e+02 p=4.8363e-01 epsV=1.4961e+00 epsZ=7.3528e-01 
New pars ( 275): DC=7.3736e+00 r1=1.0495e+02 r2=7.8325e+02 p=4.8363e-01 epsV=1.4961e+00 epsZ=7.3528e-01 
New pars ( 276): DC=7.3736e+00 r1=1.0496e+02 r2=7.8326e+02 p=4.8363e-01 epsV=1.4961e+00 epsZ=7.3528e-01 
New pars ( 277): DC=7.3736e+00 r1=1.0496e+02 r2=7.8325e+02 p=4.8363e-01 epsV=1.4961e+00 epsZ=7.3528e-01 
New pars ( 278): DC=7.3736e+00 r1=1.0496e+02 r2=7.8325e+02 p=4.8364e-01 epsV=1.4961e+00 epsZ=7.3528e-01 
New pars ( 279): DC=7.3736e+00 r1=1.0496e+02 r2=7.8325e+02 p=4.8362e-01 epsV=1.4961e+00 epsZ=7.3528e-01 
New pars ( 280): DC=7.3736e+00 r1=1.0496e+02 r2=7.8325e+02 p=4.8363e-01 epsV=1.4961e+00 epsZ=7.3528e-01 
New pars ( 281): DC=7.3736e+00 r1=1.0496e+02 r2=7.8325e+02 p=4.8363e-01 epsV=1.4961e+00 epsZ=7.3528e-01 
New pars ( 282): DC=7.3736e+00 r1=1.0496e+02 r2=7.8325e+02 p=4.8363e-01 epsV=1.4961e+00 epsZ=7.3528e-01 
New pars ( 283): DC=7.3736e+00 r1=1.0496e+02 r2=7.8325e+02 p=4.8363e-01 epsV=1.4961e+00 epsZ=7.3528e-01 
New pars ( 284): DC=7.3736e+00 r1=1.0496e+02 r2=7.8325e+02 p=4.8363e-01 epsV=1.4961e+00 epsZ=7.3528e-01 
New pars ( 285): DC=7.3736e+00 r1=1.0496e+02 r2=7.8325e+02 p=4.8363e-01 epsV=1.4961e+00 epsZ=7.3528e-01 
New pars ( 286): DC=7.3736e+00 r1=1.0496e+02 r2=7.8325e+02 p=4.8363e-01 epsV=1.4961e+00 epsZ=7.3528e-01 
New pars ( 287): DC=7.3736e+00 r1=1.0496e+02 r2=7.8325e+02 p=4.8363e-01 epsV=1.4961e+00 epsZ=7.3528e-01 
New pars ( 288): DC=7.3736e+00 r1=1.0496e+02 r2=7.8325e+02 p=4.8363e-01 epsV=1.4961e+00 epsZ=7.3528e-01 
New pars ( 289): DC=7.3736e+00 r1=1.0496e+02 r2=7.8326e+02 p=4.8363e-01 epsV=1.4961e+00 epsZ=7.3528e-01 
New pars ( 290): DC=7.3736e+00 r1=1.0496e+02 r2=7.8325e+02 p=4.8363e-01 epsV=1.4961e+00 epsZ=7.3528e-01 
New pars ( 291): DC=7.3736e+00 r1=1.0496e+02 r2=7.8325e+02 p=4.8363e-01 epsV=1.4961e+00 epsZ=7.3528e-01 
New pars ( 292): DC=7.3736e+00 r1=1.0496e+02 r2=7.8325e+02 p=4.8363e-01 epsV=1.4961e+00 epsZ=7.3528e-01 
New pars ( 293): DC=7.3736e+00 r1=1.0496e+02 r2=7.8325e+02 p=4.8364e-01 epsV=1.4961e+00 epsZ=7.3528e-01 
New pars ( 294): DC=7.3736e+00 r1=1.0496e+02 r2=7.8325e+02 p=4.8363e-01 epsV=1.4961e+00 epsZ=7.3528e-01 
New pars ( 295): DC=7.3736e+00 r1=1.0496e+02 r2=7.8325e+02 p=4.8363e-01 epsV=1.4961e+00 epsZ=7.3528e-01 
New pars ( 296): DC=7.3736e+00 r1=1.0496e+02 r2=7.8325e+02 p=4.8363e-01 epsV=1.4961e+00 epsZ=7.3528e-01 
New pars ( 297): DC=7.3736e+00 r1=1.0496e+02 r2=7.8325e+02 p=4.8363e-01 epsV=1.4961e+00 epsZ=7.3528e-01 
New pars ( 298): DC=7.3738e+00 r1=1.0496e+02 r2=7.8325e+02 p=4.8363e-01 epsV=1.4961e+00 epsZ=7.3528e-01 
New pars ( 299): DC=7.3738e+00 r1=1.0496e+02 r2=7.8326e+02 p=4.8363e-01 epsV=1.4961e+00 epsZ=7.3528e-01 
New pars ( 300): DC=7.3736e+00 r1=1.0496e+02 r2=7.8326e+02 p=4.8363e-01 epsV=1.4961e+00 epsZ=7.3528e-01 
New pars ( 301): DC=7.3738e+00 r1=1.0496e+02 r2=7.8325e+02 p=4.8364e-01 epsV=1.4961e+00 epsZ=7.3528e-01 
New pars ( 302): DC=7.3736e+00 r1=1.0496e+02 r2=7.8325e+02 p=4.8364e-01 epsV=1.4961e+00 epsZ=7.3528e-01 
New pars ( 303): DC=7.3736e+00 r1=1.0496e+02 r2=7.8326e+02 p=4.8364e-01 epsV=1.4961e+00 epsZ=7.3528e-01 
New pars ( 304): DC=7.3738e+00 r1=1.0496e+02 r2=7.8325e+02 p=4.8363e-01 epsV=1.4961e+00 epsZ=7.3528e-01 
New pars ( 305): DC=7.3736e+00 r1=1.0496e+02 r2=7.8325e+02 p=4.8363e-01 epsV=1.4961e+00 epsZ=7.3528e-01 
New pars ( 306): DC=7.3736e+00 r1=1.0496e+02 r2=7.8326e+02 p=4.8363e-01 epsV=1.4961e+00 epsZ=7.3528e-01 
New pars ( 307): DC=7.3736e+00 r1=1.0496e+02 r2=7.8325e+02 p=4.8364e-01 epsV=1.4961e+00 epsZ=7.3528e-01 
New pars ( 308): DC=7.3738e+00 r1=1.0496e+02 r2=7.8325e+02 p=4.8363e-01 epsV=1.4961e+00 epsZ=7.3534e-01 
New pars ( 309): DC=7.3736e+00 r1=1.0496e+02 r2=7.8325e+02 p=4.8363e-01 epsV=1.4961e+00 epsZ=7.3534e-01 
New pars ( 310): DC=7.3736e+00 r1=1.0496e+02 r2=7.8326e+02 p=4.8363e-01 epsV=1.4961e+00 epsZ=7.3534e-01 
New pars ( 311): DC=7.3736e+00 r1=1.0496e+02 r2=7.8325e+02 p=4.8364e-01 epsV=1.4961e+00 epsZ=7.3534e-01 
New pars ( 312): DC=7.3736e+00 r1=1.0496e+02 r2=7.8325e+02 p=4.8363e-01 epsV=1.4961e+00 epsZ=7.3534e-01 
New pars ( 313): DC=7.3740e+00 r1=1.0495e+02 r2=7.8334e+02 p=4.8361e-01 epsV=1.4960e+00 epsZ=7.3471e-01 
New pars ( 314): DC=7.3737e+00 r1=1.0496e+02 r2=7.8327e+02 p=4.8363e-01 epsV=1.4961e+00 epsZ=7.3516e-01 
New pars ( 315): DC=7.3736e+00 r1=1.0496e+02 r2=7.8326e+02 p=4.8363e-01 epsV=1.4961e+00 epsZ=7.3526e-01 
New pars ( 316): DC=7.3736e+00 r1=1.0496e+02 r2=7.8325e+02 p=4.8363e-01 epsV=1.4961e+00 epsZ=7.3528e-01 
New pars ( 317): DC=7.3736e+00 r1=1.0496e+02 r2=7.8325e+02 p=4.8363e-01 epsV=1.4961e+00 epsZ=7.3528e-01 
New pars ( 318): DC=7.3736e+00 r1=1.0496e+02 r2=7.8325e+02 p=4.8363e-01 epsV=1.4961e+00 epsZ=7.3528e-01 

Fitting done in 740000 clicks (0.740000 seconds).
Fit status = 4
Cov status = 2

****************************************
         Invalid FitResult  (status = 4 )
****************************************
Minimizer is Minuit / MigradImproved
Chi2                      =      983.372
NDf                       =          978
Edm                       =   0.00035387
NCalls                    =          407
# Cyc's                   =          525                      	 (fixed)
Bin width                 =          250                      	 (fixed)
DC rate                   =       7.3736   +/-   0.0351058   
Rate 1                    =      104.957   +/-   1.6405      
Rate 2                    =      783.255   +/-   5.11121     
Rate 3                    =            0                      	 (fixed)
Capt eff                  =     0.483633   +/-   0.00219575  
Capt ret                  =            1                      	 (fixed)
T eff                     =         0.13                      	 (fixed)
U eff                     =        0.035                      	 (fixed)
V eff                     =      1.49607   +/-   0.00622964  
W eff                     =            0                      	 (fixed)
X eff                     =            1                      	 (fixed)
Y eff                     =            0                      	 (fixed)
Z eff                     =     0.735278   +/-   0.0343537   
T1 loss                   =            0                      	 (fixed)
T2 loss                   =        0.028                      	 (fixed)
T3 loss                   =            0                      	 (fixed)
U1 loss                   =     6.36e-08                      	 (fixed)
U2 loss                   =     6.36e-08                      	 (fixed)
U3 loss                   =        10000                      	 (fixed)

Integrals computed in 380000 clicks (0.380000 seconds).
Errors computed in 850000 clicks (0.850000 seconds).

~~~~~~~~~~~~~~~~~~~~~~~~~~~~~~~~~~~~~~~~~~~~~~~~~~~~~~~~~~~~~~~~~~~~~
NUMBER OF BETAS DETECTED, by population:
~~~~~~~~~~~~~~~~~~~~~~~~~~~~~~~~~~~~~~~~~~~~~~~~~~~~~~~~~~~~~~~~~~~~~
T1 integral = 501613.2 +/- 0.0
U1 integral = 224043.5 +/- 0.0
T2 integral = 1693024.1 +/- 0.0
U2 integral = 2134366.3 +/- 0.0
T3 integral = 0.0 +/- 0.0
U3 integral = 0.1 +/- 0.0
DC integral = 952300.2 +/- 0.0
~~~~~~~~~~~~~~~~~~~~~~~~~~~~~~~~~~~~~~~~~~~~~~~~~~~~~~~~~~~~~~~~~~~~~
Sum of above = 5505347.5 +/- 0.0 <-- no cov in unc
All integral = 5505358.3 +/- 0.0
~~~~~~~~~~~~~~~~~~~~~~~~~~~~~~~~~~~~~~~~~~~~~~~~~~~~~~~~~~~~~~~~~~~~~


BFit2 done. Timer = 3.47 sec.
Elapsed time = 3.4 sec.

